[2025-02-22T21:47:14.912+0000] {processor.py:157} INFO - Started process (PID=47) to work on /home/airflow/.local/lib/python3.10/site-packages/airflow/example_dags/example_xcom.py
[2025-02-22T21:47:14.915+0000] {processor.py:829} INFO - Processing file /home/airflow/.local/lib/python3.10/site-packages/airflow/example_dags/example_xcom.py for tasks to queue
[2025-02-22T21:47:14.922+0000] {logging_mixin.py:154} INFO - [2025-02-22T21:47:14.920+0000] {dagbag.py:536} INFO - Filling up the DagBag from /home/airflow/.local/lib/python3.10/site-packages/airflow/example_dags/example_xcom.py
[2025-02-22T21:47:14.948+0000] {processor.py:839} INFO - DAG(s) dict_keys(['example_xcom']) retrieved from /home/airflow/.local/lib/python3.10/site-packages/airflow/example_dags/example_xcom.py
[2025-02-22T21:47:15.256+0000] {logging_mixin.py:154} INFO - [2025-02-22T21:47:15.255+0000] {manager.py:499} INFO - Created Permission View: %s
[2025-02-22T21:47:15.286+0000] {logging_mixin.py:154} INFO - [2025-02-22T21:47:15.285+0000] {manager.py:499} INFO - Created Permission View: %s
[2025-02-22T21:47:15.311+0000] {logging_mixin.py:154} INFO - [2025-02-22T21:47:15.310+0000] {manager.py:499} INFO - Created Permission View: %s
[2025-02-22T21:47:15.311+0000] {logging_mixin.py:154} INFO - [2025-02-22T21:47:15.311+0000] {dag.py:2941} INFO - Sync 1 DAGs
[2025-02-22T21:47:15.327+0000] {logging_mixin.py:154} INFO - [2025-02-22T21:47:15.327+0000] {dag.py:2963} INFO - Creating ORM DAG for example_xcom
[2025-02-22T21:47:15.359+0000] {logging_mixin.py:154} INFO - [2025-02-22T21:47:15.359+0000] {dag.py:3722} INFO - Setting next_dagrun for example_xcom to 2021-01-01T00:00:00+00:00, run_after=2021-01-01T00:00:00+00:00
[2025-02-22T21:47:15.412+0000] {processor.py:179} INFO - Processing /home/airflow/.local/lib/python3.10/site-packages/airflow/example_dags/example_xcom.py took 0.507 seconds
[2025-02-22T21:48:57.638+0000] {processor.py:157} INFO - Started process (PID=47) to work on /home/airflow/.local/lib/python3.10/site-packages/airflow/example_dags/example_xcom.py
[2025-02-22T21:48:57.640+0000] {processor.py:829} INFO - Processing file /home/airflow/.local/lib/python3.10/site-packages/airflow/example_dags/example_xcom.py for tasks to queue
[2025-02-22T21:48:57.646+0000] {logging_mixin.py:154} INFO - [2025-02-22T21:48:57.645+0000] {dagbag.py:536} INFO - Filling up the DagBag from /home/airflow/.local/lib/python3.10/site-packages/airflow/example_dags/example_xcom.py
[2025-02-22T21:48:57.656+0000] {processor.py:839} INFO - DAG(s) dict_keys(['example_xcom']) retrieved from /home/airflow/.local/lib/python3.10/site-packages/airflow/example_dags/example_xcom.py
[2025-02-22T21:48:57.765+0000] {logging_mixin.py:154} INFO - [2025-02-22T21:48:57.765+0000] {dag.py:2941} INFO - Sync 1 DAGs
[2025-02-22T21:48:57.850+0000] {logging_mixin.py:154} INFO - [2025-02-22T21:48:57.850+0000] {dag.py:3722} INFO - Setting next_dagrun for example_xcom to 2021-01-01T00:00:00+00:00, run_after=2021-01-01T00:00:00+00:00
[2025-02-22T21:48:57.904+0000] {processor.py:179} INFO - Processing /home/airflow/.local/lib/python3.10/site-packages/airflow/example_dags/example_xcom.py took 0.271 seconds
[2025-02-22T21:56:47.996+0000] {processor.py:157} INFO - Started process (PID=47) to work on /home/airflow/.local/lib/python3.10/site-packages/airflow/example_dags/example_xcom.py
[2025-02-22T21:56:48.003+0000] {processor.py:829} INFO - Processing file /home/airflow/.local/lib/python3.10/site-packages/airflow/example_dags/example_xcom.py for tasks to queue
[2025-02-22T21:56:48.009+0000] {logging_mixin.py:154} INFO - [2025-02-22T21:56:48.009+0000] {dagbag.py:536} INFO - Filling up the DagBag from /home/airflow/.local/lib/python3.10/site-packages/airflow/example_dags/example_xcom.py
[2025-02-22T21:56:48.029+0000] {processor.py:839} INFO - DAG(s) dict_keys(['example_xcom']) retrieved from /home/airflow/.local/lib/python3.10/site-packages/airflow/example_dags/example_xcom.py
[2025-02-22T21:56:48.129+0000] {logging_mixin.py:154} INFO - [2025-02-22T21:56:48.128+0000] {dag.py:2941} INFO - Sync 1 DAGs
[2025-02-22T21:56:48.202+0000] {logging_mixin.py:154} INFO - [2025-02-22T21:56:48.202+0000] {dag.py:3722} INFO - Setting next_dagrun for example_xcom to 2021-01-01T00:00:00+00:00, run_after=2021-01-01T00:00:00+00:00
[2025-02-22T21:56:48.265+0000] {processor.py:179} INFO - Processing /home/airflow/.local/lib/python3.10/site-packages/airflow/example_dags/example_xcom.py took 0.279 seconds
[2025-02-22T21:57:18.969+0000] {processor.py:157} INFO - Started process (PID=115) to work on /home/airflow/.local/lib/python3.10/site-packages/airflow/example_dags/example_xcom.py
[2025-02-22T21:57:18.971+0000] {processor.py:829} INFO - Processing file /home/airflow/.local/lib/python3.10/site-packages/airflow/example_dags/example_xcom.py for tasks to queue
[2025-02-22T21:57:18.974+0000] {logging_mixin.py:154} INFO - [2025-02-22T21:57:18.973+0000] {dagbag.py:536} INFO - Filling up the DagBag from /home/airflow/.local/lib/python3.10/site-packages/airflow/example_dags/example_xcom.py
[2025-02-22T21:57:18.980+0000] {processor.py:839} INFO - DAG(s) dict_keys(['example_xcom']) retrieved from /home/airflow/.local/lib/python3.10/site-packages/airflow/example_dags/example_xcom.py
[2025-02-22T21:57:19.077+0000] {logging_mixin.py:154} INFO - [2025-02-22T21:57:19.077+0000] {dag.py:2941} INFO - Sync 1 DAGs
[2025-02-22T21:57:19.164+0000] {logging_mixin.py:154} INFO - [2025-02-22T21:57:19.163+0000] {dag.py:3722} INFO - Setting next_dagrun for example_xcom to 2021-01-01T00:00:00+00:00, run_after=2021-01-01T00:00:00+00:00
[2025-02-22T21:57:19.215+0000] {processor.py:179} INFO - Processing /home/airflow/.local/lib/python3.10/site-packages/airflow/example_dags/example_xcom.py took 0.248 seconds
[2025-02-22T21:59:51.381+0000] {processor.py:157} INFO - Started process (PID=47) to work on /home/airflow/.local/lib/python3.10/site-packages/airflow/example_dags/example_xcom.py
[2025-02-22T21:59:51.383+0000] {processor.py:829} INFO - Processing file /home/airflow/.local/lib/python3.10/site-packages/airflow/example_dags/example_xcom.py for tasks to queue
[2025-02-22T21:59:51.394+0000] {logging_mixin.py:154} INFO - [2025-02-22T21:59:51.392+0000] {dagbag.py:536} INFO - Filling up the DagBag from /home/airflow/.local/lib/python3.10/site-packages/airflow/example_dags/example_xcom.py
[2025-02-22T21:59:51.432+0000] {processor.py:839} INFO - DAG(s) dict_keys(['example_xcom']) retrieved from /home/airflow/.local/lib/python3.10/site-packages/airflow/example_dags/example_xcom.py
[2025-02-22T21:59:51.583+0000] {logging_mixin.py:154} INFO - [2025-02-22T21:59:51.583+0000] {dag.py:2941} INFO - Sync 1 DAGs
[2025-02-22T21:59:51.671+0000] {logging_mixin.py:154} INFO - [2025-02-22T21:59:51.670+0000] {dag.py:3722} INFO - Setting next_dagrun for example_xcom to 2021-01-01T00:00:00+00:00, run_after=2021-01-01T00:00:00+00:00
[2025-02-22T21:59:51.727+0000] {processor.py:179} INFO - Processing /home/airflow/.local/lib/python3.10/site-packages/airflow/example_dags/example_xcom.py took 0.352 seconds
[2025-02-22T22:00:22.172+0000] {processor.py:157} INFO - Started process (PID=115) to work on /home/airflow/.local/lib/python3.10/site-packages/airflow/example_dags/example_xcom.py
[2025-02-22T22:00:22.173+0000] {processor.py:829} INFO - Processing file /home/airflow/.local/lib/python3.10/site-packages/airflow/example_dags/example_xcom.py for tasks to queue
[2025-02-22T22:00:22.175+0000] {logging_mixin.py:154} INFO - [2025-02-22T22:00:22.175+0000] {dagbag.py:536} INFO - Filling up the DagBag from /home/airflow/.local/lib/python3.10/site-packages/airflow/example_dags/example_xcom.py
[2025-02-22T22:00:22.183+0000] {processor.py:839} INFO - DAG(s) dict_keys(['example_xcom']) retrieved from /home/airflow/.local/lib/python3.10/site-packages/airflow/example_dags/example_xcom.py
[2025-02-22T22:00:22.262+0000] {logging_mixin.py:154} INFO - [2025-02-22T22:00:22.261+0000] {dag.py:2941} INFO - Sync 1 DAGs
[2025-02-22T22:00:22.293+0000] {logging_mixin.py:154} INFO - [2025-02-22T22:00:22.293+0000] {dag.py:3722} INFO - Setting next_dagrun for example_xcom to 2021-01-01T00:00:00+00:00, run_after=2021-01-01T00:00:00+00:00
[2025-02-22T22:00:22.327+0000] {processor.py:179} INFO - Processing /home/airflow/.local/lib/python3.10/site-packages/airflow/example_dags/example_xcom.py took 0.158 seconds
[2025-02-22T22:00:52.445+0000] {processor.py:157} INFO - Started process (PID=176) to work on /home/airflow/.local/lib/python3.10/site-packages/airflow/example_dags/example_xcom.py
[2025-02-22T22:00:52.447+0000] {processor.py:829} INFO - Processing file /home/airflow/.local/lib/python3.10/site-packages/airflow/example_dags/example_xcom.py for tasks to queue
[2025-02-22T22:00:52.448+0000] {logging_mixin.py:154} INFO - [2025-02-22T22:00:52.448+0000] {dagbag.py:536} INFO - Filling up the DagBag from /home/airflow/.local/lib/python3.10/site-packages/airflow/example_dags/example_xcom.py
[2025-02-22T22:00:52.455+0000] {processor.py:839} INFO - DAG(s) dict_keys(['example_xcom']) retrieved from /home/airflow/.local/lib/python3.10/site-packages/airflow/example_dags/example_xcom.py
[2025-02-22T22:00:52.519+0000] {logging_mixin.py:154} INFO - [2025-02-22T22:00:52.519+0000] {dag.py:2941} INFO - Sync 1 DAGs
[2025-02-22T22:00:52.545+0000] {logging_mixin.py:154} INFO - [2025-02-22T22:00:52.545+0000] {dag.py:3722} INFO - Setting next_dagrun for example_xcom to 2021-01-01T00:00:00+00:00, run_after=2021-01-01T00:00:00+00:00
[2025-02-22T22:00:52.561+0000] {processor.py:179} INFO - Processing /home/airflow/.local/lib/python3.10/site-packages/airflow/example_dags/example_xcom.py took 0.118 seconds
[2025-02-22T22:01:22.895+0000] {processor.py:157} INFO - Started process (PID=244) to work on /home/airflow/.local/lib/python3.10/site-packages/airflow/example_dags/example_xcom.py
[2025-02-22T22:01:22.896+0000] {processor.py:829} INFO - Processing file /home/airflow/.local/lib/python3.10/site-packages/airflow/example_dags/example_xcom.py for tasks to queue
[2025-02-22T22:01:22.899+0000] {logging_mixin.py:154} INFO - [2025-02-22T22:01:22.899+0000] {dagbag.py:536} INFO - Filling up the DagBag from /home/airflow/.local/lib/python3.10/site-packages/airflow/example_dags/example_xcom.py
[2025-02-22T22:01:22.908+0000] {processor.py:839} INFO - DAG(s) dict_keys(['example_xcom']) retrieved from /home/airflow/.local/lib/python3.10/site-packages/airflow/example_dags/example_xcom.py
[2025-02-22T22:01:22.978+0000] {logging_mixin.py:154} INFO - [2025-02-22T22:01:22.978+0000] {dag.py:2941} INFO - Sync 1 DAGs
[2025-02-22T22:01:23.006+0000] {logging_mixin.py:154} INFO - [2025-02-22T22:01:23.006+0000] {dag.py:3722} INFO - Setting next_dagrun for example_xcom to 2021-01-01T00:00:00+00:00, run_after=2021-01-01T00:00:00+00:00
[2025-02-22T22:01:23.029+0000] {processor.py:179} INFO - Processing /home/airflow/.local/lib/python3.10/site-packages/airflow/example_dags/example_xcom.py took 0.137 seconds
[2025-02-22T22:01:53.553+0000] {processor.py:157} INFO - Started process (PID=304) to work on /home/airflow/.local/lib/python3.10/site-packages/airflow/example_dags/example_xcom.py
[2025-02-22T22:01:53.554+0000] {processor.py:829} INFO - Processing file /home/airflow/.local/lib/python3.10/site-packages/airflow/example_dags/example_xcom.py for tasks to queue
[2025-02-22T22:01:53.556+0000] {logging_mixin.py:154} INFO - [2025-02-22T22:01:53.555+0000] {dagbag.py:536} INFO - Filling up the DagBag from /home/airflow/.local/lib/python3.10/site-packages/airflow/example_dags/example_xcom.py
[2025-02-22T22:01:53.562+0000] {processor.py:839} INFO - DAG(s) dict_keys(['example_xcom']) retrieved from /home/airflow/.local/lib/python3.10/site-packages/airflow/example_dags/example_xcom.py
[2025-02-22T22:01:53.629+0000] {logging_mixin.py:154} INFO - [2025-02-22T22:01:53.629+0000] {dag.py:2941} INFO - Sync 1 DAGs
[2025-02-22T22:01:53.656+0000] {logging_mixin.py:154} INFO - [2025-02-22T22:01:53.655+0000] {dag.py:3722} INFO - Setting next_dagrun for example_xcom to 2021-01-01T00:00:00+00:00, run_after=2021-01-01T00:00:00+00:00
[2025-02-22T22:01:53.673+0000] {processor.py:179} INFO - Processing /home/airflow/.local/lib/python3.10/site-packages/airflow/example_dags/example_xcom.py took 0.121 seconds
[2025-02-22T22:02:24.378+0000] {processor.py:157} INFO - Started process (PID=371) to work on /home/airflow/.local/lib/python3.10/site-packages/airflow/example_dags/example_xcom.py
[2025-02-22T22:02:24.378+0000] {processor.py:829} INFO - Processing file /home/airflow/.local/lib/python3.10/site-packages/airflow/example_dags/example_xcom.py for tasks to queue
[2025-02-22T22:02:24.380+0000] {logging_mixin.py:154} INFO - [2025-02-22T22:02:24.380+0000] {dagbag.py:536} INFO - Filling up the DagBag from /home/airflow/.local/lib/python3.10/site-packages/airflow/example_dags/example_xcom.py
[2025-02-22T22:02:24.388+0000] {processor.py:839} INFO - DAG(s) dict_keys(['example_xcom']) retrieved from /home/airflow/.local/lib/python3.10/site-packages/airflow/example_dags/example_xcom.py
[2025-02-22T22:02:24.458+0000] {logging_mixin.py:154} INFO - [2025-02-22T22:02:24.458+0000] {dag.py:2941} INFO - Sync 1 DAGs
[2025-02-22T22:02:24.486+0000] {logging_mixin.py:154} INFO - [2025-02-22T22:02:24.486+0000] {dag.py:3722} INFO - Setting next_dagrun for example_xcom to 2021-01-01T00:00:00+00:00, run_after=2021-01-01T00:00:00+00:00
[2025-02-22T22:02:24.504+0000] {processor.py:179} INFO - Processing /home/airflow/.local/lib/python3.10/site-packages/airflow/example_dags/example_xcom.py took 0.128 seconds
[2025-02-22T22:02:55.242+0000] {processor.py:157} INFO - Started process (PID=432) to work on /home/airflow/.local/lib/python3.10/site-packages/airflow/example_dags/example_xcom.py
[2025-02-22T22:02:55.242+0000] {processor.py:829} INFO - Processing file /home/airflow/.local/lib/python3.10/site-packages/airflow/example_dags/example_xcom.py for tasks to queue
[2025-02-22T22:02:55.244+0000] {logging_mixin.py:154} INFO - [2025-02-22T22:02:55.243+0000] {dagbag.py:536} INFO - Filling up the DagBag from /home/airflow/.local/lib/python3.10/site-packages/airflow/example_dags/example_xcom.py
[2025-02-22T22:02:55.250+0000] {processor.py:839} INFO - DAG(s) dict_keys(['example_xcom']) retrieved from /home/airflow/.local/lib/python3.10/site-packages/airflow/example_dags/example_xcom.py
[2025-02-22T22:02:55.314+0000] {logging_mixin.py:154} INFO - [2025-02-22T22:02:55.314+0000] {dag.py:2941} INFO - Sync 1 DAGs
[2025-02-22T22:02:55.340+0000] {logging_mixin.py:154} INFO - [2025-02-22T22:02:55.339+0000] {dag.py:3722} INFO - Setting next_dagrun for example_xcom to 2021-01-01T00:00:00+00:00, run_after=2021-01-01T00:00:00+00:00
[2025-02-22T22:02:55.356+0000] {processor.py:179} INFO - Processing /home/airflow/.local/lib/python3.10/site-packages/airflow/example_dags/example_xcom.py took 0.117 seconds
[2025-02-22T22:03:40.182+0000] {processor.py:157} INFO - Started process (PID=48) to work on /home/airflow/.local/lib/python3.10/site-packages/airflow/example_dags/example_xcom.py
[2025-02-22T22:03:40.187+0000] {processor.py:829} INFO - Processing file /home/airflow/.local/lib/python3.10/site-packages/airflow/example_dags/example_xcom.py for tasks to queue
[2025-02-22T22:03:40.207+0000] {logging_mixin.py:154} INFO - [2025-02-22T22:03:40.203+0000] {dagbag.py:536} INFO - Filling up the DagBag from /home/airflow/.local/lib/python3.10/site-packages/airflow/example_dags/example_xcom.py
[2025-02-22T22:03:40.252+0000] {processor.py:839} INFO - DAG(s) dict_keys(['example_xcom']) retrieved from /home/airflow/.local/lib/python3.10/site-packages/airflow/example_dags/example_xcom.py
[2025-02-22T22:03:40.391+0000] {logging_mixin.py:154} INFO - [2025-02-22T22:03:40.390+0000] {dag.py:2941} INFO - Sync 1 DAGs
[2025-02-22T22:03:40.469+0000] {logging_mixin.py:154} INFO - [2025-02-22T22:03:40.469+0000] {dag.py:3722} INFO - Setting next_dagrun for example_xcom to 2021-01-01T00:00:00+00:00, run_after=2021-01-01T00:00:00+00:00
[2025-02-22T22:03:40.522+0000] {processor.py:179} INFO - Processing /home/airflow/.local/lib/python3.10/site-packages/airflow/example_dags/example_xcom.py took 0.345 seconds
[2025-02-22T22:04:11.345+0000] {processor.py:157} INFO - Started process (PID=116) to work on /home/airflow/.local/lib/python3.10/site-packages/airflow/example_dags/example_xcom.py
[2025-02-22T22:04:11.347+0000] {processor.py:829} INFO - Processing file /home/airflow/.local/lib/python3.10/site-packages/airflow/example_dags/example_xcom.py for tasks to queue
[2025-02-22T22:04:11.349+0000] {logging_mixin.py:154} INFO - [2025-02-22T22:04:11.349+0000] {dagbag.py:536} INFO - Filling up the DagBag from /home/airflow/.local/lib/python3.10/site-packages/airflow/example_dags/example_xcom.py
[2025-02-22T22:04:11.359+0000] {processor.py:839} INFO - DAG(s) dict_keys(['example_xcom']) retrieved from /home/airflow/.local/lib/python3.10/site-packages/airflow/example_dags/example_xcom.py
[2025-02-22T22:04:11.440+0000] {logging_mixin.py:154} INFO - [2025-02-22T22:04:11.439+0000] {dag.py:2941} INFO - Sync 1 DAGs
[2025-02-22T22:04:11.476+0000] {logging_mixin.py:154} INFO - [2025-02-22T22:04:11.475+0000] {dag.py:3722} INFO - Setting next_dagrun for example_xcom to 2021-01-01T00:00:00+00:00, run_after=2021-01-01T00:00:00+00:00
[2025-02-22T22:04:11.504+0000] {processor.py:179} INFO - Processing /home/airflow/.local/lib/python3.10/site-packages/airflow/example_dags/example_xcom.py took 0.162 seconds
[2025-02-22T22:04:41.701+0000] {processor.py:157} INFO - Started process (PID=177) to work on /home/airflow/.local/lib/python3.10/site-packages/airflow/example_dags/example_xcom.py
[2025-02-22T22:04:41.703+0000] {processor.py:829} INFO - Processing file /home/airflow/.local/lib/python3.10/site-packages/airflow/example_dags/example_xcom.py for tasks to queue
[2025-02-22T22:04:41.707+0000] {logging_mixin.py:154} INFO - [2025-02-22T22:04:41.706+0000] {dagbag.py:536} INFO - Filling up the DagBag from /home/airflow/.local/lib/python3.10/site-packages/airflow/example_dags/example_xcom.py
[2025-02-22T22:04:41.715+0000] {processor.py:839} INFO - DAG(s) dict_keys(['example_xcom']) retrieved from /home/airflow/.local/lib/python3.10/site-packages/airflow/example_dags/example_xcom.py
[2025-02-22T22:04:41.785+0000] {logging_mixin.py:154} INFO - [2025-02-22T22:04:41.785+0000] {dag.py:2941} INFO - Sync 1 DAGs
[2025-02-22T22:04:41.812+0000] {logging_mixin.py:154} INFO - [2025-02-22T22:04:41.812+0000] {dag.py:3722} INFO - Setting next_dagrun for example_xcom to 2021-01-01T00:00:00+00:00, run_after=2021-01-01T00:00:00+00:00
[2025-02-22T22:04:41.832+0000] {processor.py:179} INFO - Processing /home/airflow/.local/lib/python3.10/site-packages/airflow/example_dags/example_xcom.py took 0.135 seconds
[2025-02-22T22:05:12.571+0000] {processor.py:157} INFO - Started process (PID=245) to work on /home/airflow/.local/lib/python3.10/site-packages/airflow/example_dags/example_xcom.py
[2025-02-22T22:05:12.573+0000] {processor.py:829} INFO - Processing file /home/airflow/.local/lib/python3.10/site-packages/airflow/example_dags/example_xcom.py for tasks to queue
[2025-02-22T22:05:12.576+0000] {logging_mixin.py:154} INFO - [2025-02-22T22:05:12.576+0000] {dagbag.py:536} INFO - Filling up the DagBag from /home/airflow/.local/lib/python3.10/site-packages/airflow/example_dags/example_xcom.py
[2025-02-22T22:05:12.586+0000] {processor.py:839} INFO - DAG(s) dict_keys(['example_xcom']) retrieved from /home/airflow/.local/lib/python3.10/site-packages/airflow/example_dags/example_xcom.py
[2025-02-22T22:05:12.667+0000] {logging_mixin.py:154} INFO - [2025-02-22T22:05:12.667+0000] {dag.py:2941} INFO - Sync 1 DAGs
[2025-02-22T22:05:12.703+0000] {logging_mixin.py:154} INFO - [2025-02-22T22:05:12.703+0000] {dag.py:3722} INFO - Setting next_dagrun for example_xcom to 2021-01-01T00:00:00+00:00, run_after=2021-01-01T00:00:00+00:00
[2025-02-22T22:05:12.729+0000] {processor.py:179} INFO - Processing /home/airflow/.local/lib/python3.10/site-packages/airflow/example_dags/example_xcom.py took 0.161 seconds
[2025-02-22T22:05:43.098+0000] {processor.py:157} INFO - Started process (PID=306) to work on /home/airflow/.local/lib/python3.10/site-packages/airflow/example_dags/example_xcom.py
[2025-02-22T22:05:43.101+0000] {processor.py:829} INFO - Processing file /home/airflow/.local/lib/python3.10/site-packages/airflow/example_dags/example_xcom.py for tasks to queue
[2025-02-22T22:05:43.104+0000] {logging_mixin.py:154} INFO - [2025-02-22T22:05:43.104+0000] {dagbag.py:536} INFO - Filling up the DagBag from /home/airflow/.local/lib/python3.10/site-packages/airflow/example_dags/example_xcom.py
[2025-02-22T22:05:43.116+0000] {processor.py:839} INFO - DAG(s) dict_keys(['example_xcom']) retrieved from /home/airflow/.local/lib/python3.10/site-packages/airflow/example_dags/example_xcom.py
[2025-02-22T22:05:43.184+0000] {logging_mixin.py:154} INFO - [2025-02-22T22:05:43.184+0000] {dag.py:2941} INFO - Sync 1 DAGs
[2025-02-22T22:05:43.213+0000] {logging_mixin.py:154} INFO - [2025-02-22T22:05:43.212+0000] {dag.py:3722} INFO - Setting next_dagrun for example_xcom to 2021-01-01T00:00:00+00:00, run_after=2021-01-01T00:00:00+00:00
[2025-02-22T22:05:43.235+0000] {processor.py:179} INFO - Processing /home/airflow/.local/lib/python3.10/site-packages/airflow/example_dags/example_xcom.py took 0.140 seconds
[2025-02-22T22:06:13.500+0000] {processor.py:157} INFO - Started process (PID=374) to work on /home/airflow/.local/lib/python3.10/site-packages/airflow/example_dags/example_xcom.py
[2025-02-22T22:06:13.503+0000] {processor.py:829} INFO - Processing file /home/airflow/.local/lib/python3.10/site-packages/airflow/example_dags/example_xcom.py for tasks to queue
[2025-02-22T22:06:13.506+0000] {logging_mixin.py:154} INFO - [2025-02-22T22:06:13.505+0000] {dagbag.py:536} INFO - Filling up the DagBag from /home/airflow/.local/lib/python3.10/site-packages/airflow/example_dags/example_xcom.py
[2025-02-22T22:06:13.518+0000] {processor.py:839} INFO - DAG(s) dict_keys(['example_xcom']) retrieved from /home/airflow/.local/lib/python3.10/site-packages/airflow/example_dags/example_xcom.py
[2025-02-22T22:06:13.594+0000] {logging_mixin.py:154} INFO - [2025-02-22T22:06:13.594+0000] {dag.py:2941} INFO - Sync 1 DAGs
[2025-02-22T22:06:13.626+0000] {logging_mixin.py:154} INFO - [2025-02-22T22:06:13.625+0000] {dag.py:3722} INFO - Setting next_dagrun for example_xcom to 2021-01-01T00:00:00+00:00, run_after=2021-01-01T00:00:00+00:00
[2025-02-22T22:06:13.646+0000] {processor.py:179} INFO - Processing /home/airflow/.local/lib/python3.10/site-packages/airflow/example_dags/example_xcom.py took 0.149 seconds
[2025-02-22T22:06:44.099+0000] {processor.py:157} INFO - Started process (PID=435) to work on /home/airflow/.local/lib/python3.10/site-packages/airflow/example_dags/example_xcom.py
[2025-02-22T22:06:44.102+0000] {processor.py:829} INFO - Processing file /home/airflow/.local/lib/python3.10/site-packages/airflow/example_dags/example_xcom.py for tasks to queue
[2025-02-22T22:06:44.106+0000] {logging_mixin.py:154} INFO - [2025-02-22T22:06:44.105+0000] {dagbag.py:536} INFO - Filling up the DagBag from /home/airflow/.local/lib/python3.10/site-packages/airflow/example_dags/example_xcom.py
[2025-02-22T22:06:44.119+0000] {processor.py:839} INFO - DAG(s) dict_keys(['example_xcom']) retrieved from /home/airflow/.local/lib/python3.10/site-packages/airflow/example_dags/example_xcom.py
[2025-02-22T22:06:44.195+0000] {logging_mixin.py:154} INFO - [2025-02-22T22:06:44.195+0000] {dag.py:2941} INFO - Sync 1 DAGs
[2025-02-22T22:06:44.225+0000] {logging_mixin.py:154} INFO - [2025-02-22T22:06:44.224+0000] {dag.py:3722} INFO - Setting next_dagrun for example_xcom to 2021-01-01T00:00:00+00:00, run_after=2021-01-01T00:00:00+00:00
[2025-02-22T22:06:44.248+0000] {processor.py:179} INFO - Processing /home/airflow/.local/lib/python3.10/site-packages/airflow/example_dags/example_xcom.py took 0.152 seconds
[2025-02-22T22:07:14.481+0000] {processor.py:157} INFO - Started process (PID=503) to work on /home/airflow/.local/lib/python3.10/site-packages/airflow/example_dags/example_xcom.py
[2025-02-22T22:07:14.482+0000] {processor.py:829} INFO - Processing file /home/airflow/.local/lib/python3.10/site-packages/airflow/example_dags/example_xcom.py for tasks to queue
[2025-02-22T22:07:14.487+0000] {logging_mixin.py:154} INFO - [2025-02-22T22:07:14.487+0000] {dagbag.py:536} INFO - Filling up the DagBag from /home/airflow/.local/lib/python3.10/site-packages/airflow/example_dags/example_xcom.py
[2025-02-22T22:07:14.495+0000] {processor.py:839} INFO - DAG(s) dict_keys(['example_xcom']) retrieved from /home/airflow/.local/lib/python3.10/site-packages/airflow/example_dags/example_xcom.py
[2025-02-22T22:07:14.569+0000] {logging_mixin.py:154} INFO - [2025-02-22T22:07:14.569+0000] {dag.py:2941} INFO - Sync 1 DAGs
[2025-02-22T22:07:14.609+0000] {logging_mixin.py:154} INFO - [2025-02-22T22:07:14.609+0000] {dag.py:3722} INFO - Setting next_dagrun for example_xcom to 2021-01-01T00:00:00+00:00, run_after=2021-01-01T00:00:00+00:00
[2025-02-22T22:07:14.631+0000] {processor.py:179} INFO - Processing /home/airflow/.local/lib/python3.10/site-packages/airflow/example_dags/example_xcom.py took 0.153 seconds
[2025-02-22T22:07:44.895+0000] {processor.py:157} INFO - Started process (PID=564) to work on /home/airflow/.local/lib/python3.10/site-packages/airflow/example_dags/example_xcom.py
[2025-02-22T22:07:44.899+0000] {processor.py:829} INFO - Processing file /home/airflow/.local/lib/python3.10/site-packages/airflow/example_dags/example_xcom.py for tasks to queue
[2025-02-22T22:07:44.901+0000] {logging_mixin.py:154} INFO - [2025-02-22T22:07:44.901+0000] {dagbag.py:536} INFO - Filling up the DagBag from /home/airflow/.local/lib/python3.10/site-packages/airflow/example_dags/example_xcom.py
[2025-02-22T22:07:44.909+0000] {processor.py:839} INFO - DAG(s) dict_keys(['example_xcom']) retrieved from /home/airflow/.local/lib/python3.10/site-packages/airflow/example_dags/example_xcom.py
[2025-02-22T22:07:44.986+0000] {logging_mixin.py:154} INFO - [2025-02-22T22:07:44.986+0000] {dag.py:2941} INFO - Sync 1 DAGs
[2025-02-22T22:07:45.020+0000] {logging_mixin.py:154} INFO - [2025-02-22T22:07:45.020+0000] {dag.py:3722} INFO - Setting next_dagrun for example_xcom to 2021-01-01T00:00:00+00:00, run_after=2021-01-01T00:00:00+00:00
[2025-02-22T22:07:45.043+0000] {processor.py:179} INFO - Processing /home/airflow/.local/lib/python3.10/site-packages/airflow/example_dags/example_xcom.py took 0.152 seconds
[2025-02-22T22:08:34.558+0000] {processor.py:157} INFO - Started process (PID=46) to work on /home/airflow/.local/lib/python3.10/site-packages/airflow/example_dags/example_xcom.py
[2025-02-22T22:08:34.562+0000] {processor.py:829} INFO - Processing file /home/airflow/.local/lib/python3.10/site-packages/airflow/example_dags/example_xcom.py for tasks to queue
[2025-02-22T22:08:34.569+0000] {logging_mixin.py:154} INFO - [2025-02-22T22:08:34.568+0000] {dagbag.py:536} INFO - Filling up the DagBag from /home/airflow/.local/lib/python3.10/site-packages/airflow/example_dags/example_xcom.py
[2025-02-22T22:08:34.597+0000] {processor.py:839} INFO - DAG(s) dict_keys(['example_xcom']) retrieved from /home/airflow/.local/lib/python3.10/site-packages/airflow/example_dags/example_xcom.py
[2025-02-22T22:08:34.730+0000] {logging_mixin.py:154} INFO - [2025-02-22T22:08:34.729+0000] {dag.py:2941} INFO - Sync 1 DAGs
[2025-02-22T22:08:34.814+0000] {logging_mixin.py:154} INFO - [2025-02-22T22:08:34.813+0000] {dag.py:3722} INFO - Setting next_dagrun for example_xcom to 2021-01-01T00:00:00+00:00, run_after=2021-01-01T00:00:00+00:00
[2025-02-22T22:08:34.898+0000] {processor.py:179} INFO - Processing /home/airflow/.local/lib/python3.10/site-packages/airflow/example_dags/example_xcom.py took 0.348 seconds
[2025-02-22T22:09:05.585+0000] {processor.py:157} INFO - Started process (PID=114) to work on /home/airflow/.local/lib/python3.10/site-packages/airflow/example_dags/example_xcom.py
[2025-02-22T22:09:05.587+0000] {processor.py:829} INFO - Processing file /home/airflow/.local/lib/python3.10/site-packages/airflow/example_dags/example_xcom.py for tasks to queue
[2025-02-22T22:09:05.590+0000] {logging_mixin.py:154} INFO - [2025-02-22T22:09:05.589+0000] {dagbag.py:536} INFO - Filling up the DagBag from /home/airflow/.local/lib/python3.10/site-packages/airflow/example_dags/example_xcom.py
[2025-02-22T22:09:05.601+0000] {processor.py:839} INFO - DAG(s) dict_keys(['example_xcom']) retrieved from /home/airflow/.local/lib/python3.10/site-packages/airflow/example_dags/example_xcom.py
[2025-02-22T22:09:05.677+0000] {logging_mixin.py:154} INFO - [2025-02-22T22:09:05.676+0000] {dag.py:2941} INFO - Sync 1 DAGs
[2025-02-22T22:09:05.713+0000] {logging_mixin.py:154} INFO - [2025-02-22T22:09:05.713+0000] {dag.py:3722} INFO - Setting next_dagrun for example_xcom to 2021-01-01T00:00:00+00:00, run_after=2021-01-01T00:00:00+00:00
[2025-02-22T22:09:05.739+0000] {processor.py:179} INFO - Processing /home/airflow/.local/lib/python3.10/site-packages/airflow/example_dags/example_xcom.py took 0.157 seconds
[2025-02-22T22:09:35.875+0000] {processor.py:157} INFO - Started process (PID=174) to work on /home/airflow/.local/lib/python3.10/site-packages/airflow/example_dags/example_xcom.py
[2025-02-22T22:09:35.881+0000] {processor.py:829} INFO - Processing file /home/airflow/.local/lib/python3.10/site-packages/airflow/example_dags/example_xcom.py for tasks to queue
[2025-02-22T22:09:35.885+0000] {logging_mixin.py:154} INFO - [2025-02-22T22:09:35.885+0000] {dagbag.py:536} INFO - Filling up the DagBag from /home/airflow/.local/lib/python3.10/site-packages/airflow/example_dags/example_xcom.py
[2025-02-22T22:09:35.894+0000] {processor.py:839} INFO - DAG(s) dict_keys(['example_xcom']) retrieved from /home/airflow/.local/lib/python3.10/site-packages/airflow/example_dags/example_xcom.py
[2025-02-22T22:09:35.978+0000] {logging_mixin.py:154} INFO - [2025-02-22T22:09:35.978+0000] {dag.py:2941} INFO - Sync 1 DAGs
[2025-02-22T22:09:36.017+0000] {logging_mixin.py:154} INFO - [2025-02-22T22:09:36.017+0000] {dag.py:3722} INFO - Setting next_dagrun for example_xcom to 2021-01-01T00:00:00+00:00, run_after=2021-01-01T00:00:00+00:00
[2025-02-22T22:09:36.043+0000] {processor.py:179} INFO - Processing /home/airflow/.local/lib/python3.10/site-packages/airflow/example_dags/example_xcom.py took 0.170 seconds
[2025-02-22T22:10:06.566+0000] {processor.py:157} INFO - Started process (PID=242) to work on /home/airflow/.local/lib/python3.10/site-packages/airflow/example_dags/example_xcom.py
[2025-02-22T22:10:06.573+0000] {processor.py:829} INFO - Processing file /home/airflow/.local/lib/python3.10/site-packages/airflow/example_dags/example_xcom.py for tasks to queue
[2025-02-22T22:10:06.575+0000] {logging_mixin.py:154} INFO - [2025-02-22T22:10:06.575+0000] {dagbag.py:536} INFO - Filling up the DagBag from /home/airflow/.local/lib/python3.10/site-packages/airflow/example_dags/example_xcom.py
[2025-02-22T22:10:06.585+0000] {processor.py:839} INFO - DAG(s) dict_keys(['example_xcom']) retrieved from /home/airflow/.local/lib/python3.10/site-packages/airflow/example_dags/example_xcom.py
[2025-02-22T22:10:06.674+0000] {logging_mixin.py:154} INFO - [2025-02-22T22:10:06.674+0000] {dag.py:2941} INFO - Sync 1 DAGs
[2025-02-22T22:10:06.714+0000] {logging_mixin.py:154} INFO - [2025-02-22T22:10:06.714+0000] {dag.py:3722} INFO - Setting next_dagrun for example_xcom to 2021-01-01T00:00:00+00:00, run_after=2021-01-01T00:00:00+00:00
[2025-02-22T22:10:06.758+0000] {processor.py:179} INFO - Processing /home/airflow/.local/lib/python3.10/site-packages/airflow/example_dags/example_xcom.py took 0.196 seconds
[2025-02-22T22:10:37.282+0000] {processor.py:157} INFO - Started process (PID=303) to work on /home/airflow/.local/lib/python3.10/site-packages/airflow/example_dags/example_xcom.py
[2025-02-22T22:10:37.284+0000] {processor.py:829} INFO - Processing file /home/airflow/.local/lib/python3.10/site-packages/airflow/example_dags/example_xcom.py for tasks to queue
[2025-02-22T22:10:37.286+0000] {logging_mixin.py:154} INFO - [2025-02-22T22:10:37.286+0000] {dagbag.py:536} INFO - Filling up the DagBag from /home/airflow/.local/lib/python3.10/site-packages/airflow/example_dags/example_xcom.py
[2025-02-22T22:10:37.294+0000] {processor.py:839} INFO - DAG(s) dict_keys(['example_xcom']) retrieved from /home/airflow/.local/lib/python3.10/site-packages/airflow/example_dags/example_xcom.py
[2025-02-22T22:10:37.371+0000] {logging_mixin.py:154} INFO - [2025-02-22T22:10:37.371+0000] {dag.py:2941} INFO - Sync 1 DAGs
[2025-02-22T22:10:37.409+0000] {logging_mixin.py:154} INFO - [2025-02-22T22:10:37.408+0000] {dag.py:3722} INFO - Setting next_dagrun for example_xcom to 2021-01-01T00:00:00+00:00, run_after=2021-01-01T00:00:00+00:00
[2025-02-22T22:10:37.428+0000] {processor.py:179} INFO - Processing /home/airflow/.local/lib/python3.10/site-packages/airflow/example_dags/example_xcom.py took 0.149 seconds
[2025-02-22T22:11:07.946+0000] {processor.py:157} INFO - Started process (PID=369) to work on /home/airflow/.local/lib/python3.10/site-packages/airflow/example_dags/example_xcom.py
[2025-02-22T22:11:07.948+0000] {processor.py:829} INFO - Processing file /home/airflow/.local/lib/python3.10/site-packages/airflow/example_dags/example_xcom.py for tasks to queue
[2025-02-22T22:11:07.951+0000] {logging_mixin.py:154} INFO - [2025-02-22T22:11:07.951+0000] {dagbag.py:536} INFO - Filling up the DagBag from /home/airflow/.local/lib/python3.10/site-packages/airflow/example_dags/example_xcom.py
[2025-02-22T22:11:07.967+0000] {processor.py:839} INFO - DAG(s) dict_keys(['example_xcom']) retrieved from /home/airflow/.local/lib/python3.10/site-packages/airflow/example_dags/example_xcom.py
[2025-02-22T22:11:08.061+0000] {logging_mixin.py:154} INFO - [2025-02-22T22:11:08.061+0000] {dag.py:2941} INFO - Sync 1 DAGs
[2025-02-22T22:11:08.097+0000] {logging_mixin.py:154} INFO - [2025-02-22T22:11:08.096+0000] {dag.py:3722} INFO - Setting next_dagrun for example_xcom to 2021-01-01T00:00:00+00:00, run_after=2021-01-01T00:00:00+00:00
[2025-02-22T22:11:08.125+0000] {processor.py:179} INFO - Processing /home/airflow/.local/lib/python3.10/site-packages/airflow/example_dags/example_xcom.py took 0.182 seconds
[2025-02-22T22:11:38.673+0000] {processor.py:157} INFO - Started process (PID=430) to work on /home/airflow/.local/lib/python3.10/site-packages/airflow/example_dags/example_xcom.py
[2025-02-22T22:11:38.676+0000] {processor.py:829} INFO - Processing file /home/airflow/.local/lib/python3.10/site-packages/airflow/example_dags/example_xcom.py for tasks to queue
[2025-02-22T22:11:38.680+0000] {logging_mixin.py:154} INFO - [2025-02-22T22:11:38.680+0000] {dagbag.py:536} INFO - Filling up the DagBag from /home/airflow/.local/lib/python3.10/site-packages/airflow/example_dags/example_xcom.py
[2025-02-22T22:11:38.688+0000] {processor.py:839} INFO - DAG(s) dict_keys(['example_xcom']) retrieved from /home/airflow/.local/lib/python3.10/site-packages/airflow/example_dags/example_xcom.py
[2025-02-22T22:11:38.757+0000] {logging_mixin.py:154} INFO - [2025-02-22T22:11:38.757+0000] {dag.py:2941} INFO - Sync 1 DAGs
[2025-02-22T22:11:38.785+0000] {logging_mixin.py:154} INFO - [2025-02-22T22:11:38.785+0000] {dag.py:3722} INFO - Setting next_dagrun for example_xcom to 2021-01-01T00:00:00+00:00, run_after=2021-01-01T00:00:00+00:00
[2025-02-22T22:11:38.802+0000] {processor.py:179} INFO - Processing /home/airflow/.local/lib/python3.10/site-packages/airflow/example_dags/example_xcom.py took 0.132 seconds
[2025-02-22T22:12:09.383+0000] {processor.py:157} INFO - Started process (PID=498) to work on /home/airflow/.local/lib/python3.10/site-packages/airflow/example_dags/example_xcom.py
[2025-02-22T22:12:09.388+0000] {processor.py:829} INFO - Processing file /home/airflow/.local/lib/python3.10/site-packages/airflow/example_dags/example_xcom.py for tasks to queue
[2025-02-22T22:12:09.392+0000] {logging_mixin.py:154} INFO - [2025-02-22T22:12:09.392+0000] {dagbag.py:536} INFO - Filling up the DagBag from /home/airflow/.local/lib/python3.10/site-packages/airflow/example_dags/example_xcom.py
[2025-02-22T22:12:09.401+0000] {processor.py:839} INFO - DAG(s) dict_keys(['example_xcom']) retrieved from /home/airflow/.local/lib/python3.10/site-packages/airflow/example_dags/example_xcom.py
[2025-02-22T22:12:09.466+0000] {logging_mixin.py:154} INFO - [2025-02-22T22:12:09.466+0000] {dag.py:2941} INFO - Sync 1 DAGs
[2025-02-22T22:12:09.495+0000] {logging_mixin.py:154} INFO - [2025-02-22T22:12:09.494+0000] {dag.py:3722} INFO - Setting next_dagrun for example_xcom to 2021-01-01T00:00:00+00:00, run_after=2021-01-01T00:00:00+00:00
[2025-02-22T22:12:09.515+0000] {processor.py:179} INFO - Processing /home/airflow/.local/lib/python3.10/site-packages/airflow/example_dags/example_xcom.py took 0.134 seconds
[2025-02-22T22:12:40.174+0000] {processor.py:157} INFO - Started process (PID=559) to work on /home/airflow/.local/lib/python3.10/site-packages/airflow/example_dags/example_xcom.py
[2025-02-22T22:12:40.176+0000] {processor.py:829} INFO - Processing file /home/airflow/.local/lib/python3.10/site-packages/airflow/example_dags/example_xcom.py for tasks to queue
[2025-02-22T22:12:40.179+0000] {logging_mixin.py:154} INFO - [2025-02-22T22:12:40.179+0000] {dagbag.py:536} INFO - Filling up the DagBag from /home/airflow/.local/lib/python3.10/site-packages/airflow/example_dags/example_xcom.py
[2025-02-22T22:12:40.185+0000] {processor.py:839} INFO - DAG(s) dict_keys(['example_xcom']) retrieved from /home/airflow/.local/lib/python3.10/site-packages/airflow/example_dags/example_xcom.py
[2025-02-22T22:12:40.258+0000] {logging_mixin.py:154} INFO - [2025-02-22T22:12:40.258+0000] {dag.py:2941} INFO - Sync 1 DAGs
[2025-02-22T22:12:40.287+0000] {logging_mixin.py:154} INFO - [2025-02-22T22:12:40.287+0000] {dag.py:3722} INFO - Setting next_dagrun for example_xcom to 2021-01-01T00:00:00+00:00, run_after=2021-01-01T00:00:00+00:00
[2025-02-22T22:12:40.313+0000] {processor.py:179} INFO - Processing /home/airflow/.local/lib/python3.10/site-packages/airflow/example_dags/example_xcom.py took 0.141 seconds
[2025-02-22T22:13:11.226+0000] {processor.py:157} INFO - Started process (PID=626) to work on /home/airflow/.local/lib/python3.10/site-packages/airflow/example_dags/example_xcom.py
[2025-02-22T22:13:11.228+0000] {processor.py:829} INFO - Processing file /home/airflow/.local/lib/python3.10/site-packages/airflow/example_dags/example_xcom.py for tasks to queue
[2025-02-22T22:13:11.231+0000] {logging_mixin.py:154} INFO - [2025-02-22T22:13:11.231+0000] {dagbag.py:536} INFO - Filling up the DagBag from /home/airflow/.local/lib/python3.10/site-packages/airflow/example_dags/example_xcom.py
[2025-02-22T22:13:11.240+0000] {processor.py:839} INFO - DAG(s) dict_keys(['example_xcom']) retrieved from /home/airflow/.local/lib/python3.10/site-packages/airflow/example_dags/example_xcom.py
[2025-02-22T22:13:11.318+0000] {logging_mixin.py:154} INFO - [2025-02-22T22:13:11.317+0000] {dag.py:2941} INFO - Sync 1 DAGs
[2025-02-22T22:13:11.350+0000] {logging_mixin.py:154} INFO - [2025-02-22T22:13:11.350+0000] {dag.py:3722} INFO - Setting next_dagrun for example_xcom to 2021-01-01T00:00:00+00:00, run_after=2021-01-01T00:00:00+00:00
[2025-02-22T22:13:11.375+0000] {processor.py:179} INFO - Processing /home/airflow/.local/lib/python3.10/site-packages/airflow/example_dags/example_xcom.py took 0.152 seconds
[2025-02-22T22:13:41.732+0000] {processor.py:157} INFO - Started process (PID=687) to work on /home/airflow/.local/lib/python3.10/site-packages/airflow/example_dags/example_xcom.py
[2025-02-22T22:13:41.734+0000] {processor.py:829} INFO - Processing file /home/airflow/.local/lib/python3.10/site-packages/airflow/example_dags/example_xcom.py for tasks to queue
[2025-02-22T22:13:41.739+0000] {logging_mixin.py:154} INFO - [2025-02-22T22:13:41.739+0000] {dagbag.py:536} INFO - Filling up the DagBag from /home/airflow/.local/lib/python3.10/site-packages/airflow/example_dags/example_xcom.py
[2025-02-22T22:13:41.748+0000] {processor.py:839} INFO - DAG(s) dict_keys(['example_xcom']) retrieved from /home/airflow/.local/lib/python3.10/site-packages/airflow/example_dags/example_xcom.py
[2025-02-22T22:13:41.828+0000] {logging_mixin.py:154} INFO - [2025-02-22T22:13:41.828+0000] {dag.py:2941} INFO - Sync 1 DAGs
[2025-02-22T22:13:41.880+0000] {logging_mixin.py:154} INFO - [2025-02-22T22:13:41.880+0000] {dag.py:3722} INFO - Setting next_dagrun for example_xcom to 2021-01-01T00:00:00+00:00, run_after=2021-01-01T00:00:00+00:00
[2025-02-22T22:13:41.907+0000] {processor.py:179} INFO - Processing /home/airflow/.local/lib/python3.10/site-packages/airflow/example_dags/example_xcom.py took 0.178 seconds
[2025-02-22T22:14:12.321+0000] {processor.py:157} INFO - Started process (PID=755) to work on /home/airflow/.local/lib/python3.10/site-packages/airflow/example_dags/example_xcom.py
[2025-02-22T22:14:12.323+0000] {processor.py:829} INFO - Processing file /home/airflow/.local/lib/python3.10/site-packages/airflow/example_dags/example_xcom.py for tasks to queue
[2025-02-22T22:14:12.325+0000] {logging_mixin.py:154} INFO - [2025-02-22T22:14:12.325+0000] {dagbag.py:536} INFO - Filling up the DagBag from /home/airflow/.local/lib/python3.10/site-packages/airflow/example_dags/example_xcom.py
[2025-02-22T22:14:12.333+0000] {processor.py:839} INFO - DAG(s) dict_keys(['example_xcom']) retrieved from /home/airflow/.local/lib/python3.10/site-packages/airflow/example_dags/example_xcom.py
[2025-02-22T22:14:12.402+0000] {logging_mixin.py:154} INFO - [2025-02-22T22:14:12.402+0000] {dag.py:2941} INFO - Sync 1 DAGs
[2025-02-22T22:14:12.429+0000] {logging_mixin.py:154} INFO - [2025-02-22T22:14:12.428+0000] {dag.py:3722} INFO - Setting next_dagrun for example_xcom to 2021-01-01T00:00:00+00:00, run_after=2021-01-01T00:00:00+00:00
[2025-02-22T22:14:12.446+0000] {processor.py:179} INFO - Processing /home/airflow/.local/lib/python3.10/site-packages/airflow/example_dags/example_xcom.py took 0.128 seconds
[2025-02-22T22:14:42.818+0000] {processor.py:157} INFO - Started process (PID=816) to work on /home/airflow/.local/lib/python3.10/site-packages/airflow/example_dags/example_xcom.py
[2025-02-22T22:14:42.820+0000] {processor.py:829} INFO - Processing file /home/airflow/.local/lib/python3.10/site-packages/airflow/example_dags/example_xcom.py for tasks to queue
[2025-02-22T22:14:42.821+0000] {logging_mixin.py:154} INFO - [2025-02-22T22:14:42.821+0000] {dagbag.py:536} INFO - Filling up the DagBag from /home/airflow/.local/lib/python3.10/site-packages/airflow/example_dags/example_xcom.py
[2025-02-22T22:14:42.830+0000] {processor.py:839} INFO - DAG(s) dict_keys(['example_xcom']) retrieved from /home/airflow/.local/lib/python3.10/site-packages/airflow/example_dags/example_xcom.py
[2025-02-22T22:14:42.923+0000] {logging_mixin.py:154} INFO - [2025-02-22T22:14:42.922+0000] {dag.py:2941} INFO - Sync 1 DAGs
[2025-02-22T22:14:42.973+0000] {logging_mixin.py:154} INFO - [2025-02-22T22:14:42.972+0000] {dag.py:3722} INFO - Setting next_dagrun for example_xcom to 2021-01-01T00:00:00+00:00, run_after=2021-01-01T00:00:00+00:00
[2025-02-22T22:14:43.016+0000] {processor.py:179} INFO - Processing /home/airflow/.local/lib/python3.10/site-packages/airflow/example_dags/example_xcom.py took 0.201 seconds
[2025-02-22T22:15:13.177+0000] {processor.py:157} INFO - Started process (PID=884) to work on /home/airflow/.local/lib/python3.10/site-packages/airflow/example_dags/example_xcom.py
[2025-02-22T22:15:13.179+0000] {processor.py:829} INFO - Processing file /home/airflow/.local/lib/python3.10/site-packages/airflow/example_dags/example_xcom.py for tasks to queue
[2025-02-22T22:15:13.182+0000] {logging_mixin.py:154} INFO - [2025-02-22T22:15:13.181+0000] {dagbag.py:536} INFO - Filling up the DagBag from /home/airflow/.local/lib/python3.10/site-packages/airflow/example_dags/example_xcom.py
[2025-02-22T22:15:13.190+0000] {processor.py:839} INFO - DAG(s) dict_keys(['example_xcom']) retrieved from /home/airflow/.local/lib/python3.10/site-packages/airflow/example_dags/example_xcom.py
[2025-02-22T22:15:13.260+0000] {logging_mixin.py:154} INFO - [2025-02-22T22:15:13.260+0000] {dag.py:2941} INFO - Sync 1 DAGs
[2025-02-22T22:15:13.286+0000] {logging_mixin.py:154} INFO - [2025-02-22T22:15:13.286+0000] {dag.py:3722} INFO - Setting next_dagrun for example_xcom to 2021-01-01T00:00:00+00:00, run_after=2021-01-01T00:00:00+00:00
[2025-02-22T22:15:13.305+0000] {processor.py:179} INFO - Processing /home/airflow/.local/lib/python3.10/site-packages/airflow/example_dags/example_xcom.py took 0.132 seconds
[2025-02-22T22:15:43.706+0000] {processor.py:157} INFO - Started process (PID=945) to work on /home/airflow/.local/lib/python3.10/site-packages/airflow/example_dags/example_xcom.py
[2025-02-22T22:15:43.709+0000] {processor.py:829} INFO - Processing file /home/airflow/.local/lib/python3.10/site-packages/airflow/example_dags/example_xcom.py for tasks to queue
[2025-02-22T22:15:43.711+0000] {logging_mixin.py:154} INFO - [2025-02-22T22:15:43.711+0000] {dagbag.py:536} INFO - Filling up the DagBag from /home/airflow/.local/lib/python3.10/site-packages/airflow/example_dags/example_xcom.py
[2025-02-22T22:15:43.719+0000] {processor.py:839} INFO - DAG(s) dict_keys(['example_xcom']) retrieved from /home/airflow/.local/lib/python3.10/site-packages/airflow/example_dags/example_xcom.py
[2025-02-22T22:15:43.787+0000] {logging_mixin.py:154} INFO - [2025-02-22T22:15:43.787+0000] {dag.py:2941} INFO - Sync 1 DAGs
[2025-02-22T22:15:43.816+0000] {logging_mixin.py:154} INFO - [2025-02-22T22:15:43.816+0000] {dag.py:3722} INFO - Setting next_dagrun for example_xcom to 2021-01-01T00:00:00+00:00, run_after=2021-01-01T00:00:00+00:00
[2025-02-22T22:15:43.834+0000] {processor.py:179} INFO - Processing /home/airflow/.local/lib/python3.10/site-packages/airflow/example_dags/example_xcom.py took 0.131 seconds
[2025-02-22T22:16:14.664+0000] {processor.py:157} INFO - Started process (PID=1013) to work on /home/airflow/.local/lib/python3.10/site-packages/airflow/example_dags/example_xcom.py
[2025-02-22T22:16:14.667+0000] {processor.py:829} INFO - Processing file /home/airflow/.local/lib/python3.10/site-packages/airflow/example_dags/example_xcom.py for tasks to queue
[2025-02-22T22:16:14.669+0000] {logging_mixin.py:154} INFO - [2025-02-22T22:16:14.669+0000] {dagbag.py:536} INFO - Filling up the DagBag from /home/airflow/.local/lib/python3.10/site-packages/airflow/example_dags/example_xcom.py
[2025-02-22T22:16:14.681+0000] {processor.py:839} INFO - DAG(s) dict_keys(['example_xcom']) retrieved from /home/airflow/.local/lib/python3.10/site-packages/airflow/example_dags/example_xcom.py
[2025-02-22T22:16:14.773+0000] {logging_mixin.py:154} INFO - [2025-02-22T22:16:14.773+0000] {dag.py:2941} INFO - Sync 1 DAGs
[2025-02-22T22:16:14.812+0000] {logging_mixin.py:154} INFO - [2025-02-22T22:16:14.812+0000] {dag.py:3722} INFO - Setting next_dagrun for example_xcom to 2021-01-01T00:00:00+00:00, run_after=2021-01-01T00:00:00+00:00
[2025-02-22T22:16:14.853+0000] {processor.py:179} INFO - Processing /home/airflow/.local/lib/python3.10/site-packages/airflow/example_dags/example_xcom.py took 0.192 seconds
[2025-02-22T22:16:44.968+0000] {processor.py:157} INFO - Started process (PID=1074) to work on /home/airflow/.local/lib/python3.10/site-packages/airflow/example_dags/example_xcom.py
[2025-02-22T22:16:44.970+0000] {processor.py:829} INFO - Processing file /home/airflow/.local/lib/python3.10/site-packages/airflow/example_dags/example_xcom.py for tasks to queue
[2025-02-22T22:16:44.972+0000] {logging_mixin.py:154} INFO - [2025-02-22T22:16:44.972+0000] {dagbag.py:536} INFO - Filling up the DagBag from /home/airflow/.local/lib/python3.10/site-packages/airflow/example_dags/example_xcom.py
[2025-02-22T22:16:44.987+0000] {processor.py:839} INFO - DAG(s) dict_keys(['example_xcom']) retrieved from /home/airflow/.local/lib/python3.10/site-packages/airflow/example_dags/example_xcom.py
[2025-02-22T22:16:45.256+0000] {logging_mixin.py:154} INFO - [2025-02-22T22:16:45.255+0000] {dag.py:2941} INFO - Sync 1 DAGs
[2025-02-22T22:16:45.357+0000] {logging_mixin.py:154} INFO - [2025-02-22T22:16:45.356+0000] {dag.py:3722} INFO - Setting next_dagrun for example_xcom to 2021-01-01T00:00:00+00:00, run_after=2021-01-01T00:00:00+00:00
[2025-02-22T22:16:45.414+0000] {processor.py:179} INFO - Processing /home/airflow/.local/lib/python3.10/site-packages/airflow/example_dags/example_xcom.py took 0.449 seconds
