[2025-02-22T21:47:18.443+0000] {processor.py:157} INFO - Started process (PID=72) to work on /home/airflow/.local/lib/python3.10/site-packages/airflow/example_dags/example_setup_teardown.py
[2025-02-22T21:47:18.450+0000] {processor.py:829} INFO - Processing file /home/airflow/.local/lib/python3.10/site-packages/airflow/example_dags/example_setup_teardown.py for tasks to queue
[2025-02-22T21:47:18.461+0000] {logging_mixin.py:154} INFO - [2025-02-22T21:47:18.461+0000] {dagbag.py:536} INFO - Filling up the DagBag from /home/airflow/.local/lib/python3.10/site-packages/airflow/example_dags/example_setup_teardown.py
[2025-02-22T21:47:18.474+0000] {processor.py:839} INFO - DAG(s) dict_keys(['example_setup_teardown']) retrieved from /home/airflow/.local/lib/python3.10/site-packages/airflow/example_dags/example_setup_teardown.py
[2025-02-22T21:47:18.697+0000] {logging_mixin.py:154} INFO - [2025-02-22T21:47:18.697+0000] {manager.py:499} INFO - Created Permission View: %s
[2025-02-22T21:47:18.718+0000] {logging_mixin.py:154} INFO - [2025-02-22T21:47:18.718+0000] {manager.py:499} INFO - Created Permission View: %s
[2025-02-22T21:47:18.727+0000] {logging_mixin.py:154} INFO - [2025-02-22T21:47:18.727+0000] {manager.py:499} INFO - Created Permission View: %s
[2025-02-22T21:47:18.728+0000] {logging_mixin.py:154} INFO - [2025-02-22T21:47:18.728+0000] {dag.py:2941} INFO - Sync 1 DAGs
[2025-02-22T21:47:18.745+0000] {logging_mixin.py:154} INFO - [2025-02-22T21:47:18.745+0000] {dag.py:2963} INFO - Creating ORM DAG for example_setup_teardown
[2025-02-22T21:47:18.766+0000] {logging_mixin.py:154} INFO - [2025-02-22T21:47:18.766+0000] {dag.py:3722} INFO - Setting next_dagrun for example_setup_teardown to 2025-02-21T21:47:18.766075+00:00, run_after=2025-02-22T21:47:18.766075+00:00
[2025-02-22T21:47:18.806+0000] {processor.py:179} INFO - Processing /home/airflow/.local/lib/python3.10/site-packages/airflow/example_dags/example_setup_teardown.py took 0.371 seconds
[2025-02-22T21:48:59.738+0000] {processor.py:157} INFO - Started process (PID=65) to work on /home/airflow/.local/lib/python3.10/site-packages/airflow/example_dags/example_setup_teardown.py
[2025-02-22T21:48:59.740+0000] {processor.py:829} INFO - Processing file /home/airflow/.local/lib/python3.10/site-packages/airflow/example_dags/example_setup_teardown.py for tasks to queue
[2025-02-22T21:48:59.743+0000] {logging_mixin.py:154} INFO - [2025-02-22T21:48:59.743+0000] {dagbag.py:536} INFO - Filling up the DagBag from /home/airflow/.local/lib/python3.10/site-packages/airflow/example_dags/example_setup_teardown.py
[2025-02-22T21:48:59.755+0000] {processor.py:839} INFO - DAG(s) dict_keys(['example_setup_teardown']) retrieved from /home/airflow/.local/lib/python3.10/site-packages/airflow/example_dags/example_setup_teardown.py
[2025-02-22T21:48:59.839+0000] {logging_mixin.py:154} INFO - [2025-02-22T21:48:59.838+0000] {dag.py:2941} INFO - Sync 1 DAGs
[2025-02-22T21:48:59.883+0000] {logging_mixin.py:154} INFO - [2025-02-22T21:48:59.883+0000] {dag.py:3722} INFO - Setting next_dagrun for example_setup_teardown to 2025-02-21T21:48:59.883005+00:00, run_after=2025-02-22T21:48:59.883005+00:00
[2025-02-22T21:48:59.920+0000] {processor.py:179} INFO - Processing /home/airflow/.local/lib/python3.10/site-packages/airflow/example_dags/example_setup_teardown.py took 0.185 seconds
[2025-02-22T21:56:50.426+0000] {processor.py:157} INFO - Started process (PID=65) to work on /home/airflow/.local/lib/python3.10/site-packages/airflow/example_dags/example_setup_teardown.py
[2025-02-22T21:56:50.429+0000] {processor.py:829} INFO - Processing file /home/airflow/.local/lib/python3.10/site-packages/airflow/example_dags/example_setup_teardown.py for tasks to queue
[2025-02-22T21:56:50.432+0000] {logging_mixin.py:154} INFO - [2025-02-22T21:56:50.432+0000] {dagbag.py:536} INFO - Filling up the DagBag from /home/airflow/.local/lib/python3.10/site-packages/airflow/example_dags/example_setup_teardown.py
[2025-02-22T21:56:50.443+0000] {processor.py:839} INFO - DAG(s) dict_keys(['example_setup_teardown']) retrieved from /home/airflow/.local/lib/python3.10/site-packages/airflow/example_dags/example_setup_teardown.py
[2025-02-22T21:56:50.534+0000] {logging_mixin.py:154} INFO - [2025-02-22T21:56:50.533+0000] {dag.py:2941} INFO - Sync 1 DAGs
[2025-02-22T21:56:50.578+0000] {logging_mixin.py:154} INFO - [2025-02-22T21:56:50.578+0000] {dag.py:3722} INFO - Setting next_dagrun for example_setup_teardown to 2025-02-21T21:56:50.577718+00:00, run_after=2025-02-22T21:56:50.577718+00:00
[2025-02-22T21:56:50.609+0000] {processor.py:179} INFO - Processing /home/airflow/.local/lib/python3.10/site-packages/airflow/example_dags/example_setup_teardown.py took 0.187 seconds
[2025-02-22T21:57:20.839+0000] {processor.py:157} INFO - Started process (PID=133) to work on /home/airflow/.local/lib/python3.10/site-packages/airflow/example_dags/example_setup_teardown.py
[2025-02-22T21:57:20.839+0000] {processor.py:829} INFO - Processing file /home/airflow/.local/lib/python3.10/site-packages/airflow/example_dags/example_setup_teardown.py for tasks to queue
[2025-02-22T21:57:20.841+0000] {logging_mixin.py:154} INFO - [2025-02-22T21:57:20.840+0000] {dagbag.py:536} INFO - Filling up the DagBag from /home/airflow/.local/lib/python3.10/site-packages/airflow/example_dags/example_setup_teardown.py
[2025-02-22T21:57:20.847+0000] {processor.py:839} INFO - DAG(s) dict_keys(['example_setup_teardown']) retrieved from /home/airflow/.local/lib/python3.10/site-packages/airflow/example_dags/example_setup_teardown.py
[2025-02-22T21:57:20.919+0000] {logging_mixin.py:154} INFO - [2025-02-22T21:57:20.919+0000] {dag.py:2941} INFO - Sync 1 DAGs
[2025-02-22T21:57:20.955+0000] {logging_mixin.py:154} INFO - [2025-02-22T21:57:20.954+0000] {dag.py:3722} INFO - Setting next_dagrun for example_setup_teardown to 2025-02-21T21:57:20.954104+00:00, run_after=2025-02-22T21:57:20.954104+00:00
[2025-02-22T21:57:20.975+0000] {processor.py:179} INFO - Processing /home/airflow/.local/lib/python3.10/site-packages/airflow/example_dags/example_setup_teardown.py took 0.138 seconds
[2025-02-22T21:59:54.511+0000] {processor.py:157} INFO - Started process (PID=65) to work on /home/airflow/.local/lib/python3.10/site-packages/airflow/example_dags/example_setup_teardown.py
[2025-02-22T21:59:54.513+0000] {processor.py:829} INFO - Processing file /home/airflow/.local/lib/python3.10/site-packages/airflow/example_dags/example_setup_teardown.py for tasks to queue
[2025-02-22T21:59:54.515+0000] {logging_mixin.py:154} INFO - [2025-02-22T21:59:54.514+0000] {dagbag.py:536} INFO - Filling up the DagBag from /home/airflow/.local/lib/python3.10/site-packages/airflow/example_dags/example_setup_teardown.py
[2025-02-22T21:59:54.533+0000] {processor.py:839} INFO - DAG(s) dict_keys(['example_setup_teardown']) retrieved from /home/airflow/.local/lib/python3.10/site-packages/airflow/example_dags/example_setup_teardown.py
[2025-02-22T21:59:54.628+0000] {logging_mixin.py:154} INFO - [2025-02-22T21:59:54.627+0000] {dag.py:2941} INFO - Sync 1 DAGs
[2025-02-22T21:59:54.675+0000] {logging_mixin.py:154} INFO - [2025-02-22T21:59:54.675+0000] {dag.py:3722} INFO - Setting next_dagrun for example_setup_teardown to 2025-02-21T21:59:54.674305+00:00, run_after=2025-02-22T21:59:54.674305+00:00
[2025-02-22T21:59:54.711+0000] {processor.py:179} INFO - Processing /home/airflow/.local/lib/python3.10/site-packages/airflow/example_dags/example_setup_teardown.py took 0.203 seconds
[2025-02-22T22:00:24.777+0000] {processor.py:157} INFO - Started process (PID=133) to work on /home/airflow/.local/lib/python3.10/site-packages/airflow/example_dags/example_setup_teardown.py
[2025-02-22T22:00:24.777+0000] {processor.py:829} INFO - Processing file /home/airflow/.local/lib/python3.10/site-packages/airflow/example_dags/example_setup_teardown.py for tasks to queue
[2025-02-22T22:00:24.779+0000] {logging_mixin.py:154} INFO - [2025-02-22T22:00:24.778+0000] {dagbag.py:536} INFO - Filling up the DagBag from /home/airflow/.local/lib/python3.10/site-packages/airflow/example_dags/example_setup_teardown.py
[2025-02-22T22:00:24.787+0000] {processor.py:839} INFO - DAG(s) dict_keys(['example_setup_teardown']) retrieved from /home/airflow/.local/lib/python3.10/site-packages/airflow/example_dags/example_setup_teardown.py
[2025-02-22T22:00:24.852+0000] {logging_mixin.py:154} INFO - [2025-02-22T22:00:24.852+0000] {dag.py:2941} INFO - Sync 1 DAGs
[2025-02-22T22:00:24.886+0000] {logging_mixin.py:154} INFO - [2025-02-22T22:00:24.886+0000] {dag.py:3722} INFO - Setting next_dagrun for example_setup_teardown to 2025-02-21T22:00:24.885816+00:00, run_after=2025-02-22T22:00:24.885816+00:00
[2025-02-22T22:00:24.907+0000] {processor.py:179} INFO - Processing /home/airflow/.local/lib/python3.10/site-packages/airflow/example_dags/example_setup_teardown.py took 0.133 seconds
[2025-02-22T22:00:55.839+0000] {processor.py:157} INFO - Started process (PID=194) to work on /home/airflow/.local/lib/python3.10/site-packages/airflow/example_dags/example_setup_teardown.py
[2025-02-22T22:00:55.840+0000] {processor.py:829} INFO - Processing file /home/airflow/.local/lib/python3.10/site-packages/airflow/example_dags/example_setup_teardown.py for tasks to queue
[2025-02-22T22:00:55.843+0000] {logging_mixin.py:154} INFO - [2025-02-22T22:00:55.843+0000] {dagbag.py:536} INFO - Filling up the DagBag from /home/airflow/.local/lib/python3.10/site-packages/airflow/example_dags/example_setup_teardown.py
[2025-02-22T22:00:55.859+0000] {processor.py:839} INFO - DAG(s) dict_keys(['example_setup_teardown']) retrieved from /home/airflow/.local/lib/python3.10/site-packages/airflow/example_dags/example_setup_teardown.py
[2025-02-22T22:00:55.933+0000] {logging_mixin.py:154} INFO - [2025-02-22T22:00:55.933+0000] {dag.py:2941} INFO - Sync 1 DAGs
[2025-02-22T22:00:55.963+0000] {logging_mixin.py:154} INFO - [2025-02-22T22:00:55.962+0000] {dag.py:3722} INFO - Setting next_dagrun for example_setup_teardown to 2025-02-21T22:00:55.962543+00:00, run_after=2025-02-22T22:00:55.962543+00:00
[2025-02-22T22:00:55.988+0000] {processor.py:179} INFO - Processing /home/airflow/.local/lib/python3.10/site-packages/airflow/example_dags/example_setup_teardown.py took 0.152 seconds
[2025-02-22T22:01:26.322+0000] {processor.py:157} INFO - Started process (PID=262) to work on /home/airflow/.local/lib/python3.10/site-packages/airflow/example_dags/example_setup_teardown.py
[2025-02-22T22:01:26.323+0000] {processor.py:829} INFO - Processing file /home/airflow/.local/lib/python3.10/site-packages/airflow/example_dags/example_setup_teardown.py for tasks to queue
[2025-02-22T22:01:26.325+0000] {logging_mixin.py:154} INFO - [2025-02-22T22:01:26.324+0000] {dagbag.py:536} INFO - Filling up the DagBag from /home/airflow/.local/lib/python3.10/site-packages/airflow/example_dags/example_setup_teardown.py
[2025-02-22T22:01:26.333+0000] {processor.py:839} INFO - DAG(s) dict_keys(['example_setup_teardown']) retrieved from /home/airflow/.local/lib/python3.10/site-packages/airflow/example_dags/example_setup_teardown.py
[2025-02-22T22:01:26.407+0000] {logging_mixin.py:154} INFO - [2025-02-22T22:01:26.407+0000] {dag.py:2941} INFO - Sync 1 DAGs
[2025-02-22T22:01:26.436+0000] {logging_mixin.py:154} INFO - [2025-02-22T22:01:26.435+0000] {dag.py:3722} INFO - Setting next_dagrun for example_setup_teardown to 2025-02-21T22:01:26.435585+00:00, run_after=2025-02-22T22:01:26.435585+00:00
[2025-02-22T22:01:26.456+0000] {processor.py:179} INFO - Processing /home/airflow/.local/lib/python3.10/site-packages/airflow/example_dags/example_setup_teardown.py took 0.138 seconds
[2025-02-22T22:01:56.909+0000] {processor.py:157} INFO - Started process (PID=322) to work on /home/airflow/.local/lib/python3.10/site-packages/airflow/example_dags/example_setup_teardown.py
[2025-02-22T22:01:56.911+0000] {processor.py:829} INFO - Processing file /home/airflow/.local/lib/python3.10/site-packages/airflow/example_dags/example_setup_teardown.py for tasks to queue
[2025-02-22T22:01:56.914+0000] {logging_mixin.py:154} INFO - [2025-02-22T22:01:56.913+0000] {dagbag.py:536} INFO - Filling up the DagBag from /home/airflow/.local/lib/python3.10/site-packages/airflow/example_dags/example_setup_teardown.py
[2025-02-22T22:01:56.925+0000] {processor.py:839} INFO - DAG(s) dict_keys(['example_setup_teardown']) retrieved from /home/airflow/.local/lib/python3.10/site-packages/airflow/example_dags/example_setup_teardown.py
[2025-02-22T22:01:56.991+0000] {logging_mixin.py:154} INFO - [2025-02-22T22:01:56.991+0000] {dag.py:2941} INFO - Sync 1 DAGs
[2025-02-22T22:01:57.016+0000] {logging_mixin.py:154} INFO - [2025-02-22T22:01:57.016+0000] {dag.py:3722} INFO - Setting next_dagrun for example_setup_teardown to 2025-02-21T22:01:57.016402+00:00, run_after=2025-02-22T22:01:57.016402+00:00
[2025-02-22T22:01:57.035+0000] {processor.py:179} INFO - Processing /home/airflow/.local/lib/python3.10/site-packages/airflow/example_dags/example_setup_teardown.py took 0.128 seconds
[2025-02-22T22:02:27.829+0000] {processor.py:157} INFO - Started process (PID=389) to work on /home/airflow/.local/lib/python3.10/site-packages/airflow/example_dags/example_setup_teardown.py
[2025-02-22T22:02:27.830+0000] {processor.py:829} INFO - Processing file /home/airflow/.local/lib/python3.10/site-packages/airflow/example_dags/example_setup_teardown.py for tasks to queue
[2025-02-22T22:02:27.831+0000] {logging_mixin.py:154} INFO - [2025-02-22T22:02:27.831+0000] {dagbag.py:536} INFO - Filling up the DagBag from /home/airflow/.local/lib/python3.10/site-packages/airflow/example_dags/example_setup_teardown.py
[2025-02-22T22:02:27.839+0000] {processor.py:839} INFO - DAG(s) dict_keys(['example_setup_teardown']) retrieved from /home/airflow/.local/lib/python3.10/site-packages/airflow/example_dags/example_setup_teardown.py
[2025-02-22T22:02:27.914+0000] {logging_mixin.py:154} INFO - [2025-02-22T22:02:27.914+0000] {dag.py:2941} INFO - Sync 1 DAGs
[2025-02-22T22:02:27.944+0000] {logging_mixin.py:154} INFO - [2025-02-22T22:02:27.944+0000] {dag.py:3722} INFO - Setting next_dagrun for example_setup_teardown to 2025-02-21T22:02:27.944172+00:00, run_after=2025-02-22T22:02:27.944172+00:00
[2025-02-22T22:02:27.969+0000] {processor.py:179} INFO - Processing /home/airflow/.local/lib/python3.10/site-packages/airflow/example_dags/example_setup_teardown.py took 0.143 seconds
[2025-02-22T22:02:58.538+0000] {processor.py:157} INFO - Started process (PID=457) to work on /home/airflow/.local/lib/python3.10/site-packages/airflow/example_dags/example_setup_teardown.py
[2025-02-22T22:02:58.539+0000] {processor.py:829} INFO - Processing file /home/airflow/.local/lib/python3.10/site-packages/airflow/example_dags/example_setup_teardown.py for tasks to queue
[2025-02-22T22:02:58.541+0000] {logging_mixin.py:154} INFO - [2025-02-22T22:02:58.541+0000] {dagbag.py:536} INFO - Filling up the DagBag from /home/airflow/.local/lib/python3.10/site-packages/airflow/example_dags/example_setup_teardown.py
[2025-02-22T22:02:58.550+0000] {processor.py:839} INFO - DAG(s) dict_keys(['example_setup_teardown']) retrieved from /home/airflow/.local/lib/python3.10/site-packages/airflow/example_dags/example_setup_teardown.py
[2025-02-22T22:02:58.634+0000] {logging_mixin.py:154} INFO - [2025-02-22T22:02:58.634+0000] {dag.py:2941} INFO - Sync 1 DAGs
[2025-02-22T22:02:58.673+0000] {logging_mixin.py:154} INFO - [2025-02-22T22:02:58.672+0000] {dag.py:3722} INFO - Setting next_dagrun for example_setup_teardown to 2025-02-21T22:02:58.672211+00:00, run_after=2025-02-22T22:02:58.672211+00:00
[2025-02-22T22:02:58.705+0000] {processor.py:179} INFO - Processing /home/airflow/.local/lib/python3.10/site-packages/airflow/example_dags/example_setup_teardown.py took 0.170 seconds
[2025-02-22T22:03:42.964+0000] {processor.py:157} INFO - Started process (PID=66) to work on /home/airflow/.local/lib/python3.10/site-packages/airflow/example_dags/example_setup_teardown.py
[2025-02-22T22:03:42.965+0000] {processor.py:829} INFO - Processing file /home/airflow/.local/lib/python3.10/site-packages/airflow/example_dags/example_setup_teardown.py for tasks to queue
[2025-02-22T22:03:42.967+0000] {logging_mixin.py:154} INFO - [2025-02-22T22:03:42.966+0000] {dagbag.py:536} INFO - Filling up the DagBag from /home/airflow/.local/lib/python3.10/site-packages/airflow/example_dags/example_setup_teardown.py
[2025-02-22T22:03:42.977+0000] {processor.py:839} INFO - DAG(s) dict_keys(['example_setup_teardown']) retrieved from /home/airflow/.local/lib/python3.10/site-packages/airflow/example_dags/example_setup_teardown.py
[2025-02-22T22:03:43.053+0000] {logging_mixin.py:154} INFO - [2025-02-22T22:03:43.053+0000] {dag.py:2941} INFO - Sync 1 DAGs
[2025-02-22T22:03:43.099+0000] {logging_mixin.py:154} INFO - [2025-02-22T22:03:43.098+0000] {dag.py:3722} INFO - Setting next_dagrun for example_setup_teardown to 2025-02-21T22:03:43.097918+00:00, run_after=2025-02-22T22:03:43.097918+00:00
[2025-02-22T22:03:43.125+0000] {processor.py:179} INFO - Processing /home/airflow/.local/lib/python3.10/site-packages/airflow/example_dags/example_setup_teardown.py took 0.163 seconds
[2025-02-22T22:04:13.165+0000] {processor.py:157} INFO - Started process (PID=134) to work on /home/airflow/.local/lib/python3.10/site-packages/airflow/example_dags/example_setup_teardown.py
[2025-02-22T22:04:13.166+0000] {processor.py:829} INFO - Processing file /home/airflow/.local/lib/python3.10/site-packages/airflow/example_dags/example_setup_teardown.py for tasks to queue
[2025-02-22T22:04:13.167+0000] {logging_mixin.py:154} INFO - [2025-02-22T22:04:13.167+0000] {dagbag.py:536} INFO - Filling up the DagBag from /home/airflow/.local/lib/python3.10/site-packages/airflow/example_dags/example_setup_teardown.py
[2025-02-22T22:04:13.174+0000] {processor.py:839} INFO - DAG(s) dict_keys(['example_setup_teardown']) retrieved from /home/airflow/.local/lib/python3.10/site-packages/airflow/example_dags/example_setup_teardown.py
[2025-02-22T22:04:13.240+0000] {logging_mixin.py:154} INFO - [2025-02-22T22:04:13.240+0000] {dag.py:2941} INFO - Sync 1 DAGs
[2025-02-22T22:04:13.266+0000] {logging_mixin.py:154} INFO - [2025-02-22T22:04:13.266+0000] {dag.py:3722} INFO - Setting next_dagrun for example_setup_teardown to 2025-02-21T22:04:13.265691+00:00, run_after=2025-02-22T22:04:13.265691+00:00
[2025-02-22T22:04:13.287+0000] {processor.py:179} INFO - Processing /home/airflow/.local/lib/python3.10/site-packages/airflow/example_dags/example_setup_teardown.py took 0.124 seconds
[2025-02-22T22:04:43.362+0000] {processor.py:157} INFO - Started process (PID=195) to work on /home/airflow/.local/lib/python3.10/site-packages/airflow/example_dags/example_setup_teardown.py
[2025-02-22T22:04:43.362+0000] {processor.py:829} INFO - Processing file /home/airflow/.local/lib/python3.10/site-packages/airflow/example_dags/example_setup_teardown.py for tasks to queue
[2025-02-22T22:04:43.364+0000] {logging_mixin.py:154} INFO - [2025-02-22T22:04:43.363+0000] {dagbag.py:536} INFO - Filling up the DagBag from /home/airflow/.local/lib/python3.10/site-packages/airflow/example_dags/example_setup_teardown.py
[2025-02-22T22:04:43.370+0000] {processor.py:839} INFO - DAG(s) dict_keys(['example_setup_teardown']) retrieved from /home/airflow/.local/lib/python3.10/site-packages/airflow/example_dags/example_setup_teardown.py
[2025-02-22T22:04:43.496+0000] {logging_mixin.py:154} INFO - [2025-02-22T22:04:43.496+0000] {dag.py:2941} INFO - Sync 1 DAGs
[2025-02-22T22:04:43.529+0000] {logging_mixin.py:154} INFO - [2025-02-22T22:04:43.529+0000] {dag.py:3722} INFO - Setting next_dagrun for example_setup_teardown to 2025-02-21T22:04:43.528924+00:00, run_after=2025-02-22T22:04:43.528924+00:00
[2025-02-22T22:04:43.552+0000] {processor.py:179} INFO - Processing /home/airflow/.local/lib/python3.10/site-packages/airflow/example_dags/example_setup_teardown.py took 0.192 seconds
[2025-02-22T22:05:14.070+0000] {processor.py:157} INFO - Started process (PID=263) to work on /home/airflow/.local/lib/python3.10/site-packages/airflow/example_dags/example_setup_teardown.py
[2025-02-22T22:05:14.071+0000] {processor.py:829} INFO - Processing file /home/airflow/.local/lib/python3.10/site-packages/airflow/example_dags/example_setup_teardown.py for tasks to queue
[2025-02-22T22:05:14.073+0000] {logging_mixin.py:154} INFO - [2025-02-22T22:05:14.072+0000] {dagbag.py:536} INFO - Filling up the DagBag from /home/airflow/.local/lib/python3.10/site-packages/airflow/example_dags/example_setup_teardown.py
[2025-02-22T22:05:14.079+0000] {processor.py:839} INFO - DAG(s) dict_keys(['example_setup_teardown']) retrieved from /home/airflow/.local/lib/python3.10/site-packages/airflow/example_dags/example_setup_teardown.py
[2025-02-22T22:05:14.154+0000] {logging_mixin.py:154} INFO - [2025-02-22T22:05:14.153+0000] {dag.py:2941} INFO - Sync 1 DAGs
[2025-02-22T22:05:14.181+0000] {logging_mixin.py:154} INFO - [2025-02-22T22:05:14.181+0000] {dag.py:3722} INFO - Setting next_dagrun for example_setup_teardown to 2025-02-21T22:05:14.181356+00:00, run_after=2025-02-22T22:05:14.181356+00:00
[2025-02-22T22:05:14.202+0000] {processor.py:179} INFO - Processing /home/airflow/.local/lib/python3.10/site-packages/airflow/example_dags/example_setup_teardown.py took 0.134 seconds
[2025-02-22T22:05:44.581+0000] {processor.py:157} INFO - Started process (PID=324) to work on /home/airflow/.local/lib/python3.10/site-packages/airflow/example_dags/example_setup_teardown.py
[2025-02-22T22:05:44.582+0000] {processor.py:829} INFO - Processing file /home/airflow/.local/lib/python3.10/site-packages/airflow/example_dags/example_setup_teardown.py for tasks to queue
[2025-02-22T22:05:44.583+0000] {logging_mixin.py:154} INFO - [2025-02-22T22:05:44.583+0000] {dagbag.py:536} INFO - Filling up the DagBag from /home/airflow/.local/lib/python3.10/site-packages/airflow/example_dags/example_setup_teardown.py
[2025-02-22T22:05:44.589+0000] {processor.py:839} INFO - DAG(s) dict_keys(['example_setup_teardown']) retrieved from /home/airflow/.local/lib/python3.10/site-packages/airflow/example_dags/example_setup_teardown.py
[2025-02-22T22:05:44.656+0000] {logging_mixin.py:154} INFO - [2025-02-22T22:05:44.656+0000] {dag.py:2941} INFO - Sync 1 DAGs
[2025-02-22T22:05:44.686+0000] {logging_mixin.py:154} INFO - [2025-02-22T22:05:44.686+0000] {dag.py:3722} INFO - Setting next_dagrun for example_setup_teardown to 2025-02-21T22:05:44.686151+00:00, run_after=2025-02-22T22:05:44.686151+00:00
[2025-02-22T22:05:44.705+0000] {processor.py:179} INFO - Processing /home/airflow/.local/lib/python3.10/site-packages/airflow/example_dags/example_setup_teardown.py took 0.127 seconds
[2025-02-22T22:06:14.960+0000] {processor.py:157} INFO - Started process (PID=392) to work on /home/airflow/.local/lib/python3.10/site-packages/airflow/example_dags/example_setup_teardown.py
[2025-02-22T22:06:14.961+0000] {processor.py:829} INFO - Processing file /home/airflow/.local/lib/python3.10/site-packages/airflow/example_dags/example_setup_teardown.py for tasks to queue
[2025-02-22T22:06:14.963+0000] {logging_mixin.py:154} INFO - [2025-02-22T22:06:14.963+0000] {dagbag.py:536} INFO - Filling up the DagBag from /home/airflow/.local/lib/python3.10/site-packages/airflow/example_dags/example_setup_teardown.py
[2025-02-22T22:06:14.969+0000] {processor.py:839} INFO - DAG(s) dict_keys(['example_setup_teardown']) retrieved from /home/airflow/.local/lib/python3.10/site-packages/airflow/example_dags/example_setup_teardown.py
[2025-02-22T22:06:15.036+0000] {logging_mixin.py:154} INFO - [2025-02-22T22:06:15.036+0000] {dag.py:2941} INFO - Sync 1 DAGs
[2025-02-22T22:06:15.066+0000] {logging_mixin.py:154} INFO - [2025-02-22T22:06:15.066+0000] {dag.py:3722} INFO - Setting next_dagrun for example_setup_teardown to 2025-02-21T22:06:15.066286+00:00, run_after=2025-02-22T22:06:15.066286+00:00
[2025-02-22T22:06:15.090+0000] {processor.py:179} INFO - Processing /home/airflow/.local/lib/python3.10/site-packages/airflow/example_dags/example_setup_teardown.py took 0.132 seconds
[2025-02-22T22:06:45.676+0000] {processor.py:157} INFO - Started process (PID=453) to work on /home/airflow/.local/lib/python3.10/site-packages/airflow/example_dags/example_setup_teardown.py
[2025-02-22T22:06:45.677+0000] {processor.py:829} INFO - Processing file /home/airflow/.local/lib/python3.10/site-packages/airflow/example_dags/example_setup_teardown.py for tasks to queue
[2025-02-22T22:06:45.679+0000] {logging_mixin.py:154} INFO - [2025-02-22T22:06:45.678+0000] {dagbag.py:536} INFO - Filling up the DagBag from /home/airflow/.local/lib/python3.10/site-packages/airflow/example_dags/example_setup_teardown.py
[2025-02-22T22:06:45.686+0000] {processor.py:839} INFO - DAG(s) dict_keys(['example_setup_teardown']) retrieved from /home/airflow/.local/lib/python3.10/site-packages/airflow/example_dags/example_setup_teardown.py
[2025-02-22T22:06:45.755+0000] {logging_mixin.py:154} INFO - [2025-02-22T22:06:45.755+0000] {dag.py:2941} INFO - Sync 1 DAGs
[2025-02-22T22:06:45.805+0000] {logging_mixin.py:154} INFO - [2025-02-22T22:06:45.804+0000] {dag.py:3722} INFO - Setting next_dagrun for example_setup_teardown to 2025-02-21T22:06:45.804109+00:00, run_after=2025-02-22T22:06:45.804109+00:00
[2025-02-22T22:06:45.840+0000] {processor.py:179} INFO - Processing /home/airflow/.local/lib/python3.10/site-packages/airflow/example_dags/example_setup_teardown.py took 0.166 seconds
[2025-02-22T22:07:16.242+0000] {processor.py:157} INFO - Started process (PID=521) to work on /home/airflow/.local/lib/python3.10/site-packages/airflow/example_dags/example_setup_teardown.py
[2025-02-22T22:07:16.244+0000] {processor.py:829} INFO - Processing file /home/airflow/.local/lib/python3.10/site-packages/airflow/example_dags/example_setup_teardown.py for tasks to queue
[2025-02-22T22:07:16.246+0000] {logging_mixin.py:154} INFO - [2025-02-22T22:07:16.246+0000] {dagbag.py:536} INFO - Filling up the DagBag from /home/airflow/.local/lib/python3.10/site-packages/airflow/example_dags/example_setup_teardown.py
[2025-02-22T22:07:16.253+0000] {processor.py:839} INFO - DAG(s) dict_keys(['example_setup_teardown']) retrieved from /home/airflow/.local/lib/python3.10/site-packages/airflow/example_dags/example_setup_teardown.py
[2025-02-22T22:07:16.320+0000] {logging_mixin.py:154} INFO - [2025-02-22T22:07:16.320+0000] {dag.py:2941} INFO - Sync 1 DAGs
[2025-02-22T22:07:16.353+0000] {logging_mixin.py:154} INFO - [2025-02-22T22:07:16.353+0000] {dag.py:3722} INFO - Setting next_dagrun for example_setup_teardown to 2025-02-21T22:07:16.352939+00:00, run_after=2025-02-22T22:07:16.352939+00:00
[2025-02-22T22:07:16.377+0000] {processor.py:179} INFO - Processing /home/airflow/.local/lib/python3.10/site-packages/airflow/example_dags/example_setup_teardown.py took 0.137 seconds
[2025-02-22T22:07:46.761+0000] {processor.py:157} INFO - Started process (PID=582) to work on /home/airflow/.local/lib/python3.10/site-packages/airflow/example_dags/example_setup_teardown.py
[2025-02-22T22:07:46.763+0000] {processor.py:829} INFO - Processing file /home/airflow/.local/lib/python3.10/site-packages/airflow/example_dags/example_setup_teardown.py for tasks to queue
[2025-02-22T22:07:46.766+0000] {logging_mixin.py:154} INFO - [2025-02-22T22:07:46.766+0000] {dagbag.py:536} INFO - Filling up the DagBag from /home/airflow/.local/lib/python3.10/site-packages/airflow/example_dags/example_setup_teardown.py
[2025-02-22T22:07:46.774+0000] {processor.py:839} INFO - DAG(s) dict_keys(['example_setup_teardown']) retrieved from /home/airflow/.local/lib/python3.10/site-packages/airflow/example_dags/example_setup_teardown.py
[2025-02-22T22:07:46.843+0000] {logging_mixin.py:154} INFO - [2025-02-22T22:07:46.842+0000] {dag.py:2941} INFO - Sync 1 DAGs
[2025-02-22T22:07:46.870+0000] {logging_mixin.py:154} INFO - [2025-02-22T22:07:46.869+0000] {dag.py:3722} INFO - Setting next_dagrun for example_setup_teardown to 2025-02-21T22:07:46.869546+00:00, run_after=2025-02-22T22:07:46.869546+00:00
[2025-02-22T22:07:46.891+0000] {processor.py:179} INFO - Processing /home/airflow/.local/lib/python3.10/site-packages/airflow/example_dags/example_setup_teardown.py took 0.133 seconds
[2025-02-22T22:08:38.697+0000] {processor.py:157} INFO - Started process (PID=71) to work on /home/airflow/.local/lib/python3.10/site-packages/airflow/example_dags/example_setup_teardown.py
[2025-02-22T22:08:38.698+0000] {processor.py:829} INFO - Processing file /home/airflow/.local/lib/python3.10/site-packages/airflow/example_dags/example_setup_teardown.py for tasks to queue
[2025-02-22T22:08:38.701+0000] {logging_mixin.py:154} INFO - [2025-02-22T22:08:38.700+0000] {dagbag.py:536} INFO - Filling up the DagBag from /home/airflow/.local/lib/python3.10/site-packages/airflow/example_dags/example_setup_teardown.py
[2025-02-22T22:08:38.719+0000] {processor.py:839} INFO - DAG(s) dict_keys(['example_setup_teardown']) retrieved from /home/airflow/.local/lib/python3.10/site-packages/airflow/example_dags/example_setup_teardown.py
[2025-02-22T22:08:38.843+0000] {logging_mixin.py:154} INFO - [2025-02-22T22:08:38.842+0000] {dag.py:2941} INFO - Sync 1 DAGs
[2025-02-22T22:08:38.884+0000] {logging_mixin.py:154} INFO - [2025-02-22T22:08:38.883+0000] {dag.py:3722} INFO - Setting next_dagrun for example_setup_teardown to 2025-02-21T22:08:38.883135+00:00, run_after=2025-02-22T22:08:38.883135+00:00
[2025-02-22T22:08:38.927+0000] {processor.py:179} INFO - Processing /home/airflow/.local/lib/python3.10/site-packages/airflow/example_dags/example_setup_teardown.py took 0.237 seconds
[2025-02-22T22:09:09.121+0000] {processor.py:157} INFO - Started process (PID=132) to work on /home/airflow/.local/lib/python3.10/site-packages/airflow/example_dags/example_setup_teardown.py
[2025-02-22T22:09:09.122+0000] {processor.py:829} INFO - Processing file /home/airflow/.local/lib/python3.10/site-packages/airflow/example_dags/example_setup_teardown.py for tasks to queue
[2025-02-22T22:09:09.124+0000] {logging_mixin.py:154} INFO - [2025-02-22T22:09:09.123+0000] {dagbag.py:536} INFO - Filling up the DagBag from /home/airflow/.local/lib/python3.10/site-packages/airflow/example_dags/example_setup_teardown.py
[2025-02-22T22:09:09.131+0000] {processor.py:839} INFO - DAG(s) dict_keys(['example_setup_teardown']) retrieved from /home/airflow/.local/lib/python3.10/site-packages/airflow/example_dags/example_setup_teardown.py
[2025-02-22T22:09:09.200+0000] {logging_mixin.py:154} INFO - [2025-02-22T22:09:09.200+0000] {dag.py:2941} INFO - Sync 1 DAGs
[2025-02-22T22:09:09.228+0000] {logging_mixin.py:154} INFO - [2025-02-22T22:09:09.228+0000] {dag.py:3722} INFO - Setting next_dagrun for example_setup_teardown to 2025-02-21T22:09:09.228347+00:00, run_after=2025-02-22T22:09:09.228347+00:00
[2025-02-22T22:09:09.246+0000] {processor.py:179} INFO - Processing /home/airflow/.local/lib/python3.10/site-packages/airflow/example_dags/example_setup_teardown.py took 0.127 seconds
[2025-02-22T22:09:39.572+0000] {processor.py:157} INFO - Started process (PID=192) to work on /home/airflow/.local/lib/python3.10/site-packages/airflow/example_dags/example_setup_teardown.py
[2025-02-22T22:09:39.573+0000] {processor.py:829} INFO - Processing file /home/airflow/.local/lib/python3.10/site-packages/airflow/example_dags/example_setup_teardown.py for tasks to queue
[2025-02-22T22:09:39.578+0000] {logging_mixin.py:154} INFO - [2025-02-22T22:09:39.578+0000] {dagbag.py:536} INFO - Filling up the DagBag from /home/airflow/.local/lib/python3.10/site-packages/airflow/example_dags/example_setup_teardown.py
[2025-02-22T22:09:39.584+0000] {processor.py:839} INFO - DAG(s) dict_keys(['example_setup_teardown']) retrieved from /home/airflow/.local/lib/python3.10/site-packages/airflow/example_dags/example_setup_teardown.py
[2025-02-22T22:09:39.655+0000] {logging_mixin.py:154} INFO - [2025-02-22T22:09:39.654+0000] {dag.py:2941} INFO - Sync 1 DAGs
[2025-02-22T22:09:39.681+0000] {logging_mixin.py:154} INFO - [2025-02-22T22:09:39.680+0000] {dag.py:3722} INFO - Setting next_dagrun for example_setup_teardown to 2025-02-21T22:09:39.680517+00:00, run_after=2025-02-22T22:09:39.680517+00:00
[2025-02-22T22:09:39.698+0000] {processor.py:179} INFO - Processing /home/airflow/.local/lib/python3.10/site-packages/airflow/example_dags/example_setup_teardown.py took 0.129 seconds
[2025-02-22T22:10:09.753+0000] {processor.py:157} INFO - Started process (PID=260) to work on /home/airflow/.local/lib/python3.10/site-packages/airflow/example_dags/example_setup_teardown.py
[2025-02-22T22:10:09.756+0000] {processor.py:829} INFO - Processing file /home/airflow/.local/lib/python3.10/site-packages/airflow/example_dags/example_setup_teardown.py for tasks to queue
[2025-02-22T22:10:09.759+0000] {logging_mixin.py:154} INFO - [2025-02-22T22:10:09.759+0000] {dagbag.py:536} INFO - Filling up the DagBag from /home/airflow/.local/lib/python3.10/site-packages/airflow/example_dags/example_setup_teardown.py
[2025-02-22T22:10:09.767+0000] {processor.py:839} INFO - DAG(s) dict_keys(['example_setup_teardown']) retrieved from /home/airflow/.local/lib/python3.10/site-packages/airflow/example_dags/example_setup_teardown.py
[2025-02-22T22:10:09.838+0000] {logging_mixin.py:154} INFO - [2025-02-22T22:10:09.837+0000] {dag.py:2941} INFO - Sync 1 DAGs
[2025-02-22T22:10:09.863+0000] {logging_mixin.py:154} INFO - [2025-02-22T22:10:09.863+0000] {dag.py:3722} INFO - Setting next_dagrun for example_setup_teardown to 2025-02-21T22:10:09.863407+00:00, run_after=2025-02-22T22:10:09.863407+00:00
[2025-02-22T22:10:09.881+0000] {processor.py:179} INFO - Processing /home/airflow/.local/lib/python3.10/site-packages/airflow/example_dags/example_setup_teardown.py took 0.131 seconds
[2025-02-22T22:10:39.927+0000] {processor.py:157} INFO - Started process (PID=321) to work on /home/airflow/.local/lib/python3.10/site-packages/airflow/example_dags/example_setup_teardown.py
[2025-02-22T22:10:39.927+0000] {processor.py:829} INFO - Processing file /home/airflow/.local/lib/python3.10/site-packages/airflow/example_dags/example_setup_teardown.py for tasks to queue
[2025-02-22T22:10:39.928+0000] {logging_mixin.py:154} INFO - [2025-02-22T22:10:39.928+0000] {dagbag.py:536} INFO - Filling up the DagBag from /home/airflow/.local/lib/python3.10/site-packages/airflow/example_dags/example_setup_teardown.py
[2025-02-22T22:10:39.934+0000] {processor.py:839} INFO - DAG(s) dict_keys(['example_setup_teardown']) retrieved from /home/airflow/.local/lib/python3.10/site-packages/airflow/example_dags/example_setup_teardown.py
[2025-02-22T22:10:40.007+0000] {logging_mixin.py:154} INFO - [2025-02-22T22:10:40.006+0000] {dag.py:2941} INFO - Sync 1 DAGs
[2025-02-22T22:10:40.037+0000] {logging_mixin.py:154} INFO - [2025-02-22T22:10:40.036+0000] {dag.py:3722} INFO - Setting next_dagrun for example_setup_teardown to 2025-02-21T22:10:40.036454+00:00, run_after=2025-02-22T22:10:40.036454+00:00
[2025-02-22T22:10:40.060+0000] {processor.py:179} INFO - Processing /home/airflow/.local/lib/python3.10/site-packages/airflow/example_dags/example_setup_teardown.py took 0.135 seconds
[2025-02-22T22:11:10.620+0000] {processor.py:157} INFO - Started process (PID=387) to work on /home/airflow/.local/lib/python3.10/site-packages/airflow/example_dags/example_setup_teardown.py
[2025-02-22T22:11:10.622+0000] {processor.py:829} INFO - Processing file /home/airflow/.local/lib/python3.10/site-packages/airflow/example_dags/example_setup_teardown.py for tasks to queue
[2025-02-22T22:11:10.624+0000] {logging_mixin.py:154} INFO - [2025-02-22T22:11:10.623+0000] {dagbag.py:536} INFO - Filling up the DagBag from /home/airflow/.local/lib/python3.10/site-packages/airflow/example_dags/example_setup_teardown.py
[2025-02-22T22:11:10.631+0000] {processor.py:839} INFO - DAG(s) dict_keys(['example_setup_teardown']) retrieved from /home/airflow/.local/lib/python3.10/site-packages/airflow/example_dags/example_setup_teardown.py
[2025-02-22T22:11:10.699+0000] {logging_mixin.py:154} INFO - [2025-02-22T22:11:10.699+0000] {dag.py:2941} INFO - Sync 1 DAGs
[2025-02-22T22:11:10.726+0000] {logging_mixin.py:154} INFO - [2025-02-22T22:11:10.726+0000] {dag.py:3722} INFO - Setting next_dagrun for example_setup_teardown to 2025-02-21T22:11:10.725924+00:00, run_after=2025-02-22T22:11:10.725924+00:00
[2025-02-22T22:11:10.743+0000] {processor.py:179} INFO - Processing /home/airflow/.local/lib/python3.10/site-packages/airflow/example_dags/example_setup_teardown.py took 0.125 seconds
[2025-02-22T22:11:41.204+0000] {processor.py:157} INFO - Started process (PID=448) to work on /home/airflow/.local/lib/python3.10/site-packages/airflow/example_dags/example_setup_teardown.py
[2025-02-22T22:11:41.206+0000] {processor.py:829} INFO - Processing file /home/airflow/.local/lib/python3.10/site-packages/airflow/example_dags/example_setup_teardown.py for tasks to queue
[2025-02-22T22:11:41.209+0000] {logging_mixin.py:154} INFO - [2025-02-22T22:11:41.209+0000] {dagbag.py:536} INFO - Filling up the DagBag from /home/airflow/.local/lib/python3.10/site-packages/airflow/example_dags/example_setup_teardown.py
[2025-02-22T22:11:41.216+0000] {processor.py:839} INFO - DAG(s) dict_keys(['example_setup_teardown']) retrieved from /home/airflow/.local/lib/python3.10/site-packages/airflow/example_dags/example_setup_teardown.py
[2025-02-22T22:11:41.294+0000] {logging_mixin.py:154} INFO - [2025-02-22T22:11:41.294+0000] {dag.py:2941} INFO - Sync 1 DAGs
[2025-02-22T22:11:41.327+0000] {logging_mixin.py:154} INFO - [2025-02-22T22:11:41.326+0000] {dag.py:3722} INFO - Setting next_dagrun for example_setup_teardown to 2025-02-21T22:11:41.326315+00:00, run_after=2025-02-22T22:11:41.326315+00:00
[2025-02-22T22:11:41.361+0000] {processor.py:179} INFO - Processing /home/airflow/.local/lib/python3.10/site-packages/airflow/example_dags/example_setup_teardown.py took 0.160 seconds
[2025-02-22T22:12:12.215+0000] {processor.py:157} INFO - Started process (PID=516) to work on /home/airflow/.local/lib/python3.10/site-packages/airflow/example_dags/example_setup_teardown.py
[2025-02-22T22:12:12.215+0000] {processor.py:829} INFO - Processing file /home/airflow/.local/lib/python3.10/site-packages/airflow/example_dags/example_setup_teardown.py for tasks to queue
[2025-02-22T22:12:12.217+0000] {logging_mixin.py:154} INFO - [2025-02-22T22:12:12.217+0000] {dagbag.py:536} INFO - Filling up the DagBag from /home/airflow/.local/lib/python3.10/site-packages/airflow/example_dags/example_setup_teardown.py
[2025-02-22T22:12:12.224+0000] {processor.py:839} INFO - DAG(s) dict_keys(['example_setup_teardown']) retrieved from /home/airflow/.local/lib/python3.10/site-packages/airflow/example_dags/example_setup_teardown.py
[2025-02-22T22:12:12.300+0000] {logging_mixin.py:154} INFO - [2025-02-22T22:12:12.300+0000] {dag.py:2941} INFO - Sync 1 DAGs
[2025-02-22T22:12:12.335+0000] {logging_mixin.py:154} INFO - [2025-02-22T22:12:12.334+0000] {dag.py:3722} INFO - Setting next_dagrun for example_setup_teardown to 2025-02-21T22:12:12.334325+00:00, run_after=2025-02-22T22:12:12.334325+00:00
[2025-02-22T22:12:12.359+0000] {processor.py:179} INFO - Processing /home/airflow/.local/lib/python3.10/site-packages/airflow/example_dags/example_setup_teardown.py took 0.146 seconds
[2025-02-22T22:12:42.789+0000] {processor.py:157} INFO - Started process (PID=577) to work on /home/airflow/.local/lib/python3.10/site-packages/airflow/example_dags/example_setup_teardown.py
[2025-02-22T22:12:42.790+0000] {processor.py:829} INFO - Processing file /home/airflow/.local/lib/python3.10/site-packages/airflow/example_dags/example_setup_teardown.py for tasks to queue
[2025-02-22T22:12:42.791+0000] {logging_mixin.py:154} INFO - [2025-02-22T22:12:42.791+0000] {dagbag.py:536} INFO - Filling up the DagBag from /home/airflow/.local/lib/python3.10/site-packages/airflow/example_dags/example_setup_teardown.py
[2025-02-22T22:12:42.798+0000] {processor.py:839} INFO - DAG(s) dict_keys(['example_setup_teardown']) retrieved from /home/airflow/.local/lib/python3.10/site-packages/airflow/example_dags/example_setup_teardown.py
[2025-02-22T22:12:42.865+0000] {logging_mixin.py:154} INFO - [2025-02-22T22:12:42.865+0000] {dag.py:2941} INFO - Sync 1 DAGs
[2025-02-22T22:12:42.897+0000] {logging_mixin.py:154} INFO - [2025-02-22T22:12:42.897+0000] {dag.py:3722} INFO - Setting next_dagrun for example_setup_teardown to 2025-02-21T22:12:42.897303+00:00, run_after=2025-02-22T22:12:42.897303+00:00
[2025-02-22T22:12:42.919+0000] {processor.py:179} INFO - Processing /home/airflow/.local/lib/python3.10/site-packages/airflow/example_dags/example_setup_teardown.py took 0.132 seconds
[2025-02-22T22:13:14.325+0000] {processor.py:157} INFO - Started process (PID=644) to work on /home/airflow/.local/lib/python3.10/site-packages/airflow/example_dags/example_setup_teardown.py
[2025-02-22T22:13:14.326+0000] {processor.py:829} INFO - Processing file /home/airflow/.local/lib/python3.10/site-packages/airflow/example_dags/example_setup_teardown.py for tasks to queue
[2025-02-22T22:13:14.328+0000] {logging_mixin.py:154} INFO - [2025-02-22T22:13:14.327+0000] {dagbag.py:536} INFO - Filling up the DagBag from /home/airflow/.local/lib/python3.10/site-packages/airflow/example_dags/example_setup_teardown.py
[2025-02-22T22:13:14.335+0000] {processor.py:839} INFO - DAG(s) dict_keys(['example_setup_teardown']) retrieved from /home/airflow/.local/lib/python3.10/site-packages/airflow/example_dags/example_setup_teardown.py
[2025-02-22T22:13:14.412+0000] {logging_mixin.py:154} INFO - [2025-02-22T22:13:14.412+0000] {dag.py:2941} INFO - Sync 1 DAGs
[2025-02-22T22:13:14.442+0000] {logging_mixin.py:154} INFO - [2025-02-22T22:13:14.442+0000] {dag.py:3722} INFO - Setting next_dagrun for example_setup_teardown to 2025-02-21T22:13:14.441888+00:00, run_after=2025-02-22T22:13:14.441888+00:00
[2025-02-22T22:13:14.473+0000] {processor.py:179} INFO - Processing /home/airflow/.local/lib/python3.10/site-packages/airflow/example_dags/example_setup_teardown.py took 0.150 seconds
[2025-02-22T22:13:44.784+0000] {processor.py:157} INFO - Started process (PID=712) to work on /home/airflow/.local/lib/python3.10/site-packages/airflow/example_dags/example_setup_teardown.py
[2025-02-22T22:13:44.785+0000] {processor.py:829} INFO - Processing file /home/airflow/.local/lib/python3.10/site-packages/airflow/example_dags/example_setup_teardown.py for tasks to queue
[2025-02-22T22:13:44.788+0000] {logging_mixin.py:154} INFO - [2025-02-22T22:13:44.787+0000] {dagbag.py:536} INFO - Filling up the DagBag from /home/airflow/.local/lib/python3.10/site-packages/airflow/example_dags/example_setup_teardown.py
[2025-02-22T22:13:44.795+0000] {processor.py:839} INFO - DAG(s) dict_keys(['example_setup_teardown']) retrieved from /home/airflow/.local/lib/python3.10/site-packages/airflow/example_dags/example_setup_teardown.py
[2025-02-22T22:13:44.874+0000] {logging_mixin.py:154} INFO - [2025-02-22T22:13:44.873+0000] {dag.py:2941} INFO - Sync 1 DAGs
[2025-02-22T22:13:44.911+0000] {logging_mixin.py:154} INFO - [2025-02-22T22:13:44.911+0000] {dag.py:3722} INFO - Setting next_dagrun for example_setup_teardown to 2025-02-21T22:13:44.911236+00:00, run_after=2025-02-22T22:13:44.911236+00:00
[2025-02-22T22:13:44.940+0000] {processor.py:179} INFO - Processing /home/airflow/.local/lib/python3.10/site-packages/airflow/example_dags/example_setup_teardown.py took 0.159 seconds
[2025-02-22T22:14:15.050+0000] {processor.py:157} INFO - Started process (PID=773) to work on /home/airflow/.local/lib/python3.10/site-packages/airflow/example_dags/example_setup_teardown.py
[2025-02-22T22:14:15.051+0000] {processor.py:829} INFO - Processing file /home/airflow/.local/lib/python3.10/site-packages/airflow/example_dags/example_setup_teardown.py for tasks to queue
[2025-02-22T22:14:15.054+0000] {logging_mixin.py:154} INFO - [2025-02-22T22:14:15.054+0000] {dagbag.py:536} INFO - Filling up the DagBag from /home/airflow/.local/lib/python3.10/site-packages/airflow/example_dags/example_setup_teardown.py
[2025-02-22T22:14:15.060+0000] {processor.py:839} INFO - DAG(s) dict_keys(['example_setup_teardown']) retrieved from /home/airflow/.local/lib/python3.10/site-packages/airflow/example_dags/example_setup_teardown.py
[2025-02-22T22:14:15.128+0000] {logging_mixin.py:154} INFO - [2025-02-22T22:14:15.128+0000] {dag.py:2941} INFO - Sync 1 DAGs
[2025-02-22T22:14:15.154+0000] {logging_mixin.py:154} INFO - [2025-02-22T22:14:15.154+0000] {dag.py:3722} INFO - Setting next_dagrun for example_setup_teardown to 2025-02-21T22:14:15.154386+00:00, run_after=2025-02-22T22:14:15.154386+00:00
[2025-02-22T22:14:15.174+0000] {processor.py:179} INFO - Processing /home/airflow/.local/lib/python3.10/site-packages/airflow/example_dags/example_setup_teardown.py took 0.126 seconds
[2025-02-22T22:14:45.965+0000] {processor.py:157} INFO - Started process (PID=841) to work on /home/airflow/.local/lib/python3.10/site-packages/airflow/example_dags/example_setup_teardown.py
[2025-02-22T22:14:45.966+0000] {processor.py:829} INFO - Processing file /home/airflow/.local/lib/python3.10/site-packages/airflow/example_dags/example_setup_teardown.py for tasks to queue
[2025-02-22T22:14:45.968+0000] {logging_mixin.py:154} INFO - [2025-02-22T22:14:45.968+0000] {dagbag.py:536} INFO - Filling up the DagBag from /home/airflow/.local/lib/python3.10/site-packages/airflow/example_dags/example_setup_teardown.py
[2025-02-22T22:14:45.977+0000] {processor.py:839} INFO - DAG(s) dict_keys(['example_setup_teardown']) retrieved from /home/airflow/.local/lib/python3.10/site-packages/airflow/example_dags/example_setup_teardown.py
[2025-02-22T22:14:46.065+0000] {logging_mixin.py:154} INFO - [2025-02-22T22:14:46.065+0000] {dag.py:2941} INFO - Sync 1 DAGs
[2025-02-22T22:14:46.102+0000] {logging_mixin.py:154} INFO - [2025-02-22T22:14:46.102+0000] {dag.py:3722} INFO - Setting next_dagrun for example_setup_teardown to 2025-02-21T22:14:46.101591+00:00, run_after=2025-02-22T22:14:46.101591+00:00
[2025-02-22T22:14:46.136+0000] {processor.py:179} INFO - Processing /home/airflow/.local/lib/python3.10/site-packages/airflow/example_dags/example_setup_teardown.py took 0.174 seconds
[2025-02-22T22:15:16.929+0000] {processor.py:157} INFO - Started process (PID=902) to work on /home/airflow/.local/lib/python3.10/site-packages/airflow/example_dags/example_setup_teardown.py
[2025-02-22T22:15:16.930+0000] {processor.py:829} INFO - Processing file /home/airflow/.local/lib/python3.10/site-packages/airflow/example_dags/example_setup_teardown.py for tasks to queue
[2025-02-22T22:15:16.931+0000] {logging_mixin.py:154} INFO - [2025-02-22T22:15:16.931+0000] {dagbag.py:536} INFO - Filling up the DagBag from /home/airflow/.local/lib/python3.10/site-packages/airflow/example_dags/example_setup_teardown.py
[2025-02-22T22:15:16.937+0000] {processor.py:839} INFO - DAG(s) dict_keys(['example_setup_teardown']) retrieved from /home/airflow/.local/lib/python3.10/site-packages/airflow/example_dags/example_setup_teardown.py
[2025-02-22T22:15:17.010+0000] {logging_mixin.py:154} INFO - [2025-02-22T22:15:17.010+0000] {dag.py:2941} INFO - Sync 1 DAGs
[2025-02-22T22:15:17.049+0000] {logging_mixin.py:154} INFO - [2025-02-22T22:15:17.049+0000] {dag.py:3722} INFO - Setting next_dagrun for example_setup_teardown to 2025-02-21T22:15:17.049238+00:00, run_after=2025-02-22T22:15:17.049238+00:00
[2025-02-22T22:15:17.073+0000] {processor.py:179} INFO - Processing /home/airflow/.local/lib/python3.10/site-packages/airflow/example_dags/example_setup_teardown.py took 0.146 seconds
[2025-02-22T22:15:47.364+0000] {processor.py:157} INFO - Started process (PID=970) to work on /home/airflow/.local/lib/python3.10/site-packages/airflow/example_dags/example_setup_teardown.py
[2025-02-22T22:15:47.365+0000] {processor.py:829} INFO - Processing file /home/airflow/.local/lib/python3.10/site-packages/airflow/example_dags/example_setup_teardown.py for tasks to queue
[2025-02-22T22:15:47.366+0000] {logging_mixin.py:154} INFO - [2025-02-22T22:15:47.366+0000] {dagbag.py:536} INFO - Filling up the DagBag from /home/airflow/.local/lib/python3.10/site-packages/airflow/example_dags/example_setup_teardown.py
[2025-02-22T22:15:47.373+0000] {processor.py:839} INFO - DAG(s) dict_keys(['example_setup_teardown']) retrieved from /home/airflow/.local/lib/python3.10/site-packages/airflow/example_dags/example_setup_teardown.py
[2025-02-22T22:15:47.437+0000] {logging_mixin.py:154} INFO - [2025-02-22T22:15:47.437+0000] {dag.py:2941} INFO - Sync 1 DAGs
[2025-02-22T22:15:47.464+0000] {logging_mixin.py:154} INFO - [2025-02-22T22:15:47.463+0000] {dag.py:3722} INFO - Setting next_dagrun for example_setup_teardown to 2025-02-21T22:15:47.463547+00:00, run_after=2025-02-22T22:15:47.463547+00:00
[2025-02-22T22:15:47.489+0000] {processor.py:179} INFO - Processing /home/airflow/.local/lib/python3.10/site-packages/airflow/example_dags/example_setup_teardown.py took 0.127 seconds
[2025-02-22T22:16:18.507+0000] {processor.py:157} INFO - Started process (PID=1031) to work on /home/airflow/.local/lib/python3.10/site-packages/airflow/example_dags/example_setup_teardown.py
[2025-02-22T22:16:18.509+0000] {processor.py:829} INFO - Processing file /home/airflow/.local/lib/python3.10/site-packages/airflow/example_dags/example_setup_teardown.py for tasks to queue
[2025-02-22T22:16:18.511+0000] {logging_mixin.py:154} INFO - [2025-02-22T22:16:18.511+0000] {dagbag.py:536} INFO - Filling up the DagBag from /home/airflow/.local/lib/python3.10/site-packages/airflow/example_dags/example_setup_teardown.py
[2025-02-22T22:16:18.519+0000] {processor.py:839} INFO - DAG(s) dict_keys(['example_setup_teardown']) retrieved from /home/airflow/.local/lib/python3.10/site-packages/airflow/example_dags/example_setup_teardown.py
[2025-02-22T22:16:18.588+0000] {logging_mixin.py:154} INFO - [2025-02-22T22:16:18.588+0000] {dag.py:2941} INFO - Sync 1 DAGs
[2025-02-22T22:16:18.618+0000] {logging_mixin.py:154} INFO - [2025-02-22T22:16:18.618+0000] {dag.py:3722} INFO - Setting next_dagrun for example_setup_teardown to 2025-02-21T22:16:18.617893+00:00, run_after=2025-02-22T22:16:18.617893+00:00
[2025-02-22T22:16:18.639+0000] {processor.py:179} INFO - Processing /home/airflow/.local/lib/python3.10/site-packages/airflow/example_dags/example_setup_teardown.py took 0.135 seconds
[2025-02-22T22:16:49.080+0000] {processor.py:157} INFO - Started process (PID=1099) to work on /home/airflow/.local/lib/python3.10/site-packages/airflow/example_dags/example_setup_teardown.py
[2025-02-22T22:16:49.080+0000] {processor.py:829} INFO - Processing file /home/airflow/.local/lib/python3.10/site-packages/airflow/example_dags/example_setup_teardown.py for tasks to queue
[2025-02-22T22:16:49.082+0000] {logging_mixin.py:154} INFO - [2025-02-22T22:16:49.081+0000] {dagbag.py:536} INFO - Filling up the DagBag from /home/airflow/.local/lib/python3.10/site-packages/airflow/example_dags/example_setup_teardown.py
[2025-02-22T22:16:49.088+0000] {processor.py:839} INFO - DAG(s) dict_keys(['example_setup_teardown']) retrieved from /home/airflow/.local/lib/python3.10/site-packages/airflow/example_dags/example_setup_teardown.py
[2025-02-22T22:16:49.158+0000] {logging_mixin.py:154} INFO - [2025-02-22T22:16:49.157+0000] {dag.py:2941} INFO - Sync 1 DAGs
[2025-02-22T22:16:49.188+0000] {logging_mixin.py:154} INFO - [2025-02-22T22:16:49.188+0000] {dag.py:3722} INFO - Setting next_dagrun for example_setup_teardown to 2025-02-21T22:16:49.188279+00:00, run_after=2025-02-22T22:16:49.188279+00:00
[2025-02-22T22:16:49.208+0000] {processor.py:179} INFO - Processing /home/airflow/.local/lib/python3.10/site-packages/airflow/example_dags/example_setup_teardown.py took 0.130 seconds
