[2025-02-22T21:47:13.507+0000] {processor.py:157} INFO - Started process (PID=43) to work on /home/airflow/.local/lib/python3.10/site-packages/airflow/example_dags/example_short_circuit_decorator.py
[2025-02-22T21:47:13.509+0000] {processor.py:829} INFO - Processing file /home/airflow/.local/lib/python3.10/site-packages/airflow/example_dags/example_short_circuit_decorator.py for tasks to queue
[2025-02-22T21:47:13.515+0000] {logging_mixin.py:154} INFO - [2025-02-22T21:47:13.515+0000] {dagbag.py:536} INFO - Filling up the DagBag from /home/airflow/.local/lib/python3.10/site-packages/airflow/example_dags/example_short_circuit_decorator.py
[2025-02-22T21:47:13.541+0000] {processor.py:839} INFO - DAG(s) dict_keys(['example_short_circuit_decorator']) retrieved from /home/airflow/.local/lib/python3.10/site-packages/airflow/example_dags/example_short_circuit_decorator.py
[2025-02-22T21:47:13.832+0000] {logging_mixin.py:154} INFO - [2025-02-22T21:47:13.831+0000] {manager.py:499} INFO - Created Permission View: %s
[2025-02-22T21:47:13.856+0000] {logging_mixin.py:154} INFO - [2025-02-22T21:47:13.855+0000] {manager.py:499} INFO - Created Permission View: %s
[2025-02-22T21:47:13.872+0000] {logging_mixin.py:154} INFO - [2025-02-22T21:47:13.871+0000] {manager.py:499} INFO - Created Permission View: %s
[2025-02-22T21:47:13.872+0000] {logging_mixin.py:154} INFO - [2025-02-22T21:47:13.872+0000] {dag.py:2941} INFO - Sync 1 DAGs
[2025-02-22T21:47:13.891+0000] {logging_mixin.py:154} INFO - [2025-02-22T21:47:13.890+0000] {dag.py:2963} INFO - Creating ORM DAG for example_short_circuit_decorator
[2025-02-22T21:47:13.917+0000] {logging_mixin.py:154} INFO - [2025-02-22T21:47:13.916+0000] {dag.py:3722} INFO - Setting next_dagrun for example_short_circuit_decorator to 2025-02-21T21:47:13.916423+00:00, run_after=2025-02-22T21:47:13.916423+00:00
[2025-02-22T21:47:13.963+0000] {processor.py:179} INFO - Processing /home/airflow/.local/lib/python3.10/site-packages/airflow/example_dags/example_short_circuit_decorator.py took 0.461 seconds
[2025-02-22T21:48:56.626+0000] {processor.py:157} INFO - Started process (PID=43) to work on /home/airflow/.local/lib/python3.10/site-packages/airflow/example_dags/example_short_circuit_decorator.py
[2025-02-22T21:48:56.630+0000] {processor.py:829} INFO - Processing file /home/airflow/.local/lib/python3.10/site-packages/airflow/example_dags/example_short_circuit_decorator.py for tasks to queue
[2025-02-22T21:48:56.638+0000] {logging_mixin.py:154} INFO - [2025-02-22T21:48:56.637+0000] {dagbag.py:536} INFO - Filling up the DagBag from /home/airflow/.local/lib/python3.10/site-packages/airflow/example_dags/example_short_circuit_decorator.py
[2025-02-22T21:48:56.671+0000] {processor.py:839} INFO - DAG(s) dict_keys(['example_short_circuit_decorator']) retrieved from /home/airflow/.local/lib/python3.10/site-packages/airflow/example_dags/example_short_circuit_decorator.py
[2025-02-22T21:48:56.812+0000] {logging_mixin.py:154} INFO - [2025-02-22T21:48:56.811+0000] {dag.py:2941} INFO - Sync 1 DAGs
[2025-02-22T21:48:56.890+0000] {logging_mixin.py:154} INFO - [2025-02-22T21:48:56.887+0000] {dag.py:3722} INFO - Setting next_dagrun for example_short_circuit_decorator to 2025-02-21T21:48:56.887386+00:00, run_after=2025-02-22T21:48:56.887386+00:00
[2025-02-22T21:48:56.952+0000] {processor.py:179} INFO - Processing /home/airflow/.local/lib/python3.10/site-packages/airflow/example_dags/example_short_circuit_decorator.py took 0.334 seconds
[2025-02-22T21:56:46.892+0000] {processor.py:157} INFO - Started process (PID=43) to work on /home/airflow/.local/lib/python3.10/site-packages/airflow/example_dags/example_short_circuit_decorator.py
[2025-02-22T21:56:46.894+0000] {processor.py:829} INFO - Processing file /home/airflow/.local/lib/python3.10/site-packages/airflow/example_dags/example_short_circuit_decorator.py for tasks to queue
[2025-02-22T21:56:46.898+0000] {logging_mixin.py:154} INFO - [2025-02-22T21:56:46.897+0000] {dagbag.py:536} INFO - Filling up the DagBag from /home/airflow/.local/lib/python3.10/site-packages/airflow/example_dags/example_short_circuit_decorator.py
[2025-02-22T21:56:46.930+0000] {processor.py:839} INFO - DAG(s) dict_keys(['example_short_circuit_decorator']) retrieved from /home/airflow/.local/lib/python3.10/site-packages/airflow/example_dags/example_short_circuit_decorator.py
[2025-02-22T21:56:47.102+0000] {logging_mixin.py:154} INFO - [2025-02-22T21:56:47.101+0000] {dag.py:2941} INFO - Sync 1 DAGs
[2025-02-22T21:56:47.186+0000] {logging_mixin.py:154} INFO - [2025-02-22T21:56:47.185+0000] {dag.py:3722} INFO - Setting next_dagrun for example_short_circuit_decorator to 2025-02-21T21:56:47.184907+00:00, run_after=2025-02-22T21:56:47.184907+00:00
[2025-02-22T21:56:47.241+0000] {processor.py:179} INFO - Processing /home/airflow/.local/lib/python3.10/site-packages/airflow/example_dags/example_short_circuit_decorator.py took 0.353 seconds
[2025-02-22T21:57:17.486+0000] {processor.py:157} INFO - Started process (PID=111) to work on /home/airflow/.local/lib/python3.10/site-packages/airflow/example_dags/example_short_circuit_decorator.py
[2025-02-22T21:57:17.489+0000] {processor.py:829} INFO - Processing file /home/airflow/.local/lib/python3.10/site-packages/airflow/example_dags/example_short_circuit_decorator.py for tasks to queue
[2025-02-22T21:57:17.491+0000] {logging_mixin.py:154} INFO - [2025-02-22T21:57:17.491+0000] {dagbag.py:536} INFO - Filling up the DagBag from /home/airflow/.local/lib/python3.10/site-packages/airflow/example_dags/example_short_circuit_decorator.py
[2025-02-22T21:57:17.502+0000] {processor.py:839} INFO - DAG(s) dict_keys(['example_short_circuit_decorator']) retrieved from /home/airflow/.local/lib/python3.10/site-packages/airflow/example_dags/example_short_circuit_decorator.py
[2025-02-22T21:57:17.588+0000] {logging_mixin.py:154} INFO - [2025-02-22T21:57:17.587+0000] {dag.py:2941} INFO - Sync 1 DAGs
[2025-02-22T21:57:17.635+0000] {logging_mixin.py:154} INFO - [2025-02-22T21:57:17.635+0000] {dag.py:3722} INFO - Setting next_dagrun for example_short_circuit_decorator to 2025-02-21T21:57:17.635095+00:00, run_after=2025-02-22T21:57:17.635095+00:00
[2025-02-22T21:57:17.671+0000] {processor.py:179} INFO - Processing /home/airflow/.local/lib/python3.10/site-packages/airflow/example_dags/example_short_circuit_decorator.py took 0.186 seconds
[2025-02-22T21:59:50.211+0000] {processor.py:157} INFO - Started process (PID=43) to work on /home/airflow/.local/lib/python3.10/site-packages/airflow/example_dags/example_short_circuit_decorator.py
[2025-02-22T21:59:50.213+0000] {processor.py:829} INFO - Processing file /home/airflow/.local/lib/python3.10/site-packages/airflow/example_dags/example_short_circuit_decorator.py for tasks to queue
[2025-02-22T21:59:50.215+0000] {logging_mixin.py:154} INFO - [2025-02-22T21:59:50.214+0000] {dagbag.py:536} INFO - Filling up the DagBag from /home/airflow/.local/lib/python3.10/site-packages/airflow/example_dags/example_short_circuit_decorator.py
[2025-02-22T21:59:50.229+0000] {processor.py:839} INFO - DAG(s) dict_keys(['example_short_circuit_decorator']) retrieved from /home/airflow/.local/lib/python3.10/site-packages/airflow/example_dags/example_short_circuit_decorator.py
[2025-02-22T21:59:50.341+0000] {logging_mixin.py:154} INFO - [2025-02-22T21:59:50.340+0000] {dag.py:2941} INFO - Sync 1 DAGs
[2025-02-22T21:59:50.421+0000] {logging_mixin.py:154} INFO - [2025-02-22T21:59:50.421+0000] {dag.py:3722} INFO - Setting next_dagrun for example_short_circuit_decorator to 2025-02-21T21:59:50.420579+00:00, run_after=2025-02-22T21:59:50.420579+00:00
[2025-02-22T21:59:50.475+0000] {processor.py:179} INFO - Processing /home/airflow/.local/lib/python3.10/site-packages/airflow/example_dags/example_short_circuit_decorator.py took 0.266 seconds
[2025-02-22T22:00:20.820+0000] {processor.py:157} INFO - Started process (PID=104) to work on /home/airflow/.local/lib/python3.10/site-packages/airflow/example_dags/example_short_circuit_decorator.py
[2025-02-22T22:00:20.821+0000] {processor.py:829} INFO - Processing file /home/airflow/.local/lib/python3.10/site-packages/airflow/example_dags/example_short_circuit_decorator.py for tasks to queue
[2025-02-22T22:00:20.822+0000] {logging_mixin.py:154} INFO - [2025-02-22T22:00:20.822+0000] {dagbag.py:536} INFO - Filling up the DagBag from /home/airflow/.local/lib/python3.10/site-packages/airflow/example_dags/example_short_circuit_decorator.py
[2025-02-22T22:00:20.829+0000] {processor.py:839} INFO - DAG(s) dict_keys(['example_short_circuit_decorator']) retrieved from /home/airflow/.local/lib/python3.10/site-packages/airflow/example_dags/example_short_circuit_decorator.py
[2025-02-22T22:00:20.895+0000] {logging_mixin.py:154} INFO - [2025-02-22T22:00:20.894+0000] {dag.py:2941} INFO - Sync 1 DAGs
[2025-02-22T22:00:20.921+0000] {logging_mixin.py:154} INFO - [2025-02-22T22:00:20.921+0000] {dag.py:3722} INFO - Setting next_dagrun for example_short_circuit_decorator to 2025-02-21T22:00:20.921025+00:00, run_after=2025-02-22T22:00:20.921025+00:00
[2025-02-22T22:00:20.942+0000] {processor.py:179} INFO - Processing /home/airflow/.local/lib/python3.10/site-packages/airflow/example_dags/example_short_circuit_decorator.py took 0.124 seconds
[2025-02-22T22:00:51.131+0000] {processor.py:157} INFO - Started process (PID=172) to work on /home/airflow/.local/lib/python3.10/site-packages/airflow/example_dags/example_short_circuit_decorator.py
[2025-02-22T22:00:51.131+0000] {processor.py:829} INFO - Processing file /home/airflow/.local/lib/python3.10/site-packages/airflow/example_dags/example_short_circuit_decorator.py for tasks to queue
[2025-02-22T22:00:51.132+0000] {logging_mixin.py:154} INFO - [2025-02-22T22:00:51.132+0000] {dagbag.py:536} INFO - Filling up the DagBag from /home/airflow/.local/lib/python3.10/site-packages/airflow/example_dags/example_short_circuit_decorator.py
[2025-02-22T22:00:51.140+0000] {processor.py:839} INFO - DAG(s) dict_keys(['example_short_circuit_decorator']) retrieved from /home/airflow/.local/lib/python3.10/site-packages/airflow/example_dags/example_short_circuit_decorator.py
[2025-02-22T22:00:51.206+0000] {logging_mixin.py:154} INFO - [2025-02-22T22:00:51.206+0000] {dag.py:2941} INFO - Sync 1 DAGs
[2025-02-22T22:00:51.232+0000] {logging_mixin.py:154} INFO - [2025-02-22T22:00:51.232+0000] {dag.py:3722} INFO - Setting next_dagrun for example_short_circuit_decorator to 2025-02-21T22:00:51.232335+00:00, run_after=2025-02-22T22:00:51.232335+00:00
[2025-02-22T22:00:51.252+0000] {processor.py:179} INFO - Processing /home/airflow/.local/lib/python3.10/site-packages/airflow/example_dags/example_short_circuit_decorator.py took 0.123 seconds
[2025-02-22T22:01:21.430+0000] {processor.py:157} INFO - Started process (PID=233) to work on /home/airflow/.local/lib/python3.10/site-packages/airflow/example_dags/example_short_circuit_decorator.py
[2025-02-22T22:01:21.431+0000] {processor.py:829} INFO - Processing file /home/airflow/.local/lib/python3.10/site-packages/airflow/example_dags/example_short_circuit_decorator.py for tasks to queue
[2025-02-22T22:01:21.433+0000] {logging_mixin.py:154} INFO - [2025-02-22T22:01:21.433+0000] {dagbag.py:536} INFO - Filling up the DagBag from /home/airflow/.local/lib/python3.10/site-packages/airflow/example_dags/example_short_circuit_decorator.py
[2025-02-22T22:01:21.440+0000] {processor.py:839} INFO - DAG(s) dict_keys(['example_short_circuit_decorator']) retrieved from /home/airflow/.local/lib/python3.10/site-packages/airflow/example_dags/example_short_circuit_decorator.py
[2025-02-22T22:01:21.507+0000] {logging_mixin.py:154} INFO - [2025-02-22T22:01:21.507+0000] {dag.py:2941} INFO - Sync 1 DAGs
[2025-02-22T22:01:21.533+0000] {logging_mixin.py:154} INFO - [2025-02-22T22:01:21.533+0000] {dag.py:3722} INFO - Setting next_dagrun for example_short_circuit_decorator to 2025-02-21T22:01:21.532915+00:00, run_after=2025-02-22T22:01:21.532915+00:00
[2025-02-22T22:01:21.551+0000] {processor.py:179} INFO - Processing /home/airflow/.local/lib/python3.10/site-packages/airflow/example_dags/example_short_circuit_decorator.py took 0.123 seconds
[2025-02-22T22:01:52.205+0000] {processor.py:157} INFO - Started process (PID=300) to work on /home/airflow/.local/lib/python3.10/site-packages/airflow/example_dags/example_short_circuit_decorator.py
[2025-02-22T22:01:52.205+0000] {processor.py:829} INFO - Processing file /home/airflow/.local/lib/python3.10/site-packages/airflow/example_dags/example_short_circuit_decorator.py for tasks to queue
[2025-02-22T22:01:52.207+0000] {logging_mixin.py:154} INFO - [2025-02-22T22:01:52.207+0000] {dagbag.py:536} INFO - Filling up the DagBag from /home/airflow/.local/lib/python3.10/site-packages/airflow/example_dags/example_short_circuit_decorator.py
[2025-02-22T22:01:52.215+0000] {processor.py:839} INFO - DAG(s) dict_keys(['example_short_circuit_decorator']) retrieved from /home/airflow/.local/lib/python3.10/site-packages/airflow/example_dags/example_short_circuit_decorator.py
[2025-02-22T22:01:52.289+0000] {logging_mixin.py:154} INFO - [2025-02-22T22:01:52.289+0000] {dag.py:2941} INFO - Sync 1 DAGs
[2025-02-22T22:01:52.317+0000] {logging_mixin.py:154} INFO - [2025-02-22T22:01:52.317+0000] {dag.py:3722} INFO - Setting next_dagrun for example_short_circuit_decorator to 2025-02-21T22:01:52.317296+00:00, run_after=2025-02-22T22:01:52.317296+00:00
[2025-02-22T22:01:52.335+0000] {processor.py:179} INFO - Processing /home/airflow/.local/lib/python3.10/site-packages/airflow/example_dags/example_short_circuit_decorator.py took 0.133 seconds
[2025-02-22T22:02:23.131+0000] {processor.py:157} INFO - Started process (PID=367) to work on /home/airflow/.local/lib/python3.10/site-packages/airflow/example_dags/example_short_circuit_decorator.py
[2025-02-22T22:02:23.132+0000] {processor.py:829} INFO - Processing file /home/airflow/.local/lib/python3.10/site-packages/airflow/example_dags/example_short_circuit_decorator.py for tasks to queue
[2025-02-22T22:02:23.134+0000] {logging_mixin.py:154} INFO - [2025-02-22T22:02:23.133+0000] {dagbag.py:536} INFO - Filling up the DagBag from /home/airflow/.local/lib/python3.10/site-packages/airflow/example_dags/example_short_circuit_decorator.py
[2025-02-22T22:02:23.141+0000] {processor.py:839} INFO - DAG(s) dict_keys(['example_short_circuit_decorator']) retrieved from /home/airflow/.local/lib/python3.10/site-packages/airflow/example_dags/example_short_circuit_decorator.py
[2025-02-22T22:02:23.216+0000] {logging_mixin.py:154} INFO - [2025-02-22T22:02:23.215+0000] {dag.py:2941} INFO - Sync 1 DAGs
[2025-02-22T22:02:23.249+0000] {logging_mixin.py:154} INFO - [2025-02-22T22:02:23.249+0000] {dag.py:3722} INFO - Setting next_dagrun for example_short_circuit_decorator to 2025-02-21T22:02:23.249186+00:00, run_after=2025-02-22T22:02:23.249186+00:00
[2025-02-22T22:02:23.272+0000] {processor.py:179} INFO - Processing /home/airflow/.local/lib/python3.10/site-packages/airflow/example_dags/example_short_circuit_decorator.py took 0.142 seconds
[2025-02-22T22:02:53.711+0000] {processor.py:157} INFO - Started process (PID=428) to work on /home/airflow/.local/lib/python3.10/site-packages/airflow/example_dags/example_short_circuit_decorator.py
[2025-02-22T22:02:53.712+0000] {processor.py:829} INFO - Processing file /home/airflow/.local/lib/python3.10/site-packages/airflow/example_dags/example_short_circuit_decorator.py for tasks to queue
[2025-02-22T22:02:53.714+0000] {logging_mixin.py:154} INFO - [2025-02-22T22:02:53.714+0000] {dagbag.py:536} INFO - Filling up the DagBag from /home/airflow/.local/lib/python3.10/site-packages/airflow/example_dags/example_short_circuit_decorator.py
[2025-02-22T22:02:53.740+0000] {processor.py:839} INFO - DAG(s) dict_keys(['example_short_circuit_decorator']) retrieved from /home/airflow/.local/lib/python3.10/site-packages/airflow/example_dags/example_short_circuit_decorator.py
[2025-02-22T22:02:53.813+0000] {logging_mixin.py:154} INFO - [2025-02-22T22:02:53.813+0000] {dag.py:2941} INFO - Sync 1 DAGs
[2025-02-22T22:02:53.892+0000] {logging_mixin.py:154} INFO - [2025-02-22T22:02:53.892+0000] {dag.py:3722} INFO - Setting next_dagrun for example_short_circuit_decorator to 2025-02-21T22:02:53.891843+00:00, run_after=2025-02-22T22:02:53.891843+00:00
[2025-02-22T22:02:53.918+0000] {processor.py:179} INFO - Processing /home/airflow/.local/lib/python3.10/site-packages/airflow/example_dags/example_short_circuit_decorator.py took 0.211 seconds
[2025-02-22T22:03:39.396+0000] {processor.py:157} INFO - Started process (PID=44) to work on /home/airflow/.local/lib/python3.10/site-packages/airflow/example_dags/example_short_circuit_decorator.py
[2025-02-22T22:03:39.403+0000] {processor.py:829} INFO - Processing file /home/airflow/.local/lib/python3.10/site-packages/airflow/example_dags/example_short_circuit_decorator.py for tasks to queue
[2025-02-22T22:03:39.409+0000] {logging_mixin.py:154} INFO - [2025-02-22T22:03:39.408+0000] {dagbag.py:536} INFO - Filling up the DagBag from /home/airflow/.local/lib/python3.10/site-packages/airflow/example_dags/example_short_circuit_decorator.py
[2025-02-22T22:03:39.446+0000] {processor.py:839} INFO - DAG(s) dict_keys(['example_short_circuit_decorator']) retrieved from /home/airflow/.local/lib/python3.10/site-packages/airflow/example_dags/example_short_circuit_decorator.py
[2025-02-22T22:03:39.632+0000] {logging_mixin.py:154} INFO - [2025-02-22T22:03:39.632+0000] {dag.py:2941} INFO - Sync 1 DAGs
[2025-02-22T22:03:39.696+0000] {logging_mixin.py:154} INFO - [2025-02-22T22:03:39.696+0000] {dag.py:3722} INFO - Setting next_dagrun for example_short_circuit_decorator to 2025-02-21T22:03:39.695325+00:00, run_after=2025-02-22T22:03:39.695325+00:00
[2025-02-22T22:03:39.751+0000] {processor.py:179} INFO - Processing /home/airflow/.local/lib/python3.10/site-packages/airflow/example_dags/example_short_circuit_decorator.py took 0.373 seconds
[2025-02-22T22:04:10.155+0000] {processor.py:157} INFO - Started process (PID=105) to work on /home/airflow/.local/lib/python3.10/site-packages/airflow/example_dags/example_short_circuit_decorator.py
[2025-02-22T22:04:10.157+0000] {processor.py:829} INFO - Processing file /home/airflow/.local/lib/python3.10/site-packages/airflow/example_dags/example_short_circuit_decorator.py for tasks to queue
[2025-02-22T22:04:10.159+0000] {logging_mixin.py:154} INFO - [2025-02-22T22:04:10.159+0000] {dagbag.py:536} INFO - Filling up the DagBag from /home/airflow/.local/lib/python3.10/site-packages/airflow/example_dags/example_short_circuit_decorator.py
[2025-02-22T22:04:10.167+0000] {processor.py:839} INFO - DAG(s) dict_keys(['example_short_circuit_decorator']) retrieved from /home/airflow/.local/lib/python3.10/site-packages/airflow/example_dags/example_short_circuit_decorator.py
[2025-02-22T22:04:10.244+0000] {logging_mixin.py:154} INFO - [2025-02-22T22:04:10.243+0000] {dag.py:2941} INFO - Sync 1 DAGs
[2025-02-22T22:04:10.278+0000] {logging_mixin.py:154} INFO - [2025-02-22T22:04:10.277+0000] {dag.py:3722} INFO - Setting next_dagrun for example_short_circuit_decorator to 2025-02-21T22:04:10.277537+00:00, run_after=2025-02-22T22:04:10.277537+00:00
[2025-02-22T22:04:10.303+0000] {processor.py:179} INFO - Processing /home/airflow/.local/lib/python3.10/site-packages/airflow/example_dags/example_short_circuit_decorator.py took 0.151 seconds
[2025-02-22T22:04:40.515+0000] {processor.py:157} INFO - Started process (PID=173) to work on /home/airflow/.local/lib/python3.10/site-packages/airflow/example_dags/example_short_circuit_decorator.py
[2025-02-22T22:04:40.516+0000] {processor.py:829} INFO - Processing file /home/airflow/.local/lib/python3.10/site-packages/airflow/example_dags/example_short_circuit_decorator.py for tasks to queue
[2025-02-22T22:04:40.518+0000] {logging_mixin.py:154} INFO - [2025-02-22T22:04:40.518+0000] {dagbag.py:536} INFO - Filling up the DagBag from /home/airflow/.local/lib/python3.10/site-packages/airflow/example_dags/example_short_circuit_decorator.py
[2025-02-22T22:04:40.527+0000] {processor.py:839} INFO - DAG(s) dict_keys(['example_short_circuit_decorator']) retrieved from /home/airflow/.local/lib/python3.10/site-packages/airflow/example_dags/example_short_circuit_decorator.py
[2025-02-22T22:04:40.599+0000] {logging_mixin.py:154} INFO - [2025-02-22T22:04:40.599+0000] {dag.py:2941} INFO - Sync 1 DAGs
[2025-02-22T22:04:40.625+0000] {logging_mixin.py:154} INFO - [2025-02-22T22:04:40.624+0000] {dag.py:3722} INFO - Setting next_dagrun for example_short_circuit_decorator to 2025-02-21T22:04:40.624502+00:00, run_after=2025-02-22T22:04:40.624502+00:00
[2025-02-22T22:04:40.646+0000] {processor.py:179} INFO - Processing /home/airflow/.local/lib/python3.10/site-packages/airflow/example_dags/example_short_circuit_decorator.py took 0.134 seconds
[2025-02-22T22:05:11.134+0000] {processor.py:157} INFO - Started process (PID=241) to work on /home/airflow/.local/lib/python3.10/site-packages/airflow/example_dags/example_short_circuit_decorator.py
[2025-02-22T22:05:11.136+0000] {processor.py:829} INFO - Processing file /home/airflow/.local/lib/python3.10/site-packages/airflow/example_dags/example_short_circuit_decorator.py for tasks to queue
[2025-02-22T22:05:11.138+0000] {logging_mixin.py:154} INFO - [2025-02-22T22:05:11.138+0000] {dagbag.py:536} INFO - Filling up the DagBag from /home/airflow/.local/lib/python3.10/site-packages/airflow/example_dags/example_short_circuit_decorator.py
[2025-02-22T22:05:11.148+0000] {processor.py:839} INFO - DAG(s) dict_keys(['example_short_circuit_decorator']) retrieved from /home/airflow/.local/lib/python3.10/site-packages/airflow/example_dags/example_short_circuit_decorator.py
[2025-02-22T22:05:11.245+0000] {logging_mixin.py:154} INFO - [2025-02-22T22:05:11.244+0000] {dag.py:2941} INFO - Sync 1 DAGs
[2025-02-22T22:05:11.284+0000] {logging_mixin.py:154} INFO - [2025-02-22T22:05:11.284+0000] {dag.py:3722} INFO - Setting next_dagrun for example_short_circuit_decorator to 2025-02-21T22:05:11.283548+00:00, run_after=2025-02-22T22:05:11.283548+00:00
[2025-02-22T22:05:11.332+0000] {processor.py:179} INFO - Processing /home/airflow/.local/lib/python3.10/site-packages/airflow/example_dags/example_short_circuit_decorator.py took 0.200 seconds
[2025-02-22T22:05:41.728+0000] {processor.py:157} INFO - Started process (PID=302) to work on /home/airflow/.local/lib/python3.10/site-packages/airflow/example_dags/example_short_circuit_decorator.py
[2025-02-22T22:05:41.729+0000] {processor.py:829} INFO - Processing file /home/airflow/.local/lib/python3.10/site-packages/airflow/example_dags/example_short_circuit_decorator.py for tasks to queue
[2025-02-22T22:05:41.731+0000] {logging_mixin.py:154} INFO - [2025-02-22T22:05:41.731+0000] {dagbag.py:536} INFO - Filling up the DagBag from /home/airflow/.local/lib/python3.10/site-packages/airflow/example_dags/example_short_circuit_decorator.py
[2025-02-22T22:05:41.741+0000] {processor.py:839} INFO - DAG(s) dict_keys(['example_short_circuit_decorator']) retrieved from /home/airflow/.local/lib/python3.10/site-packages/airflow/example_dags/example_short_circuit_decorator.py
[2025-02-22T22:05:41.822+0000] {logging_mixin.py:154} INFO - [2025-02-22T22:05:41.822+0000] {dag.py:2941} INFO - Sync 1 DAGs
[2025-02-22T22:05:41.857+0000] {logging_mixin.py:154} INFO - [2025-02-22T22:05:41.856+0000] {dag.py:3722} INFO - Setting next_dagrun for example_short_circuit_decorator to 2025-02-21T22:05:41.856255+00:00, run_after=2025-02-22T22:05:41.856255+00:00
[2025-02-22T22:05:41.882+0000] {processor.py:179} INFO - Processing /home/airflow/.local/lib/python3.10/site-packages/airflow/example_dags/example_short_circuit_decorator.py took 0.157 seconds
[2025-02-22T22:06:12.123+0000] {processor.py:157} INFO - Started process (PID=370) to work on /home/airflow/.local/lib/python3.10/site-packages/airflow/example_dags/example_short_circuit_decorator.py
[2025-02-22T22:06:12.124+0000] {processor.py:829} INFO - Processing file /home/airflow/.local/lib/python3.10/site-packages/airflow/example_dags/example_short_circuit_decorator.py for tasks to queue
[2025-02-22T22:06:12.126+0000] {logging_mixin.py:154} INFO - [2025-02-22T22:06:12.126+0000] {dagbag.py:536} INFO - Filling up the DagBag from /home/airflow/.local/lib/python3.10/site-packages/airflow/example_dags/example_short_circuit_decorator.py
[2025-02-22T22:06:12.133+0000] {processor.py:839} INFO - DAG(s) dict_keys(['example_short_circuit_decorator']) retrieved from /home/airflow/.local/lib/python3.10/site-packages/airflow/example_dags/example_short_circuit_decorator.py
[2025-02-22T22:06:12.218+0000] {logging_mixin.py:154} INFO - [2025-02-22T22:06:12.218+0000] {dag.py:2941} INFO - Sync 1 DAGs
[2025-02-22T22:06:12.247+0000] {logging_mixin.py:154} INFO - [2025-02-22T22:06:12.247+0000] {dag.py:3722} INFO - Setting next_dagrun for example_short_circuit_decorator to 2025-02-21T22:06:12.246968+00:00, run_after=2025-02-22T22:06:12.246968+00:00
[2025-02-22T22:06:12.270+0000] {processor.py:179} INFO - Processing /home/airflow/.local/lib/python3.10/site-packages/airflow/example_dags/example_short_circuit_decorator.py took 0.149 seconds
[2025-02-22T22:06:42.734+0000] {processor.py:157} INFO - Started process (PID=431) to work on /home/airflow/.local/lib/python3.10/site-packages/airflow/example_dags/example_short_circuit_decorator.py
[2025-02-22T22:06:42.736+0000] {processor.py:829} INFO - Processing file /home/airflow/.local/lib/python3.10/site-packages/airflow/example_dags/example_short_circuit_decorator.py for tasks to queue
[2025-02-22T22:06:42.741+0000] {logging_mixin.py:154} INFO - [2025-02-22T22:06:42.741+0000] {dagbag.py:536} INFO - Filling up the DagBag from /home/airflow/.local/lib/python3.10/site-packages/airflow/example_dags/example_short_circuit_decorator.py
[2025-02-22T22:06:42.751+0000] {processor.py:839} INFO - DAG(s) dict_keys(['example_short_circuit_decorator']) retrieved from /home/airflow/.local/lib/python3.10/site-packages/airflow/example_dags/example_short_circuit_decorator.py
[2025-02-22T22:06:42.838+0000] {logging_mixin.py:154} INFO - [2025-02-22T22:06:42.838+0000] {dag.py:2941} INFO - Sync 1 DAGs
[2025-02-22T22:06:42.871+0000] {logging_mixin.py:154} INFO - [2025-02-22T22:06:42.871+0000] {dag.py:3722} INFO - Setting next_dagrun for example_short_circuit_decorator to 2025-02-21T22:06:42.871279+00:00, run_after=2025-02-22T22:06:42.871279+00:00
[2025-02-22T22:06:42.896+0000] {processor.py:179} INFO - Processing /home/airflow/.local/lib/python3.10/site-packages/airflow/example_dags/example_short_circuit_decorator.py took 0.171 seconds
[2025-02-22T22:07:13.095+0000] {processor.py:157} INFO - Started process (PID=499) to work on /home/airflow/.local/lib/python3.10/site-packages/airflow/example_dags/example_short_circuit_decorator.py
[2025-02-22T22:07:13.098+0000] {processor.py:829} INFO - Processing file /home/airflow/.local/lib/python3.10/site-packages/airflow/example_dags/example_short_circuit_decorator.py for tasks to queue
[2025-02-22T22:07:13.101+0000] {logging_mixin.py:154} INFO - [2025-02-22T22:07:13.101+0000] {dagbag.py:536} INFO - Filling up the DagBag from /home/airflow/.local/lib/python3.10/site-packages/airflow/example_dags/example_short_circuit_decorator.py
[2025-02-22T22:07:13.109+0000] {processor.py:839} INFO - DAG(s) dict_keys(['example_short_circuit_decorator']) retrieved from /home/airflow/.local/lib/python3.10/site-packages/airflow/example_dags/example_short_circuit_decorator.py
[2025-02-22T22:07:13.185+0000] {logging_mixin.py:154} INFO - [2025-02-22T22:07:13.185+0000] {dag.py:2941} INFO - Sync 1 DAGs
[2025-02-22T22:07:13.215+0000] {logging_mixin.py:154} INFO - [2025-02-22T22:07:13.215+0000] {dag.py:3722} INFO - Setting next_dagrun for example_short_circuit_decorator to 2025-02-21T22:07:13.214785+00:00, run_after=2025-02-22T22:07:13.214785+00:00
[2025-02-22T22:07:13.244+0000] {processor.py:179} INFO - Processing /home/airflow/.local/lib/python3.10/site-packages/airflow/example_dags/example_short_circuit_decorator.py took 0.151 seconds
[2025-02-22T22:07:43.536+0000] {processor.py:157} INFO - Started process (PID=560) to work on /home/airflow/.local/lib/python3.10/site-packages/airflow/example_dags/example_short_circuit_decorator.py
[2025-02-22T22:07:43.538+0000] {processor.py:829} INFO - Processing file /home/airflow/.local/lib/python3.10/site-packages/airflow/example_dags/example_short_circuit_decorator.py for tasks to queue
[2025-02-22T22:07:43.540+0000] {logging_mixin.py:154} INFO - [2025-02-22T22:07:43.539+0000] {dagbag.py:536} INFO - Filling up the DagBag from /home/airflow/.local/lib/python3.10/site-packages/airflow/example_dags/example_short_circuit_decorator.py
[2025-02-22T22:07:43.550+0000] {processor.py:839} INFO - DAG(s) dict_keys(['example_short_circuit_decorator']) retrieved from /home/airflow/.local/lib/python3.10/site-packages/airflow/example_dags/example_short_circuit_decorator.py
[2025-02-22T22:07:43.623+0000] {logging_mixin.py:154} INFO - [2025-02-22T22:07:43.623+0000] {dag.py:2941} INFO - Sync 1 DAGs
[2025-02-22T22:07:43.655+0000] {logging_mixin.py:154} INFO - [2025-02-22T22:07:43.655+0000] {dag.py:3722} INFO - Setting next_dagrun for example_short_circuit_decorator to 2025-02-21T22:07:43.654620+00:00, run_after=2025-02-22T22:07:43.654620+00:00
[2025-02-22T22:07:43.677+0000] {processor.py:179} INFO - Processing /home/airflow/.local/lib/python3.10/site-packages/airflow/example_dags/example_short_circuit_decorator.py took 0.143 seconds
[2025-02-22T22:08:33.663+0000] {processor.py:157} INFO - Started process (PID=42) to work on /home/airflow/.local/lib/python3.10/site-packages/airflow/example_dags/example_short_circuit_decorator.py
[2025-02-22T22:08:33.668+0000] {processor.py:829} INFO - Processing file /home/airflow/.local/lib/python3.10/site-packages/airflow/example_dags/example_short_circuit_decorator.py for tasks to queue
[2025-02-22T22:08:33.672+0000] {logging_mixin.py:154} INFO - [2025-02-22T22:08:33.672+0000] {dagbag.py:536} INFO - Filling up the DagBag from /home/airflow/.local/lib/python3.10/site-packages/airflow/example_dags/example_short_circuit_decorator.py
[2025-02-22T22:08:33.698+0000] {processor.py:839} INFO - DAG(s) dict_keys(['example_short_circuit_decorator']) retrieved from /home/airflow/.local/lib/python3.10/site-packages/airflow/example_dags/example_short_circuit_decorator.py
[2025-02-22T22:08:33.871+0000] {logging_mixin.py:154} INFO - [2025-02-22T22:08:33.870+0000] {dag.py:2941} INFO - Sync 1 DAGs
[2025-02-22T22:08:33.929+0000] {logging_mixin.py:154} INFO - [2025-02-22T22:08:33.929+0000] {dag.py:3722} INFO - Setting next_dagrun for example_short_circuit_decorator to 2025-02-21T22:08:33.928914+00:00, run_after=2025-02-22T22:08:33.928914+00:00
[2025-02-22T22:08:34.020+0000] {processor.py:179} INFO - Processing /home/airflow/.local/lib/python3.10/site-packages/airflow/example_dags/example_short_circuit_decorator.py took 0.368 seconds
[2025-02-22T22:09:04.379+0000] {processor.py:157} INFO - Started process (PID=110) to work on /home/airflow/.local/lib/python3.10/site-packages/airflow/example_dags/example_short_circuit_decorator.py
[2025-02-22T22:09:04.383+0000] {processor.py:829} INFO - Processing file /home/airflow/.local/lib/python3.10/site-packages/airflow/example_dags/example_short_circuit_decorator.py for tasks to queue
[2025-02-22T22:09:04.385+0000] {logging_mixin.py:154} INFO - [2025-02-22T22:09:04.384+0000] {dagbag.py:536} INFO - Filling up the DagBag from /home/airflow/.local/lib/python3.10/site-packages/airflow/example_dags/example_short_circuit_decorator.py
[2025-02-22T22:09:04.397+0000] {processor.py:839} INFO - DAG(s) dict_keys(['example_short_circuit_decorator']) retrieved from /home/airflow/.local/lib/python3.10/site-packages/airflow/example_dags/example_short_circuit_decorator.py
[2025-02-22T22:09:04.477+0000] {logging_mixin.py:154} INFO - [2025-02-22T22:09:04.476+0000] {dag.py:2941} INFO - Sync 1 DAGs
[2025-02-22T22:09:04.507+0000] {logging_mixin.py:154} INFO - [2025-02-22T22:09:04.507+0000] {dag.py:3722} INFO - Setting next_dagrun for example_short_circuit_decorator to 2025-02-21T22:09:04.506802+00:00, run_after=2025-02-22T22:09:04.506802+00:00
[2025-02-22T22:09:04.530+0000] {processor.py:179} INFO - Processing /home/airflow/.local/lib/python3.10/site-packages/airflow/example_dags/example_short_circuit_decorator.py took 0.155 seconds
[2025-02-22T22:09:34.555+0000] {processor.py:157} INFO - Started process (PID=170) to work on /home/airflow/.local/lib/python3.10/site-packages/airflow/example_dags/example_short_circuit_decorator.py
[2025-02-22T22:09:34.557+0000] {processor.py:829} INFO - Processing file /home/airflow/.local/lib/python3.10/site-packages/airflow/example_dags/example_short_circuit_decorator.py for tasks to queue
[2025-02-22T22:09:34.559+0000] {logging_mixin.py:154} INFO - [2025-02-22T22:09:34.559+0000] {dagbag.py:536} INFO - Filling up the DagBag from /home/airflow/.local/lib/python3.10/site-packages/airflow/example_dags/example_short_circuit_decorator.py
[2025-02-22T22:09:34.567+0000] {processor.py:839} INFO - DAG(s) dict_keys(['example_short_circuit_decorator']) retrieved from /home/airflow/.local/lib/python3.10/site-packages/airflow/example_dags/example_short_circuit_decorator.py
[2025-02-22T22:09:34.632+0000] {logging_mixin.py:154} INFO - [2025-02-22T22:09:34.632+0000] {dag.py:2941} INFO - Sync 1 DAGs
[2025-02-22T22:09:34.665+0000] {logging_mixin.py:154} INFO - [2025-02-22T22:09:34.665+0000] {dag.py:3722} INFO - Setting next_dagrun for example_short_circuit_decorator to 2025-02-21T22:09:34.665060+00:00, run_after=2025-02-22T22:09:34.665060+00:00
[2025-02-22T22:09:34.687+0000] {processor.py:179} INFO - Processing /home/airflow/.local/lib/python3.10/site-packages/airflow/example_dags/example_short_circuit_decorator.py took 0.134 seconds
[2025-02-22T22:10:05.151+0000] {processor.py:157} INFO - Started process (PID=231) to work on /home/airflow/.local/lib/python3.10/site-packages/airflow/example_dags/example_short_circuit_decorator.py
[2025-02-22T22:10:05.153+0000] {processor.py:829} INFO - Processing file /home/airflow/.local/lib/python3.10/site-packages/airflow/example_dags/example_short_circuit_decorator.py for tasks to queue
[2025-02-22T22:10:05.155+0000] {logging_mixin.py:154} INFO - [2025-02-22T22:10:05.155+0000] {dagbag.py:536} INFO - Filling up the DagBag from /home/airflow/.local/lib/python3.10/site-packages/airflow/example_dags/example_short_circuit_decorator.py
[2025-02-22T22:10:05.164+0000] {processor.py:839} INFO - DAG(s) dict_keys(['example_short_circuit_decorator']) retrieved from /home/airflow/.local/lib/python3.10/site-packages/airflow/example_dags/example_short_circuit_decorator.py
[2025-02-22T22:10:05.239+0000] {logging_mixin.py:154} INFO - [2025-02-22T22:10:05.238+0000] {dag.py:2941} INFO - Sync 1 DAGs
[2025-02-22T22:10:05.287+0000] {logging_mixin.py:154} INFO - [2025-02-22T22:10:05.286+0000] {dag.py:3722} INFO - Setting next_dagrun for example_short_circuit_decorator to 2025-02-21T22:10:05.285634+00:00, run_after=2025-02-22T22:10:05.285634+00:00
[2025-02-22T22:10:05.347+0000] {processor.py:179} INFO - Processing /home/airflow/.local/lib/python3.10/site-packages/airflow/example_dags/example_short_circuit_decorator.py took 0.198 seconds
[2025-02-22T22:10:36.086+0000] {processor.py:157} INFO - Started process (PID=299) to work on /home/airflow/.local/lib/python3.10/site-packages/airflow/example_dags/example_short_circuit_decorator.py
[2025-02-22T22:10:36.087+0000] {processor.py:829} INFO - Processing file /home/airflow/.local/lib/python3.10/site-packages/airflow/example_dags/example_short_circuit_decorator.py for tasks to queue
[2025-02-22T22:10:36.090+0000] {logging_mixin.py:154} INFO - [2025-02-22T22:10:36.090+0000] {dagbag.py:536} INFO - Filling up the DagBag from /home/airflow/.local/lib/python3.10/site-packages/airflow/example_dags/example_short_circuit_decorator.py
[2025-02-22T22:10:36.098+0000] {processor.py:839} INFO - DAG(s) dict_keys(['example_short_circuit_decorator']) retrieved from /home/airflow/.local/lib/python3.10/site-packages/airflow/example_dags/example_short_circuit_decorator.py
[2025-02-22T22:10:36.170+0000] {logging_mixin.py:154} INFO - [2025-02-22T22:10:36.169+0000] {dag.py:2941} INFO - Sync 1 DAGs
[2025-02-22T22:10:36.198+0000] {logging_mixin.py:154} INFO - [2025-02-22T22:10:36.198+0000] {dag.py:3722} INFO - Setting next_dagrun for example_short_circuit_decorator to 2025-02-21T22:10:36.198185+00:00, run_after=2025-02-22T22:10:36.198185+00:00
[2025-02-22T22:10:36.217+0000] {processor.py:179} INFO - Processing /home/airflow/.local/lib/python3.10/site-packages/airflow/example_dags/example_short_circuit_decorator.py took 0.134 seconds
[2025-02-22T22:11:06.745+0000] {processor.py:157} INFO - Started process (PID=358) to work on /home/airflow/.local/lib/python3.10/site-packages/airflow/example_dags/example_short_circuit_decorator.py
[2025-02-22T22:11:06.747+0000] {processor.py:829} INFO - Processing file /home/airflow/.local/lib/python3.10/site-packages/airflow/example_dags/example_short_circuit_decorator.py for tasks to queue
[2025-02-22T22:11:06.748+0000] {logging_mixin.py:154} INFO - [2025-02-22T22:11:06.748+0000] {dagbag.py:536} INFO - Filling up the DagBag from /home/airflow/.local/lib/python3.10/site-packages/airflow/example_dags/example_short_circuit_decorator.py
[2025-02-22T22:11:06.759+0000] {processor.py:839} INFO - DAG(s) dict_keys(['example_short_circuit_decorator']) retrieved from /home/airflow/.local/lib/python3.10/site-packages/airflow/example_dags/example_short_circuit_decorator.py
[2025-02-22T22:11:06.833+0000] {logging_mixin.py:154} INFO - [2025-02-22T22:11:06.833+0000] {dag.py:2941} INFO - Sync 1 DAGs
[2025-02-22T22:11:06.875+0000] {logging_mixin.py:154} INFO - [2025-02-22T22:11:06.875+0000] {dag.py:3722} INFO - Setting next_dagrun for example_short_circuit_decorator to 2025-02-21T22:11:06.875023+00:00, run_after=2025-02-22T22:11:06.875023+00:00
[2025-02-22T22:11:06.903+0000] {processor.py:179} INFO - Processing /home/airflow/.local/lib/python3.10/site-packages/airflow/example_dags/example_short_circuit_decorator.py took 0.160 seconds
[2025-02-22T22:11:37.352+0000] {processor.py:157} INFO - Started process (PID=426) to work on /home/airflow/.local/lib/python3.10/site-packages/airflow/example_dags/example_short_circuit_decorator.py
[2025-02-22T22:11:37.353+0000] {processor.py:829} INFO - Processing file /home/airflow/.local/lib/python3.10/site-packages/airflow/example_dags/example_short_circuit_decorator.py for tasks to queue
[2025-02-22T22:11:37.355+0000] {logging_mixin.py:154} INFO - [2025-02-22T22:11:37.354+0000] {dagbag.py:536} INFO - Filling up the DagBag from /home/airflow/.local/lib/python3.10/site-packages/airflow/example_dags/example_short_circuit_decorator.py
[2025-02-22T22:11:37.361+0000] {processor.py:839} INFO - DAG(s) dict_keys(['example_short_circuit_decorator']) retrieved from /home/airflow/.local/lib/python3.10/site-packages/airflow/example_dags/example_short_circuit_decorator.py
[2025-02-22T22:11:37.427+0000] {logging_mixin.py:154} INFO - [2025-02-22T22:11:37.427+0000] {dag.py:2941} INFO - Sync 1 DAGs
[2025-02-22T22:11:37.453+0000] {logging_mixin.py:154} INFO - [2025-02-22T22:11:37.453+0000] {dag.py:3722} INFO - Setting next_dagrun for example_short_circuit_decorator to 2025-02-21T22:11:37.453184+00:00, run_after=2025-02-22T22:11:37.453184+00:00
[2025-02-22T22:11:37.474+0000] {processor.py:179} INFO - Processing /home/airflow/.local/lib/python3.10/site-packages/airflow/example_dags/example_short_circuit_decorator.py took 0.125 seconds
[2025-02-22T22:12:08.042+0000] {processor.py:157} INFO - Started process (PID=494) to work on /home/airflow/.local/lib/python3.10/site-packages/airflow/example_dags/example_short_circuit_decorator.py
[2025-02-22T22:12:08.046+0000] {processor.py:829} INFO - Processing file /home/airflow/.local/lib/python3.10/site-packages/airflow/example_dags/example_short_circuit_decorator.py for tasks to queue
[2025-02-22T22:12:08.050+0000] {logging_mixin.py:154} INFO - [2025-02-22T22:12:08.050+0000] {dagbag.py:536} INFO - Filling up the DagBag from /home/airflow/.local/lib/python3.10/site-packages/airflow/example_dags/example_short_circuit_decorator.py
[2025-02-22T22:12:08.061+0000] {processor.py:839} INFO - DAG(s) dict_keys(['example_short_circuit_decorator']) retrieved from /home/airflow/.local/lib/python3.10/site-packages/airflow/example_dags/example_short_circuit_decorator.py
[2025-02-22T22:12:08.134+0000] {logging_mixin.py:154} INFO - [2025-02-22T22:12:08.134+0000] {dag.py:2941} INFO - Sync 1 DAGs
[2025-02-22T22:12:08.167+0000] {logging_mixin.py:154} INFO - [2025-02-22T22:12:08.166+0000] {dag.py:3722} INFO - Setting next_dagrun for example_short_circuit_decorator to 2025-02-21T22:12:08.166324+00:00, run_after=2025-02-22T22:12:08.166324+00:00
[2025-02-22T22:12:08.189+0000] {processor.py:179} INFO - Processing /home/airflow/.local/lib/python3.10/site-packages/airflow/example_dags/example_short_circuit_decorator.py took 0.149 seconds
[2025-02-22T22:12:38.867+0000] {processor.py:157} INFO - Started process (PID=555) to work on /home/airflow/.local/lib/python3.10/site-packages/airflow/example_dags/example_short_circuit_decorator.py
[2025-02-22T22:12:38.869+0000] {processor.py:829} INFO - Processing file /home/airflow/.local/lib/python3.10/site-packages/airflow/example_dags/example_short_circuit_decorator.py for tasks to queue
[2025-02-22T22:12:38.871+0000] {logging_mixin.py:154} INFO - [2025-02-22T22:12:38.871+0000] {dagbag.py:536} INFO - Filling up the DagBag from /home/airflow/.local/lib/python3.10/site-packages/airflow/example_dags/example_short_circuit_decorator.py
[2025-02-22T22:12:38.879+0000] {processor.py:839} INFO - DAG(s) dict_keys(['example_short_circuit_decorator']) retrieved from /home/airflow/.local/lib/python3.10/site-packages/airflow/example_dags/example_short_circuit_decorator.py
[2025-02-22T22:12:38.951+0000] {logging_mixin.py:154} INFO - [2025-02-22T22:12:38.951+0000] {dag.py:2941} INFO - Sync 1 DAGs
[2025-02-22T22:12:38.979+0000] {logging_mixin.py:154} INFO - [2025-02-22T22:12:38.978+0000] {dag.py:3722} INFO - Setting next_dagrun for example_short_circuit_decorator to 2025-02-21T22:12:38.978457+00:00, run_after=2025-02-22T22:12:38.978457+00:00
[2025-02-22T22:12:39.001+0000] {processor.py:179} INFO - Processing /home/airflow/.local/lib/python3.10/site-packages/airflow/example_dags/example_short_circuit_decorator.py took 0.136 seconds
[2025-02-22T22:13:09.887+0000] {processor.py:157} INFO - Started process (PID=622) to work on /home/airflow/.local/lib/python3.10/site-packages/airflow/example_dags/example_short_circuit_decorator.py
[2025-02-22T22:13:09.888+0000] {processor.py:829} INFO - Processing file /home/airflow/.local/lib/python3.10/site-packages/airflow/example_dags/example_short_circuit_decorator.py for tasks to queue
[2025-02-22T22:13:09.891+0000] {logging_mixin.py:154} INFO - [2025-02-22T22:13:09.890+0000] {dagbag.py:536} INFO - Filling up the DagBag from /home/airflow/.local/lib/python3.10/site-packages/airflow/example_dags/example_short_circuit_decorator.py
[2025-02-22T22:13:09.900+0000] {processor.py:839} INFO - DAG(s) dict_keys(['example_short_circuit_decorator']) retrieved from /home/airflow/.local/lib/python3.10/site-packages/airflow/example_dags/example_short_circuit_decorator.py
[2025-02-22T22:13:09.973+0000] {logging_mixin.py:154} INFO - [2025-02-22T22:13:09.973+0000] {dag.py:2941} INFO - Sync 1 DAGs
[2025-02-22T22:13:10.001+0000] {logging_mixin.py:154} INFO - [2025-02-22T22:13:10.001+0000] {dag.py:3722} INFO - Setting next_dagrun for example_short_circuit_decorator to 2025-02-21T22:13:10.000808+00:00, run_after=2025-02-22T22:13:10.000808+00:00
[2025-02-22T22:13:10.022+0000] {processor.py:179} INFO - Processing /home/airflow/.local/lib/python3.10/site-packages/airflow/example_dags/example_short_circuit_decorator.py took 0.138 seconds
[2025-02-22T22:13:40.515+0000] {processor.py:157} INFO - Started process (PID=683) to work on /home/airflow/.local/lib/python3.10/site-packages/airflow/example_dags/example_short_circuit_decorator.py
[2025-02-22T22:13:40.516+0000] {processor.py:829} INFO - Processing file /home/airflow/.local/lib/python3.10/site-packages/airflow/example_dags/example_short_circuit_decorator.py for tasks to queue
[2025-02-22T22:13:40.519+0000] {logging_mixin.py:154} INFO - [2025-02-22T22:13:40.518+0000] {dagbag.py:536} INFO - Filling up the DagBag from /home/airflow/.local/lib/python3.10/site-packages/airflow/example_dags/example_short_circuit_decorator.py
[2025-02-22T22:13:40.527+0000] {processor.py:839} INFO - DAG(s) dict_keys(['example_short_circuit_decorator']) retrieved from /home/airflow/.local/lib/python3.10/site-packages/airflow/example_dags/example_short_circuit_decorator.py
[2025-02-22T22:13:40.599+0000] {logging_mixin.py:154} INFO - [2025-02-22T22:13:40.599+0000] {dag.py:2941} INFO - Sync 1 DAGs
[2025-02-22T22:13:40.632+0000] {logging_mixin.py:154} INFO - [2025-02-22T22:13:40.632+0000] {dag.py:3722} INFO - Setting next_dagrun for example_short_circuit_decorator to 2025-02-21T22:13:40.631404+00:00, run_after=2025-02-22T22:13:40.631404+00:00
[2025-02-22T22:13:40.653+0000] {processor.py:179} INFO - Processing /home/airflow/.local/lib/python3.10/site-packages/airflow/example_dags/example_short_circuit_decorator.py took 0.139 seconds
[2025-02-22T22:14:11.151+0000] {processor.py:157} INFO - Started process (PID=751) to work on /home/airflow/.local/lib/python3.10/site-packages/airflow/example_dags/example_short_circuit_decorator.py
[2025-02-22T22:14:11.152+0000] {processor.py:829} INFO - Processing file /home/airflow/.local/lib/python3.10/site-packages/airflow/example_dags/example_short_circuit_decorator.py for tasks to queue
[2025-02-22T22:14:11.154+0000] {logging_mixin.py:154} INFO - [2025-02-22T22:14:11.154+0000] {dagbag.py:536} INFO - Filling up the DagBag from /home/airflow/.local/lib/python3.10/site-packages/airflow/example_dags/example_short_circuit_decorator.py
[2025-02-22T22:14:11.162+0000] {processor.py:839} INFO - DAG(s) dict_keys(['example_short_circuit_decorator']) retrieved from /home/airflow/.local/lib/python3.10/site-packages/airflow/example_dags/example_short_circuit_decorator.py
[2025-02-22T22:14:11.233+0000] {logging_mixin.py:154} INFO - [2025-02-22T22:14:11.233+0000] {dag.py:2941} INFO - Sync 1 DAGs
[2025-02-22T22:14:11.260+0000] {logging_mixin.py:154} INFO - [2025-02-22T22:14:11.260+0000] {dag.py:3722} INFO - Setting next_dagrun for example_short_circuit_decorator to 2025-02-21T22:14:11.260356+00:00, run_after=2025-02-22T22:14:11.260356+00:00
[2025-02-22T22:14:11.280+0000] {processor.py:179} INFO - Processing /home/airflow/.local/lib/python3.10/site-packages/airflow/example_dags/example_short_circuit_decorator.py took 0.132 seconds
[2025-02-22T22:14:41.522+0000] {processor.py:157} INFO - Started process (PID=812) to work on /home/airflow/.local/lib/python3.10/site-packages/airflow/example_dags/example_short_circuit_decorator.py
[2025-02-22T22:14:41.524+0000] {processor.py:829} INFO - Processing file /home/airflow/.local/lib/python3.10/site-packages/airflow/example_dags/example_short_circuit_decorator.py for tasks to queue
[2025-02-22T22:14:41.527+0000] {logging_mixin.py:154} INFO - [2025-02-22T22:14:41.527+0000] {dagbag.py:536} INFO - Filling up the DagBag from /home/airflow/.local/lib/python3.10/site-packages/airflow/example_dags/example_short_circuit_decorator.py
[2025-02-22T22:14:41.536+0000] {processor.py:839} INFO - DAG(s) dict_keys(['example_short_circuit_decorator']) retrieved from /home/airflow/.local/lib/python3.10/site-packages/airflow/example_dags/example_short_circuit_decorator.py
[2025-02-22T22:14:41.618+0000] {logging_mixin.py:154} INFO - [2025-02-22T22:14:41.617+0000] {dag.py:2941} INFO - Sync 1 DAGs
[2025-02-22T22:14:41.688+0000] {logging_mixin.py:154} INFO - [2025-02-22T22:14:41.686+0000] {dag.py:3722} INFO - Setting next_dagrun for example_short_circuit_decorator to 2025-02-21T22:14:41.685861+00:00, run_after=2025-02-22T22:14:41.685861+00:00
[2025-02-22T22:14:41.747+0000] {processor.py:179} INFO - Processing /home/airflow/.local/lib/python3.10/site-packages/airflow/example_dags/example_short_circuit_decorator.py took 0.227 seconds
[2025-02-22T22:15:11.977+0000] {processor.py:157} INFO - Started process (PID=880) to work on /home/airflow/.local/lib/python3.10/site-packages/airflow/example_dags/example_short_circuit_decorator.py
[2025-02-22T22:15:11.978+0000] {processor.py:829} INFO - Processing file /home/airflow/.local/lib/python3.10/site-packages/airflow/example_dags/example_short_circuit_decorator.py for tasks to queue
[2025-02-22T22:15:11.979+0000] {logging_mixin.py:154} INFO - [2025-02-22T22:15:11.979+0000] {dagbag.py:536} INFO - Filling up the DagBag from /home/airflow/.local/lib/python3.10/site-packages/airflow/example_dags/example_short_circuit_decorator.py
[2025-02-22T22:15:11.987+0000] {processor.py:839} INFO - DAG(s) dict_keys(['example_short_circuit_decorator']) retrieved from /home/airflow/.local/lib/python3.10/site-packages/airflow/example_dags/example_short_circuit_decorator.py
[2025-02-22T22:15:12.055+0000] {logging_mixin.py:154} INFO - [2025-02-22T22:15:12.054+0000] {dag.py:2941} INFO - Sync 1 DAGs
[2025-02-22T22:15:12.082+0000] {logging_mixin.py:154} INFO - [2025-02-22T22:15:12.082+0000] {dag.py:3722} INFO - Setting next_dagrun for example_short_circuit_decorator to 2025-02-21T22:15:12.081753+00:00, run_after=2025-02-22T22:15:12.081753+00:00
[2025-02-22T22:15:12.102+0000] {processor.py:179} INFO - Processing /home/airflow/.local/lib/python3.10/site-packages/airflow/example_dags/example_short_circuit_decorator.py took 0.127 seconds
[2025-02-22T22:15:42.470+0000] {processor.py:157} INFO - Started process (PID=941) to work on /home/airflow/.local/lib/python3.10/site-packages/airflow/example_dags/example_short_circuit_decorator.py
[2025-02-22T22:15:42.473+0000] {processor.py:829} INFO - Processing file /home/airflow/.local/lib/python3.10/site-packages/airflow/example_dags/example_short_circuit_decorator.py for tasks to queue
[2025-02-22T22:15:42.476+0000] {logging_mixin.py:154} INFO - [2025-02-22T22:15:42.476+0000] {dagbag.py:536} INFO - Filling up the DagBag from /home/airflow/.local/lib/python3.10/site-packages/airflow/example_dags/example_short_circuit_decorator.py
[2025-02-22T22:15:42.489+0000] {processor.py:839} INFO - DAG(s) dict_keys(['example_short_circuit_decorator']) retrieved from /home/airflow/.local/lib/python3.10/site-packages/airflow/example_dags/example_short_circuit_decorator.py
[2025-02-22T22:15:42.574+0000] {logging_mixin.py:154} INFO - [2025-02-22T22:15:42.573+0000] {dag.py:2941} INFO - Sync 1 DAGs
[2025-02-22T22:15:42.604+0000] {logging_mixin.py:154} INFO - [2025-02-22T22:15:42.604+0000] {dag.py:3722} INFO - Setting next_dagrun for example_short_circuit_decorator to 2025-02-21T22:15:42.603630+00:00, run_after=2025-02-22T22:15:42.603630+00:00
[2025-02-22T22:15:42.624+0000] {processor.py:179} INFO - Processing /home/airflow/.local/lib/python3.10/site-packages/airflow/example_dags/example_short_circuit_decorator.py took 0.157 seconds
[2025-02-22T22:16:13.270+0000] {processor.py:157} INFO - Started process (PID=1009) to work on /home/airflow/.local/lib/python3.10/site-packages/airflow/example_dags/example_short_circuit_decorator.py
[2025-02-22T22:16:13.273+0000] {processor.py:829} INFO - Processing file /home/airflow/.local/lib/python3.10/site-packages/airflow/example_dags/example_short_circuit_decorator.py for tasks to queue
[2025-02-22T22:16:13.275+0000] {logging_mixin.py:154} INFO - [2025-02-22T22:16:13.275+0000] {dagbag.py:536} INFO - Filling up the DagBag from /home/airflow/.local/lib/python3.10/site-packages/airflow/example_dags/example_short_circuit_decorator.py
[2025-02-22T22:16:13.290+0000] {processor.py:839} INFO - DAG(s) dict_keys(['example_short_circuit_decorator']) retrieved from /home/airflow/.local/lib/python3.10/site-packages/airflow/example_dags/example_short_circuit_decorator.py
[2025-02-22T22:16:13.370+0000] {logging_mixin.py:154} INFO - [2025-02-22T22:16:13.370+0000] {dag.py:2941} INFO - Sync 1 DAGs
[2025-02-22T22:16:13.400+0000] {logging_mixin.py:154} INFO - [2025-02-22T22:16:13.400+0000] {dag.py:3722} INFO - Setting next_dagrun for example_short_circuit_decorator to 2025-02-21T22:16:13.399474+00:00, run_after=2025-02-22T22:16:13.399474+00:00
[2025-02-22T22:16:13.437+0000] {processor.py:179} INFO - Processing /home/airflow/.local/lib/python3.10/site-packages/airflow/example_dags/example_short_circuit_decorator.py took 0.171 seconds
[2025-02-22T22:16:43.649+0000] {processor.py:157} INFO - Started process (PID=1070) to work on /home/airflow/.local/lib/python3.10/site-packages/airflow/example_dags/example_short_circuit_decorator.py
[2025-02-22T22:16:43.650+0000] {processor.py:829} INFO - Processing file /home/airflow/.local/lib/python3.10/site-packages/airflow/example_dags/example_short_circuit_decorator.py for tasks to queue
[2025-02-22T22:16:43.652+0000] {logging_mixin.py:154} INFO - [2025-02-22T22:16:43.652+0000] {dagbag.py:536} INFO - Filling up the DagBag from /home/airflow/.local/lib/python3.10/site-packages/airflow/example_dags/example_short_circuit_decorator.py
[2025-02-22T22:16:43.662+0000] {processor.py:839} INFO - DAG(s) dict_keys(['example_short_circuit_decorator']) retrieved from /home/airflow/.local/lib/python3.10/site-packages/airflow/example_dags/example_short_circuit_decorator.py
[2025-02-22T22:16:43.731+0000] {logging_mixin.py:154} INFO - [2025-02-22T22:16:43.731+0000] {dag.py:2941} INFO - Sync 1 DAGs
[2025-02-22T22:16:43.756+0000] {logging_mixin.py:154} INFO - [2025-02-22T22:16:43.756+0000] {dag.py:3722} INFO - Setting next_dagrun for example_short_circuit_decorator to 2025-02-21T22:16:43.756351+00:00, run_after=2025-02-22T22:16:43.756351+00:00
[2025-02-22T22:16:43.775+0000] {processor.py:179} INFO - Processing /home/airflow/.local/lib/python3.10/site-packages/airflow/example_dags/example_short_circuit_decorator.py took 0.129 seconds
