[2025-02-22T21:47:15.986+0000] {processor.py:157} INFO - Started process (PID=51) to work on /home/airflow/.local/lib/python3.10/site-packages/airflow/example_dags/example_latest_only.py
[2025-02-22T21:47:15.989+0000] {processor.py:829} INFO - Processing file /home/airflow/.local/lib/python3.10/site-packages/airflow/example_dags/example_latest_only.py for tasks to queue
[2025-02-22T21:47:15.991+0000] {logging_mixin.py:154} INFO - [2025-02-22T21:47:15.991+0000] {dagbag.py:536} INFO - Filling up the DagBag from /home/airflow/.local/lib/python3.10/site-packages/airflow/example_dags/example_latest_only.py
[2025-02-22T21:47:16.001+0000] {processor.py:839} INFO - DAG(s) dict_keys(['latest_only']) retrieved from /home/airflow/.local/lib/python3.10/site-packages/airflow/example_dags/example_latest_only.py
[2025-02-22T21:47:16.183+0000] {logging_mixin.py:154} INFO - [2025-02-22T21:47:16.183+0000] {manager.py:499} INFO - Created Permission View: %s
[2025-02-22T21:47:16.197+0000] {logging_mixin.py:154} INFO - [2025-02-22T21:47:16.196+0000] {manager.py:499} INFO - Created Permission View: %s
[2025-02-22T21:47:16.202+0000] {logging_mixin.py:154} INFO - [2025-02-22T21:47:16.202+0000] {manager.py:499} INFO - Created Permission View: %s
[2025-02-22T21:47:16.202+0000] {logging_mixin.py:154} INFO - [2025-02-22T21:47:16.202+0000] {dag.py:2941} INFO - Sync 1 DAGs
[2025-02-22T21:47:16.212+0000] {logging_mixin.py:154} INFO - [2025-02-22T21:47:16.212+0000] {dag.py:2963} INFO - Creating ORM DAG for latest_only
[2025-02-22T21:47:16.228+0000] {logging_mixin.py:154} INFO - [2025-02-22T21:47:16.228+0000] {dag.py:3722} INFO - Setting next_dagrun for latest_only to 2025-02-22T17:47:16.228361+00:00, run_after=2025-02-22T21:47:16.228361+00:00
[2025-02-22T21:47:16.251+0000] {processor.py:179} INFO - Processing /home/airflow/.local/lib/python3.10/site-packages/airflow/example_dags/example_latest_only.py took 0.268 seconds
[2025-02-22T21:48:58.270+0000] {processor.py:157} INFO - Started process (PID=51) to work on /home/airflow/.local/lib/python3.10/site-packages/airflow/example_dags/example_latest_only.py
[2025-02-22T21:48:58.272+0000] {processor.py:829} INFO - Processing file /home/airflow/.local/lib/python3.10/site-packages/airflow/example_dags/example_latest_only.py for tasks to queue
[2025-02-22T21:48:58.281+0000] {logging_mixin.py:154} INFO - [2025-02-22T21:48:58.280+0000] {dagbag.py:536} INFO - Filling up the DagBag from /home/airflow/.local/lib/python3.10/site-packages/airflow/example_dags/example_latest_only.py
[2025-02-22T21:48:58.301+0000] {processor.py:839} INFO - DAG(s) dict_keys(['latest_only']) retrieved from /home/airflow/.local/lib/python3.10/site-packages/airflow/example_dags/example_latest_only.py
[2025-02-22T21:48:58.415+0000] {logging_mixin.py:154} INFO - [2025-02-22T21:48:58.414+0000] {dag.py:2941} INFO - Sync 1 DAGs
[2025-02-22T21:48:58.457+0000] {logging_mixin.py:154} INFO - [2025-02-22T21:48:58.456+0000] {dag.py:3722} INFO - Setting next_dagrun for latest_only to 2025-02-22T17:48:58.456432+00:00, run_after=2025-02-22T21:48:58.456432+00:00
[2025-02-22T21:48:58.505+0000] {processor.py:179} INFO - Processing /home/airflow/.local/lib/python3.10/site-packages/airflow/example_dags/example_latest_only.py took 0.250 seconds
[2025-02-22T21:56:48.630+0000] {processor.py:157} INFO - Started process (PID=51) to work on /home/airflow/.local/lib/python3.10/site-packages/airflow/example_dags/example_latest_only.py
[2025-02-22T21:56:48.632+0000] {processor.py:829} INFO - Processing file /home/airflow/.local/lib/python3.10/site-packages/airflow/example_dags/example_latest_only.py for tasks to queue
[2025-02-22T21:56:48.635+0000] {logging_mixin.py:154} INFO - [2025-02-22T21:56:48.635+0000] {dagbag.py:536} INFO - Filling up the DagBag from /home/airflow/.local/lib/python3.10/site-packages/airflow/example_dags/example_latest_only.py
[2025-02-22T21:56:48.651+0000] {processor.py:839} INFO - DAG(s) dict_keys(['latest_only']) retrieved from /home/airflow/.local/lib/python3.10/site-packages/airflow/example_dags/example_latest_only.py
[2025-02-22T21:56:48.777+0000] {logging_mixin.py:154} INFO - [2025-02-22T21:56:48.776+0000] {dag.py:2941} INFO - Sync 1 DAGs
[2025-02-22T21:56:48.814+0000] {logging_mixin.py:154} INFO - [2025-02-22T21:56:48.814+0000] {dag.py:3722} INFO - Setting next_dagrun for latest_only to 2025-02-22T17:56:48.814110+00:00, run_after=2025-02-22T21:56:48.814110+00:00
[2025-02-22T21:56:48.854+0000] {processor.py:179} INFO - Processing /home/airflow/.local/lib/python3.10/site-packages/airflow/example_dags/example_latest_only.py took 0.228 seconds
[2025-02-22T21:57:19.488+0000] {processor.py:157} INFO - Started process (PID=119) to work on /home/airflow/.local/lib/python3.10/site-packages/airflow/example_dags/example_latest_only.py
[2025-02-22T21:57:19.489+0000] {processor.py:829} INFO - Processing file /home/airflow/.local/lib/python3.10/site-packages/airflow/example_dags/example_latest_only.py for tasks to queue
[2025-02-22T21:57:19.491+0000] {logging_mixin.py:154} INFO - [2025-02-22T21:57:19.491+0000] {dagbag.py:536} INFO - Filling up the DagBag from /home/airflow/.local/lib/python3.10/site-packages/airflow/example_dags/example_latest_only.py
[2025-02-22T21:57:19.497+0000] {processor.py:839} INFO - DAG(s) dict_keys(['latest_only']) retrieved from /home/airflow/.local/lib/python3.10/site-packages/airflow/example_dags/example_latest_only.py
[2025-02-22T21:57:19.732+0000] {logging_mixin.py:154} INFO - [2025-02-22T21:57:19.731+0000] {dag.py:2941} INFO - Sync 1 DAGs
[2025-02-22T21:57:19.787+0000] {logging_mixin.py:154} INFO - [2025-02-22T21:57:19.787+0000] {dag.py:3722} INFO - Setting next_dagrun for latest_only to 2025-02-22T17:57:19.784462+00:00, run_after=2025-02-22T21:57:19.784462+00:00
[2025-02-22T21:57:19.833+0000] {processor.py:179} INFO - Processing /home/airflow/.local/lib/python3.10/site-packages/airflow/example_dags/example_latest_only.py took 0.348 seconds
[2025-02-22T21:59:52.292+0000] {processor.py:157} INFO - Started process (PID=51) to work on /home/airflow/.local/lib/python3.10/site-packages/airflow/example_dags/example_latest_only.py
[2025-02-22T21:59:52.297+0000] {processor.py:829} INFO - Processing file /home/airflow/.local/lib/python3.10/site-packages/airflow/example_dags/example_latest_only.py for tasks to queue
[2025-02-22T21:59:52.302+0000] {logging_mixin.py:154} INFO - [2025-02-22T21:59:52.302+0000] {dagbag.py:536} INFO - Filling up the DagBag from /home/airflow/.local/lib/python3.10/site-packages/airflow/example_dags/example_latest_only.py
[2025-02-22T21:59:52.324+0000] {processor.py:839} INFO - DAG(s) dict_keys(['latest_only']) retrieved from /home/airflow/.local/lib/python3.10/site-packages/airflow/example_dags/example_latest_only.py
[2025-02-22T21:59:52.448+0000] {logging_mixin.py:154} INFO - [2025-02-22T21:59:52.448+0000] {dag.py:2941} INFO - Sync 1 DAGs
[2025-02-22T21:59:52.577+0000] {logging_mixin.py:154} INFO - [2025-02-22T21:59:52.576+0000] {dag.py:3722} INFO - Setting next_dagrun for latest_only to 2025-02-22T17:59:52.575176+00:00, run_after=2025-02-22T21:59:52.575176+00:00
[2025-02-22T21:59:52.620+0000] {processor.py:179} INFO - Processing /home/airflow/.local/lib/python3.10/site-packages/airflow/example_dags/example_latest_only.py took 0.334 seconds
[2025-02-22T22:00:23.529+0000] {processor.py:157} INFO - Started process (PID=119) to work on /home/airflow/.local/lib/python3.10/site-packages/airflow/example_dags/example_latest_only.py
[2025-02-22T22:00:23.531+0000] {processor.py:829} INFO - Processing file /home/airflow/.local/lib/python3.10/site-packages/airflow/example_dags/example_latest_only.py for tasks to queue
[2025-02-22T22:00:23.533+0000] {logging_mixin.py:154} INFO - [2025-02-22T22:00:23.533+0000] {dagbag.py:536} INFO - Filling up the DagBag from /home/airflow/.local/lib/python3.10/site-packages/airflow/example_dags/example_latest_only.py
[2025-02-22T22:00:23.539+0000] {processor.py:839} INFO - DAG(s) dict_keys(['latest_only']) retrieved from /home/airflow/.local/lib/python3.10/site-packages/airflow/example_dags/example_latest_only.py
[2025-02-22T22:00:23.604+0000] {logging_mixin.py:154} INFO - [2025-02-22T22:00:23.604+0000] {dag.py:2941} INFO - Sync 1 DAGs
[2025-02-22T22:00:23.630+0000] {logging_mixin.py:154} INFO - [2025-02-22T22:00:23.630+0000] {dag.py:3722} INFO - Setting next_dagrun for latest_only to 2025-02-22T18:00:23.629957+00:00, run_after=2025-02-22T22:00:23.629957+00:00
[2025-02-22T22:00:23.648+0000] {processor.py:179} INFO - Processing /home/airflow/.local/lib/python3.10/site-packages/airflow/example_dags/example_latest_only.py took 0.122 seconds
[2025-02-22T22:00:53.740+0000] {processor.py:157} INFO - Started process (PID=180) to work on /home/airflow/.local/lib/python3.10/site-packages/airflow/example_dags/example_latest_only.py
[2025-02-22T22:00:53.743+0000] {processor.py:829} INFO - Processing file /home/airflow/.local/lib/python3.10/site-packages/airflow/example_dags/example_latest_only.py for tasks to queue
[2025-02-22T22:00:53.746+0000] {logging_mixin.py:154} INFO - [2025-02-22T22:00:53.745+0000] {dagbag.py:536} INFO - Filling up the DagBag from /home/airflow/.local/lib/python3.10/site-packages/airflow/example_dags/example_latest_only.py
[2025-02-22T22:00:53.754+0000] {processor.py:839} INFO - DAG(s) dict_keys(['latest_only']) retrieved from /home/airflow/.local/lib/python3.10/site-packages/airflow/example_dags/example_latest_only.py
[2025-02-22T22:00:53.828+0000] {logging_mixin.py:154} INFO - [2025-02-22T22:00:53.828+0000] {dag.py:2941} INFO - Sync 1 DAGs
[2025-02-22T22:00:53.856+0000] {logging_mixin.py:154} INFO - [2025-02-22T22:00:53.856+0000] {dag.py:3722} INFO - Setting next_dagrun for latest_only to 2025-02-22T18:00:53.856357+00:00, run_after=2025-02-22T22:00:53.856357+00:00
[2025-02-22T22:00:53.878+0000] {processor.py:179} INFO - Processing /home/airflow/.local/lib/python3.10/site-packages/airflow/example_dags/example_latest_only.py took 0.144 seconds
[2025-02-22T22:01:24.217+0000] {processor.py:157} INFO - Started process (PID=248) to work on /home/airflow/.local/lib/python3.10/site-packages/airflow/example_dags/example_latest_only.py
[2025-02-22T22:01:24.218+0000] {processor.py:829} INFO - Processing file /home/airflow/.local/lib/python3.10/site-packages/airflow/example_dags/example_latest_only.py for tasks to queue
[2025-02-22T22:01:24.221+0000] {logging_mixin.py:154} INFO - [2025-02-22T22:01:24.220+0000] {dagbag.py:536} INFO - Filling up the DagBag from /home/airflow/.local/lib/python3.10/site-packages/airflow/example_dags/example_latest_only.py
[2025-02-22T22:01:24.230+0000] {processor.py:839} INFO - DAG(s) dict_keys(['latest_only']) retrieved from /home/airflow/.local/lib/python3.10/site-packages/airflow/example_dags/example_latest_only.py
[2025-02-22T22:01:24.306+0000] {logging_mixin.py:154} INFO - [2025-02-22T22:01:24.306+0000] {dag.py:2941} INFO - Sync 1 DAGs
[2025-02-22T22:01:24.333+0000] {logging_mixin.py:154} INFO - [2025-02-22T22:01:24.333+0000] {dag.py:3722} INFO - Setting next_dagrun for latest_only to 2025-02-22T18:01:24.332871+00:00, run_after=2025-02-22T22:01:24.332871+00:00
[2025-02-22T22:01:24.351+0000] {processor.py:179} INFO - Processing /home/airflow/.local/lib/python3.10/site-packages/airflow/example_dags/example_latest_only.py took 0.140 seconds
[2025-02-22T22:01:54.846+0000] {processor.py:157} INFO - Started process (PID=308) to work on /home/airflow/.local/lib/python3.10/site-packages/airflow/example_dags/example_latest_only.py
[2025-02-22T22:01:54.847+0000] {processor.py:829} INFO - Processing file /home/airflow/.local/lib/python3.10/site-packages/airflow/example_dags/example_latest_only.py for tasks to queue
[2025-02-22T22:01:54.848+0000] {logging_mixin.py:154} INFO - [2025-02-22T22:01:54.848+0000] {dagbag.py:536} INFO - Filling up the DagBag from /home/airflow/.local/lib/python3.10/site-packages/airflow/example_dags/example_latest_only.py
[2025-02-22T22:01:54.854+0000] {processor.py:839} INFO - DAG(s) dict_keys(['latest_only']) retrieved from /home/airflow/.local/lib/python3.10/site-packages/airflow/example_dags/example_latest_only.py
[2025-02-22T22:01:54.922+0000] {logging_mixin.py:154} INFO - [2025-02-22T22:01:54.922+0000] {dag.py:2941} INFO - Sync 1 DAGs
[2025-02-22T22:01:54.949+0000] {logging_mixin.py:154} INFO - [2025-02-22T22:01:54.949+0000] {dag.py:3722} INFO - Setting next_dagrun for latest_only to 2025-02-22T18:01:54.948925+00:00, run_after=2025-02-22T22:01:54.948925+00:00
[2025-02-22T22:01:54.968+0000] {processor.py:179} INFO - Processing /home/airflow/.local/lib/python3.10/site-packages/airflow/example_dags/example_latest_only.py took 0.124 seconds
[2025-02-22T22:02:25.716+0000] {processor.py:157} INFO - Started process (PID=375) to work on /home/airflow/.local/lib/python3.10/site-packages/airflow/example_dags/example_latest_only.py
[2025-02-22T22:02:25.717+0000] {processor.py:829} INFO - Processing file /home/airflow/.local/lib/python3.10/site-packages/airflow/example_dags/example_latest_only.py for tasks to queue
[2025-02-22T22:02:25.719+0000] {logging_mixin.py:154} INFO - [2025-02-22T22:02:25.718+0000] {dagbag.py:536} INFO - Filling up the DagBag from /home/airflow/.local/lib/python3.10/site-packages/airflow/example_dags/example_latest_only.py
[2025-02-22T22:02:25.726+0000] {processor.py:839} INFO - DAG(s) dict_keys(['latest_only']) retrieved from /home/airflow/.local/lib/python3.10/site-packages/airflow/example_dags/example_latest_only.py
[2025-02-22T22:02:25.801+0000] {logging_mixin.py:154} INFO - [2025-02-22T22:02:25.801+0000] {dag.py:2941} INFO - Sync 1 DAGs
[2025-02-22T22:02:25.829+0000] {logging_mixin.py:154} INFO - [2025-02-22T22:02:25.829+0000] {dag.py:3722} INFO - Setting next_dagrun for latest_only to 2025-02-22T18:02:25.829222+00:00, run_after=2025-02-22T22:02:25.829222+00:00
[2025-02-22T22:02:25.850+0000] {processor.py:179} INFO - Processing /home/airflow/.local/lib/python3.10/site-packages/airflow/example_dags/example_latest_only.py took 0.138 seconds
[2025-02-22T22:02:56.389+0000] {processor.py:157} INFO - Started process (PID=436) to work on /home/airflow/.local/lib/python3.10/site-packages/airflow/example_dags/example_latest_only.py
[2025-02-22T22:02:56.390+0000] {processor.py:829} INFO - Processing file /home/airflow/.local/lib/python3.10/site-packages/airflow/example_dags/example_latest_only.py for tasks to queue
[2025-02-22T22:02:56.392+0000] {logging_mixin.py:154} INFO - [2025-02-22T22:02:56.392+0000] {dagbag.py:536} INFO - Filling up the DagBag from /home/airflow/.local/lib/python3.10/site-packages/airflow/example_dags/example_latest_only.py
[2025-02-22T22:02:56.397+0000] {processor.py:839} INFO - DAG(s) dict_keys(['latest_only']) retrieved from /home/airflow/.local/lib/python3.10/site-packages/airflow/example_dags/example_latest_only.py
[2025-02-22T22:02:56.463+0000] {logging_mixin.py:154} INFO - [2025-02-22T22:02:56.463+0000] {dag.py:2941} INFO - Sync 1 DAGs
[2025-02-22T22:02:56.499+0000] {logging_mixin.py:154} INFO - [2025-02-22T22:02:56.499+0000] {dag.py:3722} INFO - Setting next_dagrun for latest_only to 2025-02-22T18:02:56.498844+00:00, run_after=2025-02-22T22:02:56.498844+00:00
[2025-02-22T22:02:56.525+0000] {processor.py:179} INFO - Processing /home/airflow/.local/lib/python3.10/site-packages/airflow/example_dags/example_latest_only.py took 0.138 seconds
[2025-02-22T22:03:40.940+0000] {processor.py:157} INFO - Started process (PID=52) to work on /home/airflow/.local/lib/python3.10/site-packages/airflow/example_dags/example_latest_only.py
[2025-02-22T22:03:40.942+0000] {processor.py:829} INFO - Processing file /home/airflow/.local/lib/python3.10/site-packages/airflow/example_dags/example_latest_only.py for tasks to queue
[2025-02-22T22:03:40.947+0000] {logging_mixin.py:154} INFO - [2025-02-22T22:03:40.947+0000] {dagbag.py:536} INFO - Filling up the DagBag from /home/airflow/.local/lib/python3.10/site-packages/airflow/example_dags/example_latest_only.py
[2025-02-22T22:03:40.962+0000] {processor.py:839} INFO - DAG(s) dict_keys(['latest_only']) retrieved from /home/airflow/.local/lib/python3.10/site-packages/airflow/example_dags/example_latest_only.py
[2025-02-22T22:03:41.076+0000] {logging_mixin.py:154} INFO - [2025-02-22T22:03:41.076+0000] {dag.py:2941} INFO - Sync 1 DAGs
[2025-02-22T22:03:41.127+0000] {logging_mixin.py:154} INFO - [2025-02-22T22:03:41.127+0000] {dag.py:3722} INFO - Setting next_dagrun for latest_only to 2025-02-22T18:03:41.126780+00:00, run_after=2025-02-22T22:03:41.126780+00:00
[2025-02-22T22:03:41.199+0000] {processor.py:179} INFO - Processing /home/airflow/.local/lib/python3.10/site-packages/airflow/example_dags/example_latest_only.py took 0.265 seconds
[2025-02-22T22:04:11.751+0000] {processor.py:157} INFO - Started process (PID=120) to work on /home/airflow/.local/lib/python3.10/site-packages/airflow/example_dags/example_latest_only.py
[2025-02-22T22:04:11.755+0000] {processor.py:829} INFO - Processing file /home/airflow/.local/lib/python3.10/site-packages/airflow/example_dags/example_latest_only.py for tasks to queue
[2025-02-22T22:04:11.760+0000] {logging_mixin.py:154} INFO - [2025-02-22T22:04:11.759+0000] {dagbag.py:536} INFO - Filling up the DagBag from /home/airflow/.local/lib/python3.10/site-packages/airflow/example_dags/example_latest_only.py
[2025-02-22T22:04:11.769+0000] {processor.py:839} INFO - DAG(s) dict_keys(['latest_only']) retrieved from /home/airflow/.local/lib/python3.10/site-packages/airflow/example_dags/example_latest_only.py
[2025-02-22T22:04:11.903+0000] {logging_mixin.py:154} INFO - [2025-02-22T22:04:11.903+0000] {dag.py:2941} INFO - Sync 1 DAGs
[2025-02-22T22:04:11.977+0000] {logging_mixin.py:154} INFO - [2025-02-22T22:04:11.977+0000] {dag.py:3722} INFO - Setting next_dagrun for latest_only to 2025-02-22T18:04:11.976499+00:00, run_after=2025-02-22T22:04:11.976499+00:00
[2025-02-22T22:04:12.011+0000] {processor.py:179} INFO - Processing /home/airflow/.local/lib/python3.10/site-packages/airflow/example_dags/example_latest_only.py took 0.261 seconds
[2025-02-22T22:04:42.139+0000] {processor.py:157} INFO - Started process (PID=181) to work on /home/airflow/.local/lib/python3.10/site-packages/airflow/example_dags/example_latest_only.py
[2025-02-22T22:04:42.140+0000] {processor.py:829} INFO - Processing file /home/airflow/.local/lib/python3.10/site-packages/airflow/example_dags/example_latest_only.py for tasks to queue
[2025-02-22T22:04:42.141+0000] {logging_mixin.py:154} INFO - [2025-02-22T22:04:42.141+0000] {dagbag.py:536} INFO - Filling up the DagBag from /home/airflow/.local/lib/python3.10/site-packages/airflow/example_dags/example_latest_only.py
[2025-02-22T22:04:42.146+0000] {processor.py:839} INFO - DAG(s) dict_keys(['latest_only']) retrieved from /home/airflow/.local/lib/python3.10/site-packages/airflow/example_dags/example_latest_only.py
[2025-02-22T22:04:42.206+0000] {logging_mixin.py:154} INFO - [2025-02-22T22:04:42.206+0000] {dag.py:2941} INFO - Sync 1 DAGs
[2025-02-22T22:04:42.230+0000] {logging_mixin.py:154} INFO - [2025-02-22T22:04:42.230+0000] {dag.py:3722} INFO - Setting next_dagrun for latest_only to 2025-02-22T18:04:42.230350+00:00, run_after=2025-02-22T22:04:42.230350+00:00
[2025-02-22T22:04:42.247+0000] {processor.py:179} INFO - Processing /home/airflow/.local/lib/python3.10/site-packages/airflow/example_dags/example_latest_only.py took 0.109 seconds
[2025-02-22T22:05:12.926+0000] {processor.py:157} INFO - Started process (PID=249) to work on /home/airflow/.local/lib/python3.10/site-packages/airflow/example_dags/example_latest_only.py
[2025-02-22T22:05:12.927+0000] {processor.py:829} INFO - Processing file /home/airflow/.local/lib/python3.10/site-packages/airflow/example_dags/example_latest_only.py for tasks to queue
[2025-02-22T22:05:12.929+0000] {logging_mixin.py:154} INFO - [2025-02-22T22:05:12.929+0000] {dagbag.py:536} INFO - Filling up the DagBag from /home/airflow/.local/lib/python3.10/site-packages/airflow/example_dags/example_latest_only.py
[2025-02-22T22:05:12.934+0000] {processor.py:839} INFO - DAG(s) dict_keys(['latest_only']) retrieved from /home/airflow/.local/lib/python3.10/site-packages/airflow/example_dags/example_latest_only.py
[2025-02-22T22:05:13.001+0000] {logging_mixin.py:154} INFO - [2025-02-22T22:05:13.001+0000] {dag.py:2941} INFO - Sync 1 DAGs
[2025-02-22T22:05:13.030+0000] {logging_mixin.py:154} INFO - [2025-02-22T22:05:13.030+0000] {dag.py:3722} INFO - Setting next_dagrun for latest_only to 2025-02-22T18:05:13.030236+00:00, run_after=2025-02-22T22:05:13.030236+00:00
[2025-02-22T22:05:13.050+0000] {processor.py:179} INFO - Processing /home/airflow/.local/lib/python3.10/site-packages/airflow/example_dags/example_latest_only.py took 0.126 seconds
[2025-02-22T22:05:43.446+0000] {processor.py:157} INFO - Started process (PID=310) to work on /home/airflow/.local/lib/python3.10/site-packages/airflow/example_dags/example_latest_only.py
[2025-02-22T22:05:43.447+0000] {processor.py:829} INFO - Processing file /home/airflow/.local/lib/python3.10/site-packages/airflow/example_dags/example_latest_only.py for tasks to queue
[2025-02-22T22:05:43.449+0000] {logging_mixin.py:154} INFO - [2025-02-22T22:05:43.448+0000] {dagbag.py:536} INFO - Filling up the DagBag from /home/airflow/.local/lib/python3.10/site-packages/airflow/example_dags/example_latest_only.py
[2025-02-22T22:05:43.454+0000] {processor.py:839} INFO - DAG(s) dict_keys(['latest_only']) retrieved from /home/airflow/.local/lib/python3.10/site-packages/airflow/example_dags/example_latest_only.py
[2025-02-22T22:05:43.520+0000] {logging_mixin.py:154} INFO - [2025-02-22T22:05:43.520+0000] {dag.py:2941} INFO - Sync 1 DAGs
[2025-02-22T22:05:43.550+0000] {logging_mixin.py:154} INFO - [2025-02-22T22:05:43.550+0000] {dag.py:3722} INFO - Setting next_dagrun for latest_only to 2025-02-22T18:05:43.550254+00:00, run_after=2025-02-22T22:05:43.550254+00:00
[2025-02-22T22:05:43.569+0000] {processor.py:179} INFO - Processing /home/airflow/.local/lib/python3.10/site-packages/airflow/example_dags/example_latest_only.py took 0.126 seconds
[2025-02-22T22:06:13.867+0000] {processor.py:157} INFO - Started process (PID=378) to work on /home/airflow/.local/lib/python3.10/site-packages/airflow/example_dags/example_latest_only.py
[2025-02-22T22:06:13.868+0000] {processor.py:829} INFO - Processing file /home/airflow/.local/lib/python3.10/site-packages/airflow/example_dags/example_latest_only.py for tasks to queue
[2025-02-22T22:06:13.869+0000] {logging_mixin.py:154} INFO - [2025-02-22T22:06:13.869+0000] {dagbag.py:536} INFO - Filling up the DagBag from /home/airflow/.local/lib/python3.10/site-packages/airflow/example_dags/example_latest_only.py
[2025-02-22T22:06:13.875+0000] {processor.py:839} INFO - DAG(s) dict_keys(['latest_only']) retrieved from /home/airflow/.local/lib/python3.10/site-packages/airflow/example_dags/example_latest_only.py
[2025-02-22T22:06:13.942+0000] {logging_mixin.py:154} INFO - [2025-02-22T22:06:13.942+0000] {dag.py:2941} INFO - Sync 1 DAGs
[2025-02-22T22:06:13.971+0000] {logging_mixin.py:154} INFO - [2025-02-22T22:06:13.971+0000] {dag.py:3722} INFO - Setting next_dagrun for latest_only to 2025-02-22T18:06:13.971002+00:00, run_after=2025-02-22T22:06:13.971002+00:00
[2025-02-22T22:06:13.994+0000] {processor.py:179} INFO - Processing /home/airflow/.local/lib/python3.10/site-packages/airflow/example_dags/example_latest_only.py took 0.129 seconds
[2025-02-22T22:06:44.459+0000] {processor.py:157} INFO - Started process (PID=439) to work on /home/airflow/.local/lib/python3.10/site-packages/airflow/example_dags/example_latest_only.py
[2025-02-22T22:06:44.459+0000] {processor.py:829} INFO - Processing file /home/airflow/.local/lib/python3.10/site-packages/airflow/example_dags/example_latest_only.py for tasks to queue
[2025-02-22T22:06:44.461+0000] {logging_mixin.py:154} INFO - [2025-02-22T22:06:44.461+0000] {dagbag.py:536} INFO - Filling up the DagBag from /home/airflow/.local/lib/python3.10/site-packages/airflow/example_dags/example_latest_only.py
[2025-02-22T22:06:44.467+0000] {processor.py:839} INFO - DAG(s) dict_keys(['latest_only']) retrieved from /home/airflow/.local/lib/python3.10/site-packages/airflow/example_dags/example_latest_only.py
[2025-02-22T22:06:44.536+0000] {logging_mixin.py:154} INFO - [2025-02-22T22:06:44.536+0000] {dag.py:2941} INFO - Sync 1 DAGs
[2025-02-22T22:06:44.566+0000] {logging_mixin.py:154} INFO - [2025-02-22T22:06:44.566+0000] {dag.py:3722} INFO - Setting next_dagrun for latest_only to 2025-02-22T18:06:44.565711+00:00, run_after=2025-02-22T22:06:44.565711+00:00
[2025-02-22T22:06:44.590+0000] {processor.py:179} INFO - Processing /home/airflow/.local/lib/python3.10/site-packages/airflow/example_dags/example_latest_only.py took 0.134 seconds
[2025-02-22T22:07:14.857+0000] {processor.py:157} INFO - Started process (PID=507) to work on /home/airflow/.local/lib/python3.10/site-packages/airflow/example_dags/example_latest_only.py
[2025-02-22T22:07:14.858+0000] {processor.py:829} INFO - Processing file /home/airflow/.local/lib/python3.10/site-packages/airflow/example_dags/example_latest_only.py for tasks to queue
[2025-02-22T22:07:14.859+0000] {logging_mixin.py:154} INFO - [2025-02-22T22:07:14.859+0000] {dagbag.py:536} INFO - Filling up the DagBag from /home/airflow/.local/lib/python3.10/site-packages/airflow/example_dags/example_latest_only.py
[2025-02-22T22:07:14.865+0000] {processor.py:839} INFO - DAG(s) dict_keys(['latest_only']) retrieved from /home/airflow/.local/lib/python3.10/site-packages/airflow/example_dags/example_latest_only.py
[2025-02-22T22:07:14.987+0000] {logging_mixin.py:154} INFO - [2025-02-22T22:07:14.987+0000] {dag.py:2941} INFO - Sync 1 DAGs
[2025-02-22T22:07:15.018+0000] {logging_mixin.py:154} INFO - [2025-02-22T22:07:15.017+0000] {dag.py:3722} INFO - Setting next_dagrun for latest_only to 2025-02-22T18:07:15.017457+00:00, run_after=2025-02-22T22:07:15.017457+00:00
[2025-02-22T22:07:15.045+0000] {processor.py:179} INFO - Processing /home/airflow/.local/lib/python3.10/site-packages/airflow/example_dags/example_latest_only.py took 0.190 seconds
[2025-02-22T22:07:45.278+0000] {processor.py:157} INFO - Started process (PID=568) to work on /home/airflow/.local/lib/python3.10/site-packages/airflow/example_dags/example_latest_only.py
[2025-02-22T22:07:45.279+0000] {processor.py:829} INFO - Processing file /home/airflow/.local/lib/python3.10/site-packages/airflow/example_dags/example_latest_only.py for tasks to queue
[2025-02-22T22:07:45.280+0000] {logging_mixin.py:154} INFO - [2025-02-22T22:07:45.280+0000] {dagbag.py:536} INFO - Filling up the DagBag from /home/airflow/.local/lib/python3.10/site-packages/airflow/example_dags/example_latest_only.py
[2025-02-22T22:07:45.285+0000] {processor.py:839} INFO - DAG(s) dict_keys(['latest_only']) retrieved from /home/airflow/.local/lib/python3.10/site-packages/airflow/example_dags/example_latest_only.py
[2025-02-22T22:07:45.359+0000] {logging_mixin.py:154} INFO - [2025-02-22T22:07:45.359+0000] {dag.py:2941} INFO - Sync 1 DAGs
[2025-02-22T22:07:45.430+0000] {logging_mixin.py:154} INFO - [2025-02-22T22:07:45.429+0000] {dag.py:3722} INFO - Setting next_dagrun for latest_only to 2025-02-22T18:07:45.429235+00:00, run_after=2025-02-22T22:07:45.429235+00:00
[2025-02-22T22:07:45.462+0000] {processor.py:179} INFO - Processing /home/airflow/.local/lib/python3.10/site-packages/airflow/example_dags/example_latest_only.py took 0.186 seconds
[2025-02-22T22:08:35.333+0000] {processor.py:157} INFO - Started process (PID=50) to work on /home/airflow/.local/lib/python3.10/site-packages/airflow/example_dags/example_latest_only.py
[2025-02-22T22:08:35.337+0000] {processor.py:829} INFO - Processing file /home/airflow/.local/lib/python3.10/site-packages/airflow/example_dags/example_latest_only.py for tasks to queue
[2025-02-22T22:08:35.342+0000] {logging_mixin.py:154} INFO - [2025-02-22T22:08:35.341+0000] {dagbag.py:536} INFO - Filling up the DagBag from /home/airflow/.local/lib/python3.10/site-packages/airflow/example_dags/example_latest_only.py
[2025-02-22T22:08:35.356+0000] {processor.py:839} INFO - DAG(s) dict_keys(['latest_only']) retrieved from /home/airflow/.local/lib/python3.10/site-packages/airflow/example_dags/example_latest_only.py
[2025-02-22T22:08:35.473+0000] {logging_mixin.py:154} INFO - [2025-02-22T22:08:35.473+0000] {dag.py:2941} INFO - Sync 1 DAGs
[2025-02-22T22:08:35.542+0000] {logging_mixin.py:154} INFO - [2025-02-22T22:08:35.541+0000] {dag.py:3722} INFO - Setting next_dagrun for latest_only to 2025-02-22T18:08:35.540006+00:00, run_after=2025-02-22T22:08:35.540006+00:00
[2025-02-22T22:08:35.604+0000] {processor.py:179} INFO - Processing /home/airflow/.local/lib/python3.10/site-packages/airflow/example_dags/example_latest_only.py took 0.275 seconds
[2025-02-22T22:09:05.963+0000] {processor.py:157} INFO - Started process (PID=118) to work on /home/airflow/.local/lib/python3.10/site-packages/airflow/example_dags/example_latest_only.py
[2025-02-22T22:09:05.965+0000] {processor.py:829} INFO - Processing file /home/airflow/.local/lib/python3.10/site-packages/airflow/example_dags/example_latest_only.py for tasks to queue
[2025-02-22T22:09:05.966+0000] {logging_mixin.py:154} INFO - [2025-02-22T22:09:05.966+0000] {dagbag.py:536} INFO - Filling up the DagBag from /home/airflow/.local/lib/python3.10/site-packages/airflow/example_dags/example_latest_only.py
[2025-02-22T22:09:05.971+0000] {processor.py:839} INFO - DAG(s) dict_keys(['latest_only']) retrieved from /home/airflow/.local/lib/python3.10/site-packages/airflow/example_dags/example_latest_only.py
[2025-02-22T22:09:06.035+0000] {logging_mixin.py:154} INFO - [2025-02-22T22:09:06.035+0000] {dag.py:2941} INFO - Sync 1 DAGs
[2025-02-22T22:09:06.063+0000] {logging_mixin.py:154} INFO - [2025-02-22T22:09:06.063+0000] {dag.py:3722} INFO - Setting next_dagrun for latest_only to 2025-02-22T18:09:06.062804+00:00, run_after=2025-02-22T22:09:06.062804+00:00
[2025-02-22T22:09:06.084+0000] {processor.py:179} INFO - Processing /home/airflow/.local/lib/python3.10/site-packages/airflow/example_dags/example_latest_only.py took 0.123 seconds
[2025-02-22T22:09:36.259+0000] {processor.py:157} INFO - Started process (PID=178) to work on /home/airflow/.local/lib/python3.10/site-packages/airflow/example_dags/example_latest_only.py
[2025-02-22T22:09:36.260+0000] {processor.py:829} INFO - Processing file /home/airflow/.local/lib/python3.10/site-packages/airflow/example_dags/example_latest_only.py for tasks to queue
[2025-02-22T22:09:36.261+0000] {logging_mixin.py:154} INFO - [2025-02-22T22:09:36.261+0000] {dagbag.py:536} INFO - Filling up the DagBag from /home/airflow/.local/lib/python3.10/site-packages/airflow/example_dags/example_latest_only.py
[2025-02-22T22:09:36.266+0000] {processor.py:839} INFO - DAG(s) dict_keys(['latest_only']) retrieved from /home/airflow/.local/lib/python3.10/site-packages/airflow/example_dags/example_latest_only.py
[2025-02-22T22:09:36.332+0000] {logging_mixin.py:154} INFO - [2025-02-22T22:09:36.331+0000] {dag.py:2941} INFO - Sync 1 DAGs
[2025-02-22T22:09:36.361+0000] {logging_mixin.py:154} INFO - [2025-02-22T22:09:36.361+0000] {dag.py:3722} INFO - Setting next_dagrun for latest_only to 2025-02-22T18:09:36.360936+00:00, run_after=2025-02-22T22:09:36.360936+00:00
[2025-02-22T22:09:36.382+0000] {processor.py:179} INFO - Processing /home/airflow/.local/lib/python3.10/site-packages/airflow/example_dags/example_latest_only.py took 0.125 seconds
[2025-02-22T22:10:07.152+0000] {processor.py:157} INFO - Started process (PID=246) to work on /home/airflow/.local/lib/python3.10/site-packages/airflow/example_dags/example_latest_only.py
[2025-02-22T22:10:07.158+0000] {processor.py:829} INFO - Processing file /home/airflow/.local/lib/python3.10/site-packages/airflow/example_dags/example_latest_only.py for tasks to queue
[2025-02-22T22:10:07.162+0000] {logging_mixin.py:154} INFO - [2025-02-22T22:10:07.162+0000] {dagbag.py:536} INFO - Filling up the DagBag from /home/airflow/.local/lib/python3.10/site-packages/airflow/example_dags/example_latest_only.py
[2025-02-22T22:10:07.186+0000] {processor.py:839} INFO - DAG(s) dict_keys(['latest_only']) retrieved from /home/airflow/.local/lib/python3.10/site-packages/airflow/example_dags/example_latest_only.py
[2025-02-22T22:10:07.347+0000] {logging_mixin.py:154} INFO - [2025-02-22T22:10:07.347+0000] {dag.py:2941} INFO - Sync 1 DAGs
[2025-02-22T22:10:07.392+0000] {logging_mixin.py:154} INFO - [2025-02-22T22:10:07.391+0000] {dag.py:3722} INFO - Setting next_dagrun for latest_only to 2025-02-22T18:10:07.391170+00:00, run_after=2025-02-22T22:10:07.391170+00:00
[2025-02-22T22:10:07.430+0000] {processor.py:179} INFO - Processing /home/airflow/.local/lib/python3.10/site-packages/airflow/example_dags/example_latest_only.py took 0.281 seconds
[2025-02-22T22:10:37.634+0000] {processor.py:157} INFO - Started process (PID=307) to work on /home/airflow/.local/lib/python3.10/site-packages/airflow/example_dags/example_latest_only.py
[2025-02-22T22:10:37.635+0000] {processor.py:829} INFO - Processing file /home/airflow/.local/lib/python3.10/site-packages/airflow/example_dags/example_latest_only.py for tasks to queue
[2025-02-22T22:10:37.636+0000] {logging_mixin.py:154} INFO - [2025-02-22T22:10:37.636+0000] {dagbag.py:536} INFO - Filling up the DagBag from /home/airflow/.local/lib/python3.10/site-packages/airflow/example_dags/example_latest_only.py
[2025-02-22T22:10:37.641+0000] {processor.py:839} INFO - DAG(s) dict_keys(['latest_only']) retrieved from /home/airflow/.local/lib/python3.10/site-packages/airflow/example_dags/example_latest_only.py
[2025-02-22T22:10:37.709+0000] {logging_mixin.py:154} INFO - [2025-02-22T22:10:37.708+0000] {dag.py:2941} INFO - Sync 1 DAGs
[2025-02-22T22:10:37.743+0000] {logging_mixin.py:154} INFO - [2025-02-22T22:10:37.743+0000] {dag.py:3722} INFO - Setting next_dagrun for latest_only to 2025-02-22T18:10:37.742645+00:00, run_after=2025-02-22T22:10:37.742645+00:00
[2025-02-22T22:10:37.768+0000] {processor.py:179} INFO - Processing /home/airflow/.local/lib/python3.10/site-packages/airflow/example_dags/example_latest_only.py took 0.135 seconds
[2025-02-22T22:11:08.405+0000] {processor.py:157} INFO - Started process (PID=373) to work on /home/airflow/.local/lib/python3.10/site-packages/airflow/example_dags/example_latest_only.py
[2025-02-22T22:11:08.406+0000] {processor.py:829} INFO - Processing file /home/airflow/.local/lib/python3.10/site-packages/airflow/example_dags/example_latest_only.py for tasks to queue
[2025-02-22T22:11:08.408+0000] {logging_mixin.py:154} INFO - [2025-02-22T22:11:08.408+0000] {dagbag.py:536} INFO - Filling up the DagBag from /home/airflow/.local/lib/python3.10/site-packages/airflow/example_dags/example_latest_only.py
[2025-02-22T22:11:08.413+0000] {processor.py:839} INFO - DAG(s) dict_keys(['latest_only']) retrieved from /home/airflow/.local/lib/python3.10/site-packages/airflow/example_dags/example_latest_only.py
[2025-02-22T22:11:08.489+0000] {logging_mixin.py:154} INFO - [2025-02-22T22:11:08.489+0000] {dag.py:2941} INFO - Sync 1 DAGs
[2025-02-22T22:11:08.520+0000] {logging_mixin.py:154} INFO - [2025-02-22T22:11:08.520+0000] {dag.py:3722} INFO - Setting next_dagrun for latest_only to 2025-02-22T18:11:08.519968+00:00, run_after=2025-02-22T22:11:08.519968+00:00
[2025-02-22T22:11:08.539+0000] {processor.py:179} INFO - Processing /home/airflow/.local/lib/python3.10/site-packages/airflow/example_dags/example_latest_only.py took 0.136 seconds
[2025-02-22T22:11:39.001+0000] {processor.py:157} INFO - Started process (PID=434) to work on /home/airflow/.local/lib/python3.10/site-packages/airflow/example_dags/example_latest_only.py
[2025-02-22T22:11:39.002+0000] {processor.py:829} INFO - Processing file /home/airflow/.local/lib/python3.10/site-packages/airflow/example_dags/example_latest_only.py for tasks to queue
[2025-02-22T22:11:39.003+0000] {logging_mixin.py:154} INFO - [2025-02-22T22:11:39.003+0000] {dagbag.py:536} INFO - Filling up the DagBag from /home/airflow/.local/lib/python3.10/site-packages/airflow/example_dags/example_latest_only.py
[2025-02-22T22:11:39.008+0000] {processor.py:839} INFO - DAG(s) dict_keys(['latest_only']) retrieved from /home/airflow/.local/lib/python3.10/site-packages/airflow/example_dags/example_latest_only.py
[2025-02-22T22:11:39.073+0000] {logging_mixin.py:154} INFO - [2025-02-22T22:11:39.073+0000] {dag.py:2941} INFO - Sync 1 DAGs
[2025-02-22T22:11:39.100+0000] {logging_mixin.py:154} INFO - [2025-02-22T22:11:39.100+0000] {dag.py:3722} INFO - Setting next_dagrun for latest_only to 2025-02-22T18:11:39.100186+00:00, run_after=2025-02-22T22:11:39.100186+00:00
[2025-02-22T22:11:39.122+0000] {processor.py:179} INFO - Processing /home/airflow/.local/lib/python3.10/site-packages/airflow/example_dags/example_latest_only.py took 0.123 seconds
[2025-02-22T22:12:09.704+0000] {processor.py:157} INFO - Started process (PID=502) to work on /home/airflow/.local/lib/python3.10/site-packages/airflow/example_dags/example_latest_only.py
[2025-02-22T22:12:09.705+0000] {processor.py:829} INFO - Processing file /home/airflow/.local/lib/python3.10/site-packages/airflow/example_dags/example_latest_only.py for tasks to queue
[2025-02-22T22:12:09.707+0000] {logging_mixin.py:154} INFO - [2025-02-22T22:12:09.707+0000] {dagbag.py:536} INFO - Filling up the DagBag from /home/airflow/.local/lib/python3.10/site-packages/airflow/example_dags/example_latest_only.py
[2025-02-22T22:12:09.712+0000] {processor.py:839} INFO - DAG(s) dict_keys(['latest_only']) retrieved from /home/airflow/.local/lib/python3.10/site-packages/airflow/example_dags/example_latest_only.py
[2025-02-22T22:12:09.781+0000] {logging_mixin.py:154} INFO - [2025-02-22T22:12:09.780+0000] {dag.py:2941} INFO - Sync 1 DAGs
[2025-02-22T22:12:09.810+0000] {logging_mixin.py:154} INFO - [2025-02-22T22:12:09.810+0000] {dag.py:3722} INFO - Setting next_dagrun for latest_only to 2025-02-22T18:12:09.809855+00:00, run_after=2025-02-22T22:12:09.809855+00:00
[2025-02-22T22:12:09.831+0000] {processor.py:179} INFO - Processing /home/airflow/.local/lib/python3.10/site-packages/airflow/example_dags/example_latest_only.py took 0.129 seconds
[2025-02-22T22:12:40.505+0000] {processor.py:157} INFO - Started process (PID=563) to work on /home/airflow/.local/lib/python3.10/site-packages/airflow/example_dags/example_latest_only.py
[2025-02-22T22:12:40.506+0000] {processor.py:829} INFO - Processing file /home/airflow/.local/lib/python3.10/site-packages/airflow/example_dags/example_latest_only.py for tasks to queue
[2025-02-22T22:12:40.507+0000] {logging_mixin.py:154} INFO - [2025-02-22T22:12:40.507+0000] {dagbag.py:536} INFO - Filling up the DagBag from /home/airflow/.local/lib/python3.10/site-packages/airflow/example_dags/example_latest_only.py
[2025-02-22T22:12:40.512+0000] {processor.py:839} INFO - DAG(s) dict_keys(['latest_only']) retrieved from /home/airflow/.local/lib/python3.10/site-packages/airflow/example_dags/example_latest_only.py
[2025-02-22T22:12:40.576+0000] {logging_mixin.py:154} INFO - [2025-02-22T22:12:40.576+0000] {dag.py:2941} INFO - Sync 1 DAGs
[2025-02-22T22:12:40.604+0000] {logging_mixin.py:154} INFO - [2025-02-22T22:12:40.604+0000] {dag.py:3722} INFO - Setting next_dagrun for latest_only to 2025-02-22T18:12:40.604161+00:00, run_after=2025-02-22T22:12:40.604161+00:00
[2025-02-22T22:12:40.628+0000] {processor.py:179} INFO - Processing /home/airflow/.local/lib/python3.10/site-packages/airflow/example_dags/example_latest_only.py took 0.126 seconds
[2025-02-22T22:13:11.572+0000] {processor.py:157} INFO - Started process (PID=630) to work on /home/airflow/.local/lib/python3.10/site-packages/airflow/example_dags/example_latest_only.py
[2025-02-22T22:13:11.573+0000] {processor.py:829} INFO - Processing file /home/airflow/.local/lib/python3.10/site-packages/airflow/example_dags/example_latest_only.py for tasks to queue
[2025-02-22T22:13:11.575+0000] {logging_mixin.py:154} INFO - [2025-02-22T22:13:11.574+0000] {dagbag.py:536} INFO - Filling up the DagBag from /home/airflow/.local/lib/python3.10/site-packages/airflow/example_dags/example_latest_only.py
[2025-02-22T22:13:11.579+0000] {processor.py:839} INFO - DAG(s) dict_keys(['latest_only']) retrieved from /home/airflow/.local/lib/python3.10/site-packages/airflow/example_dags/example_latest_only.py
[2025-02-22T22:13:11.650+0000] {logging_mixin.py:154} INFO - [2025-02-22T22:13:11.650+0000] {dag.py:2941} INFO - Sync 1 DAGs
[2025-02-22T22:13:11.679+0000] {logging_mixin.py:154} INFO - [2025-02-22T22:13:11.679+0000] {dag.py:3722} INFO - Setting next_dagrun for latest_only to 2025-02-22T18:13:11.679177+00:00, run_after=2025-02-22T22:13:11.679177+00:00
[2025-02-22T22:13:11.703+0000] {processor.py:179} INFO - Processing /home/airflow/.local/lib/python3.10/site-packages/airflow/example_dags/example_latest_only.py took 0.133 seconds
[2025-02-22T22:13:42.165+0000] {processor.py:157} INFO - Started process (PID=691) to work on /home/airflow/.local/lib/python3.10/site-packages/airflow/example_dags/example_latest_only.py
[2025-02-22T22:13:42.166+0000] {processor.py:829} INFO - Processing file /home/airflow/.local/lib/python3.10/site-packages/airflow/example_dags/example_latest_only.py for tasks to queue
[2025-02-22T22:13:42.168+0000] {logging_mixin.py:154} INFO - [2025-02-22T22:13:42.168+0000] {dagbag.py:536} INFO - Filling up the DagBag from /home/airflow/.local/lib/python3.10/site-packages/airflow/example_dags/example_latest_only.py
[2025-02-22T22:13:42.174+0000] {processor.py:839} INFO - DAG(s) dict_keys(['latest_only']) retrieved from /home/airflow/.local/lib/python3.10/site-packages/airflow/example_dags/example_latest_only.py
[2025-02-22T22:13:42.256+0000] {logging_mixin.py:154} INFO - [2025-02-22T22:13:42.256+0000] {dag.py:2941} INFO - Sync 1 DAGs
[2025-02-22T22:13:42.292+0000] {logging_mixin.py:154} INFO - [2025-02-22T22:13:42.292+0000] {dag.py:3722} INFO - Setting next_dagrun for latest_only to 2025-02-22T18:13:42.292255+00:00, run_after=2025-02-22T22:13:42.292255+00:00
[2025-02-22T22:13:42.314+0000] {processor.py:179} INFO - Processing /home/airflow/.local/lib/python3.10/site-packages/airflow/example_dags/example_latest_only.py took 0.151 seconds
[2025-02-22T22:14:12.666+0000] {processor.py:157} INFO - Started process (PID=759) to work on /home/airflow/.local/lib/python3.10/site-packages/airflow/example_dags/example_latest_only.py
[2025-02-22T22:14:12.667+0000] {processor.py:829} INFO - Processing file /home/airflow/.local/lib/python3.10/site-packages/airflow/example_dags/example_latest_only.py for tasks to queue
[2025-02-22T22:14:12.669+0000] {logging_mixin.py:154} INFO - [2025-02-22T22:14:12.669+0000] {dagbag.py:536} INFO - Filling up the DagBag from /home/airflow/.local/lib/python3.10/site-packages/airflow/example_dags/example_latest_only.py
[2025-02-22T22:14:12.674+0000] {processor.py:839} INFO - DAG(s) dict_keys(['latest_only']) retrieved from /home/airflow/.local/lib/python3.10/site-packages/airflow/example_dags/example_latest_only.py
[2025-02-22T22:14:12.740+0000] {logging_mixin.py:154} INFO - [2025-02-22T22:14:12.740+0000] {dag.py:2941} INFO - Sync 1 DAGs
[2025-02-22T22:14:12.773+0000] {logging_mixin.py:154} INFO - [2025-02-22T22:14:12.772+0000] {dag.py:3722} INFO - Setting next_dagrun for latest_only to 2025-02-22T18:14:12.772502+00:00, run_after=2025-02-22T22:14:12.772502+00:00
[2025-02-22T22:14:12.791+0000] {processor.py:179} INFO - Processing /home/airflow/.local/lib/python3.10/site-packages/airflow/example_dags/example_latest_only.py took 0.126 seconds
[2025-02-22T22:14:43.324+0000] {processor.py:157} INFO - Started process (PID=820) to work on /home/airflow/.local/lib/python3.10/site-packages/airflow/example_dags/example_latest_only.py
[2025-02-22T22:14:43.325+0000] {processor.py:829} INFO - Processing file /home/airflow/.local/lib/python3.10/site-packages/airflow/example_dags/example_latest_only.py for tasks to queue
[2025-02-22T22:14:43.327+0000] {logging_mixin.py:154} INFO - [2025-02-22T22:14:43.326+0000] {dagbag.py:536} INFO - Filling up the DagBag from /home/airflow/.local/lib/python3.10/site-packages/airflow/example_dags/example_latest_only.py
[2025-02-22T22:14:43.332+0000] {processor.py:839} INFO - DAG(s) dict_keys(['latest_only']) retrieved from /home/airflow/.local/lib/python3.10/site-packages/airflow/example_dags/example_latest_only.py
[2025-02-22T22:14:43.410+0000] {logging_mixin.py:154} INFO - [2025-02-22T22:14:43.409+0000] {dag.py:2941} INFO - Sync 1 DAGs
[2025-02-22T22:14:43.460+0000] {logging_mixin.py:154} INFO - [2025-02-22T22:14:43.460+0000] {dag.py:3722} INFO - Setting next_dagrun for latest_only to 2025-02-22T18:14:43.459542+00:00, run_after=2025-02-22T22:14:43.459542+00:00
[2025-02-22T22:14:43.488+0000] {processor.py:179} INFO - Processing /home/airflow/.local/lib/python3.10/site-packages/airflow/example_dags/example_latest_only.py took 0.166 seconds
[2025-02-22T22:15:13.594+0000] {processor.py:157} INFO - Started process (PID=888) to work on /home/airflow/.local/lib/python3.10/site-packages/airflow/example_dags/example_latest_only.py
[2025-02-22T22:15:13.595+0000] {processor.py:829} INFO - Processing file /home/airflow/.local/lib/python3.10/site-packages/airflow/example_dags/example_latest_only.py for tasks to queue
[2025-02-22T22:15:13.598+0000] {logging_mixin.py:154} INFO - [2025-02-22T22:15:13.597+0000] {dagbag.py:536} INFO - Filling up the DagBag from /home/airflow/.local/lib/python3.10/site-packages/airflow/example_dags/example_latest_only.py
[2025-02-22T22:15:13.602+0000] {processor.py:839} INFO - DAG(s) dict_keys(['latest_only']) retrieved from /home/airflow/.local/lib/python3.10/site-packages/airflow/example_dags/example_latest_only.py
[2025-02-22T22:15:13.669+0000] {logging_mixin.py:154} INFO - [2025-02-22T22:15:13.669+0000] {dag.py:2941} INFO - Sync 1 DAGs
[2025-02-22T22:15:13.696+0000] {logging_mixin.py:154} INFO - [2025-02-22T22:15:13.696+0000] {dag.py:3722} INFO - Setting next_dagrun for latest_only to 2025-02-22T18:15:13.696399+00:00, run_after=2025-02-22T22:15:13.696399+00:00
[2025-02-22T22:15:13.716+0000] {processor.py:179} INFO - Processing /home/airflow/.local/lib/python3.10/site-packages/airflow/example_dags/example_latest_only.py took 0.124 seconds
[2025-02-22T22:15:44.026+0000] {processor.py:157} INFO - Started process (PID=949) to work on /home/airflow/.local/lib/python3.10/site-packages/airflow/example_dags/example_latest_only.py
[2025-02-22T22:15:44.027+0000] {processor.py:829} INFO - Processing file /home/airflow/.local/lib/python3.10/site-packages/airflow/example_dags/example_latest_only.py for tasks to queue
[2025-02-22T22:15:44.029+0000] {logging_mixin.py:154} INFO - [2025-02-22T22:15:44.029+0000] {dagbag.py:536} INFO - Filling up the DagBag from /home/airflow/.local/lib/python3.10/site-packages/airflow/example_dags/example_latest_only.py
[2025-02-22T22:15:44.034+0000] {processor.py:839} INFO - DAG(s) dict_keys(['latest_only']) retrieved from /home/airflow/.local/lib/python3.10/site-packages/airflow/example_dags/example_latest_only.py
[2025-02-22T22:15:44.102+0000] {logging_mixin.py:154} INFO - [2025-02-22T22:15:44.102+0000] {dag.py:2941} INFO - Sync 1 DAGs
[2025-02-22T22:15:44.132+0000] {logging_mixin.py:154} INFO - [2025-02-22T22:15:44.132+0000] {dag.py:3722} INFO - Setting next_dagrun for latest_only to 2025-02-22T18:15:44.131977+00:00, run_after=2025-02-22T22:15:44.131977+00:00
[2025-02-22T22:15:44.152+0000] {processor.py:179} INFO - Processing /home/airflow/.local/lib/python3.10/site-packages/airflow/example_dags/example_latest_only.py took 0.128 seconds
[2025-02-22T22:16:15.075+0000] {processor.py:157} INFO - Started process (PID=1017) to work on /home/airflow/.local/lib/python3.10/site-packages/airflow/example_dags/example_latest_only.py
[2025-02-22T22:16:15.076+0000] {processor.py:829} INFO - Processing file /home/airflow/.local/lib/python3.10/site-packages/airflow/example_dags/example_latest_only.py for tasks to queue
[2025-02-22T22:16:15.078+0000] {logging_mixin.py:154} INFO - [2025-02-22T22:16:15.078+0000] {dagbag.py:536} INFO - Filling up the DagBag from /home/airflow/.local/lib/python3.10/site-packages/airflow/example_dags/example_latest_only.py
[2025-02-22T22:16:15.083+0000] {processor.py:839} INFO - DAG(s) dict_keys(['latest_only']) retrieved from /home/airflow/.local/lib/python3.10/site-packages/airflow/example_dags/example_latest_only.py
[2025-02-22T22:16:15.152+0000] {logging_mixin.py:154} INFO - [2025-02-22T22:16:15.152+0000] {dag.py:2941} INFO - Sync 1 DAGs
[2025-02-22T22:16:15.188+0000] {logging_mixin.py:154} INFO - [2025-02-22T22:16:15.188+0000] {dag.py:3722} INFO - Setting next_dagrun for latest_only to 2025-02-22T18:16:15.187672+00:00, run_after=2025-02-22T22:16:15.187672+00:00
[2025-02-22T22:16:15.207+0000] {processor.py:179} INFO - Processing /home/airflow/.local/lib/python3.10/site-packages/airflow/example_dags/example_latest_only.py took 0.135 seconds
[2025-02-22T22:16:45.776+0000] {processor.py:157} INFO - Started process (PID=1085) to work on /home/airflow/.local/lib/python3.10/site-packages/airflow/example_dags/example_latest_only.py
[2025-02-22T22:16:45.778+0000] {processor.py:829} INFO - Processing file /home/airflow/.local/lib/python3.10/site-packages/airflow/example_dags/example_latest_only.py for tasks to queue
[2025-02-22T22:16:45.780+0000] {logging_mixin.py:154} INFO - [2025-02-22T22:16:45.779+0000] {dagbag.py:536} INFO - Filling up the DagBag from /home/airflow/.local/lib/python3.10/site-packages/airflow/example_dags/example_latest_only.py
[2025-02-22T22:16:45.787+0000] {processor.py:839} INFO - DAG(s) dict_keys(['latest_only']) retrieved from /home/airflow/.local/lib/python3.10/site-packages/airflow/example_dags/example_latest_only.py
[2025-02-22T22:16:45.866+0000] {logging_mixin.py:154} INFO - [2025-02-22T22:16:45.865+0000] {dag.py:2941} INFO - Sync 1 DAGs
[2025-02-22T22:16:45.912+0000] {logging_mixin.py:154} INFO - [2025-02-22T22:16:45.912+0000] {dag.py:3722} INFO - Setting next_dagrun for latest_only to 2025-02-22T18:16:45.911658+00:00, run_after=2025-02-22T22:16:45.911658+00:00
[2025-02-22T22:16:45.939+0000] {processor.py:179} INFO - Processing /home/airflow/.local/lib/python3.10/site-packages/airflow/example_dags/example_latest_only.py took 0.168 seconds
