[2025-02-22T21:47:14.432+0000] {processor.py:157} INFO - Started process (PID=46) to work on /home/airflow/.local/lib/python3.10/site-packages/airflow/example_dags/example_datasets.py
[2025-02-22T21:47:14.435+0000] {processor.py:829} INFO - Processing file /home/airflow/.local/lib/python3.10/site-packages/airflow/example_dags/example_datasets.py for tasks to queue
[2025-02-22T21:47:14.442+0000] {logging_mixin.py:154} INFO - [2025-02-22T21:47:14.442+0000] {dagbag.py:536} INFO - Filling up the DagBag from /home/airflow/.local/lib/python3.10/site-packages/airflow/example_dags/example_datasets.py
[2025-02-22T21:47:14.473+0000] {processor.py:839} INFO - DAG(s) dict_keys(['dataset_produces_2', 'dataset_consumes_1', 'dataset_consumes_1_never_scheduled', 'dataset_consumes_1_and_2', 'dataset_consumes_unknown_never_scheduled', 'dataset_produces_1']) retrieved from /home/airflow/.local/lib/python3.10/site-packages/airflow/example_dags/example_datasets.py
[2025-02-22T21:47:14.800+0000] {logging_mixin.py:154} INFO - [2025-02-22T21:47:14.800+0000] {manager.py:499} INFO - Created Permission View: %s
[2025-02-22T21:47:14.814+0000] {logging_mixin.py:154} INFO - [2025-02-22T21:47:14.814+0000] {manager.py:499} INFO - Created Permission View: %s
[2025-02-22T21:47:14.831+0000] {logging_mixin.py:154} INFO - [2025-02-22T21:47:14.830+0000] {manager.py:499} INFO - Created Permission View: %s
[2025-02-22T21:47:14.864+0000] {logging_mixin.py:154} INFO - [2025-02-22T21:47:14.863+0000] {manager.py:499} INFO - Created Permission View: %s
[2025-02-22T21:47:14.879+0000] {logging_mixin.py:154} INFO - [2025-02-22T21:47:14.879+0000] {manager.py:499} INFO - Created Permission View: %s
[2025-02-22T21:47:14.889+0000] {logging_mixin.py:154} INFO - [2025-02-22T21:47:14.888+0000] {manager.py:499} INFO - Created Permission View: %s
[2025-02-22T21:47:14.919+0000] {logging_mixin.py:154} INFO - [2025-02-22T21:47:14.918+0000] {manager.py:499} INFO - Created Permission View: %s
[2025-02-22T21:47:14.937+0000] {logging_mixin.py:154} INFO - [2025-02-22T21:47:14.936+0000] {manager.py:499} INFO - Created Permission View: %s
[2025-02-22T21:47:14.948+0000] {logging_mixin.py:154} INFO - [2025-02-22T21:47:14.948+0000] {manager.py:499} INFO - Created Permission View: %s
[2025-02-22T21:47:14.975+0000] {logging_mixin.py:154} INFO - [2025-02-22T21:47:14.974+0000] {manager.py:499} INFO - Created Permission View: %s
[2025-02-22T21:47:14.994+0000] {logging_mixin.py:154} INFO - [2025-02-22T21:47:14.993+0000] {manager.py:499} INFO - Created Permission View: %s
[2025-02-22T21:47:15.016+0000] {logging_mixin.py:154} INFO - [2025-02-22T21:47:15.015+0000] {manager.py:499} INFO - Created Permission View: %s
[2025-02-22T21:47:15.044+0000] {logging_mixin.py:154} INFO - [2025-02-22T21:47:15.043+0000] {manager.py:499} INFO - Created Permission View: %s
[2025-02-22T21:47:15.058+0000] {logging_mixin.py:154} INFO - [2025-02-22T21:47:15.057+0000] {manager.py:499} INFO - Created Permission View: %s
[2025-02-22T21:47:15.082+0000] {logging_mixin.py:154} INFO - [2025-02-22T21:47:15.082+0000] {manager.py:499} INFO - Created Permission View: %s
[2025-02-22T21:47:15.110+0000] {logging_mixin.py:154} INFO - [2025-02-22T21:47:15.109+0000] {manager.py:499} INFO - Created Permission View: %s
[2025-02-22T21:47:15.138+0000] {logging_mixin.py:154} INFO - [2025-02-22T21:47:15.137+0000] {manager.py:499} INFO - Created Permission View: %s
[2025-02-22T21:47:15.150+0000] {logging_mixin.py:154} INFO - [2025-02-22T21:47:15.150+0000] {manager.py:499} INFO - Created Permission View: %s
[2025-02-22T21:47:15.151+0000] {logging_mixin.py:154} INFO - [2025-02-22T21:47:15.151+0000] {dag.py:2941} INFO - Sync 6 DAGs
[2025-02-22T21:47:15.181+0000] {logging_mixin.py:154} INFO - [2025-02-22T21:47:15.181+0000] {dag.py:2963} INFO - Creating ORM DAG for dataset_produces_2
[2025-02-22T21:47:15.183+0000] {logging_mixin.py:154} INFO - [2025-02-22T21:47:15.182+0000] {dag.py:2963} INFO - Creating ORM DAG for dataset_consumes_1_and_2
[2025-02-22T21:47:15.184+0000] {logging_mixin.py:154} INFO - [2025-02-22T21:47:15.184+0000] {dag.py:2963} INFO - Creating ORM DAG for dataset_produces_1
[2025-02-22T21:47:15.186+0000] {logging_mixin.py:154} INFO - [2025-02-22T21:47:15.186+0000] {dag.py:2963} INFO - Creating ORM DAG for dataset_consumes_1
[2025-02-22T21:47:15.188+0000] {logging_mixin.py:154} INFO - [2025-02-22T21:47:15.187+0000] {dag.py:2963} INFO - Creating ORM DAG for dataset_consumes_1_never_scheduled
[2025-02-22T21:47:15.189+0000] {logging_mixin.py:154} INFO - [2025-02-22T21:47:15.189+0000] {dag.py:2963} INFO - Creating ORM DAG for dataset_consumes_unknown_never_scheduled
[2025-02-22T21:47:15.213+0000] {logging_mixin.py:154} INFO - [2025-02-22T21:47:15.212+0000] {dag.py:3722} INFO - Setting next_dagrun for dataset_consumes_1 to None, run_after=None
[2025-02-22T21:47:15.215+0000] {logging_mixin.py:154} INFO - [2025-02-22T21:47:15.214+0000] {dag.py:3722} INFO - Setting next_dagrun for dataset_consumes_1_and_2 to None, run_after=None
[2025-02-22T21:47:15.216+0000] {logging_mixin.py:154} INFO - [2025-02-22T21:47:15.216+0000] {dag.py:3722} INFO - Setting next_dagrun for dataset_consumes_1_never_scheduled to None, run_after=None
[2025-02-22T21:47:15.218+0000] {logging_mixin.py:154} INFO - [2025-02-22T21:47:15.217+0000] {dag.py:3722} INFO - Setting next_dagrun for dataset_consumes_unknown_never_scheduled to None, run_after=None
[2025-02-22T21:47:15.224+0000] {logging_mixin.py:154} INFO - [2025-02-22T21:47:15.224+0000] {dag.py:3722} INFO - Setting next_dagrun for dataset_produces_1 to 2025-02-21T00:00:00+00:00, run_after=2025-02-22T00:00:00+00:00
[2025-02-22T21:47:15.225+0000] {logging_mixin.py:154} INFO - [2025-02-22T21:47:15.225+0000] {dag.py:3722} INFO - Setting next_dagrun for dataset_produces_2 to None, run_after=None
[2025-02-22T21:47:15.327+0000] {processor.py:179} INFO - Processing /home/airflow/.local/lib/python3.10/site-packages/airflow/example_dags/example_datasets.py took 0.900 seconds
[2025-02-22T21:48:57.307+0000] {processor.py:157} INFO - Started process (PID=46) to work on /home/airflow/.local/lib/python3.10/site-packages/airflow/example_dags/example_datasets.py
[2025-02-22T21:48:57.311+0000] {processor.py:829} INFO - Processing file /home/airflow/.local/lib/python3.10/site-packages/airflow/example_dags/example_datasets.py for tasks to queue
[2025-02-22T21:48:57.316+0000] {logging_mixin.py:154} INFO - [2025-02-22T21:48:57.316+0000] {dagbag.py:536} INFO - Filling up the DagBag from /home/airflow/.local/lib/python3.10/site-packages/airflow/example_dags/example_datasets.py
[2025-02-22T21:48:57.340+0000] {processor.py:839} INFO - DAG(s) dict_keys(['dataset_consumes_1', 'dataset_produces_2', 'dataset_produces_1', 'dataset_consumes_1_and_2', 'dataset_consumes_1_never_scheduled', 'dataset_consumes_unknown_never_scheduled']) retrieved from /home/airflow/.local/lib/python3.10/site-packages/airflow/example_dags/example_datasets.py
[2025-02-22T21:48:57.460+0000] {logging_mixin.py:154} INFO - [2025-02-22T21:48:57.459+0000] {dag.py:2941} INFO - Sync 6 DAGs
[2025-02-22T21:48:57.541+0000] {logging_mixin.py:154} INFO - [2025-02-22T21:48:57.541+0000] {dag.py:3722} INFO - Setting next_dagrun for dataset_consumes_1 to None, run_after=None
[2025-02-22T21:48:57.550+0000] {logging_mixin.py:154} INFO - [2025-02-22T21:48:57.550+0000] {dag.py:3722} INFO - Setting next_dagrun for dataset_consumes_1_and_2 to None, run_after=None
[2025-02-22T21:48:57.554+0000] {logging_mixin.py:154} INFO - [2025-02-22T21:48:57.553+0000] {dag.py:3722} INFO - Setting next_dagrun for dataset_consumes_1_never_scheduled to None, run_after=None
[2025-02-22T21:48:57.561+0000] {logging_mixin.py:154} INFO - [2025-02-22T21:48:57.560+0000] {dag.py:3722} INFO - Setting next_dagrun for dataset_consumes_unknown_never_scheduled to None, run_after=None
[2025-02-22T21:48:57.571+0000] {logging_mixin.py:154} INFO - [2025-02-22T21:48:57.570+0000] {dag.py:3722} INFO - Setting next_dagrun for dataset_produces_1 to 2025-02-21T00:00:00+00:00, run_after=2025-02-22T00:00:00+00:00
[2025-02-22T21:48:57.575+0000] {logging_mixin.py:154} INFO - [2025-02-22T21:48:57.575+0000] {dag.py:3722} INFO - Setting next_dagrun for dataset_produces_2 to None, run_after=None
[2025-02-22T21:48:57.663+0000] {processor.py:179} INFO - Processing /home/airflow/.local/lib/python3.10/site-packages/airflow/example_dags/example_datasets.py took 0.361 seconds
[2025-02-22T21:56:47.662+0000] {processor.py:157} INFO - Started process (PID=46) to work on /home/airflow/.local/lib/python3.10/site-packages/airflow/example_dags/example_datasets.py
[2025-02-22T21:56:47.665+0000] {processor.py:829} INFO - Processing file /home/airflow/.local/lib/python3.10/site-packages/airflow/example_dags/example_datasets.py for tasks to queue
[2025-02-22T21:56:47.674+0000] {logging_mixin.py:154} INFO - [2025-02-22T21:56:47.671+0000] {dagbag.py:536} INFO - Filling up the DagBag from /home/airflow/.local/lib/python3.10/site-packages/airflow/example_dags/example_datasets.py
[2025-02-22T21:56:47.716+0000] {processor.py:839} INFO - DAG(s) dict_keys(['dataset_consumes_1', 'dataset_consumes_1_and_2', 'dataset_consumes_1_never_scheduled', 'dataset_produces_2', 'dataset_produces_1', 'dataset_consumes_unknown_never_scheduled']) retrieved from /home/airflow/.local/lib/python3.10/site-packages/airflow/example_dags/example_datasets.py
[2025-02-22T21:56:47.907+0000] {logging_mixin.py:154} INFO - [2025-02-22T21:56:47.906+0000] {dag.py:2941} INFO - Sync 6 DAGs
[2025-02-22T21:56:47.978+0000] {logging_mixin.py:154} INFO - [2025-02-22T21:56:47.978+0000] {dag.py:3722} INFO - Setting next_dagrun for dataset_consumes_1 to None, run_after=None
[2025-02-22T21:56:47.989+0000] {logging_mixin.py:154} INFO - [2025-02-22T21:56:47.988+0000] {dag.py:3722} INFO - Setting next_dagrun for dataset_consumes_1_and_2 to None, run_after=None
[2025-02-22T21:56:47.996+0000] {logging_mixin.py:154} INFO - [2025-02-22T21:56:47.996+0000] {dag.py:3722} INFO - Setting next_dagrun for dataset_consumes_1_never_scheduled to None, run_after=None
[2025-02-22T21:56:48.001+0000] {logging_mixin.py:154} INFO - [2025-02-22T21:56:48.001+0000] {dag.py:3722} INFO - Setting next_dagrun for dataset_consumes_unknown_never_scheduled to None, run_after=None
[2025-02-22T21:56:48.011+0000] {logging_mixin.py:154} INFO - [2025-02-22T21:56:48.010+0000] {dag.py:3722} INFO - Setting next_dagrun for dataset_produces_1 to 2025-02-21T00:00:00+00:00, run_after=2025-02-22T00:00:00+00:00
[2025-02-22T21:56:48.016+0000] {logging_mixin.py:154} INFO - [2025-02-22T21:56:48.015+0000] {dag.py:3722} INFO - Setting next_dagrun for dataset_produces_2 to None, run_after=None
[2025-02-22T21:56:48.119+0000] {processor.py:179} INFO - Processing /home/airflow/.local/lib/python3.10/site-packages/airflow/example_dags/example_datasets.py took 0.464 seconds
[2025-02-22T21:57:18.709+0000] {processor.py:157} INFO - Started process (PID=114) to work on /home/airflow/.local/lib/python3.10/site-packages/airflow/example_dags/example_datasets.py
[2025-02-22T21:57:18.710+0000] {processor.py:829} INFO - Processing file /home/airflow/.local/lib/python3.10/site-packages/airflow/example_dags/example_datasets.py for tasks to queue
[2025-02-22T21:57:18.712+0000] {logging_mixin.py:154} INFO - [2025-02-22T21:57:18.712+0000] {dagbag.py:536} INFO - Filling up the DagBag from /home/airflow/.local/lib/python3.10/site-packages/airflow/example_dags/example_datasets.py
[2025-02-22T21:57:18.729+0000] {processor.py:839} INFO - DAG(s) dict_keys(['dataset_consumes_1_and_2', 'dataset_consumes_1_never_scheduled', 'dataset_consumes_unknown_never_scheduled', 'dataset_produces_2', 'dataset_produces_1', 'dataset_consumes_1']) retrieved from /home/airflow/.local/lib/python3.10/site-packages/airflow/example_dags/example_datasets.py
[2025-02-22T21:57:18.885+0000] {logging_mixin.py:154} INFO - [2025-02-22T21:57:18.885+0000] {dag.py:2941} INFO - Sync 6 DAGs
[2025-02-22T21:57:18.939+0000] {logging_mixin.py:154} INFO - [2025-02-22T21:57:18.938+0000] {dag.py:3722} INFO - Setting next_dagrun for dataset_consumes_1 to None, run_after=None
[2025-02-22T21:57:18.945+0000] {logging_mixin.py:154} INFO - [2025-02-22T21:57:18.945+0000] {dag.py:3722} INFO - Setting next_dagrun for dataset_consumes_1_and_2 to None, run_after=None
[2025-02-22T21:57:18.948+0000] {logging_mixin.py:154} INFO - [2025-02-22T21:57:18.948+0000] {dag.py:3722} INFO - Setting next_dagrun for dataset_consumes_1_never_scheduled to None, run_after=None
[2025-02-22T21:57:18.952+0000] {logging_mixin.py:154} INFO - [2025-02-22T21:57:18.951+0000] {dag.py:3722} INFO - Setting next_dagrun for dataset_consumes_unknown_never_scheduled to None, run_after=None
[2025-02-22T21:57:18.955+0000] {logging_mixin.py:154} INFO - [2025-02-22T21:57:18.955+0000] {dag.py:3722} INFO - Setting next_dagrun for dataset_produces_1 to 2025-02-21T00:00:00+00:00, run_after=2025-02-22T00:00:00+00:00
[2025-02-22T21:57:18.956+0000] {logging_mixin.py:154} INFO - [2025-02-22T21:57:18.956+0000] {dag.py:3722} INFO - Setting next_dagrun for dataset_produces_2 to None, run_after=None
[2025-02-22T21:57:19.000+0000] {processor.py:179} INFO - Processing /home/airflow/.local/lib/python3.10/site-packages/airflow/example_dags/example_datasets.py took 0.295 seconds
[2025-02-22T21:59:51.054+0000] {processor.py:157} INFO - Started process (PID=46) to work on /home/airflow/.local/lib/python3.10/site-packages/airflow/example_dags/example_datasets.py
[2025-02-22T21:59:51.056+0000] {processor.py:829} INFO - Processing file /home/airflow/.local/lib/python3.10/site-packages/airflow/example_dags/example_datasets.py for tasks to queue
[2025-02-22T21:59:51.060+0000] {logging_mixin.py:154} INFO - [2025-02-22T21:59:51.059+0000] {dagbag.py:536} INFO - Filling up the DagBag from /home/airflow/.local/lib/python3.10/site-packages/airflow/example_dags/example_datasets.py
[2025-02-22T21:59:51.079+0000] {processor.py:839} INFO - DAG(s) dict_keys(['dataset_consumes_unknown_never_scheduled', 'dataset_produces_1', 'dataset_produces_2', 'dataset_consumes_1_and_2', 'dataset_consumes_1', 'dataset_consumes_1_never_scheduled']) retrieved from /home/airflow/.local/lib/python3.10/site-packages/airflow/example_dags/example_datasets.py
[2025-02-22T21:59:51.160+0000] {logging_mixin.py:154} INFO - [2025-02-22T21:59:51.159+0000] {dag.py:2941} INFO - Sync 6 DAGs
[2025-02-22T21:59:51.231+0000] {logging_mixin.py:154} INFO - [2025-02-22T21:59:51.230+0000] {dag.py:3722} INFO - Setting next_dagrun for dataset_consumes_1 to None, run_after=None
[2025-02-22T21:59:51.238+0000] {logging_mixin.py:154} INFO - [2025-02-22T21:59:51.238+0000] {dag.py:3722} INFO - Setting next_dagrun for dataset_consumes_1_and_2 to None, run_after=None
[2025-02-22T21:59:51.241+0000] {logging_mixin.py:154} INFO - [2025-02-22T21:59:51.241+0000] {dag.py:3722} INFO - Setting next_dagrun for dataset_consumes_1_never_scheduled to None, run_after=None
[2025-02-22T21:59:51.243+0000] {logging_mixin.py:154} INFO - [2025-02-22T21:59:51.243+0000] {dag.py:3722} INFO - Setting next_dagrun for dataset_consumes_unknown_never_scheduled to None, run_after=None
[2025-02-22T21:59:51.250+0000] {logging_mixin.py:154} INFO - [2025-02-22T21:59:51.250+0000] {dag.py:3722} INFO - Setting next_dagrun for dataset_produces_1 to 2025-02-21T00:00:00+00:00, run_after=2025-02-22T00:00:00+00:00
[2025-02-22T21:59:51.254+0000] {logging_mixin.py:154} INFO - [2025-02-22T21:59:51.254+0000] {dag.py:3722} INFO - Setting next_dagrun for dataset_produces_2 to None, run_after=None
[2025-02-22T21:59:51.330+0000] {processor.py:179} INFO - Processing /home/airflow/.local/lib/python3.10/site-packages/airflow/example_dags/example_datasets.py took 0.278 seconds
[2025-02-22T22:00:21.998+0000] {processor.py:157} INFO - Started process (PID=114) to work on /home/airflow/.local/lib/python3.10/site-packages/airflow/example_dags/example_datasets.py
[2025-02-22T22:00:22.000+0000] {processor.py:829} INFO - Processing file /home/airflow/.local/lib/python3.10/site-packages/airflow/example_dags/example_datasets.py for tasks to queue
[2025-02-22T22:00:22.001+0000] {logging_mixin.py:154} INFO - [2025-02-22T22:00:22.001+0000] {dagbag.py:536} INFO - Filling up the DagBag from /home/airflow/.local/lib/python3.10/site-packages/airflow/example_dags/example_datasets.py
[2025-02-22T22:00:22.010+0000] {processor.py:839} INFO - DAG(s) dict_keys(['dataset_produces_1', 'dataset_produces_2', 'dataset_consumes_1_and_2', 'dataset_consumes_1', 'dataset_consumes_unknown_never_scheduled', 'dataset_consumes_1_never_scheduled']) retrieved from /home/airflow/.local/lib/python3.10/site-packages/airflow/example_dags/example_datasets.py
[2025-02-22T22:00:22.087+0000] {logging_mixin.py:154} INFO - [2025-02-22T22:00:22.087+0000] {dag.py:2941} INFO - Sync 6 DAGs
[2025-02-22T22:00:22.120+0000] {logging_mixin.py:154} INFO - [2025-02-22T22:00:22.120+0000] {dag.py:3722} INFO - Setting next_dagrun for dataset_consumes_1 to None, run_after=None
[2025-02-22T22:00:22.123+0000] {logging_mixin.py:154} INFO - [2025-02-22T22:00:22.123+0000] {dag.py:3722} INFO - Setting next_dagrun for dataset_consumes_1_and_2 to None, run_after=None
[2025-02-22T22:00:22.124+0000] {logging_mixin.py:154} INFO - [2025-02-22T22:00:22.124+0000] {dag.py:3722} INFO - Setting next_dagrun for dataset_consumes_1_never_scheduled to None, run_after=None
[2025-02-22T22:00:22.125+0000] {logging_mixin.py:154} INFO - [2025-02-22T22:00:22.125+0000] {dag.py:3722} INFO - Setting next_dagrun for dataset_consumes_unknown_never_scheduled to None, run_after=None
[2025-02-22T22:00:22.128+0000] {logging_mixin.py:154} INFO - [2025-02-22T22:00:22.128+0000] {dag.py:3722} INFO - Setting next_dagrun for dataset_produces_1 to 2025-02-21T00:00:00+00:00, run_after=2025-02-22T00:00:00+00:00
[2025-02-22T22:00:22.129+0000] {logging_mixin.py:154} INFO - [2025-02-22T22:00:22.128+0000] {dag.py:3722} INFO - Setting next_dagrun for dataset_produces_2 to None, run_after=None
[2025-02-22T22:00:22.155+0000] {processor.py:179} INFO - Processing /home/airflow/.local/lib/python3.10/site-packages/airflow/example_dags/example_datasets.py took 0.159 seconds
[2025-02-22T22:00:52.295+0000] {processor.py:157} INFO - Started process (PID=175) to work on /home/airflow/.local/lib/python3.10/site-packages/airflow/example_dags/example_datasets.py
[2025-02-22T22:00:52.296+0000] {processor.py:829} INFO - Processing file /home/airflow/.local/lib/python3.10/site-packages/airflow/example_dags/example_datasets.py for tasks to queue
[2025-02-22T22:00:52.297+0000] {logging_mixin.py:154} INFO - [2025-02-22T22:00:52.297+0000] {dagbag.py:536} INFO - Filling up the DagBag from /home/airflow/.local/lib/python3.10/site-packages/airflow/example_dags/example_datasets.py
[2025-02-22T22:00:52.305+0000] {processor.py:839} INFO - DAG(s) dict_keys(['dataset_consumes_1_and_2', 'dataset_produces_1', 'dataset_consumes_1', 'dataset_produces_2', 'dataset_consumes_1_never_scheduled', 'dataset_consumes_unknown_never_scheduled']) retrieved from /home/airflow/.local/lib/python3.10/site-packages/airflow/example_dags/example_datasets.py
[2025-02-22T22:00:52.375+0000] {logging_mixin.py:154} INFO - [2025-02-22T22:00:52.375+0000] {dag.py:2941} INFO - Sync 6 DAGs
[2025-02-22T22:00:52.403+0000] {logging_mixin.py:154} INFO - [2025-02-22T22:00:52.403+0000] {dag.py:3722} INFO - Setting next_dagrun for dataset_consumes_1 to None, run_after=None
[2025-02-22T22:00:52.405+0000] {logging_mixin.py:154} INFO - [2025-02-22T22:00:52.405+0000] {dag.py:3722} INFO - Setting next_dagrun for dataset_consumes_1_and_2 to None, run_after=None
[2025-02-22T22:00:52.405+0000] {logging_mixin.py:154} INFO - [2025-02-22T22:00:52.405+0000] {dag.py:3722} INFO - Setting next_dagrun for dataset_consumes_1_never_scheduled to None, run_after=None
[2025-02-22T22:00:52.406+0000] {logging_mixin.py:154} INFO - [2025-02-22T22:00:52.406+0000] {dag.py:3722} INFO - Setting next_dagrun for dataset_consumes_unknown_never_scheduled to None, run_after=None
[2025-02-22T22:00:52.408+0000] {logging_mixin.py:154} INFO - [2025-02-22T22:00:52.408+0000] {dag.py:3722} INFO - Setting next_dagrun for dataset_produces_1 to 2025-02-21T00:00:00+00:00, run_after=2025-02-22T00:00:00+00:00
[2025-02-22T22:00:52.409+0000] {logging_mixin.py:154} INFO - [2025-02-22T22:00:52.409+0000] {dag.py:3722} INFO - Setting next_dagrun for dataset_produces_2 to None, run_after=None
[2025-02-22T22:00:52.432+0000] {processor.py:179} INFO - Processing /home/airflow/.local/lib/python3.10/site-packages/airflow/example_dags/example_datasets.py took 0.140 seconds
[2025-02-22T22:01:22.680+0000] {processor.py:157} INFO - Started process (PID=243) to work on /home/airflow/.local/lib/python3.10/site-packages/airflow/example_dags/example_datasets.py
[2025-02-22T22:01:22.681+0000] {processor.py:829} INFO - Processing file /home/airflow/.local/lib/python3.10/site-packages/airflow/example_dags/example_datasets.py for tasks to queue
[2025-02-22T22:01:22.682+0000] {logging_mixin.py:154} INFO - [2025-02-22T22:01:22.682+0000] {dagbag.py:536} INFO - Filling up the DagBag from /home/airflow/.local/lib/python3.10/site-packages/airflow/example_dags/example_datasets.py
[2025-02-22T22:01:22.692+0000] {processor.py:839} INFO - DAG(s) dict_keys(['dataset_consumes_unknown_never_scheduled', 'dataset_consumes_1', 'dataset_produces_1', 'dataset_consumes_1_and_2', 'dataset_consumes_1_never_scheduled', 'dataset_produces_2']) retrieved from /home/airflow/.local/lib/python3.10/site-packages/airflow/example_dags/example_datasets.py
[2025-02-22T22:01:22.787+0000] {logging_mixin.py:154} INFO - [2025-02-22T22:01:22.787+0000] {dag.py:2941} INFO - Sync 6 DAGs
[2025-02-22T22:01:22.826+0000] {logging_mixin.py:154} INFO - [2025-02-22T22:01:22.825+0000] {dag.py:3722} INFO - Setting next_dagrun for dataset_consumes_1 to None, run_after=None
[2025-02-22T22:01:22.829+0000] {logging_mixin.py:154} INFO - [2025-02-22T22:01:22.829+0000] {dag.py:3722} INFO - Setting next_dagrun for dataset_consumes_1_and_2 to None, run_after=None
[2025-02-22T22:01:22.830+0000] {logging_mixin.py:154} INFO - [2025-02-22T22:01:22.830+0000] {dag.py:3722} INFO - Setting next_dagrun for dataset_consumes_1_never_scheduled to None, run_after=None
[2025-02-22T22:01:22.831+0000] {logging_mixin.py:154} INFO - [2025-02-22T22:01:22.831+0000] {dag.py:3722} INFO - Setting next_dagrun for dataset_consumes_unknown_never_scheduled to None, run_after=None
[2025-02-22T22:01:22.833+0000] {logging_mixin.py:154} INFO - [2025-02-22T22:01:22.833+0000] {dag.py:3722} INFO - Setting next_dagrun for dataset_produces_1 to 2025-02-21T00:00:00+00:00, run_after=2025-02-22T00:00:00+00:00
[2025-02-22T22:01:22.834+0000] {logging_mixin.py:154} INFO - [2025-02-22T22:01:22.834+0000] {dag.py:3722} INFO - Setting next_dagrun for dataset_produces_2 to None, run_after=None
[2025-02-22T22:01:22.874+0000] {processor.py:179} INFO - Processing /home/airflow/.local/lib/python3.10/site-packages/airflow/example_dags/example_datasets.py took 0.197 seconds
[2025-02-22T22:01:53.399+0000] {processor.py:157} INFO - Started process (PID=303) to work on /home/airflow/.local/lib/python3.10/site-packages/airflow/example_dags/example_datasets.py
[2025-02-22T22:01:53.400+0000] {processor.py:829} INFO - Processing file /home/airflow/.local/lib/python3.10/site-packages/airflow/example_dags/example_datasets.py for tasks to queue
[2025-02-22T22:01:53.401+0000] {logging_mixin.py:154} INFO - [2025-02-22T22:01:53.401+0000] {dagbag.py:536} INFO - Filling up the DagBag from /home/airflow/.local/lib/python3.10/site-packages/airflow/example_dags/example_datasets.py
[2025-02-22T22:01:53.409+0000] {processor.py:839} INFO - DAG(s) dict_keys(['dataset_consumes_unknown_never_scheduled', 'dataset_produces_1', 'dataset_consumes_1', 'dataset_consumes_1_never_scheduled', 'dataset_produces_2', 'dataset_consumes_1_and_2']) retrieved from /home/airflow/.local/lib/python3.10/site-packages/airflow/example_dags/example_datasets.py
[2025-02-22T22:01:53.482+0000] {logging_mixin.py:154} INFO - [2025-02-22T22:01:53.482+0000] {dag.py:2941} INFO - Sync 6 DAGs
[2025-02-22T22:01:53.510+0000] {logging_mixin.py:154} INFO - [2025-02-22T22:01:53.510+0000] {dag.py:3722} INFO - Setting next_dagrun for dataset_consumes_1 to None, run_after=None
[2025-02-22T22:01:53.512+0000] {logging_mixin.py:154} INFO - [2025-02-22T22:01:53.512+0000] {dag.py:3722} INFO - Setting next_dagrun for dataset_consumes_1_and_2 to None, run_after=None
[2025-02-22T22:01:53.513+0000] {logging_mixin.py:154} INFO - [2025-02-22T22:01:53.513+0000] {dag.py:3722} INFO - Setting next_dagrun for dataset_consumes_1_never_scheduled to None, run_after=None
[2025-02-22T22:01:53.514+0000] {logging_mixin.py:154} INFO - [2025-02-22T22:01:53.514+0000] {dag.py:3722} INFO - Setting next_dagrun for dataset_consumes_unknown_never_scheduled to None, run_after=None
[2025-02-22T22:01:53.516+0000] {logging_mixin.py:154} INFO - [2025-02-22T22:01:53.516+0000] {dag.py:3722} INFO - Setting next_dagrun for dataset_produces_1 to 2025-02-21T00:00:00+00:00, run_after=2025-02-22T00:00:00+00:00
[2025-02-22T22:01:53.517+0000] {logging_mixin.py:154} INFO - [2025-02-22T22:01:53.517+0000] {dag.py:3722} INFO - Setting next_dagrun for dataset_produces_2 to None, run_after=None
[2025-02-22T22:01:53.540+0000] {processor.py:179} INFO - Processing /home/airflow/.local/lib/python3.10/site-packages/airflow/example_dags/example_datasets.py took 0.143 seconds
[2025-02-22T22:02:24.360+0000] {processor.py:157} INFO - Started process (PID=370) to work on /home/airflow/.local/lib/python3.10/site-packages/airflow/example_dags/example_datasets.py
[2025-02-22T22:02:24.362+0000] {processor.py:829} INFO - Processing file /home/airflow/.local/lib/python3.10/site-packages/airflow/example_dags/example_datasets.py for tasks to queue
[2025-02-22T22:02:24.364+0000] {logging_mixin.py:154} INFO - [2025-02-22T22:02:24.364+0000] {dagbag.py:536} INFO - Filling up the DagBag from /home/airflow/.local/lib/python3.10/site-packages/airflow/example_dags/example_datasets.py
[2025-02-22T22:02:24.380+0000] {processor.py:839} INFO - DAG(s) dict_keys(['dataset_consumes_1_and_2', 'dataset_produces_1', 'dataset_consumes_unknown_never_scheduled', 'dataset_consumes_1', 'dataset_consumes_1_never_scheduled', 'dataset_produces_2']) retrieved from /home/airflow/.local/lib/python3.10/site-packages/airflow/example_dags/example_datasets.py
[2025-02-22T22:02:24.460+0000] {logging_mixin.py:154} INFO - [2025-02-22T22:02:24.460+0000] {dag.py:2941} INFO - Sync 6 DAGs
[2025-02-22T22:02:24.490+0000] {logging_mixin.py:154} INFO - [2025-02-22T22:02:24.489+0000] {dag.py:3722} INFO - Setting next_dagrun for dataset_consumes_1 to None, run_after=None
[2025-02-22T22:02:24.492+0000] {logging_mixin.py:154} INFO - [2025-02-22T22:02:24.492+0000] {dag.py:3722} INFO - Setting next_dagrun for dataset_consumes_1_and_2 to None, run_after=None
[2025-02-22T22:02:24.493+0000] {logging_mixin.py:154} INFO - [2025-02-22T22:02:24.493+0000] {dag.py:3722} INFO - Setting next_dagrun for dataset_consumes_1_never_scheduled to None, run_after=None
[2025-02-22T22:02:24.493+0000] {logging_mixin.py:154} INFO - [2025-02-22T22:02:24.493+0000] {dag.py:3722} INFO - Setting next_dagrun for dataset_consumes_unknown_never_scheduled to None, run_after=None
[2025-02-22T22:02:24.496+0000] {logging_mixin.py:154} INFO - [2025-02-22T22:02:24.496+0000] {dag.py:3722} INFO - Setting next_dagrun for dataset_produces_1 to 2025-02-21T00:00:00+00:00, run_after=2025-02-22T00:00:00+00:00
[2025-02-22T22:02:24.497+0000] {logging_mixin.py:154} INFO - [2025-02-22T22:02:24.496+0000] {dag.py:3722} INFO - Setting next_dagrun for dataset_produces_2 to None, run_after=None
[2025-02-22T22:02:24.524+0000] {processor.py:179} INFO - Processing /home/airflow/.local/lib/python3.10/site-packages/airflow/example_dags/example_datasets.py took 0.167 seconds
[2025-02-22T22:02:55.092+0000] {processor.py:157} INFO - Started process (PID=431) to work on /home/airflow/.local/lib/python3.10/site-packages/airflow/example_dags/example_datasets.py
[2025-02-22T22:02:55.093+0000] {processor.py:829} INFO - Processing file /home/airflow/.local/lib/python3.10/site-packages/airflow/example_dags/example_datasets.py for tasks to queue
[2025-02-22T22:02:55.095+0000] {logging_mixin.py:154} INFO - [2025-02-22T22:02:55.095+0000] {dagbag.py:536} INFO - Filling up the DagBag from /home/airflow/.local/lib/python3.10/site-packages/airflow/example_dags/example_datasets.py
[2025-02-22T22:02:55.102+0000] {processor.py:839} INFO - DAG(s) dict_keys(['dataset_consumes_1', 'dataset_consumes_1_never_scheduled', 'dataset_produces_2', 'dataset_consumes_unknown_never_scheduled', 'dataset_consumes_1_and_2', 'dataset_produces_1']) retrieved from /home/airflow/.local/lib/python3.10/site-packages/airflow/example_dags/example_datasets.py
[2025-02-22T22:02:55.172+0000] {logging_mixin.py:154} INFO - [2025-02-22T22:02:55.172+0000] {dag.py:2941} INFO - Sync 6 DAGs
[2025-02-22T22:02:55.199+0000] {logging_mixin.py:154} INFO - [2025-02-22T22:02:55.199+0000] {dag.py:3722} INFO - Setting next_dagrun for dataset_consumes_1 to None, run_after=None
[2025-02-22T22:02:55.201+0000] {logging_mixin.py:154} INFO - [2025-02-22T22:02:55.201+0000] {dag.py:3722} INFO - Setting next_dagrun for dataset_consumes_1_and_2 to None, run_after=None
[2025-02-22T22:02:55.202+0000] {logging_mixin.py:154} INFO - [2025-02-22T22:02:55.202+0000] {dag.py:3722} INFO - Setting next_dagrun for dataset_consumes_1_never_scheduled to None, run_after=None
[2025-02-22T22:02:55.203+0000] {logging_mixin.py:154} INFO - [2025-02-22T22:02:55.203+0000] {dag.py:3722} INFO - Setting next_dagrun for dataset_consumes_unknown_never_scheduled to None, run_after=None
[2025-02-22T22:02:55.205+0000] {logging_mixin.py:154} INFO - [2025-02-22T22:02:55.205+0000] {dag.py:3722} INFO - Setting next_dagrun for dataset_produces_1 to 2025-02-21T00:00:00+00:00, run_after=2025-02-22T00:00:00+00:00
[2025-02-22T22:02:55.206+0000] {logging_mixin.py:154} INFO - [2025-02-22T22:02:55.205+0000] {dag.py:3722} INFO - Setting next_dagrun for dataset_produces_2 to None, run_after=None
[2025-02-22T22:02:55.228+0000] {processor.py:179} INFO - Processing /home/airflow/.local/lib/python3.10/site-packages/airflow/example_dags/example_datasets.py took 0.138 seconds
[2025-02-22T22:03:39.942+0000] {processor.py:157} INFO - Started process (PID=47) to work on /home/airflow/.local/lib/python3.10/site-packages/airflow/example_dags/example_datasets.py
[2025-02-22T22:03:39.947+0000] {processor.py:829} INFO - Processing file /home/airflow/.local/lib/python3.10/site-packages/airflow/example_dags/example_datasets.py for tasks to queue
[2025-02-22T22:03:39.955+0000] {logging_mixin.py:154} INFO - [2025-02-22T22:03:39.954+0000] {dagbag.py:536} INFO - Filling up the DagBag from /home/airflow/.local/lib/python3.10/site-packages/airflow/example_dags/example_datasets.py
[2025-02-22T22:03:40.003+0000] {processor.py:839} INFO - DAG(s) dict_keys(['dataset_consumes_1_and_2', 'dataset_consumes_1', 'dataset_consumes_unknown_never_scheduled', 'dataset_produces_2', 'dataset_consumes_1_never_scheduled', 'dataset_produces_1']) retrieved from /home/airflow/.local/lib/python3.10/site-packages/airflow/example_dags/example_datasets.py
[2025-02-22T22:03:40.180+0000] {logging_mixin.py:154} INFO - [2025-02-22T22:03:40.180+0000] {dag.py:2941} INFO - Sync 6 DAGs
[2025-02-22T22:03:40.287+0000] {logging_mixin.py:154} INFO - [2025-02-22T22:03:40.286+0000] {dag.py:3722} INFO - Setting next_dagrun for dataset_consumes_1 to None, run_after=None
[2025-02-22T22:03:40.300+0000] {logging_mixin.py:154} INFO - [2025-02-22T22:03:40.300+0000] {dag.py:3722} INFO - Setting next_dagrun for dataset_consumes_1_and_2 to None, run_after=None
[2025-02-22T22:03:40.309+0000] {logging_mixin.py:154} INFO - [2025-02-22T22:03:40.308+0000] {dag.py:3722} INFO - Setting next_dagrun for dataset_consumes_1_never_scheduled to None, run_after=None
[2025-02-22T22:03:40.312+0000] {logging_mixin.py:154} INFO - [2025-02-22T22:03:40.312+0000] {dag.py:3722} INFO - Setting next_dagrun for dataset_consumes_unknown_never_scheduled to None, run_after=None
[2025-02-22T22:03:40.319+0000] {logging_mixin.py:154} INFO - [2025-02-22T22:03:40.318+0000] {dag.py:3722} INFO - Setting next_dagrun for dataset_produces_1 to 2025-02-21T00:00:00+00:00, run_after=2025-02-22T00:00:00+00:00
[2025-02-22T22:03:40.323+0000] {logging_mixin.py:154} INFO - [2025-02-22T22:03:40.322+0000] {dag.py:3722} INFO - Setting next_dagrun for dataset_produces_2 to None, run_after=None
[2025-02-22T22:03:40.442+0000] {processor.py:179} INFO - Processing /home/airflow/.local/lib/python3.10/site-packages/airflow/example_dags/example_datasets.py took 0.505 seconds
[2025-02-22T22:04:11.338+0000] {processor.py:157} INFO - Started process (PID=115) to work on /home/airflow/.local/lib/python3.10/site-packages/airflow/example_dags/example_datasets.py
[2025-02-22T22:04:11.342+0000] {processor.py:829} INFO - Processing file /home/airflow/.local/lib/python3.10/site-packages/airflow/example_dags/example_datasets.py for tasks to queue
[2025-02-22T22:04:11.344+0000] {logging_mixin.py:154} INFO - [2025-02-22T22:04:11.343+0000] {dagbag.py:536} INFO - Filling up the DagBag from /home/airflow/.local/lib/python3.10/site-packages/airflow/example_dags/example_datasets.py
[2025-02-22T22:04:11.357+0000] {processor.py:839} INFO - DAG(s) dict_keys(['dataset_produces_2', 'dataset_produces_1', 'dataset_consumes_1', 'dataset_consumes_unknown_never_scheduled', 'dataset_consumes_1_never_scheduled', 'dataset_consumes_1_and_2']) retrieved from /home/airflow/.local/lib/python3.10/site-packages/airflow/example_dags/example_datasets.py
[2025-02-22T22:04:11.454+0000] {logging_mixin.py:154} INFO - [2025-02-22T22:04:11.453+0000] {dag.py:2941} INFO - Sync 6 DAGs
[2025-02-22T22:04:11.490+0000] {logging_mixin.py:154} INFO - [2025-02-22T22:04:11.489+0000] {dag.py:3722} INFO - Setting next_dagrun for dataset_consumes_1 to None, run_after=None
[2025-02-22T22:04:11.494+0000] {logging_mixin.py:154} INFO - [2025-02-22T22:04:11.493+0000] {dag.py:3722} INFO - Setting next_dagrun for dataset_consumes_1_and_2 to None, run_after=None
[2025-02-22T22:04:11.495+0000] {logging_mixin.py:154} INFO - [2025-02-22T22:04:11.495+0000] {dag.py:3722} INFO - Setting next_dagrun for dataset_consumes_1_never_scheduled to None, run_after=None
[2025-02-22T22:04:11.496+0000] {logging_mixin.py:154} INFO - [2025-02-22T22:04:11.496+0000] {dag.py:3722} INFO - Setting next_dagrun for dataset_consumes_unknown_never_scheduled to None, run_after=None
[2025-02-22T22:04:11.499+0000] {logging_mixin.py:154} INFO - [2025-02-22T22:04:11.499+0000] {dag.py:3722} INFO - Setting next_dagrun for dataset_produces_1 to 2025-02-21T00:00:00+00:00, run_after=2025-02-22T00:00:00+00:00
[2025-02-22T22:04:11.501+0000] {logging_mixin.py:154} INFO - [2025-02-22T22:04:11.501+0000] {dag.py:3722} INFO - Setting next_dagrun for dataset_produces_2 to None, run_after=None
[2025-02-22T22:04:11.544+0000] {processor.py:179} INFO - Processing /home/airflow/.local/lib/python3.10/site-packages/airflow/example_dags/example_datasets.py took 0.209 seconds
[2025-02-22T22:04:41.692+0000] {processor.py:157} INFO - Started process (PID=176) to work on /home/airflow/.local/lib/python3.10/site-packages/airflow/example_dags/example_datasets.py
[2025-02-22T22:04:41.696+0000] {processor.py:829} INFO - Processing file /home/airflow/.local/lib/python3.10/site-packages/airflow/example_dags/example_datasets.py for tasks to queue
[2025-02-22T22:04:41.699+0000] {logging_mixin.py:154} INFO - [2025-02-22T22:04:41.698+0000] {dagbag.py:536} INFO - Filling up the DagBag from /home/airflow/.local/lib/python3.10/site-packages/airflow/example_dags/example_datasets.py
[2025-02-22T22:04:41.713+0000] {processor.py:839} INFO - DAG(s) dict_keys(['dataset_produces_1', 'dataset_consumes_1_never_scheduled', 'dataset_consumes_1', 'dataset_produces_2', 'dataset_consumes_1_and_2', 'dataset_consumes_unknown_never_scheduled']) retrieved from /home/airflow/.local/lib/python3.10/site-packages/airflow/example_dags/example_datasets.py
[2025-02-22T22:04:41.795+0000] {logging_mixin.py:154} INFO - [2025-02-22T22:04:41.795+0000] {dag.py:2941} INFO - Sync 6 DAGs
[2025-02-22T22:04:41.824+0000] {logging_mixin.py:154} INFO - [2025-02-22T22:04:41.824+0000] {dag.py:3722} INFO - Setting next_dagrun for dataset_consumes_1 to None, run_after=None
[2025-02-22T22:04:41.827+0000] {logging_mixin.py:154} INFO - [2025-02-22T22:04:41.826+0000] {dag.py:3722} INFO - Setting next_dagrun for dataset_consumes_1_and_2 to None, run_after=None
[2025-02-22T22:04:41.827+0000] {logging_mixin.py:154} INFO - [2025-02-22T22:04:41.827+0000] {dag.py:3722} INFO - Setting next_dagrun for dataset_consumes_1_never_scheduled to None, run_after=None
[2025-02-22T22:04:41.829+0000] {logging_mixin.py:154} INFO - [2025-02-22T22:04:41.829+0000] {dag.py:3722} INFO - Setting next_dagrun for dataset_consumes_unknown_never_scheduled to None, run_after=None
[2025-02-22T22:04:41.831+0000] {logging_mixin.py:154} INFO - [2025-02-22T22:04:41.831+0000] {dag.py:3722} INFO - Setting next_dagrun for dataset_produces_1 to 2025-02-21T00:00:00+00:00, run_after=2025-02-22T00:00:00+00:00
[2025-02-22T22:04:41.835+0000] {logging_mixin.py:154} INFO - [2025-02-22T22:04:41.835+0000] {dag.py:3722} INFO - Setting next_dagrun for dataset_produces_2 to None, run_after=None
[2025-02-22T22:04:41.864+0000] {processor.py:179} INFO - Processing /home/airflow/.local/lib/python3.10/site-packages/airflow/example_dags/example_datasets.py took 0.177 seconds
[2025-02-22T22:05:12.564+0000] {processor.py:157} INFO - Started process (PID=244) to work on /home/airflow/.local/lib/python3.10/site-packages/airflow/example_dags/example_datasets.py
[2025-02-22T22:05:12.567+0000] {processor.py:829} INFO - Processing file /home/airflow/.local/lib/python3.10/site-packages/airflow/example_dags/example_datasets.py for tasks to queue
[2025-02-22T22:05:12.569+0000] {logging_mixin.py:154} INFO - [2025-02-22T22:05:12.569+0000] {dagbag.py:536} INFO - Filling up the DagBag from /home/airflow/.local/lib/python3.10/site-packages/airflow/example_dags/example_datasets.py
[2025-02-22T22:05:12.584+0000] {processor.py:839} INFO - DAG(s) dict_keys(['dataset_consumes_1', 'dataset_consumes_1_and_2', 'dataset_produces_1', 'dataset_consumes_unknown_never_scheduled', 'dataset_produces_2', 'dataset_consumes_1_never_scheduled']) retrieved from /home/airflow/.local/lib/python3.10/site-packages/airflow/example_dags/example_datasets.py
[2025-02-22T22:05:12.683+0000] {logging_mixin.py:154} INFO - [2025-02-22T22:05:12.683+0000] {dag.py:2941} INFO - Sync 6 DAGs
[2025-02-22T22:05:12.719+0000] {logging_mixin.py:154} INFO - [2025-02-22T22:05:12.718+0000] {dag.py:3722} INFO - Setting next_dagrun for dataset_consumes_1 to None, run_after=None
[2025-02-22T22:05:12.723+0000] {logging_mixin.py:154} INFO - [2025-02-22T22:05:12.722+0000] {dag.py:3722} INFO - Setting next_dagrun for dataset_consumes_1_and_2 to None, run_after=None
[2025-02-22T22:05:12.724+0000] {logging_mixin.py:154} INFO - [2025-02-22T22:05:12.723+0000] {dag.py:3722} INFO - Setting next_dagrun for dataset_consumes_1_never_scheduled to None, run_after=None
[2025-02-22T22:05:12.726+0000] {logging_mixin.py:154} INFO - [2025-02-22T22:05:12.726+0000] {dag.py:3722} INFO - Setting next_dagrun for dataset_consumes_unknown_never_scheduled to None, run_after=None
[2025-02-22T22:05:12.728+0000] {logging_mixin.py:154} INFO - [2025-02-22T22:05:12.728+0000] {dag.py:3722} INFO - Setting next_dagrun for dataset_produces_1 to 2025-02-21T00:00:00+00:00, run_after=2025-02-22T00:00:00+00:00
[2025-02-22T22:05:12.729+0000] {logging_mixin.py:154} INFO - [2025-02-22T22:05:12.729+0000] {dag.py:3722} INFO - Setting next_dagrun for dataset_produces_2 to None, run_after=None
[2025-02-22T22:05:12.762+0000] {processor.py:179} INFO - Processing /home/airflow/.local/lib/python3.10/site-packages/airflow/example_dags/example_datasets.py took 0.203 seconds
[2025-02-22T22:05:43.088+0000] {processor.py:157} INFO - Started process (PID=305) to work on /home/airflow/.local/lib/python3.10/site-packages/airflow/example_dags/example_datasets.py
[2025-02-22T22:05:43.094+0000] {processor.py:829} INFO - Processing file /home/airflow/.local/lib/python3.10/site-packages/airflow/example_dags/example_datasets.py for tasks to queue
[2025-02-22T22:05:43.096+0000] {logging_mixin.py:154} INFO - [2025-02-22T22:05:43.096+0000] {dagbag.py:536} INFO - Filling up the DagBag from /home/airflow/.local/lib/python3.10/site-packages/airflow/example_dags/example_datasets.py
[2025-02-22T22:05:43.109+0000] {processor.py:839} INFO - DAG(s) dict_keys(['dataset_produces_2', 'dataset_consumes_unknown_never_scheduled', 'dataset_consumes_1_never_scheduled', 'dataset_consumes_1_and_2', 'dataset_consumes_1', 'dataset_produces_1']) retrieved from /home/airflow/.local/lib/python3.10/site-packages/airflow/example_dags/example_datasets.py
[2025-02-22T22:05:43.194+0000] {logging_mixin.py:154} INFO - [2025-02-22T22:05:43.194+0000] {dag.py:2941} INFO - Sync 6 DAGs
[2025-02-22T22:05:43.227+0000] {logging_mixin.py:154} INFO - [2025-02-22T22:05:43.227+0000] {dag.py:3722} INFO - Setting next_dagrun for dataset_consumes_1 to None, run_after=None
[2025-02-22T22:05:43.230+0000] {logging_mixin.py:154} INFO - [2025-02-22T22:05:43.230+0000] {dag.py:3722} INFO - Setting next_dagrun for dataset_consumes_1_and_2 to None, run_after=None
[2025-02-22T22:05:43.232+0000] {logging_mixin.py:154} INFO - [2025-02-22T22:05:43.232+0000] {dag.py:3722} INFO - Setting next_dagrun for dataset_consumes_1_never_scheduled to None, run_after=None
[2025-02-22T22:05:43.233+0000] {logging_mixin.py:154} INFO - [2025-02-22T22:05:43.233+0000] {dag.py:3722} INFO - Setting next_dagrun for dataset_consumes_unknown_never_scheduled to None, run_after=None
[2025-02-22T22:05:43.235+0000] {logging_mixin.py:154} INFO - [2025-02-22T22:05:43.235+0000] {dag.py:3722} INFO - Setting next_dagrun for dataset_produces_1 to 2025-02-21T00:00:00+00:00, run_after=2025-02-22T00:00:00+00:00
[2025-02-22T22:05:43.238+0000] {logging_mixin.py:154} INFO - [2025-02-22T22:05:43.238+0000] {dag.py:3722} INFO - Setting next_dagrun for dataset_produces_2 to None, run_after=None
[2025-02-22T22:05:43.268+0000] {processor.py:179} INFO - Processing /home/airflow/.local/lib/python3.10/site-packages/airflow/example_dags/example_datasets.py took 0.184 seconds
[2025-02-22T22:06:13.493+0000] {processor.py:157} INFO - Started process (PID=373) to work on /home/airflow/.local/lib/python3.10/site-packages/airflow/example_dags/example_datasets.py
[2025-02-22T22:06:13.495+0000] {processor.py:829} INFO - Processing file /home/airflow/.local/lib/python3.10/site-packages/airflow/example_dags/example_datasets.py for tasks to queue
[2025-02-22T22:06:13.499+0000] {logging_mixin.py:154} INFO - [2025-02-22T22:06:13.498+0000] {dagbag.py:536} INFO - Filling up the DagBag from /home/airflow/.local/lib/python3.10/site-packages/airflow/example_dags/example_datasets.py
[2025-02-22T22:06:13.513+0000] {processor.py:839} INFO - DAG(s) dict_keys(['dataset_consumes_1', 'dataset_consumes_1_never_scheduled', 'dataset_consumes_1_and_2', 'dataset_consumes_unknown_never_scheduled', 'dataset_produces_2', 'dataset_produces_1']) retrieved from /home/airflow/.local/lib/python3.10/site-packages/airflow/example_dags/example_datasets.py
[2025-02-22T22:06:13.600+0000] {logging_mixin.py:154} INFO - [2025-02-22T22:06:13.600+0000] {dag.py:2941} INFO - Sync 6 DAGs
[2025-02-22T22:06:13.635+0000] {logging_mixin.py:154} INFO - [2025-02-22T22:06:13.635+0000] {dag.py:3722} INFO - Setting next_dagrun for dataset_consumes_1 to None, run_after=None
[2025-02-22T22:06:13.638+0000] {logging_mixin.py:154} INFO - [2025-02-22T22:06:13.638+0000] {dag.py:3722} INFO - Setting next_dagrun for dataset_consumes_1_and_2 to None, run_after=None
[2025-02-22T22:06:13.639+0000] {logging_mixin.py:154} INFO - [2025-02-22T22:06:13.639+0000] {dag.py:3722} INFO - Setting next_dagrun for dataset_consumes_1_never_scheduled to None, run_after=None
[2025-02-22T22:06:13.639+0000] {logging_mixin.py:154} INFO - [2025-02-22T22:06:13.639+0000] {dag.py:3722} INFO - Setting next_dagrun for dataset_consumes_unknown_never_scheduled to None, run_after=None
[2025-02-22T22:06:13.642+0000] {logging_mixin.py:154} INFO - [2025-02-22T22:06:13.642+0000] {dag.py:3722} INFO - Setting next_dagrun for dataset_produces_1 to 2025-02-21T00:00:00+00:00, run_after=2025-02-22T00:00:00+00:00
[2025-02-22T22:06:13.643+0000] {logging_mixin.py:154} INFO - [2025-02-22T22:06:13.643+0000] {dag.py:3722} INFO - Setting next_dagrun for dataset_produces_2 to None, run_after=None
[2025-02-22T22:06:13.674+0000] {processor.py:179} INFO - Processing /home/airflow/.local/lib/python3.10/site-packages/airflow/example_dags/example_datasets.py took 0.186 seconds
[2025-02-22T22:06:44.092+0000] {processor.py:157} INFO - Started process (PID=434) to work on /home/airflow/.local/lib/python3.10/site-packages/airflow/example_dags/example_datasets.py
[2025-02-22T22:06:44.095+0000] {processor.py:829} INFO - Processing file /home/airflow/.local/lib/python3.10/site-packages/airflow/example_dags/example_datasets.py for tasks to queue
[2025-02-22T22:06:44.097+0000] {logging_mixin.py:154} INFO - [2025-02-22T22:06:44.097+0000] {dagbag.py:536} INFO - Filling up the DagBag from /home/airflow/.local/lib/python3.10/site-packages/airflow/example_dags/example_datasets.py
[2025-02-22T22:06:44.118+0000] {processor.py:839} INFO - DAG(s) dict_keys(['dataset_produces_1', 'dataset_consumes_1_and_2', 'dataset_consumes_1_never_scheduled', 'dataset_produces_2', 'dataset_consumes_1', 'dataset_consumes_unknown_never_scheduled']) retrieved from /home/airflow/.local/lib/python3.10/site-packages/airflow/example_dags/example_datasets.py
[2025-02-22T22:06:44.205+0000] {logging_mixin.py:154} INFO - [2025-02-22T22:06:44.205+0000] {dag.py:2941} INFO - Sync 6 DAGs
[2025-02-22T22:06:44.239+0000] {logging_mixin.py:154} INFO - [2025-02-22T22:06:44.238+0000] {dag.py:3722} INFO - Setting next_dagrun for dataset_consumes_1 to None, run_after=None
[2025-02-22T22:06:44.241+0000] {logging_mixin.py:154} INFO - [2025-02-22T22:06:44.241+0000] {dag.py:3722} INFO - Setting next_dagrun for dataset_consumes_1_and_2 to None, run_after=None
[2025-02-22T22:06:44.242+0000] {logging_mixin.py:154} INFO - [2025-02-22T22:06:44.242+0000] {dag.py:3722} INFO - Setting next_dagrun for dataset_consumes_1_never_scheduled to None, run_after=None
[2025-02-22T22:06:44.243+0000] {logging_mixin.py:154} INFO - [2025-02-22T22:06:44.243+0000] {dag.py:3722} INFO - Setting next_dagrun for dataset_consumes_unknown_never_scheduled to None, run_after=None
[2025-02-22T22:06:44.246+0000] {logging_mixin.py:154} INFO - [2025-02-22T22:06:44.246+0000] {dag.py:3722} INFO - Setting next_dagrun for dataset_produces_1 to 2025-02-21T00:00:00+00:00, run_after=2025-02-22T00:00:00+00:00
[2025-02-22T22:06:44.247+0000] {logging_mixin.py:154} INFO - [2025-02-22T22:06:44.247+0000] {dag.py:3722} INFO - Setting next_dagrun for dataset_produces_2 to None, run_after=None
[2025-02-22T22:06:44.279+0000] {processor.py:179} INFO - Processing /home/airflow/.local/lib/python3.10/site-packages/airflow/example_dags/example_datasets.py took 0.192 seconds
[2025-02-22T22:07:14.476+0000] {processor.py:157} INFO - Started process (PID=502) to work on /home/airflow/.local/lib/python3.10/site-packages/airflow/example_dags/example_datasets.py
[2025-02-22T22:07:14.478+0000] {processor.py:829} INFO - Processing file /home/airflow/.local/lib/python3.10/site-packages/airflow/example_dags/example_datasets.py for tasks to queue
[2025-02-22T22:07:14.480+0000] {logging_mixin.py:154} INFO - [2025-02-22T22:07:14.480+0000] {dagbag.py:536} INFO - Filling up the DagBag from /home/airflow/.local/lib/python3.10/site-packages/airflow/example_dags/example_datasets.py
[2025-02-22T22:07:14.495+0000] {processor.py:839} INFO - DAG(s) dict_keys(['dataset_consumes_1_and_2', 'dataset_produces_1', 'dataset_produces_2', 'dataset_consumes_1_never_scheduled', 'dataset_consumes_1', 'dataset_consumes_unknown_never_scheduled']) retrieved from /home/airflow/.local/lib/python3.10/site-packages/airflow/example_dags/example_datasets.py
[2025-02-22T22:07:14.580+0000] {logging_mixin.py:154} INFO - [2025-02-22T22:07:14.580+0000] {dag.py:2941} INFO - Sync 6 DAGs
[2025-02-22T22:07:14.620+0000] {logging_mixin.py:154} INFO - [2025-02-22T22:07:14.619+0000] {dag.py:3722} INFO - Setting next_dagrun for dataset_consumes_1 to None, run_after=None
[2025-02-22T22:07:14.623+0000] {logging_mixin.py:154} INFO - [2025-02-22T22:07:14.622+0000] {dag.py:3722} INFO - Setting next_dagrun for dataset_consumes_1_and_2 to None, run_after=None
[2025-02-22T22:07:14.623+0000] {logging_mixin.py:154} INFO - [2025-02-22T22:07:14.623+0000] {dag.py:3722} INFO - Setting next_dagrun for dataset_consumes_1_never_scheduled to None, run_after=None
[2025-02-22T22:07:14.624+0000] {logging_mixin.py:154} INFO - [2025-02-22T22:07:14.624+0000] {dag.py:3722} INFO - Setting next_dagrun for dataset_consumes_unknown_never_scheduled to None, run_after=None
[2025-02-22T22:07:14.627+0000] {logging_mixin.py:154} INFO - [2025-02-22T22:07:14.627+0000] {dag.py:3722} INFO - Setting next_dagrun for dataset_produces_1 to 2025-02-21T00:00:00+00:00, run_after=2025-02-22T00:00:00+00:00
[2025-02-22T22:07:14.629+0000] {logging_mixin.py:154} INFO - [2025-02-22T22:07:14.629+0000] {dag.py:3722} INFO - Setting next_dagrun for dataset_produces_2 to None, run_after=None
[2025-02-22T22:07:14.659+0000] {processor.py:179} INFO - Processing /home/airflow/.local/lib/python3.10/site-packages/airflow/example_dags/example_datasets.py took 0.186 seconds
[2025-02-22T22:07:44.887+0000] {processor.py:157} INFO - Started process (PID=563) to work on /home/airflow/.local/lib/python3.10/site-packages/airflow/example_dags/example_datasets.py
[2025-02-22T22:07:44.889+0000] {processor.py:829} INFO - Processing file /home/airflow/.local/lib/python3.10/site-packages/airflow/example_dags/example_datasets.py for tasks to queue
[2025-02-22T22:07:44.892+0000] {logging_mixin.py:154} INFO - [2025-02-22T22:07:44.891+0000] {dagbag.py:536} INFO - Filling up the DagBag from /home/airflow/.local/lib/python3.10/site-packages/airflow/example_dags/example_datasets.py
[2025-02-22T22:07:44.908+0000] {processor.py:839} INFO - DAG(s) dict_keys(['dataset_consumes_unknown_never_scheduled', 'dataset_produces_1', 'dataset_consumes_1_never_scheduled', 'dataset_consumes_1', 'dataset_produces_2', 'dataset_consumes_1_and_2']) retrieved from /home/airflow/.local/lib/python3.10/site-packages/airflow/example_dags/example_datasets.py
[2025-02-22T22:07:44.997+0000] {logging_mixin.py:154} INFO - [2025-02-22T22:07:44.997+0000] {dag.py:2941} INFO - Sync 6 DAGs
[2025-02-22T22:07:45.032+0000] {logging_mixin.py:154} INFO - [2025-02-22T22:07:45.032+0000] {dag.py:3722} INFO - Setting next_dagrun for dataset_consumes_1 to None, run_after=None
[2025-02-22T22:07:45.035+0000] {logging_mixin.py:154} INFO - [2025-02-22T22:07:45.035+0000] {dag.py:3722} INFO - Setting next_dagrun for dataset_consumes_1_and_2 to None, run_after=None
[2025-02-22T22:07:45.036+0000] {logging_mixin.py:154} INFO - [2025-02-22T22:07:45.036+0000] {dag.py:3722} INFO - Setting next_dagrun for dataset_consumes_1_never_scheduled to None, run_after=None
[2025-02-22T22:07:45.037+0000] {logging_mixin.py:154} INFO - [2025-02-22T22:07:45.037+0000] {dag.py:3722} INFO - Setting next_dagrun for dataset_consumes_unknown_never_scheduled to None, run_after=None
[2025-02-22T22:07:45.041+0000] {logging_mixin.py:154} INFO - [2025-02-22T22:07:45.040+0000] {dag.py:3722} INFO - Setting next_dagrun for dataset_produces_1 to 2025-02-21T00:00:00+00:00, run_after=2025-02-22T00:00:00+00:00
[2025-02-22T22:07:45.044+0000] {logging_mixin.py:154} INFO - [2025-02-22T22:07:45.044+0000] {dag.py:3722} INFO - Setting next_dagrun for dataset_produces_2 to None, run_after=None
[2025-02-22T22:07:45.079+0000] {processor.py:179} INFO - Processing /home/airflow/.local/lib/python3.10/site-packages/airflow/example_dags/example_datasets.py took 0.195 seconds
[2025-02-22T22:08:34.285+0000] {processor.py:157} INFO - Started process (PID=45) to work on /home/airflow/.local/lib/python3.10/site-packages/airflow/example_dags/example_datasets.py
[2025-02-22T22:08:34.288+0000] {processor.py:829} INFO - Processing file /home/airflow/.local/lib/python3.10/site-packages/airflow/example_dags/example_datasets.py for tasks to queue
[2025-02-22T22:08:34.294+0000] {logging_mixin.py:154} INFO - [2025-02-22T22:08:34.293+0000] {dagbag.py:536} INFO - Filling up the DagBag from /home/airflow/.local/lib/python3.10/site-packages/airflow/example_dags/example_datasets.py
[2025-02-22T22:08:34.365+0000] {processor.py:839} INFO - DAG(s) dict_keys(['dataset_produces_2', 'dataset_consumes_1_and_2', 'dataset_consumes_1_never_scheduled', 'dataset_consumes_unknown_never_scheduled', 'dataset_consumes_1', 'dataset_produces_1']) retrieved from /home/airflow/.local/lib/python3.10/site-packages/airflow/example_dags/example_datasets.py
[2025-02-22T22:08:34.569+0000] {logging_mixin.py:154} INFO - [2025-02-22T22:08:34.569+0000] {dag.py:2941} INFO - Sync 6 DAGs
[2025-02-22T22:08:34.631+0000] {logging_mixin.py:154} INFO - [2025-02-22T22:08:34.631+0000] {dag.py:3722} INFO - Setting next_dagrun for dataset_consumes_1 to None, run_after=None
[2025-02-22T22:08:34.642+0000] {logging_mixin.py:154} INFO - [2025-02-22T22:08:34.641+0000] {dag.py:3722} INFO - Setting next_dagrun for dataset_consumes_1_and_2 to None, run_after=None
[2025-02-22T22:08:34.647+0000] {logging_mixin.py:154} INFO - [2025-02-22T22:08:34.647+0000] {dag.py:3722} INFO - Setting next_dagrun for dataset_consumes_1_never_scheduled to None, run_after=None
[2025-02-22T22:08:34.654+0000] {logging_mixin.py:154} INFO - [2025-02-22T22:08:34.653+0000] {dag.py:3722} INFO - Setting next_dagrun for dataset_consumes_unknown_never_scheduled to None, run_after=None
[2025-02-22T22:08:34.663+0000] {logging_mixin.py:154} INFO - [2025-02-22T22:08:34.662+0000] {dag.py:3722} INFO - Setting next_dagrun for dataset_produces_1 to 2025-02-21T00:00:00+00:00, run_after=2025-02-22T00:00:00+00:00
[2025-02-22T22:08:34.667+0000] {logging_mixin.py:154} INFO - [2025-02-22T22:08:34.667+0000] {dag.py:3722} INFO - Setting next_dagrun for dataset_produces_2 to None, run_after=None
[2025-02-22T22:08:34.794+0000] {processor.py:179} INFO - Processing /home/airflow/.local/lib/python3.10/site-packages/airflow/example_dags/example_datasets.py took 0.513 seconds
[2025-02-22T22:09:05.578+0000] {processor.py:157} INFO - Started process (PID=113) to work on /home/airflow/.local/lib/python3.10/site-packages/airflow/example_dags/example_datasets.py
[2025-02-22T22:09:05.580+0000] {processor.py:829} INFO - Processing file /home/airflow/.local/lib/python3.10/site-packages/airflow/example_dags/example_datasets.py for tasks to queue
[2025-02-22T22:09:05.582+0000] {logging_mixin.py:154} INFO - [2025-02-22T22:09:05.582+0000] {dagbag.py:536} INFO - Filling up the DagBag from /home/airflow/.local/lib/python3.10/site-packages/airflow/example_dags/example_datasets.py
[2025-02-22T22:09:05.592+0000] {processor.py:839} INFO - DAG(s) dict_keys(['dataset_produces_2', 'dataset_consumes_1_and_2', 'dataset_consumes_1', 'dataset_consumes_1_never_scheduled', 'dataset_consumes_unknown_never_scheduled', 'dataset_produces_1']) retrieved from /home/airflow/.local/lib/python3.10/site-packages/airflow/example_dags/example_datasets.py
[2025-02-22T22:09:05.677+0000] {logging_mixin.py:154} INFO - [2025-02-22T22:09:05.677+0000] {dag.py:2941} INFO - Sync 6 DAGs
[2025-02-22T22:09:05.719+0000] {logging_mixin.py:154} INFO - [2025-02-22T22:09:05.719+0000] {dag.py:3722} INFO - Setting next_dagrun for dataset_consumes_1 to None, run_after=None
[2025-02-22T22:09:05.723+0000] {logging_mixin.py:154} INFO - [2025-02-22T22:09:05.723+0000] {dag.py:3722} INFO - Setting next_dagrun for dataset_consumes_1_and_2 to None, run_after=None
[2025-02-22T22:09:05.724+0000] {logging_mixin.py:154} INFO - [2025-02-22T22:09:05.724+0000] {dag.py:3722} INFO - Setting next_dagrun for dataset_consumes_1_never_scheduled to None, run_after=None
[2025-02-22T22:09:05.724+0000] {logging_mixin.py:154} INFO - [2025-02-22T22:09:05.724+0000] {dag.py:3722} INFO - Setting next_dagrun for dataset_consumes_unknown_never_scheduled to None, run_after=None
[2025-02-22T22:09:05.727+0000] {logging_mixin.py:154} INFO - [2025-02-22T22:09:05.727+0000] {dag.py:3722} INFO - Setting next_dagrun for dataset_produces_1 to 2025-02-21T00:00:00+00:00, run_after=2025-02-22T00:00:00+00:00
[2025-02-22T22:09:05.729+0000] {logging_mixin.py:154} INFO - [2025-02-22T22:09:05.729+0000] {dag.py:3722} INFO - Setting next_dagrun for dataset_produces_2 to None, run_after=None
[2025-02-22T22:09:05.769+0000] {processor.py:179} INFO - Processing /home/airflow/.local/lib/python3.10/site-packages/airflow/example_dags/example_datasets.py took 0.195 seconds
[2025-02-22T22:09:35.869+0000] {processor.py:157} INFO - Started process (PID=173) to work on /home/airflow/.local/lib/python3.10/site-packages/airflow/example_dags/example_datasets.py
[2025-02-22T22:09:35.873+0000] {processor.py:829} INFO - Processing file /home/airflow/.local/lib/python3.10/site-packages/airflow/example_dags/example_datasets.py for tasks to queue
[2025-02-22T22:09:35.875+0000] {logging_mixin.py:154} INFO - [2025-02-22T22:09:35.874+0000] {dagbag.py:536} INFO - Filling up the DagBag from /home/airflow/.local/lib/python3.10/site-packages/airflow/example_dags/example_datasets.py
[2025-02-22T22:09:35.896+0000] {processor.py:839} INFO - DAG(s) dict_keys(['dataset_consumes_1', 'dataset_consumes_unknown_never_scheduled', 'dataset_consumes_1_never_scheduled', 'dataset_produces_2', 'dataset_consumes_1_and_2', 'dataset_produces_1']) retrieved from /home/airflow/.local/lib/python3.10/site-packages/airflow/example_dags/example_datasets.py
[2025-02-22T22:09:35.991+0000] {logging_mixin.py:154} INFO - [2025-02-22T22:09:35.990+0000] {dag.py:2941} INFO - Sync 6 DAGs
[2025-02-22T22:09:36.031+0000] {logging_mixin.py:154} INFO - [2025-02-22T22:09:36.031+0000] {dag.py:3722} INFO - Setting next_dagrun for dataset_consumes_1 to None, run_after=None
[2025-02-22T22:09:36.035+0000] {logging_mixin.py:154} INFO - [2025-02-22T22:09:36.035+0000] {dag.py:3722} INFO - Setting next_dagrun for dataset_consumes_1_and_2 to None, run_after=None
[2025-02-22T22:09:36.037+0000] {logging_mixin.py:154} INFO - [2025-02-22T22:09:36.037+0000] {dag.py:3722} INFO - Setting next_dagrun for dataset_consumes_1_never_scheduled to None, run_after=None
[2025-02-22T22:09:36.037+0000] {logging_mixin.py:154} INFO - [2025-02-22T22:09:36.037+0000] {dag.py:3722} INFO - Setting next_dagrun for dataset_consumes_unknown_never_scheduled to None, run_after=None
[2025-02-22T22:09:36.042+0000] {logging_mixin.py:154} INFO - [2025-02-22T22:09:36.042+0000] {dag.py:3722} INFO - Setting next_dagrun for dataset_produces_1 to 2025-02-21T00:00:00+00:00, run_after=2025-02-22T00:00:00+00:00
[2025-02-22T22:09:36.044+0000] {logging_mixin.py:154} INFO - [2025-02-22T22:09:36.044+0000] {dag.py:3722} INFO - Setting next_dagrun for dataset_produces_2 to None, run_after=None
[2025-02-22T22:09:36.085+0000] {processor.py:179} INFO - Processing /home/airflow/.local/lib/python3.10/site-packages/airflow/example_dags/example_datasets.py took 0.219 seconds
[2025-02-22T22:10:06.557+0000] {processor.py:157} INFO - Started process (PID=241) to work on /home/airflow/.local/lib/python3.10/site-packages/airflow/example_dags/example_datasets.py
[2025-02-22T22:10:06.559+0000] {processor.py:829} INFO - Processing file /home/airflow/.local/lib/python3.10/site-packages/airflow/example_dags/example_datasets.py for tasks to queue
[2025-02-22T22:10:06.562+0000] {logging_mixin.py:154} INFO - [2025-02-22T22:10:06.561+0000] {dagbag.py:536} INFO - Filling up the DagBag from /home/airflow/.local/lib/python3.10/site-packages/airflow/example_dags/example_datasets.py
[2025-02-22T22:10:06.579+0000] {processor.py:839} INFO - DAG(s) dict_keys(['dataset_consumes_1_never_scheduled', 'dataset_consumes_1_and_2', 'dataset_consumes_unknown_never_scheduled', 'dataset_consumes_1', 'dataset_produces_1', 'dataset_produces_2']) retrieved from /home/airflow/.local/lib/python3.10/site-packages/airflow/example_dags/example_datasets.py
[2025-02-22T22:10:06.685+0000] {logging_mixin.py:154} INFO - [2025-02-22T22:10:06.684+0000] {dag.py:2941} INFO - Sync 6 DAGs
[2025-02-22T22:10:06.743+0000] {logging_mixin.py:154} INFO - [2025-02-22T22:10:06.743+0000] {dag.py:3722} INFO - Setting next_dagrun for dataset_consumes_1 to None, run_after=None
[2025-02-22T22:10:06.748+0000] {logging_mixin.py:154} INFO - [2025-02-22T22:10:06.748+0000] {dag.py:3722} INFO - Setting next_dagrun for dataset_consumes_1_and_2 to None, run_after=None
[2025-02-22T22:10:06.750+0000] {logging_mixin.py:154} INFO - [2025-02-22T22:10:06.750+0000] {dag.py:3722} INFO - Setting next_dagrun for dataset_consumes_1_never_scheduled to None, run_after=None
[2025-02-22T22:10:06.752+0000] {logging_mixin.py:154} INFO - [2025-02-22T22:10:06.752+0000] {dag.py:3722} INFO - Setting next_dagrun for dataset_consumes_unknown_never_scheduled to None, run_after=None
[2025-02-22T22:10:06.756+0000] {logging_mixin.py:154} INFO - [2025-02-22T22:10:06.756+0000] {dag.py:3722} INFO - Setting next_dagrun for dataset_produces_1 to 2025-02-21T00:00:00+00:00, run_after=2025-02-22T00:00:00+00:00
[2025-02-22T22:10:06.759+0000] {logging_mixin.py:154} INFO - [2025-02-22T22:10:06.759+0000] {dag.py:3722} INFO - Setting next_dagrun for dataset_produces_2 to None, run_after=None
[2025-02-22T22:10:06.820+0000] {processor.py:179} INFO - Processing /home/airflow/.local/lib/python3.10/site-packages/airflow/example_dags/example_datasets.py took 0.267 seconds
[2025-02-22T22:10:37.275+0000] {processor.py:157} INFO - Started process (PID=302) to work on /home/airflow/.local/lib/python3.10/site-packages/airflow/example_dags/example_datasets.py
[2025-02-22T22:10:37.278+0000] {processor.py:829} INFO - Processing file /home/airflow/.local/lib/python3.10/site-packages/airflow/example_dags/example_datasets.py for tasks to queue
[2025-02-22T22:10:37.280+0000] {logging_mixin.py:154} INFO - [2025-02-22T22:10:37.279+0000] {dagbag.py:536} INFO - Filling up the DagBag from /home/airflow/.local/lib/python3.10/site-packages/airflow/example_dags/example_datasets.py
[2025-02-22T22:10:37.291+0000] {processor.py:839} INFO - DAG(s) dict_keys(['dataset_produces_2', 'dataset_consumes_unknown_never_scheduled', 'dataset_consumes_1', 'dataset_consumes_1_never_scheduled', 'dataset_consumes_1_and_2', 'dataset_produces_1']) retrieved from /home/airflow/.local/lib/python3.10/site-packages/airflow/example_dags/example_datasets.py
[2025-02-22T22:10:37.384+0000] {logging_mixin.py:154} INFO - [2025-02-22T22:10:37.384+0000] {dag.py:2941} INFO - Sync 6 DAGs
[2025-02-22T22:10:37.420+0000] {logging_mixin.py:154} INFO - [2025-02-22T22:10:37.420+0000] {dag.py:3722} INFO - Setting next_dagrun for dataset_consumes_1 to None, run_after=None
[2025-02-22T22:10:37.423+0000] {logging_mixin.py:154} INFO - [2025-02-22T22:10:37.423+0000] {dag.py:3722} INFO - Setting next_dagrun for dataset_consumes_1_and_2 to None, run_after=None
[2025-02-22T22:10:37.424+0000] {logging_mixin.py:154} INFO - [2025-02-22T22:10:37.423+0000] {dag.py:3722} INFO - Setting next_dagrun for dataset_consumes_1_never_scheduled to None, run_after=None
[2025-02-22T22:10:37.424+0000] {logging_mixin.py:154} INFO - [2025-02-22T22:10:37.424+0000] {dag.py:3722} INFO - Setting next_dagrun for dataset_consumes_unknown_never_scheduled to None, run_after=None
[2025-02-22T22:10:37.427+0000] {logging_mixin.py:154} INFO - [2025-02-22T22:10:37.427+0000] {dag.py:3722} INFO - Setting next_dagrun for dataset_produces_1 to 2025-02-21T00:00:00+00:00, run_after=2025-02-22T00:00:00+00:00
[2025-02-22T22:10:37.428+0000] {logging_mixin.py:154} INFO - [2025-02-22T22:10:37.428+0000] {dag.py:3722} INFO - Setting next_dagrun for dataset_produces_2 to None, run_after=None
[2025-02-22T22:10:37.462+0000] {processor.py:179} INFO - Processing /home/airflow/.local/lib/python3.10/site-packages/airflow/example_dags/example_datasets.py took 0.189 seconds
[2025-02-22T22:11:07.938+0000] {processor.py:157} INFO - Started process (PID=368) to work on /home/airflow/.local/lib/python3.10/site-packages/airflow/example_dags/example_datasets.py
[2025-02-22T22:11:07.942+0000] {processor.py:829} INFO - Processing file /home/airflow/.local/lib/python3.10/site-packages/airflow/example_dags/example_datasets.py for tasks to queue
[2025-02-22T22:11:07.945+0000] {logging_mixin.py:154} INFO - [2025-02-22T22:11:07.944+0000] {dagbag.py:536} INFO - Filling up the DagBag from /home/airflow/.local/lib/python3.10/site-packages/airflow/example_dags/example_datasets.py
[2025-02-22T22:11:07.959+0000] {processor.py:839} INFO - DAG(s) dict_keys(['dataset_produces_2', 'dataset_consumes_1_never_scheduled', 'dataset_produces_1', 'dataset_consumes_1', 'dataset_consumes_unknown_never_scheduled', 'dataset_consumes_1_and_2']) retrieved from /home/airflow/.local/lib/python3.10/site-packages/airflow/example_dags/example_datasets.py
[2025-02-22T22:11:08.074+0000] {logging_mixin.py:154} INFO - [2025-02-22T22:11:08.074+0000] {dag.py:2941} INFO - Sync 6 DAGs
[2025-02-22T22:11:08.115+0000] {logging_mixin.py:154} INFO - [2025-02-22T22:11:08.114+0000] {dag.py:3722} INFO - Setting next_dagrun for dataset_consumes_1 to None, run_after=None
[2025-02-22T22:11:08.118+0000] {logging_mixin.py:154} INFO - [2025-02-22T22:11:08.117+0000] {dag.py:3722} INFO - Setting next_dagrun for dataset_consumes_1_and_2 to None, run_after=None
[2025-02-22T22:11:08.120+0000] {logging_mixin.py:154} INFO - [2025-02-22T22:11:08.120+0000] {dag.py:3722} INFO - Setting next_dagrun for dataset_consumes_1_never_scheduled to None, run_after=None
[2025-02-22T22:11:08.121+0000] {logging_mixin.py:154} INFO - [2025-02-22T22:11:08.121+0000] {dag.py:3722} INFO - Setting next_dagrun for dataset_consumes_unknown_never_scheduled to None, run_after=None
[2025-02-22T22:11:08.124+0000] {logging_mixin.py:154} INFO - [2025-02-22T22:11:08.124+0000] {dag.py:3722} INFO - Setting next_dagrun for dataset_produces_1 to 2025-02-21T00:00:00+00:00, run_after=2025-02-22T00:00:00+00:00
[2025-02-22T22:11:08.126+0000] {logging_mixin.py:154} INFO - [2025-02-22T22:11:08.126+0000] {dag.py:3722} INFO - Setting next_dagrun for dataset_produces_2 to None, run_after=None
[2025-02-22T22:11:08.169+0000] {processor.py:179} INFO - Processing /home/airflow/.local/lib/python3.10/site-packages/airflow/example_dags/example_datasets.py took 0.235 seconds
[2025-02-22T22:11:38.662+0000] {processor.py:157} INFO - Started process (PID=429) to work on /home/airflow/.local/lib/python3.10/site-packages/airflow/example_dags/example_datasets.py
[2025-02-22T22:11:38.667+0000] {processor.py:829} INFO - Processing file /home/airflow/.local/lib/python3.10/site-packages/airflow/example_dags/example_datasets.py for tasks to queue
[2025-02-22T22:11:38.670+0000] {logging_mixin.py:154} INFO - [2025-02-22T22:11:38.670+0000] {dagbag.py:536} INFO - Filling up the DagBag from /home/airflow/.local/lib/python3.10/site-packages/airflow/example_dags/example_datasets.py
[2025-02-22T22:11:38.687+0000] {processor.py:839} INFO - DAG(s) dict_keys(['dataset_consumes_1_never_scheduled', 'dataset_consumes_unknown_never_scheduled', 'dataset_consumes_1_and_2', 'dataset_produces_2', 'dataset_consumes_1', 'dataset_produces_1']) retrieved from /home/airflow/.local/lib/python3.10/site-packages/airflow/example_dags/example_datasets.py
[2025-02-22T22:11:38.766+0000] {logging_mixin.py:154} INFO - [2025-02-22T22:11:38.766+0000] {dag.py:2941} INFO - Sync 6 DAGs
[2025-02-22T22:11:38.795+0000] {logging_mixin.py:154} INFO - [2025-02-22T22:11:38.795+0000] {dag.py:3722} INFO - Setting next_dagrun for dataset_consumes_1 to None, run_after=None
[2025-02-22T22:11:38.797+0000] {logging_mixin.py:154} INFO - [2025-02-22T22:11:38.797+0000] {dag.py:3722} INFO - Setting next_dagrun for dataset_consumes_1_and_2 to None, run_after=None
[2025-02-22T22:11:38.798+0000] {logging_mixin.py:154} INFO - [2025-02-22T22:11:38.798+0000] {dag.py:3722} INFO - Setting next_dagrun for dataset_consumes_1_never_scheduled to None, run_after=None
[2025-02-22T22:11:38.799+0000] {logging_mixin.py:154} INFO - [2025-02-22T22:11:38.798+0000] {dag.py:3722} INFO - Setting next_dagrun for dataset_consumes_unknown_never_scheduled to None, run_after=None
[2025-02-22T22:11:38.801+0000] {logging_mixin.py:154} INFO - [2025-02-22T22:11:38.800+0000] {dag.py:3722} INFO - Setting next_dagrun for dataset_produces_1 to 2025-02-21T00:00:00+00:00, run_after=2025-02-22T00:00:00+00:00
[2025-02-22T22:11:38.801+0000] {logging_mixin.py:154} INFO - [2025-02-22T22:11:38.801+0000] {dag.py:3722} INFO - Setting next_dagrun for dataset_produces_2 to None, run_after=None
[2025-02-22T22:11:38.829+0000] {processor.py:179} INFO - Processing /home/airflow/.local/lib/python3.10/site-packages/airflow/example_dags/example_datasets.py took 0.173 seconds
[2025-02-22T22:12:09.374+0000] {processor.py:157} INFO - Started process (PID=497) to work on /home/airflow/.local/lib/python3.10/site-packages/airflow/example_dags/example_datasets.py
[2025-02-22T22:12:09.378+0000] {processor.py:829} INFO - Processing file /home/airflow/.local/lib/python3.10/site-packages/airflow/example_dags/example_datasets.py for tasks to queue
[2025-02-22T22:12:09.384+0000] {logging_mixin.py:154} INFO - [2025-02-22T22:12:09.384+0000] {dagbag.py:536} INFO - Filling up the DagBag from /home/airflow/.local/lib/python3.10/site-packages/airflow/example_dags/example_datasets.py
[2025-02-22T22:12:09.396+0000] {processor.py:839} INFO - DAG(s) dict_keys(['dataset_consumes_1_never_scheduled', 'dataset_consumes_unknown_never_scheduled', 'dataset_produces_2', 'dataset_consumes_1_and_2', 'dataset_produces_1', 'dataset_consumes_1']) retrieved from /home/airflow/.local/lib/python3.10/site-packages/airflow/example_dags/example_datasets.py
[2025-02-22T22:12:09.475+0000] {logging_mixin.py:154} INFO - [2025-02-22T22:12:09.475+0000] {dag.py:2941} INFO - Sync 6 DAGs
[2025-02-22T22:12:09.505+0000] {logging_mixin.py:154} INFO - [2025-02-22T22:12:09.505+0000] {dag.py:3722} INFO - Setting next_dagrun for dataset_consumes_1 to None, run_after=None
[2025-02-22T22:12:09.508+0000] {logging_mixin.py:154} INFO - [2025-02-22T22:12:09.508+0000] {dag.py:3722} INFO - Setting next_dagrun for dataset_consumes_1_and_2 to None, run_after=None
[2025-02-22T22:12:09.509+0000] {logging_mixin.py:154} INFO - [2025-02-22T22:12:09.509+0000] {dag.py:3722} INFO - Setting next_dagrun for dataset_consumes_1_never_scheduled to None, run_after=None
[2025-02-22T22:12:09.509+0000] {logging_mixin.py:154} INFO - [2025-02-22T22:12:09.509+0000] {dag.py:3722} INFO - Setting next_dagrun for dataset_consumes_unknown_never_scheduled to None, run_after=None
[2025-02-22T22:12:09.512+0000] {logging_mixin.py:154} INFO - [2025-02-22T22:12:09.512+0000] {dag.py:3722} INFO - Setting next_dagrun for dataset_produces_1 to 2025-02-21T00:00:00+00:00, run_after=2025-02-22T00:00:00+00:00
[2025-02-22T22:12:09.515+0000] {logging_mixin.py:154} INFO - [2025-02-22T22:12:09.515+0000] {dag.py:3722} INFO - Setting next_dagrun for dataset_produces_2 to None, run_after=None
[2025-02-22T22:12:09.545+0000] {processor.py:179} INFO - Processing /home/airflow/.local/lib/python3.10/site-packages/airflow/example_dags/example_datasets.py took 0.174 seconds
[2025-02-22T22:12:40.168+0000] {processor.py:157} INFO - Started process (PID=558) to work on /home/airflow/.local/lib/python3.10/site-packages/airflow/example_dags/example_datasets.py
[2025-02-22T22:12:40.171+0000] {processor.py:829} INFO - Processing file /home/airflow/.local/lib/python3.10/site-packages/airflow/example_dags/example_datasets.py for tasks to queue
[2025-02-22T22:12:40.172+0000] {logging_mixin.py:154} INFO - [2025-02-22T22:12:40.172+0000] {dagbag.py:536} INFO - Filling up the DagBag from /home/airflow/.local/lib/python3.10/site-packages/airflow/example_dags/example_datasets.py
[2025-02-22T22:12:40.183+0000] {processor.py:839} INFO - DAG(s) dict_keys(['dataset_produces_1', 'dataset_consumes_1', 'dataset_consumes_1_never_scheduled', 'dataset_produces_2', 'dataset_consumes_1_and_2', 'dataset_consumes_unknown_never_scheduled']) retrieved from /home/airflow/.local/lib/python3.10/site-packages/airflow/example_dags/example_datasets.py
[2025-02-22T22:12:40.267+0000] {logging_mixin.py:154} INFO - [2025-02-22T22:12:40.266+0000] {dag.py:2941} INFO - Sync 6 DAGs
[2025-02-22T22:12:40.299+0000] {logging_mixin.py:154} INFO - [2025-02-22T22:12:40.299+0000] {dag.py:3722} INFO - Setting next_dagrun for dataset_consumes_1 to None, run_after=None
[2025-02-22T22:12:40.303+0000] {logging_mixin.py:154} INFO - [2025-02-22T22:12:40.303+0000] {dag.py:3722} INFO - Setting next_dagrun for dataset_consumes_1_and_2 to None, run_after=None
[2025-02-22T22:12:40.304+0000] {logging_mixin.py:154} INFO - [2025-02-22T22:12:40.304+0000] {dag.py:3722} INFO - Setting next_dagrun for dataset_consumes_1_never_scheduled to None, run_after=None
[2025-02-22T22:12:40.306+0000] {logging_mixin.py:154} INFO - [2025-02-22T22:12:40.306+0000] {dag.py:3722} INFO - Setting next_dagrun for dataset_consumes_unknown_never_scheduled to None, run_after=None
[2025-02-22T22:12:40.309+0000] {logging_mixin.py:154} INFO - [2025-02-22T22:12:40.309+0000] {dag.py:3722} INFO - Setting next_dagrun for dataset_produces_1 to 2025-02-21T00:00:00+00:00, run_after=2025-02-22T00:00:00+00:00
[2025-02-22T22:12:40.310+0000] {logging_mixin.py:154} INFO - [2025-02-22T22:12:40.310+0000] {dag.py:3722} INFO - Setting next_dagrun for dataset_produces_2 to None, run_after=None
[2025-02-22T22:12:40.341+0000] {processor.py:179} INFO - Processing /home/airflow/.local/lib/python3.10/site-packages/airflow/example_dags/example_datasets.py took 0.176 seconds
[2025-02-22T22:13:11.218+0000] {processor.py:157} INFO - Started process (PID=625) to work on /home/airflow/.local/lib/python3.10/site-packages/airflow/example_dags/example_datasets.py
[2025-02-22T22:13:11.221+0000] {processor.py:829} INFO - Processing file /home/airflow/.local/lib/python3.10/site-packages/airflow/example_dags/example_datasets.py for tasks to queue
[2025-02-22T22:13:11.224+0000] {logging_mixin.py:154} INFO - [2025-02-22T22:13:11.223+0000] {dagbag.py:536} INFO - Filling up the DagBag from /home/airflow/.local/lib/python3.10/site-packages/airflow/example_dags/example_datasets.py
[2025-02-22T22:13:11.238+0000] {processor.py:839} INFO - DAG(s) dict_keys(['dataset_produces_1', 'dataset_produces_2', 'dataset_consumes_1_and_2', 'dataset_consumes_unknown_never_scheduled', 'dataset_consumes_1_never_scheduled', 'dataset_consumes_1']) retrieved from /home/airflow/.local/lib/python3.10/site-packages/airflow/example_dags/example_datasets.py
[2025-02-22T22:13:11.331+0000] {logging_mixin.py:154} INFO - [2025-02-22T22:13:11.331+0000] {dag.py:2941} INFO - Sync 6 DAGs
[2025-02-22T22:13:11.363+0000] {logging_mixin.py:154} INFO - [2025-02-22T22:13:11.363+0000] {dag.py:3722} INFO - Setting next_dagrun for dataset_consumes_1 to None, run_after=None
[2025-02-22T22:13:11.366+0000] {logging_mixin.py:154} INFO - [2025-02-22T22:13:11.366+0000] {dag.py:3722} INFO - Setting next_dagrun for dataset_consumes_1_and_2 to None, run_after=None
[2025-02-22T22:13:11.367+0000] {logging_mixin.py:154} INFO - [2025-02-22T22:13:11.367+0000] {dag.py:3722} INFO - Setting next_dagrun for dataset_consumes_1_never_scheduled to None, run_after=None
[2025-02-22T22:13:11.368+0000] {logging_mixin.py:154} INFO - [2025-02-22T22:13:11.368+0000] {dag.py:3722} INFO - Setting next_dagrun for dataset_consumes_unknown_never_scheduled to None, run_after=None
[2025-02-22T22:13:11.370+0000] {logging_mixin.py:154} INFO - [2025-02-22T22:13:11.370+0000] {dag.py:3722} INFO - Setting next_dagrun for dataset_produces_1 to 2025-02-21T00:00:00+00:00, run_after=2025-02-22T00:00:00+00:00
[2025-02-22T22:13:11.372+0000] {logging_mixin.py:154} INFO - [2025-02-22T22:13:11.372+0000] {dag.py:3722} INFO - Setting next_dagrun for dataset_produces_2 to None, run_after=None
[2025-02-22T22:13:11.409+0000] {processor.py:179} INFO - Processing /home/airflow/.local/lib/python3.10/site-packages/airflow/example_dags/example_datasets.py took 0.196 seconds
[2025-02-22T22:13:41.728+0000] {processor.py:157} INFO - Started process (PID=686) to work on /home/airflow/.local/lib/python3.10/site-packages/airflow/example_dags/example_datasets.py
[2025-02-22T22:13:41.729+0000] {processor.py:829} INFO - Processing file /home/airflow/.local/lib/python3.10/site-packages/airflow/example_dags/example_datasets.py for tasks to queue
[2025-02-22T22:13:41.731+0000] {logging_mixin.py:154} INFO - [2025-02-22T22:13:41.731+0000] {dagbag.py:536} INFO - Filling up the DagBag from /home/airflow/.local/lib/python3.10/site-packages/airflow/example_dags/example_datasets.py
[2025-02-22T22:13:41.747+0000] {processor.py:839} INFO - DAG(s) dict_keys(['dataset_produces_1', 'dataset_consumes_1_never_scheduled', 'dataset_produces_2', 'dataset_consumes_unknown_never_scheduled', 'dataset_consumes_1', 'dataset_consumes_1_and_2']) retrieved from /home/airflow/.local/lib/python3.10/site-packages/airflow/example_dags/example_datasets.py
[2025-02-22T22:13:41.841+0000] {logging_mixin.py:154} INFO - [2025-02-22T22:13:41.840+0000] {dag.py:2941} INFO - Sync 6 DAGs
[2025-02-22T22:13:41.895+0000] {logging_mixin.py:154} INFO - [2025-02-22T22:13:41.894+0000] {dag.py:3722} INFO - Setting next_dagrun for dataset_consumes_1 to None, run_after=None
[2025-02-22T22:13:41.899+0000] {logging_mixin.py:154} INFO - [2025-02-22T22:13:41.898+0000] {dag.py:3722} INFO - Setting next_dagrun for dataset_consumes_1_and_2 to None, run_after=None
[2025-02-22T22:13:41.900+0000] {logging_mixin.py:154} INFO - [2025-02-22T22:13:41.900+0000] {dag.py:3722} INFO - Setting next_dagrun for dataset_consumes_1_never_scheduled to None, run_after=None
[2025-02-22T22:13:41.901+0000] {logging_mixin.py:154} INFO - [2025-02-22T22:13:41.901+0000] {dag.py:3722} INFO - Setting next_dagrun for dataset_consumes_unknown_never_scheduled to None, run_after=None
[2025-02-22T22:13:41.905+0000] {logging_mixin.py:154} INFO - [2025-02-22T22:13:41.904+0000] {dag.py:3722} INFO - Setting next_dagrun for dataset_produces_1 to 2025-02-21T00:00:00+00:00, run_after=2025-02-22T00:00:00+00:00
[2025-02-22T22:13:41.906+0000] {logging_mixin.py:154} INFO - [2025-02-22T22:13:41.906+0000] {dag.py:3722} INFO - Setting next_dagrun for dataset_produces_2 to None, run_after=None
[2025-02-22T22:13:41.950+0000] {processor.py:179} INFO - Processing /home/airflow/.local/lib/python3.10/site-packages/airflow/example_dags/example_datasets.py took 0.226 seconds
[2025-02-22T22:14:12.313+0000] {processor.py:157} INFO - Started process (PID=754) to work on /home/airflow/.local/lib/python3.10/site-packages/airflow/example_dags/example_datasets.py
[2025-02-22T22:14:12.317+0000] {processor.py:829} INFO - Processing file /home/airflow/.local/lib/python3.10/site-packages/airflow/example_dags/example_datasets.py for tasks to queue
[2025-02-22T22:14:12.319+0000] {logging_mixin.py:154} INFO - [2025-02-22T22:14:12.319+0000] {dagbag.py:536} INFO - Filling up the DagBag from /home/airflow/.local/lib/python3.10/site-packages/airflow/example_dags/example_datasets.py
[2025-02-22T22:14:12.333+0000] {processor.py:839} INFO - DAG(s) dict_keys(['dataset_consumes_1_never_scheduled', 'dataset_produces_1', 'dataset_consumes_1_and_2', 'dataset_consumes_1', 'dataset_produces_2', 'dataset_consumes_unknown_never_scheduled']) retrieved from /home/airflow/.local/lib/python3.10/site-packages/airflow/example_dags/example_datasets.py
[2025-02-22T22:14:12.411+0000] {logging_mixin.py:154} INFO - [2025-02-22T22:14:12.410+0000] {dag.py:2941} INFO - Sync 6 DAGs
[2025-02-22T22:14:12.441+0000] {logging_mixin.py:154} INFO - [2025-02-22T22:14:12.440+0000] {dag.py:3722} INFO - Setting next_dagrun for dataset_consumes_1 to None, run_after=None
[2025-02-22T22:14:12.443+0000] {logging_mixin.py:154} INFO - [2025-02-22T22:14:12.443+0000] {dag.py:3722} INFO - Setting next_dagrun for dataset_consumes_1_and_2 to None, run_after=None
[2025-02-22T22:14:12.444+0000] {logging_mixin.py:154} INFO - [2025-02-22T22:14:12.443+0000] {dag.py:3722} INFO - Setting next_dagrun for dataset_consumes_1_never_scheduled to None, run_after=None
[2025-02-22T22:14:12.444+0000] {logging_mixin.py:154} INFO - [2025-02-22T22:14:12.444+0000] {dag.py:3722} INFO - Setting next_dagrun for dataset_consumes_unknown_never_scheduled to None, run_after=None
[2025-02-22T22:14:12.446+0000] {logging_mixin.py:154} INFO - [2025-02-22T22:14:12.446+0000] {dag.py:3722} INFO - Setting next_dagrun for dataset_produces_1 to 2025-02-21T00:00:00+00:00, run_after=2025-02-22T00:00:00+00:00
[2025-02-22T22:14:12.447+0000] {logging_mixin.py:154} INFO - [2025-02-22T22:14:12.447+0000] {dag.py:3722} INFO - Setting next_dagrun for dataset_produces_2 to None, run_after=None
[2025-02-22T22:14:12.485+0000] {processor.py:179} INFO - Processing /home/airflow/.local/lib/python3.10/site-packages/airflow/example_dags/example_datasets.py took 0.175 seconds
[2025-02-22T22:14:42.811+0000] {processor.py:157} INFO - Started process (PID=815) to work on /home/airflow/.local/lib/python3.10/site-packages/airflow/example_dags/example_datasets.py
[2025-02-22T22:14:42.814+0000] {processor.py:829} INFO - Processing file /home/airflow/.local/lib/python3.10/site-packages/airflow/example_dags/example_datasets.py for tasks to queue
[2025-02-22T22:14:42.816+0000] {logging_mixin.py:154} INFO - [2025-02-22T22:14:42.816+0000] {dagbag.py:536} INFO - Filling up the DagBag from /home/airflow/.local/lib/python3.10/site-packages/airflow/example_dags/example_datasets.py
[2025-02-22T22:14:42.826+0000] {processor.py:839} INFO - DAG(s) dict_keys(['dataset_consumes_1_never_scheduled', 'dataset_produces_2', 'dataset_consumes_1', 'dataset_consumes_unknown_never_scheduled', 'dataset_consumes_1_and_2', 'dataset_produces_1']) retrieved from /home/airflow/.local/lib/python3.10/site-packages/airflow/example_dags/example_datasets.py
[2025-02-22T22:14:42.957+0000] {logging_mixin.py:154} INFO - [2025-02-22T22:14:42.956+0000] {dag.py:2941} INFO - Sync 6 DAGs
[2025-02-22T22:14:43.015+0000] {logging_mixin.py:154} INFO - [2025-02-22T22:14:43.015+0000] {dag.py:3722} INFO - Setting next_dagrun for dataset_consumes_1 to None, run_after=None
[2025-02-22T22:14:43.024+0000] {logging_mixin.py:154} INFO - [2025-02-22T22:14:43.022+0000] {dag.py:3722} INFO - Setting next_dagrun for dataset_consumes_1_and_2 to None, run_after=None
[2025-02-22T22:14:43.028+0000] {logging_mixin.py:154} INFO - [2025-02-22T22:14:43.028+0000] {dag.py:3722} INFO - Setting next_dagrun for dataset_consumes_1_never_scheduled to None, run_after=None
[2025-02-22T22:14:43.034+0000] {logging_mixin.py:154} INFO - [2025-02-22T22:14:43.033+0000] {dag.py:3722} INFO - Setting next_dagrun for dataset_consumes_unknown_never_scheduled to None, run_after=None
[2025-02-22T22:14:43.040+0000] {logging_mixin.py:154} INFO - [2025-02-22T22:14:43.040+0000] {dag.py:3722} INFO - Setting next_dagrun for dataset_produces_1 to 2025-02-21T00:00:00+00:00, run_after=2025-02-22T00:00:00+00:00
[2025-02-22T22:14:43.044+0000] {logging_mixin.py:154} INFO - [2025-02-22T22:14:43.044+0000] {dag.py:3722} INFO - Setting next_dagrun for dataset_produces_2 to None, run_after=None
[2025-02-22T22:14:43.117+0000] {processor.py:179} INFO - Processing /home/airflow/.local/lib/python3.10/site-packages/airflow/example_dags/example_datasets.py took 0.308 seconds
[2025-02-22T22:15:13.168+0000] {processor.py:157} INFO - Started process (PID=883) to work on /home/airflow/.local/lib/python3.10/site-packages/airflow/example_dags/example_datasets.py
[2025-02-22T22:15:13.172+0000] {processor.py:829} INFO - Processing file /home/airflow/.local/lib/python3.10/site-packages/airflow/example_dags/example_datasets.py for tasks to queue
[2025-02-22T22:15:13.175+0000] {logging_mixin.py:154} INFO - [2025-02-22T22:15:13.175+0000] {dagbag.py:536} INFO - Filling up the DagBag from /home/airflow/.local/lib/python3.10/site-packages/airflow/example_dags/example_datasets.py
[2025-02-22T22:15:13.188+0000] {processor.py:839} INFO - DAG(s) dict_keys(['dataset_consumes_1_and_2', 'dataset_consumes_1_never_scheduled', 'dataset_consumes_1', 'dataset_consumes_unknown_never_scheduled', 'dataset_produces_2', 'dataset_produces_1']) retrieved from /home/airflow/.local/lib/python3.10/site-packages/airflow/example_dags/example_datasets.py
[2025-02-22T22:15:13.269+0000] {logging_mixin.py:154} INFO - [2025-02-22T22:15:13.269+0000] {dag.py:2941} INFO - Sync 6 DAGs
[2025-02-22T22:15:13.298+0000] {logging_mixin.py:154} INFO - [2025-02-22T22:15:13.298+0000] {dag.py:3722} INFO - Setting next_dagrun for dataset_consumes_1 to None, run_after=None
[2025-02-22T22:15:13.301+0000] {logging_mixin.py:154} INFO - [2025-02-22T22:15:13.300+0000] {dag.py:3722} INFO - Setting next_dagrun for dataset_consumes_1_and_2 to None, run_after=None
[2025-02-22T22:15:13.301+0000] {logging_mixin.py:154} INFO - [2025-02-22T22:15:13.301+0000] {dag.py:3722} INFO - Setting next_dagrun for dataset_consumes_1_never_scheduled to None, run_after=None
[2025-02-22T22:15:13.302+0000] {logging_mixin.py:154} INFO - [2025-02-22T22:15:13.302+0000] {dag.py:3722} INFO - Setting next_dagrun for dataset_consumes_unknown_never_scheduled to None, run_after=None
[2025-02-22T22:15:13.304+0000] {logging_mixin.py:154} INFO - [2025-02-22T22:15:13.304+0000] {dag.py:3722} INFO - Setting next_dagrun for dataset_produces_1 to 2025-02-21T00:00:00+00:00, run_after=2025-02-22T00:00:00+00:00
[2025-02-22T22:15:13.305+0000] {logging_mixin.py:154} INFO - [2025-02-22T22:15:13.305+0000] {dag.py:3722} INFO - Setting next_dagrun for dataset_produces_2 to None, run_after=None
[2025-02-22T22:15:13.331+0000] {processor.py:179} INFO - Processing /home/airflow/.local/lib/python3.10/site-packages/airflow/example_dags/example_datasets.py took 0.168 seconds
[2025-02-22T22:15:43.697+0000] {processor.py:157} INFO - Started process (PID=944) to work on /home/airflow/.local/lib/python3.10/site-packages/airflow/example_dags/example_datasets.py
[2025-02-22T22:15:43.702+0000] {processor.py:829} INFO - Processing file /home/airflow/.local/lib/python3.10/site-packages/airflow/example_dags/example_datasets.py for tasks to queue
[2025-02-22T22:15:43.704+0000] {logging_mixin.py:154} INFO - [2025-02-22T22:15:43.704+0000] {dagbag.py:536} INFO - Filling up the DagBag from /home/airflow/.local/lib/python3.10/site-packages/airflow/example_dags/example_datasets.py
[2025-02-22T22:15:43.717+0000] {processor.py:839} INFO - DAG(s) dict_keys(['dataset_consumes_1_and_2', 'dataset_consumes_unknown_never_scheduled', 'dataset_consumes_1_never_scheduled', 'dataset_consumes_1', 'dataset_produces_2', 'dataset_produces_1']) retrieved from /home/airflow/.local/lib/python3.10/site-packages/airflow/example_dags/example_datasets.py
[2025-02-22T22:15:43.795+0000] {logging_mixin.py:154} INFO - [2025-02-22T22:15:43.795+0000] {dag.py:2941} INFO - Sync 6 DAGs
[2025-02-22T22:15:43.826+0000] {logging_mixin.py:154} INFO - [2025-02-22T22:15:43.826+0000] {dag.py:3722} INFO - Setting next_dagrun for dataset_consumes_1 to None, run_after=None
[2025-02-22T22:15:43.829+0000] {logging_mixin.py:154} INFO - [2025-02-22T22:15:43.828+0000] {dag.py:3722} INFO - Setting next_dagrun for dataset_consumes_1_and_2 to None, run_after=None
[2025-02-22T22:15:43.829+0000] {logging_mixin.py:154} INFO - [2025-02-22T22:15:43.829+0000] {dag.py:3722} INFO - Setting next_dagrun for dataset_consumes_1_never_scheduled to None, run_after=None
[2025-02-22T22:15:43.830+0000] {logging_mixin.py:154} INFO - [2025-02-22T22:15:43.830+0000] {dag.py:3722} INFO - Setting next_dagrun for dataset_consumes_unknown_never_scheduled to None, run_after=None
[2025-02-22T22:15:43.833+0000] {logging_mixin.py:154} INFO - [2025-02-22T22:15:43.832+0000] {dag.py:3722} INFO - Setting next_dagrun for dataset_produces_1 to 2025-02-21T00:00:00+00:00, run_after=2025-02-22T00:00:00+00:00
[2025-02-22T22:15:43.833+0000] {logging_mixin.py:154} INFO - [2025-02-22T22:15:43.833+0000] {dag.py:3722} INFO - Setting next_dagrun for dataset_produces_2 to None, run_after=None
[2025-02-22T22:15:43.865+0000] {processor.py:179} INFO - Processing /home/airflow/.local/lib/python3.10/site-packages/airflow/example_dags/example_datasets.py took 0.173 seconds
[2025-02-22T22:16:14.662+0000] {processor.py:157} INFO - Started process (PID=1012) to work on /home/airflow/.local/lib/python3.10/site-packages/airflow/example_dags/example_datasets.py
[2025-02-22T22:16:14.667+0000] {processor.py:829} INFO - Processing file /home/airflow/.local/lib/python3.10/site-packages/airflow/example_dags/example_datasets.py for tasks to queue
[2025-02-22T22:16:14.669+0000] {logging_mixin.py:154} INFO - [2025-02-22T22:16:14.669+0000] {dagbag.py:536} INFO - Filling up the DagBag from /home/airflow/.local/lib/python3.10/site-packages/airflow/example_dags/example_datasets.py
[2025-02-22T22:16:14.685+0000] {processor.py:839} INFO - DAG(s) dict_keys(['dataset_consumes_1_never_scheduled', 'dataset_produces_2', 'dataset_consumes_1_and_2', 'dataset_consumes_unknown_never_scheduled', 'dataset_consumes_1', 'dataset_produces_1']) retrieved from /home/airflow/.local/lib/python3.10/site-packages/airflow/example_dags/example_datasets.py
[2025-02-22T22:16:14.790+0000] {logging_mixin.py:154} INFO - [2025-02-22T22:16:14.789+0000] {dag.py:2941} INFO - Sync 6 DAGs
[2025-02-22T22:16:14.849+0000] {logging_mixin.py:154} INFO - [2025-02-22T22:16:14.849+0000] {dag.py:3722} INFO - Setting next_dagrun for dataset_consumes_1 to None, run_after=None
[2025-02-22T22:16:14.852+0000] {logging_mixin.py:154} INFO - [2025-02-22T22:16:14.852+0000] {dag.py:3722} INFO - Setting next_dagrun for dataset_consumes_1_and_2 to None, run_after=None
[2025-02-22T22:16:14.853+0000] {logging_mixin.py:154} INFO - [2025-02-22T22:16:14.853+0000] {dag.py:3722} INFO - Setting next_dagrun for dataset_consumes_1_never_scheduled to None, run_after=None
[2025-02-22T22:16:14.855+0000] {logging_mixin.py:154} INFO - [2025-02-22T22:16:14.855+0000] {dag.py:3722} INFO - Setting next_dagrun for dataset_consumes_unknown_never_scheduled to None, run_after=None
[2025-02-22T22:16:14.860+0000] {logging_mixin.py:154} INFO - [2025-02-22T22:16:14.860+0000] {dag.py:3722} INFO - Setting next_dagrun for dataset_produces_1 to 2025-02-21T00:00:00+00:00, run_after=2025-02-22T00:00:00+00:00
[2025-02-22T22:16:14.862+0000] {logging_mixin.py:154} INFO - [2025-02-22T22:16:14.861+0000] {dag.py:3722} INFO - Setting next_dagrun for dataset_produces_2 to None, run_after=None
[2025-02-22T22:16:14.898+0000] {processor.py:179} INFO - Processing /home/airflow/.local/lib/python3.10/site-packages/airflow/example_dags/example_datasets.py took 0.239 seconds
[2025-02-22T22:16:44.963+0000] {processor.py:157} INFO - Started process (PID=1073) to work on /home/airflow/.local/lib/python3.10/site-packages/airflow/example_dags/example_datasets.py
[2025-02-22T22:16:44.967+0000] {processor.py:829} INFO - Processing file /home/airflow/.local/lib/python3.10/site-packages/airflow/example_dags/example_datasets.py for tasks to queue
[2025-02-22T22:16:44.969+0000] {logging_mixin.py:154} INFO - [2025-02-22T22:16:44.969+0000] {dagbag.py:536} INFO - Filling up the DagBag from /home/airflow/.local/lib/python3.10/site-packages/airflow/example_dags/example_datasets.py
[2025-02-22T22:16:44.990+0000] {processor.py:839} INFO - DAG(s) dict_keys(['dataset_produces_2', 'dataset_produces_1', 'dataset_consumes_1_never_scheduled', 'dataset_consumes_unknown_never_scheduled', 'dataset_consumes_1', 'dataset_consumes_1_and_2']) retrieved from /home/airflow/.local/lib/python3.10/site-packages/airflow/example_dags/example_datasets.py
[2025-02-22T22:16:45.285+0000] {logging_mixin.py:154} INFO - [2025-02-22T22:16:45.282+0000] {dag.py:2941} INFO - Sync 6 DAGs
[2025-02-22T22:16:45.381+0000] {logging_mixin.py:154} INFO - [2025-02-22T22:16:45.381+0000] {dag.py:3722} INFO - Setting next_dagrun for dataset_consumes_1 to None, run_after=None
[2025-02-22T22:16:45.396+0000] {logging_mixin.py:154} INFO - [2025-02-22T22:16:45.396+0000] {dag.py:3722} INFO - Setting next_dagrun for dataset_consumes_1_and_2 to None, run_after=None
[2025-02-22T22:16:45.399+0000] {logging_mixin.py:154} INFO - [2025-02-22T22:16:45.399+0000] {dag.py:3722} INFO - Setting next_dagrun for dataset_consumes_1_never_scheduled to None, run_after=None
[2025-02-22T22:16:45.401+0000] {logging_mixin.py:154} INFO - [2025-02-22T22:16:45.401+0000] {dag.py:3722} INFO - Setting next_dagrun for dataset_consumes_unknown_never_scheduled to None, run_after=None
[2025-02-22T22:16:45.408+0000] {logging_mixin.py:154} INFO - [2025-02-22T22:16:45.407+0000] {dag.py:3722} INFO - Setting next_dagrun for dataset_produces_1 to 2025-02-21T00:00:00+00:00, run_after=2025-02-22T00:00:00+00:00
[2025-02-22T22:16:45.410+0000] {logging_mixin.py:154} INFO - [2025-02-22T22:16:45.410+0000] {dag.py:3722} INFO - Setting next_dagrun for dataset_produces_2 to None, run_after=None
[2025-02-22T22:16:45.495+0000] {processor.py:179} INFO - Processing /home/airflow/.local/lib/python3.10/site-packages/airflow/example_dags/example_datasets.py took 0.537 seconds
