[2025-02-22T21:47:16.232+0000] {processor.py:157} INFO - Started process (PID=52) to work on /home/airflow/.local/lib/python3.10/site-packages/airflow/example_dags/example_xcomargs.py
[2025-02-22T21:47:16.233+0000] {processor.py:829} INFO - Processing file /home/airflow/.local/lib/python3.10/site-packages/airflow/example_dags/example_xcomargs.py for tasks to queue
[2025-02-22T21:47:16.236+0000] {logging_mixin.py:154} INFO - [2025-02-22T21:47:16.236+0000] {dagbag.py:536} INFO - Filling up the DagBag from /home/airflow/.local/lib/python3.10/site-packages/airflow/example_dags/example_xcomargs.py
[2025-02-22T21:47:16.249+0000] {processor.py:839} INFO - DAG(s) dict_keys(['example_xcom_args', 'example_xcom_args_with_operators']) retrieved from /home/airflow/.local/lib/python3.10/site-packages/airflow/example_dags/example_xcomargs.py
[2025-02-22T21:47:16.404+0000] {logging_mixin.py:154} INFO - [2025-02-22T21:47:16.404+0000] {manager.py:499} INFO - Created Permission View: %s
[2025-02-22T21:47:16.417+0000] {logging_mixin.py:154} INFO - [2025-02-22T21:47:16.416+0000] {manager.py:499} INFO - Created Permission View: %s
[2025-02-22T21:47:16.423+0000] {logging_mixin.py:154} INFO - [2025-02-22T21:47:16.423+0000] {manager.py:499} INFO - Created Permission View: %s
[2025-02-22T21:47:16.435+0000] {logging_mixin.py:154} INFO - [2025-02-22T21:47:16.435+0000] {manager.py:499} INFO - Created Permission View: %s
[2025-02-22T21:47:16.440+0000] {logging_mixin.py:154} INFO - [2025-02-22T21:47:16.440+0000] {manager.py:499} INFO - Created Permission View: %s
[2025-02-22T21:47:16.448+0000] {logging_mixin.py:154} INFO - [2025-02-22T21:47:16.448+0000] {manager.py:499} INFO - Created Permission View: %s
[2025-02-22T21:47:16.448+0000] {logging_mixin.py:154} INFO - [2025-02-22T21:47:16.448+0000] {dag.py:2941} INFO - Sync 2 DAGs
[2025-02-22T21:47:16.462+0000] {logging_mixin.py:154} INFO - [2025-02-22T21:47:16.462+0000] {dag.py:2963} INFO - Creating ORM DAG for example_xcom_args_with_operators
[2025-02-22T21:47:16.463+0000] {logging_mixin.py:154} INFO - [2025-02-22T21:47:16.462+0000] {dag.py:2963} INFO - Creating ORM DAG for example_xcom_args
[2025-02-22T21:47:16.464+0000] {logging_mixin.py:154} INFO - [2025-02-22T21:47:16.464+0000] {dag.py:3722} INFO - Setting next_dagrun for example_xcom_args to None, run_after=None
[2025-02-22T21:47:16.465+0000] {logging_mixin.py:154} INFO - [2025-02-22T21:47:16.465+0000] {dag.py:3722} INFO - Setting next_dagrun for example_xcom_args_with_operators to None, run_after=None
[2025-02-22T21:47:16.485+0000] {processor.py:179} INFO - Processing /home/airflow/.local/lib/python3.10/site-packages/airflow/example_dags/example_xcomargs.py took 0.256 seconds
[2025-02-22T21:48:58.339+0000] {processor.py:157} INFO - Started process (PID=52) to work on /home/airflow/.local/lib/python3.10/site-packages/airflow/example_dags/example_xcomargs.py
[2025-02-22T21:48:58.343+0000] {processor.py:829} INFO - Processing file /home/airflow/.local/lib/python3.10/site-packages/airflow/example_dags/example_xcomargs.py for tasks to queue
[2025-02-22T21:48:58.347+0000] {logging_mixin.py:154} INFO - [2025-02-22T21:48:58.346+0000] {dagbag.py:536} INFO - Filling up the DagBag from /home/airflow/.local/lib/python3.10/site-packages/airflow/example_dags/example_xcomargs.py
[2025-02-22T21:48:58.358+0000] {processor.py:839} INFO - DAG(s) dict_keys(['example_xcom_args', 'example_xcom_args_with_operators']) retrieved from /home/airflow/.local/lib/python3.10/site-packages/airflow/example_dags/example_xcomargs.py
[2025-02-22T21:48:58.472+0000] {logging_mixin.py:154} INFO - [2025-02-22T21:48:58.471+0000] {dag.py:2941} INFO - Sync 2 DAGs
[2025-02-22T21:48:58.512+0000] {logging_mixin.py:154} INFO - [2025-02-22T21:48:58.511+0000] {dag.py:3722} INFO - Setting next_dagrun for example_xcom_args to None, run_after=None
[2025-02-22T21:48:58.518+0000] {logging_mixin.py:154} INFO - [2025-02-22T21:48:58.517+0000] {dag.py:3722} INFO - Setting next_dagrun for example_xcom_args_with_operators to None, run_after=None
[2025-02-22T21:48:58.554+0000] {processor.py:179} INFO - Processing /home/airflow/.local/lib/python3.10/site-packages/airflow/example_dags/example_xcomargs.py took 0.218 seconds
[2025-02-22T21:56:48.783+0000] {processor.py:157} INFO - Started process (PID=52) to work on /home/airflow/.local/lib/python3.10/site-packages/airflow/example_dags/example_xcomargs.py
[2025-02-22T21:56:48.786+0000] {processor.py:829} INFO - Processing file /home/airflow/.local/lib/python3.10/site-packages/airflow/example_dags/example_xcomargs.py for tasks to queue
[2025-02-22T21:56:48.788+0000] {logging_mixin.py:154} INFO - [2025-02-22T21:56:48.788+0000] {dagbag.py:536} INFO - Filling up the DagBag from /home/airflow/.local/lib/python3.10/site-packages/airflow/example_dags/example_xcomargs.py
[2025-02-22T21:56:48.802+0000] {processor.py:839} INFO - DAG(s) dict_keys(['example_xcom_args_with_operators', 'example_xcom_args']) retrieved from /home/airflow/.local/lib/python3.10/site-packages/airflow/example_dags/example_xcomargs.py
[2025-02-22T21:56:48.893+0000] {logging_mixin.py:154} INFO - [2025-02-22T21:56:48.892+0000] {dag.py:2941} INFO - Sync 2 DAGs
[2025-02-22T21:56:48.921+0000] {logging_mixin.py:154} INFO - [2025-02-22T21:56:48.920+0000] {dag.py:3722} INFO - Setting next_dagrun for example_xcom_args to None, run_after=None
[2025-02-22T21:56:48.925+0000] {logging_mixin.py:154} INFO - [2025-02-22T21:56:48.925+0000] {dag.py:3722} INFO - Setting next_dagrun for example_xcom_args_with_operators to None, run_after=None
[2025-02-22T21:56:48.955+0000] {processor.py:179} INFO - Processing /home/airflow/.local/lib/python3.10/site-packages/airflow/example_dags/example_xcomargs.py took 0.174 seconds
[2025-02-22T21:57:19.721+0000] {processor.py:157} INFO - Started process (PID=120) to work on /home/airflow/.local/lib/python3.10/site-packages/airflow/example_dags/example_xcomargs.py
[2025-02-22T21:57:19.724+0000] {processor.py:829} INFO - Processing file /home/airflow/.local/lib/python3.10/site-packages/airflow/example_dags/example_xcomargs.py for tasks to queue
[2025-02-22T21:57:19.729+0000] {logging_mixin.py:154} INFO - [2025-02-22T21:57:19.727+0000] {dagbag.py:536} INFO - Filling up the DagBag from /home/airflow/.local/lib/python3.10/site-packages/airflow/example_dags/example_xcomargs.py
[2025-02-22T21:57:19.740+0000] {processor.py:839} INFO - DAG(s) dict_keys(['example_xcom_args_with_operators', 'example_xcom_args']) retrieved from /home/airflow/.local/lib/python3.10/site-packages/airflow/example_dags/example_xcomargs.py
[2025-02-22T21:57:19.854+0000] {logging_mixin.py:154} INFO - [2025-02-22T21:57:19.853+0000] {dag.py:2941} INFO - Sync 2 DAGs
[2025-02-22T21:57:19.884+0000] {logging_mixin.py:154} INFO - [2025-02-22T21:57:19.884+0000] {dag.py:3722} INFO - Setting next_dagrun for example_xcom_args to None, run_after=None
[2025-02-22T21:57:19.889+0000] {logging_mixin.py:154} INFO - [2025-02-22T21:57:19.888+0000] {dag.py:3722} INFO - Setting next_dagrun for example_xcom_args_with_operators to None, run_after=None
[2025-02-22T21:57:19.912+0000] {processor.py:179} INFO - Processing /home/airflow/.local/lib/python3.10/site-packages/airflow/example_dags/example_xcomargs.py took 0.198 seconds
[2025-02-22T21:59:52.326+0000] {processor.py:157} INFO - Started process (PID=52) to work on /home/airflow/.local/lib/python3.10/site-packages/airflow/example_dags/example_xcomargs.py
[2025-02-22T21:59:52.328+0000] {processor.py:829} INFO - Processing file /home/airflow/.local/lib/python3.10/site-packages/airflow/example_dags/example_xcomargs.py for tasks to queue
[2025-02-22T21:59:52.333+0000] {logging_mixin.py:154} INFO - [2025-02-22T21:59:52.333+0000] {dagbag.py:536} INFO - Filling up the DagBag from /home/airflow/.local/lib/python3.10/site-packages/airflow/example_dags/example_xcomargs.py
[2025-02-22T21:59:52.368+0000] {processor.py:839} INFO - DAG(s) dict_keys(['example_xcom_args_with_operators', 'example_xcom_args']) retrieved from /home/airflow/.local/lib/python3.10/site-packages/airflow/example_dags/example_xcomargs.py
[2025-02-22T21:59:52.554+0000] {logging_mixin.py:154} INFO - [2025-02-22T21:59:52.554+0000] {dag.py:2941} INFO - Sync 2 DAGs
[2025-02-22T21:59:52.597+0000] {logging_mixin.py:154} INFO - [2025-02-22T21:59:52.597+0000] {dag.py:3722} INFO - Setting next_dagrun for example_xcom_args to None, run_after=None
[2025-02-22T21:59:52.602+0000] {logging_mixin.py:154} INFO - [2025-02-22T21:59:52.602+0000] {dag.py:3722} INFO - Setting next_dagrun for example_xcom_args_with_operators to None, run_after=None
[2025-02-22T21:59:52.646+0000] {processor.py:179} INFO - Processing /home/airflow/.local/lib/python3.10/site-packages/airflow/example_dags/example_xcomargs.py took 0.324 seconds
[2025-02-22T22:00:23.533+0000] {processor.py:157} INFO - Started process (PID=120) to work on /home/airflow/.local/lib/python3.10/site-packages/airflow/example_dags/example_xcomargs.py
[2025-02-22T22:00:23.534+0000] {processor.py:829} INFO - Processing file /home/airflow/.local/lib/python3.10/site-packages/airflow/example_dags/example_xcomargs.py for tasks to queue
[2025-02-22T22:00:23.536+0000] {logging_mixin.py:154} INFO - [2025-02-22T22:00:23.535+0000] {dagbag.py:536} INFO - Filling up the DagBag from /home/airflow/.local/lib/python3.10/site-packages/airflow/example_dags/example_xcomargs.py
[2025-02-22T22:00:23.543+0000] {processor.py:839} INFO - DAG(s) dict_keys(['example_xcom_args_with_operators', 'example_xcom_args']) retrieved from /home/airflow/.local/lib/python3.10/site-packages/airflow/example_dags/example_xcomargs.py
[2025-02-22T22:00:23.608+0000] {logging_mixin.py:154} INFO - [2025-02-22T22:00:23.608+0000] {dag.py:2941} INFO - Sync 2 DAGs
[2025-02-22T22:00:23.624+0000] {logging_mixin.py:154} INFO - [2025-02-22T22:00:23.623+0000] {dag.py:3722} INFO - Setting next_dagrun for example_xcom_args to None, run_after=None
[2025-02-22T22:00:23.626+0000] {logging_mixin.py:154} INFO - [2025-02-22T22:00:23.626+0000] {dag.py:3722} INFO - Setting next_dagrun for example_xcom_args_with_operators to None, run_after=None
[2025-02-22T22:00:23.644+0000] {processor.py:179} INFO - Processing /home/airflow/.local/lib/python3.10/site-packages/airflow/example_dags/example_xcomargs.py took 0.113 seconds
[2025-02-22T22:00:53.744+0000] {processor.py:157} INFO - Started process (PID=181) to work on /home/airflow/.local/lib/python3.10/site-packages/airflow/example_dags/example_xcomargs.py
[2025-02-22T22:00:53.745+0000] {processor.py:829} INFO - Processing file /home/airflow/.local/lib/python3.10/site-packages/airflow/example_dags/example_xcomargs.py for tasks to queue
[2025-02-22T22:00:53.748+0000] {logging_mixin.py:154} INFO - [2025-02-22T22:00:53.747+0000] {dagbag.py:536} INFO - Filling up the DagBag from /home/airflow/.local/lib/python3.10/site-packages/airflow/example_dags/example_xcomargs.py
[2025-02-22T22:00:53.758+0000] {processor.py:839} INFO - DAG(s) dict_keys(['example_xcom_args_with_operators', 'example_xcom_args']) retrieved from /home/airflow/.local/lib/python3.10/site-packages/airflow/example_dags/example_xcomargs.py
[2025-02-22T22:00:53.831+0000] {logging_mixin.py:154} INFO - [2025-02-22T22:00:53.831+0000] {dag.py:2941} INFO - Sync 2 DAGs
[2025-02-22T22:00:53.847+0000] {logging_mixin.py:154} INFO - [2025-02-22T22:00:53.847+0000] {dag.py:3722} INFO - Setting next_dagrun for example_xcom_args to None, run_after=None
[2025-02-22T22:00:53.850+0000] {logging_mixin.py:154} INFO - [2025-02-22T22:00:53.850+0000] {dag.py:3722} INFO - Setting next_dagrun for example_xcom_args_with_operators to None, run_after=None
[2025-02-22T22:00:53.868+0000] {processor.py:179} INFO - Processing /home/airflow/.local/lib/python3.10/site-packages/airflow/example_dags/example_xcomargs.py took 0.127 seconds
[2025-02-22T22:01:24.223+0000] {processor.py:157} INFO - Started process (PID=249) to work on /home/airflow/.local/lib/python3.10/site-packages/airflow/example_dags/example_xcomargs.py
[2025-02-22T22:01:24.224+0000] {processor.py:829} INFO - Processing file /home/airflow/.local/lib/python3.10/site-packages/airflow/example_dags/example_xcomargs.py for tasks to queue
[2025-02-22T22:01:24.227+0000] {logging_mixin.py:154} INFO - [2025-02-22T22:01:24.226+0000] {dagbag.py:536} INFO - Filling up the DagBag from /home/airflow/.local/lib/python3.10/site-packages/airflow/example_dags/example_xcomargs.py
[2025-02-22T22:01:24.238+0000] {processor.py:839} INFO - DAG(s) dict_keys(['example_xcom_args', 'example_xcom_args_with_operators']) retrieved from /home/airflow/.local/lib/python3.10/site-packages/airflow/example_dags/example_xcomargs.py
[2025-02-22T22:01:24.311+0000] {logging_mixin.py:154} INFO - [2025-02-22T22:01:24.311+0000] {dag.py:2941} INFO - Sync 2 DAGs
[2025-02-22T22:01:24.327+0000] {logging_mixin.py:154} INFO - [2025-02-22T22:01:24.327+0000] {dag.py:3722} INFO - Setting next_dagrun for example_xcom_args to None, run_after=None
[2025-02-22T22:01:24.329+0000] {logging_mixin.py:154} INFO - [2025-02-22T22:01:24.329+0000] {dag.py:3722} INFO - Setting next_dagrun for example_xcom_args_with_operators to None, run_after=None
[2025-02-22T22:01:24.347+0000] {processor.py:179} INFO - Processing /home/airflow/.local/lib/python3.10/site-packages/airflow/example_dags/example_xcomargs.py took 0.129 seconds
[2025-02-22T22:01:54.850+0000] {processor.py:157} INFO - Started process (PID=309) to work on /home/airflow/.local/lib/python3.10/site-packages/airflow/example_dags/example_xcomargs.py
[2025-02-22T22:01:54.852+0000] {processor.py:829} INFO - Processing file /home/airflow/.local/lib/python3.10/site-packages/airflow/example_dags/example_xcomargs.py for tasks to queue
[2025-02-22T22:01:54.853+0000] {logging_mixin.py:154} INFO - [2025-02-22T22:01:54.853+0000] {dagbag.py:536} INFO - Filling up the DagBag from /home/airflow/.local/lib/python3.10/site-packages/airflow/example_dags/example_xcomargs.py
[2025-02-22T22:01:54.860+0000] {processor.py:839} INFO - DAG(s) dict_keys(['example_xcom_args', 'example_xcom_args_with_operators']) retrieved from /home/airflow/.local/lib/python3.10/site-packages/airflow/example_dags/example_xcomargs.py
[2025-02-22T22:01:54.927+0000] {logging_mixin.py:154} INFO - [2025-02-22T22:01:54.927+0000] {dag.py:2941} INFO - Sync 2 DAGs
[2025-02-22T22:01:54.944+0000] {logging_mixin.py:154} INFO - [2025-02-22T22:01:54.944+0000] {dag.py:3722} INFO - Setting next_dagrun for example_xcom_args to None, run_after=None
[2025-02-22T22:01:54.946+0000] {logging_mixin.py:154} INFO - [2025-02-22T22:01:54.946+0000] {dag.py:3722} INFO - Setting next_dagrun for example_xcom_args_with_operators to None, run_after=None
[2025-02-22T22:01:54.964+0000] {processor.py:179} INFO - Processing /home/airflow/.local/lib/python3.10/site-packages/airflow/example_dags/example_xcomargs.py took 0.116 seconds
[2025-02-22T22:02:25.720+0000] {processor.py:157} INFO - Started process (PID=376) to work on /home/airflow/.local/lib/python3.10/site-packages/airflow/example_dags/example_xcomargs.py
[2025-02-22T22:02:25.721+0000] {processor.py:829} INFO - Processing file /home/airflow/.local/lib/python3.10/site-packages/airflow/example_dags/example_xcomargs.py for tasks to queue
[2025-02-22T22:02:25.723+0000] {logging_mixin.py:154} INFO - [2025-02-22T22:02:25.722+0000] {dagbag.py:536} INFO - Filling up the DagBag from /home/airflow/.local/lib/python3.10/site-packages/airflow/example_dags/example_xcomargs.py
[2025-02-22T22:02:25.734+0000] {processor.py:839} INFO - DAG(s) dict_keys(['example_xcom_args', 'example_xcom_args_with_operators']) retrieved from /home/airflow/.local/lib/python3.10/site-packages/airflow/example_dags/example_xcomargs.py
[2025-02-22T22:02:25.807+0000] {logging_mixin.py:154} INFO - [2025-02-22T22:02:25.807+0000] {dag.py:2941} INFO - Sync 2 DAGs
[2025-02-22T22:02:25.824+0000] {logging_mixin.py:154} INFO - [2025-02-22T22:02:25.824+0000] {dag.py:3722} INFO - Setting next_dagrun for example_xcom_args to None, run_after=None
[2025-02-22T22:02:25.827+0000] {logging_mixin.py:154} INFO - [2025-02-22T22:02:25.826+0000] {dag.py:3722} INFO - Setting next_dagrun for example_xcom_args_with_operators to None, run_after=None
[2025-02-22T22:02:25.845+0000] {processor.py:179} INFO - Processing /home/airflow/.local/lib/python3.10/site-packages/airflow/example_dags/example_xcomargs.py took 0.128 seconds
[2025-02-22T22:02:56.393+0000] {processor.py:157} INFO - Started process (PID=437) to work on /home/airflow/.local/lib/python3.10/site-packages/airflow/example_dags/example_xcomargs.py
[2025-02-22T22:02:56.394+0000] {processor.py:829} INFO - Processing file /home/airflow/.local/lib/python3.10/site-packages/airflow/example_dags/example_xcomargs.py for tasks to queue
[2025-02-22T22:02:56.395+0000] {logging_mixin.py:154} INFO - [2025-02-22T22:02:56.395+0000] {dagbag.py:536} INFO - Filling up the DagBag from /home/airflow/.local/lib/python3.10/site-packages/airflow/example_dags/example_xcomargs.py
[2025-02-22T22:02:56.402+0000] {processor.py:839} INFO - DAG(s) dict_keys(['example_xcom_args', 'example_xcom_args_with_operators']) retrieved from /home/airflow/.local/lib/python3.10/site-packages/airflow/example_dags/example_xcomargs.py
[2025-02-22T22:02:56.471+0000] {logging_mixin.py:154} INFO - [2025-02-22T22:02:56.470+0000] {dag.py:2941} INFO - Sync 2 DAGs
[2025-02-22T22:02:56.494+0000] {logging_mixin.py:154} INFO - [2025-02-22T22:02:56.494+0000] {dag.py:3722} INFO - Setting next_dagrun for example_xcom_args to None, run_after=None
[2025-02-22T22:02:56.498+0000] {logging_mixin.py:154} INFO - [2025-02-22T22:02:56.498+0000] {dag.py:3722} INFO - Setting next_dagrun for example_xcom_args_with_operators to None, run_after=None
[2025-02-22T22:02:56.524+0000] {processor.py:179} INFO - Processing /home/airflow/.local/lib/python3.10/site-packages/airflow/example_dags/example_xcomargs.py took 0.133 seconds
[2025-02-22T22:03:41.174+0000] {processor.py:157} INFO - Started process (PID=53) to work on /home/airflow/.local/lib/python3.10/site-packages/airflow/example_dags/example_xcomargs.py
[2025-02-22T22:03:41.182+0000] {processor.py:829} INFO - Processing file /home/airflow/.local/lib/python3.10/site-packages/airflow/example_dags/example_xcomargs.py for tasks to queue
[2025-02-22T22:03:41.196+0000] {logging_mixin.py:154} INFO - [2025-02-22T22:03:41.193+0000] {dagbag.py:536} INFO - Filling up the DagBag from /home/airflow/.local/lib/python3.10/site-packages/airflow/example_dags/example_xcomargs.py
[2025-02-22T22:03:41.223+0000] {processor.py:839} INFO - DAG(s) dict_keys(['example_xcom_args_with_operators', 'example_xcom_args']) retrieved from /home/airflow/.local/lib/python3.10/site-packages/airflow/example_dags/example_xcomargs.py
[2025-02-22T22:03:41.481+0000] {logging_mixin.py:154} INFO - [2025-02-22T22:03:41.480+0000] {dag.py:2941} INFO - Sync 2 DAGs
[2025-02-22T22:03:41.543+0000] {logging_mixin.py:154} INFO - [2025-02-22T22:03:41.543+0000] {dag.py:3722} INFO - Setting next_dagrun for example_xcom_args to None, run_after=None
[2025-02-22T22:03:41.553+0000] {logging_mixin.py:154} INFO - [2025-02-22T22:03:41.552+0000] {dag.py:3722} INFO - Setting next_dagrun for example_xcom_args_with_operators to None, run_after=None
[2025-02-22T22:03:41.640+0000] {processor.py:179} INFO - Processing /home/airflow/.local/lib/python3.10/site-packages/airflow/example_dags/example_xcomargs.py took 0.490 seconds
[2025-02-22T22:04:12.012+0000] {processor.py:157} INFO - Started process (PID=121) to work on /home/airflow/.local/lib/python3.10/site-packages/airflow/example_dags/example_xcomargs.py
[2025-02-22T22:04:12.014+0000] {processor.py:829} INFO - Processing file /home/airflow/.local/lib/python3.10/site-packages/airflow/example_dags/example_xcomargs.py for tasks to queue
[2025-02-22T22:04:12.019+0000] {logging_mixin.py:154} INFO - [2025-02-22T22:04:12.019+0000] {dagbag.py:536} INFO - Filling up the DagBag from /home/airflow/.local/lib/python3.10/site-packages/airflow/example_dags/example_xcomargs.py
[2025-02-22T22:04:12.028+0000] {processor.py:839} INFO - DAG(s) dict_keys(['example_xcom_args', 'example_xcom_args_with_operators']) retrieved from /home/airflow/.local/lib/python3.10/site-packages/airflow/example_dags/example_xcomargs.py
[2025-02-22T22:04:12.136+0000] {logging_mixin.py:154} INFO - [2025-02-22T22:04:12.136+0000] {dag.py:2941} INFO - Sync 2 DAGs
[2025-02-22T22:04:12.155+0000] {logging_mixin.py:154} INFO - [2025-02-22T22:04:12.155+0000] {dag.py:3722} INFO - Setting next_dagrun for example_xcom_args to None, run_after=None
[2025-02-22T22:04:12.161+0000] {logging_mixin.py:154} INFO - [2025-02-22T22:04:12.160+0000] {dag.py:3722} INFO - Setting next_dagrun for example_xcom_args_with_operators to None, run_after=None
[2025-02-22T22:04:12.187+0000] {processor.py:179} INFO - Processing /home/airflow/.local/lib/python3.10/site-packages/airflow/example_dags/example_xcomargs.py took 0.178 seconds
[2025-02-22T22:04:42.260+0000] {processor.py:157} INFO - Started process (PID=182) to work on /home/airflow/.local/lib/python3.10/site-packages/airflow/example_dags/example_xcomargs.py
[2025-02-22T22:04:42.261+0000] {processor.py:829} INFO - Processing file /home/airflow/.local/lib/python3.10/site-packages/airflow/example_dags/example_xcomargs.py for tasks to queue
[2025-02-22T22:04:42.262+0000] {logging_mixin.py:154} INFO - [2025-02-22T22:04:42.262+0000] {dagbag.py:536} INFO - Filling up the DagBag from /home/airflow/.local/lib/python3.10/site-packages/airflow/example_dags/example_xcomargs.py
[2025-02-22T22:04:42.269+0000] {processor.py:839} INFO - DAG(s) dict_keys(['example_xcom_args_with_operators', 'example_xcom_args']) retrieved from /home/airflow/.local/lib/python3.10/site-packages/airflow/example_dags/example_xcomargs.py
[2025-02-22T22:04:42.335+0000] {logging_mixin.py:154} INFO - [2025-02-22T22:04:42.335+0000] {dag.py:2941} INFO - Sync 2 DAGs
[2025-02-22T22:04:42.351+0000] {logging_mixin.py:154} INFO - [2025-02-22T22:04:42.351+0000] {dag.py:3722} INFO - Setting next_dagrun for example_xcom_args to None, run_after=None
[2025-02-22T22:04:42.354+0000] {logging_mixin.py:154} INFO - [2025-02-22T22:04:42.353+0000] {dag.py:3722} INFO - Setting next_dagrun for example_xcom_args_with_operators to None, run_after=None
[2025-02-22T22:04:42.374+0000] {processor.py:179} INFO - Processing /home/airflow/.local/lib/python3.10/site-packages/airflow/example_dags/example_xcomargs.py took 0.116 seconds
[2025-02-22T22:05:13.022+0000] {processor.py:157} INFO - Started process (PID=250) to work on /home/airflow/.local/lib/python3.10/site-packages/airflow/example_dags/example_xcomargs.py
[2025-02-22T22:05:13.023+0000] {processor.py:829} INFO - Processing file /home/airflow/.local/lib/python3.10/site-packages/airflow/example_dags/example_xcomargs.py for tasks to queue
[2025-02-22T22:05:13.024+0000] {logging_mixin.py:154} INFO - [2025-02-22T22:05:13.024+0000] {dagbag.py:536} INFO - Filling up the DagBag from /home/airflow/.local/lib/python3.10/site-packages/airflow/example_dags/example_xcomargs.py
[2025-02-22T22:05:13.031+0000] {processor.py:839} INFO - DAG(s) dict_keys(['example_xcom_args_with_operators', 'example_xcom_args']) retrieved from /home/airflow/.local/lib/python3.10/site-packages/airflow/example_dags/example_xcomargs.py
[2025-02-22T22:05:13.098+0000] {logging_mixin.py:154} INFO - [2025-02-22T22:05:13.098+0000] {dag.py:2941} INFO - Sync 2 DAGs
[2025-02-22T22:05:13.114+0000] {logging_mixin.py:154} INFO - [2025-02-22T22:05:13.113+0000] {dag.py:3722} INFO - Setting next_dagrun for example_xcom_args to None, run_after=None
[2025-02-22T22:05:13.116+0000] {logging_mixin.py:154} INFO - [2025-02-22T22:05:13.116+0000] {dag.py:3722} INFO - Setting next_dagrun for example_xcom_args_with_operators to None, run_after=None
[2025-02-22T22:05:13.132+0000] {processor.py:179} INFO - Processing /home/airflow/.local/lib/python3.10/site-packages/airflow/example_dags/example_xcomargs.py took 0.112 seconds
[2025-02-22T22:05:43.550+0000] {processor.py:157} INFO - Started process (PID=311) to work on /home/airflow/.local/lib/python3.10/site-packages/airflow/example_dags/example_xcomargs.py
[2025-02-22T22:05:43.551+0000] {processor.py:829} INFO - Processing file /home/airflow/.local/lib/python3.10/site-packages/airflow/example_dags/example_xcomargs.py for tasks to queue
[2025-02-22T22:05:43.552+0000] {logging_mixin.py:154} INFO - [2025-02-22T22:05:43.552+0000] {dagbag.py:536} INFO - Filling up the DagBag from /home/airflow/.local/lib/python3.10/site-packages/airflow/example_dags/example_xcomargs.py
[2025-02-22T22:05:43.559+0000] {processor.py:839} INFO - DAG(s) dict_keys(['example_xcom_args', 'example_xcom_args_with_operators']) retrieved from /home/airflow/.local/lib/python3.10/site-packages/airflow/example_dags/example_xcomargs.py
[2025-02-22T22:05:43.628+0000] {logging_mixin.py:154} INFO - [2025-02-22T22:05:43.628+0000] {dag.py:2941} INFO - Sync 2 DAGs
[2025-02-22T22:05:43.644+0000] {logging_mixin.py:154} INFO - [2025-02-22T22:05:43.644+0000] {dag.py:3722} INFO - Setting next_dagrun for example_xcom_args to None, run_after=None
[2025-02-22T22:05:43.646+0000] {logging_mixin.py:154} INFO - [2025-02-22T22:05:43.646+0000] {dag.py:3722} INFO - Setting next_dagrun for example_xcom_args_with_operators to None, run_after=None
[2025-02-22T22:05:43.664+0000] {processor.py:179} INFO - Processing /home/airflow/.local/lib/python3.10/site-packages/airflow/example_dags/example_xcomargs.py took 0.115 seconds
[2025-02-22T22:06:13.991+0000] {processor.py:157} INFO - Started process (PID=379) to work on /home/airflow/.local/lib/python3.10/site-packages/airflow/example_dags/example_xcomargs.py
[2025-02-22T22:06:13.993+0000] {processor.py:829} INFO - Processing file /home/airflow/.local/lib/python3.10/site-packages/airflow/example_dags/example_xcomargs.py for tasks to queue
[2025-02-22T22:06:13.995+0000] {logging_mixin.py:154} INFO - [2025-02-22T22:06:13.994+0000] {dagbag.py:536} INFO - Filling up the DagBag from /home/airflow/.local/lib/python3.10/site-packages/airflow/example_dags/example_xcomargs.py
[2025-02-22T22:06:14.003+0000] {processor.py:839} INFO - DAG(s) dict_keys(['example_xcom_args', 'example_xcom_args_with_operators']) retrieved from /home/airflow/.local/lib/python3.10/site-packages/airflow/example_dags/example_xcomargs.py
[2025-02-22T22:06:14.074+0000] {logging_mixin.py:154} INFO - [2025-02-22T22:06:14.074+0000] {dag.py:2941} INFO - Sync 2 DAGs
[2025-02-22T22:06:14.092+0000] {logging_mixin.py:154} INFO - [2025-02-22T22:06:14.092+0000] {dag.py:3722} INFO - Setting next_dagrun for example_xcom_args to None, run_after=None
[2025-02-22T22:06:14.095+0000] {logging_mixin.py:154} INFO - [2025-02-22T22:06:14.095+0000] {dag.py:3722} INFO - Setting next_dagrun for example_xcom_args_with_operators to None, run_after=None
[2025-02-22T22:06:14.113+0000] {processor.py:179} INFO - Processing /home/airflow/.local/lib/python3.10/site-packages/airflow/example_dags/example_xcomargs.py took 0.124 seconds
[2025-02-22T22:06:44.575+0000] {processor.py:157} INFO - Started process (PID=440) to work on /home/airflow/.local/lib/python3.10/site-packages/airflow/example_dags/example_xcomargs.py
[2025-02-22T22:06:44.576+0000] {processor.py:829} INFO - Processing file /home/airflow/.local/lib/python3.10/site-packages/airflow/example_dags/example_xcomargs.py for tasks to queue
[2025-02-22T22:06:44.578+0000] {logging_mixin.py:154} INFO - [2025-02-22T22:06:44.577+0000] {dagbag.py:536} INFO - Filling up the DagBag from /home/airflow/.local/lib/python3.10/site-packages/airflow/example_dags/example_xcomargs.py
[2025-02-22T22:06:44.585+0000] {processor.py:839} INFO - DAG(s) dict_keys(['example_xcom_args', 'example_xcom_args_with_operators']) retrieved from /home/airflow/.local/lib/python3.10/site-packages/airflow/example_dags/example_xcomargs.py
[2025-02-22T22:06:44.657+0000] {logging_mixin.py:154} INFO - [2025-02-22T22:06:44.657+0000] {dag.py:2941} INFO - Sync 2 DAGs
[2025-02-22T22:06:44.676+0000] {logging_mixin.py:154} INFO - [2025-02-22T22:06:44.675+0000] {dag.py:3722} INFO - Setting next_dagrun for example_xcom_args to None, run_after=None
[2025-02-22T22:06:44.678+0000] {logging_mixin.py:154} INFO - [2025-02-22T22:06:44.678+0000] {dag.py:3722} INFO - Setting next_dagrun for example_xcom_args_with_operators to None, run_after=None
[2025-02-22T22:06:44.697+0000] {processor.py:179} INFO - Processing /home/airflow/.local/lib/python3.10/site-packages/airflow/example_dags/example_xcomargs.py took 0.125 seconds
[2025-02-22T22:07:15.031+0000] {processor.py:157} INFO - Started process (PID=508) to work on /home/airflow/.local/lib/python3.10/site-packages/airflow/example_dags/example_xcomargs.py
[2025-02-22T22:07:15.033+0000] {processor.py:829} INFO - Processing file /home/airflow/.local/lib/python3.10/site-packages/airflow/example_dags/example_xcomargs.py for tasks to queue
[2025-02-22T22:07:15.034+0000] {logging_mixin.py:154} INFO - [2025-02-22T22:07:15.034+0000] {dagbag.py:536} INFO - Filling up the DagBag from /home/airflow/.local/lib/python3.10/site-packages/airflow/example_dags/example_xcomargs.py
[2025-02-22T22:07:15.044+0000] {processor.py:839} INFO - DAG(s) dict_keys(['example_xcom_args_with_operators', 'example_xcom_args']) retrieved from /home/airflow/.local/lib/python3.10/site-packages/airflow/example_dags/example_xcomargs.py
[2025-02-22T22:07:15.114+0000] {logging_mixin.py:154} INFO - [2025-02-22T22:07:15.114+0000] {dag.py:2941} INFO - Sync 2 DAGs
[2025-02-22T22:07:15.130+0000] {logging_mixin.py:154} INFO - [2025-02-22T22:07:15.130+0000] {dag.py:3722} INFO - Setting next_dagrun for example_xcom_args to None, run_after=None
[2025-02-22T22:07:15.133+0000] {logging_mixin.py:154} INFO - [2025-02-22T22:07:15.133+0000] {dag.py:3722} INFO - Setting next_dagrun for example_xcom_args_with_operators to None, run_after=None
[2025-02-22T22:07:15.151+0000] {processor.py:179} INFO - Processing /home/airflow/.local/lib/python3.10/site-packages/airflow/example_dags/example_xcomargs.py took 0.123 seconds
[2025-02-22T22:07:45.446+0000] {processor.py:157} INFO - Started process (PID=569) to work on /home/airflow/.local/lib/python3.10/site-packages/airflow/example_dags/example_xcomargs.py
[2025-02-22T22:07:45.448+0000] {processor.py:829} INFO - Processing file /home/airflow/.local/lib/python3.10/site-packages/airflow/example_dags/example_xcomargs.py for tasks to queue
[2025-02-22T22:07:45.450+0000] {logging_mixin.py:154} INFO - [2025-02-22T22:07:45.449+0000] {dagbag.py:536} INFO - Filling up the DagBag from /home/airflow/.local/lib/python3.10/site-packages/airflow/example_dags/example_xcomargs.py
[2025-02-22T22:07:45.459+0000] {processor.py:839} INFO - DAG(s) dict_keys(['example_xcom_args_with_operators', 'example_xcom_args']) retrieved from /home/airflow/.local/lib/python3.10/site-packages/airflow/example_dags/example_xcomargs.py
[2025-02-22T22:07:45.542+0000] {logging_mixin.py:154} INFO - [2025-02-22T22:07:45.542+0000] {dag.py:2941} INFO - Sync 2 DAGs
[2025-02-22T22:07:45.699+0000] {logging_mixin.py:154} INFO - [2025-02-22T22:07:45.699+0000] {dag.py:3722} INFO - Setting next_dagrun for example_xcom_args to None, run_after=None
[2025-02-22T22:07:45.703+0000] {logging_mixin.py:154} INFO - [2025-02-22T22:07:45.703+0000] {dag.py:3722} INFO - Setting next_dagrun for example_xcom_args_with_operators to None, run_after=None
[2025-02-22T22:07:45.734+0000] {processor.py:179} INFO - Processing /home/airflow/.local/lib/python3.10/site-packages/airflow/example_dags/example_xcomargs.py took 0.290 seconds
[2025-02-22T22:08:35.642+0000] {processor.py:157} INFO - Started process (PID=51) to work on /home/airflow/.local/lib/python3.10/site-packages/airflow/example_dags/example_xcomargs.py
[2025-02-22T22:08:35.647+0000] {processor.py:829} INFO - Processing file /home/airflow/.local/lib/python3.10/site-packages/airflow/example_dags/example_xcomargs.py for tasks to queue
[2025-02-22T22:08:35.658+0000] {logging_mixin.py:154} INFO - [2025-02-22T22:08:35.656+0000] {dagbag.py:536} INFO - Filling up the DagBag from /home/airflow/.local/lib/python3.10/site-packages/airflow/example_dags/example_xcomargs.py
[2025-02-22T22:08:35.702+0000] {processor.py:839} INFO - DAG(s) dict_keys(['example_xcom_args_with_operators', 'example_xcom_args']) retrieved from /home/airflow/.local/lib/python3.10/site-packages/airflow/example_dags/example_xcomargs.py
[2025-02-22T22:08:35.804+0000] {logging_mixin.py:154} INFO - [2025-02-22T22:08:35.803+0000] {dag.py:2941} INFO - Sync 2 DAGs
[2025-02-22T22:08:35.841+0000] {logging_mixin.py:154} INFO - [2025-02-22T22:08:35.841+0000] {dag.py:3722} INFO - Setting next_dagrun for example_xcom_args to None, run_after=None
[2025-02-22T22:08:35.846+0000] {logging_mixin.py:154} INFO - [2025-02-22T22:08:35.846+0000] {dag.py:3722} INFO - Setting next_dagrun for example_xcom_args_with_operators to None, run_after=None
[2025-02-22T22:08:35.897+0000] {processor.py:179} INFO - Processing /home/airflow/.local/lib/python3.10/site-packages/airflow/example_dags/example_xcomargs.py took 0.262 seconds
[2025-02-22T22:09:06.066+0000] {processor.py:157} INFO - Started process (PID=119) to work on /home/airflow/.local/lib/python3.10/site-packages/airflow/example_dags/example_xcomargs.py
[2025-02-22T22:09:06.067+0000] {processor.py:829} INFO - Processing file /home/airflow/.local/lib/python3.10/site-packages/airflow/example_dags/example_xcomargs.py for tasks to queue
[2025-02-22T22:09:06.069+0000] {logging_mixin.py:154} INFO - [2025-02-22T22:09:06.069+0000] {dagbag.py:536} INFO - Filling up the DagBag from /home/airflow/.local/lib/python3.10/site-packages/airflow/example_dags/example_xcomargs.py
[2025-02-22T22:09:06.075+0000] {processor.py:839} INFO - DAG(s) dict_keys(['example_xcom_args_with_operators', 'example_xcom_args']) retrieved from /home/airflow/.local/lib/python3.10/site-packages/airflow/example_dags/example_xcomargs.py
[2025-02-22T22:09:06.142+0000] {logging_mixin.py:154} INFO - [2025-02-22T22:09:06.142+0000] {dag.py:2941} INFO - Sync 2 DAGs
[2025-02-22T22:09:06.157+0000] {logging_mixin.py:154} INFO - [2025-02-22T22:09:06.157+0000] {dag.py:3722} INFO - Setting next_dagrun for example_xcom_args to None, run_after=None
[2025-02-22T22:09:06.159+0000] {logging_mixin.py:154} INFO - [2025-02-22T22:09:06.159+0000] {dag.py:3722} INFO - Setting next_dagrun for example_xcom_args_with_operators to None, run_after=None
[2025-02-22T22:09:06.175+0000] {processor.py:179} INFO - Processing /home/airflow/.local/lib/python3.10/site-packages/airflow/example_dags/example_xcomargs.py took 0.111 seconds
[2025-02-22T22:09:36.358+0000] {processor.py:157} INFO - Started process (PID=179) to work on /home/airflow/.local/lib/python3.10/site-packages/airflow/example_dags/example_xcomargs.py
[2025-02-22T22:09:36.359+0000] {processor.py:829} INFO - Processing file /home/airflow/.local/lib/python3.10/site-packages/airflow/example_dags/example_xcomargs.py for tasks to queue
[2025-02-22T22:09:36.360+0000] {logging_mixin.py:154} INFO - [2025-02-22T22:09:36.360+0000] {dagbag.py:536} INFO - Filling up the DagBag from /home/airflow/.local/lib/python3.10/site-packages/airflow/example_dags/example_xcomargs.py
[2025-02-22T22:09:36.368+0000] {processor.py:839} INFO - DAG(s) dict_keys(['example_xcom_args_with_operators', 'example_xcom_args']) retrieved from /home/airflow/.local/lib/python3.10/site-packages/airflow/example_dags/example_xcomargs.py
[2025-02-22T22:09:36.433+0000] {logging_mixin.py:154} INFO - [2025-02-22T22:09:36.433+0000] {dag.py:2941} INFO - Sync 2 DAGs
[2025-02-22T22:09:36.449+0000] {logging_mixin.py:154} INFO - [2025-02-22T22:09:36.449+0000] {dag.py:3722} INFO - Setting next_dagrun for example_xcom_args to None, run_after=None
[2025-02-22T22:09:36.451+0000] {logging_mixin.py:154} INFO - [2025-02-22T22:09:36.451+0000] {dag.py:3722} INFO - Setting next_dagrun for example_xcom_args_with_operators to None, run_after=None
[2025-02-22T22:09:36.466+0000] {processor.py:179} INFO - Processing /home/airflow/.local/lib/python3.10/site-packages/airflow/example_dags/example_xcomargs.py took 0.111 seconds
[2025-02-22T22:10:07.391+0000] {processor.py:157} INFO - Started process (PID=247) to work on /home/airflow/.local/lib/python3.10/site-packages/airflow/example_dags/example_xcomargs.py
[2025-02-22T22:10:07.395+0000] {processor.py:829} INFO - Processing file /home/airflow/.local/lib/python3.10/site-packages/airflow/example_dags/example_xcomargs.py for tasks to queue
[2025-02-22T22:10:07.397+0000] {logging_mixin.py:154} INFO - [2025-02-22T22:10:07.396+0000] {dagbag.py:536} INFO - Filling up the DagBag from /home/airflow/.local/lib/python3.10/site-packages/airflow/example_dags/example_xcomargs.py
[2025-02-22T22:10:07.409+0000] {processor.py:839} INFO - DAG(s) dict_keys(['example_xcom_args', 'example_xcom_args_with_operators']) retrieved from /home/airflow/.local/lib/python3.10/site-packages/airflow/example_dags/example_xcomargs.py
[2025-02-22T22:10:07.512+0000] {logging_mixin.py:154} INFO - [2025-02-22T22:10:07.512+0000] {dag.py:2941} INFO - Sync 2 DAGs
[2025-02-22T22:10:07.532+0000] {logging_mixin.py:154} INFO - [2025-02-22T22:10:07.532+0000] {dag.py:3722} INFO - Setting next_dagrun for example_xcom_args to None, run_after=None
[2025-02-22T22:10:07.536+0000] {logging_mixin.py:154} INFO - [2025-02-22T22:10:07.536+0000] {dag.py:3722} INFO - Setting next_dagrun for example_xcom_args_with_operators to None, run_after=None
[2025-02-22T22:10:07.556+0000] {processor.py:179} INFO - Processing /home/airflow/.local/lib/python3.10/site-packages/airflow/example_dags/example_xcomargs.py took 0.170 seconds
[2025-02-22T22:10:37.750+0000] {processor.py:157} INFO - Started process (PID=308) to work on /home/airflow/.local/lib/python3.10/site-packages/airflow/example_dags/example_xcomargs.py
[2025-02-22T22:10:37.751+0000] {processor.py:829} INFO - Processing file /home/airflow/.local/lib/python3.10/site-packages/airflow/example_dags/example_xcomargs.py for tasks to queue
[2025-02-22T22:10:37.753+0000] {logging_mixin.py:154} INFO - [2025-02-22T22:10:37.753+0000] {dagbag.py:536} INFO - Filling up the DagBag from /home/airflow/.local/lib/python3.10/site-packages/airflow/example_dags/example_xcomargs.py
[2025-02-22T22:10:37.761+0000] {processor.py:839} INFO - DAG(s) dict_keys(['example_xcom_args', 'example_xcom_args_with_operators']) retrieved from /home/airflow/.local/lib/python3.10/site-packages/airflow/example_dags/example_xcomargs.py
[2025-02-22T22:10:37.833+0000] {logging_mixin.py:154} INFO - [2025-02-22T22:10:37.833+0000] {dag.py:2941} INFO - Sync 2 DAGs
[2025-02-22T22:10:37.849+0000] {logging_mixin.py:154} INFO - [2025-02-22T22:10:37.849+0000] {dag.py:3722} INFO - Setting next_dagrun for example_xcom_args to None, run_after=None
[2025-02-22T22:10:37.852+0000] {logging_mixin.py:154} INFO - [2025-02-22T22:10:37.852+0000] {dag.py:3722} INFO - Setting next_dagrun for example_xcom_args_with_operators to None, run_after=None
[2025-02-22T22:10:37.868+0000] {processor.py:179} INFO - Processing /home/airflow/.local/lib/python3.10/site-packages/airflow/example_dags/example_xcomargs.py took 0.120 seconds
[2025-02-22T22:11:08.513+0000] {processor.py:157} INFO - Started process (PID=374) to work on /home/airflow/.local/lib/python3.10/site-packages/airflow/example_dags/example_xcomargs.py
[2025-02-22T22:11:08.514+0000] {processor.py:829} INFO - Processing file /home/airflow/.local/lib/python3.10/site-packages/airflow/example_dags/example_xcomargs.py for tasks to queue
[2025-02-22T22:11:08.515+0000] {logging_mixin.py:154} INFO - [2025-02-22T22:11:08.515+0000] {dagbag.py:536} INFO - Filling up the DagBag from /home/airflow/.local/lib/python3.10/site-packages/airflow/example_dags/example_xcomargs.py
[2025-02-22T22:11:08.524+0000] {processor.py:839} INFO - DAG(s) dict_keys(['example_xcom_args', 'example_xcom_args_with_operators']) retrieved from /home/airflow/.local/lib/python3.10/site-packages/airflow/example_dags/example_xcomargs.py
[2025-02-22T22:11:08.592+0000] {logging_mixin.py:154} INFO - [2025-02-22T22:11:08.591+0000] {dag.py:2941} INFO - Sync 2 DAGs
[2025-02-22T22:11:08.608+0000] {logging_mixin.py:154} INFO - [2025-02-22T22:11:08.608+0000] {dag.py:3722} INFO - Setting next_dagrun for example_xcom_args to None, run_after=None
[2025-02-22T22:11:08.610+0000] {logging_mixin.py:154} INFO - [2025-02-22T22:11:08.610+0000] {dag.py:3722} INFO - Setting next_dagrun for example_xcom_args_with_operators to None, run_after=None
[2025-02-22T22:11:08.628+0000] {processor.py:179} INFO - Processing /home/airflow/.local/lib/python3.10/site-packages/airflow/example_dags/example_xcomargs.py took 0.117 seconds
[2025-02-22T22:11:39.113+0000] {processor.py:157} INFO - Started process (PID=435) to work on /home/airflow/.local/lib/python3.10/site-packages/airflow/example_dags/example_xcomargs.py
[2025-02-22T22:11:39.114+0000] {processor.py:829} INFO - Processing file /home/airflow/.local/lib/python3.10/site-packages/airflow/example_dags/example_xcomargs.py for tasks to queue
[2025-02-22T22:11:39.116+0000] {logging_mixin.py:154} INFO - [2025-02-22T22:11:39.116+0000] {dagbag.py:536} INFO - Filling up the DagBag from /home/airflow/.local/lib/python3.10/site-packages/airflow/example_dags/example_xcomargs.py
[2025-02-22T22:11:39.123+0000] {processor.py:839} INFO - DAG(s) dict_keys(['example_xcom_args', 'example_xcom_args_with_operators']) retrieved from /home/airflow/.local/lib/python3.10/site-packages/airflow/example_dags/example_xcomargs.py
[2025-02-22T22:11:39.190+0000] {logging_mixin.py:154} INFO - [2025-02-22T22:11:39.190+0000] {dag.py:2941} INFO - Sync 2 DAGs
[2025-02-22T22:11:39.205+0000] {logging_mixin.py:154} INFO - [2025-02-22T22:11:39.205+0000] {dag.py:3722} INFO - Setting next_dagrun for example_xcom_args to None, run_after=None
[2025-02-22T22:11:39.207+0000] {logging_mixin.py:154} INFO - [2025-02-22T22:11:39.207+0000] {dag.py:3722} INFO - Setting next_dagrun for example_xcom_args_with_operators to None, run_after=None
[2025-02-22T22:11:39.224+0000] {processor.py:179} INFO - Processing /home/airflow/.local/lib/python3.10/site-packages/airflow/example_dags/example_xcomargs.py took 0.113 seconds
[2025-02-22T22:12:09.816+0000] {processor.py:157} INFO - Started process (PID=503) to work on /home/airflow/.local/lib/python3.10/site-packages/airflow/example_dags/example_xcomargs.py
[2025-02-22T22:12:09.817+0000] {processor.py:829} INFO - Processing file /home/airflow/.local/lib/python3.10/site-packages/airflow/example_dags/example_xcomargs.py for tasks to queue
[2025-02-22T22:12:09.819+0000] {logging_mixin.py:154} INFO - [2025-02-22T22:12:09.818+0000] {dagbag.py:536} INFO - Filling up the DagBag from /home/airflow/.local/lib/python3.10/site-packages/airflow/example_dags/example_xcomargs.py
[2025-02-22T22:12:09.825+0000] {processor.py:839} INFO - DAG(s) dict_keys(['example_xcom_args_with_operators', 'example_xcom_args']) retrieved from /home/airflow/.local/lib/python3.10/site-packages/airflow/example_dags/example_xcomargs.py
[2025-02-22T22:12:09.894+0000] {logging_mixin.py:154} INFO - [2025-02-22T22:12:09.894+0000] {dag.py:2941} INFO - Sync 2 DAGs
[2025-02-22T22:12:09.910+0000] {logging_mixin.py:154} INFO - [2025-02-22T22:12:09.910+0000] {dag.py:3722} INFO - Setting next_dagrun for example_xcom_args to None, run_after=None
[2025-02-22T22:12:09.912+0000] {logging_mixin.py:154} INFO - [2025-02-22T22:12:09.912+0000] {dag.py:3722} INFO - Setting next_dagrun for example_xcom_args_with_operators to None, run_after=None
[2025-02-22T22:12:09.928+0000] {processor.py:179} INFO - Processing /home/airflow/.local/lib/python3.10/site-packages/airflow/example_dags/example_xcomargs.py took 0.114 seconds
[2025-02-22T22:12:40.614+0000] {processor.py:157} INFO - Started process (PID=564) to work on /home/airflow/.local/lib/python3.10/site-packages/airflow/example_dags/example_xcomargs.py
[2025-02-22T22:12:40.615+0000] {processor.py:829} INFO - Processing file /home/airflow/.local/lib/python3.10/site-packages/airflow/example_dags/example_xcomargs.py for tasks to queue
[2025-02-22T22:12:40.616+0000] {logging_mixin.py:154} INFO - [2025-02-22T22:12:40.616+0000] {dagbag.py:536} INFO - Filling up the DagBag from /home/airflow/.local/lib/python3.10/site-packages/airflow/example_dags/example_xcomargs.py
[2025-02-22T22:12:40.624+0000] {processor.py:839} INFO - DAG(s) dict_keys(['example_xcom_args_with_operators', 'example_xcom_args']) retrieved from /home/airflow/.local/lib/python3.10/site-packages/airflow/example_dags/example_xcomargs.py
[2025-02-22T22:12:40.692+0000] {logging_mixin.py:154} INFO - [2025-02-22T22:12:40.691+0000] {dag.py:2941} INFO - Sync 2 DAGs
[2025-02-22T22:12:40.709+0000] {logging_mixin.py:154} INFO - [2025-02-22T22:12:40.708+0000] {dag.py:3722} INFO - Setting next_dagrun for example_xcom_args to None, run_after=None
[2025-02-22T22:12:40.711+0000] {logging_mixin.py:154} INFO - [2025-02-22T22:12:40.711+0000] {dag.py:3722} INFO - Setting next_dagrun for example_xcom_args_with_operators to None, run_after=None
[2025-02-22T22:12:40.730+0000] {processor.py:179} INFO - Processing /home/airflow/.local/lib/python3.10/site-packages/airflow/example_dags/example_xcomargs.py took 0.118 seconds
[2025-02-22T22:13:11.688+0000] {processor.py:157} INFO - Started process (PID=631) to work on /home/airflow/.local/lib/python3.10/site-packages/airflow/example_dags/example_xcomargs.py
[2025-02-22T22:13:11.689+0000] {processor.py:829} INFO - Processing file /home/airflow/.local/lib/python3.10/site-packages/airflow/example_dags/example_xcomargs.py for tasks to queue
[2025-02-22T22:13:11.690+0000] {logging_mixin.py:154} INFO - [2025-02-22T22:13:11.690+0000] {dagbag.py:536} INFO - Filling up the DagBag from /home/airflow/.local/lib/python3.10/site-packages/airflow/example_dags/example_xcomargs.py
[2025-02-22T22:13:11.700+0000] {processor.py:839} INFO - DAG(s) dict_keys(['example_xcom_args', 'example_xcom_args_with_operators']) retrieved from /home/airflow/.local/lib/python3.10/site-packages/airflow/example_dags/example_xcomargs.py
[2025-02-22T22:13:11.766+0000] {logging_mixin.py:154} INFO - [2025-02-22T22:13:11.766+0000] {dag.py:2941} INFO - Sync 2 DAGs
[2025-02-22T22:13:11.781+0000] {logging_mixin.py:154} INFO - [2025-02-22T22:13:11.781+0000] {dag.py:3722} INFO - Setting next_dagrun for example_xcom_args to None, run_after=None
[2025-02-22T22:13:11.783+0000] {logging_mixin.py:154} INFO - [2025-02-22T22:13:11.783+0000] {dag.py:3722} INFO - Setting next_dagrun for example_xcom_args_with_operators to None, run_after=None
[2025-02-22T22:13:11.798+0000] {processor.py:179} INFO - Processing /home/airflow/.local/lib/python3.10/site-packages/airflow/example_dags/example_xcomargs.py took 0.113 seconds
[2025-02-22T22:13:42.300+0000] {processor.py:157} INFO - Started process (PID=692) to work on /home/airflow/.local/lib/python3.10/site-packages/airflow/example_dags/example_xcomargs.py
[2025-02-22T22:13:42.302+0000] {processor.py:829} INFO - Processing file /home/airflow/.local/lib/python3.10/site-packages/airflow/example_dags/example_xcomargs.py for tasks to queue
[2025-02-22T22:13:42.303+0000] {logging_mixin.py:154} INFO - [2025-02-22T22:13:42.303+0000] {dagbag.py:536} INFO - Filling up the DagBag from /home/airflow/.local/lib/python3.10/site-packages/airflow/example_dags/example_xcomargs.py
[2025-02-22T22:13:42.310+0000] {processor.py:839} INFO - DAG(s) dict_keys(['example_xcom_args_with_operators', 'example_xcom_args']) retrieved from /home/airflow/.local/lib/python3.10/site-packages/airflow/example_dags/example_xcomargs.py
[2025-02-22T22:13:42.378+0000] {logging_mixin.py:154} INFO - [2025-02-22T22:13:42.378+0000] {dag.py:2941} INFO - Sync 2 DAGs
[2025-02-22T22:13:42.394+0000] {logging_mixin.py:154} INFO - [2025-02-22T22:13:42.394+0000] {dag.py:3722} INFO - Setting next_dagrun for example_xcom_args to None, run_after=None
[2025-02-22T22:13:42.396+0000] {logging_mixin.py:154} INFO - [2025-02-22T22:13:42.396+0000] {dag.py:3722} INFO - Setting next_dagrun for example_xcom_args_with_operators to None, run_after=None
[2025-02-22T22:13:42.414+0000] {processor.py:179} INFO - Processing /home/airflow/.local/lib/python3.10/site-packages/airflow/example_dags/example_xcomargs.py took 0.116 seconds
[2025-02-22T22:14:12.765+0000] {processor.py:157} INFO - Started process (PID=760) to work on /home/airflow/.local/lib/python3.10/site-packages/airflow/example_dags/example_xcomargs.py
[2025-02-22T22:14:12.765+0000] {processor.py:829} INFO - Processing file /home/airflow/.local/lib/python3.10/site-packages/airflow/example_dags/example_xcomargs.py for tasks to queue
[2025-02-22T22:14:12.767+0000] {logging_mixin.py:154} INFO - [2025-02-22T22:14:12.767+0000] {dagbag.py:536} INFO - Filling up the DagBag from /home/airflow/.local/lib/python3.10/site-packages/airflow/example_dags/example_xcomargs.py
[2025-02-22T22:14:12.774+0000] {processor.py:839} INFO - DAG(s) dict_keys(['example_xcom_args_with_operators', 'example_xcom_args']) retrieved from /home/airflow/.local/lib/python3.10/site-packages/airflow/example_dags/example_xcomargs.py
[2025-02-22T22:14:12.841+0000] {logging_mixin.py:154} INFO - [2025-02-22T22:14:12.841+0000] {dag.py:2941} INFO - Sync 2 DAGs
[2025-02-22T22:14:12.857+0000] {logging_mixin.py:154} INFO - [2025-02-22T22:14:12.857+0000] {dag.py:3722} INFO - Setting next_dagrun for example_xcom_args to None, run_after=None
[2025-02-22T22:14:12.859+0000] {logging_mixin.py:154} INFO - [2025-02-22T22:14:12.859+0000] {dag.py:3722} INFO - Setting next_dagrun for example_xcom_args_with_operators to None, run_after=None
[2025-02-22T22:14:12.876+0000] {processor.py:179} INFO - Processing /home/airflow/.local/lib/python3.10/site-packages/airflow/example_dags/example_xcomargs.py took 0.114 seconds
[2025-02-22T22:14:43.425+0000] {processor.py:157} INFO - Started process (PID=821) to work on /home/airflow/.local/lib/python3.10/site-packages/airflow/example_dags/example_xcomargs.py
[2025-02-22T22:14:43.427+0000] {processor.py:829} INFO - Processing file /home/airflow/.local/lib/python3.10/site-packages/airflow/example_dags/example_xcomargs.py for tasks to queue
[2025-02-22T22:14:43.429+0000] {logging_mixin.py:154} INFO - [2025-02-22T22:14:43.429+0000] {dagbag.py:536} INFO - Filling up the DagBag from /home/airflow/.local/lib/python3.10/site-packages/airflow/example_dags/example_xcomargs.py
[2025-02-22T22:14:43.441+0000] {processor.py:839} INFO - DAG(s) dict_keys(['example_xcom_args', 'example_xcom_args_with_operators']) retrieved from /home/airflow/.local/lib/python3.10/site-packages/airflow/example_dags/example_xcomargs.py
[2025-02-22T22:14:43.534+0000] {logging_mixin.py:154} INFO - [2025-02-22T22:14:43.533+0000] {dag.py:2941} INFO - Sync 2 DAGs
[2025-02-22T22:14:43.553+0000] {logging_mixin.py:154} INFO - [2025-02-22T22:14:43.553+0000] {dag.py:3722} INFO - Setting next_dagrun for example_xcom_args to None, run_after=None
[2025-02-22T22:14:43.556+0000] {logging_mixin.py:154} INFO - [2025-02-22T22:14:43.556+0000] {dag.py:3722} INFO - Setting next_dagrun for example_xcom_args_with_operators to None, run_after=None
[2025-02-22T22:14:43.573+0000] {processor.py:179} INFO - Processing /home/airflow/.local/lib/python3.10/site-packages/airflow/example_dags/example_xcomargs.py took 0.150 seconds
[2025-02-22T22:15:13.598+0000] {processor.py:157} INFO - Started process (PID=889) to work on /home/airflow/.local/lib/python3.10/site-packages/airflow/example_dags/example_xcomargs.py
[2025-02-22T22:15:13.599+0000] {processor.py:829} INFO - Processing file /home/airflow/.local/lib/python3.10/site-packages/airflow/example_dags/example_xcomargs.py for tasks to queue
[2025-02-22T22:15:13.600+0000] {logging_mixin.py:154} INFO - [2025-02-22T22:15:13.600+0000] {dagbag.py:536} INFO - Filling up the DagBag from /home/airflow/.local/lib/python3.10/site-packages/airflow/example_dags/example_xcomargs.py
[2025-02-22T22:15:13.607+0000] {processor.py:839} INFO - DAG(s) dict_keys(['example_xcom_args', 'example_xcom_args_with_operators']) retrieved from /home/airflow/.local/lib/python3.10/site-packages/airflow/example_dags/example_xcomargs.py
[2025-02-22T22:15:13.675+0000] {logging_mixin.py:154} INFO - [2025-02-22T22:15:13.674+0000] {dag.py:2941} INFO - Sync 2 DAGs
[2025-02-22T22:15:13.691+0000] {logging_mixin.py:154} INFO - [2025-02-22T22:15:13.691+0000] {dag.py:3722} INFO - Setting next_dagrun for example_xcom_args to None, run_after=None
[2025-02-22T22:15:13.693+0000] {logging_mixin.py:154} INFO - [2025-02-22T22:15:13.693+0000] {dag.py:3722} INFO - Setting next_dagrun for example_xcom_args_with_operators to None, run_after=None
[2025-02-22T22:15:13.712+0000] {processor.py:179} INFO - Processing /home/airflow/.local/lib/python3.10/site-packages/airflow/example_dags/example_xcomargs.py took 0.116 seconds
[2025-02-22T22:15:44.135+0000] {processor.py:157} INFO - Started process (PID=950) to work on /home/airflow/.local/lib/python3.10/site-packages/airflow/example_dags/example_xcomargs.py
[2025-02-22T22:15:44.136+0000] {processor.py:829} INFO - Processing file /home/airflow/.local/lib/python3.10/site-packages/airflow/example_dags/example_xcomargs.py for tasks to queue
[2025-02-22T22:15:44.138+0000] {logging_mixin.py:154} INFO - [2025-02-22T22:15:44.138+0000] {dagbag.py:536} INFO - Filling up the DagBag from /home/airflow/.local/lib/python3.10/site-packages/airflow/example_dags/example_xcomargs.py
[2025-02-22T22:15:44.145+0000] {processor.py:839} INFO - DAG(s) dict_keys(['example_xcom_args_with_operators', 'example_xcom_args']) retrieved from /home/airflow/.local/lib/python3.10/site-packages/airflow/example_dags/example_xcomargs.py
[2025-02-22T22:15:44.213+0000] {logging_mixin.py:154} INFO - [2025-02-22T22:15:44.212+0000] {dag.py:2941} INFO - Sync 2 DAGs
[2025-02-22T22:15:44.232+0000] {logging_mixin.py:154} INFO - [2025-02-22T22:15:44.232+0000] {dag.py:3722} INFO - Setting next_dagrun for example_xcom_args to None, run_after=None
[2025-02-22T22:15:44.235+0000] {logging_mixin.py:154} INFO - [2025-02-22T22:15:44.234+0000] {dag.py:3722} INFO - Setting next_dagrun for example_xcom_args_with_operators to None, run_after=None
[2025-02-22T22:15:44.252+0000] {processor.py:179} INFO - Processing /home/airflow/.local/lib/python3.10/site-packages/airflow/example_dags/example_xcomargs.py took 0.119 seconds
[2025-02-22T22:16:15.188+0000] {processor.py:157} INFO - Started process (PID=1018) to work on /home/airflow/.local/lib/python3.10/site-packages/airflow/example_dags/example_xcomargs.py
[2025-02-22T22:16:15.189+0000] {processor.py:829} INFO - Processing file /home/airflow/.local/lib/python3.10/site-packages/airflow/example_dags/example_xcomargs.py for tasks to queue
[2025-02-22T22:16:15.191+0000] {logging_mixin.py:154} INFO - [2025-02-22T22:16:15.191+0000] {dagbag.py:536} INFO - Filling up the DagBag from /home/airflow/.local/lib/python3.10/site-packages/airflow/example_dags/example_xcomargs.py
[2025-02-22T22:16:15.198+0000] {processor.py:839} INFO - DAG(s) dict_keys(['example_xcom_args_with_operators', 'example_xcom_args']) retrieved from /home/airflow/.local/lib/python3.10/site-packages/airflow/example_dags/example_xcomargs.py
[2025-02-22T22:16:15.310+0000] {logging_mixin.py:154} INFO - [2025-02-22T22:16:15.310+0000] {dag.py:2941} INFO - Sync 2 DAGs
[2025-02-22T22:16:15.328+0000] {logging_mixin.py:154} INFO - [2025-02-22T22:16:15.328+0000] {dag.py:3722} INFO - Setting next_dagrun for example_xcom_args to None, run_after=None
[2025-02-22T22:16:15.331+0000] {logging_mixin.py:154} INFO - [2025-02-22T22:16:15.331+0000] {dag.py:3722} INFO - Setting next_dagrun for example_xcom_args_with_operators to None, run_after=None
[2025-02-22T22:16:15.349+0000] {processor.py:179} INFO - Processing /home/airflow/.local/lib/python3.10/site-packages/airflow/example_dags/example_xcomargs.py took 0.163 seconds
[2025-02-22T22:16:45.938+0000] {processor.py:157} INFO - Started process (PID=1086) to work on /home/airflow/.local/lib/python3.10/site-packages/airflow/example_dags/example_xcomargs.py
[2025-02-22T22:16:45.940+0000] {processor.py:829} INFO - Processing file /home/airflow/.local/lib/python3.10/site-packages/airflow/example_dags/example_xcomargs.py for tasks to queue
[2025-02-22T22:16:45.942+0000] {logging_mixin.py:154} INFO - [2025-02-22T22:16:45.942+0000] {dagbag.py:536} INFO - Filling up the DagBag from /home/airflow/.local/lib/python3.10/site-packages/airflow/example_dags/example_xcomargs.py
[2025-02-22T22:16:45.954+0000] {processor.py:839} INFO - DAG(s) dict_keys(['example_xcom_args_with_operators', 'example_xcom_args']) retrieved from /home/airflow/.local/lib/python3.10/site-packages/airflow/example_dags/example_xcomargs.py
[2025-02-22T22:16:46.029+0000] {logging_mixin.py:154} INFO - [2025-02-22T22:16:46.028+0000] {dag.py:2941} INFO - Sync 2 DAGs
[2025-02-22T22:16:46.050+0000] {logging_mixin.py:154} INFO - [2025-02-22T22:16:46.049+0000] {dag.py:3722} INFO - Setting next_dagrun for example_xcom_args to None, run_after=None
[2025-02-22T22:16:46.053+0000] {logging_mixin.py:154} INFO - [2025-02-22T22:16:46.053+0000] {dag.py:3722} INFO - Setting next_dagrun for example_xcom_args_with_operators to None, run_after=None
[2025-02-22T22:16:46.074+0000] {processor.py:179} INFO - Processing /home/airflow/.local/lib/python3.10/site-packages/airflow/example_dags/example_xcomargs.py took 0.139 seconds
