[2025-02-22T21:47:19.109+0000] {processor.py:157} INFO - Started process (PID=74) to work on /home/airflow/.local/lib/python3.10/site-packages/airflow/example_dags/example_skip_dag.py
[2025-02-22T21:47:19.111+0000] {processor.py:829} INFO - Processing file /home/airflow/.local/lib/python3.10/site-packages/airflow/example_dags/example_skip_dag.py for tasks to queue
[2025-02-22T21:47:19.114+0000] {logging_mixin.py:154} INFO - [2025-02-22T21:47:19.113+0000] {dagbag.py:536} INFO - Filling up the DagBag from /home/airflow/.local/lib/python3.10/site-packages/airflow/example_dags/example_skip_dag.py
[2025-02-22T21:47:19.124+0000] {processor.py:839} INFO - DAG(s) dict_keys(['example_skip_dag']) retrieved from /home/airflow/.local/lib/python3.10/site-packages/airflow/example_dags/example_skip_dag.py
[2025-02-22T21:47:19.365+0000] {logging_mixin.py:154} INFO - [2025-02-22T21:47:19.364+0000] {manager.py:499} INFO - Created Permission View: %s
[2025-02-22T21:47:19.385+0000] {logging_mixin.py:154} INFO - [2025-02-22T21:47:19.385+0000] {manager.py:499} INFO - Created Permission View: %s
[2025-02-22T21:47:19.394+0000] {logging_mixin.py:154} INFO - [2025-02-22T21:47:19.394+0000] {manager.py:499} INFO - Created Permission View: %s
[2025-02-22T21:47:19.396+0000] {logging_mixin.py:154} INFO - [2025-02-22T21:47:19.396+0000] {dag.py:2941} INFO - Sync 1 DAGs
[2025-02-22T21:47:19.406+0000] {logging_mixin.py:154} INFO - [2025-02-22T21:47:19.405+0000] {dag.py:2963} INFO - Creating ORM DAG for example_skip_dag
[2025-02-22T21:47:19.427+0000] {logging_mixin.py:154} INFO - [2025-02-22T21:47:19.426+0000] {dag.py:3722} INFO - Setting next_dagrun for example_skip_dag to 2025-02-21T21:47:19.426230+00:00, run_after=2025-02-22T21:47:19.426230+00:00
[2025-02-22T21:47:19.453+0000] {processor.py:179} INFO - Processing /home/airflow/.local/lib/python3.10/site-packages/airflow/example_dags/example_skip_dag.py took 0.348 seconds
[2025-02-22T21:48:59.943+0000] {processor.py:157} INFO - Started process (PID=67) to work on /home/airflow/.local/lib/python3.10/site-packages/airflow/example_dags/example_skip_dag.py
[2025-02-22T21:48:59.944+0000] {processor.py:829} INFO - Processing file /home/airflow/.local/lib/python3.10/site-packages/airflow/example_dags/example_skip_dag.py for tasks to queue
[2025-02-22T21:48:59.946+0000] {logging_mixin.py:154} INFO - [2025-02-22T21:48:59.945+0000] {dagbag.py:536} INFO - Filling up the DagBag from /home/airflow/.local/lib/python3.10/site-packages/airflow/example_dags/example_skip_dag.py
[2025-02-22T21:48:59.954+0000] {processor.py:839} INFO - DAG(s) dict_keys(['example_skip_dag']) retrieved from /home/airflow/.local/lib/python3.10/site-packages/airflow/example_dags/example_skip_dag.py
[2025-02-22T21:49:00.026+0000] {logging_mixin.py:154} INFO - [2025-02-22T21:49:00.025+0000] {dag.py:2941} INFO - Sync 1 DAGs
[2025-02-22T21:49:00.085+0000] {logging_mixin.py:154} INFO - [2025-02-22T21:49:00.085+0000] {dag.py:3722} INFO - Setting next_dagrun for example_skip_dag to 2025-02-21T21:49:00.084225+00:00, run_after=2025-02-22T21:49:00.084225+00:00
[2025-02-22T21:49:00.118+0000] {processor.py:179} INFO - Processing /home/airflow/.local/lib/python3.10/site-packages/airflow/example_dags/example_skip_dag.py took 0.178 seconds
[2025-02-22T21:56:50.799+0000] {processor.py:157} INFO - Started process (PID=67) to work on /home/airflow/.local/lib/python3.10/site-packages/airflow/example_dags/example_skip_dag.py
[2025-02-22T21:56:50.800+0000] {processor.py:829} INFO - Processing file /home/airflow/.local/lib/python3.10/site-packages/airflow/example_dags/example_skip_dag.py for tasks to queue
[2025-02-22T21:56:50.804+0000] {logging_mixin.py:154} INFO - [2025-02-22T21:56:50.804+0000] {dagbag.py:536} INFO - Filling up the DagBag from /home/airflow/.local/lib/python3.10/site-packages/airflow/example_dags/example_skip_dag.py
[2025-02-22T21:56:50.820+0000] {processor.py:839} INFO - DAG(s) dict_keys(['example_skip_dag']) retrieved from /home/airflow/.local/lib/python3.10/site-packages/airflow/example_dags/example_skip_dag.py
[2025-02-22T21:56:50.887+0000] {logging_mixin.py:154} INFO - [2025-02-22T21:56:50.887+0000] {dag.py:2941} INFO - Sync 1 DAGs
[2025-02-22T21:56:50.918+0000] {logging_mixin.py:154} INFO - [2025-02-22T21:56:50.918+0000] {dag.py:3722} INFO - Setting next_dagrun for example_skip_dag to 2025-02-21T21:56:50.918073+00:00, run_after=2025-02-22T21:56:50.918073+00:00
[2025-02-22T21:56:50.942+0000] {processor.py:179} INFO - Processing /home/airflow/.local/lib/python3.10/site-packages/airflow/example_dags/example_skip_dag.py took 0.146 seconds
[2025-02-22T21:57:21.111+0000] {processor.py:157} INFO - Started process (PID=136) to work on /home/airflow/.local/lib/python3.10/site-packages/airflow/example_dags/example_skip_dag.py
[2025-02-22T21:57:21.111+0000] {processor.py:829} INFO - Processing file /home/airflow/.local/lib/python3.10/site-packages/airflow/example_dags/example_skip_dag.py for tasks to queue
[2025-02-22T21:57:21.113+0000] {logging_mixin.py:154} INFO - [2025-02-22T21:57:21.113+0000] {dagbag.py:536} INFO - Filling up the DagBag from /home/airflow/.local/lib/python3.10/site-packages/airflow/example_dags/example_skip_dag.py
[2025-02-22T21:57:21.122+0000] {processor.py:839} INFO - DAG(s) dict_keys(['example_skip_dag']) retrieved from /home/airflow/.local/lib/python3.10/site-packages/airflow/example_dags/example_skip_dag.py
[2025-02-22T21:57:21.189+0000] {logging_mixin.py:154} INFO - [2025-02-22T21:57:21.189+0000] {dag.py:2941} INFO - Sync 1 DAGs
[2025-02-22T21:57:21.216+0000] {logging_mixin.py:154} INFO - [2025-02-22T21:57:21.216+0000] {dag.py:3722} INFO - Setting next_dagrun for example_skip_dag to 2025-02-21T21:57:21.215870+00:00, run_after=2025-02-22T21:57:21.215870+00:00
[2025-02-22T21:57:21.235+0000] {processor.py:179} INFO - Processing /home/airflow/.local/lib/python3.10/site-packages/airflow/example_dags/example_skip_dag.py took 0.127 seconds
[2025-02-22T21:59:54.731+0000] {processor.py:157} INFO - Started process (PID=67) to work on /home/airflow/.local/lib/python3.10/site-packages/airflow/example_dags/example_skip_dag.py
[2025-02-22T21:59:54.733+0000] {processor.py:829} INFO - Processing file /home/airflow/.local/lib/python3.10/site-packages/airflow/example_dags/example_skip_dag.py for tasks to queue
[2025-02-22T21:59:54.734+0000] {logging_mixin.py:154} INFO - [2025-02-22T21:59:54.734+0000] {dagbag.py:536} INFO - Filling up the DagBag from /home/airflow/.local/lib/python3.10/site-packages/airflow/example_dags/example_skip_dag.py
[2025-02-22T21:59:54.744+0000] {processor.py:839} INFO - DAG(s) dict_keys(['example_skip_dag']) retrieved from /home/airflow/.local/lib/python3.10/site-packages/airflow/example_dags/example_skip_dag.py
[2025-02-22T21:59:54.813+0000] {logging_mixin.py:154} INFO - [2025-02-22T21:59:54.813+0000] {dag.py:2941} INFO - Sync 1 DAGs
[2025-02-22T21:59:54.859+0000] {logging_mixin.py:154} INFO - [2025-02-22T21:59:54.859+0000] {dag.py:3722} INFO - Setting next_dagrun for example_skip_dag to 2025-02-21T21:59:54.858998+00:00, run_after=2025-02-22T21:59:54.858998+00:00
[2025-02-22T21:59:54.893+0000] {processor.py:179} INFO - Processing /home/airflow/.local/lib/python3.10/site-packages/airflow/example_dags/example_skip_dag.py took 0.164 seconds
[2025-02-22T22:00:25.208+0000] {processor.py:157} INFO - Started process (PID=135) to work on /home/airflow/.local/lib/python3.10/site-packages/airflow/example_dags/example_skip_dag.py
[2025-02-22T22:00:25.209+0000] {processor.py:829} INFO - Processing file /home/airflow/.local/lib/python3.10/site-packages/airflow/example_dags/example_skip_dag.py for tasks to queue
[2025-02-22T22:00:25.210+0000] {logging_mixin.py:154} INFO - [2025-02-22T22:00:25.210+0000] {dagbag.py:536} INFO - Filling up the DagBag from /home/airflow/.local/lib/python3.10/site-packages/airflow/example_dags/example_skip_dag.py
[2025-02-22T22:00:25.216+0000] {processor.py:839} INFO - DAG(s) dict_keys(['example_skip_dag']) retrieved from /home/airflow/.local/lib/python3.10/site-packages/airflow/example_dags/example_skip_dag.py
[2025-02-22T22:00:25.283+0000] {logging_mixin.py:154} INFO - [2025-02-22T22:00:25.282+0000] {dag.py:2941} INFO - Sync 1 DAGs
[2025-02-22T22:00:25.307+0000] {logging_mixin.py:154} INFO - [2025-02-22T22:00:25.307+0000] {dag.py:3722} INFO - Setting next_dagrun for example_skip_dag to 2025-02-21T22:00:25.307411+00:00, run_after=2025-02-22T22:00:25.307411+00:00
[2025-02-22T22:00:25.325+0000] {processor.py:179} INFO - Processing /home/airflow/.local/lib/python3.10/site-packages/airflow/example_dags/example_skip_dag.py took 0.119 seconds
[2025-02-22T22:00:56.139+0000] {processor.py:157} INFO - Started process (PID=196) to work on /home/airflow/.local/lib/python3.10/site-packages/airflow/example_dags/example_skip_dag.py
[2025-02-22T22:00:56.142+0000] {processor.py:829} INFO - Processing file /home/airflow/.local/lib/python3.10/site-packages/airflow/example_dags/example_skip_dag.py for tasks to queue
[2025-02-22T22:00:56.144+0000] {logging_mixin.py:154} INFO - [2025-02-22T22:00:56.144+0000] {dagbag.py:536} INFO - Filling up the DagBag from /home/airflow/.local/lib/python3.10/site-packages/airflow/example_dags/example_skip_dag.py
[2025-02-22T22:00:56.152+0000] {processor.py:839} INFO - DAG(s) dict_keys(['example_skip_dag']) retrieved from /home/airflow/.local/lib/python3.10/site-packages/airflow/example_dags/example_skip_dag.py
[2025-02-22T22:00:56.220+0000] {logging_mixin.py:154} INFO - [2025-02-22T22:00:56.219+0000] {dag.py:2941} INFO - Sync 1 DAGs
[2025-02-22T22:00:56.247+0000] {logging_mixin.py:154} INFO - [2025-02-22T22:00:56.247+0000] {dag.py:3722} INFO - Setting next_dagrun for example_skip_dag to 2025-02-21T22:00:56.246725+00:00, run_after=2025-02-22T22:00:56.246725+00:00
[2025-02-22T22:00:56.267+0000] {processor.py:179} INFO - Processing /home/airflow/.local/lib/python3.10/site-packages/airflow/example_dags/example_skip_dag.py took 0.130 seconds
[2025-02-22T22:01:26.476+0000] {processor.py:157} INFO - Started process (PID=264) to work on /home/airflow/.local/lib/python3.10/site-packages/airflow/example_dags/example_skip_dag.py
[2025-02-22T22:01:26.477+0000] {processor.py:829} INFO - Processing file /home/airflow/.local/lib/python3.10/site-packages/airflow/example_dags/example_skip_dag.py for tasks to queue
[2025-02-22T22:01:26.479+0000] {logging_mixin.py:154} INFO - [2025-02-22T22:01:26.479+0000] {dagbag.py:536} INFO - Filling up the DagBag from /home/airflow/.local/lib/python3.10/site-packages/airflow/example_dags/example_skip_dag.py
[2025-02-22T22:01:26.487+0000] {processor.py:839} INFO - DAG(s) dict_keys(['example_skip_dag']) retrieved from /home/airflow/.local/lib/python3.10/site-packages/airflow/example_dags/example_skip_dag.py
[2025-02-22T22:01:26.556+0000] {logging_mixin.py:154} INFO - [2025-02-22T22:01:26.556+0000] {dag.py:2941} INFO - Sync 1 DAGs
[2025-02-22T22:01:26.584+0000] {logging_mixin.py:154} INFO - [2025-02-22T22:01:26.583+0000] {dag.py:3722} INFO - Setting next_dagrun for example_skip_dag to 2025-02-21T22:01:26.583471+00:00, run_after=2025-02-22T22:01:26.583471+00:00
[2025-02-22T22:01:26.603+0000] {processor.py:179} INFO - Processing /home/airflow/.local/lib/python3.10/site-packages/airflow/example_dags/example_skip_dag.py took 0.130 seconds
[2025-02-22T22:01:57.054+0000] {processor.py:157} INFO - Started process (PID=324) to work on /home/airflow/.local/lib/python3.10/site-packages/airflow/example_dags/example_skip_dag.py
[2025-02-22T22:01:57.055+0000] {processor.py:829} INFO - Processing file /home/airflow/.local/lib/python3.10/site-packages/airflow/example_dags/example_skip_dag.py for tasks to queue
[2025-02-22T22:01:57.056+0000] {logging_mixin.py:154} INFO - [2025-02-22T22:01:57.056+0000] {dagbag.py:536} INFO - Filling up the DagBag from /home/airflow/.local/lib/python3.10/site-packages/airflow/example_dags/example_skip_dag.py
[2025-02-22T22:01:57.062+0000] {processor.py:839} INFO - DAG(s) dict_keys(['example_skip_dag']) retrieved from /home/airflow/.local/lib/python3.10/site-packages/airflow/example_dags/example_skip_dag.py
[2025-02-22T22:01:57.126+0000] {logging_mixin.py:154} INFO - [2025-02-22T22:01:57.126+0000] {dag.py:2941} INFO - Sync 1 DAGs
[2025-02-22T22:01:57.152+0000] {logging_mixin.py:154} INFO - [2025-02-22T22:01:57.152+0000] {dag.py:3722} INFO - Setting next_dagrun for example_skip_dag to 2025-02-21T22:01:57.152062+00:00, run_after=2025-02-22T22:01:57.152062+00:00
[2025-02-22T22:01:57.177+0000] {processor.py:179} INFO - Processing /home/airflow/.local/lib/python3.10/site-packages/airflow/example_dags/example_skip_dag.py took 0.125 seconds
[2025-02-22T22:02:28.112+0000] {processor.py:157} INFO - Started process (PID=391) to work on /home/airflow/.local/lib/python3.10/site-packages/airflow/example_dags/example_skip_dag.py
[2025-02-22T22:02:28.112+0000] {processor.py:829} INFO - Processing file /home/airflow/.local/lib/python3.10/site-packages/airflow/example_dags/example_skip_dag.py for tasks to queue
[2025-02-22T22:02:28.113+0000] {logging_mixin.py:154} INFO - [2025-02-22T22:02:28.113+0000] {dagbag.py:536} INFO - Filling up the DagBag from /home/airflow/.local/lib/python3.10/site-packages/airflow/example_dags/example_skip_dag.py
[2025-02-22T22:02:28.120+0000] {processor.py:839} INFO - DAG(s) dict_keys(['example_skip_dag']) retrieved from /home/airflow/.local/lib/python3.10/site-packages/airflow/example_dags/example_skip_dag.py
[2025-02-22T22:02:28.185+0000] {logging_mixin.py:154} INFO - [2025-02-22T22:02:28.185+0000] {dag.py:2941} INFO - Sync 1 DAGs
[2025-02-22T22:02:28.211+0000] {logging_mixin.py:154} INFO - [2025-02-22T22:02:28.210+0000] {dag.py:3722} INFO - Setting next_dagrun for example_skip_dag to 2025-02-21T22:02:28.210577+00:00, run_after=2025-02-22T22:02:28.210577+00:00
[2025-02-22T22:02:28.275+0000] {processor.py:179} INFO - Processing /home/airflow/.local/lib/python3.10/site-packages/airflow/example_dags/example_skip_dag.py took 0.166 seconds
[2025-02-22T22:02:58.874+0000] {processor.py:157} INFO - Started process (PID=459) to work on /home/airflow/.local/lib/python3.10/site-packages/airflow/example_dags/example_skip_dag.py
[2025-02-22T22:02:58.875+0000] {processor.py:829} INFO - Processing file /home/airflow/.local/lib/python3.10/site-packages/airflow/example_dags/example_skip_dag.py for tasks to queue
[2025-02-22T22:02:58.877+0000] {logging_mixin.py:154} INFO - [2025-02-22T22:02:58.876+0000] {dagbag.py:536} INFO - Filling up the DagBag from /home/airflow/.local/lib/python3.10/site-packages/airflow/example_dags/example_skip_dag.py
[2025-02-22T22:02:58.884+0000] {processor.py:839} INFO - DAG(s) dict_keys(['example_skip_dag']) retrieved from /home/airflow/.local/lib/python3.10/site-packages/airflow/example_dags/example_skip_dag.py
[2025-02-22T22:02:58.952+0000] {logging_mixin.py:154} INFO - [2025-02-22T22:02:58.952+0000] {dag.py:2941} INFO - Sync 1 DAGs
[2025-02-22T22:02:58.982+0000] {logging_mixin.py:154} INFO - [2025-02-22T22:02:58.982+0000] {dag.py:3722} INFO - Setting next_dagrun for example_skip_dag to 2025-02-21T22:02:58.981771+00:00, run_after=2025-02-22T22:02:58.981771+00:00
[2025-02-22T22:02:59.005+0000] {processor.py:179} INFO - Processing /home/airflow/.local/lib/python3.10/site-packages/airflow/example_dags/example_skip_dag.py took 0.134 seconds
[2025-02-22T22:03:43.144+0000] {processor.py:157} INFO - Started process (PID=68) to work on /home/airflow/.local/lib/python3.10/site-packages/airflow/example_dags/example_skip_dag.py
[2025-02-22T22:03:43.145+0000] {processor.py:829} INFO - Processing file /home/airflow/.local/lib/python3.10/site-packages/airflow/example_dags/example_skip_dag.py for tasks to queue
[2025-02-22T22:03:43.147+0000] {logging_mixin.py:154} INFO - [2025-02-22T22:03:43.147+0000] {dagbag.py:536} INFO - Filling up the DagBag from /home/airflow/.local/lib/python3.10/site-packages/airflow/example_dags/example_skip_dag.py
[2025-02-22T22:03:43.159+0000] {processor.py:839} INFO - DAG(s) dict_keys(['example_skip_dag']) retrieved from /home/airflow/.local/lib/python3.10/site-packages/airflow/example_dags/example_skip_dag.py
[2025-02-22T22:03:43.226+0000] {logging_mixin.py:154} INFO - [2025-02-22T22:03:43.226+0000] {dag.py:2941} INFO - Sync 1 DAGs
[2025-02-22T22:03:43.259+0000] {logging_mixin.py:154} INFO - [2025-02-22T22:03:43.259+0000] {dag.py:3722} INFO - Setting next_dagrun for example_skip_dag to 2025-02-21T22:03:43.258641+00:00, run_after=2025-02-22T22:03:43.258641+00:00
[2025-02-22T22:03:43.302+0000] {processor.py:179} INFO - Processing /home/airflow/.local/lib/python3.10/site-packages/airflow/example_dags/example_skip_dag.py took 0.160 seconds
[2025-02-22T22:04:13.364+0000] {processor.py:157} INFO - Started process (PID=136) to work on /home/airflow/.local/lib/python3.10/site-packages/airflow/example_dags/example_skip_dag.py
[2025-02-22T22:04:13.365+0000] {processor.py:829} INFO - Processing file /home/airflow/.local/lib/python3.10/site-packages/airflow/example_dags/example_skip_dag.py for tasks to queue
[2025-02-22T22:04:13.367+0000] {logging_mixin.py:154} INFO - [2025-02-22T22:04:13.367+0000] {dagbag.py:536} INFO - Filling up the DagBag from /home/airflow/.local/lib/python3.10/site-packages/airflow/example_dags/example_skip_dag.py
[2025-02-22T22:04:13.378+0000] {processor.py:839} INFO - DAG(s) dict_keys(['example_skip_dag']) retrieved from /home/airflow/.local/lib/python3.10/site-packages/airflow/example_dags/example_skip_dag.py
[2025-02-22T22:04:13.446+0000] {logging_mixin.py:154} INFO - [2025-02-22T22:04:13.446+0000] {dag.py:2941} INFO - Sync 1 DAGs
[2025-02-22T22:04:13.480+0000] {logging_mixin.py:154} INFO - [2025-02-22T22:04:13.479+0000] {dag.py:3722} INFO - Setting next_dagrun for example_skip_dag to 2025-02-21T22:04:13.479577+00:00, run_after=2025-02-22T22:04:13.479577+00:00
[2025-02-22T22:04:13.501+0000] {processor.py:179} INFO - Processing /home/airflow/.local/lib/python3.10/site-packages/airflow/example_dags/example_skip_dag.py took 0.139 seconds
[2025-02-22T22:04:43.566+0000] {processor.py:157} INFO - Started process (PID=197) to work on /home/airflow/.local/lib/python3.10/site-packages/airflow/example_dags/example_skip_dag.py
[2025-02-22T22:04:43.566+0000] {processor.py:829} INFO - Processing file /home/airflow/.local/lib/python3.10/site-packages/airflow/example_dags/example_skip_dag.py for tasks to queue
[2025-02-22T22:04:43.568+0000] {logging_mixin.py:154} INFO - [2025-02-22T22:04:43.567+0000] {dagbag.py:536} INFO - Filling up the DagBag from /home/airflow/.local/lib/python3.10/site-packages/airflow/example_dags/example_skip_dag.py
[2025-02-22T22:04:43.574+0000] {processor.py:839} INFO - DAG(s) dict_keys(['example_skip_dag']) retrieved from /home/airflow/.local/lib/python3.10/site-packages/airflow/example_dags/example_skip_dag.py
[2025-02-22T22:04:43.643+0000] {logging_mixin.py:154} INFO - [2025-02-22T22:04:43.643+0000] {dag.py:2941} INFO - Sync 1 DAGs
[2025-02-22T22:04:43.674+0000] {logging_mixin.py:154} INFO - [2025-02-22T22:04:43.673+0000] {dag.py:3722} INFO - Setting next_dagrun for example_skip_dag to 2025-02-21T22:04:43.673465+00:00, run_after=2025-02-22T22:04:43.673465+00:00
[2025-02-22T22:04:43.695+0000] {processor.py:179} INFO - Processing /home/airflow/.local/lib/python3.10/site-packages/airflow/example_dags/example_skip_dag.py took 0.131 seconds
[2025-02-22T22:05:14.221+0000] {processor.py:157} INFO - Started process (PID=265) to work on /home/airflow/.local/lib/python3.10/site-packages/airflow/example_dags/example_skip_dag.py
[2025-02-22T22:05:14.222+0000] {processor.py:829} INFO - Processing file /home/airflow/.local/lib/python3.10/site-packages/airflow/example_dags/example_skip_dag.py for tasks to queue
[2025-02-22T22:05:14.228+0000] {logging_mixin.py:154} INFO - [2025-02-22T22:05:14.223+0000] {dagbag.py:536} INFO - Filling up the DagBag from /home/airflow/.local/lib/python3.10/site-packages/airflow/example_dags/example_skip_dag.py
[2025-02-22T22:05:14.235+0000] {processor.py:839} INFO - DAG(s) dict_keys(['example_skip_dag']) retrieved from /home/airflow/.local/lib/python3.10/site-packages/airflow/example_dags/example_skip_dag.py
[2025-02-22T22:05:14.302+0000] {logging_mixin.py:154} INFO - [2025-02-22T22:05:14.302+0000] {dag.py:2941} INFO - Sync 1 DAGs
[2025-02-22T22:05:14.336+0000] {logging_mixin.py:154} INFO - [2025-02-22T22:05:14.336+0000] {dag.py:3722} INFO - Setting next_dagrun for example_skip_dag to 2025-02-21T22:05:14.336136+00:00, run_after=2025-02-22T22:05:14.336136+00:00
[2025-02-22T22:05:14.367+0000] {processor.py:179} INFO - Processing /home/airflow/.local/lib/python3.10/site-packages/airflow/example_dags/example_skip_dag.py took 0.148 seconds
[2025-02-22T22:05:44.723+0000] {processor.py:157} INFO - Started process (PID=326) to work on /home/airflow/.local/lib/python3.10/site-packages/airflow/example_dags/example_skip_dag.py
[2025-02-22T22:05:44.724+0000] {processor.py:829} INFO - Processing file /home/airflow/.local/lib/python3.10/site-packages/airflow/example_dags/example_skip_dag.py for tasks to queue
[2025-02-22T22:05:44.725+0000] {logging_mixin.py:154} INFO - [2025-02-22T22:05:44.725+0000] {dagbag.py:536} INFO - Filling up the DagBag from /home/airflow/.local/lib/python3.10/site-packages/airflow/example_dags/example_skip_dag.py
[2025-02-22T22:05:44.732+0000] {processor.py:839} INFO - DAG(s) dict_keys(['example_skip_dag']) retrieved from /home/airflow/.local/lib/python3.10/site-packages/airflow/example_dags/example_skip_dag.py
[2025-02-22T22:05:44.796+0000] {logging_mixin.py:154} INFO - [2025-02-22T22:05:44.796+0000] {dag.py:2941} INFO - Sync 1 DAGs
[2025-02-22T22:05:44.825+0000] {logging_mixin.py:154} INFO - [2025-02-22T22:05:44.824+0000] {dag.py:3722} INFO - Setting next_dagrun for example_skip_dag to 2025-02-21T22:05:44.824545+00:00, run_after=2025-02-22T22:05:44.824545+00:00
[2025-02-22T22:05:44.845+0000] {processor.py:179} INFO - Processing /home/airflow/.local/lib/python3.10/site-packages/airflow/example_dags/example_skip_dag.py took 0.123 seconds
[2025-02-22T22:06:15.105+0000] {processor.py:157} INFO - Started process (PID=394) to work on /home/airflow/.local/lib/python3.10/site-packages/airflow/example_dags/example_skip_dag.py
[2025-02-22T22:06:15.106+0000] {processor.py:829} INFO - Processing file /home/airflow/.local/lib/python3.10/site-packages/airflow/example_dags/example_skip_dag.py for tasks to queue
[2025-02-22T22:06:15.108+0000] {logging_mixin.py:154} INFO - [2025-02-22T22:06:15.107+0000] {dagbag.py:536} INFO - Filling up the DagBag from /home/airflow/.local/lib/python3.10/site-packages/airflow/example_dags/example_skip_dag.py
[2025-02-22T22:06:15.114+0000] {processor.py:839} INFO - DAG(s) dict_keys(['example_skip_dag']) retrieved from /home/airflow/.local/lib/python3.10/site-packages/airflow/example_dags/example_skip_dag.py
[2025-02-22T22:06:15.183+0000] {logging_mixin.py:154} INFO - [2025-02-22T22:06:15.183+0000] {dag.py:2941} INFO - Sync 1 DAGs
[2025-02-22T22:06:15.210+0000] {logging_mixin.py:154} INFO - [2025-02-22T22:06:15.210+0000] {dag.py:3722} INFO - Setting next_dagrun for example_skip_dag to 2025-02-21T22:06:15.210118+00:00, run_after=2025-02-22T22:06:15.210118+00:00
[2025-02-22T22:06:15.231+0000] {processor.py:179} INFO - Processing /home/airflow/.local/lib/python3.10/site-packages/airflow/example_dags/example_skip_dag.py took 0.128 seconds
[2025-02-22T22:06:45.858+0000] {processor.py:157} INFO - Started process (PID=455) to work on /home/airflow/.local/lib/python3.10/site-packages/airflow/example_dags/example_skip_dag.py
[2025-02-22T22:06:45.860+0000] {processor.py:829} INFO - Processing file /home/airflow/.local/lib/python3.10/site-packages/airflow/example_dags/example_skip_dag.py for tasks to queue
[2025-02-22T22:06:45.863+0000] {logging_mixin.py:154} INFO - [2025-02-22T22:06:45.861+0000] {dagbag.py:536} INFO - Filling up the DagBag from /home/airflow/.local/lib/python3.10/site-packages/airflow/example_dags/example_skip_dag.py
[2025-02-22T22:06:45.871+0000] {processor.py:839} INFO - DAG(s) dict_keys(['example_skip_dag']) retrieved from /home/airflow/.local/lib/python3.10/site-packages/airflow/example_dags/example_skip_dag.py
[2025-02-22T22:06:45.947+0000] {logging_mixin.py:154} INFO - [2025-02-22T22:06:45.947+0000] {dag.py:2941} INFO - Sync 1 DAGs
[2025-02-22T22:06:45.984+0000] {logging_mixin.py:154} INFO - [2025-02-22T22:06:45.984+0000] {dag.py:3722} INFO - Setting next_dagrun for example_skip_dag to 2025-02-21T22:06:45.983951+00:00, run_after=2025-02-22T22:06:45.983951+00:00
[2025-02-22T22:06:46.007+0000] {processor.py:179} INFO - Processing /home/airflow/.local/lib/python3.10/site-packages/airflow/example_dags/example_skip_dag.py took 0.152 seconds
[2025-02-22T22:07:16.394+0000] {processor.py:157} INFO - Started process (PID=523) to work on /home/airflow/.local/lib/python3.10/site-packages/airflow/example_dags/example_skip_dag.py
[2025-02-22T22:07:16.394+0000] {processor.py:829} INFO - Processing file /home/airflow/.local/lib/python3.10/site-packages/airflow/example_dags/example_skip_dag.py for tasks to queue
[2025-02-22T22:07:16.398+0000] {logging_mixin.py:154} INFO - [2025-02-22T22:07:16.398+0000] {dagbag.py:536} INFO - Filling up the DagBag from /home/airflow/.local/lib/python3.10/site-packages/airflow/example_dags/example_skip_dag.py
[2025-02-22T22:07:16.404+0000] {processor.py:839} INFO - DAG(s) dict_keys(['example_skip_dag']) retrieved from /home/airflow/.local/lib/python3.10/site-packages/airflow/example_dags/example_skip_dag.py
[2025-02-22T22:07:16.488+0000] {logging_mixin.py:154} INFO - [2025-02-22T22:07:16.488+0000] {dag.py:2941} INFO - Sync 1 DAGs
[2025-02-22T22:07:16.531+0000] {logging_mixin.py:154} INFO - [2025-02-22T22:07:16.531+0000] {dag.py:3722} INFO - Setting next_dagrun for example_skip_dag to 2025-02-21T22:07:16.530814+00:00, run_after=2025-02-22T22:07:16.530814+00:00
[2025-02-22T22:07:16.574+0000] {processor.py:179} INFO - Processing /home/airflow/.local/lib/python3.10/site-packages/airflow/example_dags/example_skip_dag.py took 0.183 seconds
[2025-02-22T22:07:46.906+0000] {processor.py:157} INFO - Started process (PID=584) to work on /home/airflow/.local/lib/python3.10/site-packages/airflow/example_dags/example_skip_dag.py
[2025-02-22T22:07:46.907+0000] {processor.py:829} INFO - Processing file /home/airflow/.local/lib/python3.10/site-packages/airflow/example_dags/example_skip_dag.py for tasks to queue
[2025-02-22T22:07:46.909+0000] {logging_mixin.py:154} INFO - [2025-02-22T22:07:46.908+0000] {dagbag.py:536} INFO - Filling up the DagBag from /home/airflow/.local/lib/python3.10/site-packages/airflow/example_dags/example_skip_dag.py
[2025-02-22T22:07:46.916+0000] {processor.py:839} INFO - DAG(s) dict_keys(['example_skip_dag']) retrieved from /home/airflow/.local/lib/python3.10/site-packages/airflow/example_dags/example_skip_dag.py
[2025-02-22T22:07:46.988+0000] {logging_mixin.py:154} INFO - [2025-02-22T22:07:46.987+0000] {dag.py:2941} INFO - Sync 1 DAGs
[2025-02-22T22:07:47.017+0000] {logging_mixin.py:154} INFO - [2025-02-22T22:07:47.017+0000] {dag.py:3722} INFO - Setting next_dagrun for example_skip_dag to 2025-02-21T22:07:47.017441+00:00, run_after=2025-02-22T22:07:47.017441+00:00
[2025-02-22T22:07:47.043+0000] {processor.py:179} INFO - Processing /home/airflow/.local/lib/python3.10/site-packages/airflow/example_dags/example_skip_dag.py took 0.139 seconds
[2025-02-22T22:08:38.960+0000] {processor.py:157} INFO - Started process (PID=73) to work on /home/airflow/.local/lib/python3.10/site-packages/airflow/example_dags/example_skip_dag.py
[2025-02-22T22:08:38.962+0000] {processor.py:829} INFO - Processing file /home/airflow/.local/lib/python3.10/site-packages/airflow/example_dags/example_skip_dag.py for tasks to queue
[2025-02-22T22:08:38.965+0000] {logging_mixin.py:154} INFO - [2025-02-22T22:08:38.964+0000] {dagbag.py:536} INFO - Filling up the DagBag from /home/airflow/.local/lib/python3.10/site-packages/airflow/example_dags/example_skip_dag.py
[2025-02-22T22:08:38.982+0000] {processor.py:839} INFO - DAG(s) dict_keys(['example_skip_dag']) retrieved from /home/airflow/.local/lib/python3.10/site-packages/airflow/example_dags/example_skip_dag.py
[2025-02-22T22:08:39.067+0000] {logging_mixin.py:154} INFO - [2025-02-22T22:08:39.066+0000] {dag.py:2941} INFO - Sync 1 DAGs
[2025-02-22T22:08:39.117+0000] {logging_mixin.py:154} INFO - [2025-02-22T22:08:39.117+0000] {dag.py:3722} INFO - Setting next_dagrun for example_skip_dag to 2025-02-21T22:08:39.116283+00:00, run_after=2025-02-22T22:08:39.116283+00:00
[2025-02-22T22:08:39.158+0000] {processor.py:179} INFO - Processing /home/airflow/.local/lib/python3.10/site-packages/airflow/example_dags/example_skip_dag.py took 0.203 seconds
[2025-02-22T22:09:09.260+0000] {processor.py:157} INFO - Started process (PID=134) to work on /home/airflow/.local/lib/python3.10/site-packages/airflow/example_dags/example_skip_dag.py
[2025-02-22T22:09:09.261+0000] {processor.py:829} INFO - Processing file /home/airflow/.local/lib/python3.10/site-packages/airflow/example_dags/example_skip_dag.py for tasks to queue
[2025-02-22T22:09:09.262+0000] {logging_mixin.py:154} INFO - [2025-02-22T22:09:09.262+0000] {dagbag.py:536} INFO - Filling up the DagBag from /home/airflow/.local/lib/python3.10/site-packages/airflow/example_dags/example_skip_dag.py
[2025-02-22T22:09:09.268+0000] {processor.py:839} INFO - DAG(s) dict_keys(['example_skip_dag']) retrieved from /home/airflow/.local/lib/python3.10/site-packages/airflow/example_dags/example_skip_dag.py
[2025-02-22T22:09:09.332+0000] {logging_mixin.py:154} INFO - [2025-02-22T22:09:09.332+0000] {dag.py:2941} INFO - Sync 1 DAGs
[2025-02-22T22:09:09.358+0000] {logging_mixin.py:154} INFO - [2025-02-22T22:09:09.358+0000] {dag.py:3722} INFO - Setting next_dagrun for example_skip_dag to 2025-02-21T22:09:09.357972+00:00, run_after=2025-02-22T22:09:09.357972+00:00
[2025-02-22T22:09:09.382+0000] {processor.py:179} INFO - Processing /home/airflow/.local/lib/python3.10/site-packages/airflow/example_dags/example_skip_dag.py took 0.124 seconds
[2025-02-22T22:09:39.712+0000] {processor.py:157} INFO - Started process (PID=194) to work on /home/airflow/.local/lib/python3.10/site-packages/airflow/example_dags/example_skip_dag.py
[2025-02-22T22:09:39.712+0000] {processor.py:829} INFO - Processing file /home/airflow/.local/lib/python3.10/site-packages/airflow/example_dags/example_skip_dag.py for tasks to queue
[2025-02-22T22:09:39.714+0000] {logging_mixin.py:154} INFO - [2025-02-22T22:09:39.714+0000] {dagbag.py:536} INFO - Filling up the DagBag from /home/airflow/.local/lib/python3.10/site-packages/airflow/example_dags/example_skip_dag.py
[2025-02-22T22:09:39.720+0000] {processor.py:839} INFO - DAG(s) dict_keys(['example_skip_dag']) retrieved from /home/airflow/.local/lib/python3.10/site-packages/airflow/example_dags/example_skip_dag.py
[2025-02-22T22:09:39.788+0000] {logging_mixin.py:154} INFO - [2025-02-22T22:09:39.788+0000] {dag.py:2941} INFO - Sync 1 DAGs
[2025-02-22T22:09:39.815+0000] {logging_mixin.py:154} INFO - [2025-02-22T22:09:39.814+0000] {dag.py:3722} INFO - Setting next_dagrun for example_skip_dag to 2025-02-21T22:09:39.814557+00:00, run_after=2025-02-22T22:09:39.814557+00:00
[2025-02-22T22:09:39.833+0000] {processor.py:179} INFO - Processing /home/airflow/.local/lib/python3.10/site-packages/airflow/example_dags/example_skip_dag.py took 0.123 seconds
[2025-02-22T22:10:09.896+0000] {processor.py:157} INFO - Started process (PID=262) to work on /home/airflow/.local/lib/python3.10/site-packages/airflow/example_dags/example_skip_dag.py
[2025-02-22T22:10:09.897+0000] {processor.py:829} INFO - Processing file /home/airflow/.local/lib/python3.10/site-packages/airflow/example_dags/example_skip_dag.py for tasks to queue
[2025-02-22T22:10:09.898+0000] {logging_mixin.py:154} INFO - [2025-02-22T22:10:09.898+0000] {dagbag.py:536} INFO - Filling up the DagBag from /home/airflow/.local/lib/python3.10/site-packages/airflow/example_dags/example_skip_dag.py
[2025-02-22T22:10:09.904+0000] {processor.py:839} INFO - DAG(s) dict_keys(['example_skip_dag']) retrieved from /home/airflow/.local/lib/python3.10/site-packages/airflow/example_dags/example_skip_dag.py
[2025-02-22T22:10:09.973+0000] {logging_mixin.py:154} INFO - [2025-02-22T22:10:09.972+0000] {dag.py:2941} INFO - Sync 1 DAGs
[2025-02-22T22:10:10.003+0000] {logging_mixin.py:154} INFO - [2025-02-22T22:10:10.003+0000] {dag.py:3722} INFO - Setting next_dagrun for example_skip_dag to 2025-02-21T22:10:10.003124+00:00, run_after=2025-02-22T22:10:10.003124+00:00
[2025-02-22T22:10:10.025+0000] {processor.py:179} INFO - Processing /home/airflow/.local/lib/python3.10/site-packages/airflow/example_dags/example_skip_dag.py took 0.130 seconds
[2025-02-22T22:10:40.073+0000] {processor.py:157} INFO - Started process (PID=323) to work on /home/airflow/.local/lib/python3.10/site-packages/airflow/example_dags/example_skip_dag.py
[2025-02-22T22:10:40.074+0000] {processor.py:829} INFO - Processing file /home/airflow/.local/lib/python3.10/site-packages/airflow/example_dags/example_skip_dag.py for tasks to queue
[2025-02-22T22:10:40.075+0000] {logging_mixin.py:154} INFO - [2025-02-22T22:10:40.075+0000] {dagbag.py:536} INFO - Filling up the DagBag from /home/airflow/.local/lib/python3.10/site-packages/airflow/example_dags/example_skip_dag.py
[2025-02-22T22:10:40.081+0000] {processor.py:839} INFO - DAG(s) dict_keys(['example_skip_dag']) retrieved from /home/airflow/.local/lib/python3.10/site-packages/airflow/example_dags/example_skip_dag.py
[2025-02-22T22:10:40.145+0000] {logging_mixin.py:154} INFO - [2025-02-22T22:10:40.144+0000] {dag.py:2941} INFO - Sync 1 DAGs
[2025-02-22T22:10:40.173+0000] {logging_mixin.py:154} INFO - [2025-02-22T22:10:40.173+0000] {dag.py:3722} INFO - Setting next_dagrun for example_skip_dag to 2025-02-21T22:10:40.173300+00:00, run_after=2025-02-22T22:10:40.173300+00:00
[2025-02-22T22:10:40.192+0000] {processor.py:179} INFO - Processing /home/airflow/.local/lib/python3.10/site-packages/airflow/example_dags/example_skip_dag.py took 0.121 seconds
[2025-02-22T22:11:10.757+0000] {processor.py:157} INFO - Started process (PID=389) to work on /home/airflow/.local/lib/python3.10/site-packages/airflow/example_dags/example_skip_dag.py
[2025-02-22T22:11:10.758+0000] {processor.py:829} INFO - Processing file /home/airflow/.local/lib/python3.10/site-packages/airflow/example_dags/example_skip_dag.py for tasks to queue
[2025-02-22T22:11:10.760+0000] {logging_mixin.py:154} INFO - [2025-02-22T22:11:10.759+0000] {dagbag.py:536} INFO - Filling up the DagBag from /home/airflow/.local/lib/python3.10/site-packages/airflow/example_dags/example_skip_dag.py
[2025-02-22T22:11:10.765+0000] {processor.py:839} INFO - DAG(s) dict_keys(['example_skip_dag']) retrieved from /home/airflow/.local/lib/python3.10/site-packages/airflow/example_dags/example_skip_dag.py
[2025-02-22T22:11:10.834+0000] {logging_mixin.py:154} INFO - [2025-02-22T22:11:10.833+0000] {dag.py:2941} INFO - Sync 1 DAGs
[2025-02-22T22:11:10.862+0000] {logging_mixin.py:154} INFO - [2025-02-22T22:11:10.862+0000] {dag.py:3722} INFO - Setting next_dagrun for example_skip_dag to 2025-02-21T22:11:10.862012+00:00, run_after=2025-02-22T22:11:10.862012+00:00
[2025-02-22T22:11:10.881+0000] {processor.py:179} INFO - Processing /home/airflow/.local/lib/python3.10/site-packages/airflow/example_dags/example_skip_dag.py took 0.126 seconds
[2025-02-22T22:11:41.525+0000] {processor.py:157} INFO - Started process (PID=450) to work on /home/airflow/.local/lib/python3.10/site-packages/airflow/example_dags/example_skip_dag.py
[2025-02-22T22:11:41.526+0000] {processor.py:829} INFO - Processing file /home/airflow/.local/lib/python3.10/site-packages/airflow/example_dags/example_skip_dag.py for tasks to queue
[2025-02-22T22:11:41.528+0000] {logging_mixin.py:154} INFO - [2025-02-22T22:11:41.527+0000] {dagbag.py:536} INFO - Filling up the DagBag from /home/airflow/.local/lib/python3.10/site-packages/airflow/example_dags/example_skip_dag.py
[2025-02-22T22:11:41.540+0000] {processor.py:839} INFO - DAG(s) dict_keys(['example_skip_dag']) retrieved from /home/airflow/.local/lib/python3.10/site-packages/airflow/example_dags/example_skip_dag.py
[2025-02-22T22:11:41.613+0000] {logging_mixin.py:154} INFO - [2025-02-22T22:11:41.613+0000] {dag.py:2941} INFO - Sync 1 DAGs
[2025-02-22T22:11:41.642+0000] {logging_mixin.py:154} INFO - [2025-02-22T22:11:41.641+0000] {dag.py:3722} INFO - Setting next_dagrun for example_skip_dag to 2025-02-21T22:11:41.641546+00:00, run_after=2025-02-22T22:11:41.641546+00:00
[2025-02-22T22:11:41.663+0000] {processor.py:179} INFO - Processing /home/airflow/.local/lib/python3.10/site-packages/airflow/example_dags/example_skip_dag.py took 0.141 seconds
[2025-02-22T22:12:12.380+0000] {processor.py:157} INFO - Started process (PID=518) to work on /home/airflow/.local/lib/python3.10/site-packages/airflow/example_dags/example_skip_dag.py
[2025-02-22T22:12:12.381+0000] {processor.py:829} INFO - Processing file /home/airflow/.local/lib/python3.10/site-packages/airflow/example_dags/example_skip_dag.py for tasks to queue
[2025-02-22T22:12:12.382+0000] {logging_mixin.py:154} INFO - [2025-02-22T22:12:12.382+0000] {dagbag.py:536} INFO - Filling up the DagBag from /home/airflow/.local/lib/python3.10/site-packages/airflow/example_dags/example_skip_dag.py
[2025-02-22T22:12:12.393+0000] {processor.py:839} INFO - DAG(s) dict_keys(['example_skip_dag']) retrieved from /home/airflow/.local/lib/python3.10/site-packages/airflow/example_dags/example_skip_dag.py
[2025-02-22T22:12:12.459+0000] {logging_mixin.py:154} INFO - [2025-02-22T22:12:12.459+0000] {dag.py:2941} INFO - Sync 1 DAGs
[2025-02-22T22:12:12.487+0000] {logging_mixin.py:154} INFO - [2025-02-22T22:12:12.487+0000] {dag.py:3722} INFO - Setting next_dagrun for example_skip_dag to 2025-02-21T22:12:12.487087+00:00, run_after=2025-02-22T22:12:12.487087+00:00
[2025-02-22T22:12:12.506+0000] {processor.py:179} INFO - Processing /home/airflow/.local/lib/python3.10/site-packages/airflow/example_dags/example_skip_dag.py took 0.129 seconds
[2025-02-22T22:12:42.936+0000] {processor.py:157} INFO - Started process (PID=579) to work on /home/airflow/.local/lib/python3.10/site-packages/airflow/example_dags/example_skip_dag.py
[2025-02-22T22:12:42.938+0000] {processor.py:829} INFO - Processing file /home/airflow/.local/lib/python3.10/site-packages/airflow/example_dags/example_skip_dag.py for tasks to queue
[2025-02-22T22:12:42.941+0000] {logging_mixin.py:154} INFO - [2025-02-22T22:12:42.941+0000] {dagbag.py:536} INFO - Filling up the DagBag from /home/airflow/.local/lib/python3.10/site-packages/airflow/example_dags/example_skip_dag.py
[2025-02-22T22:12:42.948+0000] {processor.py:839} INFO - DAG(s) dict_keys(['example_skip_dag']) retrieved from /home/airflow/.local/lib/python3.10/site-packages/airflow/example_dags/example_skip_dag.py
[2025-02-22T22:12:43.020+0000] {logging_mixin.py:154} INFO - [2025-02-22T22:12:43.020+0000] {dag.py:2941} INFO - Sync 1 DAGs
[2025-02-22T22:12:43.060+0000] {logging_mixin.py:154} INFO - [2025-02-22T22:12:43.060+0000] {dag.py:3722} INFO - Setting next_dagrun for example_skip_dag to 2025-02-21T22:12:43.060202+00:00, run_after=2025-02-22T22:12:43.060202+00:00
[2025-02-22T22:12:43.088+0000] {processor.py:179} INFO - Processing /home/airflow/.local/lib/python3.10/site-packages/airflow/example_dags/example_skip_dag.py took 0.154 seconds
[2025-02-22T22:13:14.492+0000] {processor.py:157} INFO - Started process (PID=646) to work on /home/airflow/.local/lib/python3.10/site-packages/airflow/example_dags/example_skip_dag.py
[2025-02-22T22:13:14.494+0000] {processor.py:829} INFO - Processing file /home/airflow/.local/lib/python3.10/site-packages/airflow/example_dags/example_skip_dag.py for tasks to queue
[2025-02-22T22:13:14.495+0000] {logging_mixin.py:154} INFO - [2025-02-22T22:13:14.495+0000] {dagbag.py:536} INFO - Filling up the DagBag from /home/airflow/.local/lib/python3.10/site-packages/airflow/example_dags/example_skip_dag.py
[2025-02-22T22:13:14.504+0000] {processor.py:839} INFO - DAG(s) dict_keys(['example_skip_dag']) retrieved from /home/airflow/.local/lib/python3.10/site-packages/airflow/example_dags/example_skip_dag.py
[2025-02-22T22:13:14.582+0000] {logging_mixin.py:154} INFO - [2025-02-22T22:13:14.582+0000] {dag.py:2941} INFO - Sync 1 DAGs
[2025-02-22T22:13:14.608+0000] {logging_mixin.py:154} INFO - [2025-02-22T22:13:14.608+0000] {dag.py:3722} INFO - Setting next_dagrun for example_skip_dag to 2025-02-21T22:13:14.608391+00:00, run_after=2025-02-22T22:13:14.608391+00:00
[2025-02-22T22:13:14.626+0000] {processor.py:179} INFO - Processing /home/airflow/.local/lib/python3.10/site-packages/airflow/example_dags/example_skip_dag.py took 0.136 seconds
[2025-02-22T22:13:44.962+0000] {processor.py:157} INFO - Started process (PID=714) to work on /home/airflow/.local/lib/python3.10/site-packages/airflow/example_dags/example_skip_dag.py
[2025-02-22T22:13:44.963+0000] {processor.py:829} INFO - Processing file /home/airflow/.local/lib/python3.10/site-packages/airflow/example_dags/example_skip_dag.py for tasks to queue
[2025-02-22T22:13:44.966+0000] {logging_mixin.py:154} INFO - [2025-02-22T22:13:44.965+0000] {dagbag.py:536} INFO - Filling up the DagBag from /home/airflow/.local/lib/python3.10/site-packages/airflow/example_dags/example_skip_dag.py
[2025-02-22T22:13:44.973+0000] {processor.py:839} INFO - DAG(s) dict_keys(['example_skip_dag']) retrieved from /home/airflow/.local/lib/python3.10/site-packages/airflow/example_dags/example_skip_dag.py
[2025-02-22T22:13:45.054+0000] {logging_mixin.py:154} INFO - [2025-02-22T22:13:45.053+0000] {dag.py:2941} INFO - Sync 1 DAGs
[2025-02-22T22:13:45.082+0000] {logging_mixin.py:154} INFO - [2025-02-22T22:13:45.082+0000] {dag.py:3722} INFO - Setting next_dagrun for example_skip_dag to 2025-02-21T22:13:45.082012+00:00, run_after=2025-02-22T22:13:45.082012+00:00
[2025-02-22T22:13:45.106+0000] {processor.py:179} INFO - Processing /home/airflow/.local/lib/python3.10/site-packages/airflow/example_dags/example_skip_dag.py took 0.147 seconds
[2025-02-22T22:14:15.194+0000] {processor.py:157} INFO - Started process (PID=775) to work on /home/airflow/.local/lib/python3.10/site-packages/airflow/example_dags/example_skip_dag.py
[2025-02-22T22:14:15.196+0000] {processor.py:829} INFO - Processing file /home/airflow/.local/lib/python3.10/site-packages/airflow/example_dags/example_skip_dag.py for tasks to queue
[2025-02-22T22:14:15.199+0000] {logging_mixin.py:154} INFO - [2025-02-22T22:14:15.199+0000] {dagbag.py:536} INFO - Filling up the DagBag from /home/airflow/.local/lib/python3.10/site-packages/airflow/example_dags/example_skip_dag.py
[2025-02-22T22:14:15.209+0000] {processor.py:839} INFO - DAG(s) dict_keys(['example_skip_dag']) retrieved from /home/airflow/.local/lib/python3.10/site-packages/airflow/example_dags/example_skip_dag.py
[2025-02-22T22:14:15.331+0000] {logging_mixin.py:154} INFO - [2025-02-22T22:14:15.331+0000] {dag.py:2941} INFO - Sync 1 DAGs
[2025-02-22T22:14:15.372+0000] {logging_mixin.py:154} INFO - [2025-02-22T22:14:15.372+0000] {dag.py:3722} INFO - Setting next_dagrun for example_skip_dag to 2025-02-21T22:14:15.372003+00:00, run_after=2025-02-22T22:14:15.372003+00:00
[2025-02-22T22:14:15.399+0000] {processor.py:179} INFO - Processing /home/airflow/.local/lib/python3.10/site-packages/airflow/example_dags/example_skip_dag.py took 0.208 seconds
[2025-02-22T22:14:46.155+0000] {processor.py:157} INFO - Started process (PID=843) to work on /home/airflow/.local/lib/python3.10/site-packages/airflow/example_dags/example_skip_dag.py
[2025-02-22T22:14:46.156+0000] {processor.py:829} INFO - Processing file /home/airflow/.local/lib/python3.10/site-packages/airflow/example_dags/example_skip_dag.py for tasks to queue
[2025-02-22T22:14:46.159+0000] {logging_mixin.py:154} INFO - [2025-02-22T22:14:46.159+0000] {dagbag.py:536} INFO - Filling up the DagBag from /home/airflow/.local/lib/python3.10/site-packages/airflow/example_dags/example_skip_dag.py
[2025-02-22T22:14:46.167+0000] {processor.py:839} INFO - DAG(s) dict_keys(['example_skip_dag']) retrieved from /home/airflow/.local/lib/python3.10/site-packages/airflow/example_dags/example_skip_dag.py
[2025-02-22T22:14:46.250+0000] {logging_mixin.py:154} INFO - [2025-02-22T22:14:46.250+0000] {dag.py:2941} INFO - Sync 1 DAGs
[2025-02-22T22:14:46.287+0000] {logging_mixin.py:154} INFO - [2025-02-22T22:14:46.286+0000] {dag.py:3722} INFO - Setting next_dagrun for example_skip_dag to 2025-02-21T22:14:46.286585+00:00, run_after=2025-02-22T22:14:46.286585+00:00
[2025-02-22T22:14:46.322+0000] {processor.py:179} INFO - Processing /home/airflow/.local/lib/python3.10/site-packages/airflow/example_dags/example_skip_dag.py took 0.169 seconds
[2025-02-22T22:15:17.091+0000] {processor.py:157} INFO - Started process (PID=904) to work on /home/airflow/.local/lib/python3.10/site-packages/airflow/example_dags/example_skip_dag.py
[2025-02-22T22:15:17.092+0000] {processor.py:829} INFO - Processing file /home/airflow/.local/lib/python3.10/site-packages/airflow/example_dags/example_skip_dag.py for tasks to queue
[2025-02-22T22:15:17.093+0000] {logging_mixin.py:154} INFO - [2025-02-22T22:15:17.093+0000] {dagbag.py:536} INFO - Filling up the DagBag from /home/airflow/.local/lib/python3.10/site-packages/airflow/example_dags/example_skip_dag.py
[2025-02-22T22:15:17.100+0000] {processor.py:839} INFO - DAG(s) dict_keys(['example_skip_dag']) retrieved from /home/airflow/.local/lib/python3.10/site-packages/airflow/example_dags/example_skip_dag.py
[2025-02-22T22:15:17.173+0000] {logging_mixin.py:154} INFO - [2025-02-22T22:15:17.173+0000] {dag.py:2941} INFO - Sync 1 DAGs
[2025-02-22T22:15:17.210+0000] {logging_mixin.py:154} INFO - [2025-02-22T22:15:17.210+0000] {dag.py:3722} INFO - Setting next_dagrun for example_skip_dag to 2025-02-21T22:15:17.209986+00:00, run_after=2025-02-22T22:15:17.209986+00:00
[2025-02-22T22:15:17.231+0000] {processor.py:179} INFO - Processing /home/airflow/.local/lib/python3.10/site-packages/airflow/example_dags/example_skip_dag.py took 0.142 seconds
[2025-02-22T22:15:47.512+0000] {processor.py:157} INFO - Started process (PID=972) to work on /home/airflow/.local/lib/python3.10/site-packages/airflow/example_dags/example_skip_dag.py
[2025-02-22T22:15:47.513+0000] {processor.py:829} INFO - Processing file /home/airflow/.local/lib/python3.10/site-packages/airflow/example_dags/example_skip_dag.py for tasks to queue
[2025-02-22T22:15:47.515+0000] {logging_mixin.py:154} INFO - [2025-02-22T22:15:47.515+0000] {dagbag.py:536} INFO - Filling up the DagBag from /home/airflow/.local/lib/python3.10/site-packages/airflow/example_dags/example_skip_dag.py
[2025-02-22T22:15:47.522+0000] {processor.py:839} INFO - DAG(s) dict_keys(['example_skip_dag']) retrieved from /home/airflow/.local/lib/python3.10/site-packages/airflow/example_dags/example_skip_dag.py
[2025-02-22T22:15:47.597+0000] {logging_mixin.py:154} INFO - [2025-02-22T22:15:47.597+0000] {dag.py:2941} INFO - Sync 1 DAGs
[2025-02-22T22:15:47.626+0000] {logging_mixin.py:154} INFO - [2025-02-22T22:15:47.626+0000] {dag.py:3722} INFO - Setting next_dagrun for example_skip_dag to 2025-02-21T22:15:47.626244+00:00, run_after=2025-02-22T22:15:47.626244+00:00
[2025-02-22T22:15:47.648+0000] {processor.py:179} INFO - Processing /home/airflow/.local/lib/python3.10/site-packages/airflow/example_dags/example_skip_dag.py took 0.138 seconds
[2025-02-22T22:16:18.715+0000] {processor.py:157} INFO - Started process (PID=1033) to work on /home/airflow/.local/lib/python3.10/site-packages/airflow/example_dags/example_skip_dag.py
[2025-02-22T22:16:18.724+0000] {processor.py:829} INFO - Processing file /home/airflow/.local/lib/python3.10/site-packages/airflow/example_dags/example_skip_dag.py for tasks to queue
[2025-02-22T22:16:18.738+0000] {logging_mixin.py:154} INFO - [2025-02-22T22:16:18.736+0000] {dagbag.py:536} INFO - Filling up the DagBag from /home/airflow/.local/lib/python3.10/site-packages/airflow/example_dags/example_skip_dag.py
[2025-02-22T22:16:18.772+0000] {processor.py:839} INFO - DAG(s) dict_keys(['example_skip_dag']) retrieved from /home/airflow/.local/lib/python3.10/site-packages/airflow/example_dags/example_skip_dag.py
[2025-02-22T22:16:18.928+0000] {logging_mixin.py:154} INFO - [2025-02-22T22:16:18.927+0000] {dag.py:2941} INFO - Sync 1 DAGs
[2025-02-22T22:16:18.970+0000] {logging_mixin.py:154} INFO - [2025-02-22T22:16:18.970+0000] {dag.py:3722} INFO - Setting next_dagrun for example_skip_dag to 2025-02-21T22:16:18.969691+00:00, run_after=2025-02-22T22:16:18.969691+00:00
[2025-02-22T22:16:18.997+0000] {processor.py:179} INFO - Processing /home/airflow/.local/lib/python3.10/site-packages/airflow/example_dags/example_skip_dag.py took 0.289 seconds
[2025-02-22T22:16:49.221+0000] {processor.py:157} INFO - Started process (PID=1101) to work on /home/airflow/.local/lib/python3.10/site-packages/airflow/example_dags/example_skip_dag.py
[2025-02-22T22:16:49.222+0000] {processor.py:829} INFO - Processing file /home/airflow/.local/lib/python3.10/site-packages/airflow/example_dags/example_skip_dag.py for tasks to queue
[2025-02-22T22:16:49.224+0000] {logging_mixin.py:154} INFO - [2025-02-22T22:16:49.224+0000] {dagbag.py:536} INFO - Filling up the DagBag from /home/airflow/.local/lib/python3.10/site-packages/airflow/example_dags/example_skip_dag.py
[2025-02-22T22:16:49.229+0000] {processor.py:839} INFO - DAG(s) dict_keys(['example_skip_dag']) retrieved from /home/airflow/.local/lib/python3.10/site-packages/airflow/example_dags/example_skip_dag.py
[2025-02-22T22:16:49.294+0000] {logging_mixin.py:154} INFO - [2025-02-22T22:16:49.294+0000] {dag.py:2941} INFO - Sync 1 DAGs
[2025-02-22T22:16:49.322+0000] {logging_mixin.py:154} INFO - [2025-02-22T22:16:49.322+0000] {dag.py:3722} INFO - Setting next_dagrun for example_skip_dag to 2025-02-21T22:16:49.321702+00:00, run_after=2025-02-22T22:16:49.321702+00:00
[2025-02-22T22:16:49.341+0000] {processor.py:179} INFO - Processing /home/airflow/.local/lib/python3.10/site-packages/airflow/example_dags/example_skip_dag.py took 0.122 seconds
