[2025-02-22T21:47:16.510+0000] {processor.py:157} INFO - Started process (PID=54) to work on /home/airflow/.local/lib/python3.10/site-packages/airflow/example_dags/example_branch_labels.py
[2025-02-22T21:47:16.512+0000] {processor.py:829} INFO - Processing file /home/airflow/.local/lib/python3.10/site-packages/airflow/example_dags/example_branch_labels.py for tasks to queue
[2025-02-22T21:47:16.517+0000] {logging_mixin.py:154} INFO - [2025-02-22T21:47:16.516+0000] {dagbag.py:536} INFO - Filling up the DagBag from /home/airflow/.local/lib/python3.10/site-packages/airflow/example_dags/example_branch_labels.py
[2025-02-22T21:47:16.534+0000] {processor.py:839} INFO - DAG(s) dict_keys(['example_branch_labels']) retrieved from /home/airflow/.local/lib/python3.10/site-packages/airflow/example_dags/example_branch_labels.py
[2025-02-22T21:47:16.685+0000] {logging_mixin.py:154} INFO - [2025-02-22T21:47:16.684+0000] {manager.py:499} INFO - Created Permission View: %s
[2025-02-22T21:47:16.698+0000] {logging_mixin.py:154} INFO - [2025-02-22T21:47:16.698+0000] {manager.py:499} INFO - Created Permission View: %s
[2025-02-22T21:47:16.705+0000] {logging_mixin.py:154} INFO - [2025-02-22T21:47:16.705+0000] {manager.py:499} INFO - Created Permission View: %s
[2025-02-22T21:47:16.706+0000] {logging_mixin.py:154} INFO - [2025-02-22T21:47:16.706+0000] {dag.py:2941} INFO - Sync 1 DAGs
[2025-02-22T21:47:16.718+0000] {logging_mixin.py:154} INFO - [2025-02-22T21:47:16.718+0000] {dag.py:2963} INFO - Creating ORM DAG for example_branch_labels
[2025-02-22T21:47:16.747+0000] {logging_mixin.py:154} INFO - [2025-02-22T21:47:16.746+0000] {dag.py:3722} INFO - Setting next_dagrun for example_branch_labels to 2025-02-21T00:00:00+00:00, run_after=2025-02-22T00:00:00+00:00
[2025-02-22T21:47:16.769+0000] {processor.py:179} INFO - Processing /home/airflow/.local/lib/python3.10/site-packages/airflow/example_dags/example_branch_labels.py took 0.263 seconds
[2025-02-22T21:48:58.578+0000] {processor.py:157} INFO - Started process (PID=54) to work on /home/airflow/.local/lib/python3.10/site-packages/airflow/example_dags/example_branch_labels.py
[2025-02-22T21:48:58.579+0000] {processor.py:829} INFO - Processing file /home/airflow/.local/lib/python3.10/site-packages/airflow/example_dags/example_branch_labels.py for tasks to queue
[2025-02-22T21:48:58.582+0000] {logging_mixin.py:154} INFO - [2025-02-22T21:48:58.582+0000] {dagbag.py:536} INFO - Filling up the DagBag from /home/airflow/.local/lib/python3.10/site-packages/airflow/example_dags/example_branch_labels.py
[2025-02-22T21:48:58.592+0000] {processor.py:839} INFO - DAG(s) dict_keys(['example_branch_labels']) retrieved from /home/airflow/.local/lib/python3.10/site-packages/airflow/example_dags/example_branch_labels.py
[2025-02-22T21:48:58.672+0000] {logging_mixin.py:154} INFO - [2025-02-22T21:48:58.672+0000] {dag.py:2941} INFO - Sync 1 DAGs
[2025-02-22T21:48:58.713+0000] {logging_mixin.py:154} INFO - [2025-02-22T21:48:58.713+0000] {dag.py:3722} INFO - Setting next_dagrun for example_branch_labels to 2025-02-21T00:00:00+00:00, run_after=2025-02-22T00:00:00+00:00
[2025-02-22T21:48:58.758+0000] {processor.py:179} INFO - Processing /home/airflow/.local/lib/python3.10/site-packages/airflow/example_dags/example_branch_labels.py took 0.184 seconds
[2025-02-22T21:56:48.983+0000] {processor.py:157} INFO - Started process (PID=54) to work on /home/airflow/.local/lib/python3.10/site-packages/airflow/example_dags/example_branch_labels.py
[2025-02-22T21:56:48.985+0000] {processor.py:829} INFO - Processing file /home/airflow/.local/lib/python3.10/site-packages/airflow/example_dags/example_branch_labels.py for tasks to queue
[2025-02-22T21:56:48.986+0000] {logging_mixin.py:154} INFO - [2025-02-22T21:56:48.986+0000] {dagbag.py:536} INFO - Filling up the DagBag from /home/airflow/.local/lib/python3.10/site-packages/airflow/example_dags/example_branch_labels.py
[2025-02-22T21:56:48.998+0000] {processor.py:839} INFO - DAG(s) dict_keys(['example_branch_labels']) retrieved from /home/airflow/.local/lib/python3.10/site-packages/airflow/example_dags/example_branch_labels.py
[2025-02-22T21:56:49.078+0000] {logging_mixin.py:154} INFO - [2025-02-22T21:56:49.078+0000] {dag.py:2941} INFO - Sync 1 DAGs
[2025-02-22T21:56:49.126+0000] {logging_mixin.py:154} INFO - [2025-02-22T21:56:49.126+0000] {dag.py:3722} INFO - Setting next_dagrun for example_branch_labels to 2025-02-21T00:00:00+00:00, run_after=2025-02-22T00:00:00+00:00
[2025-02-22T21:56:49.160+0000] {processor.py:179} INFO - Processing /home/airflow/.local/lib/python3.10/site-packages/airflow/example_dags/example_branch_labels.py took 0.180 seconds
[2025-02-22T21:57:19.933+0000] {processor.py:157} INFO - Started process (PID=122) to work on /home/airflow/.local/lib/python3.10/site-packages/airflow/example_dags/example_branch_labels.py
[2025-02-22T21:57:19.934+0000] {processor.py:829} INFO - Processing file /home/airflow/.local/lib/python3.10/site-packages/airflow/example_dags/example_branch_labels.py for tasks to queue
[2025-02-22T21:57:19.935+0000] {logging_mixin.py:154} INFO - [2025-02-22T21:57:19.935+0000] {dagbag.py:536} INFO - Filling up the DagBag from /home/airflow/.local/lib/python3.10/site-packages/airflow/example_dags/example_branch_labels.py
[2025-02-22T21:57:19.944+0000] {processor.py:839} INFO - DAG(s) dict_keys(['example_branch_labels']) retrieved from /home/airflow/.local/lib/python3.10/site-packages/airflow/example_dags/example_branch_labels.py
[2025-02-22T21:57:20.017+0000] {logging_mixin.py:154} INFO - [2025-02-22T21:57:20.017+0000] {dag.py:2941} INFO - Sync 1 DAGs
[2025-02-22T21:57:20.053+0000] {logging_mixin.py:154} INFO - [2025-02-22T21:57:20.052+0000] {dag.py:3722} INFO - Setting next_dagrun for example_branch_labels to 2025-02-21T00:00:00+00:00, run_after=2025-02-22T00:00:00+00:00
[2025-02-22T21:57:20.077+0000] {processor.py:179} INFO - Processing /home/airflow/.local/lib/python3.10/site-packages/airflow/example_dags/example_branch_labels.py took 0.147 seconds
[2025-02-22T21:59:52.676+0000] {processor.py:157} INFO - Started process (PID=54) to work on /home/airflow/.local/lib/python3.10/site-packages/airflow/example_dags/example_branch_labels.py
[2025-02-22T21:59:52.678+0000] {processor.py:829} INFO - Processing file /home/airflow/.local/lib/python3.10/site-packages/airflow/example_dags/example_branch_labels.py for tasks to queue
[2025-02-22T21:59:52.683+0000] {logging_mixin.py:154} INFO - [2025-02-22T21:59:52.683+0000] {dagbag.py:536} INFO - Filling up the DagBag from /home/airflow/.local/lib/python3.10/site-packages/airflow/example_dags/example_branch_labels.py
[2025-02-22T21:59:52.702+0000] {processor.py:839} INFO - DAG(s) dict_keys(['example_branch_labels']) retrieved from /home/airflow/.local/lib/python3.10/site-packages/airflow/example_dags/example_branch_labels.py
[2025-02-22T21:59:52.862+0000] {logging_mixin.py:154} INFO - [2025-02-22T21:59:52.861+0000] {dag.py:2941} INFO - Sync 1 DAGs
[2025-02-22T21:59:52.947+0000] {logging_mixin.py:154} INFO - [2025-02-22T21:59:52.946+0000] {dag.py:3722} INFO - Setting next_dagrun for example_branch_labels to 2025-02-21T00:00:00+00:00, run_after=2025-02-22T00:00:00+00:00
[2025-02-22T21:59:53.001+0000] {processor.py:179} INFO - Processing /home/airflow/.local/lib/python3.10/site-packages/airflow/example_dags/example_branch_labels.py took 0.328 seconds
[2025-02-22T22:00:23.806+0000] {processor.py:157} INFO - Started process (PID=122) to work on /home/airflow/.local/lib/python3.10/site-packages/airflow/example_dags/example_branch_labels.py
[2025-02-22T22:00:23.807+0000] {processor.py:829} INFO - Processing file /home/airflow/.local/lib/python3.10/site-packages/airflow/example_dags/example_branch_labels.py for tasks to queue
[2025-02-22T22:00:23.809+0000] {logging_mixin.py:154} INFO - [2025-02-22T22:00:23.809+0000] {dagbag.py:536} INFO - Filling up the DagBag from /home/airflow/.local/lib/python3.10/site-packages/airflow/example_dags/example_branch_labels.py
[2025-02-22T22:00:23.816+0000] {processor.py:839} INFO - DAG(s) dict_keys(['example_branch_labels']) retrieved from /home/airflow/.local/lib/python3.10/site-packages/airflow/example_dags/example_branch_labels.py
[2025-02-22T22:00:23.882+0000] {logging_mixin.py:154} INFO - [2025-02-22T22:00:23.882+0000] {dag.py:2941} INFO - Sync 1 DAGs
[2025-02-22T22:00:23.909+0000] {logging_mixin.py:154} INFO - [2025-02-22T22:00:23.909+0000] {dag.py:3722} INFO - Setting next_dagrun for example_branch_labels to 2025-02-21T00:00:00+00:00, run_after=2025-02-22T00:00:00+00:00
[2025-02-22T22:00:23.925+0000] {processor.py:179} INFO - Processing /home/airflow/.local/lib/python3.10/site-packages/airflow/example_dags/example_branch_labels.py took 0.121 seconds
[2025-02-22T22:00:54.021+0000] {processor.py:157} INFO - Started process (PID=183) to work on /home/airflow/.local/lib/python3.10/site-packages/airflow/example_dags/example_branch_labels.py
[2025-02-22T22:00:54.023+0000] {processor.py:829} INFO - Processing file /home/airflow/.local/lib/python3.10/site-packages/airflow/example_dags/example_branch_labels.py for tasks to queue
[2025-02-22T22:00:54.025+0000] {logging_mixin.py:154} INFO - [2025-02-22T22:00:54.024+0000] {dagbag.py:536} INFO - Filling up the DagBag from /home/airflow/.local/lib/python3.10/site-packages/airflow/example_dags/example_branch_labels.py
[2025-02-22T22:00:54.032+0000] {processor.py:839} INFO - DAG(s) dict_keys(['example_branch_labels']) retrieved from /home/airflow/.local/lib/python3.10/site-packages/airflow/example_dags/example_branch_labels.py
[2025-02-22T22:00:54.097+0000] {logging_mixin.py:154} INFO - [2025-02-22T22:00:54.097+0000] {dag.py:2941} INFO - Sync 1 DAGs
[2025-02-22T22:00:54.124+0000] {logging_mixin.py:154} INFO - [2025-02-22T22:00:54.124+0000] {dag.py:3722} INFO - Setting next_dagrun for example_branch_labels to 2025-02-21T00:00:00+00:00, run_after=2025-02-22T00:00:00+00:00
[2025-02-22T22:00:54.140+0000] {processor.py:179} INFO - Processing /home/airflow/.local/lib/python3.10/site-packages/airflow/example_dags/example_branch_labels.py took 0.121 seconds
[2025-02-22T22:01:24.566+0000] {processor.py:157} INFO - Started process (PID=251) to work on /home/airflow/.local/lib/python3.10/site-packages/airflow/example_dags/example_branch_labels.py
[2025-02-22T22:01:24.566+0000] {processor.py:829} INFO - Processing file /home/airflow/.local/lib/python3.10/site-packages/airflow/example_dags/example_branch_labels.py for tasks to queue
[2025-02-22T22:01:24.569+0000] {logging_mixin.py:154} INFO - [2025-02-22T22:01:24.569+0000] {dagbag.py:536} INFO - Filling up the DagBag from /home/airflow/.local/lib/python3.10/site-packages/airflow/example_dags/example_branch_labels.py
[2025-02-22T22:01:24.579+0000] {processor.py:839} INFO - DAG(s) dict_keys(['example_branch_labels']) retrieved from /home/airflow/.local/lib/python3.10/site-packages/airflow/example_dags/example_branch_labels.py
[2025-02-22T22:01:24.646+0000] {logging_mixin.py:154} INFO - [2025-02-22T22:01:24.646+0000] {dag.py:2941} INFO - Sync 1 DAGs
[2025-02-22T22:01:24.674+0000] {logging_mixin.py:154} INFO - [2025-02-22T22:01:24.674+0000] {dag.py:3722} INFO - Setting next_dagrun for example_branch_labels to 2025-02-21T00:00:00+00:00, run_after=2025-02-22T00:00:00+00:00
[2025-02-22T22:01:24.692+0000] {processor.py:179} INFO - Processing /home/airflow/.local/lib/python3.10/site-packages/airflow/example_dags/example_branch_labels.py took 0.128 seconds
[2025-02-22T22:01:55.128+0000] {processor.py:157} INFO - Started process (PID=311) to work on /home/airflow/.local/lib/python3.10/site-packages/airflow/example_dags/example_branch_labels.py
[2025-02-22T22:01:55.129+0000] {processor.py:829} INFO - Processing file /home/airflow/.local/lib/python3.10/site-packages/airflow/example_dags/example_branch_labels.py for tasks to queue
[2025-02-22T22:01:55.131+0000] {logging_mixin.py:154} INFO - [2025-02-22T22:01:55.130+0000] {dagbag.py:536} INFO - Filling up the DagBag from /home/airflow/.local/lib/python3.10/site-packages/airflow/example_dags/example_branch_labels.py
[2025-02-22T22:01:55.140+0000] {processor.py:839} INFO - DAG(s) dict_keys(['example_branch_labels']) retrieved from /home/airflow/.local/lib/python3.10/site-packages/airflow/example_dags/example_branch_labels.py
[2025-02-22T22:01:55.208+0000] {logging_mixin.py:154} INFO - [2025-02-22T22:01:55.207+0000] {dag.py:2941} INFO - Sync 1 DAGs
[2025-02-22T22:01:55.237+0000] {logging_mixin.py:154} INFO - [2025-02-22T22:01:55.237+0000] {dag.py:3722} INFO - Setting next_dagrun for example_branch_labels to 2025-02-21T00:00:00+00:00, run_after=2025-02-22T00:00:00+00:00
[2025-02-22T22:01:55.254+0000] {processor.py:179} INFO - Processing /home/airflow/.local/lib/python3.10/site-packages/airflow/example_dags/example_branch_labels.py took 0.129 seconds
[2025-02-22T22:02:25.994+0000] {processor.py:157} INFO - Started process (PID=378) to work on /home/airflow/.local/lib/python3.10/site-packages/airflow/example_dags/example_branch_labels.py
[2025-02-22T22:02:25.995+0000] {processor.py:829} INFO - Processing file /home/airflow/.local/lib/python3.10/site-packages/airflow/example_dags/example_branch_labels.py for tasks to queue
[2025-02-22T22:02:25.997+0000] {logging_mixin.py:154} INFO - [2025-02-22T22:02:25.997+0000] {dagbag.py:536} INFO - Filling up the DagBag from /home/airflow/.local/lib/python3.10/site-packages/airflow/example_dags/example_branch_labels.py
[2025-02-22T22:02:26.005+0000] {processor.py:839} INFO - DAG(s) dict_keys(['example_branch_labels']) retrieved from /home/airflow/.local/lib/python3.10/site-packages/airflow/example_dags/example_branch_labels.py
[2025-02-22T22:02:26.075+0000] {logging_mixin.py:154} INFO - [2025-02-22T22:02:26.074+0000] {dag.py:2941} INFO - Sync 1 DAGs
[2025-02-22T22:02:26.105+0000] {logging_mixin.py:154} INFO - [2025-02-22T22:02:26.104+0000] {dag.py:3722} INFO - Setting next_dagrun for example_branch_labels to 2025-02-21T00:00:00+00:00, run_after=2025-02-22T00:00:00+00:00
[2025-02-22T22:02:26.125+0000] {processor.py:179} INFO - Processing /home/airflow/.local/lib/python3.10/site-packages/airflow/example_dags/example_branch_labels.py took 0.133 seconds
[2025-02-22T22:02:56.553+0000] {processor.py:157} INFO - Started process (PID=439) to work on /home/airflow/.local/lib/python3.10/site-packages/airflow/example_dags/example_branch_labels.py
[2025-02-22T22:02:56.554+0000] {processor.py:829} INFO - Processing file /home/airflow/.local/lib/python3.10/site-packages/airflow/example_dags/example_branch_labels.py for tasks to queue
[2025-02-22T22:02:56.556+0000] {logging_mixin.py:154} INFO - [2025-02-22T22:02:56.556+0000] {dagbag.py:536} INFO - Filling up the DagBag from /home/airflow/.local/lib/python3.10/site-packages/airflow/example_dags/example_branch_labels.py
[2025-02-22T22:02:56.567+0000] {processor.py:839} INFO - DAG(s) dict_keys(['example_branch_labels']) retrieved from /home/airflow/.local/lib/python3.10/site-packages/airflow/example_dags/example_branch_labels.py
[2025-02-22T22:02:56.643+0000] {logging_mixin.py:154} INFO - [2025-02-22T22:02:56.642+0000] {dag.py:2941} INFO - Sync 1 DAGs
[2025-02-22T22:02:56.694+0000] {logging_mixin.py:154} INFO - [2025-02-22T22:02:56.694+0000] {dag.py:3722} INFO - Setting next_dagrun for example_branch_labels to 2025-02-21T00:00:00+00:00, run_after=2025-02-22T00:00:00+00:00
[2025-02-22T22:02:56.714+0000] {processor.py:179} INFO - Processing /home/airflow/.local/lib/python3.10/site-packages/airflow/example_dags/example_branch_labels.py took 0.164 seconds
[2025-02-22T22:03:41.689+0000] {processor.py:157} INFO - Started process (PID=55) to work on /home/airflow/.local/lib/python3.10/site-packages/airflow/example_dags/example_branch_labels.py
[2025-02-22T22:03:41.691+0000] {processor.py:829} INFO - Processing file /home/airflow/.local/lib/python3.10/site-packages/airflow/example_dags/example_branch_labels.py for tasks to queue
[2025-02-22T22:03:41.694+0000] {logging_mixin.py:154} INFO - [2025-02-22T22:03:41.694+0000] {dagbag.py:536} INFO - Filling up the DagBag from /home/airflow/.local/lib/python3.10/site-packages/airflow/example_dags/example_branch_labels.py
[2025-02-22T22:03:41.717+0000] {processor.py:839} INFO - DAG(s) dict_keys(['example_branch_labels']) retrieved from /home/airflow/.local/lib/python3.10/site-packages/airflow/example_dags/example_branch_labels.py
[2025-02-22T22:03:41.813+0000] {logging_mixin.py:154} INFO - [2025-02-22T22:03:41.813+0000] {dag.py:2941} INFO - Sync 1 DAGs
[2025-02-22T22:03:41.860+0000] {logging_mixin.py:154} INFO - [2025-02-22T22:03:41.860+0000] {dag.py:3722} INFO - Setting next_dagrun for example_branch_labels to 2025-02-21T00:00:00+00:00, run_after=2025-02-22T00:00:00+00:00
[2025-02-22T22:03:41.883+0000] {processor.py:179} INFO - Processing /home/airflow/.local/lib/python3.10/site-packages/airflow/example_dags/example_branch_labels.py took 0.201 seconds
[2025-02-22T22:04:12.208+0000] {processor.py:157} INFO - Started process (PID=123) to work on /home/airflow/.local/lib/python3.10/site-packages/airflow/example_dags/example_branch_labels.py
[2025-02-22T22:04:12.210+0000] {processor.py:829} INFO - Processing file /home/airflow/.local/lib/python3.10/site-packages/airflow/example_dags/example_branch_labels.py for tasks to queue
[2025-02-22T22:04:12.212+0000] {logging_mixin.py:154} INFO - [2025-02-22T22:04:12.212+0000] {dagbag.py:536} INFO - Filling up the DagBag from /home/airflow/.local/lib/python3.10/site-packages/airflow/example_dags/example_branch_labels.py
[2025-02-22T22:04:12.222+0000] {processor.py:839} INFO - DAG(s) dict_keys(['example_branch_labels']) retrieved from /home/airflow/.local/lib/python3.10/site-packages/airflow/example_dags/example_branch_labels.py
[2025-02-22T22:04:12.296+0000] {logging_mixin.py:154} INFO - [2025-02-22T22:04:12.295+0000] {dag.py:2941} INFO - Sync 1 DAGs
[2025-02-22T22:04:12.346+0000] {logging_mixin.py:154} INFO - [2025-02-22T22:04:12.346+0000] {dag.py:3722} INFO - Setting next_dagrun for example_branch_labels to 2025-02-21T00:00:00+00:00, run_after=2025-02-22T00:00:00+00:00
[2025-02-22T22:04:12.379+0000] {processor.py:179} INFO - Processing /home/airflow/.local/lib/python3.10/site-packages/airflow/example_dags/example_branch_labels.py took 0.174 seconds
[2025-02-22T22:04:42.394+0000] {processor.py:157} INFO - Started process (PID=184) to work on /home/airflow/.local/lib/python3.10/site-packages/airflow/example_dags/example_branch_labels.py
[2025-02-22T22:04:42.395+0000] {processor.py:829} INFO - Processing file /home/airflow/.local/lib/python3.10/site-packages/airflow/example_dags/example_branch_labels.py for tasks to queue
[2025-02-22T22:04:42.397+0000] {logging_mixin.py:154} INFO - [2025-02-22T22:04:42.396+0000] {dagbag.py:536} INFO - Filling up the DagBag from /home/airflow/.local/lib/python3.10/site-packages/airflow/example_dags/example_branch_labels.py
[2025-02-22T22:04:42.403+0000] {processor.py:839} INFO - DAG(s) dict_keys(['example_branch_labels']) retrieved from /home/airflow/.local/lib/python3.10/site-packages/airflow/example_dags/example_branch_labels.py
[2025-02-22T22:04:42.463+0000] {logging_mixin.py:154} INFO - [2025-02-22T22:04:42.463+0000] {dag.py:2941} INFO - Sync 1 DAGs
[2025-02-22T22:04:42.489+0000] {logging_mixin.py:154} INFO - [2025-02-22T22:04:42.488+0000] {dag.py:3722} INFO - Setting next_dagrun for example_branch_labels to 2025-02-21T00:00:00+00:00, run_after=2025-02-22T00:00:00+00:00
[2025-02-22T22:04:42.504+0000] {processor.py:179} INFO - Processing /home/airflow/.local/lib/python3.10/site-packages/airflow/example_dags/example_branch_labels.py took 0.112 seconds
[2025-02-22T22:05:13.147+0000] {processor.py:157} INFO - Started process (PID=252) to work on /home/airflow/.local/lib/python3.10/site-packages/airflow/example_dags/example_branch_labels.py
[2025-02-22T22:05:13.148+0000] {processor.py:829} INFO - Processing file /home/airflow/.local/lib/python3.10/site-packages/airflow/example_dags/example_branch_labels.py for tasks to queue
[2025-02-22T22:05:13.149+0000] {logging_mixin.py:154} INFO - [2025-02-22T22:05:13.149+0000] {dagbag.py:536} INFO - Filling up the DagBag from /home/airflow/.local/lib/python3.10/site-packages/airflow/example_dags/example_branch_labels.py
[2025-02-22T22:05:13.156+0000] {processor.py:839} INFO - DAG(s) dict_keys(['example_branch_labels']) retrieved from /home/airflow/.local/lib/python3.10/site-packages/airflow/example_dags/example_branch_labels.py
[2025-02-22T22:05:13.221+0000] {logging_mixin.py:154} INFO - [2025-02-22T22:05:13.221+0000] {dag.py:2941} INFO - Sync 1 DAGs
[2025-02-22T22:05:13.257+0000] {logging_mixin.py:154} INFO - [2025-02-22T22:05:13.256+0000] {dag.py:3722} INFO - Setting next_dagrun for example_branch_labels to 2025-02-21T00:00:00+00:00, run_after=2025-02-22T00:00:00+00:00
[2025-02-22T22:05:13.274+0000] {processor.py:179} INFO - Processing /home/airflow/.local/lib/python3.10/site-packages/airflow/example_dags/example_branch_labels.py took 0.129 seconds
[2025-02-22T22:05:43.679+0000] {processor.py:157} INFO - Started process (PID=313) to work on /home/airflow/.local/lib/python3.10/site-packages/airflow/example_dags/example_branch_labels.py
[2025-02-22T22:05:43.681+0000] {processor.py:829} INFO - Processing file /home/airflow/.local/lib/python3.10/site-packages/airflow/example_dags/example_branch_labels.py for tasks to queue
[2025-02-22T22:05:43.682+0000] {logging_mixin.py:154} INFO - [2025-02-22T22:05:43.682+0000] {dagbag.py:536} INFO - Filling up the DagBag from /home/airflow/.local/lib/python3.10/site-packages/airflow/example_dags/example_branch_labels.py
[2025-02-22T22:05:43.689+0000] {processor.py:839} INFO - DAG(s) dict_keys(['example_branch_labels']) retrieved from /home/airflow/.local/lib/python3.10/site-packages/airflow/example_dags/example_branch_labels.py
[2025-02-22T22:05:43.763+0000] {logging_mixin.py:154} INFO - [2025-02-22T22:05:43.763+0000] {dag.py:2941} INFO - Sync 1 DAGs
[2025-02-22T22:05:43.792+0000] {logging_mixin.py:154} INFO - [2025-02-22T22:05:43.792+0000] {dag.py:3722} INFO - Setting next_dagrun for example_branch_labels to 2025-02-21T00:00:00+00:00, run_after=2025-02-22T00:00:00+00:00
[2025-02-22T22:05:43.810+0000] {processor.py:179} INFO - Processing /home/airflow/.local/lib/python3.10/site-packages/airflow/example_dags/example_branch_labels.py took 0.133 seconds
[2025-02-22T22:06:14.129+0000] {processor.py:157} INFO - Started process (PID=381) to work on /home/airflow/.local/lib/python3.10/site-packages/airflow/example_dags/example_branch_labels.py
[2025-02-22T22:06:14.131+0000] {processor.py:829} INFO - Processing file /home/airflow/.local/lib/python3.10/site-packages/airflow/example_dags/example_branch_labels.py for tasks to queue
[2025-02-22T22:06:14.133+0000] {logging_mixin.py:154} INFO - [2025-02-22T22:06:14.133+0000] {dagbag.py:536} INFO - Filling up the DagBag from /home/airflow/.local/lib/python3.10/site-packages/airflow/example_dags/example_branch_labels.py
[2025-02-22T22:06:14.143+0000] {processor.py:839} INFO - DAG(s) dict_keys(['example_branch_labels']) retrieved from /home/airflow/.local/lib/python3.10/site-packages/airflow/example_dags/example_branch_labels.py
[2025-02-22T22:06:14.213+0000] {logging_mixin.py:154} INFO - [2025-02-22T22:06:14.212+0000] {dag.py:2941} INFO - Sync 1 DAGs
[2025-02-22T22:06:14.239+0000] {logging_mixin.py:154} INFO - [2025-02-22T22:06:14.239+0000] {dag.py:3722} INFO - Setting next_dagrun for example_branch_labels to 2025-02-21T00:00:00+00:00, run_after=2025-02-22T00:00:00+00:00
[2025-02-22T22:06:14.256+0000] {processor.py:179} INFO - Processing /home/airflow/.local/lib/python3.10/site-packages/airflow/example_dags/example_branch_labels.py took 0.128 seconds
[2025-02-22T22:06:44.713+0000] {processor.py:157} INFO - Started process (PID=442) to work on /home/airflow/.local/lib/python3.10/site-packages/airflow/example_dags/example_branch_labels.py
[2025-02-22T22:06:44.719+0000] {processor.py:829} INFO - Processing file /home/airflow/.local/lib/python3.10/site-packages/airflow/example_dags/example_branch_labels.py for tasks to queue
[2025-02-22T22:06:44.721+0000] {logging_mixin.py:154} INFO - [2025-02-22T22:06:44.721+0000] {dagbag.py:536} INFO - Filling up the DagBag from /home/airflow/.local/lib/python3.10/site-packages/airflow/example_dags/example_branch_labels.py
[2025-02-22T22:06:44.728+0000] {processor.py:839} INFO - DAG(s) dict_keys(['example_branch_labels']) retrieved from /home/airflow/.local/lib/python3.10/site-packages/airflow/example_dags/example_branch_labels.py
[2025-02-22T22:06:44.793+0000] {logging_mixin.py:154} INFO - [2025-02-22T22:06:44.793+0000] {dag.py:2941} INFO - Sync 1 DAGs
[2025-02-22T22:06:44.819+0000] {logging_mixin.py:154} INFO - [2025-02-22T22:06:44.819+0000] {dag.py:3722} INFO - Setting next_dagrun for example_branch_labels to 2025-02-21T00:00:00+00:00, run_after=2025-02-22T00:00:00+00:00
[2025-02-22T22:06:44.836+0000] {processor.py:179} INFO - Processing /home/airflow/.local/lib/python3.10/site-packages/airflow/example_dags/example_branch_labels.py took 0.125 seconds
[2025-02-22T22:07:15.176+0000] {processor.py:157} INFO - Started process (PID=510) to work on /home/airflow/.local/lib/python3.10/site-packages/airflow/example_dags/example_branch_labels.py
[2025-02-22T22:07:15.178+0000] {processor.py:829} INFO - Processing file /home/airflow/.local/lib/python3.10/site-packages/airflow/example_dags/example_branch_labels.py for tasks to queue
[2025-02-22T22:07:15.180+0000] {logging_mixin.py:154} INFO - [2025-02-22T22:07:15.180+0000] {dagbag.py:536} INFO - Filling up the DagBag from /home/airflow/.local/lib/python3.10/site-packages/airflow/example_dags/example_branch_labels.py
[2025-02-22T22:07:15.202+0000] {processor.py:839} INFO - DAG(s) dict_keys(['example_branch_labels']) retrieved from /home/airflow/.local/lib/python3.10/site-packages/airflow/example_dags/example_branch_labels.py
[2025-02-22T22:07:15.290+0000] {logging_mixin.py:154} INFO - [2025-02-22T22:07:15.290+0000] {dag.py:2941} INFO - Sync 1 DAGs
[2025-02-22T22:07:15.322+0000] {logging_mixin.py:154} INFO - [2025-02-22T22:07:15.322+0000] {dag.py:3722} INFO - Setting next_dagrun for example_branch_labels to 2025-02-21T00:00:00+00:00, run_after=2025-02-22T00:00:00+00:00
[2025-02-22T22:07:15.344+0000] {processor.py:179} INFO - Processing /home/airflow/.local/lib/python3.10/site-packages/airflow/example_dags/example_branch_labels.py took 0.172 seconds
[2025-02-22T22:07:45.753+0000] {processor.py:157} INFO - Started process (PID=571) to work on /home/airflow/.local/lib/python3.10/site-packages/airflow/example_dags/example_branch_labels.py
[2025-02-22T22:07:45.757+0000] {processor.py:829} INFO - Processing file /home/airflow/.local/lib/python3.10/site-packages/airflow/example_dags/example_branch_labels.py for tasks to queue
[2025-02-22T22:07:45.759+0000] {logging_mixin.py:154} INFO - [2025-02-22T22:07:45.759+0000] {dagbag.py:536} INFO - Filling up the DagBag from /home/airflow/.local/lib/python3.10/site-packages/airflow/example_dags/example_branch_labels.py
[2025-02-22T22:07:45.773+0000] {processor.py:839} INFO - DAG(s) dict_keys(['example_branch_labels']) retrieved from /home/airflow/.local/lib/python3.10/site-packages/airflow/example_dags/example_branch_labels.py
[2025-02-22T22:07:45.855+0000] {logging_mixin.py:154} INFO - [2025-02-22T22:07:45.854+0000] {dag.py:2941} INFO - Sync 1 DAGs
[2025-02-22T22:07:45.889+0000] {logging_mixin.py:154} INFO - [2025-02-22T22:07:45.889+0000] {dag.py:3722} INFO - Setting next_dagrun for example_branch_labels to 2025-02-21T00:00:00+00:00, run_after=2025-02-22T00:00:00+00:00
[2025-02-22T22:07:45.919+0000] {processor.py:179} INFO - Processing /home/airflow/.local/lib/python3.10/site-packages/airflow/example_dags/example_branch_labels.py took 0.170 seconds
[2025-02-22T22:08:35.948+0000] {processor.py:157} INFO - Started process (PID=53) to work on /home/airflow/.local/lib/python3.10/site-packages/airflow/example_dags/example_branch_labels.py
[2025-02-22T22:08:35.954+0000] {processor.py:829} INFO - Processing file /home/airflow/.local/lib/python3.10/site-packages/airflow/example_dags/example_branch_labels.py for tasks to queue
[2025-02-22T22:08:35.961+0000] {logging_mixin.py:154} INFO - [2025-02-22T22:08:35.959+0000] {dagbag.py:536} INFO - Filling up the DagBag from /home/airflow/.local/lib/python3.10/site-packages/airflow/example_dags/example_branch_labels.py
[2025-02-22T22:08:36.011+0000] {processor.py:839} INFO - DAG(s) dict_keys(['example_branch_labels']) retrieved from /home/airflow/.local/lib/python3.10/site-packages/airflow/example_dags/example_branch_labels.py
[2025-02-22T22:08:36.204+0000] {logging_mixin.py:154} INFO - [2025-02-22T22:08:36.204+0000] {dag.py:2941} INFO - Sync 1 DAGs
[2025-02-22T22:08:36.287+0000] {logging_mixin.py:154} INFO - [2025-02-22T22:08:36.287+0000] {dag.py:3722} INFO - Setting next_dagrun for example_branch_labels to 2025-02-21T00:00:00+00:00, run_after=2025-02-22T00:00:00+00:00
[2025-02-22T22:08:36.347+0000] {processor.py:179} INFO - Processing /home/airflow/.local/lib/python3.10/site-packages/airflow/example_dags/example_branch_labels.py took 0.406 seconds
[2025-02-22T22:09:07.113+0000] {processor.py:157} INFO - Started process (PID=121) to work on /home/airflow/.local/lib/python3.10/site-packages/airflow/example_dags/example_branch_labels.py
[2025-02-22T22:09:07.116+0000] {processor.py:829} INFO - Processing file /home/airflow/.local/lib/python3.10/site-packages/airflow/example_dags/example_branch_labels.py for tasks to queue
[2025-02-22T22:09:07.119+0000] {logging_mixin.py:154} INFO - [2025-02-22T22:09:07.118+0000] {dagbag.py:536} INFO - Filling up the DagBag from /home/airflow/.local/lib/python3.10/site-packages/airflow/example_dags/example_branch_labels.py
[2025-02-22T22:09:07.127+0000] {processor.py:839} INFO - DAG(s) dict_keys(['example_branch_labels']) retrieved from /home/airflow/.local/lib/python3.10/site-packages/airflow/example_dags/example_branch_labels.py
[2025-02-22T22:09:07.205+0000] {logging_mixin.py:154} INFO - [2025-02-22T22:09:07.205+0000] {dag.py:2941} INFO - Sync 1 DAGs
[2025-02-22T22:09:07.241+0000] {logging_mixin.py:154} INFO - [2025-02-22T22:09:07.241+0000] {dag.py:3722} INFO - Setting next_dagrun for example_branch_labels to 2025-02-21T00:00:00+00:00, run_after=2025-02-22T00:00:00+00:00
[2025-02-22T22:09:07.275+0000] {processor.py:179} INFO - Processing /home/airflow/.local/lib/python3.10/site-packages/airflow/example_dags/example_branch_labels.py took 0.165 seconds
[2025-02-22T22:09:37.433+0000] {processor.py:157} INFO - Started process (PID=181) to work on /home/airflow/.local/lib/python3.10/site-packages/airflow/example_dags/example_branch_labels.py
[2025-02-22T22:09:37.436+0000] {processor.py:829} INFO - Processing file /home/airflow/.local/lib/python3.10/site-packages/airflow/example_dags/example_branch_labels.py for tasks to queue
[2025-02-22T22:09:37.438+0000] {logging_mixin.py:154} INFO - [2025-02-22T22:09:37.438+0000] {dagbag.py:536} INFO - Filling up the DagBag from /home/airflow/.local/lib/python3.10/site-packages/airflow/example_dags/example_branch_labels.py
[2025-02-22T22:09:37.448+0000] {processor.py:839} INFO - DAG(s) dict_keys(['example_branch_labels']) retrieved from /home/airflow/.local/lib/python3.10/site-packages/airflow/example_dags/example_branch_labels.py
[2025-02-22T22:09:37.523+0000] {logging_mixin.py:154} INFO - [2025-02-22T22:09:37.523+0000] {dag.py:2941} INFO - Sync 1 DAGs
[2025-02-22T22:09:37.550+0000] {logging_mixin.py:154} INFO - [2025-02-22T22:09:37.550+0000] {dag.py:3722} INFO - Setting next_dagrun for example_branch_labels to 2025-02-21T00:00:00+00:00, run_after=2025-02-22T00:00:00+00:00
[2025-02-22T22:09:37.574+0000] {processor.py:179} INFO - Processing /home/airflow/.local/lib/python3.10/site-packages/airflow/example_dags/example_branch_labels.py took 0.144 seconds
[2025-02-22T22:10:08.464+0000] {processor.py:157} INFO - Started process (PID=249) to work on /home/airflow/.local/lib/python3.10/site-packages/airflow/example_dags/example_branch_labels.py
[2025-02-22T22:10:08.467+0000] {processor.py:829} INFO - Processing file /home/airflow/.local/lib/python3.10/site-packages/airflow/example_dags/example_branch_labels.py for tasks to queue
[2025-02-22T22:10:08.469+0000] {logging_mixin.py:154} INFO - [2025-02-22T22:10:08.468+0000] {dagbag.py:536} INFO - Filling up the DagBag from /home/airflow/.local/lib/python3.10/site-packages/airflow/example_dags/example_branch_labels.py
[2025-02-22T22:10:08.476+0000] {processor.py:839} INFO - DAG(s) dict_keys(['example_branch_labels']) retrieved from /home/airflow/.local/lib/python3.10/site-packages/airflow/example_dags/example_branch_labels.py
[2025-02-22T22:10:08.553+0000] {logging_mixin.py:154} INFO - [2025-02-22T22:10:08.553+0000] {dag.py:2941} INFO - Sync 1 DAGs
[2025-02-22T22:10:08.596+0000] {logging_mixin.py:154} INFO - [2025-02-22T22:10:08.596+0000] {dag.py:3722} INFO - Setting next_dagrun for example_branch_labels to 2025-02-21T00:00:00+00:00, run_after=2025-02-22T00:00:00+00:00
[2025-02-22T22:10:08.628+0000] {processor.py:179} INFO - Processing /home/airflow/.local/lib/python3.10/site-packages/airflow/example_dags/example_branch_labels.py took 0.166 seconds
[2025-02-22T22:10:38.816+0000] {processor.py:157} INFO - Started process (PID=310) to work on /home/airflow/.local/lib/python3.10/site-packages/airflow/example_dags/example_branch_labels.py
[2025-02-22T22:10:38.818+0000] {processor.py:829} INFO - Processing file /home/airflow/.local/lib/python3.10/site-packages/airflow/example_dags/example_branch_labels.py for tasks to queue
[2025-02-22T22:10:38.820+0000] {logging_mixin.py:154} INFO - [2025-02-22T22:10:38.820+0000] {dagbag.py:536} INFO - Filling up the DagBag from /home/airflow/.local/lib/python3.10/site-packages/airflow/example_dags/example_branch_labels.py
[2025-02-22T22:10:38.830+0000] {processor.py:839} INFO - DAG(s) dict_keys(['example_branch_labels']) retrieved from /home/airflow/.local/lib/python3.10/site-packages/airflow/example_dags/example_branch_labels.py
[2025-02-22T22:10:38.898+0000] {logging_mixin.py:154} INFO - [2025-02-22T22:10:38.898+0000] {dag.py:2941} INFO - Sync 1 DAGs
[2025-02-22T22:10:38.926+0000] {logging_mixin.py:154} INFO - [2025-02-22T22:10:38.926+0000] {dag.py:3722} INFO - Setting next_dagrun for example_branch_labels to 2025-02-21T00:00:00+00:00, run_after=2025-02-22T00:00:00+00:00
[2025-02-22T22:10:38.946+0000] {processor.py:179} INFO - Processing /home/airflow/.local/lib/python3.10/site-packages/airflow/example_dags/example_branch_labels.py took 0.133 seconds
[2025-02-22T22:11:09.576+0000] {processor.py:157} INFO - Started process (PID=376) to work on /home/airflow/.local/lib/python3.10/site-packages/airflow/example_dags/example_branch_labels.py
[2025-02-22T22:11:09.577+0000] {processor.py:829} INFO - Processing file /home/airflow/.local/lib/python3.10/site-packages/airflow/example_dags/example_branch_labels.py for tasks to queue
[2025-02-22T22:11:09.578+0000] {logging_mixin.py:154} INFO - [2025-02-22T22:11:09.578+0000] {dagbag.py:536} INFO - Filling up the DagBag from /home/airflow/.local/lib/python3.10/site-packages/airflow/example_dags/example_branch_labels.py
[2025-02-22T22:11:09.588+0000] {processor.py:839} INFO - DAG(s) dict_keys(['example_branch_labels']) retrieved from /home/airflow/.local/lib/python3.10/site-packages/airflow/example_dags/example_branch_labels.py
[2025-02-22T22:11:09.661+0000] {logging_mixin.py:154} INFO - [2025-02-22T22:11:09.660+0000] {dag.py:2941} INFO - Sync 1 DAGs
[2025-02-22T22:11:09.691+0000] {logging_mixin.py:154} INFO - [2025-02-22T22:11:09.691+0000] {dag.py:3722} INFO - Setting next_dagrun for example_branch_labels to 2025-02-21T00:00:00+00:00, run_after=2025-02-22T00:00:00+00:00
[2025-02-22T22:11:09.713+0000] {processor.py:179} INFO - Processing /home/airflow/.local/lib/python3.10/site-packages/airflow/example_dags/example_branch_labels.py took 0.139 seconds
[2025-02-22T22:11:40.174+0000] {processor.py:157} INFO - Started process (PID=437) to work on /home/airflow/.local/lib/python3.10/site-packages/airflow/example_dags/example_branch_labels.py
[2025-02-22T22:11:40.175+0000] {processor.py:829} INFO - Processing file /home/airflow/.local/lib/python3.10/site-packages/airflow/example_dags/example_branch_labels.py for tasks to queue
[2025-02-22T22:11:40.178+0000] {logging_mixin.py:154} INFO - [2025-02-22T22:11:40.177+0000] {dagbag.py:536} INFO - Filling up the DagBag from /home/airflow/.local/lib/python3.10/site-packages/airflow/example_dags/example_branch_labels.py
[2025-02-22T22:11:40.188+0000] {processor.py:839} INFO - DAG(s) dict_keys(['example_branch_labels']) retrieved from /home/airflow/.local/lib/python3.10/site-packages/airflow/example_dags/example_branch_labels.py
[2025-02-22T22:11:40.257+0000] {logging_mixin.py:154} INFO - [2025-02-22T22:11:40.257+0000] {dag.py:2941} INFO - Sync 1 DAGs
[2025-02-22T22:11:40.286+0000] {logging_mixin.py:154} INFO - [2025-02-22T22:11:40.286+0000] {dag.py:3722} INFO - Setting next_dagrun for example_branch_labels to 2025-02-21T00:00:00+00:00, run_after=2025-02-22T00:00:00+00:00
[2025-02-22T22:11:40.304+0000] {processor.py:179} INFO - Processing /home/airflow/.local/lib/python3.10/site-packages/airflow/example_dags/example_branch_labels.py took 0.134 seconds
[2025-02-22T22:12:10.885+0000] {processor.py:157} INFO - Started process (PID=505) to work on /home/airflow/.local/lib/python3.10/site-packages/airflow/example_dags/example_branch_labels.py
[2025-02-22T22:12:10.887+0000] {processor.py:829} INFO - Processing file /home/airflow/.local/lib/python3.10/site-packages/airflow/example_dags/example_branch_labels.py for tasks to queue
[2025-02-22T22:12:10.889+0000] {logging_mixin.py:154} INFO - [2025-02-22T22:12:10.888+0000] {dagbag.py:536} INFO - Filling up the DagBag from /home/airflow/.local/lib/python3.10/site-packages/airflow/example_dags/example_branch_labels.py
[2025-02-22T22:12:10.898+0000] {processor.py:839} INFO - DAG(s) dict_keys(['example_branch_labels']) retrieved from /home/airflow/.local/lib/python3.10/site-packages/airflow/example_dags/example_branch_labels.py
[2025-02-22T22:12:10.969+0000] {logging_mixin.py:154} INFO - [2025-02-22T22:12:10.969+0000] {dag.py:2941} INFO - Sync 1 DAGs
[2025-02-22T22:12:10.999+0000] {logging_mixin.py:154} INFO - [2025-02-22T22:12:10.999+0000] {dag.py:3722} INFO - Setting next_dagrun for example_branch_labels to 2025-02-21T00:00:00+00:00, run_after=2025-02-22T00:00:00+00:00
[2025-02-22T22:12:11.021+0000] {processor.py:179} INFO - Processing /home/airflow/.local/lib/python3.10/site-packages/airflow/example_dags/example_branch_labels.py took 0.140 seconds
[2025-02-22T22:12:41.654+0000] {processor.py:157} INFO - Started process (PID=566) to work on /home/airflow/.local/lib/python3.10/site-packages/airflow/example_dags/example_branch_labels.py
[2025-02-22T22:12:41.656+0000] {processor.py:829} INFO - Processing file /home/airflow/.local/lib/python3.10/site-packages/airflow/example_dags/example_branch_labels.py for tasks to queue
[2025-02-22T22:12:41.658+0000] {logging_mixin.py:154} INFO - [2025-02-22T22:12:41.658+0000] {dagbag.py:536} INFO - Filling up the DagBag from /home/airflow/.local/lib/python3.10/site-packages/airflow/example_dags/example_branch_labels.py
[2025-02-22T22:12:41.666+0000] {processor.py:839} INFO - DAG(s) dict_keys(['example_branch_labels']) retrieved from /home/airflow/.local/lib/python3.10/site-packages/airflow/example_dags/example_branch_labels.py
[2025-02-22T22:12:41.763+0000] {logging_mixin.py:154} INFO - [2025-02-22T22:12:41.763+0000] {dag.py:2941} INFO - Sync 1 DAGs
[2025-02-22T22:12:41.803+0000] {logging_mixin.py:154} INFO - [2025-02-22T22:12:41.803+0000] {dag.py:3722} INFO - Setting next_dagrun for example_branch_labels to 2025-02-21T00:00:00+00:00, run_after=2025-02-22T00:00:00+00:00
[2025-02-22T22:12:41.828+0000] {processor.py:179} INFO - Processing /home/airflow/.local/lib/python3.10/site-packages/airflow/example_dags/example_branch_labels.py took 0.177 seconds
[2025-02-22T22:13:12.782+0000] {processor.py:157} INFO - Started process (PID=633) to work on /home/airflow/.local/lib/python3.10/site-packages/airflow/example_dags/example_branch_labels.py
[2025-02-22T22:13:12.786+0000] {processor.py:829} INFO - Processing file /home/airflow/.local/lib/python3.10/site-packages/airflow/example_dags/example_branch_labels.py for tasks to queue
[2025-02-22T22:13:12.790+0000] {logging_mixin.py:154} INFO - [2025-02-22T22:13:12.789+0000] {dagbag.py:536} INFO - Filling up the DagBag from /home/airflow/.local/lib/python3.10/site-packages/airflow/example_dags/example_branch_labels.py
[2025-02-22T22:13:12.808+0000] {processor.py:839} INFO - DAG(s) dict_keys(['example_branch_labels']) retrieved from /home/airflow/.local/lib/python3.10/site-packages/airflow/example_dags/example_branch_labels.py
[2025-02-22T22:13:12.906+0000] {logging_mixin.py:154} INFO - [2025-02-22T22:13:12.906+0000] {dag.py:2941} INFO - Sync 1 DAGs
[2025-02-22T22:13:12.940+0000] {logging_mixin.py:154} INFO - [2025-02-22T22:13:12.940+0000] {dag.py:3722} INFO - Setting next_dagrun for example_branch_labels to 2025-02-21T00:00:00+00:00, run_after=2025-02-22T00:00:00+00:00
[2025-02-22T22:13:12.968+0000] {processor.py:179} INFO - Processing /home/airflow/.local/lib/python3.10/site-packages/airflow/example_dags/example_branch_labels.py took 0.192 seconds
[2025-02-22T22:13:43.361+0000] {processor.py:157} INFO - Started process (PID=694) to work on /home/airflow/.local/lib/python3.10/site-packages/airflow/example_dags/example_branch_labels.py
[2025-02-22T22:13:43.363+0000] {processor.py:829} INFO - Processing file /home/airflow/.local/lib/python3.10/site-packages/airflow/example_dags/example_branch_labels.py for tasks to queue
[2025-02-22T22:13:43.365+0000] {logging_mixin.py:154} INFO - [2025-02-22T22:13:43.365+0000] {dagbag.py:536} INFO - Filling up the DagBag from /home/airflow/.local/lib/python3.10/site-packages/airflow/example_dags/example_branch_labels.py
[2025-02-22T22:13:43.377+0000] {processor.py:839} INFO - DAG(s) dict_keys(['example_branch_labels']) retrieved from /home/airflow/.local/lib/python3.10/site-packages/airflow/example_dags/example_branch_labels.py
[2025-02-22T22:13:43.451+0000] {logging_mixin.py:154} INFO - [2025-02-22T22:13:43.451+0000] {dag.py:2941} INFO - Sync 1 DAGs
[2025-02-22T22:13:43.481+0000] {logging_mixin.py:154} INFO - [2025-02-22T22:13:43.481+0000] {dag.py:3722} INFO - Setting next_dagrun for example_branch_labels to 2025-02-21T00:00:00+00:00, run_after=2025-02-22T00:00:00+00:00
[2025-02-22T22:13:43.500+0000] {processor.py:179} INFO - Processing /home/airflow/.local/lib/python3.10/site-packages/airflow/example_dags/example_branch_labels.py took 0.143 seconds
[2025-02-22T22:14:13.844+0000] {processor.py:157} INFO - Started process (PID=762) to work on /home/airflow/.local/lib/python3.10/site-packages/airflow/example_dags/example_branch_labels.py
[2025-02-22T22:14:13.845+0000] {processor.py:829} INFO - Processing file /home/airflow/.local/lib/python3.10/site-packages/airflow/example_dags/example_branch_labels.py for tasks to queue
[2025-02-22T22:14:13.849+0000] {logging_mixin.py:154} INFO - [2025-02-22T22:14:13.849+0000] {dagbag.py:536} INFO - Filling up the DagBag from /home/airflow/.local/lib/python3.10/site-packages/airflow/example_dags/example_branch_labels.py
[2025-02-22T22:14:13.859+0000] {processor.py:839} INFO - DAG(s) dict_keys(['example_branch_labels']) retrieved from /home/airflow/.local/lib/python3.10/site-packages/airflow/example_dags/example_branch_labels.py
[2025-02-22T22:14:13.937+0000] {logging_mixin.py:154} INFO - [2025-02-22T22:14:13.937+0000] {dag.py:2941} INFO - Sync 1 DAGs
[2025-02-22T22:14:13.974+0000] {logging_mixin.py:154} INFO - [2025-02-22T22:14:13.974+0000] {dag.py:3722} INFO - Setting next_dagrun for example_branch_labels to 2025-02-21T00:00:00+00:00, run_after=2025-02-22T00:00:00+00:00
[2025-02-22T22:14:14.004+0000] {processor.py:179} INFO - Processing /home/airflow/.local/lib/python3.10/site-packages/airflow/example_dags/example_branch_labels.py took 0.164 seconds
[2025-02-22T22:14:44.527+0000] {processor.py:157} INFO - Started process (PID=830) to work on /home/airflow/.local/lib/python3.10/site-packages/airflow/example_dags/example_branch_labels.py
[2025-02-22T22:14:44.528+0000] {processor.py:829} INFO - Processing file /home/airflow/.local/lib/python3.10/site-packages/airflow/example_dags/example_branch_labels.py for tasks to queue
[2025-02-22T22:14:44.530+0000] {logging_mixin.py:154} INFO - [2025-02-22T22:14:44.530+0000] {dagbag.py:536} INFO - Filling up the DagBag from /home/airflow/.local/lib/python3.10/site-packages/airflow/example_dags/example_branch_labels.py
[2025-02-22T22:14:44.538+0000] {processor.py:839} INFO - DAG(s) dict_keys(['example_branch_labels']) retrieved from /home/airflow/.local/lib/python3.10/site-packages/airflow/example_dags/example_branch_labels.py
[2025-02-22T22:14:44.607+0000] {logging_mixin.py:154} INFO - [2025-02-22T22:14:44.606+0000] {dag.py:2941} INFO - Sync 1 DAGs
[2025-02-22T22:14:44.636+0000] {logging_mixin.py:154} INFO - [2025-02-22T22:14:44.636+0000] {dag.py:3722} INFO - Setting next_dagrun for example_branch_labels to 2025-02-21T00:00:00+00:00, run_after=2025-02-22T00:00:00+00:00
[2025-02-22T22:14:44.708+0000] {processor.py:179} INFO - Processing /home/airflow/.local/lib/python3.10/site-packages/airflow/example_dags/example_branch_labels.py took 0.183 seconds
[2025-02-22T22:15:14.758+0000] {processor.py:157} INFO - Started process (PID=891) to work on /home/airflow/.local/lib/python3.10/site-packages/airflow/example_dags/example_branch_labels.py
[2025-02-22T22:15:14.760+0000] {processor.py:829} INFO - Processing file /home/airflow/.local/lib/python3.10/site-packages/airflow/example_dags/example_branch_labels.py for tasks to queue
[2025-02-22T22:15:14.764+0000] {logging_mixin.py:154} INFO - [2025-02-22T22:15:14.763+0000] {dagbag.py:536} INFO - Filling up the DagBag from /home/airflow/.local/lib/python3.10/site-packages/airflow/example_dags/example_branch_labels.py
[2025-02-22T22:15:14.774+0000] {processor.py:839} INFO - DAG(s) dict_keys(['example_branch_labels']) retrieved from /home/airflow/.local/lib/python3.10/site-packages/airflow/example_dags/example_branch_labels.py
[2025-02-22T22:15:14.846+0000] {logging_mixin.py:154} INFO - [2025-02-22T22:15:14.846+0000] {dag.py:2941} INFO - Sync 1 DAGs
[2025-02-22T22:15:14.877+0000] {logging_mixin.py:154} INFO - [2025-02-22T22:15:14.876+0000] {dag.py:3722} INFO - Setting next_dagrun for example_branch_labels to 2025-02-21T00:00:00+00:00, run_after=2025-02-22T00:00:00+00:00
[2025-02-22T22:15:14.894+0000] {processor.py:179} INFO - Processing /home/airflow/.local/lib/python3.10/site-packages/airflow/example_dags/example_branch_labels.py took 0.140 seconds
[2025-02-22T22:15:45.209+0000] {processor.py:157} INFO - Started process (PID=959) to work on /home/airflow/.local/lib/python3.10/site-packages/airflow/example_dags/example_branch_labels.py
[2025-02-22T22:15:45.211+0000] {processor.py:829} INFO - Processing file /home/airflow/.local/lib/python3.10/site-packages/airflow/example_dags/example_branch_labels.py for tasks to queue
[2025-02-22T22:15:45.216+0000] {logging_mixin.py:154} INFO - [2025-02-22T22:15:45.216+0000] {dagbag.py:536} INFO - Filling up the DagBag from /home/airflow/.local/lib/python3.10/site-packages/airflow/example_dags/example_branch_labels.py
[2025-02-22T22:15:45.227+0000] {processor.py:839} INFO - DAG(s) dict_keys(['example_branch_labels']) retrieved from /home/airflow/.local/lib/python3.10/site-packages/airflow/example_dags/example_branch_labels.py
[2025-02-22T22:15:45.308+0000] {logging_mixin.py:154} INFO - [2025-02-22T22:15:45.308+0000] {dag.py:2941} INFO - Sync 1 DAGs
[2025-02-22T22:15:45.341+0000] {logging_mixin.py:154} INFO - [2025-02-22T22:15:45.340+0000] {dag.py:3722} INFO - Setting next_dagrun for example_branch_labels to 2025-02-21T00:00:00+00:00, run_after=2025-02-22T00:00:00+00:00
[2025-02-22T22:15:45.363+0000] {processor.py:179} INFO - Processing /home/airflow/.local/lib/python3.10/site-packages/airflow/example_dags/example_branch_labels.py took 0.160 seconds
[2025-02-22T22:16:16.262+0000] {processor.py:157} INFO - Started process (PID=1020) to work on /home/airflow/.local/lib/python3.10/site-packages/airflow/example_dags/example_branch_labels.py
[2025-02-22T22:16:16.264+0000] {processor.py:829} INFO - Processing file /home/airflow/.local/lib/python3.10/site-packages/airflow/example_dags/example_branch_labels.py for tasks to queue
[2025-02-22T22:16:16.266+0000] {logging_mixin.py:154} INFO - [2025-02-22T22:16:16.266+0000] {dagbag.py:536} INFO - Filling up the DagBag from /home/airflow/.local/lib/python3.10/site-packages/airflow/example_dags/example_branch_labels.py
[2025-02-22T22:16:16.277+0000] {processor.py:839} INFO - DAG(s) dict_keys(['example_branch_labels']) retrieved from /home/airflow/.local/lib/python3.10/site-packages/airflow/example_dags/example_branch_labels.py
[2025-02-22T22:16:16.357+0000] {logging_mixin.py:154} INFO - [2025-02-22T22:16:16.356+0000] {dag.py:2941} INFO - Sync 1 DAGs
[2025-02-22T22:16:16.400+0000] {logging_mixin.py:154} INFO - [2025-02-22T22:16:16.400+0000] {dag.py:3722} INFO - Setting next_dagrun for example_branch_labels to 2025-02-21T00:00:00+00:00, run_after=2025-02-22T00:00:00+00:00
[2025-02-22T22:16:16.424+0000] {processor.py:179} INFO - Processing /home/airflow/.local/lib/python3.10/site-packages/airflow/example_dags/example_branch_labels.py took 0.165 seconds
[2025-02-22T22:16:46.987+0000] {processor.py:157} INFO - Started process (PID=1088) to work on /home/airflow/.local/lib/python3.10/site-packages/airflow/example_dags/example_branch_labels.py
[2025-02-22T22:16:46.989+0000] {processor.py:829} INFO - Processing file /home/airflow/.local/lib/python3.10/site-packages/airflow/example_dags/example_branch_labels.py for tasks to queue
[2025-02-22T22:16:46.993+0000] {logging_mixin.py:154} INFO - [2025-02-22T22:16:46.993+0000] {dagbag.py:536} INFO - Filling up the DagBag from /home/airflow/.local/lib/python3.10/site-packages/airflow/example_dags/example_branch_labels.py
[2025-02-22T22:16:47.004+0000] {processor.py:839} INFO - DAG(s) dict_keys(['example_branch_labels']) retrieved from /home/airflow/.local/lib/python3.10/site-packages/airflow/example_dags/example_branch_labels.py
[2025-02-22T22:16:47.091+0000] {logging_mixin.py:154} INFO - [2025-02-22T22:16:47.091+0000] {dag.py:2941} INFO - Sync 1 DAGs
[2025-02-22T22:16:47.127+0000] {logging_mixin.py:154} INFO - [2025-02-22T22:16:47.127+0000] {dag.py:3722} INFO - Setting next_dagrun for example_branch_labels to 2025-02-21T00:00:00+00:00, run_after=2025-02-22T00:00:00+00:00
[2025-02-22T22:16:47.159+0000] {processor.py:179} INFO - Processing /home/airflow/.local/lib/python3.10/site-packages/airflow/example_dags/example_branch_labels.py took 0.176 seconds
