[2025-02-22T21:47:20.073+0000] {processor.py:157} INFO - Started process (PID=79) to work on /home/airflow/.local/lib/python3.10/site-packages/airflow/example_dags/example_branch_day_of_week_operator.py
[2025-02-22T21:47:20.074+0000] {processor.py:829} INFO - Processing file /home/airflow/.local/lib/python3.10/site-packages/airflow/example_dags/example_branch_day_of_week_operator.py for tasks to queue
[2025-02-22T21:47:20.077+0000] {logging_mixin.py:154} INFO - [2025-02-22T21:47:20.077+0000] {dagbag.py:536} INFO - Filling up the DagBag from /home/airflow/.local/lib/python3.10/site-packages/airflow/example_dags/example_branch_day_of_week_operator.py
[2025-02-22T21:47:20.094+0000] {processor.py:839} INFO - DAG(s) dict_keys(['example_weekday_branch_operator']) retrieved from /home/airflow/.local/lib/python3.10/site-packages/airflow/example_dags/example_branch_day_of_week_operator.py
[2025-02-22T21:47:20.336+0000] {logging_mixin.py:154} INFO - [2025-02-22T21:47:20.335+0000] {manager.py:499} INFO - Created Permission View: %s
[2025-02-22T21:47:20.353+0000] {logging_mixin.py:154} INFO - [2025-02-22T21:47:20.352+0000] {manager.py:499} INFO - Created Permission View: %s
[2025-02-22T21:47:20.361+0000] {logging_mixin.py:154} INFO - [2025-02-22T21:47:20.361+0000] {manager.py:499} INFO - Created Permission View: %s
[2025-02-22T21:47:20.362+0000] {logging_mixin.py:154} INFO - [2025-02-22T21:47:20.362+0000] {dag.py:2941} INFO - Sync 1 DAGs
[2025-02-22T21:47:20.375+0000] {logging_mixin.py:154} INFO - [2025-02-22T21:47:20.375+0000] {dag.py:2963} INFO - Creating ORM DAG for example_weekday_branch_operator
[2025-02-22T21:47:20.398+0000] {logging_mixin.py:154} INFO - [2025-02-22T21:47:20.397+0000] {dag.py:3722} INFO - Setting next_dagrun for example_weekday_branch_operator to 2025-02-21T00:00:00+00:00, run_after=2025-02-22T00:00:00+00:00
[2025-02-22T21:47:20.426+0000] {processor.py:179} INFO - Processing /home/airflow/.local/lib/python3.10/site-packages/airflow/example_dags/example_branch_day_of_week_operator.py took 0.357 seconds
[2025-02-22T21:49:00.497+0000] {processor.py:157} INFO - Started process (PID=72) to work on /home/airflow/.local/lib/python3.10/site-packages/airflow/example_dags/example_branch_day_of_week_operator.py
[2025-02-22T21:49:00.499+0000] {processor.py:829} INFO - Processing file /home/airflow/.local/lib/python3.10/site-packages/airflow/example_dags/example_branch_day_of_week_operator.py for tasks to queue
[2025-02-22T21:49:00.501+0000] {logging_mixin.py:154} INFO - [2025-02-22T21:49:00.500+0000] {dagbag.py:536} INFO - Filling up the DagBag from /home/airflow/.local/lib/python3.10/site-packages/airflow/example_dags/example_branch_day_of_week_operator.py
[2025-02-22T21:49:00.511+0000] {processor.py:839} INFO - DAG(s) dict_keys(['example_weekday_branch_operator']) retrieved from /home/airflow/.local/lib/python3.10/site-packages/airflow/example_dags/example_branch_day_of_week_operator.py
[2025-02-22T21:49:00.589+0000] {logging_mixin.py:154} INFO - [2025-02-22T21:49:00.589+0000] {dag.py:2941} INFO - Sync 1 DAGs
[2025-02-22T21:49:00.635+0000] {logging_mixin.py:154} INFO - [2025-02-22T21:49:00.635+0000] {dag.py:3722} INFO - Setting next_dagrun for example_weekday_branch_operator to 2025-02-21T00:00:00+00:00, run_after=2025-02-22T00:00:00+00:00
[2025-02-22T21:49:00.664+0000] {processor.py:179} INFO - Processing /home/airflow/.local/lib/python3.10/site-packages/airflow/example_dags/example_branch_day_of_week_operator.py took 0.170 seconds
[2025-02-22T21:56:51.150+0000] {processor.py:157} INFO - Started process (PID=72) to work on /home/airflow/.local/lib/python3.10/site-packages/airflow/example_dags/example_branch_day_of_week_operator.py
[2025-02-22T21:56:51.151+0000] {processor.py:829} INFO - Processing file /home/airflow/.local/lib/python3.10/site-packages/airflow/example_dags/example_branch_day_of_week_operator.py for tasks to queue
[2025-02-22T21:56:51.153+0000] {logging_mixin.py:154} INFO - [2025-02-22T21:56:51.153+0000] {dagbag.py:536} INFO - Filling up the DagBag from /home/airflow/.local/lib/python3.10/site-packages/airflow/example_dags/example_branch_day_of_week_operator.py
[2025-02-22T21:56:51.164+0000] {processor.py:839} INFO - DAG(s) dict_keys(['example_weekday_branch_operator']) retrieved from /home/airflow/.local/lib/python3.10/site-packages/airflow/example_dags/example_branch_day_of_week_operator.py
[2025-02-22T21:56:51.233+0000] {logging_mixin.py:154} INFO - [2025-02-22T21:56:51.232+0000] {dag.py:2941} INFO - Sync 1 DAGs
[2025-02-22T21:56:51.272+0000] {logging_mixin.py:154} INFO - [2025-02-22T21:56:51.271+0000] {dag.py:3722} INFO - Setting next_dagrun for example_weekday_branch_operator to 2025-02-21T00:00:00+00:00, run_after=2025-02-22T00:00:00+00:00
[2025-02-22T21:56:51.303+0000] {processor.py:179} INFO - Processing /home/airflow/.local/lib/python3.10/site-packages/airflow/example_dags/example_branch_day_of_week_operator.py took 0.155 seconds
[2025-02-22T21:57:21.385+0000] {processor.py:157} INFO - Started process (PID=140) to work on /home/airflow/.local/lib/python3.10/site-packages/airflow/example_dags/example_branch_day_of_week_operator.py
[2025-02-22T21:57:21.385+0000] {processor.py:829} INFO - Processing file /home/airflow/.local/lib/python3.10/site-packages/airflow/example_dags/example_branch_day_of_week_operator.py for tasks to queue
[2025-02-22T21:57:21.387+0000] {logging_mixin.py:154} INFO - [2025-02-22T21:57:21.386+0000] {dagbag.py:536} INFO - Filling up the DagBag from /home/airflow/.local/lib/python3.10/site-packages/airflow/example_dags/example_branch_day_of_week_operator.py
[2025-02-22T21:57:21.394+0000] {processor.py:839} INFO - DAG(s) dict_keys(['example_weekday_branch_operator']) retrieved from /home/airflow/.local/lib/python3.10/site-packages/airflow/example_dags/example_branch_day_of_week_operator.py
[2025-02-22T21:57:21.482+0000] {logging_mixin.py:154} INFO - [2025-02-22T21:57:21.482+0000] {dag.py:2941} INFO - Sync 1 DAGs
[2025-02-22T21:57:21.525+0000] {logging_mixin.py:154} INFO - [2025-02-22T21:57:21.524+0000] {dag.py:3722} INFO - Setting next_dagrun for example_weekday_branch_operator to 2025-02-21T00:00:00+00:00, run_after=2025-02-22T00:00:00+00:00
[2025-02-22T21:57:21.606+0000] {processor.py:179} INFO - Processing /home/airflow/.local/lib/python3.10/site-packages/airflow/example_dags/example_branch_day_of_week_operator.py took 0.224 seconds
[2025-02-22T21:59:55.651+0000] {processor.py:157} INFO - Started process (PID=79) to work on /home/airflow/.local/lib/python3.10/site-packages/airflow/example_dags/example_branch_day_of_week_operator.py
[2025-02-22T21:59:55.655+0000] {processor.py:829} INFO - Processing file /home/airflow/.local/lib/python3.10/site-packages/airflow/example_dags/example_branch_day_of_week_operator.py for tasks to queue
[2025-02-22T21:59:55.659+0000] {logging_mixin.py:154} INFO - [2025-02-22T21:59:55.658+0000] {dagbag.py:536} INFO - Filling up the DagBag from /home/airflow/.local/lib/python3.10/site-packages/airflow/example_dags/example_branch_day_of_week_operator.py
[2025-02-22T21:59:55.671+0000] {processor.py:839} INFO - DAG(s) dict_keys(['example_weekday_branch_operator']) retrieved from /home/airflow/.local/lib/python3.10/site-packages/airflow/example_dags/example_branch_day_of_week_operator.py
[2025-02-22T21:59:55.771+0000] {logging_mixin.py:154} INFO - [2025-02-22T21:59:55.770+0000] {dag.py:2941} INFO - Sync 1 DAGs
[2025-02-22T21:59:55.859+0000] {logging_mixin.py:154} INFO - [2025-02-22T21:59:55.858+0000] {dag.py:3722} INFO - Setting next_dagrun for example_weekday_branch_operator to 2025-02-21T00:00:00+00:00, run_after=2025-02-22T00:00:00+00:00
[2025-02-22T21:59:56.032+0000] {processor.py:179} INFO - Processing /home/airflow/.local/lib/python3.10/site-packages/airflow/example_dags/example_branch_day_of_week_operator.py took 0.385 seconds
[2025-02-22T22:00:27.019+0000] {processor.py:157} INFO - Started process (PID=140) to work on /home/airflow/.local/lib/python3.10/site-packages/airflow/example_dags/example_branch_day_of_week_operator.py
[2025-02-22T22:00:27.021+0000] {processor.py:829} INFO - Processing file /home/airflow/.local/lib/python3.10/site-packages/airflow/example_dags/example_branch_day_of_week_operator.py for tasks to queue
[2025-02-22T22:00:27.026+0000] {logging_mixin.py:154} INFO - [2025-02-22T22:00:27.026+0000] {dagbag.py:536} INFO - Filling up the DagBag from /home/airflow/.local/lib/python3.10/site-packages/airflow/example_dags/example_branch_day_of_week_operator.py
[2025-02-22T22:00:27.039+0000] {processor.py:839} INFO - DAG(s) dict_keys(['example_weekday_branch_operator']) retrieved from /home/airflow/.local/lib/python3.10/site-packages/airflow/example_dags/example_branch_day_of_week_operator.py
[2025-02-22T22:00:27.110+0000] {logging_mixin.py:154} INFO - [2025-02-22T22:00:27.110+0000] {dag.py:2941} INFO - Sync 1 DAGs
[2025-02-22T22:00:27.141+0000] {logging_mixin.py:154} INFO - [2025-02-22T22:00:27.141+0000] {dag.py:3722} INFO - Setting next_dagrun for example_weekday_branch_operator to 2025-02-21T00:00:00+00:00, run_after=2025-02-22T00:00:00+00:00
[2025-02-22T22:00:27.158+0000] {processor.py:179} INFO - Processing /home/airflow/.local/lib/python3.10/site-packages/airflow/example_dags/example_branch_day_of_week_operator.py took 0.145 seconds
[2025-02-22T22:00:57.445+0000] {processor.py:157} INFO - Started process (PID=201) to work on /home/airflow/.local/lib/python3.10/site-packages/airflow/example_dags/example_branch_day_of_week_operator.py
[2025-02-22T22:00:57.446+0000] {processor.py:829} INFO - Processing file /home/airflow/.local/lib/python3.10/site-packages/airflow/example_dags/example_branch_day_of_week_operator.py for tasks to queue
[2025-02-22T22:00:57.448+0000] {logging_mixin.py:154} INFO - [2025-02-22T22:00:57.447+0000] {dagbag.py:536} INFO - Filling up the DagBag from /home/airflow/.local/lib/python3.10/site-packages/airflow/example_dags/example_branch_day_of_week_operator.py
[2025-02-22T22:00:57.458+0000] {processor.py:839} INFO - DAG(s) dict_keys(['example_weekday_branch_operator']) retrieved from /home/airflow/.local/lib/python3.10/site-packages/airflow/example_dags/example_branch_day_of_week_operator.py
[2025-02-22T22:00:57.532+0000] {logging_mixin.py:154} INFO - [2025-02-22T22:00:57.532+0000] {dag.py:2941} INFO - Sync 1 DAGs
[2025-02-22T22:00:57.567+0000] {logging_mixin.py:154} INFO - [2025-02-22T22:00:57.567+0000] {dag.py:3722} INFO - Setting next_dagrun for example_weekday_branch_operator to 2025-02-21T00:00:00+00:00, run_after=2025-02-22T00:00:00+00:00
[2025-02-22T22:00:57.585+0000] {processor.py:179} INFO - Processing /home/airflow/.local/lib/python3.10/site-packages/airflow/example_dags/example_branch_day_of_week_operator.py took 0.150 seconds
[2025-02-22T22:01:27.880+0000] {processor.py:157} INFO - Started process (PID=269) to work on /home/airflow/.local/lib/python3.10/site-packages/airflow/example_dags/example_branch_day_of_week_operator.py
[2025-02-22T22:01:27.881+0000] {processor.py:829} INFO - Processing file /home/airflow/.local/lib/python3.10/site-packages/airflow/example_dags/example_branch_day_of_week_operator.py for tasks to queue
[2025-02-22T22:01:27.884+0000] {logging_mixin.py:154} INFO - [2025-02-22T22:01:27.883+0000] {dagbag.py:536} INFO - Filling up the DagBag from /home/airflow/.local/lib/python3.10/site-packages/airflow/example_dags/example_branch_day_of_week_operator.py
[2025-02-22T22:01:27.896+0000] {processor.py:839} INFO - DAG(s) dict_keys(['example_weekday_branch_operator']) retrieved from /home/airflow/.local/lib/python3.10/site-packages/airflow/example_dags/example_branch_day_of_week_operator.py
[2025-02-22T22:01:27.973+0000] {logging_mixin.py:154} INFO - [2025-02-22T22:01:27.972+0000] {dag.py:2941} INFO - Sync 1 DAGs
[2025-02-22T22:01:28.003+0000] {logging_mixin.py:154} INFO - [2025-02-22T22:01:28.003+0000] {dag.py:3722} INFO - Setting next_dagrun for example_weekday_branch_operator to 2025-02-21T00:00:00+00:00, run_after=2025-02-22T00:00:00+00:00
[2025-02-22T22:01:28.021+0000] {processor.py:179} INFO - Processing /home/airflow/.local/lib/python3.10/site-packages/airflow/example_dags/example_branch_day_of_week_operator.py took 0.145 seconds
[2025-02-22T22:01:58.462+0000] {processor.py:157} INFO - Started process (PID=334) to work on /home/airflow/.local/lib/python3.10/site-packages/airflow/example_dags/example_branch_day_of_week_operator.py
[2025-02-22T22:01:58.464+0000] {processor.py:829} INFO - Processing file /home/airflow/.local/lib/python3.10/site-packages/airflow/example_dags/example_branch_day_of_week_operator.py for tasks to queue
[2025-02-22T22:01:58.465+0000] {logging_mixin.py:154} INFO - [2025-02-22T22:01:58.465+0000] {dagbag.py:536} INFO - Filling up the DagBag from /home/airflow/.local/lib/python3.10/site-packages/airflow/example_dags/example_branch_day_of_week_operator.py
[2025-02-22T22:01:58.476+0000] {processor.py:839} INFO - DAG(s) dict_keys(['example_weekday_branch_operator']) retrieved from /home/airflow/.local/lib/python3.10/site-packages/airflow/example_dags/example_branch_day_of_week_operator.py
[2025-02-22T22:01:58.577+0000] {logging_mixin.py:154} INFO - [2025-02-22T22:01:58.576+0000] {dag.py:2941} INFO - Sync 1 DAGs
[2025-02-22T22:01:58.645+0000] {logging_mixin.py:154} INFO - [2025-02-22T22:01:58.645+0000] {dag.py:3722} INFO - Setting next_dagrun for example_weekday_branch_operator to 2025-02-21T00:00:00+00:00, run_after=2025-02-22T00:00:00+00:00
[2025-02-22T22:01:58.675+0000] {processor.py:179} INFO - Processing /home/airflow/.local/lib/python3.10/site-packages/airflow/example_dags/example_branch_day_of_week_operator.py took 0.216 seconds
[2025-02-22T22:02:29.467+0000] {processor.py:157} INFO - Started process (PID=396) to work on /home/airflow/.local/lib/python3.10/site-packages/airflow/example_dags/example_branch_day_of_week_operator.py
[2025-02-22T22:02:29.469+0000] {processor.py:829} INFO - Processing file /home/airflow/.local/lib/python3.10/site-packages/airflow/example_dags/example_branch_day_of_week_operator.py for tasks to queue
[2025-02-22T22:02:29.471+0000] {logging_mixin.py:154} INFO - [2025-02-22T22:02:29.470+0000] {dagbag.py:536} INFO - Filling up the DagBag from /home/airflow/.local/lib/python3.10/site-packages/airflow/example_dags/example_branch_day_of_week_operator.py
[2025-02-22T22:02:29.480+0000] {processor.py:839} INFO - DAG(s) dict_keys(['example_weekday_branch_operator']) retrieved from /home/airflow/.local/lib/python3.10/site-packages/airflow/example_dags/example_branch_day_of_week_operator.py
[2025-02-22T22:02:29.552+0000] {logging_mixin.py:154} INFO - [2025-02-22T22:02:29.552+0000] {dag.py:2941} INFO - Sync 1 DAGs
[2025-02-22T22:02:29.581+0000] {logging_mixin.py:154} INFO - [2025-02-22T22:02:29.581+0000] {dag.py:3722} INFO - Setting next_dagrun for example_weekday_branch_operator to 2025-02-21T00:00:00+00:00, run_after=2025-02-22T00:00:00+00:00
[2025-02-22T22:02:29.601+0000] {processor.py:179} INFO - Processing /home/airflow/.local/lib/python3.10/site-packages/airflow/example_dags/example_branch_day_of_week_operator.py took 0.137 seconds
[2025-02-22T22:03:00.264+0000] {processor.py:157} INFO - Started process (PID=464) to work on /home/airflow/.local/lib/python3.10/site-packages/airflow/example_dags/example_branch_day_of_week_operator.py
[2025-02-22T22:03:00.275+0000] {processor.py:829} INFO - Processing file /home/airflow/.local/lib/python3.10/site-packages/airflow/example_dags/example_branch_day_of_week_operator.py for tasks to queue
[2025-02-22T22:03:00.306+0000] {logging_mixin.py:154} INFO - [2025-02-22T22:03:00.305+0000] {dagbag.py:536} INFO - Filling up the DagBag from /home/airflow/.local/lib/python3.10/site-packages/airflow/example_dags/example_branch_day_of_week_operator.py
[2025-02-22T22:03:00.451+0000] {processor.py:839} INFO - DAG(s) dict_keys(['example_weekday_branch_operator']) retrieved from /home/airflow/.local/lib/python3.10/site-packages/airflow/example_dags/example_branch_day_of_week_operator.py
[2025-02-22T22:03:00.849+0000] {logging_mixin.py:154} INFO - [2025-02-22T22:03:00.848+0000] {dag.py:2941} INFO - Sync 1 DAGs
[2025-02-22T22:03:00.974+0000] {logging_mixin.py:154} INFO - [2025-02-22T22:03:00.973+0000] {dag.py:3722} INFO - Setting next_dagrun for example_weekday_branch_operator to 2025-02-21T00:00:00+00:00, run_after=2025-02-22T00:00:00+00:00
[2025-02-22T22:03:43.619+0000] {processor.py:157} INFO - Started process (PID=73) to work on /home/airflow/.local/lib/python3.10/site-packages/airflow/example_dags/example_branch_day_of_week_operator.py
[2025-02-22T22:03:43.621+0000] {processor.py:829} INFO - Processing file /home/airflow/.local/lib/python3.10/site-packages/airflow/example_dags/example_branch_day_of_week_operator.py for tasks to queue
[2025-02-22T22:03:43.626+0000] {logging_mixin.py:154} INFO - [2025-02-22T22:03:43.625+0000] {dagbag.py:536} INFO - Filling up the DagBag from /home/airflow/.local/lib/python3.10/site-packages/airflow/example_dags/example_branch_day_of_week_operator.py
[2025-02-22T22:03:43.643+0000] {processor.py:839} INFO - DAG(s) dict_keys(['example_weekday_branch_operator']) retrieved from /home/airflow/.local/lib/python3.10/site-packages/airflow/example_dags/example_branch_day_of_week_operator.py
[2025-02-22T22:03:43.712+0000] {logging_mixin.py:154} INFO - [2025-02-22T22:03:43.712+0000] {dag.py:2941} INFO - Sync 1 DAGs
[2025-02-22T22:03:43.752+0000] {logging_mixin.py:154} INFO - [2025-02-22T22:03:43.752+0000] {dag.py:3722} INFO - Setting next_dagrun for example_weekday_branch_operator to 2025-02-21T00:00:00+00:00, run_after=2025-02-22T00:00:00+00:00
[2025-02-22T22:03:43.800+0000] {processor.py:179} INFO - Processing /home/airflow/.local/lib/python3.10/site-packages/airflow/example_dags/example_branch_day_of_week_operator.py took 0.188 seconds
[2025-02-22T22:04:14.830+0000] {processor.py:157} INFO - Started process (PID=141) to work on /home/airflow/.local/lib/python3.10/site-packages/airflow/example_dags/example_branch_day_of_week_operator.py
[2025-02-22T22:04:14.836+0000] {processor.py:829} INFO - Processing file /home/airflow/.local/lib/python3.10/site-packages/airflow/example_dags/example_branch_day_of_week_operator.py for tasks to queue
[2025-02-22T22:04:14.840+0000] {logging_mixin.py:154} INFO - [2025-02-22T22:04:14.840+0000] {dagbag.py:536} INFO - Filling up the DagBag from /home/airflow/.local/lib/python3.10/site-packages/airflow/example_dags/example_branch_day_of_week_operator.py
[2025-02-22T22:04:14.848+0000] {processor.py:839} INFO - DAG(s) dict_keys(['example_weekday_branch_operator']) retrieved from /home/airflow/.local/lib/python3.10/site-packages/airflow/example_dags/example_branch_day_of_week_operator.py
[2025-02-22T22:04:14.916+0000] {logging_mixin.py:154} INFO - [2025-02-22T22:04:14.916+0000] {dag.py:2941} INFO - Sync 1 DAGs
[2025-02-22T22:04:14.945+0000] {logging_mixin.py:154} INFO - [2025-02-22T22:04:14.944+0000] {dag.py:3722} INFO - Setting next_dagrun for example_weekday_branch_operator to 2025-02-21T00:00:00+00:00, run_after=2025-02-22T00:00:00+00:00
[2025-02-22T22:04:14.962+0000] {processor.py:179} INFO - Processing /home/airflow/.local/lib/python3.10/site-packages/airflow/example_dags/example_branch_day_of_week_operator.py took 0.134 seconds
[2025-02-22T22:04:45.034+0000] {processor.py:157} INFO - Started process (PID=202) to work on /home/airflow/.local/lib/python3.10/site-packages/airflow/example_dags/example_branch_day_of_week_operator.py
[2025-02-22T22:04:45.035+0000] {processor.py:829} INFO - Processing file /home/airflow/.local/lib/python3.10/site-packages/airflow/example_dags/example_branch_day_of_week_operator.py for tasks to queue
[2025-02-22T22:04:45.037+0000] {logging_mixin.py:154} INFO - [2025-02-22T22:04:45.037+0000] {dagbag.py:536} INFO - Filling up the DagBag from /home/airflow/.local/lib/python3.10/site-packages/airflow/example_dags/example_branch_day_of_week_operator.py
[2025-02-22T22:04:45.044+0000] {processor.py:839} INFO - DAG(s) dict_keys(['example_weekday_branch_operator']) retrieved from /home/airflow/.local/lib/python3.10/site-packages/airflow/example_dags/example_branch_day_of_week_operator.py
[2025-02-22T22:04:45.115+0000] {logging_mixin.py:154} INFO - [2025-02-22T22:04:45.115+0000] {dag.py:2941} INFO - Sync 1 DAGs
[2025-02-22T22:04:45.150+0000] {logging_mixin.py:154} INFO - [2025-02-22T22:04:45.150+0000] {dag.py:3722} INFO - Setting next_dagrun for example_weekday_branch_operator to 2025-02-21T00:00:00+00:00, run_after=2025-02-22T00:00:00+00:00
[2025-02-22T22:04:45.179+0000] {processor.py:179} INFO - Processing /home/airflow/.local/lib/python3.10/site-packages/airflow/example_dags/example_branch_day_of_week_operator.py took 0.147 seconds
[2025-02-22T22:05:15.702+0000] {processor.py:157} INFO - Started process (PID=270) to work on /home/airflow/.local/lib/python3.10/site-packages/airflow/example_dags/example_branch_day_of_week_operator.py
[2025-02-22T22:05:15.704+0000] {processor.py:829} INFO - Processing file /home/airflow/.local/lib/python3.10/site-packages/airflow/example_dags/example_branch_day_of_week_operator.py for tasks to queue
[2025-02-22T22:05:15.705+0000] {logging_mixin.py:154} INFO - [2025-02-22T22:05:15.705+0000] {dagbag.py:536} INFO - Filling up the DagBag from /home/airflow/.local/lib/python3.10/site-packages/airflow/example_dags/example_branch_day_of_week_operator.py
[2025-02-22T22:05:15.715+0000] {processor.py:839} INFO - DAG(s) dict_keys(['example_weekday_branch_operator']) retrieved from /home/airflow/.local/lib/python3.10/site-packages/airflow/example_dags/example_branch_day_of_week_operator.py
[2025-02-22T22:05:15.788+0000] {logging_mixin.py:154} INFO - [2025-02-22T22:05:15.788+0000] {dag.py:2941} INFO - Sync 1 DAGs
[2025-02-22T22:05:15.818+0000] {logging_mixin.py:154} INFO - [2025-02-22T22:05:15.818+0000] {dag.py:3722} INFO - Setting next_dagrun for example_weekday_branch_operator to 2025-02-21T00:00:00+00:00, run_after=2025-02-22T00:00:00+00:00
[2025-02-22T22:05:15.837+0000] {processor.py:179} INFO - Processing /home/airflow/.local/lib/python3.10/site-packages/airflow/example_dags/example_branch_day_of_week_operator.py took 0.137 seconds
[2025-02-22T22:05:46.174+0000] {processor.py:157} INFO - Started process (PID=331) to work on /home/airflow/.local/lib/python3.10/site-packages/airflow/example_dags/example_branch_day_of_week_operator.py
[2025-02-22T22:05:46.176+0000] {processor.py:829} INFO - Processing file /home/airflow/.local/lib/python3.10/site-packages/airflow/example_dags/example_branch_day_of_week_operator.py for tasks to queue
[2025-02-22T22:05:46.177+0000] {logging_mixin.py:154} INFO - [2025-02-22T22:05:46.177+0000] {dagbag.py:536} INFO - Filling up the DagBag from /home/airflow/.local/lib/python3.10/site-packages/airflow/example_dags/example_branch_day_of_week_operator.py
[2025-02-22T22:05:46.185+0000] {processor.py:839} INFO - DAG(s) dict_keys(['example_weekday_branch_operator']) retrieved from /home/airflow/.local/lib/python3.10/site-packages/airflow/example_dags/example_branch_day_of_week_operator.py
[2025-02-22T22:05:46.260+0000] {logging_mixin.py:154} INFO - [2025-02-22T22:05:46.260+0000] {dag.py:2941} INFO - Sync 1 DAGs
[2025-02-22T22:05:46.295+0000] {logging_mixin.py:154} INFO - [2025-02-22T22:05:46.295+0000] {dag.py:3722} INFO - Setting next_dagrun for example_weekday_branch_operator to 2025-02-21T00:00:00+00:00, run_after=2025-02-22T00:00:00+00:00
[2025-02-22T22:05:46.314+0000] {processor.py:179} INFO - Processing /home/airflow/.local/lib/python3.10/site-packages/airflow/example_dags/example_branch_day_of_week_operator.py took 0.142 seconds
[2025-02-22T22:06:16.575+0000] {processor.py:157} INFO - Started process (PID=399) to work on /home/airflow/.local/lib/python3.10/site-packages/airflow/example_dags/example_branch_day_of_week_operator.py
[2025-02-22T22:06:16.576+0000] {processor.py:829} INFO - Processing file /home/airflow/.local/lib/python3.10/site-packages/airflow/example_dags/example_branch_day_of_week_operator.py for tasks to queue
[2025-02-22T22:06:16.577+0000] {logging_mixin.py:154} INFO - [2025-02-22T22:06:16.577+0000] {dagbag.py:536} INFO - Filling up the DagBag from /home/airflow/.local/lib/python3.10/site-packages/airflow/example_dags/example_branch_day_of_week_operator.py
[2025-02-22T22:06:16.585+0000] {processor.py:839} INFO - DAG(s) dict_keys(['example_weekday_branch_operator']) retrieved from /home/airflow/.local/lib/python3.10/site-packages/airflow/example_dags/example_branch_day_of_week_operator.py
[2025-02-22T22:06:16.654+0000] {logging_mixin.py:154} INFO - [2025-02-22T22:06:16.653+0000] {dag.py:2941} INFO - Sync 1 DAGs
[2025-02-22T22:06:16.687+0000] {logging_mixin.py:154} INFO - [2025-02-22T22:06:16.687+0000] {dag.py:3722} INFO - Setting next_dagrun for example_weekday_branch_operator to 2025-02-21T00:00:00+00:00, run_after=2025-02-22T00:00:00+00:00
[2025-02-22T22:06:16.706+0000] {processor.py:179} INFO - Processing /home/airflow/.local/lib/python3.10/site-packages/airflow/example_dags/example_branch_day_of_week_operator.py took 0.134 seconds
[2025-02-22T22:06:47.358+0000] {processor.py:157} INFO - Started process (PID=460) to work on /home/airflow/.local/lib/python3.10/site-packages/airflow/example_dags/example_branch_day_of_week_operator.py
[2025-02-22T22:06:47.360+0000] {processor.py:829} INFO - Processing file /home/airflow/.local/lib/python3.10/site-packages/airflow/example_dags/example_branch_day_of_week_operator.py for tasks to queue
[2025-02-22T22:06:47.362+0000] {logging_mixin.py:154} INFO - [2025-02-22T22:06:47.362+0000] {dagbag.py:536} INFO - Filling up the DagBag from /home/airflow/.local/lib/python3.10/site-packages/airflow/example_dags/example_branch_day_of_week_operator.py
[2025-02-22T22:06:47.370+0000] {processor.py:839} INFO - DAG(s) dict_keys(['example_weekday_branch_operator']) retrieved from /home/airflow/.local/lib/python3.10/site-packages/airflow/example_dags/example_branch_day_of_week_operator.py
[2025-02-22T22:06:47.443+0000] {logging_mixin.py:154} INFO - [2025-02-22T22:06:47.443+0000] {dag.py:2941} INFO - Sync 1 DAGs
[2025-02-22T22:06:47.477+0000] {logging_mixin.py:154} INFO - [2025-02-22T22:06:47.477+0000] {dag.py:3722} INFO - Setting next_dagrun for example_weekday_branch_operator to 2025-02-21T00:00:00+00:00, run_after=2025-02-22T00:00:00+00:00
[2025-02-22T22:06:47.501+0000] {processor.py:179} INFO - Processing /home/airflow/.local/lib/python3.10/site-packages/airflow/example_dags/example_branch_day_of_week_operator.py took 0.145 seconds
[2025-02-22T22:07:17.975+0000] {processor.py:157} INFO - Started process (PID=528) to work on /home/airflow/.local/lib/python3.10/site-packages/airflow/example_dags/example_branch_day_of_week_operator.py
[2025-02-22T22:07:17.977+0000] {processor.py:829} INFO - Processing file /home/airflow/.local/lib/python3.10/site-packages/airflow/example_dags/example_branch_day_of_week_operator.py for tasks to queue
[2025-02-22T22:07:17.978+0000] {logging_mixin.py:154} INFO - [2025-02-22T22:07:17.978+0000] {dagbag.py:536} INFO - Filling up the DagBag from /home/airflow/.local/lib/python3.10/site-packages/airflow/example_dags/example_branch_day_of_week_operator.py
[2025-02-22T22:07:17.987+0000] {processor.py:839} INFO - DAG(s) dict_keys(['example_weekday_branch_operator']) retrieved from /home/airflow/.local/lib/python3.10/site-packages/airflow/example_dags/example_branch_day_of_week_operator.py
[2025-02-22T22:07:18.057+0000] {logging_mixin.py:154} INFO - [2025-02-22T22:07:18.057+0000] {dag.py:2941} INFO - Sync 1 DAGs
[2025-02-22T22:07:18.088+0000] {logging_mixin.py:154} INFO - [2025-02-22T22:07:18.088+0000] {dag.py:3722} INFO - Setting next_dagrun for example_weekday_branch_operator to 2025-02-21T00:00:00+00:00, run_after=2025-02-22T00:00:00+00:00
[2025-02-22T22:07:18.106+0000] {processor.py:179} INFO - Processing /home/airflow/.local/lib/python3.10/site-packages/airflow/example_dags/example_branch_day_of_week_operator.py took 0.134 seconds
[2025-02-22T22:07:48.396+0000] {processor.py:157} INFO - Started process (PID=596) to work on /home/airflow/.local/lib/python3.10/site-packages/airflow/example_dags/example_branch_day_of_week_operator.py
[2025-02-22T22:07:48.398+0000] {processor.py:829} INFO - Processing file /home/airflow/.local/lib/python3.10/site-packages/airflow/example_dags/example_branch_day_of_week_operator.py for tasks to queue
[2025-02-22T22:07:48.399+0000] {logging_mixin.py:154} INFO - [2025-02-22T22:07:48.399+0000] {dagbag.py:536} INFO - Filling up the DagBag from /home/airflow/.local/lib/python3.10/site-packages/airflow/example_dags/example_branch_day_of_week_operator.py
[2025-02-22T22:07:48.407+0000] {processor.py:839} INFO - DAG(s) dict_keys(['example_weekday_branch_operator']) retrieved from /home/airflow/.local/lib/python3.10/site-packages/airflow/example_dags/example_branch_day_of_week_operator.py
[2025-02-22T22:07:48.480+0000] {logging_mixin.py:154} INFO - [2025-02-22T22:07:48.480+0000] {dag.py:2941} INFO - Sync 1 DAGs
[2025-02-22T22:07:48.518+0000] {logging_mixin.py:154} INFO - [2025-02-22T22:07:48.518+0000] {dag.py:3722} INFO - Setting next_dagrun for example_weekday_branch_operator to 2025-02-21T00:00:00+00:00, run_after=2025-02-22T00:00:00+00:00
[2025-02-22T22:07:48.540+0000] {processor.py:179} INFO - Processing /home/airflow/.local/lib/python3.10/site-packages/airflow/example_dags/example_branch_day_of_week_operator.py took 0.146 seconds
[2025-02-22T22:08:39.618+0000] {processor.py:157} INFO - Started process (PID=78) to work on /home/airflow/.local/lib/python3.10/site-packages/airflow/example_dags/example_branch_day_of_week_operator.py
[2025-02-22T22:08:39.621+0000] {processor.py:829} INFO - Processing file /home/airflow/.local/lib/python3.10/site-packages/airflow/example_dags/example_branch_day_of_week_operator.py for tasks to queue
[2025-02-22T22:08:39.625+0000] {logging_mixin.py:154} INFO - [2025-02-22T22:08:39.625+0000] {dagbag.py:536} INFO - Filling up the DagBag from /home/airflow/.local/lib/python3.10/site-packages/airflow/example_dags/example_branch_day_of_week_operator.py
[2025-02-22T22:08:39.642+0000] {processor.py:839} INFO - DAG(s) dict_keys(['example_weekday_branch_operator']) retrieved from /home/airflow/.local/lib/python3.10/site-packages/airflow/example_dags/example_branch_day_of_week_operator.py
[2025-02-22T22:08:39.763+0000] {logging_mixin.py:154} INFO - [2025-02-22T22:08:39.763+0000] {dag.py:2941} INFO - Sync 1 DAGs
[2025-02-22T22:08:39.857+0000] {logging_mixin.py:154} INFO - [2025-02-22T22:08:39.857+0000] {dag.py:3722} INFO - Setting next_dagrun for example_weekday_branch_operator to 2025-02-21T00:00:00+00:00, run_after=2025-02-22T00:00:00+00:00
[2025-02-22T22:08:39.939+0000] {processor.py:179} INFO - Processing /home/airflow/.local/lib/python3.10/site-packages/airflow/example_dags/example_branch_day_of_week_operator.py took 0.325 seconds
[2025-02-22T22:09:10.010+0000] {processor.py:157} INFO - Started process (PID=139) to work on /home/airflow/.local/lib/python3.10/site-packages/airflow/example_dags/example_branch_day_of_week_operator.py
[2025-02-22T22:09:10.011+0000] {processor.py:829} INFO - Processing file /home/airflow/.local/lib/python3.10/site-packages/airflow/example_dags/example_branch_day_of_week_operator.py for tasks to queue
[2025-02-22T22:09:10.012+0000] {logging_mixin.py:154} INFO - [2025-02-22T22:09:10.012+0000] {dagbag.py:536} INFO - Filling up the DagBag from /home/airflow/.local/lib/python3.10/site-packages/airflow/example_dags/example_branch_day_of_week_operator.py
[2025-02-22T22:09:10.019+0000] {processor.py:839} INFO - DAG(s) dict_keys(['example_weekday_branch_operator']) retrieved from /home/airflow/.local/lib/python3.10/site-packages/airflow/example_dags/example_branch_day_of_week_operator.py
[2025-02-22T22:09:10.081+0000] {logging_mixin.py:154} INFO - [2025-02-22T22:09:10.080+0000] {dag.py:2941} INFO - Sync 1 DAGs
[2025-02-22T22:09:10.109+0000] {logging_mixin.py:154} INFO - [2025-02-22T22:09:10.109+0000] {dag.py:3722} INFO - Setting next_dagrun for example_weekday_branch_operator to 2025-02-21T00:00:00+00:00, run_after=2025-02-22T00:00:00+00:00
[2025-02-22T22:09:10.126+0000] {processor.py:179} INFO - Processing /home/airflow/.local/lib/python3.10/site-packages/airflow/example_dags/example_branch_day_of_week_operator.py took 0.118 seconds
[2025-02-22T22:09:40.160+0000] {processor.py:157} INFO - Started process (PID=199) to work on /home/airflow/.local/lib/python3.10/site-packages/airflow/example_dags/example_branch_day_of_week_operator.py
[2025-02-22T22:09:40.161+0000] {processor.py:829} INFO - Processing file /home/airflow/.local/lib/python3.10/site-packages/airflow/example_dags/example_branch_day_of_week_operator.py for tasks to queue
[2025-02-22T22:09:40.163+0000] {logging_mixin.py:154} INFO - [2025-02-22T22:09:40.163+0000] {dagbag.py:536} INFO - Filling up the DagBag from /home/airflow/.local/lib/python3.10/site-packages/airflow/example_dags/example_branch_day_of_week_operator.py
[2025-02-22T22:09:40.170+0000] {processor.py:839} INFO - DAG(s) dict_keys(['example_weekday_branch_operator']) retrieved from /home/airflow/.local/lib/python3.10/site-packages/airflow/example_dags/example_branch_day_of_week_operator.py
[2025-02-22T22:09:40.240+0000] {logging_mixin.py:154} INFO - [2025-02-22T22:09:40.240+0000] {dag.py:2941} INFO - Sync 1 DAGs
[2025-02-22T22:09:40.269+0000] {logging_mixin.py:154} INFO - [2025-02-22T22:09:40.269+0000] {dag.py:3722} INFO - Setting next_dagrun for example_weekday_branch_operator to 2025-02-21T00:00:00+00:00, run_after=2025-02-22T00:00:00+00:00
[2025-02-22T22:09:40.293+0000] {processor.py:179} INFO - Processing /home/airflow/.local/lib/python3.10/site-packages/airflow/example_dags/example_branch_day_of_week_operator.py took 0.135 seconds
[2025-02-22T22:10:10.424+0000] {processor.py:157} INFO - Started process (PID=267) to work on /home/airflow/.local/lib/python3.10/site-packages/airflow/example_dags/example_branch_day_of_week_operator.py
[2025-02-22T22:10:10.425+0000] {processor.py:829} INFO - Processing file /home/airflow/.local/lib/python3.10/site-packages/airflow/example_dags/example_branch_day_of_week_operator.py for tasks to queue
[2025-02-22T22:10:10.426+0000] {logging_mixin.py:154} INFO - [2025-02-22T22:10:10.426+0000] {dagbag.py:536} INFO - Filling up the DagBag from /home/airflow/.local/lib/python3.10/site-packages/airflow/example_dags/example_branch_day_of_week_operator.py
[2025-02-22T22:10:10.433+0000] {processor.py:839} INFO - DAG(s) dict_keys(['example_weekday_branch_operator']) retrieved from /home/airflow/.local/lib/python3.10/site-packages/airflow/example_dags/example_branch_day_of_week_operator.py
[2025-02-22T22:10:10.494+0000] {logging_mixin.py:154} INFO - [2025-02-22T22:10:10.494+0000] {dag.py:2941} INFO - Sync 1 DAGs
[2025-02-22T22:10:10.520+0000] {logging_mixin.py:154} INFO - [2025-02-22T22:10:10.520+0000] {dag.py:3722} INFO - Setting next_dagrun for example_weekday_branch_operator to 2025-02-21T00:00:00+00:00, run_after=2025-02-22T00:00:00+00:00
[2025-02-22T22:10:10.536+0000] {processor.py:179} INFO - Processing /home/airflow/.local/lib/python3.10/site-packages/airflow/example_dags/example_branch_day_of_week_operator.py took 0.114 seconds
[2025-02-22T22:10:40.578+0000] {processor.py:157} INFO - Started process (PID=328) to work on /home/airflow/.local/lib/python3.10/site-packages/airflow/example_dags/example_branch_day_of_week_operator.py
[2025-02-22T22:10:40.579+0000] {processor.py:829} INFO - Processing file /home/airflow/.local/lib/python3.10/site-packages/airflow/example_dags/example_branch_day_of_week_operator.py for tasks to queue
[2025-02-22T22:10:40.581+0000] {logging_mixin.py:154} INFO - [2025-02-22T22:10:40.580+0000] {dagbag.py:536} INFO - Filling up the DagBag from /home/airflow/.local/lib/python3.10/site-packages/airflow/example_dags/example_branch_day_of_week_operator.py
[2025-02-22T22:10:40.587+0000] {processor.py:839} INFO - DAG(s) dict_keys(['example_weekday_branch_operator']) retrieved from /home/airflow/.local/lib/python3.10/site-packages/airflow/example_dags/example_branch_day_of_week_operator.py
[2025-02-22T22:10:40.650+0000] {logging_mixin.py:154} INFO - [2025-02-22T22:10:40.650+0000] {dag.py:2941} INFO - Sync 1 DAGs
[2025-02-22T22:10:40.676+0000] {logging_mixin.py:154} INFO - [2025-02-22T22:10:40.676+0000] {dag.py:3722} INFO - Setting next_dagrun for example_weekday_branch_operator to 2025-02-21T00:00:00+00:00, run_after=2025-02-22T00:00:00+00:00
[2025-02-22T22:10:40.692+0000] {processor.py:179} INFO - Processing /home/airflow/.local/lib/python3.10/site-packages/airflow/example_dags/example_branch_day_of_week_operator.py took 0.115 seconds
[2025-02-22T22:11:11.086+0000] {processor.py:157} INFO - Started process (PID=394) to work on /home/airflow/.local/lib/python3.10/site-packages/airflow/example_dags/example_branch_day_of_week_operator.py
[2025-02-22T22:11:11.087+0000] {processor.py:829} INFO - Processing file /home/airflow/.local/lib/python3.10/site-packages/airflow/example_dags/example_branch_day_of_week_operator.py for tasks to queue
[2025-02-22T22:11:11.088+0000] {logging_mixin.py:154} INFO - [2025-02-22T22:11:11.088+0000] {dagbag.py:536} INFO - Filling up the DagBag from /home/airflow/.local/lib/python3.10/site-packages/airflow/example_dags/example_branch_day_of_week_operator.py
[2025-02-22T22:11:11.095+0000] {processor.py:839} INFO - DAG(s) dict_keys(['example_weekday_branch_operator']) retrieved from /home/airflow/.local/lib/python3.10/site-packages/airflow/example_dags/example_branch_day_of_week_operator.py
[2025-02-22T22:11:11.160+0000] {logging_mixin.py:154} INFO - [2025-02-22T22:11:11.160+0000] {dag.py:2941} INFO - Sync 1 DAGs
[2025-02-22T22:11:11.191+0000] {logging_mixin.py:154} INFO - [2025-02-22T22:11:11.191+0000] {dag.py:3722} INFO - Setting next_dagrun for example_weekday_branch_operator to 2025-02-21T00:00:00+00:00, run_after=2025-02-22T00:00:00+00:00
[2025-02-22T22:11:11.213+0000] {processor.py:179} INFO - Processing /home/airflow/.local/lib/python3.10/site-packages/airflow/example_dags/example_branch_day_of_week_operator.py took 0.128 seconds
[2025-02-22T22:11:41.993+0000] {processor.py:157} INFO - Started process (PID=455) to work on /home/airflow/.local/lib/python3.10/site-packages/airflow/example_dags/example_branch_day_of_week_operator.py
[2025-02-22T22:11:41.995+0000] {processor.py:829} INFO - Processing file /home/airflow/.local/lib/python3.10/site-packages/airflow/example_dags/example_branch_day_of_week_operator.py for tasks to queue
[2025-02-22T22:11:41.998+0000] {logging_mixin.py:154} INFO - [2025-02-22T22:11:41.997+0000] {dagbag.py:536} INFO - Filling up the DagBag from /home/airflow/.local/lib/python3.10/site-packages/airflow/example_dags/example_branch_day_of_week_operator.py
[2025-02-22T22:11:42.009+0000] {processor.py:839} INFO - DAG(s) dict_keys(['example_weekday_branch_operator']) retrieved from /home/airflow/.local/lib/python3.10/site-packages/airflow/example_dags/example_branch_day_of_week_operator.py
[2025-02-22T22:11:42.079+0000] {logging_mixin.py:154} INFO - [2025-02-22T22:11:42.079+0000] {dag.py:2941} INFO - Sync 1 DAGs
[2025-02-22T22:11:42.110+0000] {logging_mixin.py:154} INFO - [2025-02-22T22:11:42.110+0000] {dag.py:3722} INFO - Setting next_dagrun for example_weekday_branch_operator to 2025-02-21T00:00:00+00:00, run_after=2025-02-22T00:00:00+00:00
[2025-02-22T22:11:42.129+0000] {processor.py:179} INFO - Processing /home/airflow/.local/lib/python3.10/site-packages/airflow/example_dags/example_branch_day_of_week_operator.py took 0.140 seconds
[2025-02-22T22:12:12.738+0000] {processor.py:157} INFO - Started process (PID=523) to work on /home/airflow/.local/lib/python3.10/site-packages/airflow/example_dags/example_branch_day_of_week_operator.py
[2025-02-22T22:12:12.741+0000] {processor.py:829} INFO - Processing file /home/airflow/.local/lib/python3.10/site-packages/airflow/example_dags/example_branch_day_of_week_operator.py for tasks to queue
[2025-02-22T22:12:12.744+0000] {logging_mixin.py:154} INFO - [2025-02-22T22:12:12.743+0000] {dagbag.py:536} INFO - Filling up the DagBag from /home/airflow/.local/lib/python3.10/site-packages/airflow/example_dags/example_branch_day_of_week_operator.py
[2025-02-22T22:12:12.750+0000] {processor.py:839} INFO - DAG(s) dict_keys(['example_weekday_branch_operator']) retrieved from /home/airflow/.local/lib/python3.10/site-packages/airflow/example_dags/example_branch_day_of_week_operator.py
[2025-02-22T22:12:12.816+0000] {logging_mixin.py:154} INFO - [2025-02-22T22:12:12.816+0000] {dag.py:2941} INFO - Sync 1 DAGs
[2025-02-22T22:12:12.844+0000] {logging_mixin.py:154} INFO - [2025-02-22T22:12:12.844+0000] {dag.py:3722} INFO - Setting next_dagrun for example_weekday_branch_operator to 2025-02-21T00:00:00+00:00, run_after=2025-02-22T00:00:00+00:00
[2025-02-22T22:12:12.860+0000] {processor.py:179} INFO - Processing /home/airflow/.local/lib/python3.10/site-packages/airflow/example_dags/example_branch_day_of_week_operator.py took 0.124 seconds
[2025-02-22T22:12:43.748+0000] {processor.py:157} INFO - Started process (PID=590) to work on /home/airflow/.local/lib/python3.10/site-packages/airflow/example_dags/example_branch_day_of_week_operator.py
[2025-02-22T22:12:43.749+0000] {processor.py:829} INFO - Processing file /home/airflow/.local/lib/python3.10/site-packages/airflow/example_dags/example_branch_day_of_week_operator.py for tasks to queue
[2025-02-22T22:12:43.752+0000] {logging_mixin.py:154} INFO - [2025-02-22T22:12:43.752+0000] {dagbag.py:536} INFO - Filling up the DagBag from /home/airflow/.local/lib/python3.10/site-packages/airflow/example_dags/example_branch_day_of_week_operator.py
[2025-02-22T22:12:43.774+0000] {processor.py:839} INFO - DAG(s) dict_keys(['example_weekday_branch_operator']) retrieved from /home/airflow/.local/lib/python3.10/site-packages/airflow/example_dags/example_branch_day_of_week_operator.py
[2025-02-22T22:12:44.046+0000] {logging_mixin.py:154} INFO - [2025-02-22T22:12:44.045+0000] {dag.py:2941} INFO - Sync 1 DAGs
[2025-02-22T22:12:44.127+0000] {logging_mixin.py:154} INFO - [2025-02-22T22:12:44.126+0000] {dag.py:3722} INFO - Setting next_dagrun for example_weekday_branch_operator to 2025-02-21T00:00:00+00:00, run_after=2025-02-22T00:00:00+00:00
[2025-02-22T22:12:44.177+0000] {processor.py:179} INFO - Processing /home/airflow/.local/lib/python3.10/site-packages/airflow/example_dags/example_branch_day_of_week_operator.py took 0.433 seconds
[2025-02-22T22:13:14.838+0000] {processor.py:157} INFO - Started process (PID=651) to work on /home/airflow/.local/lib/python3.10/site-packages/airflow/example_dags/example_branch_day_of_week_operator.py
[2025-02-22T22:13:14.839+0000] {processor.py:829} INFO - Processing file /home/airflow/.local/lib/python3.10/site-packages/airflow/example_dags/example_branch_day_of_week_operator.py for tasks to queue
[2025-02-22T22:13:14.840+0000] {logging_mixin.py:154} INFO - [2025-02-22T22:13:14.840+0000] {dagbag.py:536} INFO - Filling up the DagBag from /home/airflow/.local/lib/python3.10/site-packages/airflow/example_dags/example_branch_day_of_week_operator.py
[2025-02-22T22:13:14.847+0000] {processor.py:839} INFO - DAG(s) dict_keys(['example_weekday_branch_operator']) retrieved from /home/airflow/.local/lib/python3.10/site-packages/airflow/example_dags/example_branch_day_of_week_operator.py
[2025-02-22T22:13:14.916+0000] {logging_mixin.py:154} INFO - [2025-02-22T22:13:14.916+0000] {dag.py:2941} INFO - Sync 1 DAGs
[2025-02-22T22:13:14.946+0000] {logging_mixin.py:154} INFO - [2025-02-22T22:13:14.946+0000] {dag.py:3722} INFO - Setting next_dagrun for example_weekday_branch_operator to 2025-02-21T00:00:00+00:00, run_after=2025-02-22T00:00:00+00:00
[2025-02-22T22:13:14.971+0000] {processor.py:179} INFO - Processing /home/airflow/.local/lib/python3.10/site-packages/airflow/example_dags/example_branch_day_of_week_operator.py took 0.136 seconds
[2025-02-22T22:13:45.306+0000] {processor.py:157} INFO - Started process (PID=719) to work on /home/airflow/.local/lib/python3.10/site-packages/airflow/example_dags/example_branch_day_of_week_operator.py
[2025-02-22T22:13:45.308+0000] {processor.py:829} INFO - Processing file /home/airflow/.local/lib/python3.10/site-packages/airflow/example_dags/example_branch_day_of_week_operator.py for tasks to queue
[2025-02-22T22:13:45.310+0000] {logging_mixin.py:154} INFO - [2025-02-22T22:13:45.310+0000] {dagbag.py:536} INFO - Filling up the DagBag from /home/airflow/.local/lib/python3.10/site-packages/airflow/example_dags/example_branch_day_of_week_operator.py
[2025-02-22T22:13:45.319+0000] {processor.py:839} INFO - DAG(s) dict_keys(['example_weekday_branch_operator']) retrieved from /home/airflow/.local/lib/python3.10/site-packages/airflow/example_dags/example_branch_day_of_week_operator.py
[2025-02-22T22:13:45.389+0000] {logging_mixin.py:154} INFO - [2025-02-22T22:13:45.389+0000] {dag.py:2941} INFO - Sync 1 DAGs
[2025-02-22T22:13:45.418+0000] {logging_mixin.py:154} INFO - [2025-02-22T22:13:45.418+0000] {dag.py:3722} INFO - Setting next_dagrun for example_weekday_branch_operator to 2025-02-21T00:00:00+00:00, run_after=2025-02-22T00:00:00+00:00
[2025-02-22T22:13:45.437+0000] {processor.py:179} INFO - Processing /home/airflow/.local/lib/python3.10/site-packages/airflow/example_dags/example_branch_day_of_week_operator.py took 0.134 seconds
[2025-02-22T22:14:15.725+0000] {processor.py:157} INFO - Started process (PID=780) to work on /home/airflow/.local/lib/python3.10/site-packages/airflow/example_dags/example_branch_day_of_week_operator.py
[2025-02-22T22:14:15.726+0000] {processor.py:829} INFO - Processing file /home/airflow/.local/lib/python3.10/site-packages/airflow/example_dags/example_branch_day_of_week_operator.py for tasks to queue
[2025-02-22T22:14:15.727+0000] {logging_mixin.py:154} INFO - [2025-02-22T22:14:15.727+0000] {dagbag.py:536} INFO - Filling up the DagBag from /home/airflow/.local/lib/python3.10/site-packages/airflow/example_dags/example_branch_day_of_week_operator.py
[2025-02-22T22:14:15.734+0000] {processor.py:839} INFO - DAG(s) dict_keys(['example_weekday_branch_operator']) retrieved from /home/airflow/.local/lib/python3.10/site-packages/airflow/example_dags/example_branch_day_of_week_operator.py
[2025-02-22T22:14:15.801+0000] {logging_mixin.py:154} INFO - [2025-02-22T22:14:15.801+0000] {dag.py:2941} INFO - Sync 1 DAGs
[2025-02-22T22:14:15.831+0000] {logging_mixin.py:154} INFO - [2025-02-22T22:14:15.830+0000] {dag.py:3722} INFO - Setting next_dagrun for example_weekday_branch_operator to 2025-02-21T00:00:00+00:00, run_after=2025-02-22T00:00:00+00:00
[2025-02-22T22:14:15.849+0000] {processor.py:179} INFO - Processing /home/airflow/.local/lib/python3.10/site-packages/airflow/example_dags/example_branch_day_of_week_operator.py took 0.127 seconds
[2025-02-22T22:14:46.539+0000] {processor.py:157} INFO - Started process (PID=848) to work on /home/airflow/.local/lib/python3.10/site-packages/airflow/example_dags/example_branch_day_of_week_operator.py
[2025-02-22T22:14:46.540+0000] {processor.py:829} INFO - Processing file /home/airflow/.local/lib/python3.10/site-packages/airflow/example_dags/example_branch_day_of_week_operator.py for tasks to queue
[2025-02-22T22:14:46.542+0000] {logging_mixin.py:154} INFO - [2025-02-22T22:14:46.541+0000] {dagbag.py:536} INFO - Filling up the DagBag from /home/airflow/.local/lib/python3.10/site-packages/airflow/example_dags/example_branch_day_of_week_operator.py
[2025-02-22T22:14:46.550+0000] {processor.py:839} INFO - DAG(s) dict_keys(['example_weekday_branch_operator']) retrieved from /home/airflow/.local/lib/python3.10/site-packages/airflow/example_dags/example_branch_day_of_week_operator.py
[2025-02-22T22:14:46.626+0000] {logging_mixin.py:154} INFO - [2025-02-22T22:14:46.626+0000] {dag.py:2941} INFO - Sync 1 DAGs
[2025-02-22T22:14:46.657+0000] {logging_mixin.py:154} INFO - [2025-02-22T22:14:46.657+0000] {dag.py:3722} INFO - Setting next_dagrun for example_weekday_branch_operator to 2025-02-21T00:00:00+00:00, run_after=2025-02-22T00:00:00+00:00
[2025-02-22T22:14:46.675+0000] {processor.py:179} INFO - Processing /home/airflow/.local/lib/python3.10/site-packages/airflow/example_dags/example_branch_day_of_week_operator.py took 0.139 seconds
[2025-02-22T22:15:17.460+0000] {processor.py:157} INFO - Started process (PID=909) to work on /home/airflow/.local/lib/python3.10/site-packages/airflow/example_dags/example_branch_day_of_week_operator.py
[2025-02-22T22:15:17.462+0000] {processor.py:829} INFO - Processing file /home/airflow/.local/lib/python3.10/site-packages/airflow/example_dags/example_branch_day_of_week_operator.py for tasks to queue
[2025-02-22T22:15:17.463+0000] {logging_mixin.py:154} INFO - [2025-02-22T22:15:17.463+0000] {dagbag.py:536} INFO - Filling up the DagBag from /home/airflow/.local/lib/python3.10/site-packages/airflow/example_dags/example_branch_day_of_week_operator.py
[2025-02-22T22:15:17.471+0000] {processor.py:839} INFO - DAG(s) dict_keys(['example_weekday_branch_operator']) retrieved from /home/airflow/.local/lib/python3.10/site-packages/airflow/example_dags/example_branch_day_of_week_operator.py
[2025-02-22T22:15:17.578+0000] {logging_mixin.py:154} INFO - [2025-02-22T22:15:17.578+0000] {dag.py:2941} INFO - Sync 1 DAGs
[2025-02-22T22:15:17.609+0000] {logging_mixin.py:154} INFO - [2025-02-22T22:15:17.609+0000] {dag.py:3722} INFO - Setting next_dagrun for example_weekday_branch_operator to 2025-02-21T00:00:00+00:00, run_after=2025-02-22T00:00:00+00:00
[2025-02-22T22:15:17.627+0000] {processor.py:179} INFO - Processing /home/airflow/.local/lib/python3.10/site-packages/airflow/example_dags/example_branch_day_of_week_operator.py took 0.170 seconds
[2025-02-22T22:15:47.841+0000] {processor.py:157} INFO - Started process (PID=977) to work on /home/airflow/.local/lib/python3.10/site-packages/airflow/example_dags/example_branch_day_of_week_operator.py
[2025-02-22T22:15:47.842+0000] {processor.py:829} INFO - Processing file /home/airflow/.local/lib/python3.10/site-packages/airflow/example_dags/example_branch_day_of_week_operator.py for tasks to queue
[2025-02-22T22:15:47.843+0000] {logging_mixin.py:154} INFO - [2025-02-22T22:15:47.843+0000] {dagbag.py:536} INFO - Filling up the DagBag from /home/airflow/.local/lib/python3.10/site-packages/airflow/example_dags/example_branch_day_of_week_operator.py
[2025-02-22T22:15:47.850+0000] {processor.py:839} INFO - DAG(s) dict_keys(['example_weekday_branch_operator']) retrieved from /home/airflow/.local/lib/python3.10/site-packages/airflow/example_dags/example_branch_day_of_week_operator.py
[2025-02-22T22:15:47.920+0000] {logging_mixin.py:154} INFO - [2025-02-22T22:15:47.920+0000] {dag.py:2941} INFO - Sync 1 DAGs
[2025-02-22T22:15:47.955+0000] {logging_mixin.py:154} INFO - [2025-02-22T22:15:47.955+0000] {dag.py:3722} INFO - Setting next_dagrun for example_weekday_branch_operator to 2025-02-21T00:00:00+00:00, run_after=2025-02-22T00:00:00+00:00
[2025-02-22T22:15:47.976+0000] {processor.py:179} INFO - Processing /home/airflow/.local/lib/python3.10/site-packages/airflow/example_dags/example_branch_day_of_week_operator.py took 0.137 seconds
[2025-02-22T22:16:19.243+0000] {processor.py:157} INFO - Started process (PID=1038) to work on /home/airflow/.local/lib/python3.10/site-packages/airflow/example_dags/example_branch_day_of_week_operator.py
[2025-02-22T22:16:19.243+0000] {processor.py:829} INFO - Processing file /home/airflow/.local/lib/python3.10/site-packages/airflow/example_dags/example_branch_day_of_week_operator.py for tasks to queue
[2025-02-22T22:16:19.245+0000] {logging_mixin.py:154} INFO - [2025-02-22T22:16:19.245+0000] {dagbag.py:536} INFO - Filling up the DagBag from /home/airflow/.local/lib/python3.10/site-packages/airflow/example_dags/example_branch_day_of_week_operator.py
[2025-02-22T22:16:19.252+0000] {processor.py:839} INFO - DAG(s) dict_keys(['example_weekday_branch_operator']) retrieved from /home/airflow/.local/lib/python3.10/site-packages/airflow/example_dags/example_branch_day_of_week_operator.py
[2025-02-22T22:16:19.321+0000] {logging_mixin.py:154} INFO - [2025-02-22T22:16:19.321+0000] {dag.py:2941} INFO - Sync 1 DAGs
[2025-02-22T22:16:19.350+0000] {logging_mixin.py:154} INFO - [2025-02-22T22:16:19.350+0000] {dag.py:3722} INFO - Setting next_dagrun for example_weekday_branch_operator to 2025-02-21T00:00:00+00:00, run_after=2025-02-22T00:00:00+00:00
[2025-02-22T22:16:19.367+0000] {processor.py:179} INFO - Processing /home/airflow/.local/lib/python3.10/site-packages/airflow/example_dags/example_branch_day_of_week_operator.py took 0.126 seconds
[2025-02-22T22:16:49.582+0000] {processor.py:157} INFO - Started process (PID=1106) to work on /home/airflow/.local/lib/python3.10/site-packages/airflow/example_dags/example_branch_day_of_week_operator.py
[2025-02-22T22:16:49.583+0000] {processor.py:829} INFO - Processing file /home/airflow/.local/lib/python3.10/site-packages/airflow/example_dags/example_branch_day_of_week_operator.py for tasks to queue
[2025-02-22T22:16:49.585+0000] {logging_mixin.py:154} INFO - [2025-02-22T22:16:49.584+0000] {dagbag.py:536} INFO - Filling up the DagBag from /home/airflow/.local/lib/python3.10/site-packages/airflow/example_dags/example_branch_day_of_week_operator.py
[2025-02-22T22:16:49.592+0000] {processor.py:839} INFO - DAG(s) dict_keys(['example_weekday_branch_operator']) retrieved from /home/airflow/.local/lib/python3.10/site-packages/airflow/example_dags/example_branch_day_of_week_operator.py
[2025-02-22T22:16:49.660+0000] {logging_mixin.py:154} INFO - [2025-02-22T22:16:49.660+0000] {dag.py:2941} INFO - Sync 1 DAGs
[2025-02-22T22:16:49.691+0000] {logging_mixin.py:154} INFO - [2025-02-22T22:16:49.691+0000] {dag.py:3722} INFO - Setting next_dagrun for example_weekday_branch_operator to 2025-02-21T00:00:00+00:00, run_after=2025-02-22T00:00:00+00:00
[2025-02-22T22:16:49.713+0000] {processor.py:179} INFO - Processing /home/airflow/.local/lib/python3.10/site-packages/airflow/example_dags/example_branch_day_of_week_operator.py took 0.133 seconds
