[2025-02-22T21:47:19.791+0000] {processor.py:157} INFO - Started process (PID=78) to work on /home/airflow/.local/lib/python3.10/site-packages/airflow/example_dags/example_branch_operator_decorator.py
[2025-02-22T21:47:19.792+0000] {processor.py:829} INFO - Processing file /home/airflow/.local/lib/python3.10/site-packages/airflow/example_dags/example_branch_operator_decorator.py for tasks to queue
[2025-02-22T21:47:19.794+0000] {logging_mixin.py:154} INFO - [2025-02-22T21:47:19.794+0000] {dagbag.py:536} INFO - Filling up the DagBag from /home/airflow/.local/lib/python3.10/site-packages/airflow/example_dags/example_branch_operator_decorator.py
[2025-02-22T21:47:19.807+0000] {processor.py:839} INFO - DAG(s) dict_keys(['example_branch_python_operator_decorator']) retrieved from /home/airflow/.local/lib/python3.10/site-packages/airflow/example_dags/example_branch_operator_decorator.py
[2025-02-22T21:47:19.964+0000] {logging_mixin.py:154} INFO - [2025-02-22T21:47:19.964+0000] {manager.py:499} INFO - Created Permission View: %s
[2025-02-22T21:47:19.976+0000] {logging_mixin.py:154} INFO - [2025-02-22T21:47:19.975+0000] {manager.py:499} INFO - Created Permission View: %s
[2025-02-22T21:47:19.982+0000] {logging_mixin.py:154} INFO - [2025-02-22T21:47:19.982+0000] {manager.py:499} INFO - Created Permission View: %s
[2025-02-22T21:47:19.983+0000] {logging_mixin.py:154} INFO - [2025-02-22T21:47:19.983+0000] {dag.py:2941} INFO - Sync 1 DAGs
[2025-02-22T21:47:19.993+0000] {logging_mixin.py:154} INFO - [2025-02-22T21:47:19.993+0000] {dag.py:2963} INFO - Creating ORM DAG for example_branch_python_operator_decorator
[2025-02-22T21:47:20.011+0000] {logging_mixin.py:154} INFO - [2025-02-22T21:47:20.011+0000] {dag.py:3722} INFO - Setting next_dagrun for example_branch_python_operator_decorator to 2025-02-21T00:00:00+00:00, run_after=2025-02-22T00:00:00+00:00
[2025-02-22T21:47:20.040+0000] {processor.py:179} INFO - Processing /home/airflow/.local/lib/python3.10/site-packages/airflow/example_dags/example_branch_operator_decorator.py took 0.251 seconds
[2025-02-22T21:49:00.418+0000] {processor.py:157} INFO - Started process (PID=71) to work on /home/airflow/.local/lib/python3.10/site-packages/airflow/example_dags/example_branch_operator_decorator.py
[2025-02-22T21:49:00.421+0000] {processor.py:829} INFO - Processing file /home/airflow/.local/lib/python3.10/site-packages/airflow/example_dags/example_branch_operator_decorator.py for tasks to queue
[2025-02-22T21:49:00.423+0000] {logging_mixin.py:154} INFO - [2025-02-22T21:49:00.423+0000] {dagbag.py:536} INFO - Filling up the DagBag from /home/airflow/.local/lib/python3.10/site-packages/airflow/example_dags/example_branch_operator_decorator.py
[2025-02-22T21:49:00.435+0000] {processor.py:839} INFO - DAG(s) dict_keys(['example_branch_python_operator_decorator']) retrieved from /home/airflow/.local/lib/python3.10/site-packages/airflow/example_dags/example_branch_operator_decorator.py
[2025-02-22T21:49:00.512+0000] {logging_mixin.py:154} INFO - [2025-02-22T21:49:00.512+0000] {dag.py:2941} INFO - Sync 1 DAGs
[2025-02-22T21:49:00.568+0000] {logging_mixin.py:154} INFO - [2025-02-22T21:49:00.568+0000] {dag.py:3722} INFO - Setting next_dagrun for example_branch_python_operator_decorator to 2025-02-21T00:00:00+00:00, run_after=2025-02-22T00:00:00+00:00
[2025-02-22T21:49:00.603+0000] {processor.py:179} INFO - Processing /home/airflow/.local/lib/python3.10/site-packages/airflow/example_dags/example_branch_operator_decorator.py took 0.192 seconds
[2025-02-22T21:56:51.124+0000] {processor.py:157} INFO - Started process (PID=71) to work on /home/airflow/.local/lib/python3.10/site-packages/airflow/example_dags/example_branch_operator_decorator.py
[2025-02-22T21:56:51.126+0000] {processor.py:829} INFO - Processing file /home/airflow/.local/lib/python3.10/site-packages/airflow/example_dags/example_branch_operator_decorator.py for tasks to queue
[2025-02-22T21:56:51.128+0000] {logging_mixin.py:154} INFO - [2025-02-22T21:56:51.128+0000] {dagbag.py:536} INFO - Filling up the DagBag from /home/airflow/.local/lib/python3.10/site-packages/airflow/example_dags/example_branch_operator_decorator.py
[2025-02-22T21:56:51.144+0000] {processor.py:839} INFO - DAG(s) dict_keys(['example_branch_python_operator_decorator']) retrieved from /home/airflow/.local/lib/python3.10/site-packages/airflow/example_dags/example_branch_operator_decorator.py
[2025-02-22T21:56:51.207+0000] {logging_mixin.py:154} INFO - [2025-02-22T21:56:51.206+0000] {dag.py:2941} INFO - Sync 1 DAGs
[2025-02-22T21:56:51.247+0000] {logging_mixin.py:154} INFO - [2025-02-22T21:56:51.247+0000] {dag.py:3722} INFO - Setting next_dagrun for example_branch_python_operator_decorator to 2025-02-21T00:00:00+00:00, run_after=2025-02-22T00:00:00+00:00
[2025-02-22T21:56:51.278+0000] {processor.py:179} INFO - Processing /home/airflow/.local/lib/python3.10/site-packages/airflow/example_dags/example_branch_operator_decorator.py took 0.156 seconds
[2025-02-22T21:57:21.379+0000] {processor.py:157} INFO - Started process (PID=139) to work on /home/airflow/.local/lib/python3.10/site-packages/airflow/example_dags/example_branch_operator_decorator.py
[2025-02-22T21:57:21.381+0000] {processor.py:829} INFO - Processing file /home/airflow/.local/lib/python3.10/site-packages/airflow/example_dags/example_branch_operator_decorator.py for tasks to queue
[2025-02-22T21:57:21.385+0000] {logging_mixin.py:154} INFO - [2025-02-22T21:57:21.385+0000] {dagbag.py:536} INFO - Filling up the DagBag from /home/airflow/.local/lib/python3.10/site-packages/airflow/example_dags/example_branch_operator_decorator.py
[2025-02-22T21:57:21.396+0000] {processor.py:839} INFO - DAG(s) dict_keys(['example_branch_python_operator_decorator']) retrieved from /home/airflow/.local/lib/python3.10/site-packages/airflow/example_dags/example_branch_operator_decorator.py
[2025-02-22T21:57:21.483+0000] {logging_mixin.py:154} INFO - [2025-02-22T21:57:21.483+0000] {dag.py:2941} INFO - Sync 1 DAGs
[2025-02-22T21:57:21.525+0000] {logging_mixin.py:154} INFO - [2025-02-22T21:57:21.525+0000] {dag.py:3722} INFO - Setting next_dagrun for example_branch_python_operator_decorator to 2025-02-21T00:00:00+00:00, run_after=2025-02-22T00:00:00+00:00
[2025-02-22T21:57:21.600+0000] {processor.py:179} INFO - Processing /home/airflow/.local/lib/python3.10/site-packages/airflow/example_dags/example_branch_operator_decorator.py took 0.224 seconds
[2025-02-22T21:59:55.429+0000] {processor.py:157} INFO - Started process (PID=71) to work on /home/airflow/.local/lib/python3.10/site-packages/airflow/example_dags/example_branch_operator_decorator.py
[2025-02-22T21:59:55.430+0000] {processor.py:829} INFO - Processing file /home/airflow/.local/lib/python3.10/site-packages/airflow/example_dags/example_branch_operator_decorator.py for tasks to queue
[2025-02-22T21:59:55.434+0000] {logging_mixin.py:154} INFO - [2025-02-22T21:59:55.433+0000] {dagbag.py:536} INFO - Filling up the DagBag from /home/airflow/.local/lib/python3.10/site-packages/airflow/example_dags/example_branch_operator_decorator.py
[2025-02-22T21:59:55.455+0000] {processor.py:839} INFO - DAG(s) dict_keys(['example_branch_python_operator_decorator']) retrieved from /home/airflow/.local/lib/python3.10/site-packages/airflow/example_dags/example_branch_operator_decorator.py
[2025-02-22T21:59:55.562+0000] {logging_mixin.py:154} INFO - [2025-02-22T21:59:55.562+0000] {dag.py:2941} INFO - Sync 1 DAGs
[2025-02-22T21:59:55.626+0000] {logging_mixin.py:154} INFO - [2025-02-22T21:59:55.626+0000] {dag.py:3722} INFO - Setting next_dagrun for example_branch_python_operator_decorator to 2025-02-21T00:00:00+00:00, run_after=2025-02-22T00:00:00+00:00
[2025-02-22T21:59:55.674+0000] {processor.py:179} INFO - Processing /home/airflow/.local/lib/python3.10/site-packages/airflow/example_dags/example_branch_operator_decorator.py took 0.251 seconds
[2025-02-22T22:00:25.850+0000] {processor.py:157} INFO - Started process (PID=139) to work on /home/airflow/.local/lib/python3.10/site-packages/airflow/example_dags/example_branch_operator_decorator.py
[2025-02-22T22:00:25.851+0000] {processor.py:829} INFO - Processing file /home/airflow/.local/lib/python3.10/site-packages/airflow/example_dags/example_branch_operator_decorator.py for tasks to queue
[2025-02-22T22:00:25.853+0000] {logging_mixin.py:154} INFO - [2025-02-22T22:00:25.852+0000] {dagbag.py:536} INFO - Filling up the DagBag from /home/airflow/.local/lib/python3.10/site-packages/airflow/example_dags/example_branch_operator_decorator.py
[2025-02-22T22:00:25.865+0000] {processor.py:839} INFO - DAG(s) dict_keys(['example_branch_python_operator_decorator']) retrieved from /home/airflow/.local/lib/python3.10/site-packages/airflow/example_dags/example_branch_operator_decorator.py
[2025-02-22T22:00:25.935+0000] {logging_mixin.py:154} INFO - [2025-02-22T22:00:25.935+0000] {dag.py:2941} INFO - Sync 1 DAGs
[2025-02-22T22:00:25.962+0000] {logging_mixin.py:154} INFO - [2025-02-22T22:00:25.962+0000] {dag.py:3722} INFO - Setting next_dagrun for example_branch_python_operator_decorator to 2025-02-21T00:00:00+00:00, run_after=2025-02-22T00:00:00+00:00
[2025-02-22T22:00:25.982+0000] {processor.py:179} INFO - Processing /home/airflow/.local/lib/python3.10/site-packages/airflow/example_dags/example_branch_operator_decorator.py took 0.135 seconds
[2025-02-22T22:00:56.407+0000] {processor.py:157} INFO - Started process (PID=200) to work on /home/airflow/.local/lib/python3.10/site-packages/airflow/example_dags/example_branch_operator_decorator.py
[2025-02-22T22:00:56.408+0000] {processor.py:829} INFO - Processing file /home/airflow/.local/lib/python3.10/site-packages/airflow/example_dags/example_branch_operator_decorator.py for tasks to queue
[2025-02-22T22:00:56.409+0000] {logging_mixin.py:154} INFO - [2025-02-22T22:00:56.409+0000] {dagbag.py:536} INFO - Filling up the DagBag from /home/airflow/.local/lib/python3.10/site-packages/airflow/example_dags/example_branch_operator_decorator.py
[2025-02-22T22:00:56.417+0000] {processor.py:839} INFO - DAG(s) dict_keys(['example_branch_python_operator_decorator']) retrieved from /home/airflow/.local/lib/python3.10/site-packages/airflow/example_dags/example_branch_operator_decorator.py
[2025-02-22T22:00:56.481+0000] {logging_mixin.py:154} INFO - [2025-02-22T22:00:56.480+0000] {dag.py:2941} INFO - Sync 1 DAGs
[2025-02-22T22:00:56.511+0000] {logging_mixin.py:154} INFO - [2025-02-22T22:00:56.510+0000] {dag.py:3722} INFO - Setting next_dagrun for example_branch_python_operator_decorator to 2025-02-21T00:00:00+00:00, run_after=2025-02-22T00:00:00+00:00
[2025-02-22T22:00:56.527+0000] {processor.py:179} INFO - Processing /home/airflow/.local/lib/python3.10/site-packages/airflow/example_dags/example_branch_operator_decorator.py took 0.122 seconds
[2025-02-22T22:01:26.762+0000] {processor.py:157} INFO - Started process (PID=268) to work on /home/airflow/.local/lib/python3.10/site-packages/airflow/example_dags/example_branch_operator_decorator.py
[2025-02-22T22:01:26.763+0000] {processor.py:829} INFO - Processing file /home/airflow/.local/lib/python3.10/site-packages/airflow/example_dags/example_branch_operator_decorator.py for tasks to queue
[2025-02-22T22:01:26.764+0000] {logging_mixin.py:154} INFO - [2025-02-22T22:01:26.764+0000] {dagbag.py:536} INFO - Filling up the DagBag from /home/airflow/.local/lib/python3.10/site-packages/airflow/example_dags/example_branch_operator_decorator.py
[2025-02-22T22:01:26.772+0000] {processor.py:839} INFO - DAG(s) dict_keys(['example_branch_python_operator_decorator']) retrieved from /home/airflow/.local/lib/python3.10/site-packages/airflow/example_dags/example_branch_operator_decorator.py
[2025-02-22T22:01:26.836+0000] {logging_mixin.py:154} INFO - [2025-02-22T22:01:26.836+0000] {dag.py:2941} INFO - Sync 1 DAGs
[2025-02-22T22:01:26.865+0000] {logging_mixin.py:154} INFO - [2025-02-22T22:01:26.864+0000] {dag.py:3722} INFO - Setting next_dagrun for example_branch_python_operator_decorator to 2025-02-21T00:00:00+00:00, run_after=2025-02-22T00:00:00+00:00
[2025-02-22T22:01:26.880+0000] {processor.py:179} INFO - Processing /home/airflow/.local/lib/python3.10/site-packages/airflow/example_dags/example_branch_operator_decorator.py took 0.120 seconds
[2025-02-22T22:01:57.351+0000] {processor.py:157} INFO - Started process (PID=328) to work on /home/airflow/.local/lib/python3.10/site-packages/airflow/example_dags/example_branch_operator_decorator.py
[2025-02-22T22:01:57.352+0000] {processor.py:829} INFO - Processing file /home/airflow/.local/lib/python3.10/site-packages/airflow/example_dags/example_branch_operator_decorator.py for tasks to queue
[2025-02-22T22:01:57.354+0000] {logging_mixin.py:154} INFO - [2025-02-22T22:01:57.354+0000] {dagbag.py:536} INFO - Filling up the DagBag from /home/airflow/.local/lib/python3.10/site-packages/airflow/example_dags/example_branch_operator_decorator.py
[2025-02-22T22:01:57.363+0000] {processor.py:839} INFO - DAG(s) dict_keys(['example_branch_python_operator_decorator']) retrieved from /home/airflow/.local/lib/python3.10/site-packages/airflow/example_dags/example_branch_operator_decorator.py
[2025-02-22T22:01:57.432+0000] {logging_mixin.py:154} INFO - [2025-02-22T22:01:57.432+0000] {dag.py:2941} INFO - Sync 1 DAGs
[2025-02-22T22:01:57.465+0000] {logging_mixin.py:154} INFO - [2025-02-22T22:01:57.464+0000] {dag.py:3722} INFO - Setting next_dagrun for example_branch_python_operator_decorator to 2025-02-21T00:00:00+00:00, run_after=2025-02-22T00:00:00+00:00
[2025-02-22T22:01:57.482+0000] {processor.py:179} INFO - Processing /home/airflow/.local/lib/python3.10/site-packages/airflow/example_dags/example_branch_operator_decorator.py took 0.133 seconds
[2025-02-22T22:02:28.427+0000] {processor.py:157} INFO - Started process (PID=395) to work on /home/airflow/.local/lib/python3.10/site-packages/airflow/example_dags/example_branch_operator_decorator.py
[2025-02-22T22:02:28.429+0000] {processor.py:829} INFO - Processing file /home/airflow/.local/lib/python3.10/site-packages/airflow/example_dags/example_branch_operator_decorator.py for tasks to queue
[2025-02-22T22:02:28.431+0000] {logging_mixin.py:154} INFO - [2025-02-22T22:02:28.431+0000] {dagbag.py:536} INFO - Filling up the DagBag from /home/airflow/.local/lib/python3.10/site-packages/airflow/example_dags/example_branch_operator_decorator.py
[2025-02-22T22:02:28.441+0000] {processor.py:839} INFO - DAG(s) dict_keys(['example_branch_python_operator_decorator']) retrieved from /home/airflow/.local/lib/python3.10/site-packages/airflow/example_dags/example_branch_operator_decorator.py
[2025-02-22T22:02:28.508+0000] {logging_mixin.py:154} INFO - [2025-02-22T22:02:28.507+0000] {dag.py:2941} INFO - Sync 1 DAGs
[2025-02-22T22:02:28.535+0000] {logging_mixin.py:154} INFO - [2025-02-22T22:02:28.534+0000] {dag.py:3722} INFO - Setting next_dagrun for example_branch_python_operator_decorator to 2025-02-21T00:00:00+00:00, run_after=2025-02-22T00:00:00+00:00
[2025-02-22T22:02:28.551+0000] {processor.py:179} INFO - Processing /home/airflow/.local/lib/python3.10/site-packages/airflow/example_dags/example_branch_operator_decorator.py took 0.126 seconds
[2025-02-22T22:02:59.154+0000] {processor.py:157} INFO - Started process (PID=463) to work on /home/airflow/.local/lib/python3.10/site-packages/airflow/example_dags/example_branch_operator_decorator.py
[2025-02-22T22:02:59.155+0000] {processor.py:829} INFO - Processing file /home/airflow/.local/lib/python3.10/site-packages/airflow/example_dags/example_branch_operator_decorator.py for tasks to queue
[2025-02-22T22:02:59.158+0000] {logging_mixin.py:154} INFO - [2025-02-22T22:02:59.157+0000] {dagbag.py:536} INFO - Filling up the DagBag from /home/airflow/.local/lib/python3.10/site-packages/airflow/example_dags/example_branch_operator_decorator.py
[2025-02-22T22:02:59.169+0000] {processor.py:839} INFO - DAG(s) dict_keys(['example_branch_python_operator_decorator']) retrieved from /home/airflow/.local/lib/python3.10/site-packages/airflow/example_dags/example_branch_operator_decorator.py
[2025-02-22T22:02:59.244+0000] {logging_mixin.py:154} INFO - [2025-02-22T22:02:59.244+0000] {dag.py:2941} INFO - Sync 1 DAGs
[2025-02-22T22:02:59.291+0000] {logging_mixin.py:154} INFO - [2025-02-22T22:02:59.291+0000] {dag.py:3722} INFO - Setting next_dagrun for example_branch_python_operator_decorator to 2025-02-21T00:00:00+00:00, run_after=2025-02-22T00:00:00+00:00
[2025-02-22T22:02:59.310+0000] {processor.py:179} INFO - Processing /home/airflow/.local/lib/python3.10/site-packages/airflow/example_dags/example_branch_operator_decorator.py took 0.159 seconds
[2025-02-22T22:03:43.562+0000] {processor.py:157} INFO - Started process (PID=72) to work on /home/airflow/.local/lib/python3.10/site-packages/airflow/example_dags/example_branch_operator_decorator.py
[2025-02-22T22:03:43.564+0000] {processor.py:829} INFO - Processing file /home/airflow/.local/lib/python3.10/site-packages/airflow/example_dags/example_branch_operator_decorator.py for tasks to queue
[2025-02-22T22:03:43.566+0000] {logging_mixin.py:154} INFO - [2025-02-22T22:03:43.566+0000] {dagbag.py:536} INFO - Filling up the DagBag from /home/airflow/.local/lib/python3.10/site-packages/airflow/example_dags/example_branch_operator_decorator.py
[2025-02-22T22:03:43.599+0000] {processor.py:839} INFO - DAG(s) dict_keys(['example_branch_python_operator_decorator']) retrieved from /home/airflow/.local/lib/python3.10/site-packages/airflow/example_dags/example_branch_operator_decorator.py
[2025-02-22T22:03:43.686+0000] {logging_mixin.py:154} INFO - [2025-02-22T22:03:43.686+0000] {dag.py:2941} INFO - Sync 1 DAGs
[2025-02-22T22:03:43.723+0000] {logging_mixin.py:154} INFO - [2025-02-22T22:03:43.722+0000] {dag.py:3722} INFO - Setting next_dagrun for example_branch_python_operator_decorator to 2025-02-21T00:00:00+00:00, run_after=2025-02-22T00:00:00+00:00
[2025-02-22T22:03:43.755+0000] {processor.py:179} INFO - Processing /home/airflow/.local/lib/python3.10/site-packages/airflow/example_dags/example_branch_operator_decorator.py took 0.195 seconds
[2025-02-22T22:04:14.692+0000] {processor.py:157} INFO - Started process (PID=140) to work on /home/airflow/.local/lib/python3.10/site-packages/airflow/example_dags/example_branch_operator_decorator.py
[2025-02-22T22:04:14.692+0000] {processor.py:829} INFO - Processing file /home/airflow/.local/lib/python3.10/site-packages/airflow/example_dags/example_branch_operator_decorator.py for tasks to queue
[2025-02-22T22:04:14.695+0000] {logging_mixin.py:154} INFO - [2025-02-22T22:04:14.694+0000] {dagbag.py:536} INFO - Filling up the DagBag from /home/airflow/.local/lib/python3.10/site-packages/airflow/example_dags/example_branch_operator_decorator.py
[2025-02-22T22:04:14.706+0000] {processor.py:839} INFO - DAG(s) dict_keys(['example_branch_python_operator_decorator']) retrieved from /home/airflow/.local/lib/python3.10/site-packages/airflow/example_dags/example_branch_operator_decorator.py
[2025-02-22T22:04:14.774+0000] {logging_mixin.py:154} INFO - [2025-02-22T22:04:14.774+0000] {dag.py:2941} INFO - Sync 1 DAGs
[2025-02-22T22:04:14.801+0000] {logging_mixin.py:154} INFO - [2025-02-22T22:04:14.800+0000] {dag.py:3722} INFO - Setting next_dagrun for example_branch_python_operator_decorator to 2025-02-21T00:00:00+00:00, run_after=2025-02-22T00:00:00+00:00
[2025-02-22T22:04:14.816+0000] {processor.py:179} INFO - Processing /home/airflow/.local/lib/python3.10/site-packages/airflow/example_dags/example_branch_operator_decorator.py took 0.127 seconds
[2025-02-22T22:04:44.904+0000] {processor.py:157} INFO - Started process (PID=201) to work on /home/airflow/.local/lib/python3.10/site-packages/airflow/example_dags/example_branch_operator_decorator.py
[2025-02-22T22:04:44.905+0000] {processor.py:829} INFO - Processing file /home/airflow/.local/lib/python3.10/site-packages/airflow/example_dags/example_branch_operator_decorator.py for tasks to queue
[2025-02-22T22:04:44.906+0000] {logging_mixin.py:154} INFO - [2025-02-22T22:04:44.906+0000] {dagbag.py:536} INFO - Filling up the DagBag from /home/airflow/.local/lib/python3.10/site-packages/airflow/example_dags/example_branch_operator_decorator.py
[2025-02-22T22:04:44.915+0000] {processor.py:839} INFO - DAG(s) dict_keys(['example_branch_python_operator_decorator']) retrieved from /home/airflow/.local/lib/python3.10/site-packages/airflow/example_dags/example_branch_operator_decorator.py
[2025-02-22T22:04:44.979+0000] {logging_mixin.py:154} INFO - [2025-02-22T22:04:44.979+0000] {dag.py:2941} INFO - Sync 1 DAGs
[2025-02-22T22:04:45.004+0000] {logging_mixin.py:154} INFO - [2025-02-22T22:04:45.004+0000] {dag.py:3722} INFO - Setting next_dagrun for example_branch_python_operator_decorator to 2025-02-21T00:00:00+00:00, run_after=2025-02-22T00:00:00+00:00
[2025-02-22T22:04:45.020+0000] {processor.py:179} INFO - Processing /home/airflow/.local/lib/python3.10/site-packages/airflow/example_dags/example_branch_operator_decorator.py took 0.118 seconds
[2025-02-22T22:05:15.557+0000] {processor.py:157} INFO - Started process (PID=269) to work on /home/airflow/.local/lib/python3.10/site-packages/airflow/example_dags/example_branch_operator_decorator.py
[2025-02-22T22:05:15.558+0000] {processor.py:829} INFO - Processing file /home/airflow/.local/lib/python3.10/site-packages/airflow/example_dags/example_branch_operator_decorator.py for tasks to queue
[2025-02-22T22:05:15.560+0000] {logging_mixin.py:154} INFO - [2025-02-22T22:05:15.560+0000] {dagbag.py:536} INFO - Filling up the DagBag from /home/airflow/.local/lib/python3.10/site-packages/airflow/example_dags/example_branch_operator_decorator.py
[2025-02-22T22:05:15.569+0000] {processor.py:839} INFO - DAG(s) dict_keys(['example_branch_python_operator_decorator']) retrieved from /home/airflow/.local/lib/python3.10/site-packages/airflow/example_dags/example_branch_operator_decorator.py
[2025-02-22T22:05:15.639+0000] {logging_mixin.py:154} INFO - [2025-02-22T22:05:15.639+0000] {dag.py:2941} INFO - Sync 1 DAGs
[2025-02-22T22:05:15.669+0000] {logging_mixin.py:154} INFO - [2025-02-22T22:05:15.668+0000] {dag.py:3722} INFO - Setting next_dagrun for example_branch_python_operator_decorator to 2025-02-21T00:00:00+00:00, run_after=2025-02-22T00:00:00+00:00
[2025-02-22T22:05:15.687+0000] {processor.py:179} INFO - Processing /home/airflow/.local/lib/python3.10/site-packages/airflow/example_dags/example_branch_operator_decorator.py took 0.133 seconds
[2025-02-22T22:05:46.038+0000] {processor.py:157} INFO - Started process (PID=330) to work on /home/airflow/.local/lib/python3.10/site-packages/airflow/example_dags/example_branch_operator_decorator.py
[2025-02-22T22:05:46.039+0000] {processor.py:829} INFO - Processing file /home/airflow/.local/lib/python3.10/site-packages/airflow/example_dags/example_branch_operator_decorator.py for tasks to queue
[2025-02-22T22:05:46.041+0000] {logging_mixin.py:154} INFO - [2025-02-22T22:05:46.041+0000] {dagbag.py:536} INFO - Filling up the DagBag from /home/airflow/.local/lib/python3.10/site-packages/airflow/example_dags/example_branch_operator_decorator.py
[2025-02-22T22:05:46.052+0000] {processor.py:839} INFO - DAG(s) dict_keys(['example_branch_python_operator_decorator']) retrieved from /home/airflow/.local/lib/python3.10/site-packages/airflow/example_dags/example_branch_operator_decorator.py
[2025-02-22T22:05:46.118+0000] {logging_mixin.py:154} INFO - [2025-02-22T22:05:46.118+0000] {dag.py:2941} INFO - Sync 1 DAGs
[2025-02-22T22:05:46.144+0000] {logging_mixin.py:154} INFO - [2025-02-22T22:05:46.144+0000] {dag.py:3722} INFO - Setting next_dagrun for example_branch_python_operator_decorator to 2025-02-21T00:00:00+00:00, run_after=2025-02-22T00:00:00+00:00
[2025-02-22T22:05:46.160+0000] {processor.py:179} INFO - Processing /home/airflow/.local/lib/python3.10/site-packages/airflow/example_dags/example_branch_operator_decorator.py took 0.125 seconds
[2025-02-22T22:06:16.437+0000] {processor.py:157} INFO - Started process (PID=398) to work on /home/airflow/.local/lib/python3.10/site-packages/airflow/example_dags/example_branch_operator_decorator.py
[2025-02-22T22:06:16.438+0000] {processor.py:829} INFO - Processing file /home/airflow/.local/lib/python3.10/site-packages/airflow/example_dags/example_branch_operator_decorator.py for tasks to queue
[2025-02-22T22:06:16.439+0000] {logging_mixin.py:154} INFO - [2025-02-22T22:06:16.439+0000] {dagbag.py:536} INFO - Filling up the DagBag from /home/airflow/.local/lib/python3.10/site-packages/airflow/example_dags/example_branch_operator_decorator.py
[2025-02-22T22:06:16.449+0000] {processor.py:839} INFO - DAG(s) dict_keys(['example_branch_python_operator_decorator']) retrieved from /home/airflow/.local/lib/python3.10/site-packages/airflow/example_dags/example_branch_operator_decorator.py
[2025-02-22T22:06:16.513+0000] {logging_mixin.py:154} INFO - [2025-02-22T22:06:16.512+0000] {dag.py:2941} INFO - Sync 1 DAGs
[2025-02-22T22:06:16.539+0000] {logging_mixin.py:154} INFO - [2025-02-22T22:06:16.538+0000] {dag.py:3722} INFO - Setting next_dagrun for example_branch_python_operator_decorator to 2025-02-21T00:00:00+00:00, run_after=2025-02-22T00:00:00+00:00
[2025-02-22T22:06:16.560+0000] {processor.py:179} INFO - Processing /home/airflow/.local/lib/python3.10/site-packages/airflow/example_dags/example_branch_operator_decorator.py took 0.125 seconds
[2025-02-22T22:06:47.221+0000] {processor.py:157} INFO - Started process (PID=459) to work on /home/airflow/.local/lib/python3.10/site-packages/airflow/example_dags/example_branch_operator_decorator.py
[2025-02-22T22:06:47.222+0000] {processor.py:829} INFO - Processing file /home/airflow/.local/lib/python3.10/site-packages/airflow/example_dags/example_branch_operator_decorator.py for tasks to queue
[2025-02-22T22:06:47.223+0000] {logging_mixin.py:154} INFO - [2025-02-22T22:06:47.223+0000] {dagbag.py:536} INFO - Filling up the DagBag from /home/airflow/.local/lib/python3.10/site-packages/airflow/example_dags/example_branch_operator_decorator.py
[2025-02-22T22:06:47.232+0000] {processor.py:839} INFO - DAG(s) dict_keys(['example_branch_python_operator_decorator']) retrieved from /home/airflow/.local/lib/python3.10/site-packages/airflow/example_dags/example_branch_operator_decorator.py
[2025-02-22T22:06:47.296+0000] {logging_mixin.py:154} INFO - [2025-02-22T22:06:47.296+0000] {dag.py:2941} INFO - Sync 1 DAGs
[2025-02-22T22:06:47.323+0000] {logging_mixin.py:154} INFO - [2025-02-22T22:06:47.323+0000] {dag.py:3722} INFO - Setting next_dagrun for example_branch_python_operator_decorator to 2025-02-21T00:00:00+00:00, run_after=2025-02-22T00:00:00+00:00
[2025-02-22T22:06:47.341+0000] {processor.py:179} INFO - Processing /home/airflow/.local/lib/python3.10/site-packages/airflow/example_dags/example_branch_operator_decorator.py took 0.122 seconds
[2025-02-22T22:07:17.800+0000] {processor.py:157} INFO - Started process (PID=527) to work on /home/airflow/.local/lib/python3.10/site-packages/airflow/example_dags/example_branch_operator_decorator.py
[2025-02-22T22:07:17.801+0000] {processor.py:829} INFO - Processing file /home/airflow/.local/lib/python3.10/site-packages/airflow/example_dags/example_branch_operator_decorator.py for tasks to queue
[2025-02-22T22:07:17.803+0000] {logging_mixin.py:154} INFO - [2025-02-22T22:07:17.803+0000] {dagbag.py:536} INFO - Filling up the DagBag from /home/airflow/.local/lib/python3.10/site-packages/airflow/example_dags/example_branch_operator_decorator.py
[2025-02-22T22:07:17.813+0000] {processor.py:839} INFO - DAG(s) dict_keys(['example_branch_python_operator_decorator']) retrieved from /home/airflow/.local/lib/python3.10/site-packages/airflow/example_dags/example_branch_operator_decorator.py
[2025-02-22T22:07:17.901+0000] {logging_mixin.py:154} INFO - [2025-02-22T22:07:17.901+0000] {dag.py:2941} INFO - Sync 1 DAGs
[2025-02-22T22:07:17.936+0000] {logging_mixin.py:154} INFO - [2025-02-22T22:07:17.935+0000] {dag.py:3722} INFO - Setting next_dagrun for example_branch_python_operator_decorator to 2025-02-21T00:00:00+00:00, run_after=2025-02-22T00:00:00+00:00
[2025-02-22T22:07:17.958+0000] {processor.py:179} INFO - Processing /home/airflow/.local/lib/python3.10/site-packages/airflow/example_dags/example_branch_operator_decorator.py took 0.160 seconds
[2025-02-22T22:07:48.242+0000] {processor.py:157} INFO - Started process (PID=595) to work on /home/airflow/.local/lib/python3.10/site-packages/airflow/example_dags/example_branch_operator_decorator.py
[2025-02-22T22:07:48.244+0000] {processor.py:829} INFO - Processing file /home/airflow/.local/lib/python3.10/site-packages/airflow/example_dags/example_branch_operator_decorator.py for tasks to queue
[2025-02-22T22:07:48.245+0000] {logging_mixin.py:154} INFO - [2025-02-22T22:07:48.245+0000] {dagbag.py:536} INFO - Filling up the DagBag from /home/airflow/.local/lib/python3.10/site-packages/airflow/example_dags/example_branch_operator_decorator.py
[2025-02-22T22:07:48.254+0000] {processor.py:839} INFO - DAG(s) dict_keys(['example_branch_python_operator_decorator']) retrieved from /home/airflow/.local/lib/python3.10/site-packages/airflow/example_dags/example_branch_operator_decorator.py
[2025-02-22T22:07:48.329+0000] {logging_mixin.py:154} INFO - [2025-02-22T22:07:48.329+0000] {dag.py:2941} INFO - Sync 1 DAGs
[2025-02-22T22:07:48.364+0000] {logging_mixin.py:154} INFO - [2025-02-22T22:07:48.364+0000] {dag.py:3722} INFO - Setting next_dagrun for example_branch_python_operator_decorator to 2025-02-21T00:00:00+00:00, run_after=2025-02-22T00:00:00+00:00
[2025-02-22T22:07:48.382+0000] {processor.py:179} INFO - Processing /home/airflow/.local/lib/python3.10/site-packages/airflow/example_dags/example_branch_operator_decorator.py took 0.142 seconds
[2025-02-22T22:08:39.514+0000] {processor.py:157} INFO - Started process (PID=77) to work on /home/airflow/.local/lib/python3.10/site-packages/airflow/example_dags/example_branch_operator_decorator.py
[2025-02-22T22:08:39.519+0000] {processor.py:829} INFO - Processing file /home/airflow/.local/lib/python3.10/site-packages/airflow/example_dags/example_branch_operator_decorator.py for tasks to queue
[2025-02-22T22:08:39.521+0000] {logging_mixin.py:154} INFO - [2025-02-22T22:08:39.521+0000] {dagbag.py:536} INFO - Filling up the DagBag from /home/airflow/.local/lib/python3.10/site-packages/airflow/example_dags/example_branch_operator_decorator.py
[2025-02-22T22:08:39.540+0000] {processor.py:839} INFO - DAG(s) dict_keys(['example_branch_python_operator_decorator']) retrieved from /home/airflow/.local/lib/python3.10/site-packages/airflow/example_dags/example_branch_operator_decorator.py
[2025-02-22T22:08:39.632+0000] {logging_mixin.py:154} INFO - [2025-02-22T22:08:39.631+0000] {dag.py:2941} INFO - Sync 1 DAGs
[2025-02-22T22:08:39.698+0000] {logging_mixin.py:154} INFO - [2025-02-22T22:08:39.697+0000] {dag.py:3722} INFO - Setting next_dagrun for example_branch_python_operator_decorator to 2025-02-21T00:00:00+00:00, run_after=2025-02-22T00:00:00+00:00
[2025-02-22T22:08:39.744+0000] {processor.py:179} INFO - Processing /home/airflow/.local/lib/python3.10/site-packages/airflow/example_dags/example_branch_operator_decorator.py took 0.232 seconds
[2025-02-22T22:09:09.863+0000] {processor.py:157} INFO - Started process (PID=138) to work on /home/airflow/.local/lib/python3.10/site-packages/airflow/example_dags/example_branch_operator_decorator.py
[2025-02-22T22:09:09.864+0000] {processor.py:829} INFO - Processing file /home/airflow/.local/lib/python3.10/site-packages/airflow/example_dags/example_branch_operator_decorator.py for tasks to queue
[2025-02-22T22:09:09.865+0000] {logging_mixin.py:154} INFO - [2025-02-22T22:09:09.865+0000] {dagbag.py:536} INFO - Filling up the DagBag from /home/airflow/.local/lib/python3.10/site-packages/airflow/example_dags/example_branch_operator_decorator.py
[2025-02-22T22:09:09.874+0000] {processor.py:839} INFO - DAG(s) dict_keys(['example_branch_python_operator_decorator']) retrieved from /home/airflow/.local/lib/python3.10/site-packages/airflow/example_dags/example_branch_operator_decorator.py
[2025-02-22T22:09:09.947+0000] {logging_mixin.py:154} INFO - [2025-02-22T22:09:09.947+0000] {dag.py:2941} INFO - Sync 1 DAGs
[2025-02-22T22:09:09.980+0000] {logging_mixin.py:154} INFO - [2025-02-22T22:09:09.980+0000] {dag.py:3722} INFO - Setting next_dagrun for example_branch_python_operator_decorator to 2025-02-21T00:00:00+00:00, run_after=2025-02-22T00:00:00+00:00
[2025-02-22T22:09:09.996+0000] {processor.py:179} INFO - Processing /home/airflow/.local/lib/python3.10/site-packages/airflow/example_dags/example_branch_operator_decorator.py took 0.136 seconds
[2025-02-22T22:09:40.026+0000] {processor.py:157} INFO - Started process (PID=198) to work on /home/airflow/.local/lib/python3.10/site-packages/airflow/example_dags/example_branch_operator_decorator.py
[2025-02-22T22:09:40.027+0000] {processor.py:829} INFO - Processing file /home/airflow/.local/lib/python3.10/site-packages/airflow/example_dags/example_branch_operator_decorator.py for tasks to queue
[2025-02-22T22:09:40.029+0000] {logging_mixin.py:154} INFO - [2025-02-22T22:09:40.029+0000] {dagbag.py:536} INFO - Filling up the DagBag from /home/airflow/.local/lib/python3.10/site-packages/airflow/example_dags/example_branch_operator_decorator.py
[2025-02-22T22:09:40.038+0000] {processor.py:839} INFO - DAG(s) dict_keys(['example_branch_python_operator_decorator']) retrieved from /home/airflow/.local/lib/python3.10/site-packages/airflow/example_dags/example_branch_operator_decorator.py
[2025-02-22T22:09:40.104+0000] {logging_mixin.py:154} INFO - [2025-02-22T22:09:40.104+0000] {dag.py:2941} INFO - Sync 1 DAGs
[2025-02-22T22:09:40.131+0000] {logging_mixin.py:154} INFO - [2025-02-22T22:09:40.131+0000] {dag.py:3722} INFO - Setting next_dagrun for example_branch_python_operator_decorator to 2025-02-21T00:00:00+00:00, run_after=2025-02-22T00:00:00+00:00
[2025-02-22T22:09:40.147+0000] {processor.py:179} INFO - Processing /home/airflow/.local/lib/python3.10/site-packages/airflow/example_dags/example_branch_operator_decorator.py took 0.123 seconds
[2025-02-22T22:10:10.296+0000] {processor.py:157} INFO - Started process (PID=266) to work on /home/airflow/.local/lib/python3.10/site-packages/airflow/example_dags/example_branch_operator_decorator.py
[2025-02-22T22:10:10.297+0000] {processor.py:829} INFO - Processing file /home/airflow/.local/lib/python3.10/site-packages/airflow/example_dags/example_branch_operator_decorator.py for tasks to queue
[2025-02-22T22:10:10.298+0000] {logging_mixin.py:154} INFO - [2025-02-22T22:10:10.298+0000] {dagbag.py:536} INFO - Filling up the DagBag from /home/airflow/.local/lib/python3.10/site-packages/airflow/example_dags/example_branch_operator_decorator.py
[2025-02-22T22:10:10.306+0000] {processor.py:839} INFO - DAG(s) dict_keys(['example_branch_python_operator_decorator']) retrieved from /home/airflow/.local/lib/python3.10/site-packages/airflow/example_dags/example_branch_operator_decorator.py
[2025-02-22T22:10:10.369+0000] {logging_mixin.py:154} INFO - [2025-02-22T22:10:10.369+0000] {dag.py:2941} INFO - Sync 1 DAGs
[2025-02-22T22:10:10.394+0000] {logging_mixin.py:154} INFO - [2025-02-22T22:10:10.394+0000] {dag.py:3722} INFO - Setting next_dagrun for example_branch_python_operator_decorator to 2025-02-21T00:00:00+00:00, run_after=2025-02-22T00:00:00+00:00
[2025-02-22T22:10:10.410+0000] {processor.py:179} INFO - Processing /home/airflow/.local/lib/python3.10/site-packages/airflow/example_dags/example_branch_operator_decorator.py took 0.116 seconds
[2025-02-22T22:10:40.454+0000] {processor.py:157} INFO - Started process (PID=327) to work on /home/airflow/.local/lib/python3.10/site-packages/airflow/example_dags/example_branch_operator_decorator.py
[2025-02-22T22:10:40.455+0000] {processor.py:829} INFO - Processing file /home/airflow/.local/lib/python3.10/site-packages/airflow/example_dags/example_branch_operator_decorator.py for tasks to queue
[2025-02-22T22:10:40.456+0000] {logging_mixin.py:154} INFO - [2025-02-22T22:10:40.456+0000] {dagbag.py:536} INFO - Filling up the DagBag from /home/airflow/.local/lib/python3.10/site-packages/airflow/example_dags/example_branch_operator_decorator.py
[2025-02-22T22:10:40.464+0000] {processor.py:839} INFO - DAG(s) dict_keys(['example_branch_python_operator_decorator']) retrieved from /home/airflow/.local/lib/python3.10/site-packages/airflow/example_dags/example_branch_operator_decorator.py
[2025-02-22T22:10:40.525+0000] {logging_mixin.py:154} INFO - [2025-02-22T22:10:40.525+0000] {dag.py:2941} INFO - Sync 1 DAGs
[2025-02-22T22:10:40.550+0000] {logging_mixin.py:154} INFO - [2025-02-22T22:10:40.550+0000] {dag.py:3722} INFO - Setting next_dagrun for example_branch_python_operator_decorator to 2025-02-21T00:00:00+00:00, run_after=2025-02-22T00:00:00+00:00
[2025-02-22T22:10:40.566+0000] {processor.py:179} INFO - Processing /home/airflow/.local/lib/python3.10/site-packages/airflow/example_dags/example_branch_operator_decorator.py took 0.114 seconds
[2025-02-22T22:11:11.042+0000] {processor.py:157} INFO - Started process (PID=393) to work on /home/airflow/.local/lib/python3.10/site-packages/airflow/example_dags/example_branch_operator_decorator.py
[2025-02-22T22:11:11.043+0000] {processor.py:829} INFO - Processing file /home/airflow/.local/lib/python3.10/site-packages/airflow/example_dags/example_branch_operator_decorator.py for tasks to queue
[2025-02-22T22:11:11.045+0000] {logging_mixin.py:154} INFO - [2025-02-22T22:11:11.044+0000] {dagbag.py:536} INFO - Filling up the DagBag from /home/airflow/.local/lib/python3.10/site-packages/airflow/example_dags/example_branch_operator_decorator.py
[2025-02-22T22:11:11.053+0000] {processor.py:839} INFO - DAG(s) dict_keys(['example_branch_python_operator_decorator']) retrieved from /home/airflow/.local/lib/python3.10/site-packages/airflow/example_dags/example_branch_operator_decorator.py
[2025-02-22T22:11:11.119+0000] {logging_mixin.py:154} INFO - [2025-02-22T22:11:11.119+0000] {dag.py:2941} INFO - Sync 1 DAGs
[2025-02-22T22:11:11.145+0000] {logging_mixin.py:154} INFO - [2025-02-22T22:11:11.145+0000] {dag.py:3722} INFO - Setting next_dagrun for example_branch_python_operator_decorator to 2025-02-21T00:00:00+00:00, run_after=2025-02-22T00:00:00+00:00
[2025-02-22T22:11:11.166+0000] {processor.py:179} INFO - Processing /home/airflow/.local/lib/python3.10/site-packages/airflow/example_dags/example_branch_operator_decorator.py took 0.126 seconds
[2025-02-22T22:11:41.835+0000] {processor.py:157} INFO - Started process (PID=454) to work on /home/airflow/.local/lib/python3.10/site-packages/airflow/example_dags/example_branch_operator_decorator.py
[2025-02-22T22:11:41.837+0000] {processor.py:829} INFO - Processing file /home/airflow/.local/lib/python3.10/site-packages/airflow/example_dags/example_branch_operator_decorator.py for tasks to queue
[2025-02-22T22:11:41.839+0000] {logging_mixin.py:154} INFO - [2025-02-22T22:11:41.839+0000] {dagbag.py:536} INFO - Filling up the DagBag from /home/airflow/.local/lib/python3.10/site-packages/airflow/example_dags/example_branch_operator_decorator.py
[2025-02-22T22:11:41.855+0000] {processor.py:839} INFO - DAG(s) dict_keys(['example_branch_python_operator_decorator']) retrieved from /home/airflow/.local/lib/python3.10/site-packages/airflow/example_dags/example_branch_operator_decorator.py
[2025-02-22T22:11:41.930+0000] {logging_mixin.py:154} INFO - [2025-02-22T22:11:41.930+0000] {dag.py:2941} INFO - Sync 1 DAGs
[2025-02-22T22:11:41.961+0000] {logging_mixin.py:154} INFO - [2025-02-22T22:11:41.960+0000] {dag.py:3722} INFO - Setting next_dagrun for example_branch_python_operator_decorator to 2025-02-21T00:00:00+00:00, run_after=2025-02-22T00:00:00+00:00
[2025-02-22T22:11:41.977+0000] {processor.py:179} INFO - Processing /home/airflow/.local/lib/python3.10/site-packages/airflow/example_dags/example_branch_operator_decorator.py took 0.146 seconds
[2025-02-22T22:12:12.657+0000] {processor.py:157} INFO - Started process (PID=522) to work on /home/airflow/.local/lib/python3.10/site-packages/airflow/example_dags/example_branch_operator_decorator.py
[2025-02-22T22:12:12.658+0000] {processor.py:829} INFO - Processing file /home/airflow/.local/lib/python3.10/site-packages/airflow/example_dags/example_branch_operator_decorator.py for tasks to queue
[2025-02-22T22:12:12.659+0000] {logging_mixin.py:154} INFO - [2025-02-22T22:12:12.659+0000] {dagbag.py:536} INFO - Filling up the DagBag from /home/airflow/.local/lib/python3.10/site-packages/airflow/example_dags/example_branch_operator_decorator.py
[2025-02-22T22:12:12.668+0000] {processor.py:839} INFO - DAG(s) dict_keys(['example_branch_python_operator_decorator']) retrieved from /home/airflow/.local/lib/python3.10/site-packages/airflow/example_dags/example_branch_operator_decorator.py
[2025-02-22T22:12:12.738+0000] {logging_mixin.py:154} INFO - [2025-02-22T22:12:12.738+0000] {dag.py:2941} INFO - Sync 1 DAGs
[2025-02-22T22:12:12.771+0000] {logging_mixin.py:154} INFO - [2025-02-22T22:12:12.771+0000] {dag.py:3722} INFO - Setting next_dagrun for example_branch_python_operator_decorator to 2025-02-21T00:00:00+00:00, run_after=2025-02-22T00:00:00+00:00
[2025-02-22T22:12:12.787+0000] {processor.py:179} INFO - Processing /home/airflow/.local/lib/python3.10/site-packages/airflow/example_dags/example_branch_operator_decorator.py took 0.133 seconds
[2025-02-22T22:12:43.593+0000] {processor.py:157} INFO - Started process (PID=589) to work on /home/airflow/.local/lib/python3.10/site-packages/airflow/example_dags/example_branch_operator_decorator.py
[2025-02-22T22:12:43.594+0000] {processor.py:829} INFO - Processing file /home/airflow/.local/lib/python3.10/site-packages/airflow/example_dags/example_branch_operator_decorator.py for tasks to queue
[2025-02-22T22:12:43.598+0000] {logging_mixin.py:154} INFO - [2025-02-22T22:12:43.598+0000] {dagbag.py:536} INFO - Filling up the DagBag from /home/airflow/.local/lib/python3.10/site-packages/airflow/example_dags/example_branch_operator_decorator.py
[2025-02-22T22:12:43.633+0000] {processor.py:839} INFO - DAG(s) dict_keys(['example_branch_python_operator_decorator']) retrieved from /home/airflow/.local/lib/python3.10/site-packages/airflow/example_dags/example_branch_operator_decorator.py
[2025-02-22T22:12:43.783+0000] {logging_mixin.py:154} INFO - [2025-02-22T22:12:43.783+0000] {dag.py:2941} INFO - Sync 1 DAGs
[2025-02-22T22:12:43.823+0000] {logging_mixin.py:154} INFO - [2025-02-22T22:12:43.823+0000] {dag.py:3722} INFO - Setting next_dagrun for example_branch_python_operator_decorator to 2025-02-21T00:00:00+00:00, run_after=2025-02-22T00:00:00+00:00
[2025-02-22T22:12:43.970+0000] {processor.py:179} INFO - Processing /home/airflow/.local/lib/python3.10/site-packages/airflow/example_dags/example_branch_operator_decorator.py took 0.378 seconds
[2025-02-22T22:13:14.789+0000] {processor.py:157} INFO - Started process (PID=650) to work on /home/airflow/.local/lib/python3.10/site-packages/airflow/example_dags/example_branch_operator_decorator.py
[2025-02-22T22:13:14.791+0000] {processor.py:829} INFO - Processing file /home/airflow/.local/lib/python3.10/site-packages/airflow/example_dags/example_branch_operator_decorator.py for tasks to queue
[2025-02-22T22:13:14.792+0000] {logging_mixin.py:154} INFO - [2025-02-22T22:13:14.792+0000] {dagbag.py:536} INFO - Filling up the DagBag from /home/airflow/.local/lib/python3.10/site-packages/airflow/example_dags/example_branch_operator_decorator.py
[2025-02-22T22:13:14.802+0000] {processor.py:839} INFO - DAG(s) dict_keys(['example_branch_python_operator_decorator']) retrieved from /home/airflow/.local/lib/python3.10/site-packages/airflow/example_dags/example_branch_operator_decorator.py
[2025-02-22T22:13:14.874+0000] {logging_mixin.py:154} INFO - [2025-02-22T22:13:14.874+0000] {dag.py:2941} INFO - Sync 1 DAGs
[2025-02-22T22:13:14.900+0000] {logging_mixin.py:154} INFO - [2025-02-22T22:13:14.900+0000] {dag.py:3722} INFO - Setting next_dagrun for example_branch_python_operator_decorator to 2025-02-21T00:00:00+00:00, run_after=2025-02-22T00:00:00+00:00
[2025-02-22T22:13:14.924+0000] {processor.py:179} INFO - Processing /home/airflow/.local/lib/python3.10/site-packages/airflow/example_dags/example_branch_operator_decorator.py took 0.138 seconds
[2025-02-22T22:13:45.272+0000] {processor.py:157} INFO - Started process (PID=718) to work on /home/airflow/.local/lib/python3.10/site-packages/airflow/example_dags/example_branch_operator_decorator.py
[2025-02-22T22:13:45.273+0000] {processor.py:829} INFO - Processing file /home/airflow/.local/lib/python3.10/site-packages/airflow/example_dags/example_branch_operator_decorator.py for tasks to queue
[2025-02-22T22:13:45.274+0000] {logging_mixin.py:154} INFO - [2025-02-22T22:13:45.274+0000] {dagbag.py:536} INFO - Filling up the DagBag from /home/airflow/.local/lib/python3.10/site-packages/airflow/example_dags/example_branch_operator_decorator.py
[2025-02-22T22:13:45.284+0000] {processor.py:839} INFO - DAG(s) dict_keys(['example_branch_python_operator_decorator']) retrieved from /home/airflow/.local/lib/python3.10/site-packages/airflow/example_dags/example_branch_operator_decorator.py
[2025-02-22T22:13:45.359+0000] {logging_mixin.py:154} INFO - [2025-02-22T22:13:45.359+0000] {dag.py:2941} INFO - Sync 1 DAGs
[2025-02-22T22:13:45.388+0000] {logging_mixin.py:154} INFO - [2025-02-22T22:13:45.388+0000] {dag.py:3722} INFO - Setting next_dagrun for example_branch_python_operator_decorator to 2025-02-21T00:00:00+00:00, run_after=2025-02-22T00:00:00+00:00
[2025-02-22T22:13:45.406+0000] {processor.py:179} INFO - Processing /home/airflow/.local/lib/python3.10/site-packages/airflow/example_dags/example_branch_operator_decorator.py took 0.137 seconds
[2025-02-22T22:14:15.571+0000] {processor.py:157} INFO - Started process (PID=779) to work on /home/airflow/.local/lib/python3.10/site-packages/airflow/example_dags/example_branch_operator_decorator.py
[2025-02-22T22:14:15.572+0000] {processor.py:829} INFO - Processing file /home/airflow/.local/lib/python3.10/site-packages/airflow/example_dags/example_branch_operator_decorator.py for tasks to queue
[2025-02-22T22:14:15.573+0000] {logging_mixin.py:154} INFO - [2025-02-22T22:14:15.573+0000] {dagbag.py:536} INFO - Filling up the DagBag from /home/airflow/.local/lib/python3.10/site-packages/airflow/example_dags/example_branch_operator_decorator.py
[2025-02-22T22:14:15.582+0000] {processor.py:839} INFO - DAG(s) dict_keys(['example_branch_python_operator_decorator']) retrieved from /home/airflow/.local/lib/python3.10/site-packages/airflow/example_dags/example_branch_operator_decorator.py
[2025-02-22T22:14:15.658+0000] {logging_mixin.py:154} INFO - [2025-02-22T22:14:15.658+0000] {dag.py:2941} INFO - Sync 1 DAGs
[2025-02-22T22:14:15.692+0000] {logging_mixin.py:154} INFO - [2025-02-22T22:14:15.691+0000] {dag.py:3722} INFO - Setting next_dagrun for example_branch_python_operator_decorator to 2025-02-21T00:00:00+00:00, run_after=2025-02-22T00:00:00+00:00
[2025-02-22T22:14:15.710+0000] {processor.py:179} INFO - Processing /home/airflow/.local/lib/python3.10/site-packages/airflow/example_dags/example_branch_operator_decorator.py took 0.141 seconds
[2025-02-22T22:14:46.522+0000] {processor.py:157} INFO - Started process (PID=847) to work on /home/airflow/.local/lib/python3.10/site-packages/airflow/example_dags/example_branch_operator_decorator.py
[2025-02-22T22:14:46.523+0000] {processor.py:829} INFO - Processing file /home/airflow/.local/lib/python3.10/site-packages/airflow/example_dags/example_branch_operator_decorator.py for tasks to queue
[2025-02-22T22:14:46.526+0000] {logging_mixin.py:154} INFO - [2025-02-22T22:14:46.526+0000] {dagbag.py:536} INFO - Filling up the DagBag from /home/airflow/.local/lib/python3.10/site-packages/airflow/example_dags/example_branch_operator_decorator.py
[2025-02-22T22:14:46.540+0000] {processor.py:839} INFO - DAG(s) dict_keys(['example_branch_python_operator_decorator']) retrieved from /home/airflow/.local/lib/python3.10/site-packages/airflow/example_dags/example_branch_operator_decorator.py
[2025-02-22T22:14:46.617+0000] {logging_mixin.py:154} INFO - [2025-02-22T22:14:46.617+0000] {dag.py:2941} INFO - Sync 1 DAGs
[2025-02-22T22:14:46.649+0000] {logging_mixin.py:154} INFO - [2025-02-22T22:14:46.649+0000] {dag.py:3722} INFO - Setting next_dagrun for example_branch_python_operator_decorator to 2025-02-21T00:00:00+00:00, run_after=2025-02-22T00:00:00+00:00
[2025-02-22T22:14:46.668+0000] {processor.py:179} INFO - Processing /home/airflow/.local/lib/python3.10/site-packages/airflow/example_dags/example_branch_operator_decorator.py took 0.148 seconds
[2025-02-22T22:15:17.390+0000] {processor.py:157} INFO - Started process (PID=908) to work on /home/airflow/.local/lib/python3.10/site-packages/airflow/example_dags/example_branch_operator_decorator.py
[2025-02-22T22:15:17.391+0000] {processor.py:829} INFO - Processing file /home/airflow/.local/lib/python3.10/site-packages/airflow/example_dags/example_branch_operator_decorator.py for tasks to queue
[2025-02-22T22:15:17.392+0000] {logging_mixin.py:154} INFO - [2025-02-22T22:15:17.392+0000] {dagbag.py:536} INFO - Filling up the DagBag from /home/airflow/.local/lib/python3.10/site-packages/airflow/example_dags/example_branch_operator_decorator.py
[2025-02-22T22:15:17.406+0000] {processor.py:839} INFO - DAG(s) dict_keys(['example_branch_python_operator_decorator']) retrieved from /home/airflow/.local/lib/python3.10/site-packages/airflow/example_dags/example_branch_operator_decorator.py
[2025-02-22T22:15:17.476+0000] {logging_mixin.py:154} INFO - [2025-02-22T22:15:17.476+0000] {dag.py:2941} INFO - Sync 1 DAGs
[2025-02-22T22:15:17.543+0000] {logging_mixin.py:154} INFO - [2025-02-22T22:15:17.543+0000] {dag.py:3722} INFO - Setting next_dagrun for example_branch_python_operator_decorator to 2025-02-21T00:00:00+00:00, run_after=2025-02-22T00:00:00+00:00
[2025-02-22T22:15:17.562+0000] {processor.py:179} INFO - Processing /home/airflow/.local/lib/python3.10/site-packages/airflow/example_dags/example_branch_operator_decorator.py took 0.174 seconds
[2025-02-22T22:15:47.808+0000] {processor.py:157} INFO - Started process (PID=976) to work on /home/airflow/.local/lib/python3.10/site-packages/airflow/example_dags/example_branch_operator_decorator.py
[2025-02-22T22:15:47.809+0000] {processor.py:829} INFO - Processing file /home/airflow/.local/lib/python3.10/site-packages/airflow/example_dags/example_branch_operator_decorator.py for tasks to queue
[2025-02-22T22:15:47.811+0000] {logging_mixin.py:154} INFO - [2025-02-22T22:15:47.811+0000] {dagbag.py:536} INFO - Filling up the DagBag from /home/airflow/.local/lib/python3.10/site-packages/airflow/example_dags/example_branch_operator_decorator.py
[2025-02-22T22:15:47.820+0000] {processor.py:839} INFO - DAG(s) dict_keys(['example_branch_python_operator_decorator']) retrieved from /home/airflow/.local/lib/python3.10/site-packages/airflow/example_dags/example_branch_operator_decorator.py
[2025-02-22T22:15:47.887+0000] {logging_mixin.py:154} INFO - [2025-02-22T22:15:47.887+0000] {dag.py:2941} INFO - Sync 1 DAGs
[2025-02-22T22:15:47.920+0000] {logging_mixin.py:154} INFO - [2025-02-22T22:15:47.920+0000] {dag.py:3722} INFO - Setting next_dagrun for example_branch_python_operator_decorator to 2025-02-21T00:00:00+00:00, run_after=2025-02-22T00:00:00+00:00
[2025-02-22T22:15:47.942+0000] {processor.py:179} INFO - Processing /home/airflow/.local/lib/python3.10/site-packages/airflow/example_dags/example_branch_operator_decorator.py took 0.136 seconds
[2025-02-22T22:16:19.183+0000] {processor.py:157} INFO - Started process (PID=1037) to work on /home/airflow/.local/lib/python3.10/site-packages/airflow/example_dags/example_branch_operator_decorator.py
[2025-02-22T22:16:19.184+0000] {processor.py:829} INFO - Processing file /home/airflow/.local/lib/python3.10/site-packages/airflow/example_dags/example_branch_operator_decorator.py for tasks to queue
[2025-02-22T22:16:19.185+0000] {logging_mixin.py:154} INFO - [2025-02-22T22:16:19.185+0000] {dagbag.py:536} INFO - Filling up the DagBag from /home/airflow/.local/lib/python3.10/site-packages/airflow/example_dags/example_branch_operator_decorator.py
[2025-02-22T22:16:19.195+0000] {processor.py:839} INFO - DAG(s) dict_keys(['example_branch_python_operator_decorator']) retrieved from /home/airflow/.local/lib/python3.10/site-packages/airflow/example_dags/example_branch_operator_decorator.py
[2025-02-22T22:16:19.265+0000] {logging_mixin.py:154} INFO - [2025-02-22T22:16:19.265+0000] {dag.py:2941} INFO - Sync 1 DAGs
[2025-02-22T22:16:19.296+0000] {logging_mixin.py:154} INFO - [2025-02-22T22:16:19.296+0000] {dag.py:3722} INFO - Setting next_dagrun for example_branch_python_operator_decorator to 2025-02-21T00:00:00+00:00, run_after=2025-02-22T00:00:00+00:00
[2025-02-22T22:16:19.314+0000] {processor.py:179} INFO - Processing /home/airflow/.local/lib/python3.10/site-packages/airflow/example_dags/example_branch_operator_decorator.py took 0.133 seconds
[2025-02-22T22:16:49.526+0000] {processor.py:157} INFO - Started process (PID=1105) to work on /home/airflow/.local/lib/python3.10/site-packages/airflow/example_dags/example_branch_operator_decorator.py
[2025-02-22T22:16:49.528+0000] {processor.py:829} INFO - Processing file /home/airflow/.local/lib/python3.10/site-packages/airflow/example_dags/example_branch_operator_decorator.py for tasks to queue
[2025-02-22T22:16:49.529+0000] {logging_mixin.py:154} INFO - [2025-02-22T22:16:49.529+0000] {dagbag.py:536} INFO - Filling up the DagBag from /home/airflow/.local/lib/python3.10/site-packages/airflow/example_dags/example_branch_operator_decorator.py
[2025-02-22T22:16:49.538+0000] {processor.py:839} INFO - DAG(s) dict_keys(['example_branch_python_operator_decorator']) retrieved from /home/airflow/.local/lib/python3.10/site-packages/airflow/example_dags/example_branch_operator_decorator.py
[2025-02-22T22:16:49.605+0000] {logging_mixin.py:154} INFO - [2025-02-22T22:16:49.605+0000] {dag.py:2941} INFO - Sync 1 DAGs
[2025-02-22T22:16:49.634+0000] {logging_mixin.py:154} INFO - [2025-02-22T22:16:49.633+0000] {dag.py:3722} INFO - Setting next_dagrun for example_branch_python_operator_decorator to 2025-02-21T00:00:00+00:00, run_after=2025-02-22T00:00:00+00:00
[2025-02-22T22:16:49.652+0000] {processor.py:179} INFO - Processing /home/airflow/.local/lib/python3.10/site-packages/airflow/example_dags/example_branch_operator_decorator.py took 0.127 seconds
