[2025-02-22T21:47:18.032+0000] {processor.py:157} INFO - Started process (PID=63) to work on /home/airflow/.local/lib/python3.10/site-packages/airflow/example_dags/example_trigger_target_dag.py
[2025-02-22T21:47:18.032+0000] {processor.py:829} INFO - Processing file /home/airflow/.local/lib/python3.10/site-packages/airflow/example_dags/example_trigger_target_dag.py for tasks to queue
[2025-02-22T21:47:18.034+0000] {logging_mixin.py:154} INFO - [2025-02-22T21:47:18.033+0000] {dagbag.py:536} INFO - Filling up the DagBag from /home/airflow/.local/lib/python3.10/site-packages/airflow/example_dags/example_trigger_target_dag.py
[2025-02-22T21:47:18.043+0000] {processor.py:839} INFO - DAG(s) dict_keys(['example_trigger_target_dag']) retrieved from /home/airflow/.local/lib/python3.10/site-packages/airflow/example_dags/example_trigger_target_dag.py
[2025-02-22T21:47:18.278+0000] {logging_mixin.py:154} INFO - [2025-02-22T21:47:18.278+0000] {manager.py:499} INFO - Created Permission View: %s
[2025-02-22T21:47:18.292+0000] {logging_mixin.py:154} INFO - [2025-02-22T21:47:18.292+0000] {manager.py:499} INFO - Created Permission View: %s
[2025-02-22T21:47:18.314+0000] {logging_mixin.py:154} INFO - [2025-02-22T21:47:18.314+0000] {manager.py:499} INFO - Created Permission View: %s
[2025-02-22T21:47:18.315+0000] {logging_mixin.py:154} INFO - [2025-02-22T21:47:18.315+0000] {dag.py:2941} INFO - Sync 1 DAGs
[2025-02-22T21:47:18.338+0000] {logging_mixin.py:154} INFO - [2025-02-22T21:47:18.337+0000] {dag.py:2963} INFO - Creating ORM DAG for example_trigger_target_dag
[2025-02-22T21:47:18.341+0000] {logging_mixin.py:154} INFO - [2025-02-22T21:47:18.341+0000] {dag.py:3722} INFO - Setting next_dagrun for example_trigger_target_dag to None, run_after=None
[2025-02-22T21:47:18.372+0000] {processor.py:179} INFO - Processing /home/airflow/.local/lib/python3.10/site-packages/airflow/example_dags/example_trigger_target_dag.py took 0.343 seconds
[2025-02-22T21:48:59.554+0000] {processor.py:157} INFO - Started process (PID=63) to work on /home/airflow/.local/lib/python3.10/site-packages/airflow/example_dags/example_trigger_target_dag.py
[2025-02-22T21:48:59.555+0000] {processor.py:829} INFO - Processing file /home/airflow/.local/lib/python3.10/site-packages/airflow/example_dags/example_trigger_target_dag.py for tasks to queue
[2025-02-22T21:48:59.557+0000] {logging_mixin.py:154} INFO - [2025-02-22T21:48:59.556+0000] {dagbag.py:536} INFO - Filling up the DagBag from /home/airflow/.local/lib/python3.10/site-packages/airflow/example_dags/example_trigger_target_dag.py
[2025-02-22T21:48:59.567+0000] {processor.py:839} INFO - DAG(s) dict_keys(['example_trigger_target_dag']) retrieved from /home/airflow/.local/lib/python3.10/site-packages/airflow/example_dags/example_trigger_target_dag.py
[2025-02-22T21:48:59.658+0000] {logging_mixin.py:154} INFO - [2025-02-22T21:48:59.658+0000] {dag.py:2941} INFO - Sync 1 DAGs
[2025-02-22T21:48:59.680+0000] {logging_mixin.py:154} INFO - [2025-02-22T21:48:59.680+0000] {dag.py:3722} INFO - Setting next_dagrun for example_trigger_target_dag to None, run_after=None
[2025-02-22T21:48:59.715+0000] {processor.py:179} INFO - Processing /home/airflow/.local/lib/python3.10/site-packages/airflow/example_dags/example_trigger_target_dag.py took 0.164 seconds
[2025-02-22T21:56:50.233+0000] {processor.py:157} INFO - Started process (PID=63) to work on /home/airflow/.local/lib/python3.10/site-packages/airflow/example_dags/example_trigger_target_dag.py
[2025-02-22T21:56:50.237+0000] {processor.py:829} INFO - Processing file /home/airflow/.local/lib/python3.10/site-packages/airflow/example_dags/example_trigger_target_dag.py for tasks to queue
[2025-02-22T21:56:50.240+0000] {logging_mixin.py:154} INFO - [2025-02-22T21:56:50.239+0000] {dagbag.py:536} INFO - Filling up the DagBag from /home/airflow/.local/lib/python3.10/site-packages/airflow/example_dags/example_trigger_target_dag.py
[2025-02-22T21:56:50.257+0000] {processor.py:839} INFO - DAG(s) dict_keys(['example_trigger_target_dag']) retrieved from /home/airflow/.local/lib/python3.10/site-packages/airflow/example_dags/example_trigger_target_dag.py
[2025-02-22T21:56:50.355+0000] {logging_mixin.py:154} INFO - [2025-02-22T21:56:50.355+0000] {dag.py:2941} INFO - Sync 1 DAGs
[2025-02-22T21:56:50.373+0000] {logging_mixin.py:154} INFO - [2025-02-22T21:56:50.373+0000] {dag.py:3722} INFO - Setting next_dagrun for example_trigger_target_dag to None, run_after=None
[2025-02-22T21:56:50.394+0000] {processor.py:179} INFO - Processing /home/airflow/.local/lib/python3.10/site-packages/airflow/example_dags/example_trigger_target_dag.py took 0.166 seconds
[2025-02-22T21:57:20.717+0000] {processor.py:157} INFO - Started process (PID=131) to work on /home/airflow/.local/lib/python3.10/site-packages/airflow/example_dags/example_trigger_target_dag.py
[2025-02-22T21:57:20.717+0000] {processor.py:829} INFO - Processing file /home/airflow/.local/lib/python3.10/site-packages/airflow/example_dags/example_trigger_target_dag.py for tasks to queue
[2025-02-22T21:57:20.719+0000] {logging_mixin.py:154} INFO - [2025-02-22T21:57:20.719+0000] {dagbag.py:536} INFO - Filling up the DagBag from /home/airflow/.local/lib/python3.10/site-packages/airflow/example_dags/example_trigger_target_dag.py
[2025-02-22T21:57:20.724+0000] {processor.py:839} INFO - DAG(s) dict_keys(['example_trigger_target_dag']) retrieved from /home/airflow/.local/lib/python3.10/site-packages/airflow/example_dags/example_trigger_target_dag.py
[2025-02-22T21:57:20.789+0000] {logging_mixin.py:154} INFO - [2025-02-22T21:57:20.789+0000] {dag.py:2941} INFO - Sync 1 DAGs
[2025-02-22T21:57:20.803+0000] {logging_mixin.py:154} INFO - [2025-02-22T21:57:20.803+0000] {dag.py:3722} INFO - Setting next_dagrun for example_trigger_target_dag to None, run_after=None
[2025-02-22T21:57:20.825+0000] {processor.py:179} INFO - Processing /home/airflow/.local/lib/python3.10/site-packages/airflow/example_dags/example_trigger_target_dag.py took 0.110 seconds
[2025-02-22T21:59:54.208+0000] {processor.py:157} INFO - Started process (PID=63) to work on /home/airflow/.local/lib/python3.10/site-packages/airflow/example_dags/example_trigger_target_dag.py
[2025-02-22T21:59:54.211+0000] {processor.py:829} INFO - Processing file /home/airflow/.local/lib/python3.10/site-packages/airflow/example_dags/example_trigger_target_dag.py for tasks to queue
[2025-02-22T21:59:54.217+0000] {logging_mixin.py:154} INFO - [2025-02-22T21:59:54.217+0000] {dagbag.py:536} INFO - Filling up the DagBag from /home/airflow/.local/lib/python3.10/site-packages/airflow/example_dags/example_trigger_target_dag.py
[2025-02-22T21:59:54.233+0000] {processor.py:839} INFO - DAG(s) dict_keys(['example_trigger_target_dag']) retrieved from /home/airflow/.local/lib/python3.10/site-packages/airflow/example_dags/example_trigger_target_dag.py
[2025-02-22T21:59:54.387+0000] {logging_mixin.py:154} INFO - [2025-02-22T21:59:54.386+0000] {dag.py:2941} INFO - Sync 1 DAGs
[2025-02-22T21:59:54.431+0000] {logging_mixin.py:154} INFO - [2025-02-22T21:59:54.431+0000] {dag.py:3722} INFO - Setting next_dagrun for example_trigger_target_dag to None, run_after=None
[2025-02-22T21:59:54.481+0000] {processor.py:179} INFO - Processing /home/airflow/.local/lib/python3.10/site-packages/airflow/example_dags/example_trigger_target_dag.py took 0.277 seconds
[2025-02-22T22:00:24.610+0000] {processor.py:157} INFO - Started process (PID=131) to work on /home/airflow/.local/lib/python3.10/site-packages/airflow/example_dags/example_trigger_target_dag.py
[2025-02-22T22:00:24.610+0000] {processor.py:829} INFO - Processing file /home/airflow/.local/lib/python3.10/site-packages/airflow/example_dags/example_trigger_target_dag.py for tasks to queue
[2025-02-22T22:00:24.611+0000] {logging_mixin.py:154} INFO - [2025-02-22T22:00:24.611+0000] {dagbag.py:536} INFO - Filling up the DagBag from /home/airflow/.local/lib/python3.10/site-packages/airflow/example_dags/example_trigger_target_dag.py
[2025-02-22T22:00:24.617+0000] {processor.py:839} INFO - DAG(s) dict_keys(['example_trigger_target_dag']) retrieved from /home/airflow/.local/lib/python3.10/site-packages/airflow/example_dags/example_trigger_target_dag.py
[2025-02-22T22:00:24.682+0000] {logging_mixin.py:154} INFO - [2025-02-22T22:00:24.682+0000] {dag.py:2941} INFO - Sync 1 DAGs
[2025-02-22T22:00:24.711+0000] {logging_mixin.py:154} INFO - [2025-02-22T22:00:24.710+0000] {dag.py:3722} INFO - Setting next_dagrun for example_trigger_target_dag to None, run_after=None
[2025-02-22T22:00:24.734+0000] {processor.py:179} INFO - Processing /home/airflow/.local/lib/python3.10/site-packages/airflow/example_dags/example_trigger_target_dag.py took 0.127 seconds
[2025-02-22T22:00:54.793+0000] {processor.py:157} INFO - Started process (PID=192) to work on /home/airflow/.local/lib/python3.10/site-packages/airflow/example_dags/example_trigger_target_dag.py
[2025-02-22T22:00:54.794+0000] {processor.py:829} INFO - Processing file /home/airflow/.local/lib/python3.10/site-packages/airflow/example_dags/example_trigger_target_dag.py for tasks to queue
[2025-02-22T22:00:54.796+0000] {logging_mixin.py:154} INFO - [2025-02-22T22:00:54.795+0000] {dagbag.py:536} INFO - Filling up the DagBag from /home/airflow/.local/lib/python3.10/site-packages/airflow/example_dags/example_trigger_target_dag.py
[2025-02-22T22:00:54.801+0000] {processor.py:839} INFO - DAG(s) dict_keys(['example_trigger_target_dag']) retrieved from /home/airflow/.local/lib/python3.10/site-packages/airflow/example_dags/example_trigger_target_dag.py
[2025-02-22T22:00:54.862+0000] {logging_mixin.py:154} INFO - [2025-02-22T22:00:54.862+0000] {dag.py:2941} INFO - Sync 1 DAGs
[2025-02-22T22:00:54.875+0000] {logging_mixin.py:154} INFO - [2025-02-22T22:00:54.875+0000] {dag.py:3722} INFO - Setting next_dagrun for example_trigger_target_dag to None, run_after=None
[2025-02-22T22:00:54.893+0000] {processor.py:179} INFO - Processing /home/airflow/.local/lib/python3.10/site-packages/airflow/example_dags/example_trigger_target_dag.py took 0.101 seconds
[2025-02-22T22:01:25.225+0000] {processor.py:157} INFO - Started process (PID=260) to work on /home/airflow/.local/lib/python3.10/site-packages/airflow/example_dags/example_trigger_target_dag.py
[2025-02-22T22:01:25.226+0000] {processor.py:829} INFO - Processing file /home/airflow/.local/lib/python3.10/site-packages/airflow/example_dags/example_trigger_target_dag.py for tasks to queue
[2025-02-22T22:01:25.227+0000] {logging_mixin.py:154} INFO - [2025-02-22T22:01:25.227+0000] {dagbag.py:536} INFO - Filling up the DagBag from /home/airflow/.local/lib/python3.10/site-packages/airflow/example_dags/example_trigger_target_dag.py
[2025-02-22T22:01:25.232+0000] {processor.py:839} INFO - DAG(s) dict_keys(['example_trigger_target_dag']) retrieved from /home/airflow/.local/lib/python3.10/site-packages/airflow/example_dags/example_trigger_target_dag.py
[2025-02-22T22:01:25.297+0000] {logging_mixin.py:154} INFO - [2025-02-22T22:01:25.297+0000] {dag.py:2941} INFO - Sync 1 DAGs
[2025-02-22T22:01:25.308+0000] {logging_mixin.py:154} INFO - [2025-02-22T22:01:25.308+0000] {dag.py:3722} INFO - Setting next_dagrun for example_trigger_target_dag to None, run_after=None
[2025-02-22T22:01:25.324+0000] {processor.py:179} INFO - Processing /home/airflow/.local/lib/python3.10/site-packages/airflow/example_dags/example_trigger_target_dag.py took 0.101 seconds
[2025-02-22T22:01:55.830+0000] {processor.py:157} INFO - Started process (PID=320) to work on /home/airflow/.local/lib/python3.10/site-packages/airflow/example_dags/example_trigger_target_dag.py
[2025-02-22T22:01:55.830+0000] {processor.py:829} INFO - Processing file /home/airflow/.local/lib/python3.10/site-packages/airflow/example_dags/example_trigger_target_dag.py for tasks to queue
[2025-02-22T22:01:55.832+0000] {logging_mixin.py:154} INFO - [2025-02-22T22:01:55.831+0000] {dagbag.py:536} INFO - Filling up the DagBag from /home/airflow/.local/lib/python3.10/site-packages/airflow/example_dags/example_trigger_target_dag.py
[2025-02-22T22:01:55.837+0000] {processor.py:839} INFO - DAG(s) dict_keys(['example_trigger_target_dag']) retrieved from /home/airflow/.local/lib/python3.10/site-packages/airflow/example_dags/example_trigger_target_dag.py
[2025-02-22T22:01:55.902+0000] {logging_mixin.py:154} INFO - [2025-02-22T22:01:55.902+0000] {dag.py:2941} INFO - Sync 1 DAGs
[2025-02-22T22:01:55.917+0000] {logging_mixin.py:154} INFO - [2025-02-22T22:01:55.917+0000] {dag.py:3722} INFO - Setting next_dagrun for example_trigger_target_dag to None, run_after=None
[2025-02-22T22:01:55.937+0000] {processor.py:179} INFO - Processing /home/airflow/.local/lib/python3.10/site-packages/airflow/example_dags/example_trigger_target_dag.py took 0.109 seconds
[2025-02-22T22:02:26.701+0000] {processor.py:157} INFO - Started process (PID=387) to work on /home/airflow/.local/lib/python3.10/site-packages/airflow/example_dags/example_trigger_target_dag.py
[2025-02-22T22:02:26.701+0000] {processor.py:829} INFO - Processing file /home/airflow/.local/lib/python3.10/site-packages/airflow/example_dags/example_trigger_target_dag.py for tasks to queue
[2025-02-22T22:02:26.703+0000] {logging_mixin.py:154} INFO - [2025-02-22T22:02:26.703+0000] {dagbag.py:536} INFO - Filling up the DagBag from /home/airflow/.local/lib/python3.10/site-packages/airflow/example_dags/example_trigger_target_dag.py
[2025-02-22T22:02:26.708+0000] {processor.py:839} INFO - DAG(s) dict_keys(['example_trigger_target_dag']) retrieved from /home/airflow/.local/lib/python3.10/site-packages/airflow/example_dags/example_trigger_target_dag.py
[2025-02-22T22:02:26.770+0000] {logging_mixin.py:154} INFO - [2025-02-22T22:02:26.770+0000] {dag.py:2941} INFO - Sync 1 DAGs
[2025-02-22T22:02:26.782+0000] {logging_mixin.py:154} INFO - [2025-02-22T22:02:26.782+0000] {dag.py:3722} INFO - Setting next_dagrun for example_trigger_target_dag to None, run_after=None
[2025-02-22T22:02:26.800+0000] {processor.py:179} INFO - Processing /home/airflow/.local/lib/python3.10/site-packages/airflow/example_dags/example_trigger_target_dag.py took 0.101 seconds
[2025-02-22T22:02:57.481+0000] {processor.py:157} INFO - Started process (PID=448) to work on /home/airflow/.local/lib/python3.10/site-packages/airflow/example_dags/example_trigger_target_dag.py
[2025-02-22T22:02:57.482+0000] {processor.py:829} INFO - Processing file /home/airflow/.local/lib/python3.10/site-packages/airflow/example_dags/example_trigger_target_dag.py for tasks to queue
[2025-02-22T22:02:57.483+0000] {logging_mixin.py:154} INFO - [2025-02-22T22:02:57.483+0000] {dagbag.py:536} INFO - Filling up the DagBag from /home/airflow/.local/lib/python3.10/site-packages/airflow/example_dags/example_trigger_target_dag.py
[2025-02-22T22:02:57.489+0000] {processor.py:839} INFO - DAG(s) dict_keys(['example_trigger_target_dag']) retrieved from /home/airflow/.local/lib/python3.10/site-packages/airflow/example_dags/example_trigger_target_dag.py
[2025-02-22T22:02:57.553+0000] {logging_mixin.py:154} INFO - [2025-02-22T22:02:57.553+0000] {dag.py:2941} INFO - Sync 1 DAGs
[2025-02-22T22:02:57.565+0000] {logging_mixin.py:154} INFO - [2025-02-22T22:02:57.565+0000] {dag.py:3722} INFO - Setting next_dagrun for example_trigger_target_dag to None, run_after=None
[2025-02-22T22:02:57.583+0000] {processor.py:179} INFO - Processing /home/airflow/.local/lib/python3.10/site-packages/airflow/example_dags/example_trigger_target_dag.py took 0.104 seconds
[2025-02-22T22:03:42.787+0000] {processor.py:157} INFO - Started process (PID=64) to work on /home/airflow/.local/lib/python3.10/site-packages/airflow/example_dags/example_trigger_target_dag.py
[2025-02-22T22:03:42.788+0000] {processor.py:829} INFO - Processing file /home/airflow/.local/lib/python3.10/site-packages/airflow/example_dags/example_trigger_target_dag.py for tasks to queue
[2025-02-22T22:03:42.790+0000] {logging_mixin.py:154} INFO - [2025-02-22T22:03:42.790+0000] {dagbag.py:536} INFO - Filling up the DagBag from /home/airflow/.local/lib/python3.10/site-packages/airflow/example_dags/example_trigger_target_dag.py
[2025-02-22T22:03:42.806+0000] {processor.py:839} INFO - DAG(s) dict_keys(['example_trigger_target_dag']) retrieved from /home/airflow/.local/lib/python3.10/site-packages/airflow/example_dags/example_trigger_target_dag.py
[2025-02-22T22:03:42.888+0000] {logging_mixin.py:154} INFO - [2025-02-22T22:03:42.888+0000] {dag.py:2941} INFO - Sync 1 DAGs
[2025-02-22T22:03:42.905+0000] {logging_mixin.py:154} INFO - [2025-02-22T22:03:42.905+0000] {dag.py:3722} INFO - Setting next_dagrun for example_trigger_target_dag to None, run_after=None
[2025-02-22T22:03:42.929+0000] {processor.py:179} INFO - Processing /home/airflow/.local/lib/python3.10/site-packages/airflow/example_dags/example_trigger_target_dag.py took 0.144 seconds
[2025-02-22T22:04:13.039+0000] {processor.py:157} INFO - Started process (PID=132) to work on /home/airflow/.local/lib/python3.10/site-packages/airflow/example_dags/example_trigger_target_dag.py
[2025-02-22T22:04:13.039+0000] {processor.py:829} INFO - Processing file /home/airflow/.local/lib/python3.10/site-packages/airflow/example_dags/example_trigger_target_dag.py for tasks to queue
[2025-02-22T22:04:13.041+0000] {logging_mixin.py:154} INFO - [2025-02-22T22:04:13.041+0000] {dagbag.py:536} INFO - Filling up the DagBag from /home/airflow/.local/lib/python3.10/site-packages/airflow/example_dags/example_trigger_target_dag.py
[2025-02-22T22:04:13.047+0000] {processor.py:839} INFO - DAG(s) dict_keys(['example_trigger_target_dag']) retrieved from /home/airflow/.local/lib/python3.10/site-packages/airflow/example_dags/example_trigger_target_dag.py
[2025-02-22T22:04:13.112+0000] {logging_mixin.py:154} INFO - [2025-02-22T22:04:13.112+0000] {dag.py:2941} INFO - Sync 1 DAGs
[2025-02-22T22:04:13.126+0000] {logging_mixin.py:154} INFO - [2025-02-22T22:04:13.126+0000] {dag.py:3722} INFO - Setting next_dagrun for example_trigger_target_dag to None, run_after=None
[2025-02-22T22:04:13.148+0000] {processor.py:179} INFO - Processing /home/airflow/.local/lib/python3.10/site-packages/airflow/example_dags/example_trigger_target_dag.py took 0.111 seconds
[2025-02-22T22:04:43.239+0000] {processor.py:157} INFO - Started process (PID=193) to work on /home/airflow/.local/lib/python3.10/site-packages/airflow/example_dags/example_trigger_target_dag.py
[2025-02-22T22:04:43.241+0000] {processor.py:829} INFO - Processing file /home/airflow/.local/lib/python3.10/site-packages/airflow/example_dags/example_trigger_target_dag.py for tasks to queue
[2025-02-22T22:04:43.243+0000] {logging_mixin.py:154} INFO - [2025-02-22T22:04:43.242+0000] {dagbag.py:536} INFO - Filling up the DagBag from /home/airflow/.local/lib/python3.10/site-packages/airflow/example_dags/example_trigger_target_dag.py
[2025-02-22T22:04:43.248+0000] {processor.py:839} INFO - DAG(s) dict_keys(['example_trigger_target_dag']) retrieved from /home/airflow/.local/lib/python3.10/site-packages/airflow/example_dags/example_trigger_target_dag.py
[2025-02-22T22:04:43.316+0000] {logging_mixin.py:154} INFO - [2025-02-22T22:04:43.316+0000] {dag.py:2941} INFO - Sync 1 DAGs
[2025-02-22T22:04:43.331+0000] {logging_mixin.py:154} INFO - [2025-02-22T22:04:43.331+0000] {dag.py:3722} INFO - Setting next_dagrun for example_trigger_target_dag to None, run_after=None
[2025-02-22T22:04:43.348+0000] {processor.py:179} INFO - Processing /home/airflow/.local/lib/python3.10/site-packages/airflow/example_dags/example_trigger_target_dag.py took 0.111 seconds
[2025-02-22T22:05:13.943+0000] {processor.py:157} INFO - Started process (PID=261) to work on /home/airflow/.local/lib/python3.10/site-packages/airflow/example_dags/example_trigger_target_dag.py
[2025-02-22T22:05:13.944+0000] {processor.py:829} INFO - Processing file /home/airflow/.local/lib/python3.10/site-packages/airflow/example_dags/example_trigger_target_dag.py for tasks to queue
[2025-02-22T22:05:13.946+0000] {logging_mixin.py:154} INFO - [2025-02-22T22:05:13.946+0000] {dagbag.py:536} INFO - Filling up the DagBag from /home/airflow/.local/lib/python3.10/site-packages/airflow/example_dags/example_trigger_target_dag.py
[2025-02-22T22:05:13.952+0000] {processor.py:839} INFO - DAG(s) dict_keys(['example_trigger_target_dag']) retrieved from /home/airflow/.local/lib/python3.10/site-packages/airflow/example_dags/example_trigger_target_dag.py
[2025-02-22T22:05:14.022+0000] {logging_mixin.py:154} INFO - [2025-02-22T22:05:14.022+0000] {dag.py:2941} INFO - Sync 1 DAGs
[2025-02-22T22:05:14.037+0000] {logging_mixin.py:154} INFO - [2025-02-22T22:05:14.037+0000] {dag.py:3722} INFO - Setting next_dagrun for example_trigger_target_dag to None, run_after=None
[2025-02-22T22:05:14.054+0000] {processor.py:179} INFO - Processing /home/airflow/.local/lib/python3.10/site-packages/airflow/example_dags/example_trigger_target_dag.py took 0.113 seconds
[2025-02-22T22:05:44.442+0000] {processor.py:157} INFO - Started process (PID=322) to work on /home/airflow/.local/lib/python3.10/site-packages/airflow/example_dags/example_trigger_target_dag.py
[2025-02-22T22:05:44.443+0000] {processor.py:829} INFO - Processing file /home/airflow/.local/lib/python3.10/site-packages/airflow/example_dags/example_trigger_target_dag.py for tasks to queue
[2025-02-22T22:05:44.445+0000] {logging_mixin.py:154} INFO - [2025-02-22T22:05:44.445+0000] {dagbag.py:536} INFO - Filling up the DagBag from /home/airflow/.local/lib/python3.10/site-packages/airflow/example_dags/example_trigger_target_dag.py
[2025-02-22T22:05:44.451+0000] {processor.py:839} INFO - DAG(s) dict_keys(['example_trigger_target_dag']) retrieved from /home/airflow/.local/lib/python3.10/site-packages/airflow/example_dags/example_trigger_target_dag.py
[2025-02-22T22:05:44.520+0000] {logging_mixin.py:154} INFO - [2025-02-22T22:05:44.520+0000] {dag.py:2941} INFO - Sync 1 DAGs
[2025-02-22T22:05:44.534+0000] {logging_mixin.py:154} INFO - [2025-02-22T22:05:44.534+0000] {dag.py:3722} INFO - Setting next_dagrun for example_trigger_target_dag to None, run_after=None
[2025-02-22T22:05:44.564+0000] {processor.py:179} INFO - Processing /home/airflow/.local/lib/python3.10/site-packages/airflow/example_dags/example_trigger_target_dag.py took 0.124 seconds
[2025-02-22T22:06:14.834+0000] {processor.py:157} INFO - Started process (PID=390) to work on /home/airflow/.local/lib/python3.10/site-packages/airflow/example_dags/example_trigger_target_dag.py
[2025-02-22T22:06:14.836+0000] {processor.py:829} INFO - Processing file /home/airflow/.local/lib/python3.10/site-packages/airflow/example_dags/example_trigger_target_dag.py for tasks to queue
[2025-02-22T22:06:14.837+0000] {logging_mixin.py:154} INFO - [2025-02-22T22:06:14.837+0000] {dagbag.py:536} INFO - Filling up the DagBag from /home/airflow/.local/lib/python3.10/site-packages/airflow/example_dags/example_trigger_target_dag.py
[2025-02-22T22:06:14.845+0000] {processor.py:839} INFO - DAG(s) dict_keys(['example_trigger_target_dag']) retrieved from /home/airflow/.local/lib/python3.10/site-packages/airflow/example_dags/example_trigger_target_dag.py
[2025-02-22T22:06:14.913+0000] {logging_mixin.py:154} INFO - [2025-02-22T22:06:14.913+0000] {dag.py:2941} INFO - Sync 1 DAGs
[2025-02-22T22:06:14.926+0000] {logging_mixin.py:154} INFO - [2025-02-22T22:06:14.926+0000] {dag.py:3722} INFO - Setting next_dagrun for example_trigger_target_dag to None, run_after=None
[2025-02-22T22:06:14.946+0000] {processor.py:179} INFO - Processing /home/airflow/.local/lib/python3.10/site-packages/airflow/example_dags/example_trigger_target_dag.py took 0.114 seconds
[2025-02-22T22:06:45.538+0000] {processor.py:157} INFO - Started process (PID=451) to work on /home/airflow/.local/lib/python3.10/site-packages/airflow/example_dags/example_trigger_target_dag.py
[2025-02-22T22:06:45.539+0000] {processor.py:829} INFO - Processing file /home/airflow/.local/lib/python3.10/site-packages/airflow/example_dags/example_trigger_target_dag.py for tasks to queue
[2025-02-22T22:06:45.540+0000] {logging_mixin.py:154} INFO - [2025-02-22T22:06:45.540+0000] {dagbag.py:536} INFO - Filling up the DagBag from /home/airflow/.local/lib/python3.10/site-packages/airflow/example_dags/example_trigger_target_dag.py
[2025-02-22T22:06:45.547+0000] {processor.py:839} INFO - DAG(s) dict_keys(['example_trigger_target_dag']) retrieved from /home/airflow/.local/lib/python3.10/site-packages/airflow/example_dags/example_trigger_target_dag.py
[2025-02-22T22:06:45.622+0000] {logging_mixin.py:154} INFO - [2025-02-22T22:06:45.622+0000] {dag.py:2941} INFO - Sync 1 DAGs
[2025-02-22T22:06:45.636+0000] {logging_mixin.py:154} INFO - [2025-02-22T22:06:45.636+0000] {dag.py:3722} INFO - Setting next_dagrun for example_trigger_target_dag to None, run_after=None
[2025-02-22T22:06:45.659+0000] {processor.py:179} INFO - Processing /home/airflow/.local/lib/python3.10/site-packages/airflow/example_dags/example_trigger_target_dag.py took 0.123 seconds
[2025-02-22T22:07:16.118+0000] {processor.py:157} INFO - Started process (PID=519) to work on /home/airflow/.local/lib/python3.10/site-packages/airflow/example_dags/example_trigger_target_dag.py
[2025-02-22T22:07:16.120+0000] {processor.py:829} INFO - Processing file /home/airflow/.local/lib/python3.10/site-packages/airflow/example_dags/example_trigger_target_dag.py for tasks to queue
[2025-02-22T22:07:16.122+0000] {logging_mixin.py:154} INFO - [2025-02-22T22:07:16.122+0000] {dagbag.py:536} INFO - Filling up the DagBag from /home/airflow/.local/lib/python3.10/site-packages/airflow/example_dags/example_trigger_target_dag.py
[2025-02-22T22:07:16.127+0000] {processor.py:839} INFO - DAG(s) dict_keys(['example_trigger_target_dag']) retrieved from /home/airflow/.local/lib/python3.10/site-packages/airflow/example_dags/example_trigger_target_dag.py
[2025-02-22T22:07:16.195+0000] {logging_mixin.py:154} INFO - [2025-02-22T22:07:16.195+0000] {dag.py:2941} INFO - Sync 1 DAGs
[2025-02-22T22:07:16.207+0000] {logging_mixin.py:154} INFO - [2025-02-22T22:07:16.207+0000] {dag.py:3722} INFO - Setting next_dagrun for example_trigger_target_dag to None, run_after=None
[2025-02-22T22:07:16.228+0000] {processor.py:179} INFO - Processing /home/airflow/.local/lib/python3.10/site-packages/airflow/example_dags/example_trigger_target_dag.py took 0.112 seconds
[2025-02-22T22:07:46.626+0000] {processor.py:157} INFO - Started process (PID=580) to work on /home/airflow/.local/lib/python3.10/site-packages/airflow/example_dags/example_trigger_target_dag.py
[2025-02-22T22:07:46.627+0000] {processor.py:829} INFO - Processing file /home/airflow/.local/lib/python3.10/site-packages/airflow/example_dags/example_trigger_target_dag.py for tasks to queue
[2025-02-22T22:07:46.629+0000] {logging_mixin.py:154} INFO - [2025-02-22T22:07:46.629+0000] {dagbag.py:536} INFO - Filling up the DagBag from /home/airflow/.local/lib/python3.10/site-packages/airflow/example_dags/example_trigger_target_dag.py
[2025-02-22T22:07:46.634+0000] {processor.py:839} INFO - DAG(s) dict_keys(['example_trigger_target_dag']) retrieved from /home/airflow/.local/lib/python3.10/site-packages/airflow/example_dags/example_trigger_target_dag.py
[2025-02-22T22:07:46.703+0000] {logging_mixin.py:154} INFO - [2025-02-22T22:07:46.702+0000] {dag.py:2941} INFO - Sync 1 DAGs
[2025-02-22T22:07:46.715+0000] {logging_mixin.py:154} INFO - [2025-02-22T22:07:46.715+0000] {dag.py:3722} INFO - Setting next_dagrun for example_trigger_target_dag to None, run_after=None
[2025-02-22T22:07:46.735+0000] {processor.py:179} INFO - Processing /home/airflow/.local/lib/python3.10/site-packages/airflow/example_dags/example_trigger_target_dag.py took 0.111 seconds
[2025-02-22T22:08:38.459+0000] {processor.py:157} INFO - Started process (PID=69) to work on /home/airflow/.local/lib/python3.10/site-packages/airflow/example_dags/example_trigger_target_dag.py
[2025-02-22T22:08:38.461+0000] {processor.py:829} INFO - Processing file /home/airflow/.local/lib/python3.10/site-packages/airflow/example_dags/example_trigger_target_dag.py for tasks to queue
[2025-02-22T22:08:38.464+0000] {logging_mixin.py:154} INFO - [2025-02-22T22:08:38.464+0000] {dagbag.py:536} INFO - Filling up the DagBag from /home/airflow/.local/lib/python3.10/site-packages/airflow/example_dags/example_trigger_target_dag.py
[2025-02-22T22:08:38.484+0000] {processor.py:839} INFO - DAG(s) dict_keys(['example_trigger_target_dag']) retrieved from /home/airflow/.local/lib/python3.10/site-packages/airflow/example_dags/example_trigger_target_dag.py
[2025-02-22T22:08:38.578+0000] {logging_mixin.py:154} INFO - [2025-02-22T22:08:38.578+0000] {dag.py:2941} INFO - Sync 1 DAGs
[2025-02-22T22:08:38.602+0000] {logging_mixin.py:154} INFO - [2025-02-22T22:08:38.602+0000] {dag.py:3722} INFO - Setting next_dagrun for example_trigger_target_dag to None, run_after=None
[2025-02-22T22:08:38.654+0000] {processor.py:179} INFO - Processing /home/airflow/.local/lib/python3.10/site-packages/airflow/example_dags/example_trigger_target_dag.py took 0.198 seconds
[2025-02-22T22:09:09.000+0000] {processor.py:157} INFO - Started process (PID=130) to work on /home/airflow/.local/lib/python3.10/site-packages/airflow/example_dags/example_trigger_target_dag.py
[2025-02-22T22:09:09.001+0000] {processor.py:829} INFO - Processing file /home/airflow/.local/lib/python3.10/site-packages/airflow/example_dags/example_trigger_target_dag.py for tasks to queue
[2025-02-22T22:09:09.003+0000] {logging_mixin.py:154} INFO - [2025-02-22T22:09:09.002+0000] {dagbag.py:536} INFO - Filling up the DagBag from /home/airflow/.local/lib/python3.10/site-packages/airflow/example_dags/example_trigger_target_dag.py
[2025-02-22T22:09:09.008+0000] {processor.py:839} INFO - DAG(s) dict_keys(['example_trigger_target_dag']) retrieved from /home/airflow/.local/lib/python3.10/site-packages/airflow/example_dags/example_trigger_target_dag.py
[2025-02-22T22:09:09.075+0000] {logging_mixin.py:154} INFO - [2025-02-22T22:09:09.075+0000] {dag.py:2941} INFO - Sync 1 DAGs
[2025-02-22T22:09:09.088+0000] {logging_mixin.py:154} INFO - [2025-02-22T22:09:09.088+0000] {dag.py:3722} INFO - Setting next_dagrun for example_trigger_target_dag to None, run_after=None
[2025-02-22T22:09:09.107+0000] {processor.py:179} INFO - Processing /home/airflow/.local/lib/python3.10/site-packages/airflow/example_dags/example_trigger_target_dag.py took 0.110 seconds
[2025-02-22T22:09:39.419+0000] {processor.py:157} INFO - Started process (PID=190) to work on /home/airflow/.local/lib/python3.10/site-packages/airflow/example_dags/example_trigger_target_dag.py
[2025-02-22T22:09:39.420+0000] {processor.py:829} INFO - Processing file /home/airflow/.local/lib/python3.10/site-packages/airflow/example_dags/example_trigger_target_dag.py for tasks to queue
[2025-02-22T22:09:39.421+0000] {logging_mixin.py:154} INFO - [2025-02-22T22:09:39.421+0000] {dagbag.py:536} INFO - Filling up the DagBag from /home/airflow/.local/lib/python3.10/site-packages/airflow/example_dags/example_trigger_target_dag.py
[2025-02-22T22:09:39.429+0000] {processor.py:839} INFO - DAG(s) dict_keys(['example_trigger_target_dag']) retrieved from /home/airflow/.local/lib/python3.10/site-packages/airflow/example_dags/example_trigger_target_dag.py
[2025-02-22T22:09:39.521+0000] {logging_mixin.py:154} INFO - [2025-02-22T22:09:39.521+0000] {dag.py:2941} INFO - Sync 1 DAGs
[2025-02-22T22:09:39.536+0000] {logging_mixin.py:154} INFO - [2025-02-22T22:09:39.536+0000] {dag.py:3722} INFO - Setting next_dagrun for example_trigger_target_dag to None, run_after=None
[2025-02-22T22:09:39.555+0000] {processor.py:179} INFO - Processing /home/airflow/.local/lib/python3.10/site-packages/airflow/example_dags/example_trigger_target_dag.py took 0.139 seconds
[2025-02-22T22:10:09.626+0000] {processor.py:157} INFO - Started process (PID=258) to work on /home/airflow/.local/lib/python3.10/site-packages/airflow/example_dags/example_trigger_target_dag.py
[2025-02-22T22:10:09.627+0000] {processor.py:829} INFO - Processing file /home/airflow/.local/lib/python3.10/site-packages/airflow/example_dags/example_trigger_target_dag.py for tasks to queue
[2025-02-22T22:10:09.629+0000] {logging_mixin.py:154} INFO - [2025-02-22T22:10:09.628+0000] {dagbag.py:536} INFO - Filling up the DagBag from /home/airflow/.local/lib/python3.10/site-packages/airflow/example_dags/example_trigger_target_dag.py
[2025-02-22T22:10:09.634+0000] {processor.py:839} INFO - DAG(s) dict_keys(['example_trigger_target_dag']) retrieved from /home/airflow/.local/lib/python3.10/site-packages/airflow/example_dags/example_trigger_target_dag.py
[2025-02-22T22:10:09.700+0000] {logging_mixin.py:154} INFO - [2025-02-22T22:10:09.700+0000] {dag.py:2941} INFO - Sync 1 DAGs
[2025-02-22T22:10:09.714+0000] {logging_mixin.py:154} INFO - [2025-02-22T22:10:09.713+0000] {dag.py:3722} INFO - Setting next_dagrun for example_trigger_target_dag to None, run_after=None
[2025-02-22T22:10:09.738+0000] {processor.py:179} INFO - Processing /home/airflow/.local/lib/python3.10/site-packages/airflow/example_dags/example_trigger_target_dag.py took 0.113 seconds
[2025-02-22T22:10:39.813+0000] {processor.py:157} INFO - Started process (PID=319) to work on /home/airflow/.local/lib/python3.10/site-packages/airflow/example_dags/example_trigger_target_dag.py
[2025-02-22T22:10:39.814+0000] {processor.py:829} INFO - Processing file /home/airflow/.local/lib/python3.10/site-packages/airflow/example_dags/example_trigger_target_dag.py for tasks to queue
[2025-02-22T22:10:39.815+0000] {logging_mixin.py:154} INFO - [2025-02-22T22:10:39.815+0000] {dagbag.py:536} INFO - Filling up the DagBag from /home/airflow/.local/lib/python3.10/site-packages/airflow/example_dags/example_trigger_target_dag.py
[2025-02-22T22:10:39.820+0000] {processor.py:839} INFO - DAG(s) dict_keys(['example_trigger_target_dag']) retrieved from /home/airflow/.local/lib/python3.10/site-packages/airflow/example_dags/example_trigger_target_dag.py
[2025-02-22T22:10:39.883+0000] {logging_mixin.py:154} INFO - [2025-02-22T22:10:39.882+0000] {dag.py:2941} INFO - Sync 1 DAGs
[2025-02-22T22:10:39.896+0000] {logging_mixin.py:154} INFO - [2025-02-22T22:10:39.896+0000] {dag.py:3722} INFO - Setting next_dagrun for example_trigger_target_dag to None, run_after=None
[2025-02-22T22:10:39.914+0000] {processor.py:179} INFO - Processing /home/airflow/.local/lib/python3.10/site-packages/airflow/example_dags/example_trigger_target_dag.py took 0.103 seconds
[2025-02-22T22:11:10.506+0000] {processor.py:157} INFO - Started process (PID=385) to work on /home/airflow/.local/lib/python3.10/site-packages/airflow/example_dags/example_trigger_target_dag.py
[2025-02-22T22:11:10.507+0000] {processor.py:829} INFO - Processing file /home/airflow/.local/lib/python3.10/site-packages/airflow/example_dags/example_trigger_target_dag.py for tasks to queue
[2025-02-22T22:11:10.509+0000] {logging_mixin.py:154} INFO - [2025-02-22T22:11:10.509+0000] {dagbag.py:536} INFO - Filling up the DagBag from /home/airflow/.local/lib/python3.10/site-packages/airflow/example_dags/example_trigger_target_dag.py
[2025-02-22T22:11:10.514+0000] {processor.py:839} INFO - DAG(s) dict_keys(['example_trigger_target_dag']) retrieved from /home/airflow/.local/lib/python3.10/site-packages/airflow/example_dags/example_trigger_target_dag.py
[2025-02-22T22:11:10.579+0000] {logging_mixin.py:154} INFO - [2025-02-22T22:11:10.578+0000] {dag.py:2941} INFO - Sync 1 DAGs
[2025-02-22T22:11:10.590+0000] {logging_mixin.py:154} INFO - [2025-02-22T22:11:10.590+0000] {dag.py:3722} INFO - Setting next_dagrun for example_trigger_target_dag to None, run_after=None
[2025-02-22T22:11:10.607+0000] {processor.py:179} INFO - Processing /home/airflow/.local/lib/python3.10/site-packages/airflow/example_dags/example_trigger_target_dag.py took 0.103 seconds
[2025-02-22T22:11:41.087+0000] {processor.py:157} INFO - Started process (PID=446) to work on /home/airflow/.local/lib/python3.10/site-packages/airflow/example_dags/example_trigger_target_dag.py
[2025-02-22T22:11:41.088+0000] {processor.py:829} INFO - Processing file /home/airflow/.local/lib/python3.10/site-packages/airflow/example_dags/example_trigger_target_dag.py for tasks to queue
[2025-02-22T22:11:41.089+0000] {logging_mixin.py:154} INFO - [2025-02-22T22:11:41.089+0000] {dagbag.py:536} INFO - Filling up the DagBag from /home/airflow/.local/lib/python3.10/site-packages/airflow/example_dags/example_trigger_target_dag.py
[2025-02-22T22:11:41.095+0000] {processor.py:839} INFO - DAG(s) dict_keys(['example_trigger_target_dag']) retrieved from /home/airflow/.local/lib/python3.10/site-packages/airflow/example_dags/example_trigger_target_dag.py
[2025-02-22T22:11:41.156+0000] {logging_mixin.py:154} INFO - [2025-02-22T22:11:41.156+0000] {dag.py:2941} INFO - Sync 1 DAGs
[2025-02-22T22:11:41.168+0000] {logging_mixin.py:154} INFO - [2025-02-22T22:11:41.167+0000] {dag.py:3722} INFO - Setting next_dagrun for example_trigger_target_dag to None, run_after=None
[2025-02-22T22:11:41.187+0000] {processor.py:179} INFO - Processing /home/airflow/.local/lib/python3.10/site-packages/airflow/example_dags/example_trigger_target_dag.py took 0.101 seconds
[2025-02-22T22:12:12.089+0000] {processor.py:157} INFO - Started process (PID=514) to work on /home/airflow/.local/lib/python3.10/site-packages/airflow/example_dags/example_trigger_target_dag.py
[2025-02-22T22:12:12.090+0000] {processor.py:829} INFO - Processing file /home/airflow/.local/lib/python3.10/site-packages/airflow/example_dags/example_trigger_target_dag.py for tasks to queue
[2025-02-22T22:12:12.091+0000] {logging_mixin.py:154} INFO - [2025-02-22T22:12:12.091+0000] {dagbag.py:536} INFO - Filling up the DagBag from /home/airflow/.local/lib/python3.10/site-packages/airflow/example_dags/example_trigger_target_dag.py
[2025-02-22T22:12:12.097+0000] {processor.py:839} INFO - DAG(s) dict_keys(['example_trigger_target_dag']) retrieved from /home/airflow/.local/lib/python3.10/site-packages/airflow/example_dags/example_trigger_target_dag.py
[2025-02-22T22:12:12.164+0000] {logging_mixin.py:154} INFO - [2025-02-22T22:12:12.164+0000] {dag.py:2941} INFO - Sync 1 DAGs
[2025-02-22T22:12:12.178+0000] {logging_mixin.py:154} INFO - [2025-02-22T22:12:12.178+0000] {dag.py:3722} INFO - Setting next_dagrun for example_trigger_target_dag to None, run_after=None
[2025-02-22T22:12:12.199+0000] {processor.py:179} INFO - Processing /home/airflow/.local/lib/python3.10/site-packages/airflow/example_dags/example_trigger_target_dag.py took 0.113 seconds
[2025-02-22T22:12:42.650+0000] {processor.py:157} INFO - Started process (PID=575) to work on /home/airflow/.local/lib/python3.10/site-packages/airflow/example_dags/example_trigger_target_dag.py
[2025-02-22T22:12:42.651+0000] {processor.py:829} INFO - Processing file /home/airflow/.local/lib/python3.10/site-packages/airflow/example_dags/example_trigger_target_dag.py for tasks to queue
[2025-02-22T22:12:42.653+0000] {logging_mixin.py:154} INFO - [2025-02-22T22:12:42.653+0000] {dagbag.py:536} INFO - Filling up the DagBag from /home/airflow/.local/lib/python3.10/site-packages/airflow/example_dags/example_trigger_target_dag.py
[2025-02-22T22:12:42.658+0000] {processor.py:839} INFO - DAG(s) dict_keys(['example_trigger_target_dag']) retrieved from /home/airflow/.local/lib/python3.10/site-packages/airflow/example_dags/example_trigger_target_dag.py
[2025-02-22T22:12:42.732+0000] {logging_mixin.py:154} INFO - [2025-02-22T22:12:42.731+0000] {dag.py:2941} INFO - Sync 1 DAGs
[2025-02-22T22:12:42.747+0000] {logging_mixin.py:154} INFO - [2025-02-22T22:12:42.746+0000] {dag.py:3722} INFO - Setting next_dagrun for example_trigger_target_dag to None, run_after=None
[2025-02-22T22:12:42.769+0000] {processor.py:179} INFO - Processing /home/airflow/.local/lib/python3.10/site-packages/airflow/example_dags/example_trigger_target_dag.py took 0.121 seconds
[2025-02-22T22:13:14.204+0000] {processor.py:157} INFO - Started process (PID=642) to work on /home/airflow/.local/lib/python3.10/site-packages/airflow/example_dags/example_trigger_target_dag.py
[2025-02-22T22:13:14.206+0000] {processor.py:829} INFO - Processing file /home/airflow/.local/lib/python3.10/site-packages/airflow/example_dags/example_trigger_target_dag.py for tasks to queue
[2025-02-22T22:13:14.208+0000] {logging_mixin.py:154} INFO - [2025-02-22T22:13:14.207+0000] {dagbag.py:536} INFO - Filling up the DagBag from /home/airflow/.local/lib/python3.10/site-packages/airflow/example_dags/example_trigger_target_dag.py
[2025-02-22T22:13:14.213+0000] {processor.py:839} INFO - DAG(s) dict_keys(['example_trigger_target_dag']) retrieved from /home/airflow/.local/lib/python3.10/site-packages/airflow/example_dags/example_trigger_target_dag.py
[2025-02-22T22:13:14.281+0000] {logging_mixin.py:154} INFO - [2025-02-22T22:13:14.280+0000] {dag.py:2941} INFO - Sync 1 DAGs
[2025-02-22T22:13:14.293+0000] {logging_mixin.py:154} INFO - [2025-02-22T22:13:14.293+0000] {dag.py:3722} INFO - Setting next_dagrun for example_trigger_target_dag to None, run_after=None
[2025-02-22T22:13:14.311+0000] {processor.py:179} INFO - Processing /home/airflow/.local/lib/python3.10/site-packages/airflow/example_dags/example_trigger_target_dag.py took 0.109 seconds
[2025-02-22T22:13:44.612+0000] {processor.py:157} INFO - Started process (PID=710) to work on /home/airflow/.local/lib/python3.10/site-packages/airflow/example_dags/example_trigger_target_dag.py
[2025-02-22T22:13:44.613+0000] {processor.py:829} INFO - Processing file /home/airflow/.local/lib/python3.10/site-packages/airflow/example_dags/example_trigger_target_dag.py for tasks to queue
[2025-02-22T22:13:44.617+0000] {logging_mixin.py:154} INFO - [2025-02-22T22:13:44.616+0000] {dagbag.py:536} INFO - Filling up the DagBag from /home/airflow/.local/lib/python3.10/site-packages/airflow/example_dags/example_trigger_target_dag.py
[2025-02-22T22:13:44.632+0000] {processor.py:839} INFO - DAG(s) dict_keys(['example_trigger_target_dag']) retrieved from /home/airflow/.local/lib/python3.10/site-packages/airflow/example_dags/example_trigger_target_dag.py
[2025-02-22T22:13:44.712+0000] {logging_mixin.py:154} INFO - [2025-02-22T22:13:44.712+0000] {dag.py:2941} INFO - Sync 1 DAGs
[2025-02-22T22:13:44.731+0000] {logging_mixin.py:154} INFO - [2025-02-22T22:13:44.731+0000] {dag.py:3722} INFO - Setting next_dagrun for example_trigger_target_dag to None, run_after=None
[2025-02-22T22:13:44.762+0000] {processor.py:179} INFO - Processing /home/airflow/.local/lib/python3.10/site-packages/airflow/example_dags/example_trigger_target_dag.py took 0.154 seconds
[2025-02-22T22:14:14.931+0000] {processor.py:157} INFO - Started process (PID=771) to work on /home/airflow/.local/lib/python3.10/site-packages/airflow/example_dags/example_trigger_target_dag.py
[2025-02-22T22:14:14.932+0000] {processor.py:829} INFO - Processing file /home/airflow/.local/lib/python3.10/site-packages/airflow/example_dags/example_trigger_target_dag.py for tasks to queue
[2025-02-22T22:14:14.933+0000] {logging_mixin.py:154} INFO - [2025-02-22T22:14:14.933+0000] {dagbag.py:536} INFO - Filling up the DagBag from /home/airflow/.local/lib/python3.10/site-packages/airflow/example_dags/example_trigger_target_dag.py
[2025-02-22T22:14:14.940+0000] {processor.py:839} INFO - DAG(s) dict_keys(['example_trigger_target_dag']) retrieved from /home/airflow/.local/lib/python3.10/site-packages/airflow/example_dags/example_trigger_target_dag.py
[2025-02-22T22:14:15.003+0000] {logging_mixin.py:154} INFO - [2025-02-22T22:14:15.003+0000] {dag.py:2941} INFO - Sync 1 DAGs
[2025-02-22T22:14:15.015+0000] {logging_mixin.py:154} INFO - [2025-02-22T22:14:15.015+0000] {dag.py:3722} INFO - Setting next_dagrun for example_trigger_target_dag to None, run_after=None
[2025-02-22T22:14:15.032+0000] {processor.py:179} INFO - Processing /home/airflow/.local/lib/python3.10/site-packages/airflow/example_dags/example_trigger_target_dag.py took 0.104 seconds
[2025-02-22T22:14:45.802+0000] {processor.py:157} INFO - Started process (PID=839) to work on /home/airflow/.local/lib/python3.10/site-packages/airflow/example_dags/example_trigger_target_dag.py
[2025-02-22T22:14:45.803+0000] {processor.py:829} INFO - Processing file /home/airflow/.local/lib/python3.10/site-packages/airflow/example_dags/example_trigger_target_dag.py for tasks to queue
[2025-02-22T22:14:45.805+0000] {logging_mixin.py:154} INFO - [2025-02-22T22:14:45.804+0000] {dagbag.py:536} INFO - Filling up the DagBag from /home/airflow/.local/lib/python3.10/site-packages/airflow/example_dags/example_trigger_target_dag.py
[2025-02-22T22:14:45.814+0000] {processor.py:839} INFO - DAG(s) dict_keys(['example_trigger_target_dag']) retrieved from /home/airflow/.local/lib/python3.10/site-packages/airflow/example_dags/example_trigger_target_dag.py
[2025-02-22T22:14:45.893+0000] {logging_mixin.py:154} INFO - [2025-02-22T22:14:45.892+0000] {dag.py:2941} INFO - Sync 1 DAGs
[2025-02-22T22:14:45.907+0000] {logging_mixin.py:154} INFO - [2025-02-22T22:14:45.906+0000] {dag.py:3722} INFO - Setting next_dagrun for example_trigger_target_dag to None, run_after=None
[2025-02-22T22:14:45.945+0000] {processor.py:179} INFO - Processing /home/airflow/.local/lib/python3.10/site-packages/airflow/example_dags/example_trigger_target_dag.py took 0.145 seconds
[2025-02-22T22:15:16.796+0000] {processor.py:157} INFO - Started process (PID=900) to work on /home/airflow/.local/lib/python3.10/site-packages/airflow/example_dags/example_trigger_target_dag.py
[2025-02-22T22:15:16.797+0000] {processor.py:829} INFO - Processing file /home/airflow/.local/lib/python3.10/site-packages/airflow/example_dags/example_trigger_target_dag.py for tasks to queue
[2025-02-22T22:15:16.798+0000] {logging_mixin.py:154} INFO - [2025-02-22T22:15:16.798+0000] {dagbag.py:536} INFO - Filling up the DagBag from /home/airflow/.local/lib/python3.10/site-packages/airflow/example_dags/example_trigger_target_dag.py
[2025-02-22T22:15:16.806+0000] {processor.py:839} INFO - DAG(s) dict_keys(['example_trigger_target_dag']) retrieved from /home/airflow/.local/lib/python3.10/site-packages/airflow/example_dags/example_trigger_target_dag.py
[2025-02-22T22:15:16.884+0000] {logging_mixin.py:154} INFO - [2025-02-22T22:15:16.884+0000] {dag.py:2941} INFO - Sync 1 DAGs
[2025-02-22T22:15:16.897+0000] {logging_mixin.py:154} INFO - [2025-02-22T22:15:16.897+0000] {dag.py:3722} INFO - Setting next_dagrun for example_trigger_target_dag to None, run_after=None
[2025-02-22T22:15:16.915+0000] {processor.py:179} INFO - Processing /home/airflow/.local/lib/python3.10/site-packages/airflow/example_dags/example_trigger_target_dag.py took 0.121 seconds
[2025-02-22T22:15:47.235+0000] {processor.py:157} INFO - Started process (PID=968) to work on /home/airflow/.local/lib/python3.10/site-packages/airflow/example_dags/example_trigger_target_dag.py
[2025-02-22T22:15:47.236+0000] {processor.py:829} INFO - Processing file /home/airflow/.local/lib/python3.10/site-packages/airflow/example_dags/example_trigger_target_dag.py for tasks to queue
[2025-02-22T22:15:47.237+0000] {logging_mixin.py:154} INFO - [2025-02-22T22:15:47.237+0000] {dagbag.py:536} INFO - Filling up the DagBag from /home/airflow/.local/lib/python3.10/site-packages/airflow/example_dags/example_trigger_target_dag.py
[2025-02-22T22:15:47.245+0000] {processor.py:839} INFO - DAG(s) dict_keys(['example_trigger_target_dag']) retrieved from /home/airflow/.local/lib/python3.10/site-packages/airflow/example_dags/example_trigger_target_dag.py
[2025-02-22T22:15:47.315+0000] {logging_mixin.py:154} INFO - [2025-02-22T22:15:47.315+0000] {dag.py:2941} INFO - Sync 1 DAGs
[2025-02-22T22:15:47.329+0000] {logging_mixin.py:154} INFO - [2025-02-22T22:15:47.329+0000] {dag.py:3722} INFO - Setting next_dagrun for example_trigger_target_dag to None, run_after=None
[2025-02-22T22:15:47.348+0000] {processor.py:179} INFO - Processing /home/airflow/.local/lib/python3.10/site-packages/airflow/example_dags/example_trigger_target_dag.py took 0.115 seconds
[2025-02-22T22:16:18.352+0000] {processor.py:157} INFO - Started process (PID=1029) to work on /home/airflow/.local/lib/python3.10/site-packages/airflow/example_dags/example_trigger_target_dag.py
[2025-02-22T22:16:18.353+0000] {processor.py:829} INFO - Processing file /home/airflow/.local/lib/python3.10/site-packages/airflow/example_dags/example_trigger_target_dag.py for tasks to queue
[2025-02-22T22:16:18.354+0000] {logging_mixin.py:154} INFO - [2025-02-22T22:16:18.354+0000] {dagbag.py:536} INFO - Filling up the DagBag from /home/airflow/.local/lib/python3.10/site-packages/airflow/example_dags/example_trigger_target_dag.py
[2025-02-22T22:16:18.361+0000] {processor.py:839} INFO - DAG(s) dict_keys(['example_trigger_target_dag']) retrieved from /home/airflow/.local/lib/python3.10/site-packages/airflow/example_dags/example_trigger_target_dag.py
[2025-02-22T22:16:18.438+0000] {logging_mixin.py:154} INFO - [2025-02-22T22:16:18.438+0000] {dag.py:2941} INFO - Sync 1 DAGs
[2025-02-22T22:16:18.459+0000] {logging_mixin.py:154} INFO - [2025-02-22T22:16:18.459+0000] {dag.py:3722} INFO - Setting next_dagrun for example_trigger_target_dag to None, run_after=None
[2025-02-22T22:16:18.484+0000] {processor.py:179} INFO - Processing /home/airflow/.local/lib/python3.10/site-packages/airflow/example_dags/example_trigger_target_dag.py took 0.135 seconds
[2025-02-22T22:16:48.898+0000] {processor.py:157} INFO - Started process (PID=1097) to work on /home/airflow/.local/lib/python3.10/site-packages/airflow/example_dags/example_trigger_target_dag.py
[2025-02-22T22:16:48.899+0000] {processor.py:829} INFO - Processing file /home/airflow/.local/lib/python3.10/site-packages/airflow/example_dags/example_trigger_target_dag.py for tasks to queue
[2025-02-22T22:16:48.901+0000] {logging_mixin.py:154} INFO - [2025-02-22T22:16:48.900+0000] {dagbag.py:536} INFO - Filling up the DagBag from /home/airflow/.local/lib/python3.10/site-packages/airflow/example_dags/example_trigger_target_dag.py
[2025-02-22T22:16:48.906+0000] {processor.py:839} INFO - DAG(s) dict_keys(['example_trigger_target_dag']) retrieved from /home/airflow/.local/lib/python3.10/site-packages/airflow/example_dags/example_trigger_target_dag.py
[2025-02-22T22:16:49.030+0000] {logging_mixin.py:154} INFO - [2025-02-22T22:16:49.029+0000] {dag.py:2941} INFO - Sync 1 DAGs
[2025-02-22T22:16:49.046+0000] {logging_mixin.py:154} INFO - [2025-02-22T22:16:49.046+0000] {dag.py:3722} INFO - Setting next_dagrun for example_trigger_target_dag to None, run_after=None
[2025-02-22T22:16:49.064+0000] {processor.py:179} INFO - Processing /home/airflow/.local/lib/python3.10/site-packages/airflow/example_dags/example_trigger_target_dag.py took 0.168 seconds
