[2025-02-22T21:47:17.472+0000] {processor.py:157} INFO - Started process (PID=60) to work on /home/airflow/.local/lib/python3.10/site-packages/airflow/example_dags/example_sensors.py
[2025-02-22T21:47:17.473+0000] {processor.py:829} INFO - Processing file /home/airflow/.local/lib/python3.10/site-packages/airflow/example_dags/example_sensors.py for tasks to queue
[2025-02-22T21:47:17.476+0000] {logging_mixin.py:154} INFO - [2025-02-22T21:47:17.476+0000] {dagbag.py:536} INFO - Filling up the DagBag from /home/airflow/.local/lib/python3.10/site-packages/airflow/example_dags/example_sensors.py
[2025-02-22T21:47:17.499+0000] {processor.py:839} INFO - DAG(s) dict_keys(['example_sensors']) retrieved from /home/airflow/.local/lib/python3.10/site-packages/airflow/example_dags/example_sensors.py
[2025-02-22T21:47:17.709+0000] {logging_mixin.py:154} INFO - [2025-02-22T21:47:17.709+0000] {manager.py:499} INFO - Created Permission View: %s
[2025-02-22T21:47:17.721+0000] {logging_mixin.py:154} INFO - [2025-02-22T21:47:17.721+0000] {manager.py:499} INFO - Created Permission View: %s
[2025-02-22T21:47:17.730+0000] {logging_mixin.py:154} INFO - [2025-02-22T21:47:17.730+0000] {manager.py:499} INFO - Created Permission View: %s
[2025-02-22T21:47:17.731+0000] {logging_mixin.py:154} INFO - [2025-02-22T21:47:17.731+0000] {dag.py:2941} INFO - Sync 1 DAGs
[2025-02-22T21:47:17.743+0000] {logging_mixin.py:154} INFO - [2025-02-22T21:47:17.743+0000] {dag.py:2963} INFO - Creating ORM DAG for example_sensors
[2025-02-22T21:47:17.745+0000] {logging_mixin.py:154} INFO - [2025-02-22T21:47:17.745+0000] {dag.py:3722} INFO - Setting next_dagrun for example_sensors to None, run_after=None
[2025-02-22T21:47:17.766+0000] {processor.py:179} INFO - Processing /home/airflow/.local/lib/python3.10/site-packages/airflow/example_dags/example_sensors.py took 0.297 seconds
[2025-02-22T21:48:59.343+0000] {processor.py:157} INFO - Started process (PID=60) to work on /home/airflow/.local/lib/python3.10/site-packages/airflow/example_dags/example_sensors.py
[2025-02-22T21:48:59.345+0000] {processor.py:829} INFO - Processing file /home/airflow/.local/lib/python3.10/site-packages/airflow/example_dags/example_sensors.py for tasks to queue
[2025-02-22T21:48:59.350+0000] {logging_mixin.py:154} INFO - [2025-02-22T21:48:59.349+0000] {dagbag.py:536} INFO - Filling up the DagBag from /home/airflow/.local/lib/python3.10/site-packages/airflow/example_dags/example_sensors.py
[2025-02-22T21:48:59.373+0000] {processor.py:839} INFO - DAG(s) dict_keys(['example_sensors']) retrieved from /home/airflow/.local/lib/python3.10/site-packages/airflow/example_dags/example_sensors.py
[2025-02-22T21:48:59.446+0000] {logging_mixin.py:154} INFO - [2025-02-22T21:48:59.446+0000] {dag.py:2941} INFO - Sync 1 DAGs
[2025-02-22T21:48:59.463+0000] {logging_mixin.py:154} INFO - [2025-02-22T21:48:59.463+0000] {dag.py:3722} INFO - Setting next_dagrun for example_sensors to None, run_after=None
[2025-02-22T21:48:59.483+0000] {processor.py:179} INFO - Processing /home/airflow/.local/lib/python3.10/site-packages/airflow/example_dags/example_sensors.py took 0.145 seconds
[2025-02-22T21:56:49.728+0000] {processor.py:157} INFO - Started process (PID=60) to work on /home/airflow/.local/lib/python3.10/site-packages/airflow/example_dags/example_sensors.py
[2025-02-22T21:56:49.730+0000] {processor.py:829} INFO - Processing file /home/airflow/.local/lib/python3.10/site-packages/airflow/example_dags/example_sensors.py for tasks to queue
[2025-02-22T21:56:49.733+0000] {logging_mixin.py:154} INFO - [2025-02-22T21:56:49.733+0000] {dagbag.py:536} INFO - Filling up the DagBag from /home/airflow/.local/lib/python3.10/site-packages/airflow/example_dags/example_sensors.py
[2025-02-22T21:56:49.750+0000] {processor.py:839} INFO - DAG(s) dict_keys(['example_sensors']) retrieved from /home/airflow/.local/lib/python3.10/site-packages/airflow/example_dags/example_sensors.py
[2025-02-22T21:56:49.827+0000] {logging_mixin.py:154} INFO - [2025-02-22T21:56:49.827+0000] {dag.py:2941} INFO - Sync 1 DAGs
[2025-02-22T21:56:49.845+0000] {logging_mixin.py:154} INFO - [2025-02-22T21:56:49.844+0000] {dag.py:3722} INFO - Setting next_dagrun for example_sensors to None, run_after=None
[2025-02-22T21:56:49.879+0000] {processor.py:179} INFO - Processing /home/airflow/.local/lib/python3.10/site-packages/airflow/example_dags/example_sensors.py took 0.153 seconds
[2025-02-22T21:57:20.549+0000] {processor.py:157} INFO - Started process (PID=128) to work on /home/airflow/.local/lib/python3.10/site-packages/airflow/example_dags/example_sensors.py
[2025-02-22T21:57:20.549+0000] {processor.py:829} INFO - Processing file /home/airflow/.local/lib/python3.10/site-packages/airflow/example_dags/example_sensors.py for tasks to queue
[2025-02-22T21:57:20.551+0000] {logging_mixin.py:154} INFO - [2025-02-22T21:57:20.551+0000] {dagbag.py:536} INFO - Filling up the DagBag from /home/airflow/.local/lib/python3.10/site-packages/airflow/example_dags/example_sensors.py
[2025-02-22T21:57:20.560+0000] {processor.py:839} INFO - DAG(s) dict_keys(['example_sensors']) retrieved from /home/airflow/.local/lib/python3.10/site-packages/airflow/example_dags/example_sensors.py
[2025-02-22T21:57:20.629+0000] {logging_mixin.py:154} INFO - [2025-02-22T21:57:20.628+0000] {dag.py:2941} INFO - Sync 1 DAGs
[2025-02-22T21:57:20.641+0000] {logging_mixin.py:154} INFO - [2025-02-22T21:57:20.641+0000] {dag.py:3722} INFO - Setting next_dagrun for example_sensors to None, run_after=None
[2025-02-22T21:57:20.659+0000] {processor.py:179} INFO - Processing /home/airflow/.local/lib/python3.10/site-packages/airflow/example_dags/example_sensors.py took 0.112 seconds
[2025-02-22T21:59:53.864+0000] {processor.py:157} INFO - Started process (PID=60) to work on /home/airflow/.local/lib/python3.10/site-packages/airflow/example_dags/example_sensors.py
[2025-02-22T21:59:53.866+0000] {processor.py:829} INFO - Processing file /home/airflow/.local/lib/python3.10/site-packages/airflow/example_dags/example_sensors.py for tasks to queue
[2025-02-22T21:59:53.869+0000] {logging_mixin.py:154} INFO - [2025-02-22T21:59:53.869+0000] {dagbag.py:536} INFO - Filling up the DagBag from /home/airflow/.local/lib/python3.10/site-packages/airflow/example_dags/example_sensors.py
[2025-02-22T21:59:53.900+0000] {processor.py:839} INFO - DAG(s) dict_keys(['example_sensors']) retrieved from /home/airflow/.local/lib/python3.10/site-packages/airflow/example_dags/example_sensors.py
[2025-02-22T21:59:54.020+0000] {logging_mixin.py:154} INFO - [2025-02-22T21:59:54.019+0000] {dag.py:2941} INFO - Sync 1 DAGs
[2025-02-22T21:59:54.053+0000] {logging_mixin.py:154} INFO - [2025-02-22T21:59:54.053+0000] {dag.py:3722} INFO - Setting next_dagrun for example_sensors to None, run_after=None
[2025-02-22T21:59:54.098+0000] {processor.py:179} INFO - Processing /home/airflow/.local/lib/python3.10/site-packages/airflow/example_dags/example_sensors.py took 0.239 seconds
[2025-02-22T22:00:24.359+0000] {processor.py:157} INFO - Started process (PID=128) to work on /home/airflow/.local/lib/python3.10/site-packages/airflow/example_dags/example_sensors.py
[2025-02-22T22:00:24.360+0000] {processor.py:829} INFO - Processing file /home/airflow/.local/lib/python3.10/site-packages/airflow/example_dags/example_sensors.py for tasks to queue
[2025-02-22T22:00:24.361+0000] {logging_mixin.py:154} INFO - [2025-02-22T22:00:24.361+0000] {dagbag.py:536} INFO - Filling up the DagBag from /home/airflow/.local/lib/python3.10/site-packages/airflow/example_dags/example_sensors.py
[2025-02-22T22:00:24.369+0000] {processor.py:839} INFO - DAG(s) dict_keys(['example_sensors']) retrieved from /home/airflow/.local/lib/python3.10/site-packages/airflow/example_dags/example_sensors.py
[2025-02-22T22:00:24.434+0000] {logging_mixin.py:154} INFO - [2025-02-22T22:00:24.434+0000] {dag.py:2941} INFO - Sync 1 DAGs
[2025-02-22T22:00:24.445+0000] {logging_mixin.py:154} INFO - [2025-02-22T22:00:24.445+0000] {dag.py:3722} INFO - Setting next_dagrun for example_sensors to None, run_after=None
[2025-02-22T22:00:24.472+0000] {processor.py:179} INFO - Processing /home/airflow/.local/lib/python3.10/site-packages/airflow/example_dags/example_sensors.py took 0.115 seconds
[2025-02-22T22:00:54.553+0000] {processor.py:157} INFO - Started process (PID=189) to work on /home/airflow/.local/lib/python3.10/site-packages/airflow/example_dags/example_sensors.py
[2025-02-22T22:00:54.555+0000] {processor.py:829} INFO - Processing file /home/airflow/.local/lib/python3.10/site-packages/airflow/example_dags/example_sensors.py for tasks to queue
[2025-02-22T22:00:54.556+0000] {logging_mixin.py:154} INFO - [2025-02-22T22:00:54.556+0000] {dagbag.py:536} INFO - Filling up the DagBag from /home/airflow/.local/lib/python3.10/site-packages/airflow/example_dags/example_sensors.py
[2025-02-22T22:00:54.563+0000] {processor.py:839} INFO - DAG(s) dict_keys(['example_sensors']) retrieved from /home/airflow/.local/lib/python3.10/site-packages/airflow/example_dags/example_sensors.py
[2025-02-22T22:00:54.631+0000] {logging_mixin.py:154} INFO - [2025-02-22T22:00:54.631+0000] {dag.py:2941} INFO - Sync 1 DAGs
[2025-02-22T22:00:54.645+0000] {logging_mixin.py:154} INFO - [2025-02-22T22:00:54.645+0000] {dag.py:3722} INFO - Setting next_dagrun for example_sensors to None, run_after=None
[2025-02-22T22:00:54.665+0000] {processor.py:179} INFO - Processing /home/airflow/.local/lib/python3.10/site-packages/airflow/example_dags/example_sensors.py took 0.114 seconds
[2025-02-22T22:01:25.044+0000] {processor.py:157} INFO - Started process (PID=257) to work on /home/airflow/.local/lib/python3.10/site-packages/airflow/example_dags/example_sensors.py
[2025-02-22T22:01:25.045+0000] {processor.py:829} INFO - Processing file /home/airflow/.local/lib/python3.10/site-packages/airflow/example_dags/example_sensors.py for tasks to queue
[2025-02-22T22:01:25.047+0000] {logging_mixin.py:154} INFO - [2025-02-22T22:01:25.046+0000] {dagbag.py:536} INFO - Filling up the DagBag from /home/airflow/.local/lib/python3.10/site-packages/airflow/example_dags/example_sensors.py
[2025-02-22T22:01:25.054+0000] {processor.py:839} INFO - DAG(s) dict_keys(['example_sensors']) retrieved from /home/airflow/.local/lib/python3.10/site-packages/airflow/example_dags/example_sensors.py
[2025-02-22T22:01:25.127+0000] {logging_mixin.py:154} INFO - [2025-02-22T22:01:25.127+0000] {dag.py:2941} INFO - Sync 1 DAGs
[2025-02-22T22:01:25.141+0000] {logging_mixin.py:154} INFO - [2025-02-22T22:01:25.141+0000] {dag.py:3722} INFO - Setting next_dagrun for example_sensors to None, run_after=None
[2025-02-22T22:01:25.159+0000] {processor.py:179} INFO - Processing /home/airflow/.local/lib/python3.10/site-packages/airflow/example_dags/example_sensors.py took 0.117 seconds
[2025-02-22T22:01:55.635+0000] {processor.py:157} INFO - Started process (PID=317) to work on /home/airflow/.local/lib/python3.10/site-packages/airflow/example_dags/example_sensors.py
[2025-02-22T22:01:55.636+0000] {processor.py:829} INFO - Processing file /home/airflow/.local/lib/python3.10/site-packages/airflow/example_dags/example_sensors.py for tasks to queue
[2025-02-22T22:01:55.637+0000] {logging_mixin.py:154} INFO - [2025-02-22T22:01:55.637+0000] {dagbag.py:536} INFO - Filling up the DagBag from /home/airflow/.local/lib/python3.10/site-packages/airflow/example_dags/example_sensors.py
[2025-02-22T22:01:55.644+0000] {processor.py:839} INFO - DAG(s) dict_keys(['example_sensors']) retrieved from /home/airflow/.local/lib/python3.10/site-packages/airflow/example_dags/example_sensors.py
[2025-02-22T22:01:55.721+0000] {logging_mixin.py:154} INFO - [2025-02-22T22:01:55.721+0000] {dag.py:2941} INFO - Sync 1 DAGs
[2025-02-22T22:01:55.737+0000] {logging_mixin.py:154} INFO - [2025-02-22T22:01:55.737+0000] {dag.py:3722} INFO - Setting next_dagrun for example_sensors to None, run_after=None
[2025-02-22T22:01:55.758+0000] {processor.py:179} INFO - Processing /home/airflow/.local/lib/python3.10/site-packages/airflow/example_dags/example_sensors.py took 0.126 seconds
[2025-02-22T22:02:26.557+0000] {processor.py:157} INFO - Started process (PID=384) to work on /home/airflow/.local/lib/python3.10/site-packages/airflow/example_dags/example_sensors.py
[2025-02-22T22:02:26.558+0000] {processor.py:829} INFO - Processing file /home/airflow/.local/lib/python3.10/site-packages/airflow/example_dags/example_sensors.py for tasks to queue
[2025-02-22T22:02:26.560+0000] {logging_mixin.py:154} INFO - [2025-02-22T22:02:26.560+0000] {dagbag.py:536} INFO - Filling up the DagBag from /home/airflow/.local/lib/python3.10/site-packages/airflow/example_dags/example_sensors.py
[2025-02-22T22:02:26.571+0000] {processor.py:839} INFO - DAG(s) dict_keys(['example_sensors']) retrieved from /home/airflow/.local/lib/python3.10/site-packages/airflow/example_dags/example_sensors.py
[2025-02-22T22:02:26.642+0000] {logging_mixin.py:154} INFO - [2025-02-22T22:02:26.642+0000] {dag.py:2941} INFO - Sync 1 DAGs
[2025-02-22T22:02:26.654+0000] {logging_mixin.py:154} INFO - [2025-02-22T22:02:26.654+0000] {dag.py:3722} INFO - Setting next_dagrun for example_sensors to None, run_after=None
[2025-02-22T22:02:26.671+0000] {processor.py:179} INFO - Processing /home/airflow/.local/lib/python3.10/site-packages/airflow/example_dags/example_sensors.py took 0.117 seconds
[2025-02-22T22:02:57.260+0000] {processor.py:157} INFO - Started process (PID=445) to work on /home/airflow/.local/lib/python3.10/site-packages/airflow/example_dags/example_sensors.py
[2025-02-22T22:02:57.261+0000] {processor.py:829} INFO - Processing file /home/airflow/.local/lib/python3.10/site-packages/airflow/example_dags/example_sensors.py for tasks to queue
[2025-02-22T22:02:57.262+0000] {logging_mixin.py:154} INFO - [2025-02-22T22:02:57.262+0000] {dagbag.py:536} INFO - Filling up the DagBag from /home/airflow/.local/lib/python3.10/site-packages/airflow/example_dags/example_sensors.py
[2025-02-22T22:02:57.270+0000] {processor.py:839} INFO - DAG(s) dict_keys(['example_sensors']) retrieved from /home/airflow/.local/lib/python3.10/site-packages/airflow/example_dags/example_sensors.py
[2025-02-22T22:02:57.348+0000] {logging_mixin.py:154} INFO - [2025-02-22T22:02:57.347+0000] {dag.py:2941} INFO - Sync 1 DAGs
[2025-02-22T22:02:57.361+0000] {logging_mixin.py:154} INFO - [2025-02-22T22:02:57.361+0000] {dag.py:3722} INFO - Setting next_dagrun for example_sensors to None, run_after=None
[2025-02-22T22:02:57.379+0000] {processor.py:179} INFO - Processing /home/airflow/.local/lib/python3.10/site-packages/airflow/example_dags/example_sensors.py took 0.121 seconds
[2025-02-22T22:03:42.434+0000] {processor.py:157} INFO - Started process (PID=61) to work on /home/airflow/.local/lib/python3.10/site-packages/airflow/example_dags/example_sensors.py
[2025-02-22T22:03:42.435+0000] {processor.py:829} INFO - Processing file /home/airflow/.local/lib/python3.10/site-packages/airflow/example_dags/example_sensors.py for tasks to queue
[2025-02-22T22:03:42.437+0000] {logging_mixin.py:154} INFO - [2025-02-22T22:03:42.437+0000] {dagbag.py:536} INFO - Filling up the DagBag from /home/airflow/.local/lib/python3.10/site-packages/airflow/example_dags/example_sensors.py
[2025-02-22T22:03:42.453+0000] {processor.py:839} INFO - DAG(s) dict_keys(['example_sensors']) retrieved from /home/airflow/.local/lib/python3.10/site-packages/airflow/example_dags/example_sensors.py
[2025-02-22T22:03:42.585+0000] {logging_mixin.py:154} INFO - [2025-02-22T22:03:42.584+0000] {dag.py:2941} INFO - Sync 1 DAGs
[2025-02-22T22:03:42.606+0000] {logging_mixin.py:154} INFO - [2025-02-22T22:03:42.606+0000] {dag.py:3722} INFO - Setting next_dagrun for example_sensors to None, run_after=None
[2025-02-22T22:03:42.630+0000] {processor.py:179} INFO - Processing /home/airflow/.local/lib/python3.10/site-packages/airflow/example_dags/example_sensors.py took 0.198 seconds
[2025-02-22T22:04:12.793+0000] {processor.py:157} INFO - Started process (PID=129) to work on /home/airflow/.local/lib/python3.10/site-packages/airflow/example_dags/example_sensors.py
[2025-02-22T22:04:12.795+0000] {processor.py:829} INFO - Processing file /home/airflow/.local/lib/python3.10/site-packages/airflow/example_dags/example_sensors.py for tasks to queue
[2025-02-22T22:04:12.798+0000] {logging_mixin.py:154} INFO - [2025-02-22T22:04:12.797+0000] {dagbag.py:536} INFO - Filling up the DagBag from /home/airflow/.local/lib/python3.10/site-packages/airflow/example_dags/example_sensors.py
[2025-02-22T22:04:12.808+0000] {processor.py:839} INFO - DAG(s) dict_keys(['example_sensors']) retrieved from /home/airflow/.local/lib/python3.10/site-packages/airflow/example_dags/example_sensors.py
[2025-02-22T22:04:12.878+0000] {logging_mixin.py:154} INFO - [2025-02-22T22:04:12.878+0000] {dag.py:2941} INFO - Sync 1 DAGs
[2025-02-22T22:04:12.891+0000] {logging_mixin.py:154} INFO - [2025-02-22T22:04:12.891+0000] {dag.py:3722} INFO - Setting next_dagrun for example_sensors to None, run_after=None
[2025-02-22T22:04:12.910+0000] {processor.py:179} INFO - Processing /home/airflow/.local/lib/python3.10/site-packages/airflow/example_dags/example_sensors.py took 0.120 seconds
[2025-02-22T22:04:43.060+0000] {processor.py:157} INFO - Started process (PID=190) to work on /home/airflow/.local/lib/python3.10/site-packages/airflow/example_dags/example_sensors.py
[2025-02-22T22:04:43.062+0000] {processor.py:829} INFO - Processing file /home/airflow/.local/lib/python3.10/site-packages/airflow/example_dags/example_sensors.py for tasks to queue
[2025-02-22T22:04:43.063+0000] {logging_mixin.py:154} INFO - [2025-02-22T22:04:43.063+0000] {dagbag.py:536} INFO - Filling up the DagBag from /home/airflow/.local/lib/python3.10/site-packages/airflow/example_dags/example_sensors.py
[2025-02-22T22:04:43.075+0000] {processor.py:839} INFO - DAG(s) dict_keys(['example_sensors']) retrieved from /home/airflow/.local/lib/python3.10/site-packages/airflow/example_dags/example_sensors.py
[2025-02-22T22:04:43.144+0000] {logging_mixin.py:154} INFO - [2025-02-22T22:04:43.144+0000] {dag.py:2941} INFO - Sync 1 DAGs
[2025-02-22T22:04:43.160+0000] {logging_mixin.py:154} INFO - [2025-02-22T22:04:43.160+0000] {dag.py:3722} INFO - Setting next_dagrun for example_sensors to None, run_after=None
[2025-02-22T22:04:43.181+0000] {processor.py:179} INFO - Processing /home/airflow/.local/lib/python3.10/site-packages/airflow/example_dags/example_sensors.py took 0.123 seconds
[2025-02-22T22:05:13.686+0000] {processor.py:157} INFO - Started process (PID=258) to work on /home/airflow/.local/lib/python3.10/site-packages/airflow/example_dags/example_sensors.py
[2025-02-22T22:05:13.687+0000] {processor.py:829} INFO - Processing file /home/airflow/.local/lib/python3.10/site-packages/airflow/example_dags/example_sensors.py for tasks to queue
[2025-02-22T22:05:13.688+0000] {logging_mixin.py:154} INFO - [2025-02-22T22:05:13.688+0000] {dagbag.py:536} INFO - Filling up the DagBag from /home/airflow/.local/lib/python3.10/site-packages/airflow/example_dags/example_sensors.py
[2025-02-22T22:05:13.696+0000] {processor.py:839} INFO - DAG(s) dict_keys(['example_sensors']) retrieved from /home/airflow/.local/lib/python3.10/site-packages/airflow/example_dags/example_sensors.py
[2025-02-22T22:05:13.772+0000] {logging_mixin.py:154} INFO - [2025-02-22T22:05:13.772+0000] {dag.py:2941} INFO - Sync 1 DAGs
[2025-02-22T22:05:13.788+0000] {logging_mixin.py:154} INFO - [2025-02-22T22:05:13.787+0000] {dag.py:3722} INFO - Setting next_dagrun for example_sensors to None, run_after=None
[2025-02-22T22:05:13.807+0000] {processor.py:179} INFO - Processing /home/airflow/.local/lib/python3.10/site-packages/airflow/example_dags/example_sensors.py took 0.123 seconds
[2025-02-22T22:05:44.270+0000] {processor.py:157} INFO - Started process (PID=319) to work on /home/airflow/.local/lib/python3.10/site-packages/airflow/example_dags/example_sensors.py
[2025-02-22T22:05:44.271+0000] {processor.py:829} INFO - Processing file /home/airflow/.local/lib/python3.10/site-packages/airflow/example_dags/example_sensors.py for tasks to queue
[2025-02-22T22:05:44.273+0000] {logging_mixin.py:154} INFO - [2025-02-22T22:05:44.273+0000] {dagbag.py:536} INFO - Filling up the DagBag from /home/airflow/.local/lib/python3.10/site-packages/airflow/example_dags/example_sensors.py
[2025-02-22T22:05:44.282+0000] {processor.py:839} INFO - DAG(s) dict_keys(['example_sensors']) retrieved from /home/airflow/.local/lib/python3.10/site-packages/airflow/example_dags/example_sensors.py
[2025-02-22T22:05:44.350+0000] {logging_mixin.py:154} INFO - [2025-02-22T22:05:44.350+0000] {dag.py:2941} INFO - Sync 1 DAGs
[2025-02-22T22:05:44.363+0000] {logging_mixin.py:154} INFO - [2025-02-22T22:05:44.363+0000] {dag.py:3722} INFO - Setting next_dagrun for example_sensors to None, run_after=None
[2025-02-22T22:05:44.383+0000] {processor.py:179} INFO - Processing /home/airflow/.local/lib/python3.10/site-packages/airflow/example_dags/example_sensors.py took 0.115 seconds
[2025-02-22T22:06:14.608+0000] {processor.py:157} INFO - Started process (PID=387) to work on /home/airflow/.local/lib/python3.10/site-packages/airflow/example_dags/example_sensors.py
[2025-02-22T22:06:14.609+0000] {processor.py:829} INFO - Processing file /home/airflow/.local/lib/python3.10/site-packages/airflow/example_dags/example_sensors.py for tasks to queue
[2025-02-22T22:06:14.610+0000] {logging_mixin.py:154} INFO - [2025-02-22T22:06:14.610+0000] {dagbag.py:536} INFO - Filling up the DagBag from /home/airflow/.local/lib/python3.10/site-packages/airflow/example_dags/example_sensors.py
[2025-02-22T22:06:14.618+0000] {processor.py:839} INFO - DAG(s) dict_keys(['example_sensors']) retrieved from /home/airflow/.local/lib/python3.10/site-packages/airflow/example_dags/example_sensors.py
[2025-02-22T22:06:14.695+0000] {logging_mixin.py:154} INFO - [2025-02-22T22:06:14.694+0000] {dag.py:2941} INFO - Sync 1 DAGs
[2025-02-22T22:06:14.708+0000] {logging_mixin.py:154} INFO - [2025-02-22T22:06:14.708+0000] {dag.py:3722} INFO - Setting next_dagrun for example_sensors to None, run_after=None
[2025-02-22T22:06:14.727+0000] {processor.py:179} INFO - Processing /home/airflow/.local/lib/python3.10/site-packages/airflow/example_dags/example_sensors.py took 0.122 seconds
[2025-02-22T22:06:45.205+0000] {processor.py:157} INFO - Started process (PID=448) to work on /home/airflow/.local/lib/python3.10/site-packages/airflow/example_dags/example_sensors.py
[2025-02-22T22:06:45.206+0000] {processor.py:829} INFO - Processing file /home/airflow/.local/lib/python3.10/site-packages/airflow/example_dags/example_sensors.py for tasks to queue
[2025-02-22T22:06:45.207+0000] {logging_mixin.py:154} INFO - [2025-02-22T22:06:45.207+0000] {dagbag.py:536} INFO - Filling up the DagBag from /home/airflow/.local/lib/python3.10/site-packages/airflow/example_dags/example_sensors.py
[2025-02-22T22:06:45.215+0000] {processor.py:839} INFO - DAG(s) dict_keys(['example_sensors']) retrieved from /home/airflow/.local/lib/python3.10/site-packages/airflow/example_dags/example_sensors.py
[2025-02-22T22:06:45.316+0000] {logging_mixin.py:154} INFO - [2025-02-22T22:06:45.315+0000] {dag.py:2941} INFO - Sync 1 DAGs
[2025-02-22T22:06:45.335+0000] {logging_mixin.py:154} INFO - [2025-02-22T22:06:45.334+0000] {dag.py:3722} INFO - Setting next_dagrun for example_sensors to None, run_after=None
[2025-02-22T22:06:45.357+0000] {processor.py:179} INFO - Processing /home/airflow/.local/lib/python3.10/site-packages/airflow/example_dags/example_sensors.py took 0.154 seconds
[2025-02-22T22:07:15.810+0000] {processor.py:157} INFO - Started process (PID=516) to work on /home/airflow/.local/lib/python3.10/site-packages/airflow/example_dags/example_sensors.py
[2025-02-22T22:07:15.812+0000] {processor.py:829} INFO - Processing file /home/airflow/.local/lib/python3.10/site-packages/airflow/example_dags/example_sensors.py for tasks to queue
[2025-02-22T22:07:15.815+0000] {logging_mixin.py:154} INFO - [2025-02-22T22:07:15.814+0000] {dagbag.py:536} INFO - Filling up the DagBag from /home/airflow/.local/lib/python3.10/site-packages/airflow/example_dags/example_sensors.py
[2025-02-22T22:07:15.824+0000] {processor.py:839} INFO - DAG(s) dict_keys(['example_sensors']) retrieved from /home/airflow/.local/lib/python3.10/site-packages/airflow/example_dags/example_sensors.py
[2025-02-22T22:07:15.911+0000] {logging_mixin.py:154} INFO - [2025-02-22T22:07:15.911+0000] {dag.py:2941} INFO - Sync 1 DAGs
[2025-02-22T22:07:15.930+0000] {logging_mixin.py:154} INFO - [2025-02-22T22:07:15.930+0000] {dag.py:3722} INFO - Setting next_dagrun for example_sensors to None, run_after=None
[2025-02-22T22:07:15.954+0000] {processor.py:179} INFO - Processing /home/airflow/.local/lib/python3.10/site-packages/airflow/example_dags/example_sensors.py took 0.147 seconds
[2025-02-22T22:07:46.354+0000] {processor.py:157} INFO - Started process (PID=577) to work on /home/airflow/.local/lib/python3.10/site-packages/airflow/example_dags/example_sensors.py
[2025-02-22T22:07:46.357+0000] {processor.py:829} INFO - Processing file /home/airflow/.local/lib/python3.10/site-packages/airflow/example_dags/example_sensors.py for tasks to queue
[2025-02-22T22:07:46.359+0000] {logging_mixin.py:154} INFO - [2025-02-22T22:07:46.358+0000] {dagbag.py:536} INFO - Filling up the DagBag from /home/airflow/.local/lib/python3.10/site-packages/airflow/example_dags/example_sensors.py
[2025-02-22T22:07:46.368+0000] {processor.py:839} INFO - DAG(s) dict_keys(['example_sensors']) retrieved from /home/airflow/.local/lib/python3.10/site-packages/airflow/example_dags/example_sensors.py
[2025-02-22T22:07:46.447+0000] {logging_mixin.py:154} INFO - [2025-02-22T22:07:46.446+0000] {dag.py:2941} INFO - Sync 1 DAGs
[2025-02-22T22:07:46.460+0000] {logging_mixin.py:154} INFO - [2025-02-22T22:07:46.460+0000] {dag.py:3722} INFO - Setting next_dagrun for example_sensors to None, run_after=None
[2025-02-22T22:07:46.482+0000] {processor.py:179} INFO - Processing /home/airflow/.local/lib/python3.10/site-packages/airflow/example_dags/example_sensors.py took 0.130 seconds
[2025-02-22T22:08:37.713+0000] {processor.py:157} INFO - Started process (PID=59) to work on /home/airflow/.local/lib/python3.10/site-packages/airflow/example_dags/example_sensors.py
[2025-02-22T22:08:37.716+0000] {processor.py:829} INFO - Processing file /home/airflow/.local/lib/python3.10/site-packages/airflow/example_dags/example_sensors.py for tasks to queue
[2025-02-22T22:08:37.719+0000] {logging_mixin.py:154} INFO - [2025-02-22T22:08:37.718+0000] {dagbag.py:536} INFO - Filling up the DagBag from /home/airflow/.local/lib/python3.10/site-packages/airflow/example_dags/example_sensors.py
[2025-02-22T22:08:37.759+0000] {processor.py:839} INFO - DAG(s) dict_keys(['example_sensors']) retrieved from /home/airflow/.local/lib/python3.10/site-packages/airflow/example_dags/example_sensors.py
[2025-02-22T22:08:38.016+0000] {logging_mixin.py:154} INFO - [2025-02-22T22:08:38.016+0000] {dag.py:2941} INFO - Sync 1 DAGs
[2025-02-22T22:08:38.081+0000] {logging_mixin.py:154} INFO - [2025-02-22T22:08:38.080+0000] {dag.py:3722} INFO - Setting next_dagrun for example_sensors to None, run_after=None
[2025-02-22T22:08:38.252+0000] {processor.py:179} INFO - Processing /home/airflow/.local/lib/python3.10/site-packages/airflow/example_dags/example_sensors.py took 0.543 seconds
[2025-02-22T22:09:08.811+0000] {processor.py:157} INFO - Started process (PID=127) to work on /home/airflow/.local/lib/python3.10/site-packages/airflow/example_dags/example_sensors.py
[2025-02-22T22:09:08.812+0000] {processor.py:829} INFO - Processing file /home/airflow/.local/lib/python3.10/site-packages/airflow/example_dags/example_sensors.py for tasks to queue
[2025-02-22T22:09:08.813+0000] {logging_mixin.py:154} INFO - [2025-02-22T22:09:08.813+0000] {dagbag.py:536} INFO - Filling up the DagBag from /home/airflow/.local/lib/python3.10/site-packages/airflow/example_dags/example_sensors.py
[2025-02-22T22:09:08.820+0000] {processor.py:839} INFO - DAG(s) dict_keys(['example_sensors']) retrieved from /home/airflow/.local/lib/python3.10/site-packages/airflow/example_dags/example_sensors.py
[2025-02-22T22:09:08.891+0000] {logging_mixin.py:154} INFO - [2025-02-22T22:09:08.891+0000] {dag.py:2941} INFO - Sync 1 DAGs
[2025-02-22T22:09:08.903+0000] {logging_mixin.py:154} INFO - [2025-02-22T22:09:08.903+0000] {dag.py:3722} INFO - Setting next_dagrun for example_sensors to None, run_after=None
[2025-02-22T22:09:08.920+0000] {processor.py:179} INFO - Processing /home/airflow/.local/lib/python3.10/site-packages/airflow/example_dags/example_sensors.py took 0.111 seconds
[2025-02-22T22:09:39.154+0000] {processor.py:157} INFO - Started process (PID=187) to work on /home/airflow/.local/lib/python3.10/site-packages/airflow/example_dags/example_sensors.py
[2025-02-22T22:09:39.156+0000] {processor.py:829} INFO - Processing file /home/airflow/.local/lib/python3.10/site-packages/airflow/example_dags/example_sensors.py for tasks to queue
[2025-02-22T22:09:39.159+0000] {logging_mixin.py:154} INFO - [2025-02-22T22:09:39.159+0000] {dagbag.py:536} INFO - Filling up the DagBag from /home/airflow/.local/lib/python3.10/site-packages/airflow/example_dags/example_sensors.py
[2025-02-22T22:09:39.173+0000] {processor.py:839} INFO - DAG(s) dict_keys(['example_sensors']) retrieved from /home/airflow/.local/lib/python3.10/site-packages/airflow/example_dags/example_sensors.py
[2025-02-22T22:09:39.258+0000] {logging_mixin.py:154} INFO - [2025-02-22T22:09:39.258+0000] {dag.py:2941} INFO - Sync 1 DAGs
[2025-02-22T22:09:39.273+0000] {logging_mixin.py:154} INFO - [2025-02-22T22:09:39.273+0000] {dag.py:3722} INFO - Setting next_dagrun for example_sensors to None, run_after=None
[2025-02-22T22:09:39.294+0000] {processor.py:179} INFO - Processing /home/airflow/.local/lib/python3.10/site-packages/airflow/example_dags/example_sensors.py took 0.144 seconds
[2025-02-22T22:10:09.321+0000] {processor.py:157} INFO - Started process (PID=255) to work on /home/airflow/.local/lib/python3.10/site-packages/airflow/example_dags/example_sensors.py
[2025-02-22T22:10:09.322+0000] {processor.py:829} INFO - Processing file /home/airflow/.local/lib/python3.10/site-packages/airflow/example_dags/example_sensors.py for tasks to queue
[2025-02-22T22:10:09.323+0000] {logging_mixin.py:154} INFO - [2025-02-22T22:10:09.323+0000] {dagbag.py:536} INFO - Filling up the DagBag from /home/airflow/.local/lib/python3.10/site-packages/airflow/example_dags/example_sensors.py
[2025-02-22T22:10:09.333+0000] {processor.py:839} INFO - DAG(s) dict_keys(['example_sensors']) retrieved from /home/airflow/.local/lib/python3.10/site-packages/airflow/example_dags/example_sensors.py
[2025-02-22T22:10:09.406+0000] {logging_mixin.py:154} INFO - [2025-02-22T22:10:09.406+0000] {dag.py:2941} INFO - Sync 1 DAGs
[2025-02-22T22:10:09.425+0000] {logging_mixin.py:154} INFO - [2025-02-22T22:10:09.425+0000] {dag.py:3722} INFO - Setting next_dagrun for example_sensors to None, run_after=None
[2025-02-22T22:10:09.457+0000] {processor.py:179} INFO - Processing /home/airflow/.local/lib/python3.10/site-packages/airflow/example_dags/example_sensors.py took 0.139 seconds
[2025-02-22T22:10:39.513+0000] {processor.py:157} INFO - Started process (PID=315) to work on /home/airflow/.local/lib/python3.10/site-packages/airflow/example_dags/example_sensors.py
[2025-02-22T22:10:39.514+0000] {processor.py:829} INFO - Processing file /home/airflow/.local/lib/python3.10/site-packages/airflow/example_dags/example_sensors.py for tasks to queue
[2025-02-22T22:10:39.515+0000] {logging_mixin.py:154} INFO - [2025-02-22T22:10:39.515+0000] {dagbag.py:536} INFO - Filling up the DagBag from /home/airflow/.local/lib/python3.10/site-packages/airflow/example_dags/example_sensors.py
[2025-02-22T22:10:39.525+0000] {processor.py:839} INFO - DAG(s) dict_keys(['example_sensors']) retrieved from /home/airflow/.local/lib/python3.10/site-packages/airflow/example_dags/example_sensors.py
[2025-02-22T22:10:39.593+0000] {logging_mixin.py:154} INFO - [2025-02-22T22:10:39.593+0000] {dag.py:2941} INFO - Sync 1 DAGs
[2025-02-22T22:10:39.604+0000] {logging_mixin.py:154} INFO - [2025-02-22T22:10:39.604+0000] {dag.py:3722} INFO - Setting next_dagrun for example_sensors to None, run_after=None
[2025-02-22T22:10:39.621+0000] {processor.py:179} INFO - Processing /home/airflow/.local/lib/python3.10/site-packages/airflow/example_dags/example_sensors.py took 0.111 seconds
[2025-02-22T22:11:10.150+0000] {processor.py:157} INFO - Started process (PID=382) to work on /home/airflow/.local/lib/python3.10/site-packages/airflow/example_dags/example_sensors.py
[2025-02-22T22:11:10.152+0000] {processor.py:829} INFO - Processing file /home/airflow/.local/lib/python3.10/site-packages/airflow/example_dags/example_sensors.py for tasks to queue
[2025-02-22T22:11:10.155+0000] {logging_mixin.py:154} INFO - [2025-02-22T22:11:10.154+0000] {dagbag.py:536} INFO - Filling up the DagBag from /home/airflow/.local/lib/python3.10/site-packages/airflow/example_dags/example_sensors.py
[2025-02-22T22:11:10.162+0000] {processor.py:839} INFO - DAG(s) dict_keys(['example_sensors']) retrieved from /home/airflow/.local/lib/python3.10/site-packages/airflow/example_dags/example_sensors.py
[2025-02-22T22:11:10.230+0000] {logging_mixin.py:154} INFO - [2025-02-22T22:11:10.230+0000] {dag.py:2941} INFO - Sync 1 DAGs
[2025-02-22T22:11:10.242+0000] {logging_mixin.py:154} INFO - [2025-02-22T22:11:10.242+0000] {dag.py:3722} INFO - Setting next_dagrun for example_sensors to None, run_after=None
[2025-02-22T22:11:10.259+0000] {processor.py:179} INFO - Processing /home/airflow/.local/lib/python3.10/site-packages/airflow/example_dags/example_sensors.py took 0.111 seconds
[2025-02-22T22:11:40.950+0000] {processor.py:157} INFO - Started process (PID=443) to work on /home/airflow/.local/lib/python3.10/site-packages/airflow/example_dags/example_sensors.py
[2025-02-22T22:11:40.951+0000] {processor.py:829} INFO - Processing file /home/airflow/.local/lib/python3.10/site-packages/airflow/example_dags/example_sensors.py for tasks to queue
[2025-02-22T22:11:40.953+0000] {logging_mixin.py:154} INFO - [2025-02-22T22:11:40.952+0000] {dagbag.py:536} INFO - Filling up the DagBag from /home/airflow/.local/lib/python3.10/site-packages/airflow/example_dags/example_sensors.py
[2025-02-22T22:11:40.963+0000] {processor.py:839} INFO - DAG(s) dict_keys(['example_sensors']) retrieved from /home/airflow/.local/lib/python3.10/site-packages/airflow/example_dags/example_sensors.py
[2025-02-22T22:11:41.031+0000] {logging_mixin.py:154} INFO - [2025-02-22T22:11:41.031+0000] {dag.py:2941} INFO - Sync 1 DAGs
[2025-02-22T22:11:41.043+0000] {logging_mixin.py:154} INFO - [2025-02-22T22:11:41.043+0000] {dag.py:3722} INFO - Setting next_dagrun for example_sensors to None, run_after=None
[2025-02-22T22:11:41.062+0000] {processor.py:179} INFO - Processing /home/airflow/.local/lib/python3.10/site-packages/airflow/example_dags/example_sensors.py took 0.114 seconds
[2025-02-22T22:12:11.922+0000] {processor.py:157} INFO - Started process (PID=511) to work on /home/airflow/.local/lib/python3.10/site-packages/airflow/example_dags/example_sensors.py
[2025-02-22T22:12:11.923+0000] {processor.py:829} INFO - Processing file /home/airflow/.local/lib/python3.10/site-packages/airflow/example_dags/example_sensors.py for tasks to queue
[2025-02-22T22:12:11.925+0000] {logging_mixin.py:154} INFO - [2025-02-22T22:12:11.924+0000] {dagbag.py:536} INFO - Filling up the DagBag from /home/airflow/.local/lib/python3.10/site-packages/airflow/example_dags/example_sensors.py
[2025-02-22T22:12:11.940+0000] {processor.py:839} INFO - DAG(s) dict_keys(['example_sensors']) retrieved from /home/airflow/.local/lib/python3.10/site-packages/airflow/example_dags/example_sensors.py
[2025-02-22T22:12:12.014+0000] {logging_mixin.py:154} INFO - [2025-02-22T22:12:12.013+0000] {dag.py:2941} INFO - Sync 1 DAGs
[2025-02-22T22:12:12.028+0000] {logging_mixin.py:154} INFO - [2025-02-22T22:12:12.028+0000] {dag.py:3722} INFO - Setting next_dagrun for example_sensors to None, run_after=None
[2025-02-22T22:12:12.054+0000] {processor.py:179} INFO - Processing /home/airflow/.local/lib/python3.10/site-packages/airflow/example_dags/example_sensors.py took 0.135 seconds
[2025-02-22T22:12:42.321+0000] {processor.py:157} INFO - Started process (PID=572) to work on /home/airflow/.local/lib/python3.10/site-packages/airflow/example_dags/example_sensors.py
[2025-02-22T22:12:42.322+0000] {processor.py:829} INFO - Processing file /home/airflow/.local/lib/python3.10/site-packages/airflow/example_dags/example_sensors.py for tasks to queue
[2025-02-22T22:12:42.324+0000] {logging_mixin.py:154} INFO - [2025-02-22T22:12:42.324+0000] {dagbag.py:536} INFO - Filling up the DagBag from /home/airflow/.local/lib/python3.10/site-packages/airflow/example_dags/example_sensors.py
[2025-02-22T22:12:42.331+0000] {processor.py:839} INFO - DAG(s) dict_keys(['example_sensors']) retrieved from /home/airflow/.local/lib/python3.10/site-packages/airflow/example_dags/example_sensors.py
[2025-02-22T22:12:42.406+0000] {logging_mixin.py:154} INFO - [2025-02-22T22:12:42.406+0000] {dag.py:2941} INFO - Sync 1 DAGs
[2025-02-22T22:12:42.424+0000] {logging_mixin.py:154} INFO - [2025-02-22T22:12:42.424+0000] {dag.py:3722} INFO - Setting next_dagrun for example_sensors to None, run_after=None
[2025-02-22T22:12:42.452+0000] {processor.py:179} INFO - Processing /home/airflow/.local/lib/python3.10/site-packages/airflow/example_dags/example_sensors.py took 0.133 seconds
[2025-02-22T22:13:13.937+0000] {processor.py:157} INFO - Started process (PID=639) to work on /home/airflow/.local/lib/python3.10/site-packages/airflow/example_dags/example_sensors.py
[2025-02-22T22:13:13.940+0000] {processor.py:829} INFO - Processing file /home/airflow/.local/lib/python3.10/site-packages/airflow/example_dags/example_sensors.py for tasks to queue
[2025-02-22T22:13:13.943+0000] {logging_mixin.py:154} INFO - [2025-02-22T22:13:13.943+0000] {dagbag.py:536} INFO - Filling up the DagBag from /home/airflow/.local/lib/python3.10/site-packages/airflow/example_dags/example_sensors.py
[2025-02-22T22:13:13.956+0000] {processor.py:839} INFO - DAG(s) dict_keys(['example_sensors']) retrieved from /home/airflow/.local/lib/python3.10/site-packages/airflow/example_dags/example_sensors.py
[2025-02-22T22:13:14.061+0000] {logging_mixin.py:154} INFO - [2025-02-22T22:13:14.061+0000] {dag.py:2941} INFO - Sync 1 DAGs
[2025-02-22T22:13:14.082+0000] {logging_mixin.py:154} INFO - [2025-02-22T22:13:14.082+0000] {dag.py:3722} INFO - Setting next_dagrun for example_sensors to None, run_after=None
[2025-02-22T22:13:14.112+0000] {processor.py:179} INFO - Processing /home/airflow/.local/lib/python3.10/site-packages/airflow/example_dags/example_sensors.py took 0.179 seconds
[2025-02-22T22:13:44.302+0000] {processor.py:157} INFO - Started process (PID=707) to work on /home/airflow/.local/lib/python3.10/site-packages/airflow/example_dags/example_sensors.py
[2025-02-22T22:13:44.302+0000] {processor.py:829} INFO - Processing file /home/airflow/.local/lib/python3.10/site-packages/airflow/example_dags/example_sensors.py for tasks to queue
[2025-02-22T22:13:44.304+0000] {logging_mixin.py:154} INFO - [2025-02-22T22:13:44.303+0000] {dagbag.py:536} INFO - Filling up the DagBag from /home/airflow/.local/lib/python3.10/site-packages/airflow/example_dags/example_sensors.py
[2025-02-22T22:13:44.312+0000] {processor.py:839} INFO - DAG(s) dict_keys(['example_sensors']) retrieved from /home/airflow/.local/lib/python3.10/site-packages/airflow/example_dags/example_sensors.py
[2025-02-22T22:13:44.384+0000] {logging_mixin.py:154} INFO - [2025-02-22T22:13:44.384+0000] {dag.py:2941} INFO - Sync 1 DAGs
[2025-02-22T22:13:44.398+0000] {logging_mixin.py:154} INFO - [2025-02-22T22:13:44.398+0000] {dag.py:3722} INFO - Setting next_dagrun for example_sensors to None, run_after=None
[2025-02-22T22:13:44.422+0000] {processor.py:179} INFO - Processing /home/airflow/.local/lib/python3.10/site-packages/airflow/example_dags/example_sensors.py took 0.122 seconds
[2025-02-22T22:14:14.678+0000] {processor.py:157} INFO - Started process (PID=768) to work on /home/airflow/.local/lib/python3.10/site-packages/airflow/example_dags/example_sensors.py
[2025-02-22T22:14:14.680+0000] {processor.py:829} INFO - Processing file /home/airflow/.local/lib/python3.10/site-packages/airflow/example_dags/example_sensors.py for tasks to queue
[2025-02-22T22:14:14.681+0000] {logging_mixin.py:154} INFO - [2025-02-22T22:14:14.681+0000] {dagbag.py:536} INFO - Filling up the DagBag from /home/airflow/.local/lib/python3.10/site-packages/airflow/example_dags/example_sensors.py
[2025-02-22T22:14:14.695+0000] {processor.py:839} INFO - DAG(s) dict_keys(['example_sensors']) retrieved from /home/airflow/.local/lib/python3.10/site-packages/airflow/example_dags/example_sensors.py
[2025-02-22T22:14:14.775+0000] {logging_mixin.py:154} INFO - [2025-02-22T22:14:14.775+0000] {dag.py:2941} INFO - Sync 1 DAGs
[2025-02-22T22:14:14.789+0000] {logging_mixin.py:154} INFO - [2025-02-22T22:14:14.789+0000] {dag.py:3722} INFO - Setting next_dagrun for example_sensors to None, run_after=None
[2025-02-22T22:14:14.808+0000] {processor.py:179} INFO - Processing /home/airflow/.local/lib/python3.10/site-packages/airflow/example_dags/example_sensors.py took 0.132 seconds
[2025-02-22T22:14:45.472+0000] {processor.py:157} INFO - Started process (PID=836) to work on /home/airflow/.local/lib/python3.10/site-packages/airflow/example_dags/example_sensors.py
[2025-02-22T22:14:45.474+0000] {processor.py:829} INFO - Processing file /home/airflow/.local/lib/python3.10/site-packages/airflow/example_dags/example_sensors.py for tasks to queue
[2025-02-22T22:14:45.477+0000] {logging_mixin.py:154} INFO - [2025-02-22T22:14:45.476+0000] {dagbag.py:536} INFO - Filling up the DagBag from /home/airflow/.local/lib/python3.10/site-packages/airflow/example_dags/example_sensors.py
[2025-02-22T22:14:45.486+0000] {processor.py:839} INFO - DAG(s) dict_keys(['example_sensors']) retrieved from /home/airflow/.local/lib/python3.10/site-packages/airflow/example_dags/example_sensors.py
[2025-02-22T22:14:45.606+0000] {logging_mixin.py:154} INFO - [2025-02-22T22:14:45.606+0000] {dag.py:2941} INFO - Sync 1 DAGs
[2025-02-22T22:14:45.632+0000] {logging_mixin.py:154} INFO - [2025-02-22T22:14:45.632+0000] {dag.py:3722} INFO - Setting next_dagrun for example_sensors to None, run_after=None
[2025-02-22T22:14:45.659+0000] {processor.py:179} INFO - Processing /home/airflow/.local/lib/python3.10/site-packages/airflow/example_dags/example_sensors.py took 0.191 seconds
[2025-02-22T22:15:16.589+0000] {processor.py:157} INFO - Started process (PID=897) to work on /home/airflow/.local/lib/python3.10/site-packages/airflow/example_dags/example_sensors.py
[2025-02-22T22:15:16.591+0000] {processor.py:829} INFO - Processing file /home/airflow/.local/lib/python3.10/site-packages/airflow/example_dags/example_sensors.py for tasks to queue
[2025-02-22T22:15:16.593+0000] {logging_mixin.py:154} INFO - [2025-02-22T22:15:16.593+0000] {dagbag.py:536} INFO - Filling up the DagBag from /home/airflow/.local/lib/python3.10/site-packages/airflow/example_dags/example_sensors.py
[2025-02-22T22:15:16.603+0000] {processor.py:839} INFO - DAG(s) dict_keys(['example_sensors']) retrieved from /home/airflow/.local/lib/python3.10/site-packages/airflow/example_dags/example_sensors.py
[2025-02-22T22:15:16.680+0000] {logging_mixin.py:154} INFO - [2025-02-22T22:15:16.679+0000] {dag.py:2941} INFO - Sync 1 DAGs
[2025-02-22T22:15:16.695+0000] {logging_mixin.py:154} INFO - [2025-02-22T22:15:16.694+0000] {dag.py:3722} INFO - Setting next_dagrun for example_sensors to None, run_after=None
[2025-02-22T22:15:16.719+0000] {processor.py:179} INFO - Processing /home/airflow/.local/lib/python3.10/site-packages/airflow/example_dags/example_sensors.py took 0.132 seconds
[2025-02-22T22:15:47.038+0000] {processor.py:157} INFO - Started process (PID=965) to work on /home/airflow/.local/lib/python3.10/site-packages/airflow/example_dags/example_sensors.py
[2025-02-22T22:15:47.040+0000] {processor.py:829} INFO - Processing file /home/airflow/.local/lib/python3.10/site-packages/airflow/example_dags/example_sensors.py for tasks to queue
[2025-02-22T22:15:47.041+0000] {logging_mixin.py:154} INFO - [2025-02-22T22:15:47.041+0000] {dagbag.py:536} INFO - Filling up the DagBag from /home/airflow/.local/lib/python3.10/site-packages/airflow/example_dags/example_sensors.py
[2025-02-22T22:15:47.051+0000] {processor.py:839} INFO - DAG(s) dict_keys(['example_sensors']) retrieved from /home/airflow/.local/lib/python3.10/site-packages/airflow/example_dags/example_sensors.py
[2025-02-22T22:15:47.122+0000] {logging_mixin.py:154} INFO - [2025-02-22T22:15:47.122+0000] {dag.py:2941} INFO - Sync 1 DAGs
[2025-02-22T22:15:47.135+0000] {logging_mixin.py:154} INFO - [2025-02-22T22:15:47.135+0000] {dag.py:3722} INFO - Setting next_dagrun for example_sensors to None, run_after=None
[2025-02-22T22:15:47.153+0000] {processor.py:179} INFO - Processing /home/airflow/.local/lib/python3.10/site-packages/airflow/example_dags/example_sensors.py took 0.117 seconds
[2025-02-22T22:16:18.089+0000] {processor.py:157} INFO - Started process (PID=1026) to work on /home/airflow/.local/lib/python3.10/site-packages/airflow/example_dags/example_sensors.py
[2025-02-22T22:16:18.091+0000] {processor.py:829} INFO - Processing file /home/airflow/.local/lib/python3.10/site-packages/airflow/example_dags/example_sensors.py for tasks to queue
[2025-02-22T22:16:18.092+0000] {logging_mixin.py:154} INFO - [2025-02-22T22:16:18.092+0000] {dagbag.py:536} INFO - Filling up the DagBag from /home/airflow/.local/lib/python3.10/site-packages/airflow/example_dags/example_sensors.py
[2025-02-22T22:16:18.101+0000] {processor.py:839} INFO - DAG(s) dict_keys(['example_sensors']) retrieved from /home/airflow/.local/lib/python3.10/site-packages/airflow/example_dags/example_sensors.py
[2025-02-22T22:16:18.209+0000] {logging_mixin.py:154} INFO - [2025-02-22T22:16:18.209+0000] {dag.py:2941} INFO - Sync 1 DAGs
[2025-02-22T22:16:18.238+0000] {logging_mixin.py:154} INFO - [2025-02-22T22:16:18.238+0000] {dag.py:3722} INFO - Setting next_dagrun for example_sensors to None, run_after=None
[2025-02-22T22:16:18.262+0000] {processor.py:179} INFO - Processing /home/airflow/.local/lib/python3.10/site-packages/airflow/example_dags/example_sensors.py took 0.175 seconds
[2025-02-22T22:16:48.736+0000] {processor.py:157} INFO - Started process (PID=1094) to work on /home/airflow/.local/lib/python3.10/site-packages/airflow/example_dags/example_sensors.py
[2025-02-22T22:16:48.737+0000] {processor.py:829} INFO - Processing file /home/airflow/.local/lib/python3.10/site-packages/airflow/example_dags/example_sensors.py for tasks to queue
[2025-02-22T22:16:48.739+0000] {logging_mixin.py:154} INFO - [2025-02-22T22:16:48.739+0000] {dagbag.py:536} INFO - Filling up the DagBag from /home/airflow/.local/lib/python3.10/site-packages/airflow/example_dags/example_sensors.py
[2025-02-22T22:16:48.746+0000] {processor.py:839} INFO - DAG(s) dict_keys(['example_sensors']) retrieved from /home/airflow/.local/lib/python3.10/site-packages/airflow/example_dags/example_sensors.py
[2025-02-22T22:16:48.814+0000] {logging_mixin.py:154} INFO - [2025-02-22T22:16:48.814+0000] {dag.py:2941} INFO - Sync 1 DAGs
[2025-02-22T22:16:48.827+0000] {logging_mixin.py:154} INFO - [2025-02-22T22:16:48.826+0000] {dag.py:3722} INFO - Setting next_dagrun for example_sensors to None, run_after=None
[2025-02-22T22:16:48.844+0000] {processor.py:179} INFO - Processing /home/airflow/.local/lib/python3.10/site-packages/airflow/example_dags/example_sensors.py took 0.109 seconds
