[2025-02-22T21:47:20.818+0000] {processor.py:157} INFO - Started process (PID=84) to work on /home/airflow/.local/lib/python3.10/site-packages/airflow/example_dags/example_branch_python_dop_operator_3.py
[2025-02-22T21:47:20.820+0000] {processor.py:829} INFO - Processing file /home/airflow/.local/lib/python3.10/site-packages/airflow/example_dags/example_branch_python_dop_operator_3.py for tasks to queue
[2025-02-22T21:47:20.822+0000] {logging_mixin.py:154} INFO - [2025-02-22T21:47:20.822+0000] {dagbag.py:536} INFO - Filling up the DagBag from /home/airflow/.local/lib/python3.10/site-packages/airflow/example_dags/example_branch_python_dop_operator_3.py
[2025-02-22T21:47:20.835+0000] {processor.py:839} INFO - DAG(s) dict_keys(['example_branch_dop_operator_v3']) retrieved from /home/airflow/.local/lib/python3.10/site-packages/airflow/example_dags/example_branch_python_dop_operator_3.py
[2025-02-22T21:47:21.052+0000] {logging_mixin.py:154} INFO - [2025-02-22T21:47:21.052+0000] {manager.py:499} INFO - Created Permission View: %s
[2025-02-22T21:47:21.062+0000] {logging_mixin.py:154} INFO - [2025-02-22T21:47:21.062+0000] {manager.py:499} INFO - Created Permission View: %s
[2025-02-22T21:47:21.068+0000] {logging_mixin.py:154} INFO - [2025-02-22T21:47:21.068+0000] {manager.py:499} INFO - Created Permission View: %s
[2025-02-22T21:47:21.071+0000] {logging_mixin.py:154} INFO - [2025-02-22T21:47:21.071+0000] {dag.py:2941} INFO - Sync 1 DAGs
[2025-02-22T21:47:21.082+0000] {logging_mixin.py:154} INFO - [2025-02-22T21:47:21.081+0000] {dag.py:2963} INFO - Creating ORM DAG for example_branch_dop_operator_v3
[2025-02-22T21:47:21.103+0000] {logging_mixin.py:154} INFO - [2025-02-22T21:47:21.103+0000] {dag.py:3722} INFO - Setting next_dagrun for example_branch_dop_operator_v3 to 2025-02-22T21:46:00+00:00, run_after=2025-02-22T21:47:00+00:00
[2025-02-22T21:47:21.123+0000] {processor.py:179} INFO - Processing /home/airflow/.local/lib/python3.10/site-packages/airflow/example_dags/example_branch_python_dop_operator_3.py took 0.307 seconds
[2025-02-22T21:49:00.953+0000] {processor.py:157} INFO - Started process (PID=77) to work on /home/airflow/.local/lib/python3.10/site-packages/airflow/example_dags/example_branch_python_dop_operator_3.py
[2025-02-22T21:49:00.955+0000] {processor.py:829} INFO - Processing file /home/airflow/.local/lib/python3.10/site-packages/airflow/example_dags/example_branch_python_dop_operator_3.py for tasks to queue
[2025-02-22T21:49:00.962+0000] {logging_mixin.py:154} INFO - [2025-02-22T21:49:00.961+0000] {dagbag.py:536} INFO - Filling up the DagBag from /home/airflow/.local/lib/python3.10/site-packages/airflow/example_dags/example_branch_python_dop_operator_3.py
[2025-02-22T21:49:00.977+0000] {processor.py:839} INFO - DAG(s) dict_keys(['example_branch_dop_operator_v3']) retrieved from /home/airflow/.local/lib/python3.10/site-packages/airflow/example_dags/example_branch_python_dop_operator_3.py
[2025-02-22T21:49:01.045+0000] {logging_mixin.py:154} INFO - [2025-02-22T21:49:01.045+0000] {dag.py:2941} INFO - Sync 1 DAGs
[2025-02-22T21:49:01.081+0000] {logging_mixin.py:154} INFO - [2025-02-22T21:49:01.080+0000] {dag.py:3722} INFO - Setting next_dagrun for example_branch_dop_operator_v3 to 2025-02-22T21:48:00+00:00, run_after=2025-02-22T21:49:00+00:00
[2025-02-22T21:49:01.105+0000] {processor.py:179} INFO - Processing /home/airflow/.local/lib/python3.10/site-packages/airflow/example_dags/example_branch_python_dop_operator_3.py took 0.154 seconds
[2025-02-22T21:56:51.787+0000] {processor.py:157} INFO - Started process (PID=84) to work on /home/airflow/.local/lib/python3.10/site-packages/airflow/example_dags/example_branch_python_dop_operator_3.py
[2025-02-22T21:56:51.791+0000] {processor.py:829} INFO - Processing file /home/airflow/.local/lib/python3.10/site-packages/airflow/example_dags/example_branch_python_dop_operator_3.py for tasks to queue
[2025-02-22T21:56:51.798+0000] {logging_mixin.py:154} INFO - [2025-02-22T21:56:51.797+0000] {dagbag.py:536} INFO - Filling up the DagBag from /home/airflow/.local/lib/python3.10/site-packages/airflow/example_dags/example_branch_python_dop_operator_3.py
[2025-02-22T21:56:51.827+0000] {processor.py:839} INFO - DAG(s) dict_keys(['example_branch_dop_operator_v3']) retrieved from /home/airflow/.local/lib/python3.10/site-packages/airflow/example_dags/example_branch_python_dop_operator_3.py
[2025-02-22T21:56:52.015+0000] {logging_mixin.py:154} INFO - [2025-02-22T21:56:52.009+0000] {dag.py:2941} INFO - Sync 1 DAGs
[2025-02-22T21:56:52.149+0000] {logging_mixin.py:154} INFO - [2025-02-22T21:56:52.148+0000] {dag.py:3722} INFO - Setting next_dagrun for example_branch_dop_operator_v3 to 2025-02-22T21:55:00+00:00, run_after=2025-02-22T21:56:00+00:00
[2025-02-22T21:56:52.214+0000] {processor.py:179} INFO - Processing /home/airflow/.local/lib/python3.10/site-packages/airflow/example_dags/example_branch_python_dop_operator_3.py took 0.430 seconds
[2025-02-22T21:57:22.913+0000] {processor.py:157} INFO - Started process (PID=145) to work on /home/airflow/.local/lib/python3.10/site-packages/airflow/example_dags/example_branch_python_dop_operator_3.py
[2025-02-22T21:57:22.915+0000] {processor.py:829} INFO - Processing file /home/airflow/.local/lib/python3.10/site-packages/airflow/example_dags/example_branch_python_dop_operator_3.py for tasks to queue
[2025-02-22T21:57:22.919+0000] {logging_mixin.py:154} INFO - [2025-02-22T21:57:22.919+0000] {dagbag.py:536} INFO - Filling up the DagBag from /home/airflow/.local/lib/python3.10/site-packages/airflow/example_dags/example_branch_python_dop_operator_3.py
[2025-02-22T21:57:22.934+0000] {processor.py:839} INFO - DAG(s) dict_keys(['example_branch_dop_operator_v3']) retrieved from /home/airflow/.local/lib/python3.10/site-packages/airflow/example_dags/example_branch_python_dop_operator_3.py
[2025-02-22T21:57:23.014+0000] {logging_mixin.py:154} INFO - [2025-02-22T21:57:23.013+0000] {dag.py:2941} INFO - Sync 1 DAGs
[2025-02-22T21:57:23.047+0000] {logging_mixin.py:154} INFO - [2025-02-22T21:57:23.047+0000] {dag.py:3722} INFO - Setting next_dagrun for example_branch_dop_operator_v3 to 2025-02-22T21:56:00+00:00, run_after=2025-02-22T21:57:00+00:00
[2025-02-22T21:57:23.069+0000] {processor.py:179} INFO - Processing /home/airflow/.local/lib/python3.10/site-packages/airflow/example_dags/example_branch_python_dop_operator_3.py took 0.162 seconds
[2025-02-22T21:59:56.298+0000] {processor.py:157} INFO - Started process (PID=84) to work on /home/airflow/.local/lib/python3.10/site-packages/airflow/example_dags/example_branch_python_dop_operator_3.py
[2025-02-22T21:59:56.300+0000] {processor.py:829} INFO - Processing file /home/airflow/.local/lib/python3.10/site-packages/airflow/example_dags/example_branch_python_dop_operator_3.py for tasks to queue
[2025-02-22T21:59:56.304+0000] {logging_mixin.py:154} INFO - [2025-02-22T21:59:56.303+0000] {dagbag.py:536} INFO - Filling up the DagBag from /home/airflow/.local/lib/python3.10/site-packages/airflow/example_dags/example_branch_python_dop_operator_3.py
[2025-02-22T21:59:56.317+0000] {processor.py:839} INFO - DAG(s) dict_keys(['example_branch_dop_operator_v3']) retrieved from /home/airflow/.local/lib/python3.10/site-packages/airflow/example_dags/example_branch_python_dop_operator_3.py
[2025-02-22T21:59:56.395+0000] {logging_mixin.py:154} INFO - [2025-02-22T21:59:56.394+0000] {dag.py:2941} INFO - Sync 1 DAGs
[2025-02-22T21:59:56.437+0000] {logging_mixin.py:154} INFO - [2025-02-22T21:59:56.437+0000] {dag.py:3722} INFO - Setting next_dagrun for example_branch_dop_operator_v3 to 2025-02-22T21:58:00+00:00, run_after=2025-02-22T21:59:00+00:00
[2025-02-22T21:59:56.488+0000] {processor.py:179} INFO - Processing /home/airflow/.local/lib/python3.10/site-packages/airflow/example_dags/example_branch_python_dop_operator_3.py took 0.195 seconds
[2025-02-22T22:00:27.321+0000] {processor.py:157} INFO - Started process (PID=145) to work on /home/airflow/.local/lib/python3.10/site-packages/airflow/example_dags/example_branch_python_dop_operator_3.py
[2025-02-22T22:00:27.322+0000] {processor.py:829} INFO - Processing file /home/airflow/.local/lib/python3.10/site-packages/airflow/example_dags/example_branch_python_dop_operator_3.py for tasks to queue
[2025-02-22T22:00:27.324+0000] {logging_mixin.py:154} INFO - [2025-02-22T22:00:27.323+0000] {dagbag.py:536} INFO - Filling up the DagBag from /home/airflow/.local/lib/python3.10/site-packages/airflow/example_dags/example_branch_python_dop_operator_3.py
[2025-02-22T22:00:27.331+0000] {processor.py:839} INFO - DAG(s) dict_keys(['example_branch_dop_operator_v3']) retrieved from /home/airflow/.local/lib/python3.10/site-packages/airflow/example_dags/example_branch_python_dop_operator_3.py
[2025-02-22T22:00:27.399+0000] {logging_mixin.py:154} INFO - [2025-02-22T22:00:27.399+0000] {dag.py:2941} INFO - Sync 1 DAGs
[2025-02-22T22:00:27.433+0000] {logging_mixin.py:154} INFO - [2025-02-22T22:00:27.433+0000] {dag.py:3722} INFO - Setting next_dagrun for example_branch_dop_operator_v3 to 2025-02-22T21:59:00+00:00, run_after=2025-02-22T22:00:00+00:00
[2025-02-22T22:00:27.453+0000] {processor.py:179} INFO - Processing /home/airflow/.local/lib/python3.10/site-packages/airflow/example_dags/example_branch_python_dop_operator_3.py took 0.134 seconds
[2025-02-22T22:00:57.767+0000] {processor.py:157} INFO - Started process (PID=206) to work on /home/airflow/.local/lib/python3.10/site-packages/airflow/example_dags/example_branch_python_dop_operator_3.py
[2025-02-22T22:00:57.768+0000] {processor.py:829} INFO - Processing file /home/airflow/.local/lib/python3.10/site-packages/airflow/example_dags/example_branch_python_dop_operator_3.py for tasks to queue
[2025-02-22T22:00:57.771+0000] {logging_mixin.py:154} INFO - [2025-02-22T22:00:57.770+0000] {dagbag.py:536} INFO - Filling up the DagBag from /home/airflow/.local/lib/python3.10/site-packages/airflow/example_dags/example_branch_python_dop_operator_3.py
[2025-02-22T22:00:57.782+0000] {processor.py:839} INFO - DAG(s) dict_keys(['example_branch_dop_operator_v3']) retrieved from /home/airflow/.local/lib/python3.10/site-packages/airflow/example_dags/example_branch_python_dop_operator_3.py
[2025-02-22T22:00:57.849+0000] {logging_mixin.py:154} INFO - [2025-02-22T22:00:57.849+0000] {dag.py:2941} INFO - Sync 1 DAGs
[2025-02-22T22:00:57.884+0000] {logging_mixin.py:154} INFO - [2025-02-22T22:00:57.884+0000] {dag.py:3722} INFO - Setting next_dagrun for example_branch_dop_operator_v3 to 2025-02-22T21:59:00+00:00, run_after=2025-02-22T22:00:00+00:00
[2025-02-22T22:00:57.902+0000] {processor.py:179} INFO - Processing /home/airflow/.local/lib/python3.10/site-packages/airflow/example_dags/example_branch_python_dop_operator_3.py took 0.138 seconds
[2025-02-22T22:01:28.164+0000] {processor.py:157} INFO - Started process (PID=274) to work on /home/airflow/.local/lib/python3.10/site-packages/airflow/example_dags/example_branch_python_dop_operator_3.py
[2025-02-22T22:01:28.165+0000] {processor.py:829} INFO - Processing file /home/airflow/.local/lib/python3.10/site-packages/airflow/example_dags/example_branch_python_dop_operator_3.py for tasks to queue
[2025-02-22T22:01:28.166+0000] {logging_mixin.py:154} INFO - [2025-02-22T22:01:28.166+0000] {dagbag.py:536} INFO - Filling up the DagBag from /home/airflow/.local/lib/python3.10/site-packages/airflow/example_dags/example_branch_python_dop_operator_3.py
[2025-02-22T22:01:28.175+0000] {processor.py:839} INFO - DAG(s) dict_keys(['example_branch_dop_operator_v3']) retrieved from /home/airflow/.local/lib/python3.10/site-packages/airflow/example_dags/example_branch_python_dop_operator_3.py
[2025-02-22T22:01:28.239+0000] {logging_mixin.py:154} INFO - [2025-02-22T22:01:28.238+0000] {dag.py:2941} INFO - Sync 1 DAGs
[2025-02-22T22:01:28.269+0000] {logging_mixin.py:154} INFO - [2025-02-22T22:01:28.269+0000] {dag.py:3722} INFO - Setting next_dagrun for example_branch_dop_operator_v3 to 2025-02-22T22:00:00+00:00, run_after=2025-02-22T22:01:00+00:00
[2025-02-22T22:01:28.289+0000] {processor.py:179} INFO - Processing /home/airflow/.local/lib/python3.10/site-packages/airflow/example_dags/example_branch_python_dop_operator_3.py took 0.127 seconds
[2025-02-22T22:01:59.037+0000] {processor.py:157} INFO - Started process (PID=340) to work on /home/airflow/.local/lib/python3.10/site-packages/airflow/example_dags/example_branch_python_dop_operator_3.py
[2025-02-22T22:01:59.038+0000] {processor.py:829} INFO - Processing file /home/airflow/.local/lib/python3.10/site-packages/airflow/example_dags/example_branch_python_dop_operator_3.py for tasks to queue
[2025-02-22T22:01:59.039+0000] {logging_mixin.py:154} INFO - [2025-02-22T22:01:59.039+0000] {dagbag.py:536} INFO - Filling up the DagBag from /home/airflow/.local/lib/python3.10/site-packages/airflow/example_dags/example_branch_python_dop_operator_3.py
[2025-02-22T22:01:59.050+0000] {processor.py:839} INFO - DAG(s) dict_keys(['example_branch_dop_operator_v3']) retrieved from /home/airflow/.local/lib/python3.10/site-packages/airflow/example_dags/example_branch_python_dop_operator_3.py
[2025-02-22T22:01:59.122+0000] {logging_mixin.py:154} INFO - [2025-02-22T22:01:59.122+0000] {dag.py:2941} INFO - Sync 1 DAGs
[2025-02-22T22:01:59.156+0000] {logging_mixin.py:154} INFO - [2025-02-22T22:01:59.155+0000] {dag.py:3722} INFO - Setting next_dagrun for example_branch_dop_operator_v3 to 2025-02-22T22:00:00+00:00, run_after=2025-02-22T22:01:00+00:00
[2025-02-22T22:01:59.174+0000] {processor.py:179} INFO - Processing /home/airflow/.local/lib/python3.10/site-packages/airflow/example_dags/example_branch_python_dop_operator_3.py took 0.140 seconds
[2025-02-22T22:02:29.763+0000] {processor.py:157} INFO - Started process (PID=401) to work on /home/airflow/.local/lib/python3.10/site-packages/airflow/example_dags/example_branch_python_dop_operator_3.py
[2025-02-22T22:02:29.764+0000] {processor.py:829} INFO - Processing file /home/airflow/.local/lib/python3.10/site-packages/airflow/example_dags/example_branch_python_dop_operator_3.py for tasks to queue
[2025-02-22T22:02:29.765+0000] {logging_mixin.py:154} INFO - [2025-02-22T22:02:29.765+0000] {dagbag.py:536} INFO - Filling up the DagBag from /home/airflow/.local/lib/python3.10/site-packages/airflow/example_dags/example_branch_python_dop_operator_3.py
[2025-02-22T22:02:29.774+0000] {processor.py:839} INFO - DAG(s) dict_keys(['example_branch_dop_operator_v3']) retrieved from /home/airflow/.local/lib/python3.10/site-packages/airflow/example_dags/example_branch_python_dop_operator_3.py
[2025-02-22T22:02:29.840+0000] {logging_mixin.py:154} INFO - [2025-02-22T22:02:29.840+0000] {dag.py:2941} INFO - Sync 1 DAGs
[2025-02-22T22:02:29.871+0000] {logging_mixin.py:154} INFO - [2025-02-22T22:02:29.871+0000] {dag.py:3722} INFO - Setting next_dagrun for example_branch_dop_operator_v3 to 2025-02-22T22:01:00+00:00, run_after=2025-02-22T22:02:00+00:00
[2025-02-22T22:02:29.891+0000] {processor.py:179} INFO - Processing /home/airflow/.local/lib/python3.10/site-packages/airflow/example_dags/example_branch_python_dop_operator_3.py took 0.130 seconds
[2025-02-22T22:03:44.540+0000] {processor.py:157} INFO - Started process (PID=85) to work on /home/airflow/.local/lib/python3.10/site-packages/airflow/example_dags/example_branch_python_dop_operator_3.py
[2025-02-22T22:03:44.543+0000] {processor.py:829} INFO - Processing file /home/airflow/.local/lib/python3.10/site-packages/airflow/example_dags/example_branch_python_dop_operator_3.py for tasks to queue
[2025-02-22T22:03:44.551+0000] {logging_mixin.py:154} INFO - [2025-02-22T22:03:44.551+0000] {dagbag.py:536} INFO - Filling up the DagBag from /home/airflow/.local/lib/python3.10/site-packages/airflow/example_dags/example_branch_python_dop_operator_3.py
[2025-02-22T22:03:44.569+0000] {processor.py:839} INFO - DAG(s) dict_keys(['example_branch_dop_operator_v3']) retrieved from /home/airflow/.local/lib/python3.10/site-packages/airflow/example_dags/example_branch_python_dop_operator_3.py
[2025-02-22T22:03:44.704+0000] {logging_mixin.py:154} INFO - [2025-02-22T22:03:44.703+0000] {dag.py:2941} INFO - Sync 1 DAGs
[2025-02-22T22:03:44.758+0000] {logging_mixin.py:154} INFO - [2025-02-22T22:03:44.756+0000] {dag.py:3722} INFO - Setting next_dagrun for example_branch_dop_operator_v3 to 2025-02-22T22:02:00+00:00, run_after=2025-02-22T22:03:00+00:00
[2025-02-22T22:03:44.851+0000] {processor.py:179} INFO - Processing /home/airflow/.local/lib/python3.10/site-packages/airflow/example_dags/example_branch_python_dop_operator_3.py took 0.313 seconds
[2025-02-22T22:04:15.154+0000] {processor.py:157} INFO - Started process (PID=146) to work on /home/airflow/.local/lib/python3.10/site-packages/airflow/example_dags/example_branch_python_dop_operator_3.py
[2025-02-22T22:04:15.155+0000] {processor.py:829} INFO - Processing file /home/airflow/.local/lib/python3.10/site-packages/airflow/example_dags/example_branch_python_dop_operator_3.py for tasks to queue
[2025-02-22T22:04:15.156+0000] {logging_mixin.py:154} INFO - [2025-02-22T22:04:15.156+0000] {dagbag.py:536} INFO - Filling up the DagBag from /home/airflow/.local/lib/python3.10/site-packages/airflow/example_dags/example_branch_python_dop_operator_3.py
[2025-02-22T22:04:15.164+0000] {processor.py:839} INFO - DAG(s) dict_keys(['example_branch_dop_operator_v3']) retrieved from /home/airflow/.local/lib/python3.10/site-packages/airflow/example_dags/example_branch_python_dop_operator_3.py
[2025-02-22T22:04:15.228+0000] {logging_mixin.py:154} INFO - [2025-02-22T22:04:15.228+0000] {dag.py:2941} INFO - Sync 1 DAGs
[2025-02-22T22:04:15.261+0000] {logging_mixin.py:154} INFO - [2025-02-22T22:04:15.260+0000] {dag.py:3722} INFO - Setting next_dagrun for example_branch_dop_operator_v3 to 2025-02-22T22:03:00+00:00, run_after=2025-02-22T22:04:00+00:00
[2025-02-22T22:04:15.283+0000] {processor.py:179} INFO - Processing /home/airflow/.local/lib/python3.10/site-packages/airflow/example_dags/example_branch_python_dop_operator_3.py took 0.131 seconds
[2025-02-22T22:04:45.343+0000] {processor.py:157} INFO - Started process (PID=207) to work on /home/airflow/.local/lib/python3.10/site-packages/airflow/example_dags/example_branch_python_dop_operator_3.py
[2025-02-22T22:04:45.344+0000] {processor.py:829} INFO - Processing file /home/airflow/.local/lib/python3.10/site-packages/airflow/example_dags/example_branch_python_dop_operator_3.py for tasks to queue
[2025-02-22T22:04:45.346+0000] {logging_mixin.py:154} INFO - [2025-02-22T22:04:45.345+0000] {dagbag.py:536} INFO - Filling up the DagBag from /home/airflow/.local/lib/python3.10/site-packages/airflow/example_dags/example_branch_python_dop_operator_3.py
[2025-02-22T22:04:45.354+0000] {processor.py:839} INFO - DAG(s) dict_keys(['example_branch_dop_operator_v3']) retrieved from /home/airflow/.local/lib/python3.10/site-packages/airflow/example_dags/example_branch_python_dop_operator_3.py
[2025-02-22T22:04:45.419+0000] {logging_mixin.py:154} INFO - [2025-02-22T22:04:45.419+0000] {dag.py:2941} INFO - Sync 1 DAGs
[2025-02-22T22:04:45.453+0000] {logging_mixin.py:154} INFO - [2025-02-22T22:04:45.453+0000] {dag.py:3722} INFO - Setting next_dagrun for example_branch_dop_operator_v3 to 2025-02-22T22:03:00+00:00, run_after=2025-02-22T22:04:00+00:00
[2025-02-22T22:04:45.482+0000] {processor.py:179} INFO - Processing /home/airflow/.local/lib/python3.10/site-packages/airflow/example_dags/example_branch_python_dop_operator_3.py took 0.140 seconds
[2025-02-22T22:05:16.090+0000] {processor.py:157} INFO - Started process (PID=275) to work on /home/airflow/.local/lib/python3.10/site-packages/airflow/example_dags/example_branch_python_dop_operator_3.py
[2025-02-22T22:05:16.091+0000] {processor.py:829} INFO - Processing file /home/airflow/.local/lib/python3.10/site-packages/airflow/example_dags/example_branch_python_dop_operator_3.py for tasks to queue
[2025-02-22T22:05:16.092+0000] {logging_mixin.py:154} INFO - [2025-02-22T22:05:16.092+0000] {dagbag.py:536} INFO - Filling up the DagBag from /home/airflow/.local/lib/python3.10/site-packages/airflow/example_dags/example_branch_python_dop_operator_3.py
[2025-02-22T22:05:16.101+0000] {processor.py:839} INFO - DAG(s) dict_keys(['example_branch_dop_operator_v3']) retrieved from /home/airflow/.local/lib/python3.10/site-packages/airflow/example_dags/example_branch_python_dop_operator_3.py
[2025-02-22T22:05:16.164+0000] {logging_mixin.py:154} INFO - [2025-02-22T22:05:16.164+0000] {dag.py:2941} INFO - Sync 1 DAGs
[2025-02-22T22:05:16.198+0000] {logging_mixin.py:154} INFO - [2025-02-22T22:05:16.197+0000] {dag.py:3722} INFO - Setting next_dagrun for example_branch_dop_operator_v3 to 2025-02-22T22:04:00+00:00, run_after=2025-02-22T22:05:00+00:00
[2025-02-22T22:05:16.218+0000] {processor.py:179} INFO - Processing /home/airflow/.local/lib/python3.10/site-packages/airflow/example_dags/example_branch_python_dop_operator_3.py took 0.130 seconds
[2025-02-22T22:05:46.479+0000] {processor.py:157} INFO - Started process (PID=336) to work on /home/airflow/.local/lib/python3.10/site-packages/airflow/example_dags/example_branch_python_dop_operator_3.py
[2025-02-22T22:05:46.483+0000] {processor.py:829} INFO - Processing file /home/airflow/.local/lib/python3.10/site-packages/airflow/example_dags/example_branch_python_dop_operator_3.py for tasks to queue
[2025-02-22T22:05:46.487+0000] {logging_mixin.py:154} INFO - [2025-02-22T22:05:46.486+0000] {dagbag.py:536} INFO - Filling up the DagBag from /home/airflow/.local/lib/python3.10/site-packages/airflow/example_dags/example_branch_python_dop_operator_3.py
[2025-02-22T22:05:46.495+0000] {processor.py:839} INFO - DAG(s) dict_keys(['example_branch_dop_operator_v3']) retrieved from /home/airflow/.local/lib/python3.10/site-packages/airflow/example_dags/example_branch_python_dop_operator_3.py
[2025-02-22T22:05:46.577+0000] {logging_mixin.py:154} INFO - [2025-02-22T22:05:46.577+0000] {dag.py:2941} INFO - Sync 1 DAGs
[2025-02-22T22:05:46.611+0000] {logging_mixin.py:154} INFO - [2025-02-22T22:05:46.610+0000] {dag.py:3722} INFO - Setting next_dagrun for example_branch_dop_operator_v3 to 2025-02-22T22:04:00+00:00, run_after=2025-02-22T22:05:00+00:00
[2025-02-22T22:05:46.631+0000] {processor.py:179} INFO - Processing /home/airflow/.local/lib/python3.10/site-packages/airflow/example_dags/example_branch_python_dop_operator_3.py took 0.154 seconds
[2025-02-22T22:06:16.884+0000] {processor.py:157} INFO - Started process (PID=404) to work on /home/airflow/.local/lib/python3.10/site-packages/airflow/example_dags/example_branch_python_dop_operator_3.py
[2025-02-22T22:06:16.886+0000] {processor.py:829} INFO - Processing file /home/airflow/.local/lib/python3.10/site-packages/airflow/example_dags/example_branch_python_dop_operator_3.py for tasks to queue
[2025-02-22T22:06:16.889+0000] {logging_mixin.py:154} INFO - [2025-02-22T22:06:16.888+0000] {dagbag.py:536} INFO - Filling up the DagBag from /home/airflow/.local/lib/python3.10/site-packages/airflow/example_dags/example_branch_python_dop_operator_3.py
[2025-02-22T22:06:16.902+0000] {processor.py:839} INFO - DAG(s) dict_keys(['example_branch_dop_operator_v3']) retrieved from /home/airflow/.local/lib/python3.10/site-packages/airflow/example_dags/example_branch_python_dop_operator_3.py
[2025-02-22T22:06:16.978+0000] {logging_mixin.py:154} INFO - [2025-02-22T22:06:16.977+0000] {dag.py:2941} INFO - Sync 1 DAGs
[2025-02-22T22:06:17.015+0000] {logging_mixin.py:154} INFO - [2025-02-22T22:06:17.014+0000] {dag.py:3722} INFO - Setting next_dagrun for example_branch_dop_operator_v3 to 2025-02-22T22:05:00+00:00, run_after=2025-02-22T22:06:00+00:00
[2025-02-22T22:06:17.035+0000] {processor.py:179} INFO - Processing /home/airflow/.local/lib/python3.10/site-packages/airflow/example_dags/example_branch_python_dop_operator_3.py took 0.152 seconds
[2025-02-22T22:06:47.771+0000] {processor.py:157} INFO - Started process (PID=472) to work on /home/airflow/.local/lib/python3.10/site-packages/airflow/example_dags/example_branch_python_dop_operator_3.py
[2025-02-22T22:06:47.773+0000] {processor.py:829} INFO - Processing file /home/airflow/.local/lib/python3.10/site-packages/airflow/example_dags/example_branch_python_dop_operator_3.py for tasks to queue
[2025-02-22T22:06:47.774+0000] {logging_mixin.py:154} INFO - [2025-02-22T22:06:47.774+0000] {dagbag.py:536} INFO - Filling up the DagBag from /home/airflow/.local/lib/python3.10/site-packages/airflow/example_dags/example_branch_python_dop_operator_3.py
[2025-02-22T22:06:47.782+0000] {processor.py:839} INFO - DAG(s) dict_keys(['example_branch_dop_operator_v3']) retrieved from /home/airflow/.local/lib/python3.10/site-packages/airflow/example_dags/example_branch_python_dop_operator_3.py
[2025-02-22T22:06:47.845+0000] {logging_mixin.py:154} INFO - [2025-02-22T22:06:47.845+0000] {dag.py:2941} INFO - Sync 1 DAGs
[2025-02-22T22:06:47.875+0000] {logging_mixin.py:154} INFO - [2025-02-22T22:06:47.875+0000] {dag.py:3722} INFO - Setting next_dagrun for example_branch_dop_operator_v3 to 2025-02-22T22:05:00+00:00, run_after=2025-02-22T22:06:00+00:00
[2025-02-22T22:06:47.898+0000] {processor.py:179} INFO - Processing /home/airflow/.local/lib/python3.10/site-packages/airflow/example_dags/example_branch_python_dop_operator_3.py took 0.128 seconds
[2025-02-22T22:07:18.270+0000] {processor.py:157} INFO - Started process (PID=533) to work on /home/airflow/.local/lib/python3.10/site-packages/airflow/example_dags/example_branch_python_dop_operator_3.py
[2025-02-22T22:07:18.271+0000] {processor.py:829} INFO - Processing file /home/airflow/.local/lib/python3.10/site-packages/airflow/example_dags/example_branch_python_dop_operator_3.py for tasks to queue
[2025-02-22T22:07:18.272+0000] {logging_mixin.py:154} INFO - [2025-02-22T22:07:18.272+0000] {dagbag.py:536} INFO - Filling up the DagBag from /home/airflow/.local/lib/python3.10/site-packages/airflow/example_dags/example_branch_python_dop_operator_3.py
[2025-02-22T22:07:18.280+0000] {processor.py:839} INFO - DAG(s) dict_keys(['example_branch_dop_operator_v3']) retrieved from /home/airflow/.local/lib/python3.10/site-packages/airflow/example_dags/example_branch_python_dop_operator_3.py
[2025-02-22T22:07:18.349+0000] {logging_mixin.py:154} INFO - [2025-02-22T22:07:18.349+0000] {dag.py:2941} INFO - Sync 1 DAGs
[2025-02-22T22:07:18.384+0000] {logging_mixin.py:154} INFO - [2025-02-22T22:07:18.383+0000] {dag.py:3722} INFO - Setting next_dagrun for example_branch_dop_operator_v3 to 2025-02-22T22:06:00+00:00, run_after=2025-02-22T22:07:00+00:00
[2025-02-22T22:07:18.407+0000] {processor.py:179} INFO - Processing /home/airflow/.local/lib/python3.10/site-packages/airflow/example_dags/example_branch_python_dop_operator_3.py took 0.140 seconds
[2025-02-22T22:07:48.853+0000] {processor.py:157} INFO - Started process (PID=601) to work on /home/airflow/.local/lib/python3.10/site-packages/airflow/example_dags/example_branch_python_dop_operator_3.py
[2025-02-22T22:07:48.855+0000] {processor.py:829} INFO - Processing file /home/airflow/.local/lib/python3.10/site-packages/airflow/example_dags/example_branch_python_dop_operator_3.py for tasks to queue
[2025-02-22T22:07:48.856+0000] {logging_mixin.py:154} INFO - [2025-02-22T22:07:48.856+0000] {dagbag.py:536} INFO - Filling up the DagBag from /home/airflow/.local/lib/python3.10/site-packages/airflow/example_dags/example_branch_python_dop_operator_3.py
[2025-02-22T22:07:48.865+0000] {processor.py:839} INFO - DAG(s) dict_keys(['example_branch_dop_operator_v3']) retrieved from /home/airflow/.local/lib/python3.10/site-packages/airflow/example_dags/example_branch_python_dop_operator_3.py
[2025-02-22T22:07:48.930+0000] {logging_mixin.py:154} INFO - [2025-02-22T22:07:48.930+0000] {dag.py:2941} INFO - Sync 1 DAGs
[2025-02-22T22:07:48.960+0000] {logging_mixin.py:154} INFO - [2025-02-22T22:07:48.960+0000] {dag.py:3722} INFO - Setting next_dagrun for example_branch_dop_operator_v3 to 2025-02-22T22:06:00+00:00, run_after=2025-02-22T22:07:00+00:00
[2025-02-22T22:07:48.985+0000] {processor.py:179} INFO - Processing /home/airflow/.local/lib/python3.10/site-packages/airflow/example_dags/example_branch_python_dop_operator_3.py took 0.134 seconds
[2025-02-22T22:08:40.384+0000] {processor.py:157} INFO - Started process (PID=83) to work on /home/airflow/.local/lib/python3.10/site-packages/airflow/example_dags/example_branch_python_dop_operator_3.py
[2025-02-22T22:08:40.388+0000] {processor.py:829} INFO - Processing file /home/airflow/.local/lib/python3.10/site-packages/airflow/example_dags/example_branch_python_dop_operator_3.py for tasks to queue
[2025-02-22T22:08:40.397+0000] {logging_mixin.py:154} INFO - [2025-02-22T22:08:40.396+0000] {dagbag.py:536} INFO - Filling up the DagBag from /home/airflow/.local/lib/python3.10/site-packages/airflow/example_dags/example_branch_python_dop_operator_3.py
[2025-02-22T22:08:40.417+0000] {processor.py:839} INFO - DAG(s) dict_keys(['example_branch_dop_operator_v3']) retrieved from /home/airflow/.local/lib/python3.10/site-packages/airflow/example_dags/example_branch_python_dop_operator_3.py
[2025-02-22T22:08:40.532+0000] {logging_mixin.py:154} INFO - [2025-02-22T22:08:40.532+0000] {dag.py:2941} INFO - Sync 1 DAGs
[2025-02-22T22:08:40.576+0000] {logging_mixin.py:154} INFO - [2025-02-22T22:08:40.576+0000] {dag.py:3722} INFO - Setting next_dagrun for example_branch_dop_operator_v3 to 2025-02-22T22:07:00+00:00, run_after=2025-02-22T22:08:00+00:00
[2025-02-22T22:08:40.623+0000] {processor.py:179} INFO - Processing /home/airflow/.local/lib/python3.10/site-packages/airflow/example_dags/example_branch_python_dop_operator_3.py took 0.246 seconds
[2025-02-22T22:09:11.541+0000] {processor.py:157} INFO - Started process (PID=144) to work on /home/airflow/.local/lib/python3.10/site-packages/airflow/example_dags/example_branch_python_dop_operator_3.py
[2025-02-22T22:09:11.543+0000] {processor.py:829} INFO - Processing file /home/airflow/.local/lib/python3.10/site-packages/airflow/example_dags/example_branch_python_dop_operator_3.py for tasks to queue
[2025-02-22T22:09:11.545+0000] {logging_mixin.py:154} INFO - [2025-02-22T22:09:11.544+0000] {dagbag.py:536} INFO - Filling up the DagBag from /home/airflow/.local/lib/python3.10/site-packages/airflow/example_dags/example_branch_python_dop_operator_3.py
[2025-02-22T22:09:11.556+0000] {processor.py:839} INFO - DAG(s) dict_keys(['example_branch_dop_operator_v3']) retrieved from /home/airflow/.local/lib/python3.10/site-packages/airflow/example_dags/example_branch_python_dop_operator_3.py
[2025-02-22T22:09:11.630+0000] {logging_mixin.py:154} INFO - [2025-02-22T22:09:11.630+0000] {dag.py:2941} INFO - Sync 1 DAGs
[2025-02-22T22:09:11.664+0000] {logging_mixin.py:154} INFO - [2025-02-22T22:09:11.663+0000] {dag.py:3722} INFO - Setting next_dagrun for example_branch_dop_operator_v3 to 2025-02-22T22:08:00+00:00, run_after=2025-02-22T22:09:00+00:00
[2025-02-22T22:09:11.685+0000] {processor.py:179} INFO - Processing /home/airflow/.local/lib/python3.10/site-packages/airflow/example_dags/example_branch_python_dop_operator_3.py took 0.147 seconds
[2025-02-22T22:09:41.898+0000] {processor.py:157} INFO - Started process (PID=211) to work on /home/airflow/.local/lib/python3.10/site-packages/airflow/example_dags/example_branch_python_dop_operator_3.py
[2025-02-22T22:09:41.907+0000] {processor.py:829} INFO - Processing file /home/airflow/.local/lib/python3.10/site-packages/airflow/example_dags/example_branch_python_dop_operator_3.py for tasks to queue
[2025-02-22T22:09:41.914+0000] {logging_mixin.py:154} INFO - [2025-02-22T22:09:41.914+0000] {dagbag.py:536} INFO - Filling up the DagBag from /home/airflow/.local/lib/python3.10/site-packages/airflow/example_dags/example_branch_python_dop_operator_3.py
[2025-02-22T22:09:41.941+0000] {processor.py:839} INFO - DAG(s) dict_keys(['example_branch_dop_operator_v3']) retrieved from /home/airflow/.local/lib/python3.10/site-packages/airflow/example_dags/example_branch_python_dop_operator_3.py
[2025-02-22T22:09:42.121+0000] {logging_mixin.py:154} INFO - [2025-02-22T22:09:42.119+0000] {dag.py:2941} INFO - Sync 1 DAGs
[2025-02-22T22:09:42.214+0000] {logging_mixin.py:154} INFO - [2025-02-22T22:09:42.214+0000] {dag.py:3722} INFO - Setting next_dagrun for example_branch_dop_operator_v3 to 2025-02-22T22:08:00+00:00, run_after=2025-02-22T22:09:00+00:00
[2025-02-22T22:09:42.265+0000] {processor.py:179} INFO - Processing /home/airflow/.local/lib/python3.10/site-packages/airflow/example_dags/example_branch_python_dop_operator_3.py took 0.375 seconds
[2025-02-22T22:10:12.976+0000] {processor.py:157} INFO - Started process (PID=272) to work on /home/airflow/.local/lib/python3.10/site-packages/airflow/example_dags/example_branch_python_dop_operator_3.py
[2025-02-22T22:10:12.979+0000] {processor.py:829} INFO - Processing file /home/airflow/.local/lib/python3.10/site-packages/airflow/example_dags/example_branch_python_dop_operator_3.py for tasks to queue
[2025-02-22T22:10:12.981+0000] {logging_mixin.py:154} INFO - [2025-02-22T22:10:12.981+0000] {dagbag.py:536} INFO - Filling up the DagBag from /home/airflow/.local/lib/python3.10/site-packages/airflow/example_dags/example_branch_python_dop_operator_3.py
[2025-02-22T22:10:12.991+0000] {processor.py:839} INFO - DAG(s) dict_keys(['example_branch_dop_operator_v3']) retrieved from /home/airflow/.local/lib/python3.10/site-packages/airflow/example_dags/example_branch_python_dop_operator_3.py
[2025-02-22T22:10:13.060+0000] {logging_mixin.py:154} INFO - [2025-02-22T22:10:13.060+0000] {dag.py:2941} INFO - Sync 1 DAGs
[2025-02-22T22:10:13.095+0000] {logging_mixin.py:154} INFO - [2025-02-22T22:10:13.095+0000] {dag.py:3722} INFO - Setting next_dagrun for example_branch_dop_operator_v3 to 2025-02-22T22:09:00+00:00, run_after=2025-02-22T22:10:00+00:00
[2025-02-22T22:10:13.119+0000] {processor.py:179} INFO - Processing /home/airflow/.local/lib/python3.10/site-packages/airflow/example_dags/example_branch_python_dop_operator_3.py took 0.146 seconds
[2025-02-22T22:10:43.231+0000] {processor.py:157} INFO - Started process (PID=339) to work on /home/airflow/.local/lib/python3.10/site-packages/airflow/example_dags/example_branch_python_dop_operator_3.py
[2025-02-22T22:10:43.233+0000] {processor.py:829} INFO - Processing file /home/airflow/.local/lib/python3.10/site-packages/airflow/example_dags/example_branch_python_dop_operator_3.py for tasks to queue
[2025-02-22T22:10:43.237+0000] {logging_mixin.py:154} INFO - [2025-02-22T22:10:43.236+0000] {dagbag.py:536} INFO - Filling up the DagBag from /home/airflow/.local/lib/python3.10/site-packages/airflow/example_dags/example_branch_python_dop_operator_3.py
[2025-02-22T22:10:43.261+0000] {processor.py:839} INFO - DAG(s) dict_keys(['example_branch_dop_operator_v3']) retrieved from /home/airflow/.local/lib/python3.10/site-packages/airflow/example_dags/example_branch_python_dop_operator_3.py
[2025-02-22T22:10:43.378+0000] {logging_mixin.py:154} INFO - [2025-02-22T22:10:43.378+0000] {dag.py:2941} INFO - Sync 1 DAGs
[2025-02-22T22:10:43.437+0000] {logging_mixin.py:154} INFO - [2025-02-22T22:10:43.437+0000] {dag.py:3722} INFO - Setting next_dagrun for example_branch_dop_operator_v3 to 2025-02-22T22:09:00+00:00, run_after=2025-02-22T22:10:00+00:00
[2025-02-22T22:10:43.483+0000] {processor.py:179} INFO - Processing /home/airflow/.local/lib/python3.10/site-packages/airflow/example_dags/example_branch_python_dop_operator_3.py took 0.256 seconds
[2025-02-22T22:11:14.491+0000] {processor.py:157} INFO - Started process (PID=399) to work on /home/airflow/.local/lib/python3.10/site-packages/airflow/example_dags/example_branch_python_dop_operator_3.py
[2025-02-22T22:11:14.494+0000] {processor.py:829} INFO - Processing file /home/airflow/.local/lib/python3.10/site-packages/airflow/example_dags/example_branch_python_dop_operator_3.py for tasks to queue
[2025-02-22T22:11:14.496+0000] {logging_mixin.py:154} INFO - [2025-02-22T22:11:14.496+0000] {dagbag.py:536} INFO - Filling up the DagBag from /home/airflow/.local/lib/python3.10/site-packages/airflow/example_dags/example_branch_python_dop_operator_3.py
[2025-02-22T22:11:14.507+0000] {processor.py:839} INFO - DAG(s) dict_keys(['example_branch_dop_operator_v3']) retrieved from /home/airflow/.local/lib/python3.10/site-packages/airflow/example_dags/example_branch_python_dop_operator_3.py
[2025-02-22T22:11:14.592+0000] {logging_mixin.py:154} INFO - [2025-02-22T22:11:14.592+0000] {dag.py:2941} INFO - Sync 1 DAGs
[2025-02-22T22:11:14.630+0000] {logging_mixin.py:154} INFO - [2025-02-22T22:11:14.629+0000] {dag.py:3722} INFO - Setting next_dagrun for example_branch_dop_operator_v3 to 2025-02-22T22:10:00+00:00, run_after=2025-02-22T22:11:00+00:00
[2025-02-22T22:11:14.652+0000] {processor.py:179} INFO - Processing /home/airflow/.local/lib/python3.10/site-packages/airflow/example_dags/example_branch_python_dop_operator_3.py took 0.164 seconds
[2025-02-22T22:11:45.357+0000] {processor.py:157} INFO - Started process (PID=467) to work on /home/airflow/.local/lib/python3.10/site-packages/airflow/example_dags/example_branch_python_dop_operator_3.py
[2025-02-22T22:11:45.362+0000] {processor.py:829} INFO - Processing file /home/airflow/.local/lib/python3.10/site-packages/airflow/example_dags/example_branch_python_dop_operator_3.py for tasks to queue
[2025-02-22T22:11:45.365+0000] {logging_mixin.py:154} INFO - [2025-02-22T22:11:45.365+0000] {dagbag.py:536} INFO - Filling up the DagBag from /home/airflow/.local/lib/python3.10/site-packages/airflow/example_dags/example_branch_python_dop_operator_3.py
[2025-02-22T22:11:45.382+0000] {processor.py:839} INFO - DAG(s) dict_keys(['example_branch_dop_operator_v3']) retrieved from /home/airflow/.local/lib/python3.10/site-packages/airflow/example_dags/example_branch_python_dop_operator_3.py
[2025-02-22T22:11:45.460+0000] {logging_mixin.py:154} INFO - [2025-02-22T22:11:45.460+0000] {dag.py:2941} INFO - Sync 1 DAGs
[2025-02-22T22:11:45.496+0000] {logging_mixin.py:154} INFO - [2025-02-22T22:11:45.496+0000] {dag.py:3722} INFO - Setting next_dagrun for example_branch_dop_operator_v3 to 2025-02-22T22:10:00+00:00, run_after=2025-02-22T22:11:00+00:00
[2025-02-22T22:11:45.518+0000] {processor.py:179} INFO - Processing /home/airflow/.local/lib/python3.10/site-packages/airflow/example_dags/example_branch_python_dop_operator_3.py took 0.167 seconds
[2025-02-22T22:12:16.145+0000] {processor.py:157} INFO - Started process (PID=528) to work on /home/airflow/.local/lib/python3.10/site-packages/airflow/example_dags/example_branch_python_dop_operator_3.py
[2025-02-22T22:12:16.148+0000] {processor.py:829} INFO - Processing file /home/airflow/.local/lib/python3.10/site-packages/airflow/example_dags/example_branch_python_dop_operator_3.py for tasks to queue
[2025-02-22T22:12:16.152+0000] {logging_mixin.py:154} INFO - [2025-02-22T22:12:16.151+0000] {dagbag.py:536} INFO - Filling up the DagBag from /home/airflow/.local/lib/python3.10/site-packages/airflow/example_dags/example_branch_python_dop_operator_3.py
[2025-02-22T22:12:16.167+0000] {processor.py:839} INFO - DAG(s) dict_keys(['example_branch_dop_operator_v3']) retrieved from /home/airflow/.local/lib/python3.10/site-packages/airflow/example_dags/example_branch_python_dop_operator_3.py
[2025-02-22T22:12:16.244+0000] {logging_mixin.py:154} INFO - [2025-02-22T22:12:16.244+0000] {dag.py:2941} INFO - Sync 1 DAGs
[2025-02-22T22:12:16.284+0000] {logging_mixin.py:154} INFO - [2025-02-22T22:12:16.283+0000] {dag.py:3722} INFO - Setting next_dagrun for example_branch_dop_operator_v3 to 2025-02-22T22:11:00+00:00, run_after=2025-02-22T22:12:00+00:00
[2025-02-22T22:12:16.309+0000] {processor.py:179} INFO - Processing /home/airflow/.local/lib/python3.10/site-packages/airflow/example_dags/example_branch_python_dop_operator_3.py took 0.170 seconds
[2025-02-22T22:12:46.616+0000] {processor.py:157} INFO - Started process (PID=595) to work on /home/airflow/.local/lib/python3.10/site-packages/airflow/example_dags/example_branch_python_dop_operator_3.py
[2025-02-22T22:12:46.617+0000] {processor.py:829} INFO - Processing file /home/airflow/.local/lib/python3.10/site-packages/airflow/example_dags/example_branch_python_dop_operator_3.py for tasks to queue
[2025-02-22T22:12:46.619+0000] {logging_mixin.py:154} INFO - [2025-02-22T22:12:46.619+0000] {dagbag.py:536} INFO - Filling up the DagBag from /home/airflow/.local/lib/python3.10/site-packages/airflow/example_dags/example_branch_python_dop_operator_3.py
[2025-02-22T22:12:46.635+0000] {processor.py:839} INFO - DAG(s) dict_keys(['example_branch_dop_operator_v3']) retrieved from /home/airflow/.local/lib/python3.10/site-packages/airflow/example_dags/example_branch_python_dop_operator_3.py
[2025-02-22T22:12:46.738+0000] {logging_mixin.py:154} INFO - [2025-02-22T22:12:46.738+0000] {dag.py:2941} INFO - Sync 1 DAGs
[2025-02-22T22:12:46.798+0000] {logging_mixin.py:154} INFO - [2025-02-22T22:12:46.798+0000] {dag.py:3722} INFO - Setting next_dagrun for example_branch_dop_operator_v3 to 2025-02-22T22:11:00+00:00, run_after=2025-02-22T22:12:00+00:00
[2025-02-22T22:12:46.822+0000] {processor.py:179} INFO - Processing /home/airflow/.local/lib/python3.10/site-packages/airflow/example_dags/example_branch_python_dop_operator_3.py took 0.212 seconds
[2025-02-22T22:13:17.266+0000] {processor.py:157} INFO - Started process (PID=656) to work on /home/airflow/.local/lib/python3.10/site-packages/airflow/example_dags/example_branch_python_dop_operator_3.py
[2025-02-22T22:13:17.268+0000] {processor.py:829} INFO - Processing file /home/airflow/.local/lib/python3.10/site-packages/airflow/example_dags/example_branch_python_dop_operator_3.py for tasks to queue
[2025-02-22T22:13:17.270+0000] {logging_mixin.py:154} INFO - [2025-02-22T22:13:17.270+0000] {dagbag.py:536} INFO - Filling up the DagBag from /home/airflow/.local/lib/python3.10/site-packages/airflow/example_dags/example_branch_python_dop_operator_3.py
[2025-02-22T22:13:17.286+0000] {processor.py:839} INFO - DAG(s) dict_keys(['example_branch_dop_operator_v3']) retrieved from /home/airflow/.local/lib/python3.10/site-packages/airflow/example_dags/example_branch_python_dop_operator_3.py
[2025-02-22T22:13:17.365+0000] {logging_mixin.py:154} INFO - [2025-02-22T22:13:17.364+0000] {dag.py:2941} INFO - Sync 1 DAGs
[2025-02-22T22:13:17.406+0000] {logging_mixin.py:154} INFO - [2025-02-22T22:13:17.406+0000] {dag.py:3722} INFO - Setting next_dagrun for example_branch_dop_operator_v3 to 2025-02-22T22:12:00+00:00, run_after=2025-02-22T22:13:00+00:00
[2025-02-22T22:13:17.431+0000] {processor.py:179} INFO - Processing /home/airflow/.local/lib/python3.10/site-packages/airflow/example_dags/example_branch_python_dop_operator_3.py took 0.170 seconds
[2025-02-22T22:13:47.756+0000] {processor.py:157} INFO - Started process (PID=724) to work on /home/airflow/.local/lib/python3.10/site-packages/airflow/example_dags/example_branch_python_dop_operator_3.py
[2025-02-22T22:13:47.758+0000] {processor.py:829} INFO - Processing file /home/airflow/.local/lib/python3.10/site-packages/airflow/example_dags/example_branch_python_dop_operator_3.py for tasks to queue
[2025-02-22T22:13:47.761+0000] {logging_mixin.py:154} INFO - [2025-02-22T22:13:47.760+0000] {dagbag.py:536} INFO - Filling up the DagBag from /home/airflow/.local/lib/python3.10/site-packages/airflow/example_dags/example_branch_python_dop_operator_3.py
[2025-02-22T22:13:47.777+0000] {processor.py:839} INFO - DAG(s) dict_keys(['example_branch_dop_operator_v3']) retrieved from /home/airflow/.local/lib/python3.10/site-packages/airflow/example_dags/example_branch_python_dop_operator_3.py
[2025-02-22T22:13:47.877+0000] {logging_mixin.py:154} INFO - [2025-02-22T22:13:47.877+0000] {dag.py:2941} INFO - Sync 1 DAGs
[2025-02-22T22:13:47.920+0000] {logging_mixin.py:154} INFO - [2025-02-22T22:13:47.920+0000] {dag.py:3722} INFO - Setting next_dagrun for example_branch_dop_operator_v3 to 2025-02-22T22:12:00+00:00, run_after=2025-02-22T22:13:00+00:00
[2025-02-22T22:13:47.957+0000] {processor.py:179} INFO - Processing /home/airflow/.local/lib/python3.10/site-packages/airflow/example_dags/example_branch_python_dop_operator_3.py took 0.208 seconds
[2025-02-22T22:14:18.070+0000] {processor.py:157} INFO - Started process (PID=785) to work on /home/airflow/.local/lib/python3.10/site-packages/airflow/example_dags/example_branch_python_dop_operator_3.py
[2025-02-22T22:14:18.075+0000] {processor.py:829} INFO - Processing file /home/airflow/.local/lib/python3.10/site-packages/airflow/example_dags/example_branch_python_dop_operator_3.py for tasks to queue
[2025-02-22T22:14:18.080+0000] {logging_mixin.py:154} INFO - [2025-02-22T22:14:18.080+0000] {dagbag.py:536} INFO - Filling up the DagBag from /home/airflow/.local/lib/python3.10/site-packages/airflow/example_dags/example_branch_python_dop_operator_3.py
[2025-02-22T22:14:18.127+0000] {processor.py:839} INFO - DAG(s) dict_keys(['example_branch_dop_operator_v3']) retrieved from /home/airflow/.local/lib/python3.10/site-packages/airflow/example_dags/example_branch_python_dop_operator_3.py
[2025-02-22T22:14:18.282+0000] {logging_mixin.py:154} INFO - [2025-02-22T22:14:18.282+0000] {dag.py:2941} INFO - Sync 1 DAGs
[2025-02-22T22:14:18.348+0000] {logging_mixin.py:154} INFO - [2025-02-22T22:14:18.348+0000] {dag.py:3722} INFO - Setting next_dagrun for example_branch_dop_operator_v3 to 2025-02-22T22:13:00+00:00, run_after=2025-02-22T22:14:00+00:00
[2025-02-22T22:14:18.402+0000] {processor.py:179} INFO - Processing /home/airflow/.local/lib/python3.10/site-packages/airflow/example_dags/example_branch_python_dop_operator_3.py took 0.340 seconds
[2025-02-22T22:14:49.075+0000] {processor.py:157} INFO - Started process (PID=853) to work on /home/airflow/.local/lib/python3.10/site-packages/airflow/example_dags/example_branch_python_dop_operator_3.py
[2025-02-22T22:14:49.077+0000] {processor.py:829} INFO - Processing file /home/airflow/.local/lib/python3.10/site-packages/airflow/example_dags/example_branch_python_dop_operator_3.py for tasks to queue
[2025-02-22T22:14:49.081+0000] {logging_mixin.py:154} INFO - [2025-02-22T22:14:49.080+0000] {dagbag.py:536} INFO - Filling up the DagBag from /home/airflow/.local/lib/python3.10/site-packages/airflow/example_dags/example_branch_python_dop_operator_3.py
[2025-02-22T22:14:49.096+0000] {processor.py:839} INFO - DAG(s) dict_keys(['example_branch_dop_operator_v3']) retrieved from /home/airflow/.local/lib/python3.10/site-packages/airflow/example_dags/example_branch_python_dop_operator_3.py
[2025-02-22T22:14:49.185+0000] {logging_mixin.py:154} INFO - [2025-02-22T22:14:49.185+0000] {dag.py:2941} INFO - Sync 1 DAGs
[2025-02-22T22:14:49.225+0000] {logging_mixin.py:154} INFO - [2025-02-22T22:14:49.224+0000] {dag.py:3722} INFO - Setting next_dagrun for example_branch_dop_operator_v3 to 2025-02-22T22:13:00+00:00, run_after=2025-02-22T22:14:00+00:00
[2025-02-22T22:14:49.254+0000] {processor.py:179} INFO - Processing /home/airflow/.local/lib/python3.10/site-packages/airflow/example_dags/example_branch_python_dop_operator_3.py took 0.185 seconds
[2025-02-22T22:15:19.952+0000] {processor.py:157} INFO - Started process (PID=914) to work on /home/airflow/.local/lib/python3.10/site-packages/airflow/example_dags/example_branch_python_dop_operator_3.py
[2025-02-22T22:15:19.955+0000] {processor.py:829} INFO - Processing file /home/airflow/.local/lib/python3.10/site-packages/airflow/example_dags/example_branch_python_dop_operator_3.py for tasks to queue
[2025-02-22T22:15:19.961+0000] {logging_mixin.py:154} INFO - [2025-02-22T22:15:19.961+0000] {dagbag.py:536} INFO - Filling up the DagBag from /home/airflow/.local/lib/python3.10/site-packages/airflow/example_dags/example_branch_python_dop_operator_3.py
[2025-02-22T22:15:19.978+0000] {processor.py:839} INFO - DAG(s) dict_keys(['example_branch_dop_operator_v3']) retrieved from /home/airflow/.local/lib/python3.10/site-packages/airflow/example_dags/example_branch_python_dop_operator_3.py
[2025-02-22T22:15:20.062+0000] {logging_mixin.py:154} INFO - [2025-02-22T22:15:20.062+0000] {dag.py:2941} INFO - Sync 1 DAGs
[2025-02-22T22:15:20.106+0000] {logging_mixin.py:154} INFO - [2025-02-22T22:15:20.106+0000] {dag.py:3722} INFO - Setting next_dagrun for example_branch_dop_operator_v3 to 2025-02-22T22:14:00+00:00, run_after=2025-02-22T22:15:00+00:00
[2025-02-22T22:15:20.129+0000] {processor.py:179} INFO - Processing /home/airflow/.local/lib/python3.10/site-packages/airflow/example_dags/example_branch_python_dop_operator_3.py took 0.186 seconds
[2025-02-22T22:15:50.277+0000] {processor.py:157} INFO - Started process (PID=982) to work on /home/airflow/.local/lib/python3.10/site-packages/airflow/example_dags/example_branch_python_dop_operator_3.py
[2025-02-22T22:15:50.280+0000] {processor.py:829} INFO - Processing file /home/airflow/.local/lib/python3.10/site-packages/airflow/example_dags/example_branch_python_dop_operator_3.py for tasks to queue
[2025-02-22T22:15:50.284+0000] {logging_mixin.py:154} INFO - [2025-02-22T22:15:50.283+0000] {dagbag.py:536} INFO - Filling up the DagBag from /home/airflow/.local/lib/python3.10/site-packages/airflow/example_dags/example_branch_python_dop_operator_3.py
[2025-02-22T22:15:50.298+0000] {processor.py:839} INFO - DAG(s) dict_keys(['example_branch_dop_operator_v3']) retrieved from /home/airflow/.local/lib/python3.10/site-packages/airflow/example_dags/example_branch_python_dop_operator_3.py
[2025-02-22T22:15:50.377+0000] {logging_mixin.py:154} INFO - [2025-02-22T22:15:50.376+0000] {dag.py:2941} INFO - Sync 1 DAGs
[2025-02-22T22:15:50.411+0000] {logging_mixin.py:154} INFO - [2025-02-22T22:15:50.411+0000] {dag.py:3722} INFO - Setting next_dagrun for example_branch_dop_operator_v3 to 2025-02-22T22:14:00+00:00, run_after=2025-02-22T22:15:00+00:00
[2025-02-22T22:15:50.432+0000] {processor.py:179} INFO - Processing /home/airflow/.local/lib/python3.10/site-packages/airflow/example_dags/example_branch_python_dop_operator_3.py took 0.161 seconds
[2025-02-22T22:16:20.638+0000] {processor.py:157} INFO - Started process (PID=1043) to work on /home/airflow/.local/lib/python3.10/site-packages/airflow/example_dags/example_branch_python_dop_operator_3.py
[2025-02-22T22:16:20.640+0000] {processor.py:829} INFO - Processing file /home/airflow/.local/lib/python3.10/site-packages/airflow/example_dags/example_branch_python_dop_operator_3.py for tasks to queue
[2025-02-22T22:16:20.643+0000] {logging_mixin.py:154} INFO - [2025-02-22T22:16:20.642+0000] {dagbag.py:536} INFO - Filling up the DagBag from /home/airflow/.local/lib/python3.10/site-packages/airflow/example_dags/example_branch_python_dop_operator_3.py
[2025-02-22T22:16:20.653+0000] {processor.py:839} INFO - DAG(s) dict_keys(['example_branch_dop_operator_v3']) retrieved from /home/airflow/.local/lib/python3.10/site-packages/airflow/example_dags/example_branch_python_dop_operator_3.py
[2025-02-22T22:16:20.722+0000] {logging_mixin.py:154} INFO - [2025-02-22T22:16:20.722+0000] {dag.py:2941} INFO - Sync 1 DAGs
[2025-02-22T22:16:20.757+0000] {logging_mixin.py:154} INFO - [2025-02-22T22:16:20.757+0000] {dag.py:3722} INFO - Setting next_dagrun for example_branch_dop_operator_v3 to 2025-02-22T22:15:00+00:00, run_after=2025-02-22T22:16:00+00:00
[2025-02-22T22:16:20.779+0000] {processor.py:179} INFO - Processing /home/airflow/.local/lib/python3.10/site-packages/airflow/example_dags/example_branch_python_dop_operator_3.py took 0.144 seconds
[2025-02-22T22:16:51.009+0000] {processor.py:157} INFO - Started process (PID=1111) to work on /home/airflow/.local/lib/python3.10/site-packages/airflow/example_dags/example_branch_python_dop_operator_3.py
[2025-02-22T22:16:51.011+0000] {processor.py:829} INFO - Processing file /home/airflow/.local/lib/python3.10/site-packages/airflow/example_dags/example_branch_python_dop_operator_3.py for tasks to queue
[2025-02-22T22:16:51.013+0000] {logging_mixin.py:154} INFO - [2025-02-22T22:16:51.013+0000] {dagbag.py:536} INFO - Filling up the DagBag from /home/airflow/.local/lib/python3.10/site-packages/airflow/example_dags/example_branch_python_dop_operator_3.py
[2025-02-22T22:16:51.026+0000] {processor.py:839} INFO - DAG(s) dict_keys(['example_branch_dop_operator_v3']) retrieved from /home/airflow/.local/lib/python3.10/site-packages/airflow/example_dags/example_branch_python_dop_operator_3.py
[2025-02-22T22:16:51.098+0000] {logging_mixin.py:154} INFO - [2025-02-22T22:16:51.098+0000] {dag.py:2941} INFO - Sync 1 DAGs
[2025-02-22T22:16:51.129+0000] {logging_mixin.py:154} INFO - [2025-02-22T22:16:51.129+0000] {dag.py:3722} INFO - Setting next_dagrun for example_branch_dop_operator_v3 to 2025-02-22T22:15:00+00:00, run_after=2025-02-22T22:16:00+00:00
[2025-02-22T22:16:51.147+0000] {processor.py:179} INFO - Processing /home/airflow/.local/lib/python3.10/site-packages/airflow/example_dags/example_branch_python_dop_operator_3.py took 0.143 seconds
