[2025-02-22T21:47:18.440+0000] {processor.py:157} INFO - Started process (PID=71) to work on /home/airflow/.local/lib/python3.10/site-packages/airflow/example_dags/example_task_group.py
[2025-02-22T21:47:18.445+0000] {processor.py:829} INFO - Processing file /home/airflow/.local/lib/python3.10/site-packages/airflow/example_dags/example_task_group.py for tasks to queue
[2025-02-22T21:47:18.465+0000] {logging_mixin.py:154} INFO - [2025-02-22T21:47:18.465+0000] {dagbag.py:536} INFO - Filling up the DagBag from /home/airflow/.local/lib/python3.10/site-packages/airflow/example_dags/example_task_group.py
[2025-02-22T21:47:18.489+0000] {processor.py:839} INFO - DAG(s) dict_keys(['example_task_group']) retrieved from /home/airflow/.local/lib/python3.10/site-packages/airflow/example_dags/example_task_group.py
[2025-02-22T21:47:18.699+0000] {logging_mixin.py:154} INFO - [2025-02-22T21:47:18.699+0000] {manager.py:499} INFO - Created Permission View: %s
[2025-02-22T21:47:18.720+0000] {logging_mixin.py:154} INFO - [2025-02-22T21:47:18.720+0000] {manager.py:499} INFO - Created Permission View: %s
[2025-02-22T21:47:18.730+0000] {logging_mixin.py:154} INFO - [2025-02-22T21:47:18.730+0000] {manager.py:499} INFO - Created Permission View: %s
[2025-02-22T21:47:18.730+0000] {logging_mixin.py:154} INFO - [2025-02-22T21:47:18.730+0000] {dag.py:2941} INFO - Sync 1 DAGs
[2025-02-22T21:47:18.747+0000] {logging_mixin.py:154} INFO - [2025-02-22T21:47:18.747+0000] {dag.py:2963} INFO - Creating ORM DAG for example_task_group
[2025-02-22T21:47:18.766+0000] {logging_mixin.py:154} INFO - [2025-02-22T21:47:18.765+0000] {dag.py:3722} INFO - Setting next_dagrun for example_task_group to 2025-02-21T21:47:18.764851+00:00, run_after=2025-02-22T21:47:18.764851+00:00
[2025-02-22T21:47:18.796+0000] {processor.py:179} INFO - Processing /home/airflow/.local/lib/python3.10/site-packages/airflow/example_dags/example_task_group.py took 0.363 seconds
[2025-02-22T21:48:59.688+0000] {processor.py:157} INFO - Started process (PID=64) to work on /home/airflow/.local/lib/python3.10/site-packages/airflow/example_dags/example_task_group.py
[2025-02-22T21:48:59.689+0000] {processor.py:829} INFO - Processing file /home/airflow/.local/lib/python3.10/site-packages/airflow/example_dags/example_task_group.py for tasks to queue
[2025-02-22T21:48:59.691+0000] {logging_mixin.py:154} INFO - [2025-02-22T21:48:59.691+0000] {dagbag.py:536} INFO - Filling up the DagBag from /home/airflow/.local/lib/python3.10/site-packages/airflow/example_dags/example_task_group.py
[2025-02-22T21:48:59.702+0000] {processor.py:839} INFO - DAG(s) dict_keys(['example_task_group']) retrieved from /home/airflow/.local/lib/python3.10/site-packages/airflow/example_dags/example_task_group.py
[2025-02-22T21:48:59.778+0000] {logging_mixin.py:154} INFO - [2025-02-22T21:48:59.778+0000] {dag.py:2941} INFO - Sync 1 DAGs
[2025-02-22T21:48:59.831+0000] {logging_mixin.py:154} INFO - [2025-02-22T21:48:59.831+0000] {dag.py:3722} INFO - Setting next_dagrun for example_task_group to 2025-02-21T21:48:59.831086+00:00, run_after=2025-02-22T21:48:59.831086+00:00
[2025-02-22T21:48:59.862+0000] {processor.py:179} INFO - Processing /home/airflow/.local/lib/python3.10/site-packages/airflow/example_dags/example_task_group.py took 0.178 seconds
[2025-02-22T21:56:50.420+0000] {processor.py:157} INFO - Started process (PID=64) to work on /home/airflow/.local/lib/python3.10/site-packages/airflow/example_dags/example_task_group.py
[2025-02-22T21:56:50.421+0000] {processor.py:829} INFO - Processing file /home/airflow/.local/lib/python3.10/site-packages/airflow/example_dags/example_task_group.py for tasks to queue
[2025-02-22T21:56:50.425+0000] {logging_mixin.py:154} INFO - [2025-02-22T21:56:50.424+0000] {dagbag.py:536} INFO - Filling up the DagBag from /home/airflow/.local/lib/python3.10/site-packages/airflow/example_dags/example_task_group.py
[2025-02-22T21:56:50.437+0000] {processor.py:839} INFO - DAG(s) dict_keys(['example_task_group']) retrieved from /home/airflow/.local/lib/python3.10/site-packages/airflow/example_dags/example_task_group.py
[2025-02-22T21:56:50.523+0000] {logging_mixin.py:154} INFO - [2025-02-22T21:56:50.522+0000] {dag.py:2941} INFO - Sync 1 DAGs
[2025-02-22T21:56:50.580+0000] {logging_mixin.py:154} INFO - [2025-02-22T21:56:50.580+0000] {dag.py:3722} INFO - Setting next_dagrun for example_task_group to 2025-02-21T21:56:50.580276+00:00, run_after=2025-02-22T21:56:50.580276+00:00
[2025-02-22T21:56:50.609+0000] {processor.py:179} INFO - Processing /home/airflow/.local/lib/python3.10/site-packages/airflow/example_dags/example_task_group.py took 0.195 seconds
[2025-02-22T21:57:20.791+0000] {processor.py:157} INFO - Started process (PID=132) to work on /home/airflow/.local/lib/python3.10/site-packages/airflow/example_dags/example_task_group.py
[2025-02-22T21:57:20.792+0000] {processor.py:829} INFO - Processing file /home/airflow/.local/lib/python3.10/site-packages/airflow/example_dags/example_task_group.py for tasks to queue
[2025-02-22T21:57:20.795+0000] {logging_mixin.py:154} INFO - [2025-02-22T21:57:20.795+0000] {dagbag.py:536} INFO - Filling up the DagBag from /home/airflow/.local/lib/python3.10/site-packages/airflow/example_dags/example_task_group.py
[2025-02-22T21:57:20.802+0000] {processor.py:839} INFO - DAG(s) dict_keys(['example_task_group']) retrieved from /home/airflow/.local/lib/python3.10/site-packages/airflow/example_dags/example_task_group.py
[2025-02-22T21:57:20.873+0000] {logging_mixin.py:154} INFO - [2025-02-22T21:57:20.873+0000] {dag.py:2941} INFO - Sync 1 DAGs
[2025-02-22T21:57:20.904+0000] {logging_mixin.py:154} INFO - [2025-02-22T21:57:20.904+0000] {dag.py:3722} INFO - Setting next_dagrun for example_task_group to 2025-02-21T21:57:20.904068+00:00, run_after=2025-02-22T21:57:20.904068+00:00
[2025-02-22T21:57:20.930+0000] {processor.py:179} INFO - Processing /home/airflow/.local/lib/python3.10/site-packages/airflow/example_dags/example_task_group.py took 0.141 seconds
[2025-02-22T21:59:54.436+0000] {processor.py:157} INFO - Started process (PID=64) to work on /home/airflow/.local/lib/python3.10/site-packages/airflow/example_dags/example_task_group.py
[2025-02-22T21:59:54.440+0000] {processor.py:829} INFO - Processing file /home/airflow/.local/lib/python3.10/site-packages/airflow/example_dags/example_task_group.py for tasks to queue
[2025-02-22T21:59:54.443+0000] {logging_mixin.py:154} INFO - [2025-02-22T21:59:54.443+0000] {dagbag.py:536} INFO - Filling up the DagBag from /home/airflow/.local/lib/python3.10/site-packages/airflow/example_dags/example_task_group.py
[2025-02-22T21:59:54.471+0000] {processor.py:839} INFO - DAG(s) dict_keys(['example_task_group']) retrieved from /home/airflow/.local/lib/python3.10/site-packages/airflow/example_dags/example_task_group.py
[2025-02-22T21:59:54.592+0000] {logging_mixin.py:154} INFO - [2025-02-22T21:59:54.592+0000] {dag.py:2941} INFO - Sync 1 DAGs
[2025-02-22T21:59:54.636+0000] {logging_mixin.py:154} INFO - [2025-02-22T21:59:54.635+0000] {dag.py:3722} INFO - Setting next_dagrun for example_task_group to 2025-02-21T21:59:54.635425+00:00, run_after=2025-02-22T21:59:54.635425+00:00
[2025-02-22T21:59:54.675+0000] {processor.py:179} INFO - Processing /home/airflow/.local/lib/python3.10/site-packages/airflow/example_dags/example_task_group.py took 0.244 seconds
[2025-02-22T22:00:24.765+0000] {processor.py:157} INFO - Started process (PID=132) to work on /home/airflow/.local/lib/python3.10/site-packages/airflow/example_dags/example_task_group.py
[2025-02-22T22:00:24.766+0000] {processor.py:829} INFO - Processing file /home/airflow/.local/lib/python3.10/site-packages/airflow/example_dags/example_task_group.py for tasks to queue
[2025-02-22T22:00:24.770+0000] {logging_mixin.py:154} INFO - [2025-02-22T22:00:24.769+0000] {dagbag.py:536} INFO - Filling up the DagBag from /home/airflow/.local/lib/python3.10/site-packages/airflow/example_dags/example_task_group.py
[2025-02-22T22:00:24.778+0000] {processor.py:839} INFO - DAG(s) dict_keys(['example_task_group']) retrieved from /home/airflow/.local/lib/python3.10/site-packages/airflow/example_dags/example_task_group.py
[2025-02-22T22:00:24.847+0000] {logging_mixin.py:154} INFO - [2025-02-22T22:00:24.847+0000] {dag.py:2941} INFO - Sync 1 DAGs
[2025-02-22T22:00:24.880+0000] {logging_mixin.py:154} INFO - [2025-02-22T22:00:24.880+0000] {dag.py:3722} INFO - Setting next_dagrun for example_task_group to 2025-02-21T22:00:24.879665+00:00, run_after=2025-02-22T22:00:24.879665+00:00
[2025-02-22T22:00:24.900+0000] {processor.py:179} INFO - Processing /home/airflow/.local/lib/python3.10/site-packages/airflow/example_dags/example_task_group.py took 0.138 seconds
[2025-02-22T22:00:55.834+0000] {processor.py:157} INFO - Started process (PID=193) to work on /home/airflow/.local/lib/python3.10/site-packages/airflow/example_dags/example_task_group.py
[2025-02-22T22:00:55.836+0000] {processor.py:829} INFO - Processing file /home/airflow/.local/lib/python3.10/site-packages/airflow/example_dags/example_task_group.py for tasks to queue
[2025-02-22T22:00:55.838+0000] {logging_mixin.py:154} INFO - [2025-02-22T22:00:55.838+0000] {dagbag.py:536} INFO - Filling up the DagBag from /home/airflow/.local/lib/python3.10/site-packages/airflow/example_dags/example_task_group.py
[2025-02-22T22:00:55.853+0000] {processor.py:839} INFO - DAG(s) dict_keys(['example_task_group']) retrieved from /home/airflow/.local/lib/python3.10/site-packages/airflow/example_dags/example_task_group.py
[2025-02-22T22:00:55.932+0000] {logging_mixin.py:154} INFO - [2025-02-22T22:00:55.932+0000] {dag.py:2941} INFO - Sync 1 DAGs
[2025-02-22T22:00:55.962+0000] {logging_mixin.py:154} INFO - [2025-02-22T22:00:55.962+0000] {dag.py:3722} INFO - Setting next_dagrun for example_task_group to 2025-02-21T22:00:55.961549+00:00, run_after=2025-02-22T22:00:55.961549+00:00
[2025-02-22T22:00:55.988+0000] {processor.py:179} INFO - Processing /home/airflow/.local/lib/python3.10/site-packages/airflow/example_dags/example_task_group.py took 0.162 seconds
[2025-02-22T22:01:26.317+0000] {processor.py:157} INFO - Started process (PID=261) to work on /home/airflow/.local/lib/python3.10/site-packages/airflow/example_dags/example_task_group.py
[2025-02-22T22:01:26.318+0000] {processor.py:829} INFO - Processing file /home/airflow/.local/lib/python3.10/site-packages/airflow/example_dags/example_task_group.py for tasks to queue
[2025-02-22T22:01:26.321+0000] {logging_mixin.py:154} INFO - [2025-02-22T22:01:26.320+0000] {dagbag.py:536} INFO - Filling up the DagBag from /home/airflow/.local/lib/python3.10/site-packages/airflow/example_dags/example_task_group.py
[2025-02-22T22:01:26.333+0000] {processor.py:839} INFO - DAG(s) dict_keys(['example_task_group']) retrieved from /home/airflow/.local/lib/python3.10/site-packages/airflow/example_dags/example_task_group.py
[2025-02-22T22:01:26.407+0000] {logging_mixin.py:154} INFO - [2025-02-22T22:01:26.407+0000] {dag.py:2941} INFO - Sync 1 DAGs
[2025-02-22T22:01:26.437+0000] {logging_mixin.py:154} INFO - [2025-02-22T22:01:26.437+0000] {dag.py:3722} INFO - Setting next_dagrun for example_task_group to 2025-02-21T22:01:26.437288+00:00, run_after=2025-02-22T22:01:26.437288+00:00
[2025-02-22T22:01:26.457+0000] {processor.py:179} INFO - Processing /home/airflow/.local/lib/python3.10/site-packages/airflow/example_dags/example_task_group.py took 0.144 seconds
[2025-02-22T22:01:56.903+0000] {processor.py:157} INFO - Started process (PID=321) to work on /home/airflow/.local/lib/python3.10/site-packages/airflow/example_dags/example_task_group.py
[2025-02-22T22:01:56.905+0000] {processor.py:829} INFO - Processing file /home/airflow/.local/lib/python3.10/site-packages/airflow/example_dags/example_task_group.py for tasks to queue
[2025-02-22T22:01:56.906+0000] {logging_mixin.py:154} INFO - [2025-02-22T22:01:56.906+0000] {dagbag.py:536} INFO - Filling up the DagBag from /home/airflow/.local/lib/python3.10/site-packages/airflow/example_dags/example_task_group.py
[2025-02-22T22:01:56.917+0000] {processor.py:839} INFO - DAG(s) dict_keys(['example_task_group']) retrieved from /home/airflow/.local/lib/python3.10/site-packages/airflow/example_dags/example_task_group.py
[2025-02-22T22:01:56.985+0000] {logging_mixin.py:154} INFO - [2025-02-22T22:01:56.985+0000] {dag.py:2941} INFO - Sync 1 DAGs
[2025-02-22T22:01:57.012+0000] {logging_mixin.py:154} INFO - [2025-02-22T22:01:57.011+0000] {dag.py:3722} INFO - Setting next_dagrun for example_task_group to 2025-02-21T22:01:57.011524+00:00, run_after=2025-02-22T22:01:57.011524+00:00
[2025-02-22T22:01:57.030+0000] {processor.py:179} INFO - Processing /home/airflow/.local/lib/python3.10/site-packages/airflow/example_dags/example_task_group.py took 0.130 seconds
[2025-02-22T22:02:27.822+0000] {processor.py:157} INFO - Started process (PID=388) to work on /home/airflow/.local/lib/python3.10/site-packages/airflow/example_dags/example_task_group.py
[2025-02-22T22:02:27.824+0000] {processor.py:829} INFO - Processing file /home/airflow/.local/lib/python3.10/site-packages/airflow/example_dags/example_task_group.py for tasks to queue
[2025-02-22T22:02:27.827+0000] {logging_mixin.py:154} INFO - [2025-02-22T22:02:27.826+0000] {dagbag.py:536} INFO - Filling up the DagBag from /home/airflow/.local/lib/python3.10/site-packages/airflow/example_dags/example_task_group.py
[2025-02-22T22:02:27.836+0000] {processor.py:839} INFO - DAG(s) dict_keys(['example_task_group']) retrieved from /home/airflow/.local/lib/python3.10/site-packages/airflow/example_dags/example_task_group.py
[2025-02-22T22:02:27.915+0000] {logging_mixin.py:154} INFO - [2025-02-22T22:02:27.914+0000] {dag.py:2941} INFO - Sync 1 DAGs
[2025-02-22T22:02:27.944+0000] {logging_mixin.py:154} INFO - [2025-02-22T22:02:27.943+0000] {dag.py:3722} INFO - Setting next_dagrun for example_task_group to 2025-02-21T22:02:27.943457+00:00, run_after=2025-02-22T22:02:27.943457+00:00
[2025-02-22T22:02:27.969+0000] {processor.py:179} INFO - Processing /home/airflow/.local/lib/python3.10/site-packages/airflow/example_dags/example_task_group.py took 0.151 seconds
[2025-02-22T22:02:58.535+0000] {processor.py:157} INFO - Started process (PID=456) to work on /home/airflow/.local/lib/python3.10/site-packages/airflow/example_dags/example_task_group.py
[2025-02-22T22:02:58.537+0000] {processor.py:829} INFO - Processing file /home/airflow/.local/lib/python3.10/site-packages/airflow/example_dags/example_task_group.py for tasks to queue
[2025-02-22T22:02:58.540+0000] {logging_mixin.py:154} INFO - [2025-02-22T22:02:58.539+0000] {dagbag.py:536} INFO - Filling up the DagBag from /home/airflow/.local/lib/python3.10/site-packages/airflow/example_dags/example_task_group.py
[2025-02-22T22:02:58.551+0000] {processor.py:839} INFO - DAG(s) dict_keys(['example_task_group']) retrieved from /home/airflow/.local/lib/python3.10/site-packages/airflow/example_dags/example_task_group.py
[2025-02-22T22:02:58.635+0000] {logging_mixin.py:154} INFO - [2025-02-22T22:02:58.634+0000] {dag.py:2941} INFO - Sync 1 DAGs
[2025-02-22T22:02:58.673+0000] {logging_mixin.py:154} INFO - [2025-02-22T22:02:58.672+0000] {dag.py:3722} INFO - Setting next_dagrun for example_task_group to 2025-02-21T22:02:58.672211+00:00, run_after=2025-02-22T22:02:58.672211+00:00
[2025-02-22T22:02:58.706+0000] {processor.py:179} INFO - Processing /home/airflow/.local/lib/python3.10/site-packages/airflow/example_dags/example_task_group.py took 0.174 seconds
[2025-02-22T22:03:42.852+0000] {processor.py:157} INFO - Started process (PID=65) to work on /home/airflow/.local/lib/python3.10/site-packages/airflow/example_dags/example_task_group.py
[2025-02-22T22:03:42.854+0000] {processor.py:829} INFO - Processing file /home/airflow/.local/lib/python3.10/site-packages/airflow/example_dags/example_task_group.py for tasks to queue
[2025-02-22T22:03:42.857+0000] {logging_mixin.py:154} INFO - [2025-02-22T22:03:42.856+0000] {dagbag.py:536} INFO - Filling up the DagBag from /home/airflow/.local/lib/python3.10/site-packages/airflow/example_dags/example_task_group.py
[2025-02-22T22:03:42.870+0000] {processor.py:839} INFO - DAG(s) dict_keys(['example_task_group']) retrieved from /home/airflow/.local/lib/python3.10/site-packages/airflow/example_dags/example_task_group.py
[2025-02-22T22:03:42.955+0000] {logging_mixin.py:154} INFO - [2025-02-22T22:03:42.955+0000] {dag.py:2941} INFO - Sync 1 DAGs
[2025-02-22T22:03:42.996+0000] {logging_mixin.py:154} INFO - [2025-02-22T22:03:42.995+0000] {dag.py:3722} INFO - Setting next_dagrun for example_task_group to 2025-02-21T22:03:42.995268+00:00, run_after=2025-02-22T22:03:42.995268+00:00
[2025-02-22T22:03:43.018+0000] {processor.py:179} INFO - Processing /home/airflow/.local/lib/python3.10/site-packages/airflow/example_dags/example_task_group.py took 0.171 seconds
[2025-02-22T22:04:13.045+0000] {processor.py:157} INFO - Started process (PID=133) to work on /home/airflow/.local/lib/python3.10/site-packages/airflow/example_dags/example_task_group.py
[2025-02-22T22:04:13.046+0000] {processor.py:829} INFO - Processing file /home/airflow/.local/lib/python3.10/site-packages/airflow/example_dags/example_task_group.py for tasks to queue
[2025-02-22T22:04:13.048+0000] {logging_mixin.py:154} INFO - [2025-02-22T22:04:13.048+0000] {dagbag.py:536} INFO - Filling up the DagBag from /home/airflow/.local/lib/python3.10/site-packages/airflow/example_dags/example_task_group.py
[2025-02-22T22:04:13.055+0000] {processor.py:839} INFO - DAG(s) dict_keys(['example_task_group']) retrieved from /home/airflow/.local/lib/python3.10/site-packages/airflow/example_dags/example_task_group.py
[2025-02-22T22:04:13.124+0000] {logging_mixin.py:154} INFO - [2025-02-22T22:04:13.124+0000] {dag.py:2941} INFO - Sync 1 DAGs
[2025-02-22T22:04:13.152+0000] {logging_mixin.py:154} INFO - [2025-02-22T22:04:13.152+0000] {dag.py:3722} INFO - Setting next_dagrun for example_task_group to 2025-02-21T22:04:13.151760+00:00, run_after=2025-02-22T22:04:13.151760+00:00
[2025-02-22T22:04:13.173+0000] {processor.py:179} INFO - Processing /home/airflow/.local/lib/python3.10/site-packages/airflow/example_dags/example_task_group.py took 0.130 seconds
[2025-02-22T22:04:43.319+0000] {processor.py:157} INFO - Started process (PID=194) to work on /home/airflow/.local/lib/python3.10/site-packages/airflow/example_dags/example_task_group.py
[2025-02-22T22:04:43.320+0000] {processor.py:829} INFO - Processing file /home/airflow/.local/lib/python3.10/site-packages/airflow/example_dags/example_task_group.py for tasks to queue
[2025-02-22T22:04:43.322+0000] {logging_mixin.py:154} INFO - [2025-02-22T22:04:43.322+0000] {dagbag.py:536} INFO - Filling up the DagBag from /home/airflow/.local/lib/python3.10/site-packages/airflow/example_dags/example_task_group.py
[2025-02-22T22:04:43.329+0000] {processor.py:839} INFO - DAG(s) dict_keys(['example_task_group']) retrieved from /home/airflow/.local/lib/python3.10/site-packages/airflow/example_dags/example_task_group.py
[2025-02-22T22:04:43.448+0000] {logging_mixin.py:154} INFO - [2025-02-22T22:04:43.447+0000] {dag.py:2941} INFO - Sync 1 DAGs
[2025-02-22T22:04:43.487+0000] {logging_mixin.py:154} INFO - [2025-02-22T22:04:43.486+0000] {dag.py:3722} INFO - Setting next_dagrun for example_task_group to 2025-02-21T22:04:43.486269+00:00, run_after=2025-02-22T22:04:43.486269+00:00
[2025-02-22T22:04:43.510+0000] {processor.py:179} INFO - Processing /home/airflow/.local/lib/python3.10/site-packages/airflow/example_dags/example_task_group.py took 0.193 seconds
[2025-02-22T22:05:13.951+0000] {processor.py:157} INFO - Started process (PID=262) to work on /home/airflow/.local/lib/python3.10/site-packages/airflow/example_dags/example_task_group.py
[2025-02-22T22:05:13.952+0000] {processor.py:829} INFO - Processing file /home/airflow/.local/lib/python3.10/site-packages/airflow/example_dags/example_task_group.py for tasks to queue
[2025-02-22T22:05:13.955+0000] {logging_mixin.py:154} INFO - [2025-02-22T22:05:13.955+0000] {dagbag.py:536} INFO - Filling up the DagBag from /home/airflow/.local/lib/python3.10/site-packages/airflow/example_dags/example_task_group.py
[2025-02-22T22:05:13.962+0000] {processor.py:839} INFO - DAG(s) dict_keys(['example_task_group']) retrieved from /home/airflow/.local/lib/python3.10/site-packages/airflow/example_dags/example_task_group.py
[2025-02-22T22:05:14.031+0000] {logging_mixin.py:154} INFO - [2025-02-22T22:05:14.031+0000] {dag.py:2941} INFO - Sync 1 DAGs
[2025-02-22T22:05:14.058+0000] {logging_mixin.py:154} INFO - [2025-02-22T22:05:14.058+0000] {dag.py:3722} INFO - Setting next_dagrun for example_task_group to 2025-02-21T22:05:14.058292+00:00, run_after=2025-02-22T22:05:14.058292+00:00
[2025-02-22T22:05:14.080+0000] {processor.py:179} INFO - Processing /home/airflow/.local/lib/python3.10/site-packages/airflow/example_dags/example_task_group.py took 0.131 seconds
[2025-02-22T22:05:44.552+0000] {processor.py:157} INFO - Started process (PID=323) to work on /home/airflow/.local/lib/python3.10/site-packages/airflow/example_dags/example_task_group.py
[2025-02-22T22:05:44.553+0000] {processor.py:829} INFO - Processing file /home/airflow/.local/lib/python3.10/site-packages/airflow/example_dags/example_task_group.py for tasks to queue
[2025-02-22T22:05:44.555+0000] {logging_mixin.py:154} INFO - [2025-02-22T22:05:44.554+0000] {dagbag.py:536} INFO - Filling up the DagBag from /home/airflow/.local/lib/python3.10/site-packages/airflow/example_dags/example_task_group.py
[2025-02-22T22:05:44.563+0000] {processor.py:839} INFO - DAG(s) dict_keys(['example_task_group']) retrieved from /home/airflow/.local/lib/python3.10/site-packages/airflow/example_dags/example_task_group.py
[2025-02-22T22:05:44.629+0000] {logging_mixin.py:154} INFO - [2025-02-22T22:05:44.629+0000] {dag.py:2941} INFO - Sync 1 DAGs
[2025-02-22T22:05:44.659+0000] {logging_mixin.py:154} INFO - [2025-02-22T22:05:44.659+0000] {dag.py:3722} INFO - Setting next_dagrun for example_task_group to 2025-02-21T22:05:44.658940+00:00, run_after=2025-02-22T22:05:44.658940+00:00
[2025-02-22T22:05:44.679+0000] {processor.py:179} INFO - Processing /home/airflow/.local/lib/python3.10/site-packages/airflow/example_dags/example_task_group.py took 0.130 seconds
[2025-02-22T22:06:14.870+0000] {processor.py:157} INFO - Started process (PID=391) to work on /home/airflow/.local/lib/python3.10/site-packages/airflow/example_dags/example_task_group.py
[2025-02-22T22:06:14.871+0000] {processor.py:829} INFO - Processing file /home/airflow/.local/lib/python3.10/site-packages/airflow/example_dags/example_task_group.py for tasks to queue
[2025-02-22T22:06:14.873+0000] {logging_mixin.py:154} INFO - [2025-02-22T22:06:14.873+0000] {dagbag.py:536} INFO - Filling up the DagBag from /home/airflow/.local/lib/python3.10/site-packages/airflow/example_dags/example_task_group.py
[2025-02-22T22:06:14.879+0000] {processor.py:839} INFO - DAG(s) dict_keys(['example_task_group']) retrieved from /home/airflow/.local/lib/python3.10/site-packages/airflow/example_dags/example_task_group.py
[2025-02-22T22:06:14.948+0000] {logging_mixin.py:154} INFO - [2025-02-22T22:06:14.948+0000] {dag.py:2941} INFO - Sync 1 DAGs
[2025-02-22T22:06:14.978+0000] {logging_mixin.py:154} INFO - [2025-02-22T22:06:14.978+0000] {dag.py:3722} INFO - Setting next_dagrun for example_task_group to 2025-02-21T22:06:14.978399+00:00, run_after=2025-02-22T22:06:14.978399+00:00
[2025-02-22T22:06:14.998+0000] {processor.py:179} INFO - Processing /home/airflow/.local/lib/python3.10/site-packages/airflow/example_dags/example_task_group.py took 0.130 seconds
[2025-02-22T22:06:45.579+0000] {processor.py:157} INFO - Started process (PID=452) to work on /home/airflow/.local/lib/python3.10/site-packages/airflow/example_dags/example_task_group.py
[2025-02-22T22:06:45.580+0000] {processor.py:829} INFO - Processing file /home/airflow/.local/lib/python3.10/site-packages/airflow/example_dags/example_task_group.py for tasks to queue
[2025-02-22T22:06:45.582+0000] {logging_mixin.py:154} INFO - [2025-02-22T22:06:45.582+0000] {dagbag.py:536} INFO - Filling up the DagBag from /home/airflow/.local/lib/python3.10/site-packages/airflow/example_dags/example_task_group.py
[2025-02-22T22:06:45.589+0000] {processor.py:839} INFO - DAG(s) dict_keys(['example_task_group']) retrieved from /home/airflow/.local/lib/python3.10/site-packages/airflow/example_dags/example_task_group.py
[2025-02-22T22:06:45.666+0000] {logging_mixin.py:154} INFO - [2025-02-22T22:06:45.666+0000] {dag.py:2941} INFO - Sync 1 DAGs
[2025-02-22T22:06:45.697+0000] {logging_mixin.py:154} INFO - [2025-02-22T22:06:45.696+0000] {dag.py:3722} INFO - Setting next_dagrun for example_task_group to 2025-02-21T22:06:45.696595+00:00, run_after=2025-02-22T22:06:45.696595+00:00
[2025-02-22T22:06:45.716+0000] {processor.py:179} INFO - Processing /home/airflow/.local/lib/python3.10/site-packages/airflow/example_dags/example_task_group.py took 0.139 seconds
[2025-02-22T22:07:16.163+0000] {processor.py:157} INFO - Started process (PID=520) to work on /home/airflow/.local/lib/python3.10/site-packages/airflow/example_dags/example_task_group.py
[2025-02-22T22:07:16.164+0000] {processor.py:829} INFO - Processing file /home/airflow/.local/lib/python3.10/site-packages/airflow/example_dags/example_task_group.py for tasks to queue
[2025-02-22T22:07:16.165+0000] {logging_mixin.py:154} INFO - [2025-02-22T22:07:16.165+0000] {dagbag.py:536} INFO - Filling up the DagBag from /home/airflow/.local/lib/python3.10/site-packages/airflow/example_dags/example_task_group.py
[2025-02-22T22:07:16.172+0000] {processor.py:839} INFO - DAG(s) dict_keys(['example_task_group']) retrieved from /home/airflow/.local/lib/python3.10/site-packages/airflow/example_dags/example_task_group.py
[2025-02-22T22:07:16.245+0000] {logging_mixin.py:154} INFO - [2025-02-22T22:07:16.244+0000] {dag.py:2941} INFO - Sync 1 DAGs
[2025-02-22T22:07:16.273+0000] {logging_mixin.py:154} INFO - [2025-02-22T22:07:16.273+0000] {dag.py:3722} INFO - Setting next_dagrun for example_task_group to 2025-02-21T22:07:16.272938+00:00, run_after=2025-02-22T22:07:16.272938+00:00
[2025-02-22T22:07:16.292+0000] {processor.py:179} INFO - Processing /home/airflow/.local/lib/python3.10/site-packages/airflow/example_dags/example_task_group.py took 0.131 seconds
[2025-02-22T22:07:46.636+0000] {processor.py:157} INFO - Started process (PID=581) to work on /home/airflow/.local/lib/python3.10/site-packages/airflow/example_dags/example_task_group.py
[2025-02-22T22:07:46.637+0000] {processor.py:829} INFO - Processing file /home/airflow/.local/lib/python3.10/site-packages/airflow/example_dags/example_task_group.py for tasks to queue
[2025-02-22T22:07:46.639+0000] {logging_mixin.py:154} INFO - [2025-02-22T22:07:46.638+0000] {dagbag.py:536} INFO - Filling up the DagBag from /home/airflow/.local/lib/python3.10/site-packages/airflow/example_dags/example_task_group.py
[2025-02-22T22:07:46.645+0000] {processor.py:839} INFO - DAG(s) dict_keys(['example_task_group']) retrieved from /home/airflow/.local/lib/python3.10/site-packages/airflow/example_dags/example_task_group.py
[2025-02-22T22:07:46.713+0000] {logging_mixin.py:154} INFO - [2025-02-22T22:07:46.713+0000] {dag.py:2941} INFO - Sync 1 DAGs
[2025-02-22T22:07:46.745+0000] {logging_mixin.py:154} INFO - [2025-02-22T22:07:46.745+0000] {dag.py:3722} INFO - Setting next_dagrun for example_task_group to 2025-02-21T22:07:46.744346+00:00, run_after=2025-02-22T22:07:46.744346+00:00
[2025-02-22T22:07:46.775+0000] {processor.py:179} INFO - Processing /home/airflow/.local/lib/python3.10/site-packages/airflow/example_dags/example_task_group.py took 0.141 seconds
[2025-02-22T22:08:38.567+0000] {processor.py:157} INFO - Started process (PID=70) to work on /home/airflow/.local/lib/python3.10/site-packages/airflow/example_dags/example_task_group.py
[2025-02-22T22:08:38.571+0000] {processor.py:829} INFO - Processing file /home/airflow/.local/lib/python3.10/site-packages/airflow/example_dags/example_task_group.py for tasks to queue
[2025-02-22T22:08:38.578+0000] {logging_mixin.py:154} INFO - [2025-02-22T22:08:38.578+0000] {dagbag.py:536} INFO - Filling up the DagBag from /home/airflow/.local/lib/python3.10/site-packages/airflow/example_dags/example_task_group.py
[2025-02-22T22:08:38.590+0000] {processor.py:839} INFO - DAG(s) dict_keys(['example_task_group']) retrieved from /home/airflow/.local/lib/python3.10/site-packages/airflow/example_dags/example_task_group.py
[2025-02-22T22:08:38.703+0000] {logging_mixin.py:154} INFO - [2025-02-22T22:08:38.703+0000] {dag.py:2941} INFO - Sync 1 DAGs
[2025-02-22T22:08:38.760+0000] {logging_mixin.py:154} INFO - [2025-02-22T22:08:38.760+0000] {dag.py:3722} INFO - Setting next_dagrun for example_task_group to 2025-02-21T22:08:38.759493+00:00, run_after=2025-02-22T22:08:38.759493+00:00
[2025-02-22T22:08:38.835+0000] {processor.py:179} INFO - Processing /home/airflow/.local/lib/python3.10/site-packages/airflow/example_dags/example_task_group.py took 0.270 seconds
[2025-02-22T22:09:09.062+0000] {processor.py:157} INFO - Started process (PID=131) to work on /home/airflow/.local/lib/python3.10/site-packages/airflow/example_dags/example_task_group.py
[2025-02-22T22:09:09.063+0000] {processor.py:829} INFO - Processing file /home/airflow/.local/lib/python3.10/site-packages/airflow/example_dags/example_task_group.py for tasks to queue
[2025-02-22T22:09:09.065+0000] {logging_mixin.py:154} INFO - [2025-02-22T22:09:09.064+0000] {dagbag.py:536} INFO - Filling up the DagBag from /home/airflow/.local/lib/python3.10/site-packages/airflow/example_dags/example_task_group.py
[2025-02-22T22:09:09.071+0000] {processor.py:839} INFO - DAG(s) dict_keys(['example_task_group']) retrieved from /home/airflow/.local/lib/python3.10/site-packages/airflow/example_dags/example_task_group.py
[2025-02-22T22:09:09.142+0000] {logging_mixin.py:154} INFO - [2025-02-22T22:09:09.141+0000] {dag.py:2941} INFO - Sync 1 DAGs
[2025-02-22T22:09:09.169+0000] {logging_mixin.py:154} INFO - [2025-02-22T22:09:09.169+0000] {dag.py:3722} INFO - Setting next_dagrun for example_task_group to 2025-02-21T22:09:09.168901+00:00, run_after=2025-02-22T22:09:09.168901+00:00
[2025-02-22T22:09:09.188+0000] {processor.py:179} INFO - Processing /home/airflow/.local/lib/python3.10/site-packages/airflow/example_dags/example_task_group.py took 0.129 seconds
[2025-02-22T22:09:39.488+0000] {processor.py:157} INFO - Started process (PID=191) to work on /home/airflow/.local/lib/python3.10/site-packages/airflow/example_dags/example_task_group.py
[2025-02-22T22:09:39.490+0000] {processor.py:829} INFO - Processing file /home/airflow/.local/lib/python3.10/site-packages/airflow/example_dags/example_task_group.py for tasks to queue
[2025-02-22T22:09:39.492+0000] {logging_mixin.py:154} INFO - [2025-02-22T22:09:39.492+0000] {dagbag.py:536} INFO - Filling up the DagBag from /home/airflow/.local/lib/python3.10/site-packages/airflow/example_dags/example_task_group.py
[2025-02-22T22:09:39.501+0000] {processor.py:839} INFO - DAG(s) dict_keys(['example_task_group']) retrieved from /home/airflow/.local/lib/python3.10/site-packages/airflow/example_dags/example_task_group.py
[2025-02-22T22:09:39.574+0000] {logging_mixin.py:154} INFO - [2025-02-22T22:09:39.574+0000] {dag.py:2941} INFO - Sync 1 DAGs
[2025-02-22T22:09:39.604+0000] {logging_mixin.py:154} INFO - [2025-02-22T22:09:39.603+0000] {dag.py:3722} INFO - Setting next_dagrun for example_task_group to 2025-02-21T22:09:39.603603+00:00, run_after=2025-02-22T22:09:39.603603+00:00
[2025-02-22T22:09:39.623+0000] {processor.py:179} INFO - Processing /home/airflow/.local/lib/python3.10/site-packages/airflow/example_dags/example_task_group.py took 0.137 seconds
[2025-02-22T22:10:09.645+0000] {processor.py:157} INFO - Started process (PID=259) to work on /home/airflow/.local/lib/python3.10/site-packages/airflow/example_dags/example_task_group.py
[2025-02-22T22:10:09.646+0000] {processor.py:829} INFO - Processing file /home/airflow/.local/lib/python3.10/site-packages/airflow/example_dags/example_task_group.py for tasks to queue
[2025-02-22T22:10:09.648+0000] {logging_mixin.py:154} INFO - [2025-02-22T22:10:09.648+0000] {dagbag.py:536} INFO - Filling up the DagBag from /home/airflow/.local/lib/python3.10/site-packages/airflow/example_dags/example_task_group.py
[2025-02-22T22:10:09.655+0000] {processor.py:839} INFO - DAG(s) dict_keys(['example_task_group']) retrieved from /home/airflow/.local/lib/python3.10/site-packages/airflow/example_dags/example_task_group.py
[2025-02-22T22:10:09.725+0000] {logging_mixin.py:154} INFO - [2025-02-22T22:10:09.725+0000] {dag.py:2941} INFO - Sync 1 DAGs
[2025-02-22T22:10:09.756+0000] {logging_mixin.py:154} INFO - [2025-02-22T22:10:09.756+0000] {dag.py:3722} INFO - Setting next_dagrun for example_task_group to 2025-02-21T22:10:09.755755+00:00, run_after=2025-02-22T22:10:09.755755+00:00
[2025-02-22T22:10:09.776+0000] {processor.py:179} INFO - Processing /home/airflow/.local/lib/python3.10/site-packages/airflow/example_dags/example_task_group.py took 0.132 seconds
[2025-02-22T22:10:39.898+0000] {processor.py:157} INFO - Started process (PID=320) to work on /home/airflow/.local/lib/python3.10/site-packages/airflow/example_dags/example_task_group.py
[2025-02-22T22:10:39.900+0000] {processor.py:829} INFO - Processing file /home/airflow/.local/lib/python3.10/site-packages/airflow/example_dags/example_task_group.py for tasks to queue
[2025-02-22T22:10:39.901+0000] {logging_mixin.py:154} INFO - [2025-02-22T22:10:39.901+0000] {dagbag.py:536} INFO - Filling up the DagBag from /home/airflow/.local/lib/python3.10/site-packages/airflow/example_dags/example_task_group.py
[2025-02-22T22:10:39.907+0000] {processor.py:839} INFO - DAG(s) dict_keys(['example_task_group']) retrieved from /home/airflow/.local/lib/python3.10/site-packages/airflow/example_dags/example_task_group.py
[2025-02-22T22:10:39.975+0000] {logging_mixin.py:154} INFO - [2025-02-22T22:10:39.975+0000] {dag.py:2941} INFO - Sync 1 DAGs
[2025-02-22T22:10:40.006+0000] {logging_mixin.py:154} INFO - [2025-02-22T22:10:40.006+0000] {dag.py:3722} INFO - Setting next_dagrun for example_task_group to 2025-02-21T22:10:40.006263+00:00, run_after=2025-02-22T22:10:40.006263+00:00
[2025-02-22T22:10:40.029+0000] {processor.py:179} INFO - Processing /home/airflow/.local/lib/python3.10/site-packages/airflow/example_dags/example_task_group.py took 0.133 seconds
[2025-02-22T22:11:10.559+0000] {processor.py:157} INFO - Started process (PID=386) to work on /home/airflow/.local/lib/python3.10/site-packages/airflow/example_dags/example_task_group.py
[2025-02-22T22:11:10.560+0000] {processor.py:829} INFO - Processing file /home/airflow/.local/lib/python3.10/site-packages/airflow/example_dags/example_task_group.py for tasks to queue
[2025-02-22T22:11:10.562+0000] {logging_mixin.py:154} INFO - [2025-02-22T22:11:10.561+0000] {dagbag.py:536} INFO - Filling up the DagBag from /home/airflow/.local/lib/python3.10/site-packages/airflow/example_dags/example_task_group.py
[2025-02-22T22:11:10.568+0000] {processor.py:839} INFO - DAG(s) dict_keys(['example_task_group']) retrieved from /home/airflow/.local/lib/python3.10/site-packages/airflow/example_dags/example_task_group.py
[2025-02-22T22:11:10.635+0000] {logging_mixin.py:154} INFO - [2025-02-22T22:11:10.634+0000] {dag.py:2941} INFO - Sync 1 DAGs
[2025-02-22T22:11:10.661+0000] {logging_mixin.py:154} INFO - [2025-02-22T22:11:10.660+0000] {dag.py:3722} INFO - Setting next_dagrun for example_task_group to 2025-02-21T22:11:10.660497+00:00, run_after=2025-02-22T22:11:10.660497+00:00
[2025-02-22T22:11:10.678+0000] {processor.py:179} INFO - Processing /home/airflow/.local/lib/python3.10/site-packages/airflow/example_dags/example_task_group.py took 0.120 seconds
[2025-02-22T22:11:41.195+0000] {processor.py:157} INFO - Started process (PID=447) to work on /home/airflow/.local/lib/python3.10/site-packages/airflow/example_dags/example_task_group.py
[2025-02-22T22:11:41.197+0000] {processor.py:829} INFO - Processing file /home/airflow/.local/lib/python3.10/site-packages/airflow/example_dags/example_task_group.py for tasks to queue
[2025-02-22T22:11:41.199+0000] {logging_mixin.py:154} INFO - [2025-02-22T22:11:41.198+0000] {dagbag.py:536} INFO - Filling up the DagBag from /home/airflow/.local/lib/python3.10/site-packages/airflow/example_dags/example_task_group.py
[2025-02-22T22:11:41.208+0000] {processor.py:839} INFO - DAG(s) dict_keys(['example_task_group']) retrieved from /home/airflow/.local/lib/python3.10/site-packages/airflow/example_dags/example_task_group.py
[2025-02-22T22:11:41.287+0000] {logging_mixin.py:154} INFO - [2025-02-22T22:11:41.287+0000] {dag.py:2941} INFO - Sync 1 DAGs
[2025-02-22T22:11:41.320+0000] {logging_mixin.py:154} INFO - [2025-02-22T22:11:41.319+0000] {dag.py:3722} INFO - Setting next_dagrun for example_task_group to 2025-02-21T22:11:41.319398+00:00, run_after=2025-02-22T22:11:41.319398+00:00
[2025-02-22T22:11:41.355+0000] {processor.py:179} INFO - Processing /home/airflow/.local/lib/python3.10/site-packages/airflow/example_dags/example_task_group.py took 0.161 seconds
[2025-02-22T22:12:12.197+0000] {processor.py:157} INFO - Started process (PID=515) to work on /home/airflow/.local/lib/python3.10/site-packages/airflow/example_dags/example_task_group.py
[2025-02-22T22:12:12.198+0000] {processor.py:829} INFO - Processing file /home/airflow/.local/lib/python3.10/site-packages/airflow/example_dags/example_task_group.py for tasks to queue
[2025-02-22T22:12:12.200+0000] {logging_mixin.py:154} INFO - [2025-02-22T22:12:12.199+0000] {dagbag.py:536} INFO - Filling up the DagBag from /home/airflow/.local/lib/python3.10/site-packages/airflow/example_dags/example_task_group.py
[2025-02-22T22:12:12.207+0000] {processor.py:839} INFO - DAG(s) dict_keys(['example_task_group']) retrieved from /home/airflow/.local/lib/python3.10/site-packages/airflow/example_dags/example_task_group.py
[2025-02-22T22:12:12.282+0000] {logging_mixin.py:154} INFO - [2025-02-22T22:12:12.282+0000] {dag.py:2941} INFO - Sync 1 DAGs
[2025-02-22T22:12:12.318+0000] {logging_mixin.py:154} INFO - [2025-02-22T22:12:12.318+0000] {dag.py:3722} INFO - Setting next_dagrun for example_task_group to 2025-02-21T22:12:12.317776+00:00, run_after=2025-02-22T22:12:12.317776+00:00
[2025-02-22T22:12:12.341+0000] {processor.py:179} INFO - Processing /home/airflow/.local/lib/python3.10/site-packages/airflow/example_dags/example_task_group.py took 0.147 seconds
[2025-02-22T22:12:42.755+0000] {processor.py:157} INFO - Started process (PID=576) to work on /home/airflow/.local/lib/python3.10/site-packages/airflow/example_dags/example_task_group.py
[2025-02-22T22:12:42.758+0000] {processor.py:829} INFO - Processing file /home/airflow/.local/lib/python3.10/site-packages/airflow/example_dags/example_task_group.py for tasks to queue
[2025-02-22T22:12:42.760+0000] {logging_mixin.py:154} INFO - [2025-02-22T22:12:42.760+0000] {dagbag.py:536} INFO - Filling up the DagBag from /home/airflow/.local/lib/python3.10/site-packages/airflow/example_dags/example_task_group.py
[2025-02-22T22:12:42.767+0000] {processor.py:839} INFO - DAG(s) dict_keys(['example_task_group']) retrieved from /home/airflow/.local/lib/python3.10/site-packages/airflow/example_dags/example_task_group.py
[2025-02-22T22:12:42.839+0000] {logging_mixin.py:154} INFO - [2025-02-22T22:12:42.839+0000] {dag.py:2941} INFO - Sync 1 DAGs
[2025-02-22T22:12:42.867+0000] {logging_mixin.py:154} INFO - [2025-02-22T22:12:42.867+0000] {dag.py:3722} INFO - Setting next_dagrun for example_task_group to 2025-02-21T22:12:42.867378+00:00, run_after=2025-02-22T22:12:42.867378+00:00
[2025-02-22T22:12:42.890+0000] {processor.py:179} INFO - Processing /home/airflow/.local/lib/python3.10/site-packages/airflow/example_dags/example_task_group.py took 0.137 seconds
[2025-02-22T22:13:14.265+0000] {processor.py:157} INFO - Started process (PID=643) to work on /home/airflow/.local/lib/python3.10/site-packages/airflow/example_dags/example_task_group.py
[2025-02-22T22:13:14.266+0000] {processor.py:829} INFO - Processing file /home/airflow/.local/lib/python3.10/site-packages/airflow/example_dags/example_task_group.py for tasks to queue
[2025-02-22T22:13:14.267+0000] {logging_mixin.py:154} INFO - [2025-02-22T22:13:14.267+0000] {dagbag.py:536} INFO - Filling up the DagBag from /home/airflow/.local/lib/python3.10/site-packages/airflow/example_dags/example_task_group.py
[2025-02-22T22:13:14.274+0000] {processor.py:839} INFO - DAG(s) dict_keys(['example_task_group']) retrieved from /home/airflow/.local/lib/python3.10/site-packages/airflow/example_dags/example_task_group.py
[2025-02-22T22:13:14.346+0000] {logging_mixin.py:154} INFO - [2025-02-22T22:13:14.346+0000] {dag.py:2941} INFO - Sync 1 DAGs
[2025-02-22T22:13:14.379+0000] {logging_mixin.py:154} INFO - [2025-02-22T22:13:14.378+0000] {dag.py:3722} INFO - Setting next_dagrun for example_task_group to 2025-02-21T22:13:14.378417+00:00, run_after=2025-02-22T22:13:14.378417+00:00
[2025-02-22T22:13:14.399+0000] {processor.py:179} INFO - Processing /home/airflow/.local/lib/python3.10/site-packages/airflow/example_dags/example_task_group.py took 0.137 seconds
[2025-02-22T22:13:44.636+0000] {processor.py:157} INFO - Started process (PID=711) to work on /home/airflow/.local/lib/python3.10/site-packages/airflow/example_dags/example_task_group.py
[2025-02-22T22:13:44.639+0000] {processor.py:829} INFO - Processing file /home/airflow/.local/lib/python3.10/site-packages/airflow/example_dags/example_task_group.py for tasks to queue
[2025-02-22T22:13:44.642+0000] {logging_mixin.py:154} INFO - [2025-02-22T22:13:44.642+0000] {dagbag.py:536} INFO - Filling up the DagBag from /home/airflow/.local/lib/python3.10/site-packages/airflow/example_dags/example_task_group.py
[2025-02-22T22:13:44.652+0000] {processor.py:839} INFO - DAG(s) dict_keys(['example_task_group']) retrieved from /home/airflow/.local/lib/python3.10/site-packages/airflow/example_dags/example_task_group.py
[2025-02-22T22:13:44.746+0000] {logging_mixin.py:154} INFO - [2025-02-22T22:13:44.745+0000] {dag.py:2941} INFO - Sync 1 DAGs
[2025-02-22T22:13:44.785+0000] {logging_mixin.py:154} INFO - [2025-02-22T22:13:44.785+0000] {dag.py:3722} INFO - Setting next_dagrun for example_task_group to 2025-02-21T22:13:44.784835+00:00, run_after=2025-02-22T22:13:44.784835+00:00
[2025-02-22T22:13:44.810+0000] {processor.py:179} INFO - Processing /home/airflow/.local/lib/python3.10/site-packages/airflow/example_dags/example_task_group.py took 0.176 seconds
[2025-02-22T22:14:14.944+0000] {processor.py:157} INFO - Started process (PID=772) to work on /home/airflow/.local/lib/python3.10/site-packages/airflow/example_dags/example_task_group.py
[2025-02-22T22:14:14.945+0000] {processor.py:829} INFO - Processing file /home/airflow/.local/lib/python3.10/site-packages/airflow/example_dags/example_task_group.py for tasks to queue
[2025-02-22T22:14:14.946+0000] {logging_mixin.py:154} INFO - [2025-02-22T22:14:14.946+0000] {dagbag.py:536} INFO - Filling up the DagBag from /home/airflow/.local/lib/python3.10/site-packages/airflow/example_dags/example_task_group.py
[2025-02-22T22:14:14.952+0000] {processor.py:839} INFO - DAG(s) dict_keys(['example_task_group']) retrieved from /home/airflow/.local/lib/python3.10/site-packages/airflow/example_dags/example_task_group.py
[2025-02-22T22:14:15.017+0000] {logging_mixin.py:154} INFO - [2025-02-22T22:14:15.017+0000] {dag.py:2941} INFO - Sync 1 DAGs
[2025-02-22T22:14:15.048+0000] {logging_mixin.py:154} INFO - [2025-02-22T22:14:15.047+0000] {dag.py:3722} INFO - Setting next_dagrun for example_task_group to 2025-02-21T22:14:15.047269+00:00, run_after=2025-02-22T22:14:15.047269+00:00
[2025-02-22T22:14:15.067+0000] {processor.py:179} INFO - Processing /home/airflow/.local/lib/python3.10/site-packages/airflow/example_dags/example_task_group.py took 0.125 seconds
[2025-02-22T22:14:45.830+0000] {processor.py:157} INFO - Started process (PID=840) to work on /home/airflow/.local/lib/python3.10/site-packages/airflow/example_dags/example_task_group.py
[2025-02-22T22:14:45.831+0000] {processor.py:829} INFO - Processing file /home/airflow/.local/lib/python3.10/site-packages/airflow/example_dags/example_task_group.py for tasks to queue
[2025-02-22T22:14:45.834+0000] {logging_mixin.py:154} INFO - [2025-02-22T22:14:45.834+0000] {dagbag.py:536} INFO - Filling up the DagBag from /home/airflow/.local/lib/python3.10/site-packages/airflow/example_dags/example_task_group.py
[2025-02-22T22:14:45.843+0000] {processor.py:839} INFO - DAG(s) dict_keys(['example_task_group']) retrieved from /home/airflow/.local/lib/python3.10/site-packages/airflow/example_dags/example_task_group.py
[2025-02-22T22:14:45.927+0000] {logging_mixin.py:154} INFO - [2025-02-22T22:14:45.927+0000] {dag.py:2941} INFO - Sync 1 DAGs
[2025-02-22T22:14:45.964+0000] {logging_mixin.py:154} INFO - [2025-02-22T22:14:45.964+0000] {dag.py:3722} INFO - Setting next_dagrun for example_task_group to 2025-02-21T22:14:45.963636+00:00, run_after=2025-02-22T22:14:45.963636+00:00
[2025-02-22T22:14:45.998+0000] {processor.py:179} INFO - Processing /home/airflow/.local/lib/python3.10/site-packages/airflow/example_dags/example_task_group.py took 0.170 seconds
[2025-02-22T22:15:16.877+0000] {processor.py:157} INFO - Started process (PID=901) to work on /home/airflow/.local/lib/python3.10/site-packages/airflow/example_dags/example_task_group.py
[2025-02-22T22:15:16.879+0000] {processor.py:829} INFO - Processing file /home/airflow/.local/lib/python3.10/site-packages/airflow/example_dags/example_task_group.py for tasks to queue
[2025-02-22T22:15:16.881+0000] {logging_mixin.py:154} INFO - [2025-02-22T22:15:16.880+0000] {dagbag.py:536} INFO - Filling up the DagBag from /home/airflow/.local/lib/python3.10/site-packages/airflow/example_dags/example_task_group.py
[2025-02-22T22:15:16.888+0000] {processor.py:839} INFO - DAG(s) dict_keys(['example_task_group']) retrieved from /home/airflow/.local/lib/python3.10/site-packages/airflow/example_dags/example_task_group.py
[2025-02-22T22:15:16.958+0000] {logging_mixin.py:154} INFO - [2025-02-22T22:15:16.957+0000] {dag.py:2941} INFO - Sync 1 DAGs
[2025-02-22T22:15:16.993+0000] {logging_mixin.py:154} INFO - [2025-02-22T22:15:16.992+0000] {dag.py:3722} INFO - Setting next_dagrun for example_task_group to 2025-02-21T22:15:16.992176+00:00, run_after=2025-02-22T22:15:16.992176+00:00
[2025-02-22T22:15:17.016+0000] {processor.py:179} INFO - Processing /home/airflow/.local/lib/python3.10/site-packages/airflow/example_dags/example_task_group.py took 0.142 seconds
[2025-02-22T22:15:47.287+0000] {processor.py:157} INFO - Started process (PID=969) to work on /home/airflow/.local/lib/python3.10/site-packages/airflow/example_dags/example_task_group.py
[2025-02-22T22:15:47.288+0000] {processor.py:829} INFO - Processing file /home/airflow/.local/lib/python3.10/site-packages/airflow/example_dags/example_task_group.py for tasks to queue
[2025-02-22T22:15:47.290+0000] {logging_mixin.py:154} INFO - [2025-02-22T22:15:47.290+0000] {dagbag.py:536} INFO - Filling up the DagBag from /home/airflow/.local/lib/python3.10/site-packages/airflow/example_dags/example_task_group.py
[2025-02-22T22:15:47.297+0000] {processor.py:839} INFO - DAG(s) dict_keys(['example_task_group']) retrieved from /home/airflow/.local/lib/python3.10/site-packages/airflow/example_dags/example_task_group.py
[2025-02-22T22:15:47.372+0000] {logging_mixin.py:154} INFO - [2025-02-22T22:15:47.371+0000] {dag.py:2941} INFO - Sync 1 DAGs
[2025-02-22T22:15:47.398+0000] {logging_mixin.py:154} INFO - [2025-02-22T22:15:47.398+0000] {dag.py:3722} INFO - Setting next_dagrun for example_task_group to 2025-02-21T22:15:47.398083+00:00, run_after=2025-02-22T22:15:47.398083+00:00
[2025-02-22T22:15:47.415+0000] {processor.py:179} INFO - Processing /home/airflow/.local/lib/python3.10/site-packages/airflow/example_dags/example_task_group.py took 0.130 seconds
[2025-02-22T22:16:18.425+0000] {processor.py:157} INFO - Started process (PID=1030) to work on /home/airflow/.local/lib/python3.10/site-packages/airflow/example_dags/example_task_group.py
[2025-02-22T22:16:18.426+0000] {processor.py:829} INFO - Processing file /home/airflow/.local/lib/python3.10/site-packages/airflow/example_dags/example_task_group.py for tasks to queue
[2025-02-22T22:16:18.428+0000] {logging_mixin.py:154} INFO - [2025-02-22T22:16:18.427+0000] {dagbag.py:536} INFO - Filling up the DagBag from /home/airflow/.local/lib/python3.10/site-packages/airflow/example_dags/example_task_group.py
[2025-02-22T22:16:18.436+0000] {processor.py:839} INFO - DAG(s) dict_keys(['example_task_group']) retrieved from /home/airflow/.local/lib/python3.10/site-packages/airflow/example_dags/example_task_group.py
[2025-02-22T22:16:18.524+0000] {logging_mixin.py:154} INFO - [2025-02-22T22:16:18.523+0000] {dag.py:2941} INFO - Sync 1 DAGs
[2025-02-22T22:16:18.551+0000] {logging_mixin.py:154} INFO - [2025-02-22T22:16:18.551+0000] {dag.py:3722} INFO - Setting next_dagrun for example_task_group to 2025-02-21T22:16:18.551307+00:00, run_after=2025-02-22T22:16:18.551307+00:00
[2025-02-22T22:16:18.571+0000] {processor.py:179} INFO - Processing /home/airflow/.local/lib/python3.10/site-packages/airflow/example_dags/example_task_group.py took 0.148 seconds
[2025-02-22T22:16:49.037+0000] {processor.py:157} INFO - Started process (PID=1098) to work on /home/airflow/.local/lib/python3.10/site-packages/airflow/example_dags/example_task_group.py
[2025-02-22T22:16:49.038+0000] {processor.py:829} INFO - Processing file /home/airflow/.local/lib/python3.10/site-packages/airflow/example_dags/example_task_group.py for tasks to queue
[2025-02-22T22:16:49.040+0000] {logging_mixin.py:154} INFO - [2025-02-22T22:16:49.039+0000] {dagbag.py:536} INFO - Filling up the DagBag from /home/airflow/.local/lib/python3.10/site-packages/airflow/example_dags/example_task_group.py
[2025-02-22T22:16:49.046+0000] {processor.py:839} INFO - DAG(s) dict_keys(['example_task_group']) retrieved from /home/airflow/.local/lib/python3.10/site-packages/airflow/example_dags/example_task_group.py
[2025-02-22T22:16:49.119+0000] {logging_mixin.py:154} INFO - [2025-02-22T22:16:49.118+0000] {dag.py:2941} INFO - Sync 1 DAGs
[2025-02-22T22:16:49.147+0000] {logging_mixin.py:154} INFO - [2025-02-22T22:16:49.146+0000] {dag.py:3722} INFO - Setting next_dagrun for example_task_group to 2025-02-21T22:16:49.146567+00:00, run_after=2025-02-22T22:16:49.146567+00:00
[2025-02-22T22:16:49.166+0000] {processor.py:179} INFO - Processing /home/airflow/.local/lib/python3.10/site-packages/airflow/example_dags/example_task_group.py took 0.131 seconds
