[2025-02-22T21:47:19.482+0000] {processor.py:157} INFO - Started process (PID=77) to work on /home/airflow/.local/lib/python3.10/site-packages/airflow/example_dags/example_trigger_controller_dag.py
[2025-02-22T21:47:19.483+0000] {processor.py:829} INFO - Processing file /home/airflow/.local/lib/python3.10/site-packages/airflow/example_dags/example_trigger_controller_dag.py for tasks to queue
[2025-02-22T21:47:19.485+0000] {logging_mixin.py:154} INFO - [2025-02-22T21:47:19.485+0000] {dagbag.py:536} INFO - Filling up the DagBag from /home/airflow/.local/lib/python3.10/site-packages/airflow/example_dags/example_trigger_controller_dag.py
[2025-02-22T21:47:19.494+0000] {processor.py:839} INFO - DAG(s) dict_keys(['example_trigger_controller_dag']) retrieved from /home/airflow/.local/lib/python3.10/site-packages/airflow/example_dags/example_trigger_controller_dag.py
[2025-02-22T21:47:19.689+0000] {logging_mixin.py:154} INFO - [2025-02-22T21:47:19.689+0000] {manager.py:499} INFO - Created Permission View: %s
[2025-02-22T21:47:19.702+0000] {logging_mixin.py:154} INFO - [2025-02-22T21:47:19.702+0000] {manager.py:499} INFO - Created Permission View: %s
[2025-02-22T21:47:19.715+0000] {logging_mixin.py:154} INFO - [2025-02-22T21:47:19.715+0000] {manager.py:499} INFO - Created Permission View: %s
[2025-02-22T21:47:19.718+0000] {logging_mixin.py:154} INFO - [2025-02-22T21:47:19.718+0000] {dag.py:2941} INFO - Sync 1 DAGs
[2025-02-22T21:47:19.728+0000] {logging_mixin.py:154} INFO - [2025-02-22T21:47:19.728+0000] {dag.py:2963} INFO - Creating ORM DAG for example_trigger_controller_dag
[2025-02-22T21:47:19.748+0000] {logging_mixin.py:154} INFO - [2025-02-22T21:47:19.748+0000] {dag.py:3722} INFO - Setting next_dagrun for example_trigger_controller_dag to 2021-01-01T00:00:00+00:00, run_after=2021-01-01T00:00:00+00:00
[2025-02-22T21:47:19.775+0000] {processor.py:179} INFO - Processing /home/airflow/.local/lib/python3.10/site-packages/airflow/example_dags/example_trigger_controller_dag.py took 0.297 seconds
[2025-02-22T21:49:00.262+0000] {processor.py:157} INFO - Started process (PID=70) to work on /home/airflow/.local/lib/python3.10/site-packages/airflow/example_dags/example_trigger_controller_dag.py
[2025-02-22T21:49:00.265+0000] {processor.py:829} INFO - Processing file /home/airflow/.local/lib/python3.10/site-packages/airflow/example_dags/example_trigger_controller_dag.py for tasks to queue
[2025-02-22T21:49:00.268+0000] {logging_mixin.py:154} INFO - [2025-02-22T21:49:00.268+0000] {dagbag.py:536} INFO - Filling up the DagBag from /home/airflow/.local/lib/python3.10/site-packages/airflow/example_dags/example_trigger_controller_dag.py
[2025-02-22T21:49:00.277+0000] {processor.py:839} INFO - DAG(s) dict_keys(['example_trigger_controller_dag']) retrieved from /home/airflow/.local/lib/python3.10/site-packages/airflow/example_dags/example_trigger_controller_dag.py
[2025-02-22T21:49:00.395+0000] {logging_mixin.py:154} INFO - [2025-02-22T21:49:00.395+0000] {dag.py:2941} INFO - Sync 1 DAGs
[2025-02-22T21:49:00.437+0000] {logging_mixin.py:154} INFO - [2025-02-22T21:49:00.436+0000] {dag.py:3722} INFO - Setting next_dagrun for example_trigger_controller_dag to 2021-01-01T00:00:00+00:00, run_after=2021-01-01T00:00:00+00:00
[2025-02-22T21:49:00.465+0000] {processor.py:179} INFO - Processing /home/airflow/.local/lib/python3.10/site-packages/airflow/example_dags/example_trigger_controller_dag.py took 0.206 seconds
[2025-02-22T21:56:50.991+0000] {processor.py:157} INFO - Started process (PID=70) to work on /home/airflow/.local/lib/python3.10/site-packages/airflow/example_dags/example_trigger_controller_dag.py
[2025-02-22T21:56:50.995+0000] {processor.py:829} INFO - Processing file /home/airflow/.local/lib/python3.10/site-packages/airflow/example_dags/example_trigger_controller_dag.py for tasks to queue
[2025-02-22T21:56:50.997+0000] {logging_mixin.py:154} INFO - [2025-02-22T21:56:50.997+0000] {dagbag.py:536} INFO - Filling up the DagBag from /home/airflow/.local/lib/python3.10/site-packages/airflow/example_dags/example_trigger_controller_dag.py
[2025-02-22T21:56:51.005+0000] {processor.py:839} INFO - DAG(s) dict_keys(['example_trigger_controller_dag']) retrieved from /home/airflow/.local/lib/python3.10/site-packages/airflow/example_dags/example_trigger_controller_dag.py
[2025-02-22T21:56:51.072+0000] {logging_mixin.py:154} INFO - [2025-02-22T21:56:51.072+0000] {dag.py:2941} INFO - Sync 1 DAGs
[2025-02-22T21:56:51.103+0000] {logging_mixin.py:154} INFO - [2025-02-22T21:56:51.103+0000] {dag.py:3722} INFO - Setting next_dagrun for example_trigger_controller_dag to 2021-01-01T00:00:00+00:00, run_after=2021-01-01T00:00:00+00:00
[2025-02-22T21:56:51.128+0000] {processor.py:179} INFO - Processing /home/airflow/.local/lib/python3.10/site-packages/airflow/example_dags/example_trigger_controller_dag.py took 0.141 seconds
[2025-02-22T21:57:21.251+0000] {processor.py:157} INFO - Started process (PID=138) to work on /home/airflow/.local/lib/python3.10/site-packages/airflow/example_dags/example_trigger_controller_dag.py
[2025-02-22T21:57:21.252+0000] {processor.py:829} INFO - Processing file /home/airflow/.local/lib/python3.10/site-packages/airflow/example_dags/example_trigger_controller_dag.py for tasks to queue
[2025-02-22T21:57:21.254+0000] {logging_mixin.py:154} INFO - [2025-02-22T21:57:21.254+0000] {dagbag.py:536} INFO - Filling up the DagBag from /home/airflow/.local/lib/python3.10/site-packages/airflow/example_dags/example_trigger_controller_dag.py
[2025-02-22T21:57:21.262+0000] {processor.py:839} INFO - DAG(s) dict_keys(['example_trigger_controller_dag']) retrieved from /home/airflow/.local/lib/python3.10/site-packages/airflow/example_dags/example_trigger_controller_dag.py
[2025-02-22T21:57:21.325+0000] {logging_mixin.py:154} INFO - [2025-02-22T21:57:21.325+0000] {dag.py:2941} INFO - Sync 1 DAGs
[2025-02-22T21:57:21.348+0000] {logging_mixin.py:154} INFO - [2025-02-22T21:57:21.348+0000] {dag.py:3722} INFO - Setting next_dagrun for example_trigger_controller_dag to 2021-01-01T00:00:00+00:00, run_after=2021-01-01T00:00:00+00:00
[2025-02-22T21:57:21.364+0000] {processor.py:179} INFO - Processing /home/airflow/.local/lib/python3.10/site-packages/airflow/example_dags/example_trigger_controller_dag.py took 0.116 seconds
[2025-02-22T21:59:55.366+0000] {processor.py:157} INFO - Started process (PID=70) to work on /home/airflow/.local/lib/python3.10/site-packages/airflow/example_dags/example_trigger_controller_dag.py
[2025-02-22T21:59:55.369+0000] {processor.py:829} INFO - Processing file /home/airflow/.local/lib/python3.10/site-packages/airflow/example_dags/example_trigger_controller_dag.py for tasks to queue
[2025-02-22T21:59:55.379+0000] {logging_mixin.py:154} INFO - [2025-02-22T21:59:55.376+0000] {dagbag.py:536} INFO - Filling up the DagBag from /home/airflow/.local/lib/python3.10/site-packages/airflow/example_dags/example_trigger_controller_dag.py
[2025-02-22T21:59:55.406+0000] {processor.py:839} INFO - DAG(s) dict_keys(['example_trigger_controller_dag']) retrieved from /home/airflow/.local/lib/python3.10/site-packages/airflow/example_dags/example_trigger_controller_dag.py
[2025-02-22T21:59:55.533+0000] {logging_mixin.py:154} INFO - [2025-02-22T21:59:55.532+0000] {dag.py:2941} INFO - Sync 1 DAGs
[2025-02-22T21:59:55.574+0000] {logging_mixin.py:154} INFO - [2025-02-22T21:59:55.573+0000] {dag.py:3722} INFO - Setting next_dagrun for example_trigger_controller_dag to 2021-01-01T00:00:00+00:00, run_after=2021-01-01T00:00:00+00:00
[2025-02-22T21:59:55.611+0000] {processor.py:179} INFO - Processing /home/airflow/.local/lib/python3.10/site-packages/airflow/example_dags/example_trigger_controller_dag.py took 0.251 seconds
[2025-02-22T22:00:25.845+0000] {processor.py:157} INFO - Started process (PID=138) to work on /home/airflow/.local/lib/python3.10/site-packages/airflow/example_dags/example_trigger_controller_dag.py
[2025-02-22T22:00:25.847+0000] {processor.py:829} INFO - Processing file /home/airflow/.local/lib/python3.10/site-packages/airflow/example_dags/example_trigger_controller_dag.py for tasks to queue
[2025-02-22T22:00:25.849+0000] {logging_mixin.py:154} INFO - [2025-02-22T22:00:25.848+0000] {dagbag.py:536} INFO - Filling up the DagBag from /home/airflow/.local/lib/python3.10/site-packages/airflow/example_dags/example_trigger_controller_dag.py
[2025-02-22T22:00:25.856+0000] {processor.py:839} INFO - DAG(s) dict_keys(['example_trigger_controller_dag']) retrieved from /home/airflow/.local/lib/python3.10/site-packages/airflow/example_dags/example_trigger_controller_dag.py
[2025-02-22T22:00:25.929+0000] {logging_mixin.py:154} INFO - [2025-02-22T22:00:25.928+0000] {dag.py:2941} INFO - Sync 1 DAGs
[2025-02-22T22:00:25.955+0000] {logging_mixin.py:154} INFO - [2025-02-22T22:00:25.955+0000] {dag.py:3722} INFO - Setting next_dagrun for example_trigger_controller_dag to 2021-01-01T00:00:00+00:00, run_after=2021-01-01T00:00:00+00:00
[2025-02-22T22:00:25.974+0000] {processor.py:179} INFO - Processing /home/airflow/.local/lib/python3.10/site-packages/airflow/example_dags/example_trigger_controller_dag.py took 0.132 seconds
[2025-02-22T22:00:56.281+0000] {processor.py:157} INFO - Started process (PID=199) to work on /home/airflow/.local/lib/python3.10/site-packages/airflow/example_dags/example_trigger_controller_dag.py
[2025-02-22T22:00:56.282+0000] {processor.py:829} INFO - Processing file /home/airflow/.local/lib/python3.10/site-packages/airflow/example_dags/example_trigger_controller_dag.py for tasks to queue
[2025-02-22T22:00:56.284+0000] {logging_mixin.py:154} INFO - [2025-02-22T22:00:56.284+0000] {dagbag.py:536} INFO - Filling up the DagBag from /home/airflow/.local/lib/python3.10/site-packages/airflow/example_dags/example_trigger_controller_dag.py
[2025-02-22T22:00:56.288+0000] {processor.py:839} INFO - DAG(s) dict_keys(['example_trigger_controller_dag']) retrieved from /home/airflow/.local/lib/python3.10/site-packages/airflow/example_dags/example_trigger_controller_dag.py
[2025-02-22T22:00:56.352+0000] {logging_mixin.py:154} INFO - [2025-02-22T22:00:56.352+0000] {dag.py:2941} INFO - Sync 1 DAGs
[2025-02-22T22:00:56.377+0000] {logging_mixin.py:154} INFO - [2025-02-22T22:00:56.377+0000] {dag.py:3722} INFO - Setting next_dagrun for example_trigger_controller_dag to 2021-01-01T00:00:00+00:00, run_after=2021-01-01T00:00:00+00:00
[2025-02-22T22:00:56.393+0000] {processor.py:179} INFO - Processing /home/airflow/.local/lib/python3.10/site-packages/airflow/example_dags/example_trigger_controller_dag.py took 0.114 seconds
[2025-02-22T22:01:26.726+0000] {processor.py:157} INFO - Started process (PID=267) to work on /home/airflow/.local/lib/python3.10/site-packages/airflow/example_dags/example_trigger_controller_dag.py
[2025-02-22T22:01:26.727+0000] {processor.py:829} INFO - Processing file /home/airflow/.local/lib/python3.10/site-packages/airflow/example_dags/example_trigger_controller_dag.py for tasks to queue
[2025-02-22T22:01:26.728+0000] {logging_mixin.py:154} INFO - [2025-02-22T22:01:26.728+0000] {dagbag.py:536} INFO - Filling up the DagBag from /home/airflow/.local/lib/python3.10/site-packages/airflow/example_dags/example_trigger_controller_dag.py
[2025-02-22T22:01:26.733+0000] {processor.py:839} INFO - DAG(s) dict_keys(['example_trigger_controller_dag']) retrieved from /home/airflow/.local/lib/python3.10/site-packages/airflow/example_dags/example_trigger_controller_dag.py
[2025-02-22T22:01:26.798+0000] {logging_mixin.py:154} INFO - [2025-02-22T22:01:26.797+0000] {dag.py:2941} INFO - Sync 1 DAGs
[2025-02-22T22:01:26.822+0000] {logging_mixin.py:154} INFO - [2025-02-22T22:01:26.822+0000] {dag.py:3722} INFO - Setting next_dagrun for example_trigger_controller_dag to 2021-01-01T00:00:00+00:00, run_after=2021-01-01T00:00:00+00:00
[2025-02-22T22:01:26.840+0000] {processor.py:179} INFO - Processing /home/airflow/.local/lib/python3.10/site-packages/airflow/example_dags/example_trigger_controller_dag.py took 0.115 seconds
[2025-02-22T22:01:57.306+0000] {processor.py:157} INFO - Started process (PID=327) to work on /home/airflow/.local/lib/python3.10/site-packages/airflow/example_dags/example_trigger_controller_dag.py
[2025-02-22T22:01:57.308+0000] {processor.py:829} INFO - Processing file /home/airflow/.local/lib/python3.10/site-packages/airflow/example_dags/example_trigger_controller_dag.py for tasks to queue
[2025-02-22T22:01:57.309+0000] {logging_mixin.py:154} INFO - [2025-02-22T22:01:57.309+0000] {dagbag.py:536} INFO - Filling up the DagBag from /home/airflow/.local/lib/python3.10/site-packages/airflow/example_dags/example_trigger_controller_dag.py
[2025-02-22T22:01:57.315+0000] {processor.py:839} INFO - DAG(s) dict_keys(['example_trigger_controller_dag']) retrieved from /home/airflow/.local/lib/python3.10/site-packages/airflow/example_dags/example_trigger_controller_dag.py
[2025-02-22T22:01:57.384+0000] {logging_mixin.py:154} INFO - [2025-02-22T22:01:57.384+0000] {dag.py:2941} INFO - Sync 1 DAGs
[2025-02-22T22:01:57.410+0000] {logging_mixin.py:154} INFO - [2025-02-22T22:01:57.410+0000] {dag.py:3722} INFO - Setting next_dagrun for example_trigger_controller_dag to 2021-01-01T00:00:00+00:00, run_after=2021-01-01T00:00:00+00:00
[2025-02-22T22:01:57.432+0000] {processor.py:179} INFO - Processing /home/airflow/.local/lib/python3.10/site-packages/airflow/example_dags/example_trigger_controller_dag.py took 0.130 seconds
[2025-02-22T22:02:28.303+0000] {processor.py:157} INFO - Started process (PID=394) to work on /home/airflow/.local/lib/python3.10/site-packages/airflow/example_dags/example_trigger_controller_dag.py
[2025-02-22T22:02:28.304+0000] {processor.py:829} INFO - Processing file /home/airflow/.local/lib/python3.10/site-packages/airflow/example_dags/example_trigger_controller_dag.py for tasks to queue
[2025-02-22T22:02:28.306+0000] {logging_mixin.py:154} INFO - [2025-02-22T22:02:28.306+0000] {dagbag.py:536} INFO - Filling up the DagBag from /home/airflow/.local/lib/python3.10/site-packages/airflow/example_dags/example_trigger_controller_dag.py
[2025-02-22T22:02:28.312+0000] {processor.py:839} INFO - DAG(s) dict_keys(['example_trigger_controller_dag']) retrieved from /home/airflow/.local/lib/python3.10/site-packages/airflow/example_dags/example_trigger_controller_dag.py
[2025-02-22T22:02:28.381+0000] {logging_mixin.py:154} INFO - [2025-02-22T22:02:28.381+0000] {dag.py:2941} INFO - Sync 1 DAGs
[2025-02-22T22:02:28.407+0000] {logging_mixin.py:154} INFO - [2025-02-22T22:02:28.407+0000] {dag.py:3722} INFO - Setting next_dagrun for example_trigger_controller_dag to 2021-01-01T00:00:00+00:00, run_after=2021-01-01T00:00:00+00:00
[2025-02-22T22:02:28.426+0000] {processor.py:179} INFO - Processing /home/airflow/.local/lib/python3.10/site-packages/airflow/example_dags/example_trigger_controller_dag.py took 0.126 seconds
[2025-02-22T22:02:59.023+0000] {processor.py:157} INFO - Started process (PID=462) to work on /home/airflow/.local/lib/python3.10/site-packages/airflow/example_dags/example_trigger_controller_dag.py
[2025-02-22T22:02:59.023+0000] {processor.py:829} INFO - Processing file /home/airflow/.local/lib/python3.10/site-packages/airflow/example_dags/example_trigger_controller_dag.py for tasks to queue
[2025-02-22T22:02:59.025+0000] {logging_mixin.py:154} INFO - [2025-02-22T22:02:59.025+0000] {dagbag.py:536} INFO - Filling up the DagBag from /home/airflow/.local/lib/python3.10/site-packages/airflow/example_dags/example_trigger_controller_dag.py
[2025-02-22T22:02:59.030+0000] {processor.py:839} INFO - DAG(s) dict_keys(['example_trigger_controller_dag']) retrieved from /home/airflow/.local/lib/python3.10/site-packages/airflow/example_dags/example_trigger_controller_dag.py
[2025-02-22T22:02:59.103+0000] {logging_mixin.py:154} INFO - [2025-02-22T22:02:59.102+0000] {dag.py:2941} INFO - Sync 1 DAGs
[2025-02-22T22:02:59.131+0000] {logging_mixin.py:154} INFO - [2025-02-22T22:02:59.131+0000] {dag.py:3722} INFO - Setting next_dagrun for example_trigger_controller_dag to 2021-01-01T00:00:00+00:00, run_after=2021-01-01T00:00:00+00:00
[2025-02-22T22:02:59.153+0000] {processor.py:179} INFO - Processing /home/airflow/.local/lib/python3.10/site-packages/airflow/example_dags/example_trigger_controller_dag.py took 0.132 seconds
[2025-02-22T22:03:43.373+0000] {processor.py:157} INFO - Started process (PID=71) to work on /home/airflow/.local/lib/python3.10/site-packages/airflow/example_dags/example_trigger_controller_dag.py
[2025-02-22T22:03:43.375+0000] {processor.py:829} INFO - Processing file /home/airflow/.local/lib/python3.10/site-packages/airflow/example_dags/example_trigger_controller_dag.py for tasks to queue
[2025-02-22T22:03:43.377+0000] {logging_mixin.py:154} INFO - [2025-02-22T22:03:43.377+0000] {dagbag.py:536} INFO - Filling up the DagBag from /home/airflow/.local/lib/python3.10/site-packages/airflow/example_dags/example_trigger_controller_dag.py
[2025-02-22T22:03:43.392+0000] {processor.py:839} INFO - DAG(s) dict_keys(['example_trigger_controller_dag']) retrieved from /home/airflow/.local/lib/python3.10/site-packages/airflow/example_dags/example_trigger_controller_dag.py
[2025-02-22T22:03:43.475+0000] {logging_mixin.py:154} INFO - [2025-02-22T22:03:43.475+0000] {dag.py:2941} INFO - Sync 1 DAGs
[2025-02-22T22:03:43.526+0000] {logging_mixin.py:154} INFO - [2025-02-22T22:03:43.525+0000] {dag.py:3722} INFO - Setting next_dagrun for example_trigger_controller_dag to 2021-01-01T00:00:00+00:00, run_after=2021-01-01T00:00:00+00:00
[2025-02-22T22:03:43.566+0000] {processor.py:179} INFO - Processing /home/airflow/.local/lib/python3.10/site-packages/airflow/example_dags/example_trigger_controller_dag.py took 0.196 seconds
[2025-02-22T22:04:14.519+0000] {processor.py:157} INFO - Started process (PID=139) to work on /home/airflow/.local/lib/python3.10/site-packages/airflow/example_dags/example_trigger_controller_dag.py
[2025-02-22T22:04:14.521+0000] {processor.py:829} INFO - Processing file /home/airflow/.local/lib/python3.10/site-packages/airflow/example_dags/example_trigger_controller_dag.py for tasks to queue
[2025-02-22T22:04:14.526+0000] {logging_mixin.py:154} INFO - [2025-02-22T22:04:14.526+0000] {dagbag.py:536} INFO - Filling up the DagBag from /home/airflow/.local/lib/python3.10/site-packages/airflow/example_dags/example_trigger_controller_dag.py
[2025-02-22T22:04:14.535+0000] {processor.py:839} INFO - DAG(s) dict_keys(['example_trigger_controller_dag']) retrieved from /home/airflow/.local/lib/python3.10/site-packages/airflow/example_dags/example_trigger_controller_dag.py
[2025-02-22T22:04:14.623+0000] {logging_mixin.py:154} INFO - [2025-02-22T22:04:14.622+0000] {dag.py:2941} INFO - Sync 1 DAGs
[2025-02-22T22:04:14.653+0000] {logging_mixin.py:154} INFO - [2025-02-22T22:04:14.653+0000] {dag.py:3722} INFO - Setting next_dagrun for example_trigger_controller_dag to 2021-01-01T00:00:00+00:00, run_after=2021-01-01T00:00:00+00:00
[2025-02-22T22:04:14.676+0000] {processor.py:179} INFO - Processing /home/airflow/.local/lib/python3.10/site-packages/airflow/example_dags/example_trigger_controller_dag.py took 0.159 seconds
[2025-02-22T22:04:44.742+0000] {processor.py:157} INFO - Started process (PID=200) to work on /home/airflow/.local/lib/python3.10/site-packages/airflow/example_dags/example_trigger_controller_dag.py
[2025-02-22T22:04:44.743+0000] {processor.py:829} INFO - Processing file /home/airflow/.local/lib/python3.10/site-packages/airflow/example_dags/example_trigger_controller_dag.py for tasks to queue
[2025-02-22T22:04:44.745+0000] {logging_mixin.py:154} INFO - [2025-02-22T22:04:44.745+0000] {dagbag.py:536} INFO - Filling up the DagBag from /home/airflow/.local/lib/python3.10/site-packages/airflow/example_dags/example_trigger_controller_dag.py
[2025-02-22T22:04:44.753+0000] {processor.py:839} INFO - DAG(s) dict_keys(['example_trigger_controller_dag']) retrieved from /home/airflow/.local/lib/python3.10/site-packages/airflow/example_dags/example_trigger_controller_dag.py
[2025-02-22T22:04:44.830+0000] {logging_mixin.py:154} INFO - [2025-02-22T22:04:44.830+0000] {dag.py:2941} INFO - Sync 1 DAGs
[2025-02-22T22:04:44.860+0000] {logging_mixin.py:154} INFO - [2025-02-22T22:04:44.860+0000] {dag.py:3722} INFO - Setting next_dagrun for example_trigger_controller_dag to 2021-01-01T00:00:00+00:00, run_after=2021-01-01T00:00:00+00:00
[2025-02-22T22:04:44.884+0000] {processor.py:179} INFO - Processing /home/airflow/.local/lib/python3.10/site-packages/airflow/example_dags/example_trigger_controller_dag.py took 0.146 seconds
[2025-02-22T22:05:15.399+0000] {processor.py:157} INFO - Started process (PID=268) to work on /home/airflow/.local/lib/python3.10/site-packages/airflow/example_dags/example_trigger_controller_dag.py
[2025-02-22T22:05:15.402+0000] {processor.py:829} INFO - Processing file /home/airflow/.local/lib/python3.10/site-packages/airflow/example_dags/example_trigger_controller_dag.py for tasks to queue
[2025-02-22T22:05:15.404+0000] {logging_mixin.py:154} INFO - [2025-02-22T22:05:15.404+0000] {dagbag.py:536} INFO - Filling up the DagBag from /home/airflow/.local/lib/python3.10/site-packages/airflow/example_dags/example_trigger_controller_dag.py
[2025-02-22T22:05:15.409+0000] {processor.py:839} INFO - DAG(s) dict_keys(['example_trigger_controller_dag']) retrieved from /home/airflow/.local/lib/python3.10/site-packages/airflow/example_dags/example_trigger_controller_dag.py
[2025-02-22T22:05:15.487+0000] {logging_mixin.py:154} INFO - [2025-02-22T22:05:15.487+0000] {dag.py:2941} INFO - Sync 1 DAGs
[2025-02-22T22:05:15.518+0000] {logging_mixin.py:154} INFO - [2025-02-22T22:05:15.517+0000] {dag.py:3722} INFO - Setting next_dagrun for example_trigger_controller_dag to 2021-01-01T00:00:00+00:00, run_after=2021-01-01T00:00:00+00:00
[2025-02-22T22:05:15.539+0000] {processor.py:179} INFO - Processing /home/airflow/.local/lib/python3.10/site-packages/airflow/example_dags/example_trigger_controller_dag.py took 0.143 seconds
[2025-02-22T22:05:45.869+0000] {processor.py:157} INFO - Started process (PID=329) to work on /home/airflow/.local/lib/python3.10/site-packages/airflow/example_dags/example_trigger_controller_dag.py
[2025-02-22T22:05:45.871+0000] {processor.py:829} INFO - Processing file /home/airflow/.local/lib/python3.10/site-packages/airflow/example_dags/example_trigger_controller_dag.py for tasks to queue
[2025-02-22T22:05:45.874+0000] {logging_mixin.py:154} INFO - [2025-02-22T22:05:45.874+0000] {dagbag.py:536} INFO - Filling up the DagBag from /home/airflow/.local/lib/python3.10/site-packages/airflow/example_dags/example_trigger_controller_dag.py
[2025-02-22T22:05:45.880+0000] {processor.py:839} INFO - DAG(s) dict_keys(['example_trigger_controller_dag']) retrieved from /home/airflow/.local/lib/python3.10/site-packages/airflow/example_dags/example_trigger_controller_dag.py
[2025-02-22T22:05:45.955+0000] {logging_mixin.py:154} INFO - [2025-02-22T22:05:45.955+0000] {dag.py:2941} INFO - Sync 1 DAGs
[2025-02-22T22:05:45.988+0000] {logging_mixin.py:154} INFO - [2025-02-22T22:05:45.987+0000] {dag.py:3722} INFO - Setting next_dagrun for example_trigger_controller_dag to 2021-01-01T00:00:00+00:00, run_after=2021-01-01T00:00:00+00:00
[2025-02-22T22:05:46.014+0000] {processor.py:179} INFO - Processing /home/airflow/.local/lib/python3.10/site-packages/airflow/example_dags/example_trigger_controller_dag.py took 0.147 seconds
[2025-02-22T22:06:16.274+0000] {processor.py:157} INFO - Started process (PID=397) to work on /home/airflow/.local/lib/python3.10/site-packages/airflow/example_dags/example_trigger_controller_dag.py
[2025-02-22T22:06:16.275+0000] {processor.py:829} INFO - Processing file /home/airflow/.local/lib/python3.10/site-packages/airflow/example_dags/example_trigger_controller_dag.py for tasks to queue
[2025-02-22T22:06:16.278+0000] {logging_mixin.py:154} INFO - [2025-02-22T22:06:16.277+0000] {dagbag.py:536} INFO - Filling up the DagBag from /home/airflow/.local/lib/python3.10/site-packages/airflow/example_dags/example_trigger_controller_dag.py
[2025-02-22T22:06:16.284+0000] {processor.py:839} INFO - DAG(s) dict_keys(['example_trigger_controller_dag']) retrieved from /home/airflow/.local/lib/python3.10/site-packages/airflow/example_dags/example_trigger_controller_dag.py
[2025-02-22T22:06:16.369+0000] {logging_mixin.py:154} INFO - [2025-02-22T22:06:16.368+0000] {dag.py:2941} INFO - Sync 1 DAGs
[2025-02-22T22:06:16.397+0000] {logging_mixin.py:154} INFO - [2025-02-22T22:06:16.396+0000] {dag.py:3722} INFO - Setting next_dagrun for example_trigger_controller_dag to 2021-01-01T00:00:00+00:00, run_after=2021-01-01T00:00:00+00:00
[2025-02-22T22:06:16.421+0000] {processor.py:179} INFO - Processing /home/airflow/.local/lib/python3.10/site-packages/airflow/example_dags/example_trigger_controller_dag.py took 0.149 seconds
[2025-02-22T22:06:47.048+0000] {processor.py:157} INFO - Started process (PID=458) to work on /home/airflow/.local/lib/python3.10/site-packages/airflow/example_dags/example_trigger_controller_dag.py
[2025-02-22T22:06:47.050+0000] {processor.py:829} INFO - Processing file /home/airflow/.local/lib/python3.10/site-packages/airflow/example_dags/example_trigger_controller_dag.py for tasks to queue
[2025-02-22T22:06:47.053+0000] {logging_mixin.py:154} INFO - [2025-02-22T22:06:47.053+0000] {dagbag.py:536} INFO - Filling up the DagBag from /home/airflow/.local/lib/python3.10/site-packages/airflow/example_dags/example_trigger_controller_dag.py
[2025-02-22T22:06:47.061+0000] {processor.py:839} INFO - DAG(s) dict_keys(['example_trigger_controller_dag']) retrieved from /home/airflow/.local/lib/python3.10/site-packages/airflow/example_dags/example_trigger_controller_dag.py
[2025-02-22T22:06:47.143+0000] {logging_mixin.py:154} INFO - [2025-02-22T22:06:47.143+0000] {dag.py:2941} INFO - Sync 1 DAGs
[2025-02-22T22:06:47.184+0000] {logging_mixin.py:154} INFO - [2025-02-22T22:06:47.184+0000] {dag.py:3722} INFO - Setting next_dagrun for example_trigger_controller_dag to 2021-01-01T00:00:00+00:00, run_after=2021-01-01T00:00:00+00:00
[2025-02-22T22:06:47.207+0000] {processor.py:179} INFO - Processing /home/airflow/.local/lib/python3.10/site-packages/airflow/example_dags/example_trigger_controller_dag.py took 0.162 seconds
[2025-02-22T22:07:17.629+0000] {processor.py:157} INFO - Started process (PID=526) to work on /home/airflow/.local/lib/python3.10/site-packages/airflow/example_dags/example_trigger_controller_dag.py
[2025-02-22T22:07:17.630+0000] {processor.py:829} INFO - Processing file /home/airflow/.local/lib/python3.10/site-packages/airflow/example_dags/example_trigger_controller_dag.py for tasks to queue
[2025-02-22T22:07:17.633+0000] {logging_mixin.py:154} INFO - [2025-02-22T22:07:17.632+0000] {dagbag.py:536} INFO - Filling up the DagBag from /home/airflow/.local/lib/python3.10/site-packages/airflow/example_dags/example_trigger_controller_dag.py
[2025-02-22T22:07:17.639+0000] {processor.py:839} INFO - DAG(s) dict_keys(['example_trigger_controller_dag']) retrieved from /home/airflow/.local/lib/python3.10/site-packages/airflow/example_dags/example_trigger_controller_dag.py
[2025-02-22T22:07:17.721+0000] {logging_mixin.py:154} INFO - [2025-02-22T22:07:17.721+0000] {dag.py:2941} INFO - Sync 1 DAGs
[2025-02-22T22:07:17.753+0000] {logging_mixin.py:154} INFO - [2025-02-22T22:07:17.753+0000] {dag.py:3722} INFO - Setting next_dagrun for example_trigger_controller_dag to 2021-01-01T00:00:00+00:00, run_after=2021-01-01T00:00:00+00:00
[2025-02-22T22:07:17.780+0000] {processor.py:179} INFO - Processing /home/airflow/.local/lib/python3.10/site-packages/airflow/example_dags/example_trigger_controller_dag.py took 0.156 seconds
[2025-02-22T22:07:48.072+0000] {processor.py:157} INFO - Started process (PID=594) to work on /home/airflow/.local/lib/python3.10/site-packages/airflow/example_dags/example_trigger_controller_dag.py
[2025-02-22T22:07:48.073+0000] {processor.py:829} INFO - Processing file /home/airflow/.local/lib/python3.10/site-packages/airflow/example_dags/example_trigger_controller_dag.py for tasks to queue
[2025-02-22T22:07:48.076+0000] {logging_mixin.py:154} INFO - [2025-02-22T22:07:48.075+0000] {dagbag.py:536} INFO - Filling up the DagBag from /home/airflow/.local/lib/python3.10/site-packages/airflow/example_dags/example_trigger_controller_dag.py
[2025-02-22T22:07:48.084+0000] {processor.py:839} INFO - DAG(s) dict_keys(['example_trigger_controller_dag']) retrieved from /home/airflow/.local/lib/python3.10/site-packages/airflow/example_dags/example_trigger_controller_dag.py
[2025-02-22T22:07:48.165+0000] {logging_mixin.py:154} INFO - [2025-02-22T22:07:48.164+0000] {dag.py:2941} INFO - Sync 1 DAGs
[2025-02-22T22:07:48.199+0000] {logging_mixin.py:154} INFO - [2025-02-22T22:07:48.199+0000] {dag.py:3722} INFO - Setting next_dagrun for example_trigger_controller_dag to 2021-01-01T00:00:00+00:00, run_after=2021-01-01T00:00:00+00:00
[2025-02-22T22:07:48.223+0000] {processor.py:179} INFO - Processing /home/airflow/.local/lib/python3.10/site-packages/airflow/example_dags/example_trigger_controller_dag.py took 0.154 seconds
[2025-02-22T22:08:39.347+0000] {processor.py:157} INFO - Started process (PID=76) to work on /home/airflow/.local/lib/python3.10/site-packages/airflow/example_dags/example_trigger_controller_dag.py
[2025-02-22T22:08:39.349+0000] {processor.py:829} INFO - Processing file /home/airflow/.local/lib/python3.10/site-packages/airflow/example_dags/example_trigger_controller_dag.py for tasks to queue
[2025-02-22T22:08:39.351+0000] {logging_mixin.py:154} INFO - [2025-02-22T22:08:39.351+0000] {dagbag.py:536} INFO - Filling up the DagBag from /home/airflow/.local/lib/python3.10/site-packages/airflow/example_dags/example_trigger_controller_dag.py
[2025-02-22T22:08:39.367+0000] {processor.py:839} INFO - DAG(s) dict_keys(['example_trigger_controller_dag']) retrieved from /home/airflow/.local/lib/python3.10/site-packages/airflow/example_dags/example_trigger_controller_dag.py
[2025-02-22T22:08:39.494+0000] {logging_mixin.py:154} INFO - [2025-02-22T22:08:39.494+0000] {dag.py:2941} INFO - Sync 1 DAGs
[2025-02-22T22:08:39.548+0000] {logging_mixin.py:154} INFO - [2025-02-22T22:08:39.547+0000] {dag.py:3722} INFO - Setting next_dagrun for example_trigger_controller_dag to 2021-01-01T00:00:00+00:00, run_after=2021-01-01T00:00:00+00:00
[2025-02-22T22:08:39.584+0000] {processor.py:179} INFO - Processing /home/airflow/.local/lib/python3.10/site-packages/airflow/example_dags/example_trigger_controller_dag.py took 0.242 seconds
[2025-02-22T22:09:09.722+0000] {processor.py:157} INFO - Started process (PID=137) to work on /home/airflow/.local/lib/python3.10/site-packages/airflow/example_dags/example_trigger_controller_dag.py
[2025-02-22T22:09:09.723+0000] {processor.py:829} INFO - Processing file /home/airflow/.local/lib/python3.10/site-packages/airflow/example_dags/example_trigger_controller_dag.py for tasks to queue
[2025-02-22T22:09:09.725+0000] {logging_mixin.py:154} INFO - [2025-02-22T22:09:09.725+0000] {dagbag.py:536} INFO - Filling up the DagBag from /home/airflow/.local/lib/python3.10/site-packages/airflow/example_dags/example_trigger_controller_dag.py
[2025-02-22T22:09:09.730+0000] {processor.py:839} INFO - DAG(s) dict_keys(['example_trigger_controller_dag']) retrieved from /home/airflow/.local/lib/python3.10/site-packages/airflow/example_dags/example_trigger_controller_dag.py
[2025-02-22T22:09:09.798+0000] {logging_mixin.py:154} INFO - [2025-02-22T22:09:09.797+0000] {dag.py:2941} INFO - Sync 1 DAGs
[2025-02-22T22:09:09.826+0000] {logging_mixin.py:154} INFO - [2025-02-22T22:09:09.826+0000] {dag.py:3722} INFO - Setting next_dagrun for example_trigger_controller_dag to 2021-01-01T00:00:00+00:00, run_after=2021-01-01T00:00:00+00:00
[2025-02-22T22:09:09.846+0000] {processor.py:179} INFO - Processing /home/airflow/.local/lib/python3.10/site-packages/airflow/example_dags/example_trigger_controller_dag.py took 0.126 seconds
[2025-02-22T22:09:39.893+0000] {processor.py:157} INFO - Started process (PID=197) to work on /home/airflow/.local/lib/python3.10/site-packages/airflow/example_dags/example_trigger_controller_dag.py
[2025-02-22T22:09:39.896+0000] {processor.py:829} INFO - Processing file /home/airflow/.local/lib/python3.10/site-packages/airflow/example_dags/example_trigger_controller_dag.py for tasks to queue
[2025-02-22T22:09:39.897+0000] {logging_mixin.py:154} INFO - [2025-02-22T22:09:39.897+0000] {dagbag.py:536} INFO - Filling up the DagBag from /home/airflow/.local/lib/python3.10/site-packages/airflow/example_dags/example_trigger_controller_dag.py
[2025-02-22T22:09:39.903+0000] {processor.py:839} INFO - DAG(s) dict_keys(['example_trigger_controller_dag']) retrieved from /home/airflow/.local/lib/python3.10/site-packages/airflow/example_dags/example_trigger_controller_dag.py
[2025-02-22T22:09:39.970+0000] {logging_mixin.py:154} INFO - [2025-02-22T22:09:39.970+0000] {dag.py:2941} INFO - Sync 1 DAGs
[2025-02-22T22:09:39.997+0000] {logging_mixin.py:154} INFO - [2025-02-22T22:09:39.997+0000] {dag.py:3722} INFO - Setting next_dagrun for example_trigger_controller_dag to 2021-01-01T00:00:00+00:00, run_after=2021-01-01T00:00:00+00:00
[2025-02-22T22:09:40.013+0000] {processor.py:179} INFO - Processing /home/airflow/.local/lib/python3.10/site-packages/airflow/example_dags/example_trigger_controller_dag.py took 0.122 seconds
[2025-02-22T22:10:10.176+0000] {processor.py:157} INFO - Started process (PID=265) to work on /home/airflow/.local/lib/python3.10/site-packages/airflow/example_dags/example_trigger_controller_dag.py
[2025-02-22T22:10:10.176+0000] {processor.py:829} INFO - Processing file /home/airflow/.local/lib/python3.10/site-packages/airflow/example_dags/example_trigger_controller_dag.py for tasks to queue
[2025-02-22T22:10:10.178+0000] {logging_mixin.py:154} INFO - [2025-02-22T22:10:10.178+0000] {dagbag.py:536} INFO - Filling up the DagBag from /home/airflow/.local/lib/python3.10/site-packages/airflow/example_dags/example_trigger_controller_dag.py
[2025-02-22T22:10:10.182+0000] {processor.py:839} INFO - DAG(s) dict_keys(['example_trigger_controller_dag']) retrieved from /home/airflow/.local/lib/python3.10/site-packages/airflow/example_dags/example_trigger_controller_dag.py
[2025-02-22T22:10:10.243+0000] {logging_mixin.py:154} INFO - [2025-02-22T22:10:10.243+0000] {dag.py:2941} INFO - Sync 1 DAGs
[2025-02-22T22:10:10.267+0000] {logging_mixin.py:154} INFO - [2025-02-22T22:10:10.267+0000] {dag.py:3722} INFO - Setting next_dagrun for example_trigger_controller_dag to 2021-01-01T00:00:00+00:00, run_after=2021-01-01T00:00:00+00:00
[2025-02-22T22:10:10.283+0000] {processor.py:179} INFO - Processing /home/airflow/.local/lib/python3.10/site-packages/airflow/example_dags/example_trigger_controller_dag.py took 0.109 seconds
[2025-02-22T22:10:40.333+0000] {processor.py:157} INFO - Started process (PID=326) to work on /home/airflow/.local/lib/python3.10/site-packages/airflow/example_dags/example_trigger_controller_dag.py
[2025-02-22T22:10:40.334+0000] {processor.py:829} INFO - Processing file /home/airflow/.local/lib/python3.10/site-packages/airflow/example_dags/example_trigger_controller_dag.py for tasks to queue
[2025-02-22T22:10:40.336+0000] {logging_mixin.py:154} INFO - [2025-02-22T22:10:40.335+0000] {dagbag.py:536} INFO - Filling up the DagBag from /home/airflow/.local/lib/python3.10/site-packages/airflow/example_dags/example_trigger_controller_dag.py
[2025-02-22T22:10:40.340+0000] {processor.py:839} INFO - DAG(s) dict_keys(['example_trigger_controller_dag']) retrieved from /home/airflow/.local/lib/python3.10/site-packages/airflow/example_dags/example_trigger_controller_dag.py
[2025-02-22T22:10:40.401+0000] {logging_mixin.py:154} INFO - [2025-02-22T22:10:40.401+0000] {dag.py:2941} INFO - Sync 1 DAGs
[2025-02-22T22:10:40.426+0000] {logging_mixin.py:154} INFO - [2025-02-22T22:10:40.426+0000] {dag.py:3722} INFO - Setting next_dagrun for example_trigger_controller_dag to 2021-01-01T00:00:00+00:00, run_after=2021-01-01T00:00:00+00:00
[2025-02-22T22:10:40.442+0000] {processor.py:179} INFO - Processing /home/airflow/.local/lib/python3.10/site-packages/airflow/example_dags/example_trigger_controller_dag.py took 0.110 seconds
[2025-02-22T22:11:10.951+0000] {processor.py:157} INFO - Started process (PID=392) to work on /home/airflow/.local/lib/python3.10/site-packages/airflow/example_dags/example_trigger_controller_dag.py
[2025-02-22T22:11:10.952+0000] {processor.py:829} INFO - Processing file /home/airflow/.local/lib/python3.10/site-packages/airflow/example_dags/example_trigger_controller_dag.py for tasks to queue
[2025-02-22T22:11:10.953+0000] {logging_mixin.py:154} INFO - [2025-02-22T22:11:10.953+0000] {dagbag.py:536} INFO - Filling up the DagBag from /home/airflow/.local/lib/python3.10/site-packages/airflow/example_dags/example_trigger_controller_dag.py
[2025-02-22T22:11:10.958+0000] {processor.py:839} INFO - DAG(s) dict_keys(['example_trigger_controller_dag']) retrieved from /home/airflow/.local/lib/python3.10/site-packages/airflow/example_dags/example_trigger_controller_dag.py
[2025-02-22T22:11:11.025+0000] {logging_mixin.py:154} INFO - [2025-02-22T22:11:11.025+0000] {dag.py:2941} INFO - Sync 1 DAGs
[2025-02-22T22:11:11.052+0000] {logging_mixin.py:154} INFO - [2025-02-22T22:11:11.052+0000] {dag.py:3722} INFO - Setting next_dagrun for example_trigger_controller_dag to 2021-01-01T00:00:00+00:00, run_after=2021-01-01T00:00:00+00:00
[2025-02-22T22:11:11.073+0000] {processor.py:179} INFO - Processing /home/airflow/.local/lib/python3.10/site-packages/airflow/example_dags/example_trigger_controller_dag.py took 0.124 seconds
[2025-02-22T22:11:41.678+0000] {processor.py:157} INFO - Started process (PID=453) to work on /home/airflow/.local/lib/python3.10/site-packages/airflow/example_dags/example_trigger_controller_dag.py
[2025-02-22T22:11:41.680+0000] {processor.py:829} INFO - Processing file /home/airflow/.local/lib/python3.10/site-packages/airflow/example_dags/example_trigger_controller_dag.py for tasks to queue
[2025-02-22T22:11:41.681+0000] {logging_mixin.py:154} INFO - [2025-02-22T22:11:41.681+0000] {dagbag.py:536} INFO - Filling up the DagBag from /home/airflow/.local/lib/python3.10/site-packages/airflow/example_dags/example_trigger_controller_dag.py
[2025-02-22T22:11:41.686+0000] {processor.py:839} INFO - DAG(s) dict_keys(['example_trigger_controller_dag']) retrieved from /home/airflow/.local/lib/python3.10/site-packages/airflow/example_dags/example_trigger_controller_dag.py
[2025-02-22T22:11:41.752+0000] {logging_mixin.py:154} INFO - [2025-02-22T22:11:41.751+0000] {dag.py:2941} INFO - Sync 1 DAGs
[2025-02-22T22:11:41.790+0000] {logging_mixin.py:154} INFO - [2025-02-22T22:11:41.790+0000] {dag.py:3722} INFO - Setting next_dagrun for example_trigger_controller_dag to 2021-01-01T00:00:00+00:00, run_after=2021-01-01T00:00:00+00:00
[2025-02-22T22:11:41.817+0000] {processor.py:179} INFO - Processing /home/airflow/.local/lib/python3.10/site-packages/airflow/example_dags/example_trigger_controller_dag.py took 0.141 seconds
[2025-02-22T22:12:12.605+0000] {processor.py:157} INFO - Started process (PID=521) to work on /home/airflow/.local/lib/python3.10/site-packages/airflow/example_dags/example_trigger_controller_dag.py
[2025-02-22T22:12:12.606+0000] {processor.py:829} INFO - Processing file /home/airflow/.local/lib/python3.10/site-packages/airflow/example_dags/example_trigger_controller_dag.py for tasks to queue
[2025-02-22T22:12:12.608+0000] {logging_mixin.py:154} INFO - [2025-02-22T22:12:12.607+0000] {dagbag.py:536} INFO - Filling up the DagBag from /home/airflow/.local/lib/python3.10/site-packages/airflow/example_dags/example_trigger_controller_dag.py
[2025-02-22T22:12:12.613+0000] {processor.py:839} INFO - DAG(s) dict_keys(['example_trigger_controller_dag']) retrieved from /home/airflow/.local/lib/python3.10/site-packages/airflow/example_dags/example_trigger_controller_dag.py
[2025-02-22T22:12:12.678+0000] {logging_mixin.py:154} INFO - [2025-02-22T22:12:12.678+0000] {dag.py:2941} INFO - Sync 1 DAGs
[2025-02-22T22:12:12.705+0000] {logging_mixin.py:154} INFO - [2025-02-22T22:12:12.705+0000] {dag.py:3722} INFO - Setting next_dagrun for example_trigger_controller_dag to 2021-01-01T00:00:00+00:00, run_after=2021-01-01T00:00:00+00:00
[2025-02-22T22:12:12.725+0000] {processor.py:179} INFO - Processing /home/airflow/.local/lib/python3.10/site-packages/airflow/example_dags/example_trigger_controller_dag.py took 0.121 seconds
[2025-02-22T22:12:43.260+0000] {processor.py:157} INFO - Started process (PID=582) to work on /home/airflow/.local/lib/python3.10/site-packages/airflow/example_dags/example_trigger_controller_dag.py
[2025-02-22T22:12:43.262+0000] {processor.py:829} INFO - Processing file /home/airflow/.local/lib/python3.10/site-packages/airflow/example_dags/example_trigger_controller_dag.py for tasks to queue
[2025-02-22T22:12:43.270+0000] {logging_mixin.py:154} INFO - [2025-02-22T22:12:43.268+0000] {dagbag.py:536} INFO - Filling up the DagBag from /home/airflow/.local/lib/python3.10/site-packages/airflow/example_dags/example_trigger_controller_dag.py
[2025-02-22T22:12:43.289+0000] {processor.py:839} INFO - DAG(s) dict_keys(['example_trigger_controller_dag']) retrieved from /home/airflow/.local/lib/python3.10/site-packages/airflow/example_dags/example_trigger_controller_dag.py
[2025-02-22T22:12:43.576+0000] {logging_mixin.py:154} INFO - [2025-02-22T22:12:43.576+0000] {dag.py:2941} INFO - Sync 1 DAGs
[2025-02-22T22:12:43.647+0000] {logging_mixin.py:154} INFO - [2025-02-22T22:12:43.647+0000] {dag.py:3722} INFO - Setting next_dagrun for example_trigger_controller_dag to 2021-01-01T00:00:00+00:00, run_after=2021-01-01T00:00:00+00:00
[2025-02-22T22:12:43.719+0000] {processor.py:179} INFO - Processing /home/airflow/.local/lib/python3.10/site-packages/airflow/example_dags/example_trigger_controller_dag.py took 0.464 seconds
[2025-02-22T22:13:14.692+0000] {processor.py:157} INFO - Started process (PID=649) to work on /home/airflow/.local/lib/python3.10/site-packages/airflow/example_dags/example_trigger_controller_dag.py
[2025-02-22T22:13:14.693+0000] {processor.py:829} INFO - Processing file /home/airflow/.local/lib/python3.10/site-packages/airflow/example_dags/example_trigger_controller_dag.py for tasks to queue
[2025-02-22T22:13:14.695+0000] {logging_mixin.py:154} INFO - [2025-02-22T22:13:14.694+0000] {dagbag.py:536} INFO - Filling up the DagBag from /home/airflow/.local/lib/python3.10/site-packages/airflow/example_dags/example_trigger_controller_dag.py
[2025-02-22T22:13:14.699+0000] {processor.py:839} INFO - DAG(s) dict_keys(['example_trigger_controller_dag']) retrieved from /home/airflow/.local/lib/python3.10/site-packages/airflow/example_dags/example_trigger_controller_dag.py
[2025-02-22T22:13:14.768+0000] {logging_mixin.py:154} INFO - [2025-02-22T22:13:14.767+0000] {dag.py:2941} INFO - Sync 1 DAGs
[2025-02-22T22:13:14.800+0000] {logging_mixin.py:154} INFO - [2025-02-22T22:13:14.800+0000] {dag.py:3722} INFO - Setting next_dagrun for example_trigger_controller_dag to 2021-01-01T00:00:00+00:00, run_after=2021-01-01T00:00:00+00:00
[2025-02-22T22:13:14.822+0000] {processor.py:179} INFO - Processing /home/airflow/.local/lib/python3.10/site-packages/airflow/example_dags/example_trigger_controller_dag.py took 0.132 seconds
[2025-02-22T22:13:45.156+0000] {processor.py:157} INFO - Started process (PID=717) to work on /home/airflow/.local/lib/python3.10/site-packages/airflow/example_dags/example_trigger_controller_dag.py
[2025-02-22T22:13:45.158+0000] {processor.py:829} INFO - Processing file /home/airflow/.local/lib/python3.10/site-packages/airflow/example_dags/example_trigger_controller_dag.py for tasks to queue
[2025-02-22T22:13:45.159+0000] {logging_mixin.py:154} INFO - [2025-02-22T22:13:45.159+0000] {dagbag.py:536} INFO - Filling up the DagBag from /home/airflow/.local/lib/python3.10/site-packages/airflow/example_dags/example_trigger_controller_dag.py
[2025-02-22T22:13:45.164+0000] {processor.py:839} INFO - DAG(s) dict_keys(['example_trigger_controller_dag']) retrieved from /home/airflow/.local/lib/python3.10/site-packages/airflow/example_dags/example_trigger_controller_dag.py
[2025-02-22T22:13:45.236+0000] {logging_mixin.py:154} INFO - [2025-02-22T22:13:45.236+0000] {dag.py:2941} INFO - Sync 1 DAGs
[2025-02-22T22:13:45.265+0000] {logging_mixin.py:154} INFO - [2025-02-22T22:13:45.264+0000] {dag.py:3722} INFO - Setting next_dagrun for example_trigger_controller_dag to 2021-01-01T00:00:00+00:00, run_after=2021-01-01T00:00:00+00:00
[2025-02-22T22:13:45.288+0000] {processor.py:179} INFO - Processing /home/airflow/.local/lib/python3.10/site-packages/airflow/example_dags/example_trigger_controller_dag.py took 0.133 seconds
[2025-02-22T22:14:15.431+0000] {processor.py:157} INFO - Started process (PID=778) to work on /home/airflow/.local/lib/python3.10/site-packages/airflow/example_dags/example_trigger_controller_dag.py
[2025-02-22T22:14:15.433+0000] {processor.py:829} INFO - Processing file /home/airflow/.local/lib/python3.10/site-packages/airflow/example_dags/example_trigger_controller_dag.py for tasks to queue
[2025-02-22T22:14:15.434+0000] {logging_mixin.py:154} INFO - [2025-02-22T22:14:15.434+0000] {dagbag.py:536} INFO - Filling up the DagBag from /home/airflow/.local/lib/python3.10/site-packages/airflow/example_dags/example_trigger_controller_dag.py
[2025-02-22T22:14:15.440+0000] {processor.py:839} INFO - DAG(s) dict_keys(['example_trigger_controller_dag']) retrieved from /home/airflow/.local/lib/python3.10/site-packages/airflow/example_dags/example_trigger_controller_dag.py
[2025-02-22T22:14:15.507+0000] {logging_mixin.py:154} INFO - [2025-02-22T22:14:15.507+0000] {dag.py:2941} INFO - Sync 1 DAGs
[2025-02-22T22:14:15.536+0000] {logging_mixin.py:154} INFO - [2025-02-22T22:14:15.535+0000] {dag.py:3722} INFO - Setting next_dagrun for example_trigger_controller_dag to 2021-01-01T00:00:00+00:00, run_after=2021-01-01T00:00:00+00:00
[2025-02-22T22:14:15.555+0000] {processor.py:179} INFO - Processing /home/airflow/.local/lib/python3.10/site-packages/airflow/example_dags/example_trigger_controller_dag.py took 0.126 seconds
[2025-02-22T22:14:46.375+0000] {processor.py:157} INFO - Started process (PID=846) to work on /home/airflow/.local/lib/python3.10/site-packages/airflow/example_dags/example_trigger_controller_dag.py
[2025-02-22T22:14:46.377+0000] {processor.py:829} INFO - Processing file /home/airflow/.local/lib/python3.10/site-packages/airflow/example_dags/example_trigger_controller_dag.py for tasks to queue
[2025-02-22T22:14:46.379+0000] {logging_mixin.py:154} INFO - [2025-02-22T22:14:46.379+0000] {dagbag.py:536} INFO - Filling up the DagBag from /home/airflow/.local/lib/python3.10/site-packages/airflow/example_dags/example_trigger_controller_dag.py
[2025-02-22T22:14:46.385+0000] {processor.py:839} INFO - DAG(s) dict_keys(['example_trigger_controller_dag']) retrieved from /home/airflow/.local/lib/python3.10/site-packages/airflow/example_dags/example_trigger_controller_dag.py
[2025-02-22T22:14:46.462+0000] {logging_mixin.py:154} INFO - [2025-02-22T22:14:46.462+0000] {dag.py:2941} INFO - Sync 1 DAGs
[2025-02-22T22:14:46.495+0000] {logging_mixin.py:154} INFO - [2025-02-22T22:14:46.495+0000] {dag.py:3722} INFO - Setting next_dagrun for example_trigger_controller_dag to 2021-01-01T00:00:00+00:00, run_after=2021-01-01T00:00:00+00:00
[2025-02-22T22:14:46.519+0000] {processor.py:179} INFO - Processing /home/airflow/.local/lib/python3.10/site-packages/airflow/example_dags/example_trigger_controller_dag.py took 0.146 seconds
[2025-02-22T22:15:17.318+0000] {processor.py:157} INFO - Started process (PID=907) to work on /home/airflow/.local/lib/python3.10/site-packages/airflow/example_dags/example_trigger_controller_dag.py
[2025-02-22T22:15:17.319+0000] {processor.py:829} INFO - Processing file /home/airflow/.local/lib/python3.10/site-packages/airflow/example_dags/example_trigger_controller_dag.py for tasks to queue
[2025-02-22T22:15:17.321+0000] {logging_mixin.py:154} INFO - [2025-02-22T22:15:17.321+0000] {dagbag.py:536} INFO - Filling up the DagBag from /home/airflow/.local/lib/python3.10/site-packages/airflow/example_dags/example_trigger_controller_dag.py
[2025-02-22T22:15:17.327+0000] {processor.py:839} INFO - DAG(s) dict_keys(['example_trigger_controller_dag']) retrieved from /home/airflow/.local/lib/python3.10/site-packages/airflow/example_dags/example_trigger_controller_dag.py
[2025-02-22T22:15:17.396+0000] {logging_mixin.py:154} INFO - [2025-02-22T22:15:17.396+0000] {dag.py:2941} INFO - Sync 1 DAGs
[2025-02-22T22:15:17.428+0000] {logging_mixin.py:154} INFO - [2025-02-22T22:15:17.427+0000] {dag.py:3722} INFO - Setting next_dagrun for example_trigger_controller_dag to 2021-01-01T00:00:00+00:00, run_after=2021-01-01T00:00:00+00:00
[2025-02-22T22:15:17.445+0000] {processor.py:179} INFO - Processing /home/airflow/.local/lib/python3.10/site-packages/airflow/example_dags/example_trigger_controller_dag.py took 0.129 seconds
[2025-02-22T22:15:47.707+0000] {processor.py:157} INFO - Started process (PID=975) to work on /home/airflow/.local/lib/python3.10/site-packages/airflow/example_dags/example_trigger_controller_dag.py
[2025-02-22T22:15:47.708+0000] {processor.py:829} INFO - Processing file /home/airflow/.local/lib/python3.10/site-packages/airflow/example_dags/example_trigger_controller_dag.py for tasks to queue
[2025-02-22T22:15:47.710+0000] {logging_mixin.py:154} INFO - [2025-02-22T22:15:47.709+0000] {dagbag.py:536} INFO - Filling up the DagBag from /home/airflow/.local/lib/python3.10/site-packages/airflow/example_dags/example_trigger_controller_dag.py
[2025-02-22T22:15:47.714+0000] {processor.py:839} INFO - DAG(s) dict_keys(['example_trigger_controller_dag']) retrieved from /home/airflow/.local/lib/python3.10/site-packages/airflow/example_dags/example_trigger_controller_dag.py
[2025-02-22T22:15:47.778+0000] {logging_mixin.py:154} INFO - [2025-02-22T22:15:47.778+0000] {dag.py:2941} INFO - Sync 1 DAGs
[2025-02-22T22:15:47.807+0000] {logging_mixin.py:154} INFO - [2025-02-22T22:15:47.807+0000] {dag.py:3722} INFO - Setting next_dagrun for example_trigger_controller_dag to 2021-01-01T00:00:00+00:00, run_after=2021-01-01T00:00:00+00:00
[2025-02-22T22:15:47.827+0000] {processor.py:179} INFO - Processing /home/airflow/.local/lib/python3.10/site-packages/airflow/example_dags/example_trigger_controller_dag.py took 0.122 seconds
[2025-02-22T22:16:19.095+0000] {processor.py:157} INFO - Started process (PID=1036) to work on /home/airflow/.local/lib/python3.10/site-packages/airflow/example_dags/example_trigger_controller_dag.py
[2025-02-22T22:16:19.097+0000] {processor.py:829} INFO - Processing file /home/airflow/.local/lib/python3.10/site-packages/airflow/example_dags/example_trigger_controller_dag.py for tasks to queue
[2025-02-22T22:16:19.099+0000] {logging_mixin.py:154} INFO - [2025-02-22T22:16:19.099+0000] {dagbag.py:536} INFO - Filling up the DagBag from /home/airflow/.local/lib/python3.10/site-packages/airflow/example_dags/example_trigger_controller_dag.py
[2025-02-22T22:16:19.106+0000] {processor.py:839} INFO - DAG(s) dict_keys(['example_trigger_controller_dag']) retrieved from /home/airflow/.local/lib/python3.10/site-packages/airflow/example_dags/example_trigger_controller_dag.py
[2025-02-22T22:16:19.178+0000] {logging_mixin.py:154} INFO - [2025-02-22T22:16:19.178+0000] {dag.py:2941} INFO - Sync 1 DAGs
[2025-02-22T22:16:19.209+0000] {logging_mixin.py:154} INFO - [2025-02-22T22:16:19.209+0000] {dag.py:3722} INFO - Setting next_dagrun for example_trigger_controller_dag to 2021-01-01T00:00:00+00:00, run_after=2021-01-01T00:00:00+00:00
[2025-02-22T22:16:19.228+0000] {processor.py:179} INFO - Processing /home/airflow/.local/lib/python3.10/site-packages/airflow/example_dags/example_trigger_controller_dag.py took 0.137 seconds
[2025-02-22T22:16:49.436+0000] {processor.py:157} INFO - Started process (PID=1104) to work on /home/airflow/.local/lib/python3.10/site-packages/airflow/example_dags/example_trigger_controller_dag.py
[2025-02-22T22:16:49.437+0000] {processor.py:829} INFO - Processing file /home/airflow/.local/lib/python3.10/site-packages/airflow/example_dags/example_trigger_controller_dag.py for tasks to queue
[2025-02-22T22:16:49.439+0000] {logging_mixin.py:154} INFO - [2025-02-22T22:16:49.438+0000] {dagbag.py:536} INFO - Filling up the DagBag from /home/airflow/.local/lib/python3.10/site-packages/airflow/example_dags/example_trigger_controller_dag.py
[2025-02-22T22:16:49.444+0000] {processor.py:839} INFO - DAG(s) dict_keys(['example_trigger_controller_dag']) retrieved from /home/airflow/.local/lib/python3.10/site-packages/airflow/example_dags/example_trigger_controller_dag.py
[2025-02-22T22:16:49.524+0000] {logging_mixin.py:154} INFO - [2025-02-22T22:16:49.523+0000] {dag.py:2941} INFO - Sync 1 DAGs
[2025-02-22T22:16:49.552+0000] {logging_mixin.py:154} INFO - [2025-02-22T22:16:49.552+0000] {dag.py:3722} INFO - Setting next_dagrun for example_trigger_controller_dag to 2021-01-01T00:00:00+00:00, run_after=2021-01-01T00:00:00+00:00
[2025-02-22T22:16:49.569+0000] {processor.py:179} INFO - Processing /home/airflow/.local/lib/python3.10/site-packages/airflow/example_dags/example_trigger_controller_dag.py took 0.138 seconds
