[2025-02-22T21:47:16.545+0000] {processor.py:157} INFO - Started process (PID=55) to work on /home/airflow/.local/lib/python3.10/site-packages/airflow/example_dags/example_params_ui_tutorial.py
[2025-02-22T21:47:16.545+0000] {processor.py:829} INFO - Processing file /home/airflow/.local/lib/python3.10/site-packages/airflow/example_dags/example_params_ui_tutorial.py for tasks to queue
[2025-02-22T21:47:16.547+0000] {logging_mixin.py:154} INFO - [2025-02-22T21:47:16.547+0000] {dagbag.py:536} INFO - Filling up the DagBag from /home/airflow/.local/lib/python3.10/site-packages/airflow/example_dags/example_params_ui_tutorial.py
[2025-02-22T21:47:16.583+0000] {processor.py:839} INFO - DAG(s) dict_keys(['example_params_ui_tutorial']) retrieved from /home/airflow/.local/lib/python3.10/site-packages/airflow/example_dags/example_params_ui_tutorial.py
[2025-02-22T21:47:16.796+0000] {logging_mixin.py:154} INFO - [2025-02-22T21:47:16.796+0000] {manager.py:499} INFO - Created Permission View: %s
[2025-02-22T21:47:16.816+0000] {logging_mixin.py:154} INFO - [2025-02-22T21:47:16.816+0000] {manager.py:499} INFO - Created Permission View: %s
[2025-02-22T21:47:16.823+0000] {logging_mixin.py:154} INFO - [2025-02-22T21:47:16.823+0000] {manager.py:499} INFO - Created Permission View: %s
[2025-02-22T21:47:16.824+0000] {logging_mixin.py:154} INFO - [2025-02-22T21:47:16.824+0000] {dag.py:2941} INFO - Sync 1 DAGs
[2025-02-22T21:47:16.833+0000] {logging_mixin.py:154} INFO - [2025-02-22T21:47:16.833+0000] {dag.py:2963} INFO - Creating ORM DAG for example_params_ui_tutorial
[2025-02-22T21:47:16.834+0000] {logging_mixin.py:154} INFO - [2025-02-22T21:47:16.834+0000] {dag.py:3722} INFO - Setting next_dagrun for example_params_ui_tutorial to None, run_after=None
[2025-02-22T21:47:16.866+0000] {processor.py:179} INFO - Processing /home/airflow/.local/lib/python3.10/site-packages/airflow/example_dags/example_params_ui_tutorial.py took 0.324 seconds
[2025-02-22T21:48:58.751+0000] {processor.py:157} INFO - Started process (PID=55) to work on /home/airflow/.local/lib/python3.10/site-packages/airflow/example_dags/example_params_ui_tutorial.py
[2025-02-22T21:48:58.752+0000] {processor.py:829} INFO - Processing file /home/airflow/.local/lib/python3.10/site-packages/airflow/example_dags/example_params_ui_tutorial.py for tasks to queue
[2025-02-22T21:48:58.754+0000] {logging_mixin.py:154} INFO - [2025-02-22T21:48:58.754+0000] {dagbag.py:536} INFO - Filling up the DagBag from /home/airflow/.local/lib/python3.10/site-packages/airflow/example_dags/example_params_ui_tutorial.py
[2025-02-22T21:48:58.794+0000] {processor.py:839} INFO - DAG(s) dict_keys(['example_params_ui_tutorial']) retrieved from /home/airflow/.local/lib/python3.10/site-packages/airflow/example_dags/example_params_ui_tutorial.py
[2025-02-22T21:48:58.896+0000] {logging_mixin.py:154} INFO - [2025-02-22T21:48:58.895+0000] {dag.py:2941} INFO - Sync 1 DAGs
[2025-02-22T21:48:58.928+0000] {logging_mixin.py:154} INFO - [2025-02-22T21:48:58.928+0000] {dag.py:3722} INFO - Setting next_dagrun for example_params_ui_tutorial to None, run_after=None
[2025-02-22T21:48:58.979+0000] {processor.py:179} INFO - Processing /home/airflow/.local/lib/python3.10/site-packages/airflow/example_dags/example_params_ui_tutorial.py took 0.232 seconds
[2025-02-22T21:56:49.085+0000] {processor.py:157} INFO - Started process (PID=55) to work on /home/airflow/.local/lib/python3.10/site-packages/airflow/example_dags/example_params_ui_tutorial.py
[2025-02-22T21:56:49.088+0000] {processor.py:829} INFO - Processing file /home/airflow/.local/lib/python3.10/site-packages/airflow/example_dags/example_params_ui_tutorial.py for tasks to queue
[2025-02-22T21:56:49.092+0000] {logging_mixin.py:154} INFO - [2025-02-22T21:56:49.090+0000] {dagbag.py:536} INFO - Filling up the DagBag from /home/airflow/.local/lib/python3.10/site-packages/airflow/example_dags/example_params_ui_tutorial.py
[2025-02-22T21:56:49.149+0000] {processor.py:839} INFO - DAG(s) dict_keys(['example_params_ui_tutorial']) retrieved from /home/airflow/.local/lib/python3.10/site-packages/airflow/example_dags/example_params_ui_tutorial.py
[2025-02-22T21:56:49.239+0000] {logging_mixin.py:154} INFO - [2025-02-22T21:56:49.239+0000] {dag.py:2941} INFO - Sync 1 DAGs
[2025-02-22T21:56:49.262+0000] {logging_mixin.py:154} INFO - [2025-02-22T21:56:49.261+0000] {dag.py:3722} INFO - Setting next_dagrun for example_params_ui_tutorial to None, run_after=None
[2025-02-22T21:56:49.299+0000] {processor.py:179} INFO - Processing /home/airflow/.local/lib/python3.10/site-packages/airflow/example_dags/example_params_ui_tutorial.py took 0.218 seconds
[2025-02-22T21:57:20.034+0000] {processor.py:157} INFO - Started process (PID=123) to work on /home/airflow/.local/lib/python3.10/site-packages/airflow/example_dags/example_params_ui_tutorial.py
[2025-02-22T21:57:20.036+0000] {processor.py:829} INFO - Processing file /home/airflow/.local/lib/python3.10/site-packages/airflow/example_dags/example_params_ui_tutorial.py for tasks to queue
[2025-02-22T21:57:20.037+0000] {logging_mixin.py:154} INFO - [2025-02-22T21:57:20.037+0000] {dagbag.py:536} INFO - Filling up the DagBag from /home/airflow/.local/lib/python3.10/site-packages/airflow/example_dags/example_params_ui_tutorial.py
[2025-02-22T21:57:20.078+0000] {processor.py:839} INFO - DAG(s) dict_keys(['example_params_ui_tutorial']) retrieved from /home/airflow/.local/lib/python3.10/site-packages/airflow/example_dags/example_params_ui_tutorial.py
[2025-02-22T21:57:20.171+0000] {logging_mixin.py:154} INFO - [2025-02-22T21:57:20.171+0000] {dag.py:2941} INFO - Sync 1 DAGs
[2025-02-22T21:57:20.184+0000] {logging_mixin.py:154} INFO - [2025-02-22T21:57:20.184+0000] {dag.py:3722} INFO - Setting next_dagrun for example_params_ui_tutorial to None, run_after=None
[2025-02-22T21:57:20.203+0000] {processor.py:179} INFO - Processing /home/airflow/.local/lib/python3.10/site-packages/airflow/example_dags/example_params_ui_tutorial.py took 0.173 seconds
[2025-02-22T21:59:52.998+0000] {processor.py:157} INFO - Started process (PID=55) to work on /home/airflow/.local/lib/python3.10/site-packages/airflow/example_dags/example_params_ui_tutorial.py
[2025-02-22T21:59:53.002+0000] {processor.py:829} INFO - Processing file /home/airflow/.local/lib/python3.10/site-packages/airflow/example_dags/example_params_ui_tutorial.py for tasks to queue
[2025-02-22T21:59:53.006+0000] {logging_mixin.py:154} INFO - [2025-02-22T21:59:53.006+0000] {dagbag.py:536} INFO - Filling up the DagBag from /home/airflow/.local/lib/python3.10/site-packages/airflow/example_dags/example_params_ui_tutorial.py
[2025-02-22T21:59:53.100+0000] {processor.py:839} INFO - DAG(s) dict_keys(['example_params_ui_tutorial']) retrieved from /home/airflow/.local/lib/python3.10/site-packages/airflow/example_dags/example_params_ui_tutorial.py
[2025-02-22T21:59:53.205+0000] {logging_mixin.py:154} INFO - [2025-02-22T21:59:53.205+0000] {dag.py:2941} INFO - Sync 1 DAGs
[2025-02-22T21:59:53.232+0000] {logging_mixin.py:154} INFO - [2025-02-22T21:59:53.232+0000] {dag.py:3722} INFO - Setting next_dagrun for example_params_ui_tutorial to None, run_after=None
[2025-02-22T21:59:53.281+0000] {processor.py:179} INFO - Processing /home/airflow/.local/lib/python3.10/site-packages/airflow/example_dags/example_params_ui_tutorial.py took 0.288 seconds
[2025-02-22T22:00:23.810+0000] {processor.py:157} INFO - Started process (PID=123) to work on /home/airflow/.local/lib/python3.10/site-packages/airflow/example_dags/example_params_ui_tutorial.py
[2025-02-22T22:00:23.812+0000] {processor.py:829} INFO - Processing file /home/airflow/.local/lib/python3.10/site-packages/airflow/example_dags/example_params_ui_tutorial.py for tasks to queue
[2025-02-22T22:00:23.813+0000] {logging_mixin.py:154} INFO - [2025-02-22T22:00:23.813+0000] {dagbag.py:536} INFO - Filling up the DagBag from /home/airflow/.local/lib/python3.10/site-packages/airflow/example_dags/example_params_ui_tutorial.py
[2025-02-22T22:00:23.843+0000] {processor.py:839} INFO - DAG(s) dict_keys(['example_params_ui_tutorial']) retrieved from /home/airflow/.local/lib/python3.10/site-packages/airflow/example_dags/example_params_ui_tutorial.py
[2025-02-22T22:00:23.923+0000] {logging_mixin.py:154} INFO - [2025-02-22T22:00:23.923+0000] {dag.py:2941} INFO - Sync 1 DAGs
[2025-02-22T22:00:23.936+0000] {logging_mixin.py:154} INFO - [2025-02-22T22:00:23.936+0000] {dag.py:3722} INFO - Setting next_dagrun for example_params_ui_tutorial to None, run_after=None
[2025-02-22T22:00:23.954+0000] {processor.py:179} INFO - Processing /home/airflow/.local/lib/python3.10/site-packages/airflow/example_dags/example_params_ui_tutorial.py took 0.146 seconds
[2025-02-22T22:00:54.026+0000] {processor.py:157} INFO - Started process (PID=184) to work on /home/airflow/.local/lib/python3.10/site-packages/airflow/example_dags/example_params_ui_tutorial.py
[2025-02-22T22:00:54.027+0000] {processor.py:829} INFO - Processing file /home/airflow/.local/lib/python3.10/site-packages/airflow/example_dags/example_params_ui_tutorial.py for tasks to queue
[2025-02-22T22:00:54.028+0000] {logging_mixin.py:154} INFO - [2025-02-22T22:00:54.028+0000] {dagbag.py:536} INFO - Filling up the DagBag from /home/airflow/.local/lib/python3.10/site-packages/airflow/example_dags/example_params_ui_tutorial.py
[2025-02-22T22:00:54.057+0000] {processor.py:839} INFO - DAG(s) dict_keys(['example_params_ui_tutorial']) retrieved from /home/airflow/.local/lib/python3.10/site-packages/airflow/example_dags/example_params_ui_tutorial.py
[2025-02-22T22:00:54.137+0000] {logging_mixin.py:154} INFO - [2025-02-22T22:00:54.137+0000] {dag.py:2941} INFO - Sync 1 DAGs
[2025-02-22T22:00:54.151+0000] {logging_mixin.py:154} INFO - [2025-02-22T22:00:54.151+0000] {dag.py:3722} INFO - Setting next_dagrun for example_params_ui_tutorial to None, run_after=None
[2025-02-22T22:00:54.170+0000] {processor.py:179} INFO - Processing /home/airflow/.local/lib/python3.10/site-packages/airflow/example_dags/example_params_ui_tutorial.py took 0.146 seconds
[2025-02-22T22:01:24.572+0000] {processor.py:157} INFO - Started process (PID=252) to work on /home/airflow/.local/lib/python3.10/site-packages/airflow/example_dags/example_params_ui_tutorial.py
[2025-02-22T22:01:24.573+0000] {processor.py:829} INFO - Processing file /home/airflow/.local/lib/python3.10/site-packages/airflow/example_dags/example_params_ui_tutorial.py for tasks to queue
[2025-02-22T22:01:24.575+0000] {logging_mixin.py:154} INFO - [2025-02-22T22:01:24.575+0000] {dagbag.py:536} INFO - Filling up the DagBag from /home/airflow/.local/lib/python3.10/site-packages/airflow/example_dags/example_params_ui_tutorial.py
[2025-02-22T22:01:24.605+0000] {processor.py:839} INFO - DAG(s) dict_keys(['example_params_ui_tutorial']) retrieved from /home/airflow/.local/lib/python3.10/site-packages/airflow/example_dags/example_params_ui_tutorial.py
[2025-02-22T22:01:24.688+0000] {logging_mixin.py:154} INFO - [2025-02-22T22:01:24.688+0000] {dag.py:2941} INFO - Sync 1 DAGs
[2025-02-22T22:01:24.703+0000] {logging_mixin.py:154} INFO - [2025-02-22T22:01:24.703+0000] {dag.py:3722} INFO - Setting next_dagrun for example_params_ui_tutorial to None, run_after=None
[2025-02-22T22:01:24.728+0000] {processor.py:179} INFO - Processing /home/airflow/.local/lib/python3.10/site-packages/airflow/example_dags/example_params_ui_tutorial.py took 0.160 seconds
[2025-02-22T22:01:55.134+0000] {processor.py:157} INFO - Started process (PID=312) to work on /home/airflow/.local/lib/python3.10/site-packages/airflow/example_dags/example_params_ui_tutorial.py
[2025-02-22T22:01:55.135+0000] {processor.py:829} INFO - Processing file /home/airflow/.local/lib/python3.10/site-packages/airflow/example_dags/example_params_ui_tutorial.py for tasks to queue
[2025-02-22T22:01:55.138+0000] {logging_mixin.py:154} INFO - [2025-02-22T22:01:55.138+0000] {dagbag.py:536} INFO - Filling up the DagBag from /home/airflow/.local/lib/python3.10/site-packages/airflow/example_dags/example_params_ui_tutorial.py
[2025-02-22T22:01:55.170+0000] {processor.py:839} INFO - DAG(s) dict_keys(['example_params_ui_tutorial']) retrieved from /home/airflow/.local/lib/python3.10/site-packages/airflow/example_dags/example_params_ui_tutorial.py
[2025-02-22T22:01:55.254+0000] {logging_mixin.py:154} INFO - [2025-02-22T22:01:55.253+0000] {dag.py:2941} INFO - Sync 1 DAGs
[2025-02-22T22:01:55.267+0000] {logging_mixin.py:154} INFO - [2025-02-22T22:01:55.267+0000] {dag.py:3722} INFO - Setting next_dagrun for example_params_ui_tutorial to None, run_after=None
[2025-02-22T22:01:55.286+0000] {processor.py:179} INFO - Processing /home/airflow/.local/lib/python3.10/site-packages/airflow/example_dags/example_params_ui_tutorial.py took 0.155 seconds
[2025-02-22T22:02:25.999+0000] {processor.py:157} INFO - Started process (PID=379) to work on /home/airflow/.local/lib/python3.10/site-packages/airflow/example_dags/example_params_ui_tutorial.py
[2025-02-22T22:02:26.000+0000] {processor.py:829} INFO - Processing file /home/airflow/.local/lib/python3.10/site-packages/airflow/example_dags/example_params_ui_tutorial.py for tasks to queue
[2025-02-22T22:02:26.001+0000] {logging_mixin.py:154} INFO - [2025-02-22T22:02:26.001+0000] {dagbag.py:536} INFO - Filling up the DagBag from /home/airflow/.local/lib/python3.10/site-packages/airflow/example_dags/example_params_ui_tutorial.py
[2025-02-22T22:02:26.032+0000] {processor.py:839} INFO - DAG(s) dict_keys(['example_params_ui_tutorial']) retrieved from /home/airflow/.local/lib/python3.10/site-packages/airflow/example_dags/example_params_ui_tutorial.py
[2025-02-22T22:02:26.119+0000] {logging_mixin.py:154} INFO - [2025-02-22T22:02:26.118+0000] {dag.py:2941} INFO - Sync 1 DAGs
[2025-02-22T22:02:26.135+0000] {logging_mixin.py:154} INFO - [2025-02-22T22:02:26.135+0000] {dag.py:3722} INFO - Setting next_dagrun for example_params_ui_tutorial to None, run_after=None
[2025-02-22T22:02:26.156+0000] {processor.py:179} INFO - Processing /home/airflow/.local/lib/python3.10/site-packages/airflow/example_dags/example_params_ui_tutorial.py took 0.160 seconds
[2025-02-22T22:02:56.698+0000] {processor.py:157} INFO - Started process (PID=440) to work on /home/airflow/.local/lib/python3.10/site-packages/airflow/example_dags/example_params_ui_tutorial.py
[2025-02-22T22:02:56.699+0000] {processor.py:829} INFO - Processing file /home/airflow/.local/lib/python3.10/site-packages/airflow/example_dags/example_params_ui_tutorial.py for tasks to queue
[2025-02-22T22:02:56.701+0000] {logging_mixin.py:154} INFO - [2025-02-22T22:02:56.701+0000] {dagbag.py:536} INFO - Filling up the DagBag from /home/airflow/.local/lib/python3.10/site-packages/airflow/example_dags/example_params_ui_tutorial.py
[2025-02-22T22:02:56.745+0000] {processor.py:839} INFO - DAG(s) dict_keys(['example_params_ui_tutorial']) retrieved from /home/airflow/.local/lib/python3.10/site-packages/airflow/example_dags/example_params_ui_tutorial.py
[2025-02-22T22:02:56.857+0000] {logging_mixin.py:154} INFO - [2025-02-22T22:02:56.857+0000] {dag.py:2941} INFO - Sync 1 DAGs
[2025-02-22T22:02:56.872+0000] {logging_mixin.py:154} INFO - [2025-02-22T22:02:56.872+0000] {dag.py:3722} INFO - Setting next_dagrun for example_params_ui_tutorial to None, run_after=None
[2025-02-22T22:02:56.896+0000] {processor.py:179} INFO - Processing /home/airflow/.local/lib/python3.10/site-packages/airflow/example_dags/example_params_ui_tutorial.py took 0.201 seconds
[2025-02-22T22:03:41.732+0000] {processor.py:157} INFO - Started process (PID=56) to work on /home/airflow/.local/lib/python3.10/site-packages/airflow/example_dags/example_params_ui_tutorial.py
[2025-02-22T22:03:41.734+0000] {processor.py:829} INFO - Processing file /home/airflow/.local/lib/python3.10/site-packages/airflow/example_dags/example_params_ui_tutorial.py for tasks to queue
[2025-02-22T22:03:41.739+0000] {logging_mixin.py:154} INFO - [2025-02-22T22:03:41.738+0000] {dagbag.py:536} INFO - Filling up the DagBag from /home/airflow/.local/lib/python3.10/site-packages/airflow/example_dags/example_params_ui_tutorial.py
[2025-02-22T22:03:41.800+0000] {processor.py:839} INFO - DAG(s) dict_keys(['example_params_ui_tutorial']) retrieved from /home/airflow/.local/lib/python3.10/site-packages/airflow/example_dags/example_params_ui_tutorial.py
[2025-02-22T22:03:41.883+0000] {logging_mixin.py:154} INFO - [2025-02-22T22:03:41.883+0000] {dag.py:2941} INFO - Sync 1 DAGs
[2025-02-22T22:03:41.915+0000] {logging_mixin.py:154} INFO - [2025-02-22T22:03:41.915+0000] {dag.py:3722} INFO - Setting next_dagrun for example_params_ui_tutorial to None, run_after=None
[2025-02-22T22:03:41.964+0000] {processor.py:179} INFO - Processing /home/airflow/.local/lib/python3.10/site-packages/airflow/example_dags/example_params_ui_tutorial.py took 0.239 seconds
[2025-02-22T22:04:12.248+0000] {processor.py:157} INFO - Started process (PID=124) to work on /home/airflow/.local/lib/python3.10/site-packages/airflow/example_dags/example_params_ui_tutorial.py
[2025-02-22T22:04:12.249+0000] {processor.py:829} INFO - Processing file /home/airflow/.local/lib/python3.10/site-packages/airflow/example_dags/example_params_ui_tutorial.py for tasks to queue
[2025-02-22T22:04:12.251+0000] {logging_mixin.py:154} INFO - [2025-02-22T22:04:12.251+0000] {dagbag.py:536} INFO - Filling up the DagBag from /home/airflow/.local/lib/python3.10/site-packages/airflow/example_dags/example_params_ui_tutorial.py
[2025-02-22T22:04:12.280+0000] {processor.py:839} INFO - DAG(s) dict_keys(['example_params_ui_tutorial']) retrieved from /home/airflow/.local/lib/python3.10/site-packages/airflow/example_dags/example_params_ui_tutorial.py
[2025-02-22T22:04:12.400+0000] {logging_mixin.py:154} INFO - [2025-02-22T22:04:12.400+0000] {dag.py:2941} INFO - Sync 1 DAGs
[2025-02-22T22:04:12.423+0000] {logging_mixin.py:154} INFO - [2025-02-22T22:04:12.423+0000] {dag.py:3722} INFO - Setting next_dagrun for example_params_ui_tutorial to None, run_after=None
[2025-02-22T22:04:12.452+0000] {processor.py:179} INFO - Processing /home/airflow/.local/lib/python3.10/site-packages/airflow/example_dags/example_params_ui_tutorial.py took 0.206 seconds
[2025-02-22T22:04:42.517+0000] {processor.py:157} INFO - Started process (PID=185) to work on /home/airflow/.local/lib/python3.10/site-packages/airflow/example_dags/example_params_ui_tutorial.py
[2025-02-22T22:04:42.518+0000] {processor.py:829} INFO - Processing file /home/airflow/.local/lib/python3.10/site-packages/airflow/example_dags/example_params_ui_tutorial.py for tasks to queue
[2025-02-22T22:04:42.520+0000] {logging_mixin.py:154} INFO - [2025-02-22T22:04:42.519+0000] {dagbag.py:536} INFO - Filling up the DagBag from /home/airflow/.local/lib/python3.10/site-packages/airflow/example_dags/example_params_ui_tutorial.py
[2025-02-22T22:04:42.545+0000] {processor.py:839} INFO - DAG(s) dict_keys(['example_params_ui_tutorial']) retrieved from /home/airflow/.local/lib/python3.10/site-packages/airflow/example_dags/example_params_ui_tutorial.py
[2025-02-22T22:04:42.621+0000] {logging_mixin.py:154} INFO - [2025-02-22T22:04:42.621+0000] {dag.py:2941} INFO - Sync 1 DAGs
[2025-02-22T22:04:42.632+0000] {logging_mixin.py:154} INFO - [2025-02-22T22:04:42.632+0000] {dag.py:3722} INFO - Setting next_dagrun for example_params_ui_tutorial to None, run_after=None
[2025-02-22T22:04:42.650+0000] {processor.py:179} INFO - Processing /home/airflow/.local/lib/python3.10/site-packages/airflow/example_dags/example_params_ui_tutorial.py took 0.134 seconds
[2025-02-22T22:05:13.200+0000] {processor.py:157} INFO - Started process (PID=253) to work on /home/airflow/.local/lib/python3.10/site-packages/airflow/example_dags/example_params_ui_tutorial.py
[2025-02-22T22:05:13.201+0000] {processor.py:829} INFO - Processing file /home/airflow/.local/lib/python3.10/site-packages/airflow/example_dags/example_params_ui_tutorial.py for tasks to queue
[2025-02-22T22:05:13.202+0000] {logging_mixin.py:154} INFO - [2025-02-22T22:05:13.202+0000] {dagbag.py:536} INFO - Filling up the DagBag from /home/airflow/.local/lib/python3.10/site-packages/airflow/example_dags/example_params_ui_tutorial.py
[2025-02-22T22:05:13.230+0000] {processor.py:839} INFO - DAG(s) dict_keys(['example_params_ui_tutorial']) retrieved from /home/airflow/.local/lib/python3.10/site-packages/airflow/example_dags/example_params_ui_tutorial.py
[2025-02-22T22:05:13.318+0000] {logging_mixin.py:154} INFO - [2025-02-22T22:05:13.318+0000] {dag.py:2941} INFO - Sync 1 DAGs
[2025-02-22T22:05:13.335+0000] {logging_mixin.py:154} INFO - [2025-02-22T22:05:13.335+0000] {dag.py:3722} INFO - Setting next_dagrun for example_params_ui_tutorial to None, run_after=None
[2025-02-22T22:05:13.361+0000] {processor.py:179} INFO - Processing /home/airflow/.local/lib/python3.10/site-packages/airflow/example_dags/example_params_ui_tutorial.py took 0.163 seconds
[2025-02-22T22:05:43.729+0000] {processor.py:157} INFO - Started process (PID=314) to work on /home/airflow/.local/lib/python3.10/site-packages/airflow/example_dags/example_params_ui_tutorial.py
[2025-02-22T22:05:43.730+0000] {processor.py:829} INFO - Processing file /home/airflow/.local/lib/python3.10/site-packages/airflow/example_dags/example_params_ui_tutorial.py for tasks to queue
[2025-02-22T22:05:43.731+0000] {logging_mixin.py:154} INFO - [2025-02-22T22:05:43.731+0000] {dagbag.py:536} INFO - Filling up the DagBag from /home/airflow/.local/lib/python3.10/site-packages/airflow/example_dags/example_params_ui_tutorial.py
[2025-02-22T22:05:43.769+0000] {processor.py:839} INFO - DAG(s) dict_keys(['example_params_ui_tutorial']) retrieved from /home/airflow/.local/lib/python3.10/site-packages/airflow/example_dags/example_params_ui_tutorial.py
[2025-02-22T22:05:43.857+0000] {logging_mixin.py:154} INFO - [2025-02-22T22:05:43.856+0000] {dag.py:2941} INFO - Sync 1 DAGs
[2025-02-22T22:05:43.869+0000] {logging_mixin.py:154} INFO - [2025-02-22T22:05:43.869+0000] {dag.py:3722} INFO - Setting next_dagrun for example_params_ui_tutorial to None, run_after=None
[2025-02-22T22:05:43.886+0000] {processor.py:179} INFO - Processing /home/airflow/.local/lib/python3.10/site-packages/airflow/example_dags/example_params_ui_tutorial.py took 0.165 seconds
[2025-02-22T22:06:14.158+0000] {processor.py:157} INFO - Started process (PID=382) to work on /home/airflow/.local/lib/python3.10/site-packages/airflow/example_dags/example_params_ui_tutorial.py
[2025-02-22T22:06:14.160+0000] {processor.py:829} INFO - Processing file /home/airflow/.local/lib/python3.10/site-packages/airflow/example_dags/example_params_ui_tutorial.py for tasks to queue
[2025-02-22T22:06:14.162+0000] {logging_mixin.py:154} INFO - [2025-02-22T22:06:14.162+0000] {dagbag.py:536} INFO - Filling up the DagBag from /home/airflow/.local/lib/python3.10/site-packages/airflow/example_dags/example_params_ui_tutorial.py
[2025-02-22T22:06:14.190+0000] {processor.py:839} INFO - DAG(s) dict_keys(['example_params_ui_tutorial']) retrieved from /home/airflow/.local/lib/python3.10/site-packages/airflow/example_dags/example_params_ui_tutorial.py
[2025-02-22T22:06:14.273+0000] {logging_mixin.py:154} INFO - [2025-02-22T22:06:14.273+0000] {dag.py:2941} INFO - Sync 1 DAGs
[2025-02-22T22:06:14.285+0000] {logging_mixin.py:154} INFO - [2025-02-22T22:06:14.285+0000] {dag.py:3722} INFO - Setting next_dagrun for example_params_ui_tutorial to None, run_after=None
[2025-02-22T22:06:14.306+0000] {processor.py:179} INFO - Processing /home/airflow/.local/lib/python3.10/site-packages/airflow/example_dags/example_params_ui_tutorial.py took 0.149 seconds
[2025-02-22T22:06:44.746+0000] {processor.py:157} INFO - Started process (PID=443) to work on /home/airflow/.local/lib/python3.10/site-packages/airflow/example_dags/example_params_ui_tutorial.py
[2025-02-22T22:06:44.747+0000] {processor.py:829} INFO - Processing file /home/airflow/.local/lib/python3.10/site-packages/airflow/example_dags/example_params_ui_tutorial.py for tasks to queue
[2025-02-22T22:06:44.748+0000] {logging_mixin.py:154} INFO - [2025-02-22T22:06:44.748+0000] {dagbag.py:536} INFO - Filling up the DagBag from /home/airflow/.local/lib/python3.10/site-packages/airflow/example_dags/example_params_ui_tutorial.py
[2025-02-22T22:06:44.775+0000] {processor.py:839} INFO - DAG(s) dict_keys(['example_params_ui_tutorial']) retrieved from /home/airflow/.local/lib/python3.10/site-packages/airflow/example_dags/example_params_ui_tutorial.py
[2025-02-22T22:06:44.859+0000] {logging_mixin.py:154} INFO - [2025-02-22T22:06:44.859+0000] {dag.py:2941} INFO - Sync 1 DAGs
[2025-02-22T22:06:44.876+0000] {logging_mixin.py:154} INFO - [2025-02-22T22:06:44.876+0000] {dag.py:3722} INFO - Setting next_dagrun for example_params_ui_tutorial to None, run_after=None
[2025-02-22T22:06:44.901+0000] {processor.py:179} INFO - Processing /home/airflow/.local/lib/python3.10/site-packages/airflow/example_dags/example_params_ui_tutorial.py took 0.156 seconds
[2025-02-22T22:07:15.245+0000] {processor.py:157} INFO - Started process (PID=511) to work on /home/airflow/.local/lib/python3.10/site-packages/airflow/example_dags/example_params_ui_tutorial.py
[2025-02-22T22:07:15.247+0000] {processor.py:829} INFO - Processing file /home/airflow/.local/lib/python3.10/site-packages/airflow/example_dags/example_params_ui_tutorial.py for tasks to queue
[2025-02-22T22:07:15.249+0000] {logging_mixin.py:154} INFO - [2025-02-22T22:07:15.248+0000] {dagbag.py:536} INFO - Filling up the DagBag from /home/airflow/.local/lib/python3.10/site-packages/airflow/example_dags/example_params_ui_tutorial.py
[2025-02-22T22:07:15.286+0000] {processor.py:839} INFO - DAG(s) dict_keys(['example_params_ui_tutorial']) retrieved from /home/airflow/.local/lib/python3.10/site-packages/airflow/example_dags/example_params_ui_tutorial.py
[2025-02-22T22:07:15.380+0000] {logging_mixin.py:154} INFO - [2025-02-22T22:07:15.379+0000] {dag.py:2941} INFO - Sync 1 DAGs
[2025-02-22T22:07:15.392+0000] {logging_mixin.py:154} INFO - [2025-02-22T22:07:15.392+0000] {dag.py:3722} INFO - Setting next_dagrun for example_params_ui_tutorial to None, run_after=None
[2025-02-22T22:07:15.410+0000] {processor.py:179} INFO - Processing /home/airflow/.local/lib/python3.10/site-packages/airflow/example_dags/example_params_ui_tutorial.py took 0.168 seconds
[2025-02-22T22:07:45.852+0000] {processor.py:157} INFO - Started process (PID=572) to work on /home/airflow/.local/lib/python3.10/site-packages/airflow/example_dags/example_params_ui_tutorial.py
[2025-02-22T22:07:45.853+0000] {processor.py:829} INFO - Processing file /home/airflow/.local/lib/python3.10/site-packages/airflow/example_dags/example_params_ui_tutorial.py for tasks to queue
[2025-02-22T22:07:45.861+0000] {logging_mixin.py:154} INFO - [2025-02-22T22:07:45.861+0000] {dagbag.py:536} INFO - Filling up the DagBag from /home/airflow/.local/lib/python3.10/site-packages/airflow/example_dags/example_params_ui_tutorial.py
[2025-02-22T22:07:45.896+0000] {processor.py:839} INFO - DAG(s) dict_keys(['example_params_ui_tutorial']) retrieved from /home/airflow/.local/lib/python3.10/site-packages/airflow/example_dags/example_params_ui_tutorial.py
[2025-02-22T22:07:45.993+0000] {logging_mixin.py:154} INFO - [2025-02-22T22:07:45.993+0000] {dag.py:2941} INFO - Sync 1 DAGs
[2025-02-22T22:07:46.007+0000] {logging_mixin.py:154} INFO - [2025-02-22T22:07:46.006+0000] {dag.py:3722} INFO - Setting next_dagrun for example_params_ui_tutorial to None, run_after=None
[2025-02-22T22:07:46.026+0000] {processor.py:179} INFO - Processing /home/airflow/.local/lib/python3.10/site-packages/airflow/example_dags/example_params_ui_tutorial.py took 0.177 seconds
[2025-02-22T22:08:36.402+0000] {processor.py:157} INFO - Started process (PID=54) to work on /home/airflow/.local/lib/python3.10/site-packages/airflow/example_dags/example_params_ui_tutorial.py
[2025-02-22T22:08:36.404+0000] {processor.py:829} INFO - Processing file /home/airflow/.local/lib/python3.10/site-packages/airflow/example_dags/example_params_ui_tutorial.py for tasks to queue
[2025-02-22T22:08:36.407+0000] {logging_mixin.py:154} INFO - [2025-02-22T22:08:36.407+0000] {dagbag.py:536} INFO - Filling up the DagBag from /home/airflow/.local/lib/python3.10/site-packages/airflow/example_dags/example_params_ui_tutorial.py
[2025-02-22T22:08:36.646+0000] {processor.py:839} INFO - DAG(s) dict_keys(['example_params_ui_tutorial']) retrieved from /home/airflow/.local/lib/python3.10/site-packages/airflow/example_dags/example_params_ui_tutorial.py
[2025-02-22T22:08:36.833+0000] {logging_mixin.py:154} INFO - [2025-02-22T22:08:36.831+0000] {dag.py:2941} INFO - Sync 1 DAGs
[2025-02-22T22:08:36.884+0000] {logging_mixin.py:154} INFO - [2025-02-22T22:08:36.883+0000] {dag.py:3722} INFO - Setting next_dagrun for example_params_ui_tutorial to None, run_after=None
[2025-02-22T22:08:36.961+0000] {processor.py:179} INFO - Processing /home/airflow/.local/lib/python3.10/site-packages/airflow/example_dags/example_params_ui_tutorial.py took 0.563 seconds
[2025-02-22T22:09:07.298+0000] {processor.py:157} INFO - Started process (PID=122) to work on /home/airflow/.local/lib/python3.10/site-packages/airflow/example_dags/example_params_ui_tutorial.py
[2025-02-22T22:09:07.299+0000] {processor.py:829} INFO - Processing file /home/airflow/.local/lib/python3.10/site-packages/airflow/example_dags/example_params_ui_tutorial.py for tasks to queue
[2025-02-22T22:09:07.301+0000] {logging_mixin.py:154} INFO - [2025-02-22T22:09:07.301+0000] {dagbag.py:536} INFO - Filling up the DagBag from /home/airflow/.local/lib/python3.10/site-packages/airflow/example_dags/example_params_ui_tutorial.py
[2025-02-22T22:09:07.332+0000] {processor.py:839} INFO - DAG(s) dict_keys(['example_params_ui_tutorial']) retrieved from /home/airflow/.local/lib/python3.10/site-packages/airflow/example_dags/example_params_ui_tutorial.py
[2025-02-22T22:09:07.421+0000] {logging_mixin.py:154} INFO - [2025-02-22T22:09:07.420+0000] {dag.py:2941} INFO - Sync 1 DAGs
[2025-02-22T22:09:07.435+0000] {logging_mixin.py:154} INFO - [2025-02-22T22:09:07.435+0000] {dag.py:3722} INFO - Setting next_dagrun for example_params_ui_tutorial to None, run_after=None
[2025-02-22T22:09:07.455+0000] {processor.py:179} INFO - Processing /home/airflow/.local/lib/python3.10/site-packages/airflow/example_dags/example_params_ui_tutorial.py took 0.159 seconds
[2025-02-22T22:09:37.590+0000] {processor.py:157} INFO - Started process (PID=182) to work on /home/airflow/.local/lib/python3.10/site-packages/airflow/example_dags/example_params_ui_tutorial.py
[2025-02-22T22:09:37.591+0000] {processor.py:829} INFO - Processing file /home/airflow/.local/lib/python3.10/site-packages/airflow/example_dags/example_params_ui_tutorial.py for tasks to queue
[2025-02-22T22:09:37.593+0000] {logging_mixin.py:154} INFO - [2025-02-22T22:09:37.592+0000] {dagbag.py:536} INFO - Filling up the DagBag from /home/airflow/.local/lib/python3.10/site-packages/airflow/example_dags/example_params_ui_tutorial.py
[2025-02-22T22:09:37.621+0000] {processor.py:839} INFO - DAG(s) dict_keys(['example_params_ui_tutorial']) retrieved from /home/airflow/.local/lib/python3.10/site-packages/airflow/example_dags/example_params_ui_tutorial.py
[2025-02-22T22:09:37.700+0000] {logging_mixin.py:154} INFO - [2025-02-22T22:09:37.700+0000] {dag.py:2941} INFO - Sync 1 DAGs
[2025-02-22T22:09:37.713+0000] {logging_mixin.py:154} INFO - [2025-02-22T22:09:37.713+0000] {dag.py:3722} INFO - Setting next_dagrun for example_params_ui_tutorial to None, run_after=None
[2025-02-22T22:09:37.732+0000] {processor.py:179} INFO - Processing /home/airflow/.local/lib/python3.10/site-packages/airflow/example_dags/example_params_ui_tutorial.py took 0.144 seconds
[2025-02-22T22:10:08.650+0000] {processor.py:157} INFO - Started process (PID=250) to work on /home/airflow/.local/lib/python3.10/site-packages/airflow/example_dags/example_params_ui_tutorial.py
[2025-02-22T22:10:08.652+0000] {processor.py:829} INFO - Processing file /home/airflow/.local/lib/python3.10/site-packages/airflow/example_dags/example_params_ui_tutorial.py for tasks to queue
[2025-02-22T22:10:08.654+0000] {logging_mixin.py:154} INFO - [2025-02-22T22:10:08.654+0000] {dagbag.py:536} INFO - Filling up the DagBag from /home/airflow/.local/lib/python3.10/site-packages/airflow/example_dags/example_params_ui_tutorial.py
[2025-02-22T22:10:08.705+0000] {processor.py:839} INFO - DAG(s) dict_keys(['example_params_ui_tutorial']) retrieved from /home/airflow/.local/lib/python3.10/site-packages/airflow/example_dags/example_params_ui_tutorial.py
[2025-02-22T22:10:08.830+0000] {logging_mixin.py:154} INFO - [2025-02-22T22:10:08.830+0000] {dag.py:2941} INFO - Sync 1 DAGs
[2025-02-22T22:10:08.845+0000] {logging_mixin.py:154} INFO - [2025-02-22T22:10:08.845+0000] {dag.py:3722} INFO - Setting next_dagrun for example_params_ui_tutorial to None, run_after=None
[2025-02-22T22:10:08.866+0000] {processor.py:179} INFO - Processing /home/airflow/.local/lib/python3.10/site-packages/airflow/example_dags/example_params_ui_tutorial.py took 0.221 seconds
[2025-02-22T22:10:38.960+0000] {processor.py:157} INFO - Started process (PID=311) to work on /home/airflow/.local/lib/python3.10/site-packages/airflow/example_dags/example_params_ui_tutorial.py
[2025-02-22T22:10:38.961+0000] {processor.py:829} INFO - Processing file /home/airflow/.local/lib/python3.10/site-packages/airflow/example_dags/example_params_ui_tutorial.py for tasks to queue
[2025-02-22T22:10:38.962+0000] {logging_mixin.py:154} INFO - [2025-02-22T22:10:38.962+0000] {dagbag.py:536} INFO - Filling up the DagBag from /home/airflow/.local/lib/python3.10/site-packages/airflow/example_dags/example_params_ui_tutorial.py
[2025-02-22T22:10:38.994+0000] {processor.py:839} INFO - DAG(s) dict_keys(['example_params_ui_tutorial']) retrieved from /home/airflow/.local/lib/python3.10/site-packages/airflow/example_dags/example_params_ui_tutorial.py
[2025-02-22T22:10:39.077+0000] {logging_mixin.py:154} INFO - [2025-02-22T22:10:39.077+0000] {dag.py:2941} INFO - Sync 1 DAGs
[2025-02-22T22:10:39.089+0000] {logging_mixin.py:154} INFO - [2025-02-22T22:10:39.089+0000] {dag.py:3722} INFO - Setting next_dagrun for example_params_ui_tutorial to None, run_after=None
[2025-02-22T22:10:39.106+0000] {processor.py:179} INFO - Processing /home/airflow/.local/lib/python3.10/site-packages/airflow/example_dags/example_params_ui_tutorial.py took 0.147 seconds
[2025-02-22T22:11:09.731+0000] {processor.py:157} INFO - Started process (PID=377) to work on /home/airflow/.local/lib/python3.10/site-packages/airflow/example_dags/example_params_ui_tutorial.py
[2025-02-22T22:11:09.732+0000] {processor.py:829} INFO - Processing file /home/airflow/.local/lib/python3.10/site-packages/airflow/example_dags/example_params_ui_tutorial.py for tasks to queue
[2025-02-22T22:11:09.733+0000] {logging_mixin.py:154} INFO - [2025-02-22T22:11:09.733+0000] {dagbag.py:536} INFO - Filling up the DagBag from /home/airflow/.local/lib/python3.10/site-packages/airflow/example_dags/example_params_ui_tutorial.py
[2025-02-22T22:11:09.764+0000] {processor.py:839} INFO - DAG(s) dict_keys(['example_params_ui_tutorial']) retrieved from /home/airflow/.local/lib/python3.10/site-packages/airflow/example_dags/example_params_ui_tutorial.py
[2025-02-22T22:11:09.852+0000] {logging_mixin.py:154} INFO - [2025-02-22T22:11:09.852+0000] {dag.py:2941} INFO - Sync 1 DAGs
[2025-02-22T22:11:09.867+0000] {logging_mixin.py:154} INFO - [2025-02-22T22:11:09.867+0000] {dag.py:3722} INFO - Setting next_dagrun for example_params_ui_tutorial to None, run_after=None
[2025-02-22T22:11:09.893+0000] {processor.py:179} INFO - Processing /home/airflow/.local/lib/python3.10/site-packages/airflow/example_dags/example_params_ui_tutorial.py took 0.164 seconds
[2025-02-22T22:11:40.318+0000] {processor.py:157} INFO - Started process (PID=438) to work on /home/airflow/.local/lib/python3.10/site-packages/airflow/example_dags/example_params_ui_tutorial.py
[2025-02-22T22:11:40.319+0000] {processor.py:829} INFO - Processing file /home/airflow/.local/lib/python3.10/site-packages/airflow/example_dags/example_params_ui_tutorial.py for tasks to queue
[2025-02-22T22:11:40.321+0000] {logging_mixin.py:154} INFO - [2025-02-22T22:11:40.320+0000] {dagbag.py:536} INFO - Filling up the DagBag from /home/airflow/.local/lib/python3.10/site-packages/airflow/example_dags/example_params_ui_tutorial.py
[2025-02-22T22:11:40.351+0000] {processor.py:839} INFO - DAG(s) dict_keys(['example_params_ui_tutorial']) retrieved from /home/airflow/.local/lib/python3.10/site-packages/airflow/example_dags/example_params_ui_tutorial.py
[2025-02-22T22:11:40.433+0000] {logging_mixin.py:154} INFO - [2025-02-22T22:11:40.433+0000] {dag.py:2941} INFO - Sync 1 DAGs
[2025-02-22T22:11:40.447+0000] {logging_mixin.py:154} INFO - [2025-02-22T22:11:40.447+0000] {dag.py:3722} INFO - Setting next_dagrun for example_params_ui_tutorial to None, run_after=None
[2025-02-22T22:11:40.468+0000] {processor.py:179} INFO - Processing /home/airflow/.local/lib/python3.10/site-packages/airflow/example_dags/example_params_ui_tutorial.py took 0.152 seconds
[2025-02-22T22:12:11.037+0000] {processor.py:157} INFO - Started process (PID=506) to work on /home/airflow/.local/lib/python3.10/site-packages/airflow/example_dags/example_params_ui_tutorial.py
[2025-02-22T22:12:11.038+0000] {processor.py:829} INFO - Processing file /home/airflow/.local/lib/python3.10/site-packages/airflow/example_dags/example_params_ui_tutorial.py for tasks to queue
[2025-02-22T22:12:11.040+0000] {logging_mixin.py:154} INFO - [2025-02-22T22:12:11.039+0000] {dagbag.py:536} INFO - Filling up the DagBag from /home/airflow/.local/lib/python3.10/site-packages/airflow/example_dags/example_params_ui_tutorial.py
[2025-02-22T22:12:11.070+0000] {processor.py:839} INFO - DAG(s) dict_keys(['example_params_ui_tutorial']) retrieved from /home/airflow/.local/lib/python3.10/site-packages/airflow/example_dags/example_params_ui_tutorial.py
[2025-02-22T22:12:11.166+0000] {logging_mixin.py:154} INFO - [2025-02-22T22:12:11.166+0000] {dag.py:2941} INFO - Sync 1 DAGs
[2025-02-22T22:12:11.181+0000] {logging_mixin.py:154} INFO - [2025-02-22T22:12:11.181+0000] {dag.py:3722} INFO - Setting next_dagrun for example_params_ui_tutorial to None, run_after=None
[2025-02-22T22:12:11.205+0000] {processor.py:179} INFO - Processing /home/airflow/.local/lib/python3.10/site-packages/airflow/example_dags/example_params_ui_tutorial.py took 0.170 seconds
[2025-02-22T22:12:41.847+0000] {processor.py:157} INFO - Started process (PID=567) to work on /home/airflow/.local/lib/python3.10/site-packages/airflow/example_dags/example_params_ui_tutorial.py
[2025-02-22T22:12:41.848+0000] {processor.py:829} INFO - Processing file /home/airflow/.local/lib/python3.10/site-packages/airflow/example_dags/example_params_ui_tutorial.py for tasks to queue
[2025-02-22T22:12:41.849+0000] {logging_mixin.py:154} INFO - [2025-02-22T22:12:41.849+0000] {dagbag.py:536} INFO - Filling up the DagBag from /home/airflow/.local/lib/python3.10/site-packages/airflow/example_dags/example_params_ui_tutorial.py
[2025-02-22T22:12:41.884+0000] {processor.py:839} INFO - DAG(s) dict_keys(['example_params_ui_tutorial']) retrieved from /home/airflow/.local/lib/python3.10/site-packages/airflow/example_dags/example_params_ui_tutorial.py
[2025-02-22T22:12:41.970+0000] {logging_mixin.py:154} INFO - [2025-02-22T22:12:41.970+0000] {dag.py:2941} INFO - Sync 1 DAGs
[2025-02-22T22:12:41.984+0000] {logging_mixin.py:154} INFO - [2025-02-22T22:12:41.984+0000] {dag.py:3722} INFO - Setting next_dagrun for example_params_ui_tutorial to None, run_after=None
[2025-02-22T22:12:42.004+0000] {processor.py:179} INFO - Processing /home/airflow/.local/lib/python3.10/site-packages/airflow/example_dags/example_params_ui_tutorial.py took 0.160 seconds
[2025-02-22T22:13:12.981+0000] {processor.py:157} INFO - Started process (PID=634) to work on /home/airflow/.local/lib/python3.10/site-packages/airflow/example_dags/example_params_ui_tutorial.py
[2025-02-22T22:13:12.982+0000] {processor.py:829} INFO - Processing file /home/airflow/.local/lib/python3.10/site-packages/airflow/example_dags/example_params_ui_tutorial.py for tasks to queue
[2025-02-22T22:13:12.984+0000] {logging_mixin.py:154} INFO - [2025-02-22T22:13:12.983+0000] {dagbag.py:536} INFO - Filling up the DagBag from /home/airflow/.local/lib/python3.10/site-packages/airflow/example_dags/example_params_ui_tutorial.py
[2025-02-22T22:13:13.018+0000] {processor.py:839} INFO - DAG(s) dict_keys(['example_params_ui_tutorial']) retrieved from /home/airflow/.local/lib/python3.10/site-packages/airflow/example_dags/example_params_ui_tutorial.py
[2025-02-22T22:13:13.113+0000] {logging_mixin.py:154} INFO - [2025-02-22T22:13:13.113+0000] {dag.py:2941} INFO - Sync 1 DAGs
[2025-02-22T22:13:13.126+0000] {logging_mixin.py:154} INFO - [2025-02-22T22:13:13.126+0000] {dag.py:3722} INFO - Setting next_dagrun for example_params_ui_tutorial to None, run_after=None
[2025-02-22T22:13:13.144+0000] {processor.py:179} INFO - Processing /home/airflow/.local/lib/python3.10/site-packages/airflow/example_dags/example_params_ui_tutorial.py took 0.165 seconds
[2025-02-22T22:13:43.515+0000] {processor.py:157} INFO - Started process (PID=695) to work on /home/airflow/.local/lib/python3.10/site-packages/airflow/example_dags/example_params_ui_tutorial.py
[2025-02-22T22:13:43.515+0000] {processor.py:829} INFO - Processing file /home/airflow/.local/lib/python3.10/site-packages/airflow/example_dags/example_params_ui_tutorial.py for tasks to queue
[2025-02-22T22:13:43.517+0000] {logging_mixin.py:154} INFO - [2025-02-22T22:13:43.517+0000] {dagbag.py:536} INFO - Filling up the DagBag from /home/airflow/.local/lib/python3.10/site-packages/airflow/example_dags/example_params_ui_tutorial.py
[2025-02-22T22:13:43.544+0000] {processor.py:839} INFO - DAG(s) dict_keys(['example_params_ui_tutorial']) retrieved from /home/airflow/.local/lib/python3.10/site-packages/airflow/example_dags/example_params_ui_tutorial.py
[2025-02-22T22:13:43.622+0000] {logging_mixin.py:154} INFO - [2025-02-22T22:13:43.622+0000] {dag.py:2941} INFO - Sync 1 DAGs
[2025-02-22T22:13:43.634+0000] {logging_mixin.py:154} INFO - [2025-02-22T22:13:43.634+0000] {dag.py:3722} INFO - Setting next_dagrun for example_params_ui_tutorial to None, run_after=None
[2025-02-22T22:13:43.651+0000] {processor.py:179} INFO - Processing /home/airflow/.local/lib/python3.10/site-packages/airflow/example_dags/example_params_ui_tutorial.py took 0.138 seconds
[2025-02-22T22:14:14.029+0000] {processor.py:157} INFO - Started process (PID=763) to work on /home/airflow/.local/lib/python3.10/site-packages/airflow/example_dags/example_params_ui_tutorial.py
[2025-02-22T22:14:14.030+0000] {processor.py:829} INFO - Processing file /home/airflow/.local/lib/python3.10/site-packages/airflow/example_dags/example_params_ui_tutorial.py for tasks to queue
[2025-02-22T22:14:14.032+0000] {logging_mixin.py:154} INFO - [2025-02-22T22:14:14.031+0000] {dagbag.py:536} INFO - Filling up the DagBag from /home/airflow/.local/lib/python3.10/site-packages/airflow/example_dags/example_params_ui_tutorial.py
[2025-02-22T22:14:14.075+0000] {processor.py:839} INFO - DAG(s) dict_keys(['example_params_ui_tutorial']) retrieved from /home/airflow/.local/lib/python3.10/site-packages/airflow/example_dags/example_params_ui_tutorial.py
[2025-02-22T22:14:14.166+0000] {logging_mixin.py:154} INFO - [2025-02-22T22:14:14.166+0000] {dag.py:2941} INFO - Sync 1 DAGs
[2025-02-22T22:14:14.179+0000] {logging_mixin.py:154} INFO - [2025-02-22T22:14:14.179+0000] {dag.py:3722} INFO - Setting next_dagrun for example_params_ui_tutorial to None, run_after=None
[2025-02-22T22:14:14.199+0000] {processor.py:179} INFO - Processing /home/airflow/.local/lib/python3.10/site-packages/airflow/example_dags/example_params_ui_tutorial.py took 0.172 seconds
[2025-02-22T22:14:44.734+0000] {processor.py:157} INFO - Started process (PID=831) to work on /home/airflow/.local/lib/python3.10/site-packages/airflow/example_dags/example_params_ui_tutorial.py
[2025-02-22T22:14:44.735+0000] {processor.py:829} INFO - Processing file /home/airflow/.local/lib/python3.10/site-packages/airflow/example_dags/example_params_ui_tutorial.py for tasks to queue
[2025-02-22T22:14:44.737+0000] {logging_mixin.py:154} INFO - [2025-02-22T22:14:44.736+0000] {dagbag.py:536} INFO - Filling up the DagBag from /home/airflow/.local/lib/python3.10/site-packages/airflow/example_dags/example_params_ui_tutorial.py
[2025-02-22T22:14:44.771+0000] {processor.py:839} INFO - DAG(s) dict_keys(['example_params_ui_tutorial']) retrieved from /home/airflow/.local/lib/python3.10/site-packages/airflow/example_dags/example_params_ui_tutorial.py
[2025-02-22T22:14:44.863+0000] {logging_mixin.py:154} INFO - [2025-02-22T22:14:44.863+0000] {dag.py:2941} INFO - Sync 1 DAGs
[2025-02-22T22:14:44.877+0000] {logging_mixin.py:154} INFO - [2025-02-22T22:14:44.877+0000] {dag.py:3722} INFO - Setting next_dagrun for example_params_ui_tutorial to None, run_after=None
[2025-02-22T22:14:44.905+0000] {processor.py:179} INFO - Processing /home/airflow/.local/lib/python3.10/site-packages/airflow/example_dags/example_params_ui_tutorial.py took 0.173 seconds
[2025-02-22T22:15:15.845+0000] {processor.py:157} INFO - Started process (PID=892) to work on /home/airflow/.local/lib/python3.10/site-packages/airflow/example_dags/example_params_ui_tutorial.py
[2025-02-22T22:15:15.852+0000] {processor.py:829} INFO - Processing file /home/airflow/.local/lib/python3.10/site-packages/airflow/example_dags/example_params_ui_tutorial.py for tasks to queue
[2025-02-22T22:15:15.865+0000] {logging_mixin.py:154} INFO - [2025-02-22T22:15:15.862+0000] {dagbag.py:536} INFO - Filling up the DagBag from /home/airflow/.local/lib/python3.10/site-packages/airflow/example_dags/example_params_ui_tutorial.py
[2025-02-22T22:15:15.963+0000] {processor.py:839} INFO - DAG(s) dict_keys(['example_params_ui_tutorial']) retrieved from /home/airflow/.local/lib/python3.10/site-packages/airflow/example_dags/example_params_ui_tutorial.py
[2025-02-22T22:15:16.120+0000] {logging_mixin.py:154} INFO - [2025-02-22T22:15:16.119+0000] {dag.py:2941} INFO - Sync 1 DAGs
[2025-02-22T22:15:16.149+0000] {logging_mixin.py:154} INFO - [2025-02-22T22:15:16.149+0000] {dag.py:3722} INFO - Setting next_dagrun for example_params_ui_tutorial to None, run_after=None
[2025-02-22T22:15:16.194+0000] {processor.py:179} INFO - Processing /home/airflow/.local/lib/python3.10/site-packages/airflow/example_dags/example_params_ui_tutorial.py took 0.374 seconds
[2025-02-22T22:15:46.381+0000] {processor.py:157} INFO - Started process (PID=960) to work on /home/airflow/.local/lib/python3.10/site-packages/airflow/example_dags/example_params_ui_tutorial.py
[2025-02-22T22:15:46.382+0000] {processor.py:829} INFO - Processing file /home/airflow/.local/lib/python3.10/site-packages/airflow/example_dags/example_params_ui_tutorial.py for tasks to queue
[2025-02-22T22:15:46.384+0000] {logging_mixin.py:154} INFO - [2025-02-22T22:15:46.383+0000] {dagbag.py:536} INFO - Filling up the DagBag from /home/airflow/.local/lib/python3.10/site-packages/airflow/example_dags/example_params_ui_tutorial.py
[2025-02-22T22:15:46.419+0000] {processor.py:839} INFO - DAG(s) dict_keys(['example_params_ui_tutorial']) retrieved from /home/airflow/.local/lib/python3.10/site-packages/airflow/example_dags/example_params_ui_tutorial.py
[2025-02-22T22:15:46.507+0000] {logging_mixin.py:154} INFO - [2025-02-22T22:15:46.507+0000] {dag.py:2941} INFO - Sync 1 DAGs
[2025-02-22T22:15:46.525+0000] {logging_mixin.py:154} INFO - [2025-02-22T22:15:46.525+0000] {dag.py:3722} INFO - Setting next_dagrun for example_params_ui_tutorial to None, run_after=None
[2025-02-22T22:15:46.550+0000] {processor.py:179} INFO - Processing /home/airflow/.local/lib/python3.10/site-packages/airflow/example_dags/example_params_ui_tutorial.py took 0.172 seconds
[2025-02-22T22:16:17.400+0000] {processor.py:157} INFO - Started process (PID=1021) to work on /home/airflow/.local/lib/python3.10/site-packages/airflow/example_dags/example_params_ui_tutorial.py
[2025-02-22T22:16:17.402+0000] {processor.py:829} INFO - Processing file /home/airflow/.local/lib/python3.10/site-packages/airflow/example_dags/example_params_ui_tutorial.py for tasks to queue
[2025-02-22T22:16:17.407+0000] {logging_mixin.py:154} INFO - [2025-02-22T22:16:17.407+0000] {dagbag.py:536} INFO - Filling up the DagBag from /home/airflow/.local/lib/python3.10/site-packages/airflow/example_dags/example_params_ui_tutorial.py
[2025-02-22T22:16:17.469+0000] {processor.py:839} INFO - DAG(s) dict_keys(['example_params_ui_tutorial']) retrieved from /home/airflow/.local/lib/python3.10/site-packages/airflow/example_dags/example_params_ui_tutorial.py
[2025-02-22T22:16:17.617+0000] {logging_mixin.py:154} INFO - [2025-02-22T22:16:17.616+0000] {dag.py:2941} INFO - Sync 1 DAGs
[2025-02-22T22:16:17.636+0000] {logging_mixin.py:154} INFO - [2025-02-22T22:16:17.636+0000] {dag.py:3722} INFO - Setting next_dagrun for example_params_ui_tutorial to None, run_after=None
[2025-02-22T22:16:17.675+0000] {processor.py:179} INFO - Processing /home/airflow/.local/lib/python3.10/site-packages/airflow/example_dags/example_params_ui_tutorial.py took 0.279 seconds
[2025-02-22T22:16:48.120+0000] {processor.py:157} INFO - Started process (PID=1089) to work on /home/airflow/.local/lib/python3.10/site-packages/airflow/example_dags/example_params_ui_tutorial.py
[2025-02-22T22:16:48.121+0000] {processor.py:829} INFO - Processing file /home/airflow/.local/lib/python3.10/site-packages/airflow/example_dags/example_params_ui_tutorial.py for tasks to queue
[2025-02-22T22:16:48.123+0000] {logging_mixin.py:154} INFO - [2025-02-22T22:16:48.123+0000] {dagbag.py:536} INFO - Filling up the DagBag from /home/airflow/.local/lib/python3.10/site-packages/airflow/example_dags/example_params_ui_tutorial.py
[2025-02-22T22:16:48.160+0000] {processor.py:839} INFO - DAG(s) dict_keys(['example_params_ui_tutorial']) retrieved from /home/airflow/.local/lib/python3.10/site-packages/airflow/example_dags/example_params_ui_tutorial.py
[2025-02-22T22:16:48.269+0000] {logging_mixin.py:154} INFO - [2025-02-22T22:16:48.269+0000] {dag.py:2941} INFO - Sync 1 DAGs
[2025-02-22T22:16:48.287+0000] {logging_mixin.py:154} INFO - [2025-02-22T22:16:48.286+0000] {dag.py:3722} INFO - Setting next_dagrun for example_params_ui_tutorial to None, run_after=None
[2025-02-22T22:16:48.316+0000] {processor.py:179} INFO - Processing /home/airflow/.local/lib/python3.10/site-packages/airflow/example_dags/example_params_ui_tutorial.py took 0.200 seconds
