[2025-02-22T21:47:21.147+0000] {processor.py:157} INFO - Started process (PID=86) to work on /home/airflow/.local/lib/python3.10/site-packages/airflow/example_dags/example_subdag_operator.py
[2025-02-22T21:47:21.148+0000] {processor.py:829} INFO - Processing file /home/airflow/.local/lib/python3.10/site-packages/airflow/example_dags/example_subdag_operator.py for tasks to queue
[2025-02-22T21:47:21.150+0000] {logging_mixin.py:154} INFO - [2025-02-22T21:47:21.150+0000] {dagbag.py:536} INFO - Filling up the DagBag from /home/airflow/.local/lib/python3.10/site-packages/airflow/example_dags/example_subdag_operator.py
[2025-02-22T21:47:21.225+0000] {processor.py:839} INFO - DAG(s) dict_keys(['example_subdag_operator.section-1', 'example_subdag_operator.section-2', 'example_subdag_operator']) retrieved from /home/airflow/.local/lib/python3.10/site-packages/airflow/example_dags/example_subdag_operator.py
[2025-02-22T21:47:21.323+0000] {logging_mixin.py:154} INFO - [2025-02-22T21:47:21.322+0000] {manager.py:499} INFO - Created Permission View: %s
[2025-02-22T21:47:21.332+0000] {logging_mixin.py:154} INFO - [2025-02-22T21:47:21.332+0000] {manager.py:499} INFO - Created Permission View: %s
[2025-02-22T21:47:21.340+0000] {logging_mixin.py:154} INFO - [2025-02-22T21:47:21.340+0000] {manager.py:499} INFO - Created Permission View: %s
[2025-02-22T21:47:21.341+0000] {logging_mixin.py:154} INFO - [2025-02-22T21:47:21.341+0000] {dag.py:2941} INFO - Sync 3 DAGs
[2025-02-22T21:47:21.356+0000] {logging_mixin.py:154} INFO - [2025-02-22T21:47:21.355+0000] {dag.py:2963} INFO - Creating ORM DAG for example_subdag_operator
[2025-02-22T21:47:21.358+0000] {logging_mixin.py:154} INFO - [2025-02-22T21:47:21.358+0000] {dag.py:2963} INFO - Creating ORM DAG for example_subdag_operator.section-2
[2025-02-22T21:47:21.358+0000] {logging_mixin.py:154} INFO - [2025-02-22T21:47:21.358+0000] {dag.py:2963} INFO - Creating ORM DAG for example_subdag_operator.section-1
[2025-02-22T21:47:21.371+0000] {logging_mixin.py:154} INFO - [2025-02-22T21:47:21.371+0000] {dag.py:3722} INFO - Setting next_dagrun for example_subdag_operator to 2022-01-01T00:00:00+00:00, run_after=2022-01-01T00:00:00+00:00
[2025-02-22T21:47:21.372+0000] {logging_mixin.py:154} INFO - [2025-02-22T21:47:21.371+0000] {dag.py:3722} INFO - Setting next_dagrun for example_subdag_operator.section-1 to None, run_after=None
[2025-02-22T21:47:21.372+0000] {logging_mixin.py:154} INFO - [2025-02-22T21:47:21.372+0000] {dag.py:3722} INFO - Setting next_dagrun for example_subdag_operator.section-2 to None, run_after=None
[2025-02-22T21:47:21.381+0000] {logging_mixin.py:154} INFO - [2025-02-22T21:47:21.380+0000] {dag.py:2941} INFO - Sync 2 DAGs
[2025-02-22T21:47:21.390+0000] {logging_mixin.py:154} INFO - [2025-02-22T21:47:21.389+0000] {dag.py:3722} INFO - Setting next_dagrun for example_subdag_operator.section-1 to None, run_after=None
[2025-02-22T21:47:21.392+0000] {logging_mixin.py:154} INFO - [2025-02-22T21:47:21.392+0000] {dag.py:3722} INFO - Setting next_dagrun for example_subdag_operator.section-2 to None, run_after=None
[2025-02-22T21:47:21.407+0000] {processor.py:179} INFO - Processing /home/airflow/.local/lib/python3.10/site-packages/airflow/example_dags/example_subdag_operator.py took 0.263 seconds
[2025-02-22T21:49:01.125+0000] {processor.py:157} INFO - Started process (PID=79) to work on /home/airflow/.local/lib/python3.10/site-packages/airflow/example_dags/example_subdag_operator.py
[2025-02-22T21:49:01.126+0000] {processor.py:829} INFO - Processing file /home/airflow/.local/lib/python3.10/site-packages/airflow/example_dags/example_subdag_operator.py for tasks to queue
[2025-02-22T21:49:01.129+0000] {logging_mixin.py:154} INFO - [2025-02-22T21:49:01.129+0000] {dagbag.py:536} INFO - Filling up the DagBag from /home/airflow/.local/lib/python3.10/site-packages/airflow/example_dags/example_subdag_operator.py
[2025-02-22T21:49:01.203+0000] {processor.py:839} INFO - DAG(s) dict_keys(['example_subdag_operator.section-1', 'example_subdag_operator.section-2', 'example_subdag_operator']) retrieved from /home/airflow/.local/lib/python3.10/site-packages/airflow/example_dags/example_subdag_operator.py
[2025-02-22T21:49:01.208+0000] {logging_mixin.py:154} INFO - [2025-02-22T21:49:01.208+0000] {dag.py:2941} INFO - Sync 3 DAGs
[2025-02-22T21:49:01.242+0000] {logging_mixin.py:154} INFO - [2025-02-22T21:49:01.241+0000] {dag.py:3722} INFO - Setting next_dagrun for example_subdag_operator to 2022-01-01T00:00:00+00:00, run_after=2022-01-01T00:00:00+00:00
[2025-02-22T21:49:01.246+0000] {logging_mixin.py:154} INFO - [2025-02-22T21:49:01.246+0000] {dag.py:3722} INFO - Setting next_dagrun for example_subdag_operator.section-1 to None, run_after=None
[2025-02-22T21:49:01.249+0000] {logging_mixin.py:154} INFO - [2025-02-22T21:49:01.249+0000] {dag.py:3722} INFO - Setting next_dagrun for example_subdag_operator.section-2 to None, run_after=None
[2025-02-22T21:49:01.263+0000] {logging_mixin.py:154} INFO - [2025-02-22T21:49:01.260+0000] {dag.py:2941} INFO - Sync 2 DAGs
[2025-02-22T21:49:01.272+0000] {logging_mixin.py:154} INFO - [2025-02-22T21:49:01.272+0000] {dag.py:3722} INFO - Setting next_dagrun for example_subdag_operator.section-1 to None, run_after=None
[2025-02-22T21:49:01.273+0000] {logging_mixin.py:154} INFO - [2025-02-22T21:49:01.273+0000] {dag.py:3722} INFO - Setting next_dagrun for example_subdag_operator.section-2 to None, run_after=None
[2025-02-22T21:49:01.294+0000] {processor.py:179} INFO - Processing /home/airflow/.local/lib/python3.10/site-packages/airflow/example_dags/example_subdag_operator.py took 0.171 seconds
[2025-02-22T21:56:52.276+0000] {processor.py:157} INFO - Started process (PID=86) to work on /home/airflow/.local/lib/python3.10/site-packages/airflow/example_dags/example_subdag_operator.py
[2025-02-22T21:56:52.277+0000] {processor.py:829} INFO - Processing file /home/airflow/.local/lib/python3.10/site-packages/airflow/example_dags/example_subdag_operator.py for tasks to queue
[2025-02-22T21:56:52.278+0000] {logging_mixin.py:154} INFO - [2025-02-22T21:56:52.278+0000] {dagbag.py:536} INFO - Filling up the DagBag from /home/airflow/.local/lib/python3.10/site-packages/airflow/example_dags/example_subdag_operator.py
[2025-02-22T21:56:52.366+0000] {processor.py:839} INFO - DAG(s) dict_keys(['example_subdag_operator.section-1', 'example_subdag_operator.section-2', 'example_subdag_operator']) retrieved from /home/airflow/.local/lib/python3.10/site-packages/airflow/example_dags/example_subdag_operator.py
[2025-02-22T21:56:52.380+0000] {logging_mixin.py:154} INFO - [2025-02-22T21:56:52.380+0000] {dag.py:2941} INFO - Sync 3 DAGs
[2025-02-22T21:56:52.430+0000] {logging_mixin.py:154} INFO - [2025-02-22T21:56:52.430+0000] {dag.py:3722} INFO - Setting next_dagrun for example_subdag_operator to 2022-01-01T00:00:00+00:00, run_after=2022-01-01T00:00:00+00:00
[2025-02-22T21:56:52.435+0000] {logging_mixin.py:154} INFO - [2025-02-22T21:56:52.435+0000] {dag.py:3722} INFO - Setting next_dagrun for example_subdag_operator.section-1 to None, run_after=None
[2025-02-22T21:56:52.436+0000] {logging_mixin.py:154} INFO - [2025-02-22T21:56:52.436+0000] {dag.py:3722} INFO - Setting next_dagrun for example_subdag_operator.section-2 to None, run_after=None
[2025-02-22T21:56:52.461+0000] {logging_mixin.py:154} INFO - [2025-02-22T21:56:52.460+0000] {dag.py:2941} INFO - Sync 2 DAGs
[2025-02-22T21:56:52.486+0000] {logging_mixin.py:154} INFO - [2025-02-22T21:56:52.486+0000] {dag.py:3722} INFO - Setting next_dagrun for example_subdag_operator.section-1 to None, run_after=None
[2025-02-22T21:56:52.487+0000] {logging_mixin.py:154} INFO - [2025-02-22T21:56:52.487+0000] {dag.py:3722} INFO - Setting next_dagrun for example_subdag_operator.section-2 to None, run_after=None
[2025-02-22T21:56:52.521+0000] {processor.py:179} INFO - Processing /home/airflow/.local/lib/python3.10/site-packages/airflow/example_dags/example_subdag_operator.py took 0.247 seconds
[2025-02-22T21:57:23.087+0000] {processor.py:157} INFO - Started process (PID=147) to work on /home/airflow/.local/lib/python3.10/site-packages/airflow/example_dags/example_subdag_operator.py
[2025-02-22T21:57:23.087+0000] {processor.py:829} INFO - Processing file /home/airflow/.local/lib/python3.10/site-packages/airflow/example_dags/example_subdag_operator.py for tasks to queue
[2025-02-22T21:57:23.089+0000] {logging_mixin.py:154} INFO - [2025-02-22T21:57:23.089+0000] {dagbag.py:536} INFO - Filling up the DagBag from /home/airflow/.local/lib/python3.10/site-packages/airflow/example_dags/example_subdag_operator.py
[2025-02-22T21:57:23.157+0000] {processor.py:839} INFO - DAG(s) dict_keys(['example_subdag_operator.section-1', 'example_subdag_operator.section-2', 'example_subdag_operator']) retrieved from /home/airflow/.local/lib/python3.10/site-packages/airflow/example_dags/example_subdag_operator.py
[2025-02-22T21:57:23.172+0000] {logging_mixin.py:154} INFO - [2025-02-22T21:57:23.172+0000] {dag.py:2941} INFO - Sync 3 DAGs
[2025-02-22T21:57:23.208+0000] {logging_mixin.py:154} INFO - [2025-02-22T21:57:23.208+0000] {dag.py:3722} INFO - Setting next_dagrun for example_subdag_operator to 2022-01-01T00:00:00+00:00, run_after=2022-01-01T00:00:00+00:00
[2025-02-22T21:57:23.210+0000] {logging_mixin.py:154} INFO - [2025-02-22T21:57:23.210+0000] {dag.py:3722} INFO - Setting next_dagrun for example_subdag_operator.section-1 to None, run_after=None
[2025-02-22T21:57:23.211+0000] {logging_mixin.py:154} INFO - [2025-02-22T21:57:23.211+0000] {dag.py:3722} INFO - Setting next_dagrun for example_subdag_operator.section-2 to None, run_after=None
[2025-02-22T21:57:23.221+0000] {logging_mixin.py:154} INFO - [2025-02-22T21:57:23.220+0000] {dag.py:2941} INFO - Sync 2 DAGs
[2025-02-22T21:57:23.225+0000] {logging_mixin.py:154} INFO - [2025-02-22T21:57:23.225+0000] {dag.py:3722} INFO - Setting next_dagrun for example_subdag_operator.section-1 to None, run_after=None
[2025-02-22T21:57:23.226+0000] {logging_mixin.py:154} INFO - [2025-02-22T21:57:23.226+0000] {dag.py:3722} INFO - Setting next_dagrun for example_subdag_operator.section-2 to None, run_after=None
[2025-02-22T21:57:23.236+0000] {processor.py:179} INFO - Processing /home/airflow/.local/lib/python3.10/site-packages/airflow/example_dags/example_subdag_operator.py took 0.151 seconds
[2025-02-22T21:59:56.533+0000] {processor.py:157} INFO - Started process (PID=86) to work on /home/airflow/.local/lib/python3.10/site-packages/airflow/example_dags/example_subdag_operator.py
[2025-02-22T21:59:56.534+0000] {processor.py:829} INFO - Processing file /home/airflow/.local/lib/python3.10/site-packages/airflow/example_dags/example_subdag_operator.py for tasks to queue
[2025-02-22T21:59:56.536+0000] {logging_mixin.py:154} INFO - [2025-02-22T21:59:56.536+0000] {dagbag.py:536} INFO - Filling up the DagBag from /home/airflow/.local/lib/python3.10/site-packages/airflow/example_dags/example_subdag_operator.py
[2025-02-22T21:59:56.654+0000] {processor.py:839} INFO - DAG(s) dict_keys(['example_subdag_operator.section-1', 'example_subdag_operator.section-2', 'example_subdag_operator']) retrieved from /home/airflow/.local/lib/python3.10/site-packages/airflow/example_dags/example_subdag_operator.py
[2025-02-22T21:59:56.663+0000] {logging_mixin.py:154} INFO - [2025-02-22T21:59:56.662+0000] {dag.py:2941} INFO - Sync 3 DAGs
[2025-02-22T21:59:56.727+0000] {logging_mixin.py:154} INFO - [2025-02-22T21:59:56.726+0000] {dag.py:3722} INFO - Setting next_dagrun for example_subdag_operator to 2022-01-01T00:00:00+00:00, run_after=2022-01-01T00:00:00+00:00
[2025-02-22T21:59:56.730+0000] {logging_mixin.py:154} INFO - [2025-02-22T21:59:56.730+0000] {dag.py:3722} INFO - Setting next_dagrun for example_subdag_operator.section-1 to None, run_after=None
[2025-02-22T21:59:56.732+0000] {logging_mixin.py:154} INFO - [2025-02-22T21:59:56.732+0000] {dag.py:3722} INFO - Setting next_dagrun for example_subdag_operator.section-2 to None, run_after=None
[2025-02-22T21:59:56.750+0000] {logging_mixin.py:154} INFO - [2025-02-22T21:59:56.749+0000] {dag.py:2941} INFO - Sync 2 DAGs
[2025-02-22T21:59:56.779+0000] {logging_mixin.py:154} INFO - [2025-02-22T21:59:56.778+0000] {dag.py:3722} INFO - Setting next_dagrun for example_subdag_operator.section-1 to None, run_after=None
[2025-02-22T21:59:56.781+0000] {logging_mixin.py:154} INFO - [2025-02-22T21:59:56.781+0000] {dag.py:3722} INFO - Setting next_dagrun for example_subdag_operator.section-2 to None, run_after=None
[2025-02-22T21:59:56.814+0000] {processor.py:179} INFO - Processing /home/airflow/.local/lib/python3.10/site-packages/airflow/example_dags/example_subdag_operator.py took 0.284 seconds
[2025-02-22T22:00:27.467+0000] {processor.py:157} INFO - Started process (PID=147) to work on /home/airflow/.local/lib/python3.10/site-packages/airflow/example_dags/example_subdag_operator.py
[2025-02-22T22:00:27.468+0000] {processor.py:829} INFO - Processing file /home/airflow/.local/lib/python3.10/site-packages/airflow/example_dags/example_subdag_operator.py for tasks to queue
[2025-02-22T22:00:27.469+0000] {logging_mixin.py:154} INFO - [2025-02-22T22:00:27.469+0000] {dagbag.py:536} INFO - Filling up the DagBag from /home/airflow/.local/lib/python3.10/site-packages/airflow/example_dags/example_subdag_operator.py
[2025-02-22T22:00:27.535+0000] {processor.py:839} INFO - DAG(s) dict_keys(['example_subdag_operator.section-1', 'example_subdag_operator.section-2', 'example_subdag_operator']) retrieved from /home/airflow/.local/lib/python3.10/site-packages/airflow/example_dags/example_subdag_operator.py
[2025-02-22T22:00:27.549+0000] {logging_mixin.py:154} INFO - [2025-02-22T22:00:27.549+0000] {dag.py:2941} INFO - Sync 3 DAGs
[2025-02-22T22:00:27.580+0000] {logging_mixin.py:154} INFO - [2025-02-22T22:00:27.579+0000] {dag.py:3722} INFO - Setting next_dagrun for example_subdag_operator to 2022-01-01T00:00:00+00:00, run_after=2022-01-01T00:00:00+00:00
[2025-02-22T22:00:27.582+0000] {logging_mixin.py:154} INFO - [2025-02-22T22:00:27.582+0000] {dag.py:3722} INFO - Setting next_dagrun for example_subdag_operator.section-1 to None, run_after=None
[2025-02-22T22:00:27.583+0000] {logging_mixin.py:154} INFO - [2025-02-22T22:00:27.583+0000] {dag.py:3722} INFO - Setting next_dagrun for example_subdag_operator.section-2 to None, run_after=None
[2025-02-22T22:00:27.593+0000] {logging_mixin.py:154} INFO - [2025-02-22T22:00:27.593+0000] {dag.py:2941} INFO - Sync 2 DAGs
[2025-02-22T22:00:27.597+0000] {logging_mixin.py:154} INFO - [2025-02-22T22:00:27.597+0000] {dag.py:3722} INFO - Setting next_dagrun for example_subdag_operator.section-1 to None, run_after=None
[2025-02-22T22:00:27.598+0000] {logging_mixin.py:154} INFO - [2025-02-22T22:00:27.598+0000] {dag.py:3722} INFO - Setting next_dagrun for example_subdag_operator.section-2 to None, run_after=None
[2025-02-22T22:00:27.606+0000] {processor.py:179} INFO - Processing /home/airflow/.local/lib/python3.10/site-packages/airflow/example_dags/example_subdag_operator.py took 0.141 seconds
[2025-02-22T22:00:57.917+0000] {processor.py:157} INFO - Started process (PID=208) to work on /home/airflow/.local/lib/python3.10/site-packages/airflow/example_dags/example_subdag_operator.py
[2025-02-22T22:00:57.918+0000] {processor.py:829} INFO - Processing file /home/airflow/.local/lib/python3.10/site-packages/airflow/example_dags/example_subdag_operator.py for tasks to queue
[2025-02-22T22:00:57.919+0000] {logging_mixin.py:154} INFO - [2025-02-22T22:00:57.919+0000] {dagbag.py:536} INFO - Filling up the DagBag from /home/airflow/.local/lib/python3.10/site-packages/airflow/example_dags/example_subdag_operator.py
[2025-02-22T22:00:57.990+0000] {processor.py:839} INFO - DAG(s) dict_keys(['example_subdag_operator.section-1', 'example_subdag_operator.section-2', 'example_subdag_operator']) retrieved from /home/airflow/.local/lib/python3.10/site-packages/airflow/example_dags/example_subdag_operator.py
[2025-02-22T22:00:58.004+0000] {logging_mixin.py:154} INFO - [2025-02-22T22:00:58.004+0000] {dag.py:2941} INFO - Sync 3 DAGs
[2025-02-22T22:00:58.036+0000] {logging_mixin.py:154} INFO - [2025-02-22T22:00:58.035+0000] {dag.py:3722} INFO - Setting next_dagrun for example_subdag_operator to 2022-01-01T00:00:00+00:00, run_after=2022-01-01T00:00:00+00:00
[2025-02-22T22:00:58.038+0000] {logging_mixin.py:154} INFO - [2025-02-22T22:00:58.038+0000] {dag.py:3722} INFO - Setting next_dagrun for example_subdag_operator.section-1 to None, run_after=None
[2025-02-22T22:00:58.039+0000] {logging_mixin.py:154} INFO - [2025-02-22T22:00:58.039+0000] {dag.py:3722} INFO - Setting next_dagrun for example_subdag_operator.section-2 to None, run_after=None
[2025-02-22T22:00:58.047+0000] {logging_mixin.py:154} INFO - [2025-02-22T22:00:58.047+0000] {dag.py:2941} INFO - Sync 2 DAGs
[2025-02-22T22:00:58.052+0000] {logging_mixin.py:154} INFO - [2025-02-22T22:00:58.051+0000] {dag.py:3722} INFO - Setting next_dagrun for example_subdag_operator.section-1 to None, run_after=None
[2025-02-22T22:00:58.052+0000] {logging_mixin.py:154} INFO - [2025-02-22T22:00:58.052+0000] {dag.py:3722} INFO - Setting next_dagrun for example_subdag_operator.section-2 to None, run_after=None
[2025-02-22T22:00:58.060+0000] {processor.py:179} INFO - Processing /home/airflow/.local/lib/python3.10/site-packages/airflow/example_dags/example_subdag_operator.py took 0.145 seconds
[2025-02-22T22:01:28.302+0000] {processor.py:157} INFO - Started process (PID=276) to work on /home/airflow/.local/lib/python3.10/site-packages/airflow/example_dags/example_subdag_operator.py
[2025-02-22T22:01:28.302+0000] {processor.py:829} INFO - Processing file /home/airflow/.local/lib/python3.10/site-packages/airflow/example_dags/example_subdag_operator.py for tasks to queue
[2025-02-22T22:01:28.304+0000] {logging_mixin.py:154} INFO - [2025-02-22T22:01:28.303+0000] {dagbag.py:536} INFO - Filling up the DagBag from /home/airflow/.local/lib/python3.10/site-packages/airflow/example_dags/example_subdag_operator.py
[2025-02-22T22:01:28.368+0000] {processor.py:839} INFO - DAG(s) dict_keys(['example_subdag_operator.section-1', 'example_subdag_operator.section-2', 'example_subdag_operator']) retrieved from /home/airflow/.local/lib/python3.10/site-packages/airflow/example_dags/example_subdag_operator.py
[2025-02-22T22:01:28.380+0000] {logging_mixin.py:154} INFO - [2025-02-22T22:01:28.380+0000] {dag.py:2941} INFO - Sync 3 DAGs
[2025-02-22T22:01:28.408+0000] {logging_mixin.py:154} INFO - [2025-02-22T22:01:28.408+0000] {dag.py:3722} INFO - Setting next_dagrun for example_subdag_operator to 2022-01-01T00:00:00+00:00, run_after=2022-01-01T00:00:00+00:00
[2025-02-22T22:01:28.411+0000] {logging_mixin.py:154} INFO - [2025-02-22T22:01:28.411+0000] {dag.py:3722} INFO - Setting next_dagrun for example_subdag_operator.section-1 to None, run_after=None
[2025-02-22T22:01:28.413+0000] {logging_mixin.py:154} INFO - [2025-02-22T22:01:28.413+0000] {dag.py:3722} INFO - Setting next_dagrun for example_subdag_operator.section-2 to None, run_after=None
[2025-02-22T22:01:28.422+0000] {logging_mixin.py:154} INFO - [2025-02-22T22:01:28.422+0000] {dag.py:2941} INFO - Sync 2 DAGs
[2025-02-22T22:01:28.426+0000] {logging_mixin.py:154} INFO - [2025-02-22T22:01:28.426+0000] {dag.py:3722} INFO - Setting next_dagrun for example_subdag_operator.section-1 to None, run_after=None
[2025-02-22T22:01:28.427+0000] {logging_mixin.py:154} INFO - [2025-02-22T22:01:28.427+0000] {dag.py:3722} INFO - Setting next_dagrun for example_subdag_operator.section-2 to None, run_after=None
[2025-02-22T22:01:28.435+0000] {processor.py:179} INFO - Processing /home/airflow/.local/lib/python3.10/site-packages/airflow/example_dags/example_subdag_operator.py took 0.135 seconds
[2025-02-22T22:01:59.193+0000] {processor.py:157} INFO - Started process (PID=342) to work on /home/airflow/.local/lib/python3.10/site-packages/airflow/example_dags/example_subdag_operator.py
[2025-02-22T22:01:59.197+0000] {processor.py:829} INFO - Processing file /home/airflow/.local/lib/python3.10/site-packages/airflow/example_dags/example_subdag_operator.py for tasks to queue
[2025-02-22T22:01:59.198+0000] {logging_mixin.py:154} INFO - [2025-02-22T22:01:59.198+0000] {dagbag.py:536} INFO - Filling up the DagBag from /home/airflow/.local/lib/python3.10/site-packages/airflow/example_dags/example_subdag_operator.py
[2025-02-22T22:01:59.274+0000] {processor.py:839} INFO - DAG(s) dict_keys(['example_subdag_operator.section-1', 'example_subdag_operator.section-2', 'example_subdag_operator']) retrieved from /home/airflow/.local/lib/python3.10/site-packages/airflow/example_dags/example_subdag_operator.py
[2025-02-22T22:01:59.290+0000] {logging_mixin.py:154} INFO - [2025-02-22T22:01:59.290+0000] {dag.py:2941} INFO - Sync 3 DAGs
[2025-02-22T22:01:59.320+0000] {logging_mixin.py:154} INFO - [2025-02-22T22:01:59.320+0000] {dag.py:3722} INFO - Setting next_dagrun for example_subdag_operator to 2022-01-01T00:00:00+00:00, run_after=2022-01-01T00:00:00+00:00
[2025-02-22T22:01:59.323+0000] {logging_mixin.py:154} INFO - [2025-02-22T22:01:59.323+0000] {dag.py:3722} INFO - Setting next_dagrun for example_subdag_operator.section-1 to None, run_after=None
[2025-02-22T22:01:59.324+0000] {logging_mixin.py:154} INFO - [2025-02-22T22:01:59.324+0000] {dag.py:3722} INFO - Setting next_dagrun for example_subdag_operator.section-2 to None, run_after=None
[2025-02-22T22:01:59.333+0000] {logging_mixin.py:154} INFO - [2025-02-22T22:01:59.332+0000] {dag.py:2941} INFO - Sync 2 DAGs
[2025-02-22T22:01:59.338+0000] {logging_mixin.py:154} INFO - [2025-02-22T22:01:59.338+0000] {dag.py:3722} INFO - Setting next_dagrun for example_subdag_operator.section-1 to None, run_after=None
[2025-02-22T22:01:59.338+0000] {logging_mixin.py:154} INFO - [2025-02-22T22:01:59.338+0000] {dag.py:3722} INFO - Setting next_dagrun for example_subdag_operator.section-2 to None, run_after=None
[2025-02-22T22:01:59.348+0000] {processor.py:179} INFO - Processing /home/airflow/.local/lib/python3.10/site-packages/airflow/example_dags/example_subdag_operator.py took 0.158 seconds
[2025-02-22T22:02:29.904+0000] {processor.py:157} INFO - Started process (PID=403) to work on /home/airflow/.local/lib/python3.10/site-packages/airflow/example_dags/example_subdag_operator.py
[2025-02-22T22:02:29.905+0000] {processor.py:829} INFO - Processing file /home/airflow/.local/lib/python3.10/site-packages/airflow/example_dags/example_subdag_operator.py for tasks to queue
[2025-02-22T22:02:29.906+0000] {logging_mixin.py:154} INFO - [2025-02-22T22:02:29.906+0000] {dagbag.py:536} INFO - Filling up the DagBag from /home/airflow/.local/lib/python3.10/site-packages/airflow/example_dags/example_subdag_operator.py
[2025-02-22T22:02:29.973+0000] {processor.py:839} INFO - DAG(s) dict_keys(['example_subdag_operator.section-1', 'example_subdag_operator.section-2', 'example_subdag_operator']) retrieved from /home/airflow/.local/lib/python3.10/site-packages/airflow/example_dags/example_subdag_operator.py
[2025-02-22T22:02:29.987+0000] {logging_mixin.py:154} INFO - [2025-02-22T22:02:29.987+0000] {dag.py:2941} INFO - Sync 3 DAGs
[2025-02-22T22:02:30.016+0000] {logging_mixin.py:154} INFO - [2025-02-22T22:02:30.016+0000] {dag.py:3722} INFO - Setting next_dagrun for example_subdag_operator to 2022-01-01T00:00:00+00:00, run_after=2022-01-01T00:00:00+00:00
[2025-02-22T22:02:30.018+0000] {logging_mixin.py:154} INFO - [2025-02-22T22:02:30.018+0000] {dag.py:3722} INFO - Setting next_dagrun for example_subdag_operator.section-1 to None, run_after=None
[2025-02-22T22:02:30.019+0000] {logging_mixin.py:154} INFO - [2025-02-22T22:02:30.019+0000] {dag.py:3722} INFO - Setting next_dagrun for example_subdag_operator.section-2 to None, run_after=None
[2025-02-22T22:02:30.028+0000] {logging_mixin.py:154} INFO - [2025-02-22T22:02:30.028+0000] {dag.py:2941} INFO - Sync 2 DAGs
[2025-02-22T22:02:30.033+0000] {logging_mixin.py:154} INFO - [2025-02-22T22:02:30.033+0000] {dag.py:3722} INFO - Setting next_dagrun for example_subdag_operator.section-1 to None, run_after=None
[2025-02-22T22:02:30.033+0000] {logging_mixin.py:154} INFO - [2025-02-22T22:02:30.033+0000] {dag.py:3722} INFO - Setting next_dagrun for example_subdag_operator.section-2 to None, run_after=None
[2025-02-22T22:02:30.043+0000] {processor.py:179} INFO - Processing /home/airflow/.local/lib/python3.10/site-packages/airflow/example_dags/example_subdag_operator.py took 0.141 seconds
[2025-02-22T22:03:44.895+0000] {processor.py:157} INFO - Started process (PID=87) to work on /home/airflow/.local/lib/python3.10/site-packages/airflow/example_dags/example_subdag_operator.py
[2025-02-22T22:03:44.902+0000] {processor.py:829} INFO - Processing file /home/airflow/.local/lib/python3.10/site-packages/airflow/example_dags/example_subdag_operator.py for tasks to queue
[2025-02-22T22:03:44.906+0000] {logging_mixin.py:154} INFO - [2025-02-22T22:03:44.905+0000] {dagbag.py:536} INFO - Filling up the DagBag from /home/airflow/.local/lib/python3.10/site-packages/airflow/example_dags/example_subdag_operator.py
[2025-02-22T22:03:45.035+0000] {processor.py:839} INFO - DAG(s) dict_keys(['example_subdag_operator.section-1', 'example_subdag_operator.section-2', 'example_subdag_operator']) retrieved from /home/airflow/.local/lib/python3.10/site-packages/airflow/example_dags/example_subdag_operator.py
[2025-02-22T22:03:45.046+0000] {logging_mixin.py:154} INFO - [2025-02-22T22:03:45.045+0000] {dag.py:2941} INFO - Sync 3 DAGs
[2025-02-22T22:03:45.123+0000] {logging_mixin.py:154} INFO - [2025-02-22T22:03:45.123+0000] {dag.py:3722} INFO - Setting next_dagrun for example_subdag_operator to 2022-01-01T00:00:00+00:00, run_after=2022-01-01T00:00:00+00:00
[2025-02-22T22:03:45.133+0000] {logging_mixin.py:154} INFO - [2025-02-22T22:03:45.132+0000] {dag.py:3722} INFO - Setting next_dagrun for example_subdag_operator.section-1 to None, run_after=None
[2025-02-22T22:03:45.136+0000] {logging_mixin.py:154} INFO - [2025-02-22T22:03:45.135+0000] {dag.py:3722} INFO - Setting next_dagrun for example_subdag_operator.section-2 to None, run_after=None
[2025-02-22T22:03:45.152+0000] {logging_mixin.py:154} INFO - [2025-02-22T22:03:45.151+0000] {dag.py:2941} INFO - Sync 2 DAGs
[2025-02-22T22:03:45.166+0000] {logging_mixin.py:154} INFO - [2025-02-22T22:03:45.165+0000] {dag.py:3722} INFO - Setting next_dagrun for example_subdag_operator.section-1 to None, run_after=None
[2025-02-22T22:03:45.168+0000] {logging_mixin.py:154} INFO - [2025-02-22T22:03:45.168+0000] {dag.py:3722} INFO - Setting next_dagrun for example_subdag_operator.section-2 to None, run_after=None
[2025-02-22T22:03:45.205+0000] {processor.py:179} INFO - Processing /home/airflow/.local/lib/python3.10/site-packages/airflow/example_dags/example_subdag_operator.py took 0.314 seconds
[2025-02-22T22:04:15.297+0000] {processor.py:157} INFO - Started process (PID=148) to work on /home/airflow/.local/lib/python3.10/site-packages/airflow/example_dags/example_subdag_operator.py
[2025-02-22T22:04:15.297+0000] {processor.py:829} INFO - Processing file /home/airflow/.local/lib/python3.10/site-packages/airflow/example_dags/example_subdag_operator.py for tasks to queue
[2025-02-22T22:04:15.299+0000] {logging_mixin.py:154} INFO - [2025-02-22T22:04:15.299+0000] {dagbag.py:536} INFO - Filling up the DagBag from /home/airflow/.local/lib/python3.10/site-packages/airflow/example_dags/example_subdag_operator.py
[2025-02-22T22:04:15.374+0000] {processor.py:839} INFO - DAG(s) dict_keys(['example_subdag_operator.section-1', 'example_subdag_operator.section-2', 'example_subdag_operator']) retrieved from /home/airflow/.local/lib/python3.10/site-packages/airflow/example_dags/example_subdag_operator.py
[2025-02-22T22:04:15.390+0000] {logging_mixin.py:154} INFO - [2025-02-22T22:04:15.390+0000] {dag.py:2941} INFO - Sync 3 DAGs
[2025-02-22T22:04:15.421+0000] {logging_mixin.py:154} INFO - [2025-02-22T22:04:15.420+0000] {dag.py:3722} INFO - Setting next_dagrun for example_subdag_operator to 2022-01-01T00:00:00+00:00, run_after=2022-01-01T00:00:00+00:00
[2025-02-22T22:04:15.424+0000] {logging_mixin.py:154} INFO - [2025-02-22T22:04:15.424+0000] {dag.py:3722} INFO - Setting next_dagrun for example_subdag_operator.section-1 to None, run_after=None
[2025-02-22T22:04:15.425+0000] {logging_mixin.py:154} INFO - [2025-02-22T22:04:15.425+0000] {dag.py:3722} INFO - Setting next_dagrun for example_subdag_operator.section-2 to None, run_after=None
[2025-02-22T22:04:15.434+0000] {logging_mixin.py:154} INFO - [2025-02-22T22:04:15.434+0000] {dag.py:2941} INFO - Sync 2 DAGs
[2025-02-22T22:04:15.439+0000] {logging_mixin.py:154} INFO - [2025-02-22T22:04:15.439+0000] {dag.py:3722} INFO - Setting next_dagrun for example_subdag_operator.section-1 to None, run_after=None
[2025-02-22T22:04:15.439+0000] {logging_mixin.py:154} INFO - [2025-02-22T22:04:15.439+0000] {dag.py:3722} INFO - Setting next_dagrun for example_subdag_operator.section-2 to None, run_after=None
[2025-02-22T22:04:15.449+0000] {processor.py:179} INFO - Processing /home/airflow/.local/lib/python3.10/site-packages/airflow/example_dags/example_subdag_operator.py took 0.154 seconds
[2025-02-22T22:04:45.522+0000] {processor.py:157} INFO - Started process (PID=209) to work on /home/airflow/.local/lib/python3.10/site-packages/airflow/example_dags/example_subdag_operator.py
[2025-02-22T22:04:45.523+0000] {processor.py:829} INFO - Processing file /home/airflow/.local/lib/python3.10/site-packages/airflow/example_dags/example_subdag_operator.py for tasks to queue
[2025-02-22T22:04:45.526+0000] {logging_mixin.py:154} INFO - [2025-02-22T22:04:45.525+0000] {dagbag.py:536} INFO - Filling up the DagBag from /home/airflow/.local/lib/python3.10/site-packages/airflow/example_dags/example_subdag_operator.py
[2025-02-22T22:04:45.603+0000] {processor.py:839} INFO - DAG(s) dict_keys(['example_subdag_operator.section-1', 'example_subdag_operator.section-2', 'example_subdag_operator']) retrieved from /home/airflow/.local/lib/python3.10/site-packages/airflow/example_dags/example_subdag_operator.py
[2025-02-22T22:04:45.622+0000] {logging_mixin.py:154} INFO - [2025-02-22T22:04:45.621+0000] {dag.py:2941} INFO - Sync 3 DAGs
[2025-02-22T22:04:45.652+0000] {logging_mixin.py:154} INFO - [2025-02-22T22:04:45.652+0000] {dag.py:3722} INFO - Setting next_dagrun for example_subdag_operator to 2022-01-01T00:00:00+00:00, run_after=2022-01-01T00:00:00+00:00
[2025-02-22T22:04:45.654+0000] {logging_mixin.py:154} INFO - [2025-02-22T22:04:45.654+0000] {dag.py:3722} INFO - Setting next_dagrun for example_subdag_operator.section-1 to None, run_after=None
[2025-02-22T22:04:45.655+0000] {logging_mixin.py:154} INFO - [2025-02-22T22:04:45.655+0000] {dag.py:3722} INFO - Setting next_dagrun for example_subdag_operator.section-2 to None, run_after=None
[2025-02-22T22:04:45.663+0000] {logging_mixin.py:154} INFO - [2025-02-22T22:04:45.663+0000] {dag.py:2941} INFO - Sync 2 DAGs
[2025-02-22T22:04:45.667+0000] {logging_mixin.py:154} INFO - [2025-02-22T22:04:45.667+0000] {dag.py:3722} INFO - Setting next_dagrun for example_subdag_operator.section-1 to None, run_after=None
[2025-02-22T22:04:45.668+0000] {logging_mixin.py:154} INFO - [2025-02-22T22:04:45.667+0000] {dag.py:3722} INFO - Setting next_dagrun for example_subdag_operator.section-2 to None, run_after=None
[2025-02-22T22:04:45.675+0000] {processor.py:179} INFO - Processing /home/airflow/.local/lib/python3.10/site-packages/airflow/example_dags/example_subdag_operator.py took 0.157 seconds
[2025-02-22T22:05:16.234+0000] {processor.py:157} INFO - Started process (PID=277) to work on /home/airflow/.local/lib/python3.10/site-packages/airflow/example_dags/example_subdag_operator.py
[2025-02-22T22:05:16.235+0000] {processor.py:829} INFO - Processing file /home/airflow/.local/lib/python3.10/site-packages/airflow/example_dags/example_subdag_operator.py for tasks to queue
[2025-02-22T22:05:16.237+0000] {logging_mixin.py:154} INFO - [2025-02-22T22:05:16.237+0000] {dagbag.py:536} INFO - Filling up the DagBag from /home/airflow/.local/lib/python3.10/site-packages/airflow/example_dags/example_subdag_operator.py
[2025-02-22T22:05:16.305+0000] {processor.py:839} INFO - DAG(s) dict_keys(['example_subdag_operator.section-1', 'example_subdag_operator.section-2', 'example_subdag_operator']) retrieved from /home/airflow/.local/lib/python3.10/site-packages/airflow/example_dags/example_subdag_operator.py
[2025-02-22T22:05:16.325+0000] {logging_mixin.py:154} INFO - [2025-02-22T22:05:16.325+0000] {dag.py:2941} INFO - Sync 3 DAGs
[2025-02-22T22:05:16.355+0000] {logging_mixin.py:154} INFO - [2025-02-22T22:05:16.355+0000] {dag.py:3722} INFO - Setting next_dagrun for example_subdag_operator to 2022-01-01T00:00:00+00:00, run_after=2022-01-01T00:00:00+00:00
[2025-02-22T22:05:16.359+0000] {logging_mixin.py:154} INFO - [2025-02-22T22:05:16.359+0000] {dag.py:3722} INFO - Setting next_dagrun for example_subdag_operator.section-1 to None, run_after=None
[2025-02-22T22:05:16.361+0000] {logging_mixin.py:154} INFO - [2025-02-22T22:05:16.360+0000] {dag.py:3722} INFO - Setting next_dagrun for example_subdag_operator.section-2 to None, run_after=None
[2025-02-22T22:05:16.373+0000] {logging_mixin.py:154} INFO - [2025-02-22T22:05:16.372+0000] {dag.py:2941} INFO - Sync 2 DAGs
[2025-02-22T22:05:16.381+0000] {logging_mixin.py:154} INFO - [2025-02-22T22:05:16.381+0000] {dag.py:3722} INFO - Setting next_dagrun for example_subdag_operator.section-1 to None, run_after=None
[2025-02-22T22:05:16.381+0000] {logging_mixin.py:154} INFO - [2025-02-22T22:05:16.381+0000] {dag.py:3722} INFO - Setting next_dagrun for example_subdag_operator.section-2 to None, run_after=None
[2025-02-22T22:05:16.398+0000] {processor.py:179} INFO - Processing /home/airflow/.local/lib/python3.10/site-packages/airflow/example_dags/example_subdag_operator.py took 0.166 seconds
[2025-02-22T22:05:46.645+0000] {processor.py:157} INFO - Started process (PID=338) to work on /home/airflow/.local/lib/python3.10/site-packages/airflow/example_dags/example_subdag_operator.py
[2025-02-22T22:05:46.646+0000] {processor.py:829} INFO - Processing file /home/airflow/.local/lib/python3.10/site-packages/airflow/example_dags/example_subdag_operator.py for tasks to queue
[2025-02-22T22:05:46.648+0000] {logging_mixin.py:154} INFO - [2025-02-22T22:05:46.648+0000] {dagbag.py:536} INFO - Filling up the DagBag from /home/airflow/.local/lib/python3.10/site-packages/airflow/example_dags/example_subdag_operator.py
[2025-02-22T22:05:46.716+0000] {processor.py:839} INFO - DAG(s) dict_keys(['example_subdag_operator.section-1', 'example_subdag_operator.section-2', 'example_subdag_operator']) retrieved from /home/airflow/.local/lib/python3.10/site-packages/airflow/example_dags/example_subdag_operator.py
[2025-02-22T22:05:46.730+0000] {logging_mixin.py:154} INFO - [2025-02-22T22:05:46.730+0000] {dag.py:2941} INFO - Sync 3 DAGs
[2025-02-22T22:05:46.760+0000] {logging_mixin.py:154} INFO - [2025-02-22T22:05:46.760+0000] {dag.py:3722} INFO - Setting next_dagrun for example_subdag_operator to 2022-01-01T00:00:00+00:00, run_after=2022-01-01T00:00:00+00:00
[2025-02-22T22:05:46.763+0000] {logging_mixin.py:154} INFO - [2025-02-22T22:05:46.763+0000] {dag.py:3722} INFO - Setting next_dagrun for example_subdag_operator.section-1 to None, run_after=None
[2025-02-22T22:05:46.764+0000] {logging_mixin.py:154} INFO - [2025-02-22T22:05:46.764+0000] {dag.py:3722} INFO - Setting next_dagrun for example_subdag_operator.section-2 to None, run_after=None
[2025-02-22T22:05:46.773+0000] {logging_mixin.py:154} INFO - [2025-02-22T22:05:46.773+0000] {dag.py:2941} INFO - Sync 2 DAGs
[2025-02-22T22:05:46.779+0000] {logging_mixin.py:154} INFO - [2025-02-22T22:05:46.778+0000] {dag.py:3722} INFO - Setting next_dagrun for example_subdag_operator.section-1 to None, run_after=None
[2025-02-22T22:05:46.780+0000] {logging_mixin.py:154} INFO - [2025-02-22T22:05:46.780+0000] {dag.py:3722} INFO - Setting next_dagrun for example_subdag_operator.section-2 to None, run_after=None
[2025-02-22T22:05:46.790+0000] {processor.py:179} INFO - Processing /home/airflow/.local/lib/python3.10/site-packages/airflow/example_dags/example_subdag_operator.py took 0.146 seconds
[2025-02-22T22:06:17.051+0000] {processor.py:157} INFO - Started process (PID=406) to work on /home/airflow/.local/lib/python3.10/site-packages/airflow/example_dags/example_subdag_operator.py
[2025-02-22T22:06:17.052+0000] {processor.py:829} INFO - Processing file /home/airflow/.local/lib/python3.10/site-packages/airflow/example_dags/example_subdag_operator.py for tasks to queue
[2025-02-22T22:06:17.054+0000] {logging_mixin.py:154} INFO - [2025-02-22T22:06:17.053+0000] {dagbag.py:536} INFO - Filling up the DagBag from /home/airflow/.local/lib/python3.10/site-packages/airflow/example_dags/example_subdag_operator.py
[2025-02-22T22:06:17.123+0000] {processor.py:839} INFO - DAG(s) dict_keys(['example_subdag_operator.section-1', 'example_subdag_operator.section-2', 'example_subdag_operator']) retrieved from /home/airflow/.local/lib/python3.10/site-packages/airflow/example_dags/example_subdag_operator.py
[2025-02-22T22:06:17.143+0000] {logging_mixin.py:154} INFO - [2025-02-22T22:06:17.142+0000] {dag.py:2941} INFO - Sync 3 DAGs
[2025-02-22T22:06:17.175+0000] {logging_mixin.py:154} INFO - [2025-02-22T22:06:17.174+0000] {dag.py:3722} INFO - Setting next_dagrun for example_subdag_operator to 2022-01-01T00:00:00+00:00, run_after=2022-01-01T00:00:00+00:00
[2025-02-22T22:06:17.178+0000] {logging_mixin.py:154} INFO - [2025-02-22T22:06:17.177+0000] {dag.py:3722} INFO - Setting next_dagrun for example_subdag_operator.section-1 to None, run_after=None
[2025-02-22T22:06:17.179+0000] {logging_mixin.py:154} INFO - [2025-02-22T22:06:17.179+0000] {dag.py:3722} INFO - Setting next_dagrun for example_subdag_operator.section-2 to None, run_after=None
[2025-02-22T22:06:17.189+0000] {logging_mixin.py:154} INFO - [2025-02-22T22:06:17.189+0000] {dag.py:2941} INFO - Sync 2 DAGs
[2025-02-22T22:06:17.193+0000] {logging_mixin.py:154} INFO - [2025-02-22T22:06:17.193+0000] {dag.py:3722} INFO - Setting next_dagrun for example_subdag_operator.section-1 to None, run_after=None
[2025-02-22T22:06:17.194+0000] {logging_mixin.py:154} INFO - [2025-02-22T22:06:17.193+0000] {dag.py:3722} INFO - Setting next_dagrun for example_subdag_operator.section-2 to None, run_after=None
[2025-02-22T22:06:17.203+0000] {processor.py:179} INFO - Processing /home/airflow/.local/lib/python3.10/site-packages/airflow/example_dags/example_subdag_operator.py took 0.154 seconds
[2025-02-22T22:06:47.922+0000] {processor.py:157} INFO - Started process (PID=474) to work on /home/airflow/.local/lib/python3.10/site-packages/airflow/example_dags/example_subdag_operator.py
[2025-02-22T22:06:47.923+0000] {processor.py:829} INFO - Processing file /home/airflow/.local/lib/python3.10/site-packages/airflow/example_dags/example_subdag_operator.py for tasks to queue
[2025-02-22T22:06:47.924+0000] {logging_mixin.py:154} INFO - [2025-02-22T22:06:47.924+0000] {dagbag.py:536} INFO - Filling up the DagBag from /home/airflow/.local/lib/python3.10/site-packages/airflow/example_dags/example_subdag_operator.py
[2025-02-22T22:06:48.004+0000] {processor.py:839} INFO - DAG(s) dict_keys(['example_subdag_operator.section-1', 'example_subdag_operator.section-2', 'example_subdag_operator']) retrieved from /home/airflow/.local/lib/python3.10/site-packages/airflow/example_dags/example_subdag_operator.py
[2025-02-22T22:06:48.024+0000] {logging_mixin.py:154} INFO - [2025-02-22T22:06:48.024+0000] {dag.py:2941} INFO - Sync 3 DAGs
[2025-02-22T22:06:48.056+0000] {logging_mixin.py:154} INFO - [2025-02-22T22:06:48.056+0000] {dag.py:3722} INFO - Setting next_dagrun for example_subdag_operator to 2022-01-01T00:00:00+00:00, run_after=2022-01-01T00:00:00+00:00
[2025-02-22T22:06:48.061+0000] {logging_mixin.py:154} INFO - [2025-02-22T22:06:48.061+0000] {dag.py:3722} INFO - Setting next_dagrun for example_subdag_operator.section-1 to None, run_after=None
[2025-02-22T22:06:48.062+0000] {logging_mixin.py:154} INFO - [2025-02-22T22:06:48.062+0000] {dag.py:3722} INFO - Setting next_dagrun for example_subdag_operator.section-2 to None, run_after=None
[2025-02-22T22:06:48.072+0000] {logging_mixin.py:154} INFO - [2025-02-22T22:06:48.072+0000] {dag.py:2941} INFO - Sync 2 DAGs
[2025-02-22T22:06:48.077+0000] {logging_mixin.py:154} INFO - [2025-02-22T22:06:48.077+0000] {dag.py:3722} INFO - Setting next_dagrun for example_subdag_operator.section-1 to None, run_after=None
[2025-02-22T22:06:48.078+0000] {logging_mixin.py:154} INFO - [2025-02-22T22:06:48.078+0000] {dag.py:3722} INFO - Setting next_dagrun for example_subdag_operator.section-2 to None, run_after=None
[2025-02-22T22:06:48.094+0000] {processor.py:179} INFO - Processing /home/airflow/.local/lib/python3.10/site-packages/airflow/example_dags/example_subdag_operator.py took 0.174 seconds
[2025-02-22T22:07:18.424+0000] {processor.py:157} INFO - Started process (PID=535) to work on /home/airflow/.local/lib/python3.10/site-packages/airflow/example_dags/example_subdag_operator.py
[2025-02-22T22:07:18.425+0000] {processor.py:829} INFO - Processing file /home/airflow/.local/lib/python3.10/site-packages/airflow/example_dags/example_subdag_operator.py for tasks to queue
[2025-02-22T22:07:18.427+0000] {logging_mixin.py:154} INFO - [2025-02-22T22:07:18.426+0000] {dagbag.py:536} INFO - Filling up the DagBag from /home/airflow/.local/lib/python3.10/site-packages/airflow/example_dags/example_subdag_operator.py
[2025-02-22T22:07:18.496+0000] {processor.py:839} INFO - DAG(s) dict_keys(['example_subdag_operator.section-1', 'example_subdag_operator.section-2', 'example_subdag_operator']) retrieved from /home/airflow/.local/lib/python3.10/site-packages/airflow/example_dags/example_subdag_operator.py
[2025-02-22T22:07:18.514+0000] {logging_mixin.py:154} INFO - [2025-02-22T22:07:18.514+0000] {dag.py:2941} INFO - Sync 3 DAGs
[2025-02-22T22:07:18.549+0000] {logging_mixin.py:154} INFO - [2025-02-22T22:07:18.549+0000] {dag.py:3722} INFO - Setting next_dagrun for example_subdag_operator to 2022-01-01T00:00:00+00:00, run_after=2022-01-01T00:00:00+00:00
[2025-02-22T22:07:18.552+0000] {logging_mixin.py:154} INFO - [2025-02-22T22:07:18.552+0000] {dag.py:3722} INFO - Setting next_dagrun for example_subdag_operator.section-1 to None, run_after=None
[2025-02-22T22:07:18.553+0000] {logging_mixin.py:154} INFO - [2025-02-22T22:07:18.552+0000] {dag.py:3722} INFO - Setting next_dagrun for example_subdag_operator.section-2 to None, run_after=None
[2025-02-22T22:07:18.562+0000] {logging_mixin.py:154} INFO - [2025-02-22T22:07:18.562+0000] {dag.py:2941} INFO - Sync 2 DAGs
[2025-02-22T22:07:18.566+0000] {logging_mixin.py:154} INFO - [2025-02-22T22:07:18.566+0000] {dag.py:3722} INFO - Setting next_dagrun for example_subdag_operator.section-1 to None, run_after=None
[2025-02-22T22:07:18.567+0000] {logging_mixin.py:154} INFO - [2025-02-22T22:07:18.567+0000] {dag.py:3722} INFO - Setting next_dagrun for example_subdag_operator.section-2 to None, run_after=None
[2025-02-22T22:07:18.577+0000] {processor.py:179} INFO - Processing /home/airflow/.local/lib/python3.10/site-packages/airflow/example_dags/example_subdag_operator.py took 0.155 seconds
[2025-02-22T22:07:49.011+0000] {processor.py:157} INFO - Started process (PID=603) to work on /home/airflow/.local/lib/python3.10/site-packages/airflow/example_dags/example_subdag_operator.py
[2025-02-22T22:07:49.013+0000] {processor.py:829} INFO - Processing file /home/airflow/.local/lib/python3.10/site-packages/airflow/example_dags/example_subdag_operator.py for tasks to queue
[2025-02-22T22:07:49.016+0000] {logging_mixin.py:154} INFO - [2025-02-22T22:07:49.015+0000] {dagbag.py:536} INFO - Filling up the DagBag from /home/airflow/.local/lib/python3.10/site-packages/airflow/example_dags/example_subdag_operator.py
[2025-02-22T22:07:49.096+0000] {processor.py:839} INFO - DAG(s) dict_keys(['example_subdag_operator.section-1', 'example_subdag_operator.section-2', 'example_subdag_operator']) retrieved from /home/airflow/.local/lib/python3.10/site-packages/airflow/example_dags/example_subdag_operator.py
[2025-02-22T22:07:49.112+0000] {logging_mixin.py:154} INFO - [2025-02-22T22:07:49.112+0000] {dag.py:2941} INFO - Sync 3 DAGs
[2025-02-22T22:07:49.143+0000] {logging_mixin.py:154} INFO - [2025-02-22T22:07:49.143+0000] {dag.py:3722} INFO - Setting next_dagrun for example_subdag_operator to 2022-01-01T00:00:00+00:00, run_after=2022-01-01T00:00:00+00:00
[2025-02-22T22:07:49.148+0000] {logging_mixin.py:154} INFO - [2025-02-22T22:07:49.147+0000] {dag.py:3722} INFO - Setting next_dagrun for example_subdag_operator.section-1 to None, run_after=None
[2025-02-22T22:07:49.150+0000] {logging_mixin.py:154} INFO - [2025-02-22T22:07:49.150+0000] {dag.py:3722} INFO - Setting next_dagrun for example_subdag_operator.section-2 to None, run_after=None
[2025-02-22T22:07:49.159+0000] {logging_mixin.py:154} INFO - [2025-02-22T22:07:49.159+0000] {dag.py:2941} INFO - Sync 2 DAGs
[2025-02-22T22:07:49.164+0000] {logging_mixin.py:154} INFO - [2025-02-22T22:07:49.164+0000] {dag.py:3722} INFO - Setting next_dagrun for example_subdag_operator.section-1 to None, run_after=None
[2025-02-22T22:07:49.164+0000] {logging_mixin.py:154} INFO - [2025-02-22T22:07:49.164+0000] {dag.py:3722} INFO - Setting next_dagrun for example_subdag_operator.section-2 to None, run_after=None
[2025-02-22T22:07:49.177+0000] {processor.py:179} INFO - Processing /home/airflow/.local/lib/python3.10/site-packages/airflow/example_dags/example_subdag_operator.py took 0.168 seconds
[2025-02-22T22:08:40.661+0000] {processor.py:157} INFO - Started process (PID=85) to work on /home/airflow/.local/lib/python3.10/site-packages/airflow/example_dags/example_subdag_operator.py
[2025-02-22T22:08:40.664+0000] {processor.py:829} INFO - Processing file /home/airflow/.local/lib/python3.10/site-packages/airflow/example_dags/example_subdag_operator.py for tasks to queue
[2025-02-22T22:08:40.669+0000] {logging_mixin.py:154} INFO - [2025-02-22T22:08:40.669+0000] {dagbag.py:536} INFO - Filling up the DagBag from /home/airflow/.local/lib/python3.10/site-packages/airflow/example_dags/example_subdag_operator.py
[2025-02-22T22:08:40.806+0000] {processor.py:839} INFO - DAG(s) dict_keys(['example_subdag_operator.section-1', 'example_subdag_operator.section-2', 'example_subdag_operator']) retrieved from /home/airflow/.local/lib/python3.10/site-packages/airflow/example_dags/example_subdag_operator.py
[2025-02-22T22:08:40.825+0000] {logging_mixin.py:154} INFO - [2025-02-22T22:08:40.825+0000] {dag.py:2941} INFO - Sync 3 DAGs
[2025-02-22T22:08:40.909+0000] {logging_mixin.py:154} INFO - [2025-02-22T22:08:40.908+0000] {dag.py:3722} INFO - Setting next_dagrun for example_subdag_operator to 2022-01-01T00:00:00+00:00, run_after=2022-01-01T00:00:00+00:00
[2025-02-22T22:08:40.921+0000] {logging_mixin.py:154} INFO - [2025-02-22T22:08:40.920+0000] {dag.py:3722} INFO - Setting next_dagrun for example_subdag_operator.section-1 to None, run_after=None
[2025-02-22T22:08:40.933+0000] {logging_mixin.py:154} INFO - [2025-02-22T22:08:40.932+0000] {dag.py:3722} INFO - Setting next_dagrun for example_subdag_operator.section-2 to None, run_after=None
[2025-02-22T22:08:40.963+0000] {logging_mixin.py:154} INFO - [2025-02-22T22:08:40.963+0000] {dag.py:2941} INFO - Sync 2 DAGs
[2025-02-22T22:08:40.978+0000] {logging_mixin.py:154} INFO - [2025-02-22T22:08:40.978+0000] {dag.py:3722} INFO - Setting next_dagrun for example_subdag_operator.section-1 to None, run_after=None
[2025-02-22T22:08:40.979+0000] {logging_mixin.py:154} INFO - [2025-02-22T22:08:40.979+0000] {dag.py:3722} INFO - Setting next_dagrun for example_subdag_operator.section-2 to None, run_after=None
[2025-02-22T22:08:41.000+0000] {processor.py:179} INFO - Processing /home/airflow/.local/lib/python3.10/site-packages/airflow/example_dags/example_subdag_operator.py took 0.345 seconds
[2025-02-22T22:09:11.700+0000] {processor.py:157} INFO - Started process (PID=146) to work on /home/airflow/.local/lib/python3.10/site-packages/airflow/example_dags/example_subdag_operator.py
[2025-02-22T22:09:11.701+0000] {processor.py:829} INFO - Processing file /home/airflow/.local/lib/python3.10/site-packages/airflow/example_dags/example_subdag_operator.py for tasks to queue
[2025-02-22T22:09:11.703+0000] {logging_mixin.py:154} INFO - [2025-02-22T22:09:11.703+0000] {dagbag.py:536} INFO - Filling up the DagBag from /home/airflow/.local/lib/python3.10/site-packages/airflow/example_dags/example_subdag_operator.py
[2025-02-22T22:09:11.774+0000] {processor.py:839} INFO - DAG(s) dict_keys(['example_subdag_operator.section-1', 'example_subdag_operator.section-2', 'example_subdag_operator']) retrieved from /home/airflow/.local/lib/python3.10/site-packages/airflow/example_dags/example_subdag_operator.py
[2025-02-22T22:09:11.789+0000] {logging_mixin.py:154} INFO - [2025-02-22T22:09:11.789+0000] {dag.py:2941} INFO - Sync 3 DAGs
[2025-02-22T22:09:11.819+0000] {logging_mixin.py:154} INFO - [2025-02-22T22:09:11.819+0000] {dag.py:3722} INFO - Setting next_dagrun for example_subdag_operator to 2022-01-01T00:00:00+00:00, run_after=2022-01-01T00:00:00+00:00
[2025-02-22T22:09:11.822+0000] {logging_mixin.py:154} INFO - [2025-02-22T22:09:11.822+0000] {dag.py:3722} INFO - Setting next_dagrun for example_subdag_operator.section-1 to None, run_after=None
[2025-02-22T22:09:11.823+0000] {logging_mixin.py:154} INFO - [2025-02-22T22:09:11.822+0000] {dag.py:3722} INFO - Setting next_dagrun for example_subdag_operator.section-2 to None, run_after=None
[2025-02-22T22:09:11.832+0000] {logging_mixin.py:154} INFO - [2025-02-22T22:09:11.832+0000] {dag.py:2941} INFO - Sync 2 DAGs
[2025-02-22T22:09:11.838+0000] {logging_mixin.py:154} INFO - [2025-02-22T22:09:11.838+0000] {dag.py:3722} INFO - Setting next_dagrun for example_subdag_operator.section-1 to None, run_after=None
[2025-02-22T22:09:11.838+0000] {logging_mixin.py:154} INFO - [2025-02-22T22:09:11.838+0000] {dag.py:3722} INFO - Setting next_dagrun for example_subdag_operator.section-2 to None, run_after=None
[2025-02-22T22:09:11.848+0000] {processor.py:179} INFO - Processing /home/airflow/.local/lib/python3.10/site-packages/airflow/example_dags/example_subdag_operator.py took 0.151 seconds
[2025-02-22T22:09:42.300+0000] {processor.py:157} INFO - Started process (PID=213) to work on /home/airflow/.local/lib/python3.10/site-packages/airflow/example_dags/example_subdag_operator.py
[2025-02-22T22:09:42.308+0000] {processor.py:829} INFO - Processing file /home/airflow/.local/lib/python3.10/site-packages/airflow/example_dags/example_subdag_operator.py for tasks to queue
[2025-02-22T22:09:42.310+0000] {logging_mixin.py:154} INFO - [2025-02-22T22:09:42.310+0000] {dagbag.py:536} INFO - Filling up the DagBag from /home/airflow/.local/lib/python3.10/site-packages/airflow/example_dags/example_subdag_operator.py
[2025-02-22T22:09:42.472+0000] {processor.py:839} INFO - DAG(s) dict_keys(['example_subdag_operator.section-1', 'example_subdag_operator.section-2', 'example_subdag_operator']) retrieved from /home/airflow/.local/lib/python3.10/site-packages/airflow/example_dags/example_subdag_operator.py
[2025-02-22T22:09:42.497+0000] {logging_mixin.py:154} INFO - [2025-02-22T22:09:42.496+0000] {dag.py:2941} INFO - Sync 3 DAGs
[2025-02-22T22:09:42.567+0000] {logging_mixin.py:154} INFO - [2025-02-22T22:09:42.567+0000] {dag.py:3722} INFO - Setting next_dagrun for example_subdag_operator to 2022-01-01T00:00:00+00:00, run_after=2022-01-01T00:00:00+00:00
[2025-02-22T22:09:42.573+0000] {logging_mixin.py:154} INFO - [2025-02-22T22:09:42.572+0000] {dag.py:3722} INFO - Setting next_dagrun for example_subdag_operator.section-1 to None, run_after=None
[2025-02-22T22:09:42.574+0000] {logging_mixin.py:154} INFO - [2025-02-22T22:09:42.574+0000] {dag.py:3722} INFO - Setting next_dagrun for example_subdag_operator.section-2 to None, run_after=None
[2025-02-22T22:09:42.588+0000] {logging_mixin.py:154} INFO - [2025-02-22T22:09:42.588+0000] {dag.py:2941} INFO - Sync 2 DAGs
[2025-02-22T22:09:42.595+0000] {logging_mixin.py:154} INFO - [2025-02-22T22:09:42.595+0000] {dag.py:3722} INFO - Setting next_dagrun for example_subdag_operator.section-1 to None, run_after=None
[2025-02-22T22:09:42.595+0000] {logging_mixin.py:154} INFO - [2025-02-22T22:09:42.595+0000] {dag.py:3722} INFO - Setting next_dagrun for example_subdag_operator.section-2 to None, run_after=None
[2025-02-22T22:09:42.611+0000] {processor.py:179} INFO - Processing /home/airflow/.local/lib/python3.10/site-packages/airflow/example_dags/example_subdag_operator.py took 0.314 seconds
[2025-02-22T22:10:13.134+0000] {processor.py:157} INFO - Started process (PID=274) to work on /home/airflow/.local/lib/python3.10/site-packages/airflow/example_dags/example_subdag_operator.py
[2025-02-22T22:10:13.135+0000] {processor.py:829} INFO - Processing file /home/airflow/.local/lib/python3.10/site-packages/airflow/example_dags/example_subdag_operator.py for tasks to queue
[2025-02-22T22:10:13.136+0000] {logging_mixin.py:154} INFO - [2025-02-22T22:10:13.136+0000] {dagbag.py:536} INFO - Filling up the DagBag from /home/airflow/.local/lib/python3.10/site-packages/airflow/example_dags/example_subdag_operator.py
[2025-02-22T22:10:13.202+0000] {processor.py:839} INFO - DAG(s) dict_keys(['example_subdag_operator.section-1', 'example_subdag_operator.section-2', 'example_subdag_operator']) retrieved from /home/airflow/.local/lib/python3.10/site-packages/airflow/example_dags/example_subdag_operator.py
[2025-02-22T22:10:13.214+0000] {logging_mixin.py:154} INFO - [2025-02-22T22:10:13.214+0000] {dag.py:2941} INFO - Sync 3 DAGs
[2025-02-22T22:10:13.240+0000] {logging_mixin.py:154} INFO - [2025-02-22T22:10:13.240+0000] {dag.py:3722} INFO - Setting next_dagrun for example_subdag_operator to 2022-01-01T00:00:00+00:00, run_after=2022-01-01T00:00:00+00:00
[2025-02-22T22:10:13.242+0000] {logging_mixin.py:154} INFO - [2025-02-22T22:10:13.242+0000] {dag.py:3722} INFO - Setting next_dagrun for example_subdag_operator.section-1 to None, run_after=None
[2025-02-22T22:10:13.243+0000] {logging_mixin.py:154} INFO - [2025-02-22T22:10:13.242+0000] {dag.py:3722} INFO - Setting next_dagrun for example_subdag_operator.section-2 to None, run_after=None
[2025-02-22T22:10:13.251+0000] {logging_mixin.py:154} INFO - [2025-02-22T22:10:13.251+0000] {dag.py:2941} INFO - Sync 2 DAGs
[2025-02-22T22:10:13.255+0000] {logging_mixin.py:154} INFO - [2025-02-22T22:10:13.254+0000] {dag.py:3722} INFO - Setting next_dagrun for example_subdag_operator.section-1 to None, run_after=None
[2025-02-22T22:10:13.255+0000] {logging_mixin.py:154} INFO - [2025-02-22T22:10:13.255+0000] {dag.py:3722} INFO - Setting next_dagrun for example_subdag_operator.section-2 to None, run_after=None
[2025-02-22T22:10:13.262+0000] {processor.py:179} INFO - Processing /home/airflow/.local/lib/python3.10/site-packages/airflow/example_dags/example_subdag_operator.py took 0.130 seconds
[2025-02-22T22:10:43.514+0000] {processor.py:157} INFO - Started process (PID=341) to work on /home/airflow/.local/lib/python3.10/site-packages/airflow/example_dags/example_subdag_operator.py
[2025-02-22T22:10:43.516+0000] {processor.py:829} INFO - Processing file /home/airflow/.local/lib/python3.10/site-packages/airflow/example_dags/example_subdag_operator.py for tasks to queue
[2025-02-22T22:10:43.519+0000] {logging_mixin.py:154} INFO - [2025-02-22T22:10:43.518+0000] {dagbag.py:536} INFO - Filling up the DagBag from /home/airflow/.local/lib/python3.10/site-packages/airflow/example_dags/example_subdag_operator.py
[2025-02-22T22:10:43.601+0000] {processor.py:839} INFO - DAG(s) dict_keys(['example_subdag_operator.section-1', 'example_subdag_operator.section-2', 'example_subdag_operator']) retrieved from /home/airflow/.local/lib/python3.10/site-packages/airflow/example_dags/example_subdag_operator.py
[2025-02-22T22:10:43.620+0000] {logging_mixin.py:154} INFO - [2025-02-22T22:10:43.620+0000] {dag.py:2941} INFO - Sync 3 DAGs
[2025-02-22T22:10:43.654+0000] {logging_mixin.py:154} INFO - [2025-02-22T22:10:43.654+0000] {dag.py:3722} INFO - Setting next_dagrun for example_subdag_operator to 2022-01-01T00:00:00+00:00, run_after=2022-01-01T00:00:00+00:00
[2025-02-22T22:10:43.660+0000] {logging_mixin.py:154} INFO - [2025-02-22T22:10:43.660+0000] {dag.py:3722} INFO - Setting next_dagrun for example_subdag_operator.section-1 to None, run_after=None
[2025-02-22T22:10:43.662+0000] {logging_mixin.py:154} INFO - [2025-02-22T22:10:43.661+0000] {dag.py:3722} INFO - Setting next_dagrun for example_subdag_operator.section-2 to None, run_after=None
[2025-02-22T22:10:43.675+0000] {logging_mixin.py:154} INFO - [2025-02-22T22:10:43.675+0000] {dag.py:2941} INFO - Sync 2 DAGs
[2025-02-22T22:10:43.684+0000] {logging_mixin.py:154} INFO - [2025-02-22T22:10:43.684+0000] {dag.py:3722} INFO - Setting next_dagrun for example_subdag_operator.section-1 to None, run_after=None
[2025-02-22T22:10:43.684+0000] {logging_mixin.py:154} INFO - [2025-02-22T22:10:43.684+0000] {dag.py:3722} INFO - Setting next_dagrun for example_subdag_operator.section-2 to None, run_after=None
[2025-02-22T22:10:43.697+0000] {processor.py:179} INFO - Processing /home/airflow/.local/lib/python3.10/site-packages/airflow/example_dags/example_subdag_operator.py took 0.187 seconds
[2025-02-22T22:11:14.675+0000] {processor.py:157} INFO - Started process (PID=401) to work on /home/airflow/.local/lib/python3.10/site-packages/airflow/example_dags/example_subdag_operator.py
[2025-02-22T22:11:14.676+0000] {processor.py:829} INFO - Processing file /home/airflow/.local/lib/python3.10/site-packages/airflow/example_dags/example_subdag_operator.py for tasks to queue
[2025-02-22T22:11:14.678+0000] {logging_mixin.py:154} INFO - [2025-02-22T22:11:14.678+0000] {dagbag.py:536} INFO - Filling up the DagBag from /home/airflow/.local/lib/python3.10/site-packages/airflow/example_dags/example_subdag_operator.py
[2025-02-22T22:11:14.773+0000] {processor.py:839} INFO - DAG(s) dict_keys(['example_subdag_operator.section-1', 'example_subdag_operator.section-2', 'example_subdag_operator']) retrieved from /home/airflow/.local/lib/python3.10/site-packages/airflow/example_dags/example_subdag_operator.py
[2025-02-22T22:11:14.798+0000] {logging_mixin.py:154} INFO - [2025-02-22T22:11:14.797+0000] {dag.py:2941} INFO - Sync 3 DAGs
[2025-02-22T22:11:14.832+0000] {logging_mixin.py:154} INFO - [2025-02-22T22:11:14.832+0000] {dag.py:3722} INFO - Setting next_dagrun for example_subdag_operator to 2022-01-01T00:00:00+00:00, run_after=2022-01-01T00:00:00+00:00
[2025-02-22T22:11:14.835+0000] {logging_mixin.py:154} INFO - [2025-02-22T22:11:14.835+0000] {dag.py:3722} INFO - Setting next_dagrun for example_subdag_operator.section-1 to None, run_after=None
[2025-02-22T22:11:14.835+0000] {logging_mixin.py:154} INFO - [2025-02-22T22:11:14.835+0000] {dag.py:3722} INFO - Setting next_dagrun for example_subdag_operator.section-2 to None, run_after=None
[2025-02-22T22:11:14.847+0000] {logging_mixin.py:154} INFO - [2025-02-22T22:11:14.847+0000] {dag.py:2941} INFO - Sync 2 DAGs
[2025-02-22T22:11:14.852+0000] {logging_mixin.py:154} INFO - [2025-02-22T22:11:14.852+0000] {dag.py:3722} INFO - Setting next_dagrun for example_subdag_operator.section-1 to None, run_after=None
[2025-02-22T22:11:14.852+0000] {logging_mixin.py:154} INFO - [2025-02-22T22:11:14.852+0000] {dag.py:3722} INFO - Setting next_dagrun for example_subdag_operator.section-2 to None, run_after=None
[2025-02-22T22:11:14.865+0000] {processor.py:179} INFO - Processing /home/airflow/.local/lib/python3.10/site-packages/airflow/example_dags/example_subdag_operator.py took 0.194 seconds
[2025-02-22T22:11:45.534+0000] {processor.py:157} INFO - Started process (PID=469) to work on /home/airflow/.local/lib/python3.10/site-packages/airflow/example_dags/example_subdag_operator.py
[2025-02-22T22:11:45.536+0000] {processor.py:829} INFO - Processing file /home/airflow/.local/lib/python3.10/site-packages/airflow/example_dags/example_subdag_operator.py for tasks to queue
[2025-02-22T22:11:45.537+0000] {logging_mixin.py:154} INFO - [2025-02-22T22:11:45.537+0000] {dagbag.py:536} INFO - Filling up the DagBag from /home/airflow/.local/lib/python3.10/site-packages/airflow/example_dags/example_subdag_operator.py
[2025-02-22T22:11:45.607+0000] {processor.py:839} INFO - DAG(s) dict_keys(['example_subdag_operator.section-1', 'example_subdag_operator.section-2', 'example_subdag_operator']) retrieved from /home/airflow/.local/lib/python3.10/site-packages/airflow/example_dags/example_subdag_operator.py
[2025-02-22T22:11:45.624+0000] {logging_mixin.py:154} INFO - [2025-02-22T22:11:45.624+0000] {dag.py:2941} INFO - Sync 3 DAGs
[2025-02-22T22:11:45.655+0000] {logging_mixin.py:154} INFO - [2025-02-22T22:11:45.655+0000] {dag.py:3722} INFO - Setting next_dagrun for example_subdag_operator to 2022-01-01T00:00:00+00:00, run_after=2022-01-01T00:00:00+00:00
[2025-02-22T22:11:45.657+0000] {logging_mixin.py:154} INFO - [2025-02-22T22:11:45.657+0000] {dag.py:3722} INFO - Setting next_dagrun for example_subdag_operator.section-1 to None, run_after=None
[2025-02-22T22:11:45.659+0000] {logging_mixin.py:154} INFO - [2025-02-22T22:11:45.659+0000] {dag.py:3722} INFO - Setting next_dagrun for example_subdag_operator.section-2 to None, run_after=None
[2025-02-22T22:11:45.670+0000] {logging_mixin.py:154} INFO - [2025-02-22T22:11:45.670+0000] {dag.py:2941} INFO - Sync 2 DAGs
[2025-02-22T22:11:45.675+0000] {logging_mixin.py:154} INFO - [2025-02-22T22:11:45.675+0000] {dag.py:3722} INFO - Setting next_dagrun for example_subdag_operator.section-1 to None, run_after=None
[2025-02-22T22:11:45.675+0000] {logging_mixin.py:154} INFO - [2025-02-22T22:11:45.675+0000] {dag.py:3722} INFO - Setting next_dagrun for example_subdag_operator.section-2 to None, run_after=None
[2025-02-22T22:11:45.686+0000] {processor.py:179} INFO - Processing /home/airflow/.local/lib/python3.10/site-packages/airflow/example_dags/example_subdag_operator.py took 0.154 seconds
[2025-02-22T22:12:16.326+0000] {processor.py:157} INFO - Started process (PID=530) to work on /home/airflow/.local/lib/python3.10/site-packages/airflow/example_dags/example_subdag_operator.py
[2025-02-22T22:12:16.328+0000] {processor.py:829} INFO - Processing file /home/airflow/.local/lib/python3.10/site-packages/airflow/example_dags/example_subdag_operator.py for tasks to queue
[2025-02-22T22:12:16.329+0000] {logging_mixin.py:154} INFO - [2025-02-22T22:12:16.329+0000] {dagbag.py:536} INFO - Filling up the DagBag from /home/airflow/.local/lib/python3.10/site-packages/airflow/example_dags/example_subdag_operator.py
[2025-02-22T22:12:16.400+0000] {processor.py:839} INFO - DAG(s) dict_keys(['example_subdag_operator.section-1', 'example_subdag_operator.section-2', 'example_subdag_operator']) retrieved from /home/airflow/.local/lib/python3.10/site-packages/airflow/example_dags/example_subdag_operator.py
[2025-02-22T22:12:16.418+0000] {logging_mixin.py:154} INFO - [2025-02-22T22:12:16.418+0000] {dag.py:2941} INFO - Sync 3 DAGs
[2025-02-22T22:12:16.455+0000] {logging_mixin.py:154} INFO - [2025-02-22T22:12:16.454+0000] {dag.py:3722} INFO - Setting next_dagrun for example_subdag_operator to 2022-01-01T00:00:00+00:00, run_after=2022-01-01T00:00:00+00:00
[2025-02-22T22:12:16.458+0000] {logging_mixin.py:154} INFO - [2025-02-22T22:12:16.457+0000] {dag.py:3722} INFO - Setting next_dagrun for example_subdag_operator.section-1 to None, run_after=None
[2025-02-22T22:12:16.459+0000] {logging_mixin.py:154} INFO - [2025-02-22T22:12:16.459+0000] {dag.py:3722} INFO - Setting next_dagrun for example_subdag_operator.section-2 to None, run_after=None
[2025-02-22T22:12:16.470+0000] {logging_mixin.py:154} INFO - [2025-02-22T22:12:16.470+0000] {dag.py:2941} INFO - Sync 2 DAGs
[2025-02-22T22:12:16.475+0000] {logging_mixin.py:154} INFO - [2025-02-22T22:12:16.475+0000] {dag.py:3722} INFO - Setting next_dagrun for example_subdag_operator.section-1 to None, run_after=None
[2025-02-22T22:12:16.475+0000] {logging_mixin.py:154} INFO - [2025-02-22T22:12:16.475+0000] {dag.py:3722} INFO - Setting next_dagrun for example_subdag_operator.section-2 to None, run_after=None
[2025-02-22T22:12:16.485+0000] {processor.py:179} INFO - Processing /home/airflow/.local/lib/python3.10/site-packages/airflow/example_dags/example_subdag_operator.py took 0.161 seconds
[2025-02-22T22:12:46.851+0000] {processor.py:157} INFO - Started process (PID=597) to work on /home/airflow/.local/lib/python3.10/site-packages/airflow/example_dags/example_subdag_operator.py
[2025-02-22T22:12:46.852+0000] {processor.py:829} INFO - Processing file /home/airflow/.local/lib/python3.10/site-packages/airflow/example_dags/example_subdag_operator.py for tasks to queue
[2025-02-22T22:12:46.854+0000] {logging_mixin.py:154} INFO - [2025-02-22T22:12:46.854+0000] {dagbag.py:536} INFO - Filling up the DagBag from /home/airflow/.local/lib/python3.10/site-packages/airflow/example_dags/example_subdag_operator.py
[2025-02-22T22:12:46.952+0000] {processor.py:839} INFO - DAG(s) dict_keys(['example_subdag_operator.section-1', 'example_subdag_operator.section-2', 'example_subdag_operator']) retrieved from /home/airflow/.local/lib/python3.10/site-packages/airflow/example_dags/example_subdag_operator.py
[2025-02-22T22:12:46.972+0000] {logging_mixin.py:154} INFO - [2025-02-22T22:12:46.972+0000] {dag.py:2941} INFO - Sync 3 DAGs
[2025-02-22T22:12:47.018+0000] {logging_mixin.py:154} INFO - [2025-02-22T22:12:47.018+0000] {dag.py:3722} INFO - Setting next_dagrun for example_subdag_operator to 2022-01-01T00:00:00+00:00, run_after=2022-01-01T00:00:00+00:00
[2025-02-22T22:12:47.023+0000] {logging_mixin.py:154} INFO - [2025-02-22T22:12:47.022+0000] {dag.py:3722} INFO - Setting next_dagrun for example_subdag_operator.section-1 to None, run_after=None
[2025-02-22T22:12:47.024+0000] {logging_mixin.py:154} INFO - [2025-02-22T22:12:47.024+0000] {dag.py:3722} INFO - Setting next_dagrun for example_subdag_operator.section-2 to None, run_after=None
[2025-02-22T22:12:47.036+0000] {logging_mixin.py:154} INFO - [2025-02-22T22:12:47.035+0000] {dag.py:2941} INFO - Sync 2 DAGs
[2025-02-22T22:12:47.044+0000] {logging_mixin.py:154} INFO - [2025-02-22T22:12:47.044+0000] {dag.py:3722} INFO - Setting next_dagrun for example_subdag_operator.section-1 to None, run_after=None
[2025-02-22T22:12:47.045+0000] {logging_mixin.py:154} INFO - [2025-02-22T22:12:47.045+0000] {dag.py:3722} INFO - Setting next_dagrun for example_subdag_operator.section-2 to None, run_after=None
[2025-02-22T22:12:47.060+0000] {processor.py:179} INFO - Processing /home/airflow/.local/lib/python3.10/site-packages/airflow/example_dags/example_subdag_operator.py took 0.215 seconds
[2025-02-22T22:13:17.447+0000] {processor.py:157} INFO - Started process (PID=658) to work on /home/airflow/.local/lib/python3.10/site-packages/airflow/example_dags/example_subdag_operator.py
[2025-02-22T22:13:17.451+0000] {processor.py:829} INFO - Processing file /home/airflow/.local/lib/python3.10/site-packages/airflow/example_dags/example_subdag_operator.py for tasks to queue
[2025-02-22T22:13:17.453+0000] {logging_mixin.py:154} INFO - [2025-02-22T22:13:17.452+0000] {dagbag.py:536} INFO - Filling up the DagBag from /home/airflow/.local/lib/python3.10/site-packages/airflow/example_dags/example_subdag_operator.py
[2025-02-22T22:13:17.528+0000] {processor.py:839} INFO - DAG(s) dict_keys(['example_subdag_operator.section-1', 'example_subdag_operator.section-2', 'example_subdag_operator']) retrieved from /home/airflow/.local/lib/python3.10/site-packages/airflow/example_dags/example_subdag_operator.py
[2025-02-22T22:13:17.543+0000] {logging_mixin.py:154} INFO - [2025-02-22T22:13:17.543+0000] {dag.py:2941} INFO - Sync 3 DAGs
[2025-02-22T22:13:17.576+0000] {logging_mixin.py:154} INFO - [2025-02-22T22:13:17.576+0000] {dag.py:3722} INFO - Setting next_dagrun for example_subdag_operator to 2022-01-01T00:00:00+00:00, run_after=2022-01-01T00:00:00+00:00
[2025-02-22T22:13:17.578+0000] {logging_mixin.py:154} INFO - [2025-02-22T22:13:17.578+0000] {dag.py:3722} INFO - Setting next_dagrun for example_subdag_operator.section-1 to None, run_after=None
[2025-02-22T22:13:17.579+0000] {logging_mixin.py:154} INFO - [2025-02-22T22:13:17.579+0000] {dag.py:3722} INFO - Setting next_dagrun for example_subdag_operator.section-2 to None, run_after=None
[2025-02-22T22:13:17.589+0000] {logging_mixin.py:154} INFO - [2025-02-22T22:13:17.589+0000] {dag.py:2941} INFO - Sync 2 DAGs
[2025-02-22T22:13:17.595+0000] {logging_mixin.py:154} INFO - [2025-02-22T22:13:17.595+0000] {dag.py:3722} INFO - Setting next_dagrun for example_subdag_operator.section-1 to None, run_after=None
[2025-02-22T22:13:17.595+0000] {logging_mixin.py:154} INFO - [2025-02-22T22:13:17.595+0000] {dag.py:3722} INFO - Setting next_dagrun for example_subdag_operator.section-2 to None, run_after=None
[2025-02-22T22:13:17.612+0000] {processor.py:179} INFO - Processing /home/airflow/.local/lib/python3.10/site-packages/airflow/example_dags/example_subdag_operator.py took 0.167 seconds
[2025-02-22T22:13:47.980+0000] {processor.py:157} INFO - Started process (PID=726) to work on /home/airflow/.local/lib/python3.10/site-packages/airflow/example_dags/example_subdag_operator.py
[2025-02-22T22:13:47.984+0000] {processor.py:829} INFO - Processing file /home/airflow/.local/lib/python3.10/site-packages/airflow/example_dags/example_subdag_operator.py for tasks to queue
[2025-02-22T22:13:47.986+0000] {logging_mixin.py:154} INFO - [2025-02-22T22:13:47.986+0000] {dagbag.py:536} INFO - Filling up the DagBag from /home/airflow/.local/lib/python3.10/site-packages/airflow/example_dags/example_subdag_operator.py
[2025-02-22T22:13:48.065+0000] {processor.py:839} INFO - DAG(s) dict_keys(['example_subdag_operator.section-1', 'example_subdag_operator.section-2', 'example_subdag_operator']) retrieved from /home/airflow/.local/lib/python3.10/site-packages/airflow/example_dags/example_subdag_operator.py
[2025-02-22T22:13:48.084+0000] {logging_mixin.py:154} INFO - [2025-02-22T22:13:48.084+0000] {dag.py:2941} INFO - Sync 3 DAGs
[2025-02-22T22:13:48.127+0000] {logging_mixin.py:154} INFO - [2025-02-22T22:13:48.127+0000] {dag.py:3722} INFO - Setting next_dagrun for example_subdag_operator to 2022-01-01T00:00:00+00:00, run_after=2022-01-01T00:00:00+00:00
[2025-02-22T22:13:48.130+0000] {logging_mixin.py:154} INFO - [2025-02-22T22:13:48.130+0000] {dag.py:3722} INFO - Setting next_dagrun for example_subdag_operator.section-1 to None, run_after=None
[2025-02-22T22:13:48.131+0000] {logging_mixin.py:154} INFO - [2025-02-22T22:13:48.131+0000] {dag.py:3722} INFO - Setting next_dagrun for example_subdag_operator.section-2 to None, run_after=None
[2025-02-22T22:13:48.141+0000] {logging_mixin.py:154} INFO - [2025-02-22T22:13:48.141+0000] {dag.py:2941} INFO - Sync 2 DAGs
[2025-02-22T22:13:48.145+0000] {logging_mixin.py:154} INFO - [2025-02-22T22:13:48.145+0000] {dag.py:3722} INFO - Setting next_dagrun for example_subdag_operator.section-1 to None, run_after=None
[2025-02-22T22:13:48.146+0000] {logging_mixin.py:154} INFO - [2025-02-22T22:13:48.146+0000] {dag.py:3722} INFO - Setting next_dagrun for example_subdag_operator.section-2 to None, run_after=None
[2025-02-22T22:13:48.164+0000] {processor.py:179} INFO - Processing /home/airflow/.local/lib/python3.10/site-packages/airflow/example_dags/example_subdag_operator.py took 0.187 seconds
[2025-02-22T22:14:18.440+0000] {processor.py:157} INFO - Started process (PID=787) to work on /home/airflow/.local/lib/python3.10/site-packages/airflow/example_dags/example_subdag_operator.py
[2025-02-22T22:14:18.442+0000] {processor.py:829} INFO - Processing file /home/airflow/.local/lib/python3.10/site-packages/airflow/example_dags/example_subdag_operator.py for tasks to queue
[2025-02-22T22:14:18.446+0000] {logging_mixin.py:154} INFO - [2025-02-22T22:14:18.446+0000] {dagbag.py:536} INFO - Filling up the DagBag from /home/airflow/.local/lib/python3.10/site-packages/airflow/example_dags/example_subdag_operator.py
[2025-02-22T22:14:18.669+0000] {processor.py:839} INFO - DAG(s) dict_keys(['example_subdag_operator.section-1', 'example_subdag_operator.section-2', 'example_subdag_operator']) retrieved from /home/airflow/.local/lib/python3.10/site-packages/airflow/example_dags/example_subdag_operator.py
[2025-02-22T22:14:18.729+0000] {logging_mixin.py:154} INFO - [2025-02-22T22:14:18.729+0000] {dag.py:2941} INFO - Sync 3 DAGs
[2025-02-22T22:14:18.804+0000] {logging_mixin.py:154} INFO - [2025-02-22T22:14:18.804+0000] {dag.py:3722} INFO - Setting next_dagrun for example_subdag_operator to 2022-01-01T00:00:00+00:00, run_after=2022-01-01T00:00:00+00:00
[2025-02-22T22:14:18.809+0000] {logging_mixin.py:154} INFO - [2025-02-22T22:14:18.808+0000] {dag.py:3722} INFO - Setting next_dagrun for example_subdag_operator.section-1 to None, run_after=None
[2025-02-22T22:14:18.813+0000] {logging_mixin.py:154} INFO - [2025-02-22T22:14:18.812+0000] {dag.py:3722} INFO - Setting next_dagrun for example_subdag_operator.section-2 to None, run_after=None
[2025-02-22T22:14:18.844+0000] {logging_mixin.py:154} INFO - [2025-02-22T22:14:18.844+0000] {dag.py:2941} INFO - Sync 2 DAGs
[2025-02-22T22:14:18.858+0000] {logging_mixin.py:154} INFO - [2025-02-22T22:14:18.857+0000] {dag.py:3722} INFO - Setting next_dagrun for example_subdag_operator.section-1 to None, run_after=None
[2025-02-22T22:14:18.859+0000] {logging_mixin.py:154} INFO - [2025-02-22T22:14:18.858+0000] {dag.py:3722} INFO - Setting next_dagrun for example_subdag_operator.section-2 to None, run_after=None
[2025-02-22T22:14:18.880+0000] {processor.py:179} INFO - Processing /home/airflow/.local/lib/python3.10/site-packages/airflow/example_dags/example_subdag_operator.py took 0.446 seconds
[2025-02-22T22:14:49.274+0000] {processor.py:157} INFO - Started process (PID=855) to work on /home/airflow/.local/lib/python3.10/site-packages/airflow/example_dags/example_subdag_operator.py
[2025-02-22T22:14:49.276+0000] {processor.py:829} INFO - Processing file /home/airflow/.local/lib/python3.10/site-packages/airflow/example_dags/example_subdag_operator.py for tasks to queue
[2025-02-22T22:14:49.279+0000] {logging_mixin.py:154} INFO - [2025-02-22T22:14:49.279+0000] {dagbag.py:536} INFO - Filling up the DagBag from /home/airflow/.local/lib/python3.10/site-packages/airflow/example_dags/example_subdag_operator.py
[2025-02-22T22:14:49.350+0000] {processor.py:839} INFO - DAG(s) dict_keys(['example_subdag_operator.section-1', 'example_subdag_operator.section-2', 'example_subdag_operator']) retrieved from /home/airflow/.local/lib/python3.10/site-packages/airflow/example_dags/example_subdag_operator.py
[2025-02-22T22:14:49.366+0000] {logging_mixin.py:154} INFO - [2025-02-22T22:14:49.366+0000] {dag.py:2941} INFO - Sync 3 DAGs
[2025-02-22T22:14:49.405+0000] {logging_mixin.py:154} INFO - [2025-02-22T22:14:49.405+0000] {dag.py:3722} INFO - Setting next_dagrun for example_subdag_operator to 2022-01-01T00:00:00+00:00, run_after=2022-01-01T00:00:00+00:00
[2025-02-22T22:14:49.408+0000] {logging_mixin.py:154} INFO - [2025-02-22T22:14:49.408+0000] {dag.py:3722} INFO - Setting next_dagrun for example_subdag_operator.section-1 to None, run_after=None
[2025-02-22T22:14:49.409+0000] {logging_mixin.py:154} INFO - [2025-02-22T22:14:49.409+0000] {dag.py:3722} INFO - Setting next_dagrun for example_subdag_operator.section-2 to None, run_after=None
[2025-02-22T22:14:49.419+0000] {logging_mixin.py:154} INFO - [2025-02-22T22:14:49.419+0000] {dag.py:2941} INFO - Sync 2 DAGs
[2025-02-22T22:14:49.424+0000] {logging_mixin.py:154} INFO - [2025-02-22T22:14:49.424+0000] {dag.py:3722} INFO - Setting next_dagrun for example_subdag_operator.section-1 to None, run_after=None
[2025-02-22T22:14:49.424+0000] {logging_mixin.py:154} INFO - [2025-02-22T22:14:49.424+0000] {dag.py:3722} INFO - Setting next_dagrun for example_subdag_operator.section-2 to None, run_after=None
[2025-02-22T22:14:49.434+0000] {processor.py:179} INFO - Processing /home/airflow/.local/lib/python3.10/site-packages/airflow/example_dags/example_subdag_operator.py took 0.162 seconds
[2025-02-22T22:15:20.147+0000] {processor.py:157} INFO - Started process (PID=916) to work on /home/airflow/.local/lib/python3.10/site-packages/airflow/example_dags/example_subdag_operator.py
[2025-02-22T22:15:20.150+0000] {processor.py:829} INFO - Processing file /home/airflow/.local/lib/python3.10/site-packages/airflow/example_dags/example_subdag_operator.py for tasks to queue
[2025-02-22T22:15:20.152+0000] {logging_mixin.py:154} INFO - [2025-02-22T22:15:20.152+0000] {dagbag.py:536} INFO - Filling up the DagBag from /home/airflow/.local/lib/python3.10/site-packages/airflow/example_dags/example_subdag_operator.py
[2025-02-22T22:15:20.220+0000] {processor.py:839} INFO - DAG(s) dict_keys(['example_subdag_operator.section-1', 'example_subdag_operator.section-2', 'example_subdag_operator']) retrieved from /home/airflow/.local/lib/python3.10/site-packages/airflow/example_dags/example_subdag_operator.py
[2025-02-22T22:15:20.237+0000] {logging_mixin.py:154} INFO - [2025-02-22T22:15:20.237+0000] {dag.py:2941} INFO - Sync 3 DAGs
[2025-02-22T22:15:20.269+0000] {logging_mixin.py:154} INFO - [2025-02-22T22:15:20.269+0000] {dag.py:3722} INFO - Setting next_dagrun for example_subdag_operator to 2022-01-01T00:00:00+00:00, run_after=2022-01-01T00:00:00+00:00
[2025-02-22T22:15:20.272+0000] {logging_mixin.py:154} INFO - [2025-02-22T22:15:20.271+0000] {dag.py:3722} INFO - Setting next_dagrun for example_subdag_operator.section-1 to None, run_after=None
[2025-02-22T22:15:20.272+0000] {logging_mixin.py:154} INFO - [2025-02-22T22:15:20.272+0000] {dag.py:3722} INFO - Setting next_dagrun for example_subdag_operator.section-2 to None, run_after=None
[2025-02-22T22:15:20.282+0000] {logging_mixin.py:154} INFO - [2025-02-22T22:15:20.282+0000] {dag.py:2941} INFO - Sync 2 DAGs
[2025-02-22T22:15:20.286+0000] {logging_mixin.py:154} INFO - [2025-02-22T22:15:20.286+0000] {dag.py:3722} INFO - Setting next_dagrun for example_subdag_operator.section-1 to None, run_after=None
[2025-02-22T22:15:20.287+0000] {logging_mixin.py:154} INFO - [2025-02-22T22:15:20.286+0000] {dag.py:3722} INFO - Setting next_dagrun for example_subdag_operator.section-2 to None, run_after=None
[2025-02-22T22:15:20.296+0000] {processor.py:179} INFO - Processing /home/airflow/.local/lib/python3.10/site-packages/airflow/example_dags/example_subdag_operator.py took 0.152 seconds
[2025-02-22T22:15:50.450+0000] {processor.py:157} INFO - Started process (PID=984) to work on /home/airflow/.local/lib/python3.10/site-packages/airflow/example_dags/example_subdag_operator.py
[2025-02-22T22:15:50.455+0000] {processor.py:829} INFO - Processing file /home/airflow/.local/lib/python3.10/site-packages/airflow/example_dags/example_subdag_operator.py for tasks to queue
[2025-02-22T22:15:50.457+0000] {logging_mixin.py:154} INFO - [2025-02-22T22:15:50.456+0000] {dagbag.py:536} INFO - Filling up the DagBag from /home/airflow/.local/lib/python3.10/site-packages/airflow/example_dags/example_subdag_operator.py
[2025-02-22T22:15:50.539+0000] {processor.py:839} INFO - DAG(s) dict_keys(['example_subdag_operator.section-1', 'example_subdag_operator.section-2', 'example_subdag_operator']) retrieved from /home/airflow/.local/lib/python3.10/site-packages/airflow/example_dags/example_subdag_operator.py
[2025-02-22T22:15:50.557+0000] {logging_mixin.py:154} INFO - [2025-02-22T22:15:50.557+0000] {dag.py:2941} INFO - Sync 3 DAGs
[2025-02-22T22:15:50.595+0000] {logging_mixin.py:154} INFO - [2025-02-22T22:15:50.594+0000] {dag.py:3722} INFO - Setting next_dagrun for example_subdag_operator to 2022-01-01T00:00:00+00:00, run_after=2022-01-01T00:00:00+00:00
[2025-02-22T22:15:50.597+0000] {logging_mixin.py:154} INFO - [2025-02-22T22:15:50.597+0000] {dag.py:3722} INFO - Setting next_dagrun for example_subdag_operator.section-1 to None, run_after=None
[2025-02-22T22:15:50.598+0000] {logging_mixin.py:154} INFO - [2025-02-22T22:15:50.598+0000] {dag.py:3722} INFO - Setting next_dagrun for example_subdag_operator.section-2 to None, run_after=None
[2025-02-22T22:15:50.608+0000] {logging_mixin.py:154} INFO - [2025-02-22T22:15:50.608+0000] {dag.py:2941} INFO - Sync 2 DAGs
[2025-02-22T22:15:50.613+0000] {logging_mixin.py:154} INFO - [2025-02-22T22:15:50.613+0000] {dag.py:3722} INFO - Setting next_dagrun for example_subdag_operator.section-1 to None, run_after=None
[2025-02-22T22:15:50.613+0000] {logging_mixin.py:154} INFO - [2025-02-22T22:15:50.613+0000] {dag.py:3722} INFO - Setting next_dagrun for example_subdag_operator.section-2 to None, run_after=None
[2025-02-22T22:15:50.622+0000] {processor.py:179} INFO - Processing /home/airflow/.local/lib/python3.10/site-packages/airflow/example_dags/example_subdag_operator.py took 0.175 seconds
[2025-02-22T22:16:20.809+0000] {processor.py:157} INFO - Started process (PID=1046) to work on /home/airflow/.local/lib/python3.10/site-packages/airflow/example_dags/example_subdag_operator.py
[2025-02-22T22:16:20.811+0000] {processor.py:829} INFO - Processing file /home/airflow/.local/lib/python3.10/site-packages/airflow/example_dags/example_subdag_operator.py for tasks to queue
[2025-02-22T22:16:20.812+0000] {logging_mixin.py:154} INFO - [2025-02-22T22:16:20.812+0000] {dagbag.py:536} INFO - Filling up the DagBag from /home/airflow/.local/lib/python3.10/site-packages/airflow/example_dags/example_subdag_operator.py
[2025-02-22T22:16:20.883+0000] {processor.py:839} INFO - DAG(s) dict_keys(['example_subdag_operator.section-1', 'example_subdag_operator.section-2', 'example_subdag_operator']) retrieved from /home/airflow/.local/lib/python3.10/site-packages/airflow/example_dags/example_subdag_operator.py
[2025-02-22T22:16:20.897+0000] {logging_mixin.py:154} INFO - [2025-02-22T22:16:20.897+0000] {dag.py:2941} INFO - Sync 3 DAGs
[2025-02-22T22:16:20.925+0000] {logging_mixin.py:154} INFO - [2025-02-22T22:16:20.925+0000] {dag.py:3722} INFO - Setting next_dagrun for example_subdag_operator to 2022-01-01T00:00:00+00:00, run_after=2022-01-01T00:00:00+00:00
[2025-02-22T22:16:20.927+0000] {logging_mixin.py:154} INFO - [2025-02-22T22:16:20.927+0000] {dag.py:3722} INFO - Setting next_dagrun for example_subdag_operator.section-1 to None, run_after=None
[2025-02-22T22:16:20.928+0000] {logging_mixin.py:154} INFO - [2025-02-22T22:16:20.928+0000] {dag.py:3722} INFO - Setting next_dagrun for example_subdag_operator.section-2 to None, run_after=None
[2025-02-22T22:16:20.937+0000] {logging_mixin.py:154} INFO - [2025-02-22T22:16:20.937+0000] {dag.py:2941} INFO - Sync 2 DAGs
[2025-02-22T22:16:20.942+0000] {logging_mixin.py:154} INFO - [2025-02-22T22:16:20.942+0000] {dag.py:3722} INFO - Setting next_dagrun for example_subdag_operator.section-1 to None, run_after=None
[2025-02-22T22:16:20.942+0000] {logging_mixin.py:154} INFO - [2025-02-22T22:16:20.942+0000] {dag.py:3722} INFO - Setting next_dagrun for example_subdag_operator.section-2 to None, run_after=None
[2025-02-22T22:16:20.952+0000] {processor.py:179} INFO - Processing /home/airflow/.local/lib/python3.10/site-packages/airflow/example_dags/example_subdag_operator.py took 0.145 seconds
[2025-02-22T22:16:51.160+0000] {processor.py:157} INFO - Started process (PID=1113) to work on /home/airflow/.local/lib/python3.10/site-packages/airflow/example_dags/example_subdag_operator.py
[2025-02-22T22:16:51.161+0000] {processor.py:829} INFO - Processing file /home/airflow/.local/lib/python3.10/site-packages/airflow/example_dags/example_subdag_operator.py for tasks to queue
[2025-02-22T22:16:51.164+0000] {logging_mixin.py:154} INFO - [2025-02-22T22:16:51.163+0000] {dagbag.py:536} INFO - Filling up the DagBag from /home/airflow/.local/lib/python3.10/site-packages/airflow/example_dags/example_subdag_operator.py
[2025-02-22T22:16:51.240+0000] {processor.py:839} INFO - DAG(s) dict_keys(['example_subdag_operator.section-1', 'example_subdag_operator.section-2', 'example_subdag_operator']) retrieved from /home/airflow/.local/lib/python3.10/site-packages/airflow/example_dags/example_subdag_operator.py
[2025-02-22T22:16:51.256+0000] {logging_mixin.py:154} INFO - [2025-02-22T22:16:51.256+0000] {dag.py:2941} INFO - Sync 3 DAGs
[2025-02-22T22:16:51.286+0000] {logging_mixin.py:154} INFO - [2025-02-22T22:16:51.286+0000] {dag.py:3722} INFO - Setting next_dagrun for example_subdag_operator to 2022-01-01T00:00:00+00:00, run_after=2022-01-01T00:00:00+00:00
[2025-02-22T22:16:51.289+0000] {logging_mixin.py:154} INFO - [2025-02-22T22:16:51.288+0000] {dag.py:3722} INFO - Setting next_dagrun for example_subdag_operator.section-1 to None, run_after=None
[2025-02-22T22:16:51.289+0000] {logging_mixin.py:154} INFO - [2025-02-22T22:16:51.289+0000] {dag.py:3722} INFO - Setting next_dagrun for example_subdag_operator.section-2 to None, run_after=None
[2025-02-22T22:16:51.298+0000] {logging_mixin.py:154} INFO - [2025-02-22T22:16:51.298+0000] {dag.py:2941} INFO - Sync 2 DAGs
[2025-02-22T22:16:51.302+0000] {logging_mixin.py:154} INFO - [2025-02-22T22:16:51.302+0000] {dag.py:3722} INFO - Setting next_dagrun for example_subdag_operator.section-1 to None, run_after=None
[2025-02-22T22:16:51.302+0000] {logging_mixin.py:154} INFO - [2025-02-22T22:16:51.302+0000] {dag.py:3722} INFO - Setting next_dagrun for example_subdag_operator.section-2 to None, run_after=None
[2025-02-22T22:16:51.310+0000] {processor.py:179} INFO - Processing /home/airflow/.local/lib/python3.10/site-packages/airflow/example_dags/example_subdag_operator.py took 0.152 seconds
