[2025-02-22T21:47:18.826+0000] {processor.py:157} INFO - Started process (PID=73) to work on /home/airflow/.local/lib/python3.10/site-packages/airflow/example_dags/example_python_operator.py
[2025-02-22T21:47:18.827+0000] {processor.py:829} INFO - Processing file /home/airflow/.local/lib/python3.10/site-packages/airflow/example_dags/example_python_operator.py for tasks to queue
[2025-02-22T21:47:18.829+0000] {logging_mixin.py:154} INFO - [2025-02-22T21:47:18.829+0000] {dagbag.py:536} INFO - Filling up the DagBag from /home/airflow/.local/lib/python3.10/site-packages/airflow/example_dags/example_python_operator.py
[2025-02-22T21:47:18.850+0000] {processor.py:839} INFO - DAG(s) dict_keys(['example_python_operator']) retrieved from /home/airflow/.local/lib/python3.10/site-packages/airflow/example_dags/example_python_operator.py
[2025-02-22T21:47:19.014+0000] {logging_mixin.py:154} INFO - [2025-02-22T21:47:19.014+0000] {manager.py:499} INFO - Created Permission View: %s
[2025-02-22T21:47:19.024+0000] {logging_mixin.py:154} INFO - [2025-02-22T21:47:19.024+0000] {manager.py:499} INFO - Created Permission View: %s
[2025-02-22T21:47:19.034+0000] {logging_mixin.py:154} INFO - [2025-02-22T21:47:19.034+0000] {manager.py:499} INFO - Created Permission View: %s
[2025-02-22T21:47:19.035+0000] {logging_mixin.py:154} INFO - [2025-02-22T21:47:19.035+0000] {dag.py:2941} INFO - Sync 1 DAGs
[2025-02-22T21:47:19.053+0000] {logging_mixin.py:154} INFO - [2025-02-22T21:47:19.052+0000] {dag.py:2963} INFO - Creating ORM DAG for example_python_operator
[2025-02-22T21:47:19.054+0000] {logging_mixin.py:154} INFO - [2025-02-22T21:47:19.054+0000] {dag.py:3722} INFO - Setting next_dagrun for example_python_operator to None, run_after=None
[2025-02-22T21:47:19.082+0000] {processor.py:179} INFO - Processing /home/airflow/.local/lib/python3.10/site-packages/airflow/example_dags/example_python_operator.py took 0.258 seconds
[2025-02-22T21:48:59.882+0000] {processor.py:157} INFO - Started process (PID=66) to work on /home/airflow/.local/lib/python3.10/site-packages/airflow/example_dags/example_python_operator.py
[2025-02-22T21:48:59.883+0000] {processor.py:829} INFO - Processing file /home/airflow/.local/lib/python3.10/site-packages/airflow/example_dags/example_python_operator.py for tasks to queue
[2025-02-22T21:48:59.886+0000] {logging_mixin.py:154} INFO - [2025-02-22T21:48:59.886+0000] {dagbag.py:536} INFO - Filling up the DagBag from /home/airflow/.local/lib/python3.10/site-packages/airflow/example_dags/example_python_operator.py
[2025-02-22T21:48:59.898+0000] {processor.py:839} INFO - DAG(s) dict_keys(['example_python_operator']) retrieved from /home/airflow/.local/lib/python3.10/site-packages/airflow/example_dags/example_python_operator.py
[2025-02-22T21:48:59.977+0000] {logging_mixin.py:154} INFO - [2025-02-22T21:48:59.977+0000] {dag.py:2941} INFO - Sync 1 DAGs
[2025-02-22T21:48:59.992+0000] {logging_mixin.py:154} INFO - [2025-02-22T21:48:59.991+0000] {dag.py:3722} INFO - Setting next_dagrun for example_python_operator to None, run_after=None
[2025-02-22T21:49:00.024+0000] {processor.py:179} INFO - Processing /home/airflow/.local/lib/python3.10/site-packages/airflow/example_dags/example_python_operator.py took 0.143 seconds
[2025-02-22T21:56:50.641+0000] {processor.py:157} INFO - Started process (PID=66) to work on /home/airflow/.local/lib/python3.10/site-packages/airflow/example_dags/example_python_operator.py
[2025-02-22T21:56:50.642+0000] {processor.py:829} INFO - Processing file /home/airflow/.local/lib/python3.10/site-packages/airflow/example_dags/example_python_operator.py for tasks to queue
[2025-02-22T21:56:50.645+0000] {logging_mixin.py:154} INFO - [2025-02-22T21:56:50.645+0000] {dagbag.py:536} INFO - Filling up the DagBag from /home/airflow/.local/lib/python3.10/site-packages/airflow/example_dags/example_python_operator.py
[2025-02-22T21:56:50.662+0000] {processor.py:839} INFO - DAG(s) dict_keys(['example_python_operator']) retrieved from /home/airflow/.local/lib/python3.10/site-packages/airflow/example_dags/example_python_operator.py
[2025-02-22T21:56:50.731+0000] {logging_mixin.py:154} INFO - [2025-02-22T21:56:50.731+0000] {dag.py:2941} INFO - Sync 1 DAGs
[2025-02-22T21:56:50.749+0000] {logging_mixin.py:154} INFO - [2025-02-22T21:56:50.748+0000] {dag.py:3722} INFO - Setting next_dagrun for example_python_operator to None, run_after=None
[2025-02-22T21:56:50.777+0000] {processor.py:179} INFO - Processing /home/airflow/.local/lib/python3.10/site-packages/airflow/example_dags/example_python_operator.py took 0.139 seconds
[2025-02-22T21:57:20.946+0000] {processor.py:157} INFO - Started process (PID=134) to work on /home/airflow/.local/lib/python3.10/site-packages/airflow/example_dags/example_python_operator.py
[2025-02-22T21:57:20.947+0000] {processor.py:829} INFO - Processing file /home/airflow/.local/lib/python3.10/site-packages/airflow/example_dags/example_python_operator.py for tasks to queue
[2025-02-22T21:57:20.948+0000] {logging_mixin.py:154} INFO - [2025-02-22T21:57:20.948+0000] {dagbag.py:536} INFO - Filling up the DagBag from /home/airflow/.local/lib/python3.10/site-packages/airflow/example_dags/example_python_operator.py
[2025-02-22T21:57:20.959+0000] {processor.py:839} INFO - DAG(s) dict_keys(['example_python_operator']) retrieved from /home/airflow/.local/lib/python3.10/site-packages/airflow/example_dags/example_python_operator.py
[2025-02-22T21:57:21.085+0000] {logging_mixin.py:154} INFO - [2025-02-22T21:57:21.085+0000] {dag.py:2941} INFO - Sync 1 DAGs
[2025-02-22T21:57:21.096+0000] {logging_mixin.py:154} INFO - [2025-02-22T21:57:21.096+0000] {dag.py:3722} INFO - Setting next_dagrun for example_python_operator to None, run_after=None
[2025-02-22T21:57:21.125+0000] {processor.py:179} INFO - Processing /home/airflow/.local/lib/python3.10/site-packages/airflow/example_dags/example_python_operator.py took 0.181 seconds
[2025-02-22T21:59:54.700+0000] {processor.py:157} INFO - Started process (PID=66) to work on /home/airflow/.local/lib/python3.10/site-packages/airflow/example_dags/example_python_operator.py
[2025-02-22T21:59:54.702+0000] {processor.py:829} INFO - Processing file /home/airflow/.local/lib/python3.10/site-packages/airflow/example_dags/example_python_operator.py for tasks to queue
[2025-02-22T21:59:54.705+0000] {logging_mixin.py:154} INFO - [2025-02-22T21:59:54.704+0000] {dagbag.py:536} INFO - Filling up the DagBag from /home/airflow/.local/lib/python3.10/site-packages/airflow/example_dags/example_python_operator.py
[2025-02-22T21:59:54.727+0000] {processor.py:839} INFO - DAG(s) dict_keys(['example_python_operator']) retrieved from /home/airflow/.local/lib/python3.10/site-packages/airflow/example_dags/example_python_operator.py
[2025-02-22T21:59:54.795+0000] {logging_mixin.py:154} INFO - [2025-02-22T21:59:54.795+0000] {dag.py:2941} INFO - Sync 1 DAGs
[2025-02-22T21:59:54.814+0000] {logging_mixin.py:154} INFO - [2025-02-22T21:59:54.814+0000] {dag.py:3722} INFO - Setting next_dagrun for example_python_operator to None, run_after=None
[2025-02-22T21:59:54.846+0000] {processor.py:179} INFO - Processing /home/airflow/.local/lib/python3.10/site-packages/airflow/example_dags/example_python_operator.py took 0.149 seconds
[2025-02-22T22:00:24.920+0000] {processor.py:157} INFO - Started process (PID=134) to work on /home/airflow/.local/lib/python3.10/site-packages/airflow/example_dags/example_python_operator.py
[2025-02-22T22:00:24.921+0000] {processor.py:829} INFO - Processing file /home/airflow/.local/lib/python3.10/site-packages/airflow/example_dags/example_python_operator.py for tasks to queue
[2025-02-22T22:00:24.922+0000] {logging_mixin.py:154} INFO - [2025-02-22T22:00:24.922+0000] {dagbag.py:536} INFO - Filling up the DagBag from /home/airflow/.local/lib/python3.10/site-packages/airflow/example_dags/example_python_operator.py
[2025-02-22T22:00:24.930+0000] {processor.py:839} INFO - DAG(s) dict_keys(['example_python_operator']) retrieved from /home/airflow/.local/lib/python3.10/site-packages/airflow/example_dags/example_python_operator.py
[2025-02-22T22:00:25.157+0000] {logging_mixin.py:154} INFO - [2025-02-22T22:00:25.157+0000] {dag.py:2941} INFO - Sync 1 DAGs
[2025-02-22T22:00:25.168+0000] {logging_mixin.py:154} INFO - [2025-02-22T22:00:25.168+0000] {dag.py:3722} INFO - Setting next_dagrun for example_python_operator to None, run_after=None
[2025-02-22T22:00:25.191+0000] {processor.py:179} INFO - Processing /home/airflow/.local/lib/python3.10/site-packages/airflow/example_dags/example_python_operator.py took 0.273 seconds
[2025-02-22T22:00:56.015+0000] {processor.py:157} INFO - Started process (PID=195) to work on /home/airflow/.local/lib/python3.10/site-packages/airflow/example_dags/example_python_operator.py
[2025-02-22T22:00:56.016+0000] {processor.py:829} INFO - Processing file /home/airflow/.local/lib/python3.10/site-packages/airflow/example_dags/example_python_operator.py for tasks to queue
[2025-02-22T22:00:56.017+0000] {logging_mixin.py:154} INFO - [2025-02-22T22:00:56.017+0000] {dagbag.py:536} INFO - Filling up the DagBag from /home/airflow/.local/lib/python3.10/site-packages/airflow/example_dags/example_python_operator.py
[2025-02-22T22:00:56.027+0000] {processor.py:839} INFO - DAG(s) dict_keys(['example_python_operator']) retrieved from /home/airflow/.local/lib/python3.10/site-packages/airflow/example_dags/example_python_operator.py
[2025-02-22T22:00:56.096+0000] {logging_mixin.py:154} INFO - [2025-02-22T22:00:56.096+0000] {dag.py:2941} INFO - Sync 1 DAGs
[2025-02-22T22:00:56.108+0000] {logging_mixin.py:154} INFO - [2025-02-22T22:00:56.108+0000] {dag.py:3722} INFO - Setting next_dagrun for example_python_operator to None, run_after=None
[2025-02-22T22:00:56.126+0000] {processor.py:179} INFO - Processing /home/airflow/.local/lib/python3.10/site-packages/airflow/example_dags/example_python_operator.py took 0.114 seconds
[2025-02-22T22:01:26.472+0000] {processor.py:157} INFO - Started process (PID=263) to work on /home/airflow/.local/lib/python3.10/site-packages/airflow/example_dags/example_python_operator.py
[2025-02-22T22:01:26.473+0000] {processor.py:829} INFO - Processing file /home/airflow/.local/lib/python3.10/site-packages/airflow/example_dags/example_python_operator.py for tasks to queue
[2025-02-22T22:01:26.475+0000] {logging_mixin.py:154} INFO - [2025-02-22T22:01:26.474+0000] {dagbag.py:536} INFO - Filling up the DagBag from /home/airflow/.local/lib/python3.10/site-packages/airflow/example_dags/example_python_operator.py
[2025-02-22T22:01:26.485+0000] {processor.py:839} INFO - DAG(s) dict_keys(['example_python_operator']) retrieved from /home/airflow/.local/lib/python3.10/site-packages/airflow/example_dags/example_python_operator.py
[2025-02-22T22:01:26.557+0000] {logging_mixin.py:154} INFO - [2025-02-22T22:01:26.557+0000] {dag.py:2941} INFO - Sync 1 DAGs
[2025-02-22T22:01:26.569+0000] {logging_mixin.py:154} INFO - [2025-02-22T22:01:26.569+0000] {dag.py:3722} INFO - Setting next_dagrun for example_python_operator to None, run_after=None
[2025-02-22T22:01:26.588+0000] {processor.py:179} INFO - Processing /home/airflow/.local/lib/python3.10/site-packages/airflow/example_dags/example_python_operator.py took 0.118 seconds
[2025-02-22T22:01:57.044+0000] {processor.py:157} INFO - Started process (PID=323) to work on /home/airflow/.local/lib/python3.10/site-packages/airflow/example_dags/example_python_operator.py
[2025-02-22T22:01:57.044+0000] {processor.py:829} INFO - Processing file /home/airflow/.local/lib/python3.10/site-packages/airflow/example_dags/example_python_operator.py for tasks to queue
[2025-02-22T22:01:57.047+0000] {logging_mixin.py:154} INFO - [2025-02-22T22:01:57.047+0000] {dagbag.py:536} INFO - Filling up the DagBag from /home/airflow/.local/lib/python3.10/site-packages/airflow/example_dags/example_python_operator.py
[2025-02-22T22:01:57.057+0000] {processor.py:839} INFO - DAG(s) dict_keys(['example_python_operator']) retrieved from /home/airflow/.local/lib/python3.10/site-packages/airflow/example_dags/example_python_operator.py
[2025-02-22T22:01:57.123+0000] {logging_mixin.py:154} INFO - [2025-02-22T22:01:57.123+0000] {dag.py:2941} INFO - Sync 1 DAGs
[2025-02-22T22:01:57.135+0000] {logging_mixin.py:154} INFO - [2025-02-22T22:01:57.135+0000] {dag.py:3722} INFO - Setting next_dagrun for example_python_operator to None, run_after=None
[2025-02-22T22:01:57.156+0000] {processor.py:179} INFO - Processing /home/airflow/.local/lib/python3.10/site-packages/airflow/example_dags/example_python_operator.py took 0.115 seconds
[2025-02-22T22:02:27.985+0000] {processor.py:157} INFO - Started process (PID=390) to work on /home/airflow/.local/lib/python3.10/site-packages/airflow/example_dags/example_python_operator.py
[2025-02-22T22:02:27.986+0000] {processor.py:829} INFO - Processing file /home/airflow/.local/lib/python3.10/site-packages/airflow/example_dags/example_python_operator.py for tasks to queue
[2025-02-22T22:02:27.987+0000] {logging_mixin.py:154} INFO - [2025-02-22T22:02:27.987+0000] {dagbag.py:536} INFO - Filling up the DagBag from /home/airflow/.local/lib/python3.10/site-packages/airflow/example_dags/example_python_operator.py
[2025-02-22T22:02:27.997+0000] {processor.py:839} INFO - DAG(s) dict_keys(['example_python_operator']) retrieved from /home/airflow/.local/lib/python3.10/site-packages/airflow/example_dags/example_python_operator.py
[2025-02-22T22:02:28.068+0000] {logging_mixin.py:154} INFO - [2025-02-22T22:02:28.067+0000] {dag.py:2941} INFO - Sync 1 DAGs
[2025-02-22T22:02:28.080+0000] {logging_mixin.py:154} INFO - [2025-02-22T22:02:28.080+0000] {dag.py:3722} INFO - Setting next_dagrun for example_python_operator to None, run_after=None
[2025-02-22T22:02:28.099+0000] {processor.py:179} INFO - Processing /home/airflow/.local/lib/python3.10/site-packages/airflow/example_dags/example_python_operator.py took 0.116 seconds
[2025-02-22T22:02:58.726+0000] {processor.py:157} INFO - Started process (PID=458) to work on /home/airflow/.local/lib/python3.10/site-packages/airflow/example_dags/example_python_operator.py
[2025-02-22T22:02:58.727+0000] {processor.py:829} INFO - Processing file /home/airflow/.local/lib/python3.10/site-packages/airflow/example_dags/example_python_operator.py for tasks to queue
[2025-02-22T22:02:58.729+0000] {logging_mixin.py:154} INFO - [2025-02-22T22:02:58.729+0000] {dagbag.py:536} INFO - Filling up the DagBag from /home/airflow/.local/lib/python3.10/site-packages/airflow/example_dags/example_python_operator.py
[2025-02-22T22:02:58.739+0000] {processor.py:839} INFO - DAG(s) dict_keys(['example_python_operator']) retrieved from /home/airflow/.local/lib/python3.10/site-packages/airflow/example_dags/example_python_operator.py
[2025-02-22T22:02:58.815+0000] {logging_mixin.py:154} INFO - [2025-02-22T22:02:58.815+0000] {dag.py:2941} INFO - Sync 1 DAGs
[2025-02-22T22:02:58.830+0000] {logging_mixin.py:154} INFO - [2025-02-22T22:02:58.830+0000] {dag.py:3722} INFO - Setting next_dagrun for example_python_operator to None, run_after=None
[2025-02-22T22:02:58.858+0000] {processor.py:179} INFO - Processing /home/airflow/.local/lib/python3.10/site-packages/airflow/example_dags/example_python_operator.py took 0.135 seconds
[2025-02-22T22:03:43.037+0000] {processor.py:157} INFO - Started process (PID=67) to work on /home/airflow/.local/lib/python3.10/site-packages/airflow/example_dags/example_python_operator.py
[2025-02-22T22:03:43.038+0000] {processor.py:829} INFO - Processing file /home/airflow/.local/lib/python3.10/site-packages/airflow/example_dags/example_python_operator.py for tasks to queue
[2025-02-22T22:03:43.040+0000] {logging_mixin.py:154} INFO - [2025-02-22T22:03:43.039+0000] {dagbag.py:536} INFO - Filling up the DagBag from /home/airflow/.local/lib/python3.10/site-packages/airflow/example_dags/example_python_operator.py
[2025-02-22T22:03:43.052+0000] {processor.py:839} INFO - DAG(s) dict_keys(['example_python_operator']) retrieved from /home/airflow/.local/lib/python3.10/site-packages/airflow/example_dags/example_python_operator.py
[2025-02-22T22:03:43.129+0000] {logging_mixin.py:154} INFO - [2025-02-22T22:03:43.129+0000] {dag.py:2941} INFO - Sync 1 DAGs
[2025-02-22T22:03:43.147+0000] {logging_mixin.py:154} INFO - [2025-02-22T22:03:43.147+0000] {dag.py:3722} INFO - Setting next_dagrun for example_python_operator to None, run_after=None
[2025-02-22T22:03:43.173+0000] {processor.py:179} INFO - Processing /home/airflow/.local/lib/python3.10/site-packages/airflow/example_dags/example_python_operator.py took 0.138 seconds
[2025-02-22T22:04:13.191+0000] {processor.py:157} INFO - Started process (PID=135) to work on /home/airflow/.local/lib/python3.10/site-packages/airflow/example_dags/example_python_operator.py
[2025-02-22T22:04:13.192+0000] {processor.py:829} INFO - Processing file /home/airflow/.local/lib/python3.10/site-packages/airflow/example_dags/example_python_operator.py for tasks to queue
[2025-02-22T22:04:13.194+0000] {logging_mixin.py:154} INFO - [2025-02-22T22:04:13.193+0000] {dagbag.py:536} INFO - Filling up the DagBag from /home/airflow/.local/lib/python3.10/site-packages/airflow/example_dags/example_python_operator.py
[2025-02-22T22:04:13.201+0000] {processor.py:839} INFO - DAG(s) dict_keys(['example_python_operator']) retrieved from /home/airflow/.local/lib/python3.10/site-packages/airflow/example_dags/example_python_operator.py
[2025-02-22T22:04:13.323+0000] {logging_mixin.py:154} INFO - [2025-02-22T22:04:13.323+0000] {dag.py:2941} INFO - Sync 1 DAGs
[2025-02-22T22:04:13.332+0000] {logging_mixin.py:154} INFO - [2025-02-22T22:04:13.332+0000] {dag.py:3722} INFO - Setting next_dagrun for example_python_operator to None, run_after=None
[2025-02-22T22:04:13.351+0000] {processor.py:179} INFO - Processing /home/airflow/.local/lib/python3.10/site-packages/airflow/example_dags/example_python_operator.py took 0.162 seconds
[2025-02-22T22:04:43.529+0000] {processor.py:157} INFO - Started process (PID=196) to work on /home/airflow/.local/lib/python3.10/site-packages/airflow/example_dags/example_python_operator.py
[2025-02-22T22:04:43.530+0000] {processor.py:829} INFO - Processing file /home/airflow/.local/lib/python3.10/site-packages/airflow/example_dags/example_python_operator.py for tasks to queue
[2025-02-22T22:04:43.531+0000] {logging_mixin.py:154} INFO - [2025-02-22T22:04:43.531+0000] {dagbag.py:536} INFO - Filling up the DagBag from /home/airflow/.local/lib/python3.10/site-packages/airflow/example_dags/example_python_operator.py
[2025-02-22T22:04:43.542+0000] {processor.py:839} INFO - DAG(s) dict_keys(['example_python_operator']) retrieved from /home/airflow/.local/lib/python3.10/site-packages/airflow/example_dags/example_python_operator.py
[2025-02-22T22:04:43.614+0000] {logging_mixin.py:154} INFO - [2025-02-22T22:04:43.614+0000] {dag.py:2941} INFO - Sync 1 DAGs
[2025-02-22T22:04:43.626+0000] {logging_mixin.py:154} INFO - [2025-02-22T22:04:43.626+0000] {dag.py:3722} INFO - Setting next_dagrun for example_python_operator to None, run_after=None
[2025-02-22T22:04:43.646+0000] {processor.py:179} INFO - Processing /home/airflow/.local/lib/python3.10/site-packages/airflow/example_dags/example_python_operator.py took 0.119 seconds
[2025-02-22T22:05:14.098+0000] {processor.py:157} INFO - Started process (PID=264) to work on /home/airflow/.local/lib/python3.10/site-packages/airflow/example_dags/example_python_operator.py
[2025-02-22T22:05:14.099+0000] {processor.py:829} INFO - Processing file /home/airflow/.local/lib/python3.10/site-packages/airflow/example_dags/example_python_operator.py for tasks to queue
[2025-02-22T22:05:14.101+0000] {logging_mixin.py:154} INFO - [2025-02-22T22:05:14.100+0000] {dagbag.py:536} INFO - Filling up the DagBag from /home/airflow/.local/lib/python3.10/site-packages/airflow/example_dags/example_python_operator.py
[2025-02-22T22:05:14.111+0000] {processor.py:839} INFO - DAG(s) dict_keys(['example_python_operator']) retrieved from /home/airflow/.local/lib/python3.10/site-packages/airflow/example_dags/example_python_operator.py
[2025-02-22T22:05:14.187+0000] {logging_mixin.py:154} INFO - [2025-02-22T22:05:14.187+0000] {dag.py:2941} INFO - Sync 1 DAGs
[2025-02-22T22:05:14.201+0000] {logging_mixin.py:154} INFO - [2025-02-22T22:05:14.201+0000] {dag.py:3722} INFO - Setting next_dagrun for example_python_operator to None, run_after=None
[2025-02-22T22:05:14.224+0000] {processor.py:179} INFO - Processing /home/airflow/.local/lib/python3.10/site-packages/airflow/example_dags/example_python_operator.py took 0.129 seconds
[2025-02-22T22:05:44.695+0000] {processor.py:157} INFO - Started process (PID=325) to work on /home/airflow/.local/lib/python3.10/site-packages/airflow/example_dags/example_python_operator.py
[2025-02-22T22:05:44.696+0000] {processor.py:829} INFO - Processing file /home/airflow/.local/lib/python3.10/site-packages/airflow/example_dags/example_python_operator.py for tasks to queue
[2025-02-22T22:05:44.697+0000] {logging_mixin.py:154} INFO - [2025-02-22T22:05:44.697+0000] {dagbag.py:536} INFO - Filling up the DagBag from /home/airflow/.local/lib/python3.10/site-packages/airflow/example_dags/example_python_operator.py
[2025-02-22T22:05:44.705+0000] {processor.py:839} INFO - DAG(s) dict_keys(['example_python_operator']) retrieved from /home/airflow/.local/lib/python3.10/site-packages/airflow/example_dags/example_python_operator.py
[2025-02-22T22:05:44.774+0000] {logging_mixin.py:154} INFO - [2025-02-22T22:05:44.774+0000] {dag.py:2941} INFO - Sync 1 DAGs
[2025-02-22T22:05:44.786+0000] {logging_mixin.py:154} INFO - [2025-02-22T22:05:44.786+0000] {dag.py:3722} INFO - Setting next_dagrun for example_python_operator to None, run_after=None
[2025-02-22T22:05:44.804+0000] {processor.py:179} INFO - Processing /home/airflow/.local/lib/python3.10/site-packages/airflow/example_dags/example_python_operator.py took 0.111 seconds
[2025-02-22T22:06:15.013+0000] {processor.py:157} INFO - Started process (PID=393) to work on /home/airflow/.local/lib/python3.10/site-packages/airflow/example_dags/example_python_operator.py
[2025-02-22T22:06:15.014+0000] {processor.py:829} INFO - Processing file /home/airflow/.local/lib/python3.10/site-packages/airflow/example_dags/example_python_operator.py for tasks to queue
[2025-02-22T22:06:15.016+0000] {logging_mixin.py:154} INFO - [2025-02-22T22:06:15.015+0000] {dagbag.py:536} INFO - Filling up the DagBag from /home/airflow/.local/lib/python3.10/site-packages/airflow/example_dags/example_python_operator.py
[2025-02-22T22:06:15.024+0000] {processor.py:839} INFO - DAG(s) dict_keys(['example_python_operator']) retrieved from /home/airflow/.local/lib/python3.10/site-packages/airflow/example_dags/example_python_operator.py
[2025-02-22T22:06:15.096+0000] {logging_mixin.py:154} INFO - [2025-02-22T22:06:15.096+0000] {dag.py:2941} INFO - Sync 1 DAGs
[2025-02-22T22:06:15.109+0000] {logging_mixin.py:154} INFO - [2025-02-22T22:06:15.109+0000] {dag.py:3722} INFO - Setting next_dagrun for example_python_operator to None, run_after=None
[2025-02-22T22:06:15.131+0000] {processor.py:179} INFO - Processing /home/airflow/.local/lib/python3.10/site-packages/airflow/example_dags/example_python_operator.py took 0.120 seconds
[2025-02-22T22:06:45.731+0000] {processor.py:157} INFO - Started process (PID=454) to work on /home/airflow/.local/lib/python3.10/site-packages/airflow/example_dags/example_python_operator.py
[2025-02-22T22:06:45.732+0000] {processor.py:829} INFO - Processing file /home/airflow/.local/lib/python3.10/site-packages/airflow/example_dags/example_python_operator.py for tasks to queue
[2025-02-22T22:06:45.734+0000] {logging_mixin.py:154} INFO - [2025-02-22T22:06:45.733+0000] {dagbag.py:536} INFO - Filling up the DagBag from /home/airflow/.local/lib/python3.10/site-packages/airflow/example_dags/example_python_operator.py
[2025-02-22T22:06:45.742+0000] {processor.py:839} INFO - DAG(s) dict_keys(['example_python_operator']) retrieved from /home/airflow/.local/lib/python3.10/site-packages/airflow/example_dags/example_python_operator.py
[2025-02-22T22:06:45.841+0000] {logging_mixin.py:154} INFO - [2025-02-22T22:06:45.841+0000] {dag.py:2941} INFO - Sync 1 DAGs
[2025-02-22T22:06:45.858+0000] {logging_mixin.py:154} INFO - [2025-02-22T22:06:45.858+0000] {dag.py:3722} INFO - Setting next_dagrun for example_python_operator to None, run_after=None
[2025-02-22T22:06:45.887+0000] {processor.py:179} INFO - Processing /home/airflow/.local/lib/python3.10/site-packages/airflow/example_dags/example_python_operator.py took 0.158 seconds
[2025-02-22T22:07:16.307+0000] {processor.py:157} INFO - Started process (PID=522) to work on /home/airflow/.local/lib/python3.10/site-packages/airflow/example_dags/example_python_operator.py
[2025-02-22T22:07:16.308+0000] {processor.py:829} INFO - Processing file /home/airflow/.local/lib/python3.10/site-packages/airflow/example_dags/example_python_operator.py for tasks to queue
[2025-02-22T22:07:16.309+0000] {logging_mixin.py:154} INFO - [2025-02-22T22:07:16.309+0000] {dagbag.py:536} INFO - Filling up the DagBag from /home/airflow/.local/lib/python3.10/site-packages/airflow/example_dags/example_python_operator.py
[2025-02-22T22:07:16.318+0000] {processor.py:839} INFO - DAG(s) dict_keys(['example_python_operator']) retrieved from /home/airflow/.local/lib/python3.10/site-packages/airflow/example_dags/example_python_operator.py
[2025-02-22T22:07:16.398+0000] {logging_mixin.py:154} INFO - [2025-02-22T22:07:16.398+0000] {dag.py:2941} INFO - Sync 1 DAGs
[2025-02-22T22:07:16.413+0000] {logging_mixin.py:154} INFO - [2025-02-22T22:07:16.413+0000] {dag.py:3722} INFO - Setting next_dagrun for example_python_operator to None, run_after=None
[2025-02-22T22:07:16.438+0000] {processor.py:179} INFO - Processing /home/airflow/.local/lib/python3.10/site-packages/airflow/example_dags/example_python_operator.py took 0.133 seconds
[2025-02-22T22:07:46.793+0000] {processor.py:157} INFO - Started process (PID=583) to work on /home/airflow/.local/lib/python3.10/site-packages/airflow/example_dags/example_python_operator.py
[2025-02-22T22:07:46.794+0000] {processor.py:829} INFO - Processing file /home/airflow/.local/lib/python3.10/site-packages/airflow/example_dags/example_python_operator.py for tasks to queue
[2025-02-22T22:07:46.796+0000] {logging_mixin.py:154} INFO - [2025-02-22T22:07:46.795+0000] {dagbag.py:536} INFO - Filling up the DagBag from /home/airflow/.local/lib/python3.10/site-packages/airflow/example_dags/example_python_operator.py
[2025-02-22T22:07:46.804+0000] {processor.py:839} INFO - DAG(s) dict_keys(['example_python_operator']) retrieved from /home/airflow/.local/lib/python3.10/site-packages/airflow/example_dags/example_python_operator.py
[2025-02-22T22:07:46.871+0000] {logging_mixin.py:154} INFO - [2025-02-22T22:07:46.871+0000] {dag.py:2941} INFO - Sync 1 DAGs
[2025-02-22T22:07:46.885+0000] {logging_mixin.py:154} INFO - [2025-02-22T22:07:46.885+0000] {dag.py:3722} INFO - Setting next_dagrun for example_python_operator to None, run_after=None
[2025-02-22T22:07:46.906+0000] {processor.py:179} INFO - Processing /home/airflow/.local/lib/python3.10/site-packages/airflow/example_dags/example_python_operator.py took 0.116 seconds
[2025-02-22T22:08:38.864+0000] {processor.py:157} INFO - Started process (PID=72) to work on /home/airflow/.local/lib/python3.10/site-packages/airflow/example_dags/example_python_operator.py
[2025-02-22T22:08:38.868+0000] {processor.py:829} INFO - Processing file /home/airflow/.local/lib/python3.10/site-packages/airflow/example_dags/example_python_operator.py for tasks to queue
[2025-02-22T22:08:38.870+0000] {logging_mixin.py:154} INFO - [2025-02-22T22:08:38.869+0000] {dagbag.py:536} INFO - Filling up the DagBag from /home/airflow/.local/lib/python3.10/site-packages/airflow/example_dags/example_python_operator.py
[2025-02-22T22:08:38.890+0000] {processor.py:839} INFO - DAG(s) dict_keys(['example_python_operator']) retrieved from /home/airflow/.local/lib/python3.10/site-packages/airflow/example_dags/example_python_operator.py
[2025-02-22T22:08:38.982+0000] {logging_mixin.py:154} INFO - [2025-02-22T22:08:38.982+0000] {dag.py:2941} INFO - Sync 1 DAGs
[2025-02-22T22:08:39.003+0000] {logging_mixin.py:154} INFO - [2025-02-22T22:08:39.002+0000] {dag.py:3722} INFO - Setting next_dagrun for example_python_operator to None, run_after=None
[2025-02-22T22:08:39.034+0000] {processor.py:179} INFO - Processing /home/airflow/.local/lib/python3.10/site-packages/airflow/example_dags/example_python_operator.py took 0.173 seconds
[2025-02-22T22:09:09.203+0000] {processor.py:157} INFO - Started process (PID=133) to work on /home/airflow/.local/lib/python3.10/site-packages/airflow/example_dags/example_python_operator.py
[2025-02-22T22:09:09.204+0000] {processor.py:829} INFO - Processing file /home/airflow/.local/lib/python3.10/site-packages/airflow/example_dags/example_python_operator.py for tasks to queue
[2025-02-22T22:09:09.206+0000] {logging_mixin.py:154} INFO - [2025-02-22T22:09:09.206+0000] {dagbag.py:536} INFO - Filling up the DagBag from /home/airflow/.local/lib/python3.10/site-packages/airflow/example_dags/example_python_operator.py
[2025-02-22T22:09:09.215+0000] {processor.py:839} INFO - DAG(s) dict_keys(['example_python_operator']) retrieved from /home/airflow/.local/lib/python3.10/site-packages/airflow/example_dags/example_python_operator.py
[2025-02-22T22:09:09.333+0000] {logging_mixin.py:154} INFO - [2025-02-22T22:09:09.333+0000] {dag.py:2941} INFO - Sync 1 DAGs
[2025-02-22T22:09:09.342+0000] {logging_mixin.py:154} INFO - [2025-02-22T22:09:09.342+0000] {dag.py:3722} INFO - Setting next_dagrun for example_python_operator to None, run_after=None
[2025-02-22T22:09:09.366+0000] {processor.py:179} INFO - Processing /home/airflow/.local/lib/python3.10/site-packages/airflow/example_dags/example_python_operator.py took 0.165 seconds
[2025-02-22T22:09:39.637+0000] {processor.py:157} INFO - Started process (PID=193) to work on /home/airflow/.local/lib/python3.10/site-packages/airflow/example_dags/example_python_operator.py
[2025-02-22T22:09:39.638+0000] {processor.py:829} INFO - Processing file /home/airflow/.local/lib/python3.10/site-packages/airflow/example_dags/example_python_operator.py for tasks to queue
[2025-02-22T22:09:39.639+0000] {logging_mixin.py:154} INFO - [2025-02-22T22:09:39.639+0000] {dagbag.py:536} INFO - Filling up the DagBag from /home/airflow/.local/lib/python3.10/site-packages/airflow/example_dags/example_python_operator.py
[2025-02-22T22:09:39.650+0000] {processor.py:839} INFO - DAG(s) dict_keys(['example_python_operator']) retrieved from /home/airflow/.local/lib/python3.10/site-packages/airflow/example_dags/example_python_operator.py
[2025-02-22T22:09:39.722+0000] {logging_mixin.py:154} INFO - [2025-02-22T22:09:39.722+0000] {dag.py:2941} INFO - Sync 1 DAGs
[2025-02-22T22:09:39.735+0000] {logging_mixin.py:154} INFO - [2025-02-22T22:09:39.735+0000] {dag.py:3722} INFO - Setting next_dagrun for example_python_operator to None, run_after=None
[2025-02-22T22:09:39.754+0000] {processor.py:179} INFO - Processing /home/airflow/.local/lib/python3.10/site-packages/airflow/example_dags/example_python_operator.py took 0.119 seconds
[2025-02-22T22:10:09.791+0000] {processor.py:157} INFO - Started process (PID=261) to work on /home/airflow/.local/lib/python3.10/site-packages/airflow/example_dags/example_python_operator.py
[2025-02-22T22:10:09.792+0000] {processor.py:829} INFO - Processing file /home/airflow/.local/lib/python3.10/site-packages/airflow/example_dags/example_python_operator.py for tasks to queue
[2025-02-22T22:10:09.793+0000] {logging_mixin.py:154} INFO - [2025-02-22T22:10:09.793+0000] {dagbag.py:536} INFO - Filling up the DagBag from /home/airflow/.local/lib/python3.10/site-packages/airflow/example_dags/example_python_operator.py
[2025-02-22T22:10:09.801+0000] {processor.py:839} INFO - DAG(s) dict_keys(['example_python_operator']) retrieved from /home/airflow/.local/lib/python3.10/site-packages/airflow/example_dags/example_python_operator.py
[2025-02-22T22:10:09.868+0000] {logging_mixin.py:154} INFO - [2025-02-22T22:10:09.868+0000] {dag.py:2941} INFO - Sync 1 DAGs
[2025-02-22T22:10:09.881+0000] {logging_mixin.py:154} INFO - [2025-02-22T22:10:09.881+0000] {dag.py:3722} INFO - Setting next_dagrun for example_python_operator to None, run_after=None
[2025-02-22T22:10:09.899+0000] {processor.py:179} INFO - Processing /home/airflow/.local/lib/python3.10/site-packages/airflow/example_dags/example_python_operator.py took 0.110 seconds
[2025-02-22T22:10:40.045+0000] {processor.py:157} INFO - Started process (PID=322) to work on /home/airflow/.local/lib/python3.10/site-packages/airflow/example_dags/example_python_operator.py
[2025-02-22T22:10:40.046+0000] {processor.py:829} INFO - Processing file /home/airflow/.local/lib/python3.10/site-packages/airflow/example_dags/example_python_operator.py for tasks to queue
[2025-02-22T22:10:40.047+0000] {logging_mixin.py:154} INFO - [2025-02-22T22:10:40.047+0000] {dagbag.py:536} INFO - Filling up the DagBag from /home/airflow/.local/lib/python3.10/site-packages/airflow/example_dags/example_python_operator.py
[2025-02-22T22:10:40.055+0000] {processor.py:839} INFO - DAG(s) dict_keys(['example_python_operator']) retrieved from /home/airflow/.local/lib/python3.10/site-packages/airflow/example_dags/example_python_operator.py
[2025-02-22T22:10:40.122+0000] {logging_mixin.py:154} INFO - [2025-02-22T22:10:40.121+0000] {dag.py:2941} INFO - Sync 1 DAGs
[2025-02-22T22:10:40.134+0000] {logging_mixin.py:154} INFO - [2025-02-22T22:10:40.134+0000] {dag.py:3722} INFO - Setting next_dagrun for example_python_operator to None, run_after=None
[2025-02-22T22:10:40.151+0000] {processor.py:179} INFO - Processing /home/airflow/.local/lib/python3.10/site-packages/airflow/example_dags/example_python_operator.py took 0.108 seconds
[2025-02-22T22:11:10.692+0000] {processor.py:157} INFO - Started process (PID=388) to work on /home/airflow/.local/lib/python3.10/site-packages/airflow/example_dags/example_python_operator.py
[2025-02-22T22:11:10.695+0000] {processor.py:829} INFO - Processing file /home/airflow/.local/lib/python3.10/site-packages/airflow/example_dags/example_python_operator.py for tasks to queue
[2025-02-22T22:11:10.697+0000] {logging_mixin.py:154} INFO - [2025-02-22T22:11:10.697+0000] {dagbag.py:536} INFO - Filling up the DagBag from /home/airflow/.local/lib/python3.10/site-packages/airflow/example_dags/example_python_operator.py
[2025-02-22T22:11:10.705+0000] {processor.py:839} INFO - DAG(s) dict_keys(['example_python_operator']) retrieved from /home/airflow/.local/lib/python3.10/site-packages/airflow/example_dags/example_python_operator.py
[2025-02-22T22:11:10.774+0000] {logging_mixin.py:154} INFO - [2025-02-22T22:11:10.774+0000] {dag.py:2941} INFO - Sync 1 DAGs
[2025-02-22T22:11:10.790+0000] {logging_mixin.py:154} INFO - [2025-02-22T22:11:10.790+0000] {dag.py:3722} INFO - Setting next_dagrun for example_python_operator to None, run_after=None
[2025-02-22T22:11:10.807+0000] {processor.py:179} INFO - Processing /home/airflow/.local/lib/python3.10/site-packages/airflow/example_dags/example_python_operator.py took 0.117 seconds
[2025-02-22T22:11:41.385+0000] {processor.py:157} INFO - Started process (PID=449) to work on /home/airflow/.local/lib/python3.10/site-packages/airflow/example_dags/example_python_operator.py
[2025-02-22T22:11:41.386+0000] {processor.py:829} INFO - Processing file /home/airflow/.local/lib/python3.10/site-packages/airflow/example_dags/example_python_operator.py for tasks to queue
[2025-02-22T22:11:41.388+0000] {logging_mixin.py:154} INFO - [2025-02-22T22:11:41.388+0000] {dagbag.py:536} INFO - Filling up the DagBag from /home/airflow/.local/lib/python3.10/site-packages/airflow/example_dags/example_python_operator.py
[2025-02-22T22:11:41.397+0000] {processor.py:839} INFO - DAG(s) dict_keys(['example_python_operator']) retrieved from /home/airflow/.local/lib/python3.10/site-packages/airflow/example_dags/example_python_operator.py
[2025-02-22T22:11:41.467+0000] {logging_mixin.py:154} INFO - [2025-02-22T22:11:41.467+0000] {dag.py:2941} INFO - Sync 1 DAGs
[2025-02-22T22:11:41.480+0000] {logging_mixin.py:154} INFO - [2025-02-22T22:11:41.480+0000] {dag.py:3722} INFO - Setting next_dagrun for example_python_operator to None, run_after=None
[2025-02-22T22:11:41.502+0000] {processor.py:179} INFO - Processing /home/airflow/.local/lib/python3.10/site-packages/airflow/example_dags/example_python_operator.py took 0.120 seconds
[2025-02-22T22:12:12.360+0000] {processor.py:157} INFO - Started process (PID=517) to work on /home/airflow/.local/lib/python3.10/site-packages/airflow/example_dags/example_python_operator.py
[2025-02-22T22:12:12.362+0000] {processor.py:829} INFO - Processing file /home/airflow/.local/lib/python3.10/site-packages/airflow/example_dags/example_python_operator.py for tasks to queue
[2025-02-22T22:12:12.365+0000] {logging_mixin.py:154} INFO - [2025-02-22T22:12:12.365+0000] {dagbag.py:536} INFO - Filling up the DagBag from /home/airflow/.local/lib/python3.10/site-packages/airflow/example_dags/example_python_operator.py
[2025-02-22T22:12:12.374+0000] {processor.py:839} INFO - DAG(s) dict_keys(['example_python_operator']) retrieved from /home/airflow/.local/lib/python3.10/site-packages/airflow/example_dags/example_python_operator.py
[2025-02-22T22:12:12.444+0000] {logging_mixin.py:154} INFO - [2025-02-22T22:12:12.444+0000] {dag.py:2941} INFO - Sync 1 DAGs
[2025-02-22T22:12:12.457+0000] {logging_mixin.py:154} INFO - [2025-02-22T22:12:12.456+0000] {dag.py:3722} INFO - Setting next_dagrun for example_python_operator to None, run_after=None
[2025-02-22T22:12:12.476+0000] {processor.py:179} INFO - Processing /home/airflow/.local/lib/python3.10/site-packages/airflow/example_dags/example_python_operator.py took 0.118 seconds
[2025-02-22T22:12:42.907+0000] {processor.py:157} INFO - Started process (PID=578) to work on /home/airflow/.local/lib/python3.10/site-packages/airflow/example_dags/example_python_operator.py
[2025-02-22T22:12:42.908+0000] {processor.py:829} INFO - Processing file /home/airflow/.local/lib/python3.10/site-packages/airflow/example_dags/example_python_operator.py for tasks to queue
[2025-02-22T22:12:42.909+0000] {logging_mixin.py:154} INFO - [2025-02-22T22:12:42.909+0000] {dagbag.py:536} INFO - Filling up the DagBag from /home/airflow/.local/lib/python3.10/site-packages/airflow/example_dags/example_python_operator.py
[2025-02-22T22:12:42.921+0000] {processor.py:839} INFO - DAG(s) dict_keys(['example_python_operator']) retrieved from /home/airflow/.local/lib/python3.10/site-packages/airflow/example_dags/example_python_operator.py
[2025-02-22T22:12:42.994+0000] {logging_mixin.py:154} INFO - [2025-02-22T22:12:42.994+0000] {dag.py:2941} INFO - Sync 1 DAGs
[2025-02-22T22:12:43.007+0000] {logging_mixin.py:154} INFO - [2025-02-22T22:12:43.006+0000] {dag.py:3722} INFO - Setting next_dagrun for example_python_operator to None, run_after=None
[2025-02-22T22:12:43.030+0000] {processor.py:179} INFO - Processing /home/airflow/.local/lib/python3.10/site-packages/airflow/example_dags/example_python_operator.py took 0.125 seconds
[2025-02-22T22:13:14.418+0000] {processor.py:157} INFO - Started process (PID=645) to work on /home/airflow/.local/lib/python3.10/site-packages/airflow/example_dags/example_python_operator.py
[2025-02-22T22:13:14.419+0000] {processor.py:829} INFO - Processing file /home/airflow/.local/lib/python3.10/site-packages/airflow/example_dags/example_python_operator.py for tasks to queue
[2025-02-22T22:13:14.420+0000] {logging_mixin.py:154} INFO - [2025-02-22T22:13:14.420+0000] {dagbag.py:536} INFO - Filling up the DagBag from /home/airflow/.local/lib/python3.10/site-packages/airflow/example_dags/example_python_operator.py
[2025-02-22T22:13:14.430+0000] {processor.py:839} INFO - DAG(s) dict_keys(['example_python_operator']) retrieved from /home/airflow/.local/lib/python3.10/site-packages/airflow/example_dags/example_python_operator.py
[2025-02-22T22:13:14.512+0000] {logging_mixin.py:154} INFO - [2025-02-22T22:13:14.512+0000] {dag.py:2941} INFO - Sync 1 DAGs
[2025-02-22T22:13:14.527+0000] {logging_mixin.py:154} INFO - [2025-02-22T22:13:14.527+0000] {dag.py:3722} INFO - Setting next_dagrun for example_python_operator to None, run_after=None
[2025-02-22T22:13:14.551+0000] {processor.py:179} INFO - Processing /home/airflow/.local/lib/python3.10/site-packages/airflow/example_dags/example_python_operator.py took 0.135 seconds
[2025-02-22T22:13:44.832+0000] {processor.py:157} INFO - Started process (PID=713) to work on /home/airflow/.local/lib/python3.10/site-packages/airflow/example_dags/example_python_operator.py
[2025-02-22T22:13:44.833+0000] {processor.py:829} INFO - Processing file /home/airflow/.local/lib/python3.10/site-packages/airflow/example_dags/example_python_operator.py for tasks to queue
[2025-02-22T22:13:44.835+0000] {logging_mixin.py:154} INFO - [2025-02-22T22:13:44.835+0000] {dagbag.py:536} INFO - Filling up the DagBag from /home/airflow/.local/lib/python3.10/site-packages/airflow/example_dags/example_python_operator.py
[2025-02-22T22:13:44.844+0000] {processor.py:839} INFO - DAG(s) dict_keys(['example_python_operator']) retrieved from /home/airflow/.local/lib/python3.10/site-packages/airflow/example_dags/example_python_operator.py
[2025-02-22T22:13:44.925+0000] {logging_mixin.py:154} INFO - [2025-02-22T22:13:44.925+0000] {dag.py:2941} INFO - Sync 1 DAGs
[2025-02-22T22:13:44.944+0000] {logging_mixin.py:154} INFO - [2025-02-22T22:13:44.944+0000] {dag.py:3722} INFO - Setting next_dagrun for example_python_operator to None, run_after=None
[2025-02-22T22:13:44.983+0000] {processor.py:179} INFO - Processing /home/airflow/.local/lib/python3.10/site-packages/airflow/example_dags/example_python_operator.py took 0.154 seconds
[2025-02-22T22:14:15.085+0000] {processor.py:157} INFO - Started process (PID=774) to work on /home/airflow/.local/lib/python3.10/site-packages/airflow/example_dags/example_python_operator.py
[2025-02-22T22:14:15.086+0000] {processor.py:829} INFO - Processing file /home/airflow/.local/lib/python3.10/site-packages/airflow/example_dags/example_python_operator.py for tasks to queue
[2025-02-22T22:14:15.087+0000] {logging_mixin.py:154} INFO - [2025-02-22T22:14:15.087+0000] {dagbag.py:536} INFO - Filling up the DagBag from /home/airflow/.local/lib/python3.10/site-packages/airflow/example_dags/example_python_operator.py
[2025-02-22T22:14:15.095+0000] {processor.py:839} INFO - DAG(s) dict_keys(['example_python_operator']) retrieved from /home/airflow/.local/lib/python3.10/site-packages/airflow/example_dags/example_python_operator.py
[2025-02-22T22:14:15.164+0000] {logging_mixin.py:154} INFO - [2025-02-22T22:14:15.164+0000] {dag.py:2941} INFO - Sync 1 DAGs
[2025-02-22T22:14:15.180+0000] {logging_mixin.py:154} INFO - [2025-02-22T22:14:15.180+0000] {dag.py:3722} INFO - Setting next_dagrun for example_python_operator to None, run_after=None
[2025-02-22T22:14:15.206+0000] {processor.py:179} INFO - Processing /home/airflow/.local/lib/python3.10/site-packages/airflow/example_dags/example_python_operator.py took 0.124 seconds
[2025-02-22T22:14:46.020+0000] {processor.py:157} INFO - Started process (PID=842) to work on /home/airflow/.local/lib/python3.10/site-packages/airflow/example_dags/example_python_operator.py
[2025-02-22T22:14:46.021+0000] {processor.py:829} INFO - Processing file /home/airflow/.local/lib/python3.10/site-packages/airflow/example_dags/example_python_operator.py for tasks to queue
[2025-02-22T22:14:46.023+0000] {logging_mixin.py:154} INFO - [2025-02-22T22:14:46.023+0000] {dagbag.py:536} INFO - Filling up the DagBag from /home/airflow/.local/lib/python3.10/site-packages/airflow/example_dags/example_python_operator.py
[2025-02-22T22:14:46.033+0000] {processor.py:839} INFO - DAG(s) dict_keys(['example_python_operator']) retrieved from /home/airflow/.local/lib/python3.10/site-packages/airflow/example_dags/example_python_operator.py
[2025-02-22T22:14:46.129+0000] {logging_mixin.py:154} INFO - [2025-02-22T22:14:46.128+0000] {dag.py:2941} INFO - Sync 1 DAGs
[2025-02-22T22:14:46.149+0000] {logging_mixin.py:154} INFO - [2025-02-22T22:14:46.149+0000] {dag.py:3722} INFO - Setting next_dagrun for example_python_operator to None, run_after=None
[2025-02-22T22:14:46.178+0000] {processor.py:179} INFO - Processing /home/airflow/.local/lib/python3.10/site-packages/airflow/example_dags/example_python_operator.py took 0.161 seconds
[2025-02-22T22:15:17.039+0000] {processor.py:157} INFO - Started process (PID=903) to work on /home/airflow/.local/lib/python3.10/site-packages/airflow/example_dags/example_python_operator.py
[2025-02-22T22:15:17.041+0000] {processor.py:829} INFO - Processing file /home/airflow/.local/lib/python3.10/site-packages/airflow/example_dags/example_python_operator.py for tasks to queue
[2025-02-22T22:15:17.043+0000] {logging_mixin.py:154} INFO - [2025-02-22T22:15:17.043+0000] {dagbag.py:536} INFO - Filling up the DagBag from /home/airflow/.local/lib/python3.10/site-packages/airflow/example_dags/example_python_operator.py
[2025-02-22T22:15:17.054+0000] {processor.py:839} INFO - DAG(s) dict_keys(['example_python_operator']) retrieved from /home/airflow/.local/lib/python3.10/site-packages/airflow/example_dags/example_python_operator.py
[2025-02-22T22:15:17.135+0000] {logging_mixin.py:154} INFO - [2025-02-22T22:15:17.135+0000] {dag.py:2941} INFO - Sync 1 DAGs
[2025-02-22T22:15:17.150+0000] {logging_mixin.py:154} INFO - [2025-02-22T22:15:17.150+0000] {dag.py:3722} INFO - Setting next_dagrun for example_python_operator to None, run_after=None
[2025-02-22T22:15:17.172+0000] {processor.py:179} INFO - Processing /home/airflow/.local/lib/python3.10/site-packages/airflow/example_dags/example_python_operator.py took 0.136 seconds
[2025-02-22T22:15:47.430+0000] {processor.py:157} INFO - Started process (PID=971) to work on /home/airflow/.local/lib/python3.10/site-packages/airflow/example_dags/example_python_operator.py
[2025-02-22T22:15:47.431+0000] {processor.py:829} INFO - Processing file /home/airflow/.local/lib/python3.10/site-packages/airflow/example_dags/example_python_operator.py for tasks to queue
[2025-02-22T22:15:47.432+0000] {logging_mixin.py:154} INFO - [2025-02-22T22:15:47.432+0000] {dagbag.py:536} INFO - Filling up the DagBag from /home/airflow/.local/lib/python3.10/site-packages/airflow/example_dags/example_python_operator.py
[2025-02-22T22:15:47.440+0000] {processor.py:839} INFO - DAG(s) dict_keys(['example_python_operator']) retrieved from /home/airflow/.local/lib/python3.10/site-packages/airflow/example_dags/example_python_operator.py
[2025-02-22T22:15:47.521+0000] {logging_mixin.py:154} INFO - [2025-02-22T22:15:47.521+0000] {dag.py:2941} INFO - Sync 1 DAGs
[2025-02-22T22:15:47.535+0000] {logging_mixin.py:154} INFO - [2025-02-22T22:15:47.535+0000] {dag.py:3722} INFO - Setting next_dagrun for example_python_operator to None, run_after=None
[2025-02-22T22:15:47.558+0000] {processor.py:179} INFO - Processing /home/airflow/.local/lib/python3.10/site-packages/airflow/example_dags/example_python_operator.py took 0.130 seconds
[2025-02-22T22:16:18.588+0000] {processor.py:157} INFO - Started process (PID=1032) to work on /home/airflow/.local/lib/python3.10/site-packages/airflow/example_dags/example_python_operator.py
[2025-02-22T22:16:18.589+0000] {processor.py:829} INFO - Processing file /home/airflow/.local/lib/python3.10/site-packages/airflow/example_dags/example_python_operator.py for tasks to queue
[2025-02-22T22:16:18.591+0000] {logging_mixin.py:154} INFO - [2025-02-22T22:16:18.590+0000] {dagbag.py:536} INFO - Filling up the DagBag from /home/airflow/.local/lib/python3.10/site-packages/airflow/example_dags/example_python_operator.py
[2025-02-22T22:16:18.599+0000] {processor.py:839} INFO - DAG(s) dict_keys(['example_python_operator']) retrieved from /home/airflow/.local/lib/python3.10/site-packages/airflow/example_dags/example_python_operator.py
[2025-02-22T22:16:18.788+0000] {logging_mixin.py:154} INFO - [2025-02-22T22:16:18.787+0000] {dag.py:2941} INFO - Sync 1 DAGs
[2025-02-22T22:16:18.819+0000] {logging_mixin.py:154} INFO - [2025-02-22T22:16:18.818+0000] {dag.py:3722} INFO - Setting next_dagrun for example_python_operator to None, run_after=None
[2025-02-22T22:16:18.894+0000] {processor.py:179} INFO - Processing /home/airflow/.local/lib/python3.10/site-packages/airflow/example_dags/example_python_operator.py took 0.308 seconds
[2025-02-22T22:16:49.182+0000] {processor.py:157} INFO - Started process (PID=1100) to work on /home/airflow/.local/lib/python3.10/site-packages/airflow/example_dags/example_python_operator.py
[2025-02-22T22:16:49.183+0000] {processor.py:829} INFO - Processing file /home/airflow/.local/lib/python3.10/site-packages/airflow/example_dags/example_python_operator.py for tasks to queue
[2025-02-22T22:16:49.185+0000] {logging_mixin.py:154} INFO - [2025-02-22T22:16:49.185+0000] {dagbag.py:536} INFO - Filling up the DagBag from /home/airflow/.local/lib/python3.10/site-packages/airflow/example_dags/example_python_operator.py
[2025-02-22T22:16:49.194+0000] {processor.py:839} INFO - DAG(s) dict_keys(['example_python_operator']) retrieved from /home/airflow/.local/lib/python3.10/site-packages/airflow/example_dags/example_python_operator.py
[2025-02-22T22:16:49.260+0000] {logging_mixin.py:154} INFO - [2025-02-22T22:16:49.260+0000] {dag.py:2941} INFO - Sync 1 DAGs
[2025-02-22T22:16:49.272+0000] {logging_mixin.py:154} INFO - [2025-02-22T22:16:49.272+0000] {dag.py:3722} INFO - Setting next_dagrun for example_python_operator to None, run_after=None
[2025-02-22T22:16:49.289+0000] {processor.py:179} INFO - Processing /home/airflow/.local/lib/python3.10/site-packages/airflow/example_dags/example_python_operator.py took 0.110 seconds
