[2025-02-22T21:47:19.462+0000] {processor.py:157} INFO - Started process (PID=76) to work on /home/airflow/.local/lib/python3.10/site-packages/airflow/example_dags/example_sla_dag.py
[2025-02-22T21:47:19.464+0000] {processor.py:829} INFO - Processing file /home/airflow/.local/lib/python3.10/site-packages/airflow/example_dags/example_sla_dag.py for tasks to queue
[2025-02-22T21:47:19.465+0000] {logging_mixin.py:154} INFO - [2025-02-22T21:47:19.465+0000] {dagbag.py:536} INFO - Filling up the DagBag from /home/airflow/.local/lib/python3.10/site-packages/airflow/example_dags/example_sla_dag.py
[2025-02-22T21:47:19.477+0000] {processor.py:839} INFO - DAG(s) dict_keys(['example_sla_dag']) retrieved from /home/airflow/.local/lib/python3.10/site-packages/airflow/example_dags/example_sla_dag.py
[2025-02-22T21:47:19.673+0000] {logging_mixin.py:154} INFO - [2025-02-22T21:47:19.673+0000] {manager.py:499} INFO - Created Permission View: %s
[2025-02-22T21:47:19.689+0000] {logging_mixin.py:154} INFO - [2025-02-22T21:47:19.688+0000] {manager.py:499} INFO - Created Permission View: %s
[2025-02-22T21:47:19.701+0000] {logging_mixin.py:154} INFO - [2025-02-22T21:47:19.701+0000] {manager.py:499} INFO - Created Permission View: %s
[2025-02-22T21:47:19.702+0000] {logging_mixin.py:154} INFO - [2025-02-22T21:47:19.702+0000] {dag.py:2941} INFO - Sync 1 DAGs
[2025-02-22T21:47:19.714+0000] {logging_mixin.py:154} INFO - [2025-02-22T21:47:19.714+0000] {dag.py:2963} INFO - Creating ORM DAG for example_sla_dag
[2025-02-22T21:47:19.742+0000] {logging_mixin.py:154} INFO - [2025-02-22T21:47:19.742+0000] {dag.py:3722} INFO - Setting next_dagrun for example_sla_dag to 2025-02-22T21:44:00+00:00, run_after=2025-02-22T21:46:00+00:00
[2025-02-22T21:47:19.766+0000] {processor.py:179} INFO - Processing /home/airflow/.local/lib/python3.10/site-packages/airflow/example_dags/example_sla_dag.py took 0.306 seconds
[2025-02-22T21:49:00.157+0000] {processor.py:157} INFO - Started process (PID=69) to work on /home/airflow/.local/lib/python3.10/site-packages/airflow/example_dags/example_sla_dag.py
[2025-02-22T21:49:00.159+0000] {processor.py:829} INFO - Processing file /home/airflow/.local/lib/python3.10/site-packages/airflow/example_dags/example_sla_dag.py for tasks to queue
[2025-02-22T21:49:00.166+0000] {logging_mixin.py:154} INFO - [2025-02-22T21:49:00.165+0000] {dagbag.py:536} INFO - Filling up the DagBag from /home/airflow/.local/lib/python3.10/site-packages/airflow/example_dags/example_sla_dag.py
[2025-02-22T21:49:00.188+0000] {processor.py:839} INFO - DAG(s) dict_keys(['example_sla_dag']) retrieved from /home/airflow/.local/lib/python3.10/site-packages/airflow/example_dags/example_sla_dag.py
[2025-02-22T21:49:00.282+0000] {logging_mixin.py:154} INFO - [2025-02-22T21:49:00.282+0000] {dag.py:2941} INFO - Sync 1 DAGs
[2025-02-22T21:49:00.347+0000] {logging_mixin.py:154} INFO - [2025-02-22T21:49:00.347+0000] {dag.py:3722} INFO - Setting next_dagrun for example_sla_dag to 2025-02-22T21:46:00+00:00, run_after=2025-02-22T21:48:00+00:00
[2025-02-22T21:49:00.384+0000] {processor.py:179} INFO - Processing /home/airflow/.local/lib/python3.10/site-packages/airflow/example_dags/example_sla_dag.py took 0.229 seconds
[2025-02-22T21:56:50.945+0000] {processor.py:157} INFO - Started process (PID=69) to work on /home/airflow/.local/lib/python3.10/site-packages/airflow/example_dags/example_sla_dag.py
[2025-02-22T21:56:50.947+0000] {processor.py:829} INFO - Processing file /home/airflow/.local/lib/python3.10/site-packages/airflow/example_dags/example_sla_dag.py for tasks to queue
[2025-02-22T21:56:50.950+0000] {logging_mixin.py:154} INFO - [2025-02-22T21:56:50.950+0000] {dagbag.py:536} INFO - Filling up the DagBag from /home/airflow/.local/lib/python3.10/site-packages/airflow/example_dags/example_sla_dag.py
[2025-02-22T21:56:50.973+0000] {processor.py:839} INFO - DAG(s) dict_keys(['example_sla_dag']) retrieved from /home/airflow/.local/lib/python3.10/site-packages/airflow/example_dags/example_sla_dag.py
[2025-02-22T21:56:51.040+0000] {logging_mixin.py:154} INFO - [2025-02-22T21:56:51.040+0000] {dag.py:2941} INFO - Sync 1 DAGs
[2025-02-22T21:56:51.080+0000] {logging_mixin.py:154} INFO - [2025-02-22T21:56:51.079+0000] {dag.py:3722} INFO - Setting next_dagrun for example_sla_dag to 2025-02-22T21:54:00+00:00, run_after=2025-02-22T21:56:00+00:00
[2025-02-22T21:56:51.101+0000] {processor.py:179} INFO - Processing /home/airflow/.local/lib/python3.10/site-packages/airflow/example_dags/example_sla_dag.py took 0.160 seconds
[2025-02-22T21:57:21.139+0000] {processor.py:157} INFO - Started process (PID=137) to work on /home/airflow/.local/lib/python3.10/site-packages/airflow/example_dags/example_sla_dag.py
[2025-02-22T21:57:21.140+0000] {processor.py:829} INFO - Processing file /home/airflow/.local/lib/python3.10/site-packages/airflow/example_dags/example_sla_dag.py for tasks to queue
[2025-02-22T21:57:21.141+0000] {logging_mixin.py:154} INFO - [2025-02-22T21:57:21.141+0000] {dagbag.py:536} INFO - Filling up the DagBag from /home/airflow/.local/lib/python3.10/site-packages/airflow/example_dags/example_sla_dag.py
[2025-02-22T21:57:21.148+0000] {processor.py:839} INFO - DAG(s) dict_keys(['example_sla_dag']) retrieved from /home/airflow/.local/lib/python3.10/site-packages/airflow/example_dags/example_sla_dag.py
[2025-02-22T21:57:21.212+0000] {logging_mixin.py:154} INFO - [2025-02-22T21:57:21.212+0000] {dag.py:2941} INFO - Sync 1 DAGs
[2025-02-22T21:57:21.242+0000] {logging_mixin.py:154} INFO - [2025-02-22T21:57:21.241+0000] {dag.py:3722} INFO - Setting next_dagrun for example_sla_dag to 2025-02-22T21:54:00+00:00, run_after=2025-02-22T21:56:00+00:00
[2025-02-22T21:57:21.264+0000] {processor.py:179} INFO - Processing /home/airflow/.local/lib/python3.10/site-packages/airflow/example_dags/example_sla_dag.py took 0.127 seconds
[2025-02-22T21:59:54.908+0000] {processor.py:157} INFO - Started process (PID=69) to work on /home/airflow/.local/lib/python3.10/site-packages/airflow/example_dags/example_sla_dag.py
[2025-02-22T21:59:54.910+0000] {processor.py:829} INFO - Processing file /home/airflow/.local/lib/python3.10/site-packages/airflow/example_dags/example_sla_dag.py for tasks to queue
[2025-02-22T21:59:54.912+0000] {logging_mixin.py:154} INFO - [2025-02-22T21:59:54.912+0000] {dagbag.py:536} INFO - Filling up the DagBag from /home/airflow/.local/lib/python3.10/site-packages/airflow/example_dags/example_sla_dag.py
[2025-02-22T21:59:54.931+0000] {processor.py:839} INFO - DAG(s) dict_keys(['example_sla_dag']) retrieved from /home/airflow/.local/lib/python3.10/site-packages/airflow/example_dags/example_sla_dag.py
[2025-02-22T21:59:55.210+0000] {logging_mixin.py:154} INFO - [2025-02-22T21:59:55.208+0000] {dag.py:2941} INFO - Sync 1 DAGs
[2025-02-22T21:59:55.334+0000] {logging_mixin.py:154} INFO - [2025-02-22T21:59:55.334+0000] {dag.py:3722} INFO - Setting next_dagrun for example_sla_dag to 2025-02-22T21:56:00+00:00, run_after=2025-02-22T21:58:00+00:00
[2025-02-22T21:59:55.383+0000] {processor.py:179} INFO - Processing /home/airflow/.local/lib/python3.10/site-packages/airflow/example_dags/example_sla_dag.py took 0.477 seconds
[2025-02-22T22:00:25.451+0000] {processor.py:157} INFO - Started process (PID=137) to work on /home/airflow/.local/lib/python3.10/site-packages/airflow/example_dags/example_sla_dag.py
[2025-02-22T22:00:25.452+0000] {processor.py:829} INFO - Processing file /home/airflow/.local/lib/python3.10/site-packages/airflow/example_dags/example_sla_dag.py for tasks to queue
[2025-02-22T22:00:25.453+0000] {logging_mixin.py:154} INFO - [2025-02-22T22:00:25.453+0000] {dagbag.py:536} INFO - Filling up the DagBag from /home/airflow/.local/lib/python3.10/site-packages/airflow/example_dags/example_sla_dag.py
[2025-02-22T22:00:25.462+0000] {processor.py:839} INFO - DAG(s) dict_keys(['example_sla_dag']) retrieved from /home/airflow/.local/lib/python3.10/site-packages/airflow/example_dags/example_sla_dag.py
[2025-02-22T22:00:25.732+0000] {logging_mixin.py:154} INFO - [2025-02-22T22:00:25.731+0000] {dag.py:2941} INFO - Sync 1 DAGs
[2025-02-22T22:00:25.796+0000] {logging_mixin.py:154} INFO - [2025-02-22T22:00:25.796+0000] {dag.py:3722} INFO - Setting next_dagrun for example_sla_dag to 2025-02-22T21:58:00+00:00, run_after=2025-02-22T22:00:00+00:00
[2025-02-22T22:00:25.822+0000] {processor.py:179} INFO - Processing /home/airflow/.local/lib/python3.10/site-packages/airflow/example_dags/example_sla_dag.py took 0.372 seconds
[2025-02-22T22:00:56.269+0000] {processor.py:157} INFO - Started process (PID=198) to work on /home/airflow/.local/lib/python3.10/site-packages/airflow/example_dags/example_sla_dag.py
[2025-02-22T22:00:56.271+0000] {processor.py:829} INFO - Processing file /home/airflow/.local/lib/python3.10/site-packages/airflow/example_dags/example_sla_dag.py for tasks to queue
[2025-02-22T22:00:56.273+0000] {logging_mixin.py:154} INFO - [2025-02-22T22:00:56.273+0000] {dagbag.py:536} INFO - Filling up the DagBag from /home/airflow/.local/lib/python3.10/site-packages/airflow/example_dags/example_sla_dag.py
[2025-02-22T22:00:56.282+0000] {processor.py:839} INFO - DAG(s) dict_keys(['example_sla_dag']) retrieved from /home/airflow/.local/lib/python3.10/site-packages/airflow/example_dags/example_sla_dag.py
[2025-02-22T22:00:56.346+0000] {logging_mixin.py:154} INFO - [2025-02-22T22:00:56.346+0000] {dag.py:2941} INFO - Sync 1 DAGs
[2025-02-22T22:00:56.376+0000] {logging_mixin.py:154} INFO - [2025-02-22T22:00:56.376+0000] {dag.py:3722} INFO - Setting next_dagrun for example_sla_dag to 2025-02-22T21:58:00+00:00, run_after=2025-02-22T22:00:00+00:00
[2025-02-22T22:00:56.393+0000] {processor.py:179} INFO - Processing /home/airflow/.local/lib/python3.10/site-packages/airflow/example_dags/example_sla_dag.py took 0.126 seconds
[2025-02-22T22:01:26.620+0000] {processor.py:157} INFO - Started process (PID=266) to work on /home/airflow/.local/lib/python3.10/site-packages/airflow/example_dags/example_sla_dag.py
[2025-02-22T22:01:26.620+0000] {processor.py:829} INFO - Processing file /home/airflow/.local/lib/python3.10/site-packages/airflow/example_dags/example_sla_dag.py for tasks to queue
[2025-02-22T22:01:26.622+0000] {logging_mixin.py:154} INFO - [2025-02-22T22:01:26.621+0000] {dagbag.py:536} INFO - Filling up the DagBag from /home/airflow/.local/lib/python3.10/site-packages/airflow/example_dags/example_sla_dag.py
[2025-02-22T22:01:26.629+0000] {processor.py:839} INFO - DAG(s) dict_keys(['example_sla_dag']) retrieved from /home/airflow/.local/lib/python3.10/site-packages/airflow/example_dags/example_sla_dag.py
[2025-02-22T22:01:26.698+0000] {logging_mixin.py:154} INFO - [2025-02-22T22:01:26.698+0000] {dag.py:2941} INFO - Sync 1 DAGs
[2025-02-22T22:01:26.732+0000] {logging_mixin.py:154} INFO - [2025-02-22T22:01:26.732+0000] {dag.py:3722} INFO - Setting next_dagrun for example_sla_dag to 2025-02-22T21:58:00+00:00, run_after=2025-02-22T22:00:00+00:00
[2025-02-22T22:01:26.749+0000] {processor.py:179} INFO - Processing /home/airflow/.local/lib/python3.10/site-packages/airflow/example_dags/example_sla_dag.py took 0.131 seconds
[2025-02-22T22:01:57.197+0000] {processor.py:157} INFO - Started process (PID=326) to work on /home/airflow/.local/lib/python3.10/site-packages/airflow/example_dags/example_sla_dag.py
[2025-02-22T22:01:57.198+0000] {processor.py:829} INFO - Processing file /home/airflow/.local/lib/python3.10/site-packages/airflow/example_dags/example_sla_dag.py for tasks to queue
[2025-02-22T22:01:57.201+0000] {logging_mixin.py:154} INFO - [2025-02-22T22:01:57.200+0000] {dagbag.py:536} INFO - Filling up the DagBag from /home/airflow/.local/lib/python3.10/site-packages/airflow/example_dags/example_sla_dag.py
[2025-02-22T22:01:57.209+0000] {processor.py:839} INFO - DAG(s) dict_keys(['example_sla_dag']) retrieved from /home/airflow/.local/lib/python3.10/site-packages/airflow/example_dags/example_sla_dag.py
[2025-02-22T22:01:57.276+0000] {logging_mixin.py:154} INFO - [2025-02-22T22:01:57.276+0000] {dag.py:2941} INFO - Sync 1 DAGs
[2025-02-22T22:01:57.312+0000] {logging_mixin.py:154} INFO - [2025-02-22T22:01:57.312+0000] {dag.py:3722} INFO - Setting next_dagrun for example_sla_dag to 2025-02-22T21:58:00+00:00, run_after=2025-02-22T22:00:00+00:00
[2025-02-22T22:01:57.334+0000] {processor.py:179} INFO - Processing /home/airflow/.local/lib/python3.10/site-packages/airflow/example_dags/example_sla_dag.py took 0.140 seconds
[2025-02-22T22:02:28.273+0000] {processor.py:157} INFO - Started process (PID=393) to work on /home/airflow/.local/lib/python3.10/site-packages/airflow/example_dags/example_sla_dag.py
[2025-02-22T22:02:28.275+0000] {processor.py:829} INFO - Processing file /home/airflow/.local/lib/python3.10/site-packages/airflow/example_dags/example_sla_dag.py for tasks to queue
[2025-02-22T22:02:28.276+0000] {logging_mixin.py:154} INFO - [2025-02-22T22:02:28.276+0000] {dagbag.py:536} INFO - Filling up the DagBag from /home/airflow/.local/lib/python3.10/site-packages/airflow/example_dags/example_sla_dag.py
[2025-02-22T22:02:28.287+0000] {processor.py:839} INFO - DAG(s) dict_keys(['example_sla_dag']) retrieved from /home/airflow/.local/lib/python3.10/site-packages/airflow/example_dags/example_sla_dag.py
[2025-02-22T22:02:28.364+0000] {logging_mixin.py:154} INFO - [2025-02-22T22:02:28.363+0000] {dag.py:2941} INFO - Sync 1 DAGs
[2025-02-22T22:02:28.394+0000] {logging_mixin.py:154} INFO - [2025-02-22T22:02:28.394+0000] {dag.py:3722} INFO - Setting next_dagrun for example_sla_dag to 2025-02-22T22:00:00+00:00, run_after=2025-02-22T22:02:00+00:00
[2025-02-22T22:02:28.413+0000] {processor.py:179} INFO - Processing /home/airflow/.local/lib/python3.10/site-packages/airflow/example_dags/example_sla_dag.py took 0.142 seconds
[2025-02-22T22:02:59.000+0000] {processor.py:157} INFO - Started process (PID=461) to work on /home/airflow/.local/lib/python3.10/site-packages/airflow/example_dags/example_sla_dag.py
[2025-02-22T22:02:59.001+0000] {processor.py:829} INFO - Processing file /home/airflow/.local/lib/python3.10/site-packages/airflow/example_dags/example_sla_dag.py for tasks to queue
[2025-02-22T22:02:59.002+0000] {logging_mixin.py:154} INFO - [2025-02-22T22:02:59.002+0000] {dagbag.py:536} INFO - Filling up the DagBag from /home/airflow/.local/lib/python3.10/site-packages/airflow/example_dags/example_sla_dag.py
[2025-02-22T22:02:59.011+0000] {processor.py:839} INFO - DAG(s) dict_keys(['example_sla_dag']) retrieved from /home/airflow/.local/lib/python3.10/site-packages/airflow/example_dags/example_sla_dag.py
[2025-02-22T22:02:59.081+0000] {logging_mixin.py:154} INFO - [2025-02-22T22:02:59.081+0000] {dag.py:2941} INFO - Sync 1 DAGs
[2025-02-22T22:02:59.119+0000] {logging_mixin.py:154} INFO - [2025-02-22T22:02:59.119+0000] {dag.py:3722} INFO - Setting next_dagrun for example_sla_dag to 2025-02-22T22:00:00+00:00, run_after=2025-02-22T22:02:00+00:00
[2025-02-22T22:02:59.137+0000] {processor.py:179} INFO - Processing /home/airflow/.local/lib/python3.10/site-packages/airflow/example_dags/example_sla_dag.py took 0.139 seconds
[2025-02-22T22:03:43.333+0000] {processor.py:157} INFO - Started process (PID=70) to work on /home/airflow/.local/lib/python3.10/site-packages/airflow/example_dags/example_sla_dag.py
[2025-02-22T22:03:43.337+0000] {processor.py:829} INFO - Processing file /home/airflow/.local/lib/python3.10/site-packages/airflow/example_dags/example_sla_dag.py for tasks to queue
[2025-02-22T22:03:43.339+0000] {logging_mixin.py:154} INFO - [2025-02-22T22:03:43.339+0000] {dagbag.py:536} INFO - Filling up the DagBag from /home/airflow/.local/lib/python3.10/site-packages/airflow/example_dags/example_sla_dag.py
[2025-02-22T22:03:43.354+0000] {processor.py:839} INFO - DAG(s) dict_keys(['example_sla_dag']) retrieved from /home/airflow/.local/lib/python3.10/site-packages/airflow/example_dags/example_sla_dag.py
[2025-02-22T22:03:43.442+0000] {logging_mixin.py:154} INFO - [2025-02-22T22:03:43.441+0000] {dag.py:2941} INFO - Sync 1 DAGs
[2025-02-22T22:03:43.487+0000] {logging_mixin.py:154} INFO - [2025-02-22T22:03:43.487+0000] {dag.py:3722} INFO - Setting next_dagrun for example_sla_dag to 2025-02-22T22:00:00+00:00, run_after=2025-02-22T22:02:00+00:00
[2025-02-22T22:03:43.532+0000] {processor.py:179} INFO - Processing /home/airflow/.local/lib/python3.10/site-packages/airflow/example_dags/example_sla_dag.py took 0.203 seconds
[2025-02-22T22:04:14.517+0000] {processor.py:157} INFO - Started process (PID=138) to work on /home/airflow/.local/lib/python3.10/site-packages/airflow/example_dags/example_sla_dag.py
[2025-02-22T22:04:14.518+0000] {processor.py:829} INFO - Processing file /home/airflow/.local/lib/python3.10/site-packages/airflow/example_dags/example_sla_dag.py for tasks to queue
[2025-02-22T22:04:14.522+0000] {logging_mixin.py:154} INFO - [2025-02-22T22:04:14.521+0000] {dagbag.py:536} INFO - Filling up the DagBag from /home/airflow/.local/lib/python3.10/site-packages/airflow/example_dags/example_sla_dag.py
[2025-02-22T22:04:14.531+0000] {processor.py:839} INFO - DAG(s) dict_keys(['example_sla_dag']) retrieved from /home/airflow/.local/lib/python3.10/site-packages/airflow/example_dags/example_sla_dag.py
[2025-02-22T22:04:14.622+0000] {logging_mixin.py:154} INFO - [2025-02-22T22:04:14.622+0000] {dag.py:2941} INFO - Sync 1 DAGs
[2025-02-22T22:04:14.656+0000] {logging_mixin.py:154} INFO - [2025-02-22T22:04:14.656+0000] {dag.py:3722} INFO - Setting next_dagrun for example_sla_dag to 2025-02-22T22:02:00+00:00, run_after=2025-02-22T22:04:00+00:00
[2025-02-22T22:04:14.677+0000] {processor.py:179} INFO - Processing /home/airflow/.local/lib/python3.10/site-packages/airflow/example_dags/example_sla_dag.py took 0.164 seconds
[2025-02-22T22:04:44.738+0000] {processor.py:157} INFO - Started process (PID=199) to work on /home/airflow/.local/lib/python3.10/site-packages/airflow/example_dags/example_sla_dag.py
[2025-02-22T22:04:44.740+0000] {processor.py:829} INFO - Processing file /home/airflow/.local/lib/python3.10/site-packages/airflow/example_dags/example_sla_dag.py for tasks to queue
[2025-02-22T22:04:44.743+0000] {logging_mixin.py:154} INFO - [2025-02-22T22:04:44.742+0000] {dagbag.py:536} INFO - Filling up the DagBag from /home/airflow/.local/lib/python3.10/site-packages/airflow/example_dags/example_sla_dag.py
[2025-02-22T22:04:44.757+0000] {processor.py:839} INFO - DAG(s) dict_keys(['example_sla_dag']) retrieved from /home/airflow/.local/lib/python3.10/site-packages/airflow/example_dags/example_sla_dag.py
[2025-02-22T22:04:44.831+0000] {logging_mixin.py:154} INFO - [2025-02-22T22:04:44.831+0000] {dag.py:2941} INFO - Sync 1 DAGs
[2025-02-22T22:04:44.863+0000] {logging_mixin.py:154} INFO - [2025-02-22T22:04:44.863+0000] {dag.py:3722} INFO - Setting next_dagrun for example_sla_dag to 2025-02-22T22:02:00+00:00, run_after=2025-02-22T22:04:00+00:00
[2025-02-22T22:04:44.896+0000] {processor.py:179} INFO - Processing /home/airflow/.local/lib/python3.10/site-packages/airflow/example_dags/example_sla_dag.py took 0.164 seconds
[2025-02-22T22:05:15.392+0000] {processor.py:157} INFO - Started process (PID=267) to work on /home/airflow/.local/lib/python3.10/site-packages/airflow/example_dags/example_sla_dag.py
[2025-02-22T22:05:15.394+0000] {processor.py:829} INFO - Processing file /home/airflow/.local/lib/python3.10/site-packages/airflow/example_dags/example_sla_dag.py for tasks to queue
[2025-02-22T22:05:15.396+0000] {logging_mixin.py:154} INFO - [2025-02-22T22:05:15.396+0000] {dagbag.py:536} INFO - Filling up the DagBag from /home/airflow/.local/lib/python3.10/site-packages/airflow/example_dags/example_sla_dag.py
[2025-02-22T22:05:15.407+0000] {processor.py:839} INFO - DAG(s) dict_keys(['example_sla_dag']) retrieved from /home/airflow/.local/lib/python3.10/site-packages/airflow/example_dags/example_sla_dag.py
[2025-02-22T22:05:15.485+0000] {logging_mixin.py:154} INFO - [2025-02-22T22:05:15.485+0000] {dag.py:2941} INFO - Sync 1 DAGs
[2025-02-22T22:05:15.521+0000] {logging_mixin.py:154} INFO - [2025-02-22T22:05:15.521+0000] {dag.py:3722} INFO - Setting next_dagrun for example_sla_dag to 2025-02-22T22:02:00+00:00, run_after=2025-02-22T22:04:00+00:00
[2025-02-22T22:05:15.542+0000] {processor.py:179} INFO - Processing /home/airflow/.local/lib/python3.10/site-packages/airflow/example_dags/example_sla_dag.py took 0.153 seconds
[2025-02-22T22:05:45.869+0000] {processor.py:157} INFO - Started process (PID=328) to work on /home/airflow/.local/lib/python3.10/site-packages/airflow/example_dags/example_sla_dag.py
[2025-02-22T22:05:45.872+0000] {processor.py:829} INFO - Processing file /home/airflow/.local/lib/python3.10/site-packages/airflow/example_dags/example_sla_dag.py for tasks to queue
[2025-02-22T22:05:45.874+0000] {logging_mixin.py:154} INFO - [2025-02-22T22:05:45.873+0000] {dagbag.py:536} INFO - Filling up the DagBag from /home/airflow/.local/lib/python3.10/site-packages/airflow/example_dags/example_sla_dag.py
[2025-02-22T22:05:45.884+0000] {processor.py:839} INFO - DAG(s) dict_keys(['example_sla_dag']) retrieved from /home/airflow/.local/lib/python3.10/site-packages/airflow/example_dags/example_sla_dag.py
[2025-02-22T22:05:45.955+0000] {logging_mixin.py:154} INFO - [2025-02-22T22:05:45.955+0000] {dag.py:2941} INFO - Sync 1 DAGs
[2025-02-22T22:05:45.991+0000] {logging_mixin.py:154} INFO - [2025-02-22T22:05:45.991+0000] {dag.py:3722} INFO - Setting next_dagrun for example_sla_dag to 2025-02-22T22:02:00+00:00, run_after=2025-02-22T22:04:00+00:00
[2025-02-22T22:05:46.016+0000] {processor.py:179} INFO - Processing /home/airflow/.local/lib/python3.10/site-packages/airflow/example_dags/example_sla_dag.py took 0.150 seconds
[2025-02-22T22:06:16.270+0000] {processor.py:157} INFO - Started process (PID=396) to work on /home/airflow/.local/lib/python3.10/site-packages/airflow/example_dags/example_sla_dag.py
[2025-02-22T22:06:16.272+0000] {processor.py:829} INFO - Processing file /home/airflow/.local/lib/python3.10/site-packages/airflow/example_dags/example_sla_dag.py for tasks to queue
[2025-02-22T22:06:16.274+0000] {logging_mixin.py:154} INFO - [2025-02-22T22:06:16.274+0000] {dagbag.py:536} INFO - Filling up the DagBag from /home/airflow/.local/lib/python3.10/site-packages/airflow/example_dags/example_sla_dag.py
[2025-02-22T22:06:16.286+0000] {processor.py:839} INFO - DAG(s) dict_keys(['example_sla_dag']) retrieved from /home/airflow/.local/lib/python3.10/site-packages/airflow/example_dags/example_sla_dag.py
[2025-02-22T22:06:16.364+0000] {logging_mixin.py:154} INFO - [2025-02-22T22:06:16.364+0000] {dag.py:2941} INFO - Sync 1 DAGs
[2025-02-22T22:06:16.400+0000] {logging_mixin.py:154} INFO - [2025-02-22T22:06:16.400+0000] {dag.py:3722} INFO - Setting next_dagrun for example_sla_dag to 2025-02-22T22:04:00+00:00, run_after=2025-02-22T22:06:00+00:00
[2025-02-22T22:06:16.423+0000] {processor.py:179} INFO - Processing /home/airflow/.local/lib/python3.10/site-packages/airflow/example_dags/example_sla_dag.py took 0.157 seconds
[2025-02-22T22:06:47.046+0000] {processor.py:157} INFO - Started process (PID=457) to work on /home/airflow/.local/lib/python3.10/site-packages/airflow/example_dags/example_sla_dag.py
[2025-02-22T22:06:47.048+0000] {processor.py:829} INFO - Processing file /home/airflow/.local/lib/python3.10/site-packages/airflow/example_dags/example_sla_dag.py for tasks to queue
[2025-02-22T22:06:47.052+0000] {logging_mixin.py:154} INFO - [2025-02-22T22:06:47.051+0000] {dagbag.py:536} INFO - Filling up the DagBag from /home/airflow/.local/lib/python3.10/site-packages/airflow/example_dags/example_sla_dag.py
[2025-02-22T22:06:47.068+0000] {processor.py:839} INFO - DAG(s) dict_keys(['example_sla_dag']) retrieved from /home/airflow/.local/lib/python3.10/site-packages/airflow/example_dags/example_sla_dag.py
[2025-02-22T22:06:47.143+0000] {logging_mixin.py:154} INFO - [2025-02-22T22:06:47.143+0000] {dag.py:2941} INFO - Sync 1 DAGs
[2025-02-22T22:06:47.190+0000] {logging_mixin.py:154} INFO - [2025-02-22T22:06:47.190+0000] {dag.py:3722} INFO - Setting next_dagrun for example_sla_dag to 2025-02-22T22:04:00+00:00, run_after=2025-02-22T22:06:00+00:00
[2025-02-22T22:06:47.212+0000] {processor.py:179} INFO - Processing /home/airflow/.local/lib/python3.10/site-packages/airflow/example_dags/example_sla_dag.py took 0.170 seconds
[2025-02-22T22:07:17.623+0000] {processor.py:157} INFO - Started process (PID=525) to work on /home/airflow/.local/lib/python3.10/site-packages/airflow/example_dags/example_sla_dag.py
[2025-02-22T22:07:17.625+0000] {processor.py:829} INFO - Processing file /home/airflow/.local/lib/python3.10/site-packages/airflow/example_dags/example_sla_dag.py for tasks to queue
[2025-02-22T22:07:17.628+0000] {logging_mixin.py:154} INFO - [2025-02-22T22:07:17.627+0000] {dagbag.py:536} INFO - Filling up the DagBag from /home/airflow/.local/lib/python3.10/site-packages/airflow/example_dags/example_sla_dag.py
[2025-02-22T22:07:17.642+0000] {processor.py:839} INFO - DAG(s) dict_keys(['example_sla_dag']) retrieved from /home/airflow/.local/lib/python3.10/site-packages/airflow/example_dags/example_sla_dag.py
[2025-02-22T22:07:17.723+0000] {logging_mixin.py:154} INFO - [2025-02-22T22:07:17.723+0000] {dag.py:2941} INFO - Sync 1 DAGs
[2025-02-22T22:07:17.757+0000] {logging_mixin.py:154} INFO - [2025-02-22T22:07:17.757+0000] {dag.py:3722} INFO - Setting next_dagrun for example_sla_dag to 2025-02-22T22:04:00+00:00, run_after=2025-02-22T22:06:00+00:00
[2025-02-22T22:07:17.785+0000] {processor.py:179} INFO - Processing /home/airflow/.local/lib/python3.10/site-packages/airflow/example_dags/example_sla_dag.py took 0.166 seconds
[2025-02-22T22:07:48.068+0000] {processor.py:157} INFO - Started process (PID=593) to work on /home/airflow/.local/lib/python3.10/site-packages/airflow/example_dags/example_sla_dag.py
[2025-02-22T22:07:48.070+0000] {processor.py:829} INFO - Processing file /home/airflow/.local/lib/python3.10/site-packages/airflow/example_dags/example_sla_dag.py for tasks to queue
[2025-02-22T22:07:48.072+0000] {logging_mixin.py:154} INFO - [2025-02-22T22:07:48.072+0000] {dagbag.py:536} INFO - Filling up the DagBag from /home/airflow/.local/lib/python3.10/site-packages/airflow/example_dags/example_sla_dag.py
[2025-02-22T22:07:48.085+0000] {processor.py:839} INFO - DAG(s) dict_keys(['example_sla_dag']) retrieved from /home/airflow/.local/lib/python3.10/site-packages/airflow/example_dags/example_sla_dag.py
[2025-02-22T22:07:48.165+0000] {logging_mixin.py:154} INFO - [2025-02-22T22:07:48.165+0000] {dag.py:2941} INFO - Sync 1 DAGs
[2025-02-22T22:07:48.203+0000] {logging_mixin.py:154} INFO - [2025-02-22T22:07:48.203+0000] {dag.py:3722} INFO - Setting next_dagrun for example_sla_dag to 2025-02-22T22:04:00+00:00, run_after=2025-02-22T22:06:00+00:00
[2025-02-22T22:07:48.229+0000] {processor.py:179} INFO - Processing /home/airflow/.local/lib/python3.10/site-packages/airflow/example_dags/example_sla_dag.py took 0.165 seconds
[2025-02-22T22:08:39.201+0000] {processor.py:157} INFO - Started process (PID=75) to work on /home/airflow/.local/lib/python3.10/site-packages/airflow/example_dags/example_sla_dag.py
[2025-02-22T22:08:39.208+0000] {processor.py:829} INFO - Processing file /home/airflow/.local/lib/python3.10/site-packages/airflow/example_dags/example_sla_dag.py for tasks to queue
[2025-02-22T22:08:39.212+0000] {logging_mixin.py:154} INFO - [2025-02-22T22:08:39.211+0000] {dagbag.py:536} INFO - Filling up the DagBag from /home/airflow/.local/lib/python3.10/site-packages/airflow/example_dags/example_sla_dag.py
[2025-02-22T22:08:39.241+0000] {processor.py:839} INFO - DAG(s) dict_keys(['example_sla_dag']) retrieved from /home/airflow/.local/lib/python3.10/site-packages/airflow/example_dags/example_sla_dag.py
[2025-02-22T22:08:39.354+0000] {logging_mixin.py:154} INFO - [2025-02-22T22:08:39.353+0000] {dag.py:2941} INFO - Sync 1 DAGs
[2025-02-22T22:08:39.437+0000] {logging_mixin.py:154} INFO - [2025-02-22T22:08:39.436+0000] {dag.py:3722} INFO - Setting next_dagrun for example_sla_dag to 2025-02-22T22:06:00+00:00, run_after=2025-02-22T22:08:00+00:00
[2025-02-22T22:08:39.476+0000] {processor.py:179} INFO - Processing /home/airflow/.local/lib/python3.10/site-packages/airflow/example_dags/example_sla_dag.py took 0.280 seconds
[2025-02-22T22:09:09.533+0000] {processor.py:157} INFO - Started process (PID=136) to work on /home/airflow/.local/lib/python3.10/site-packages/airflow/example_dags/example_sla_dag.py
[2025-02-22T22:09:09.536+0000] {processor.py:829} INFO - Processing file /home/airflow/.local/lib/python3.10/site-packages/airflow/example_dags/example_sla_dag.py for tasks to queue
[2025-02-22T22:09:09.557+0000] {logging_mixin.py:154} INFO - [2025-02-22T22:09:09.556+0000] {dagbag.py:536} INFO - Filling up the DagBag from /home/airflow/.local/lib/python3.10/site-packages/airflow/example_dags/example_sla_dag.py
[2025-02-22T22:09:09.581+0000] {processor.py:839} INFO - DAG(s) dict_keys(['example_sla_dag']) retrieved from /home/airflow/.local/lib/python3.10/site-packages/airflow/example_dags/example_sla_dag.py
[2025-02-22T22:09:09.658+0000] {logging_mixin.py:154} INFO - [2025-02-22T22:09:09.658+0000] {dag.py:2941} INFO - Sync 1 DAGs
[2025-02-22T22:09:09.688+0000] {logging_mixin.py:154} INFO - [2025-02-22T22:09:09.688+0000] {dag.py:3722} INFO - Setting next_dagrun for example_sla_dag to 2025-02-22T22:06:00+00:00, run_after=2025-02-22T22:08:00+00:00
[2025-02-22T22:09:09.706+0000] {processor.py:179} INFO - Processing /home/airflow/.local/lib/python3.10/site-packages/airflow/example_dags/example_sla_dag.py took 0.178 seconds
[2025-02-22T22:09:39.849+0000] {processor.py:157} INFO - Started process (PID=196) to work on /home/airflow/.local/lib/python3.10/site-packages/airflow/example_dags/example_sla_dag.py
[2025-02-22T22:09:39.850+0000] {processor.py:829} INFO - Processing file /home/airflow/.local/lib/python3.10/site-packages/airflow/example_dags/example_sla_dag.py for tasks to queue
[2025-02-22T22:09:39.851+0000] {logging_mixin.py:154} INFO - [2025-02-22T22:09:39.851+0000] {dagbag.py:536} INFO - Filling up the DagBag from /home/airflow/.local/lib/python3.10/site-packages/airflow/example_dags/example_sla_dag.py
[2025-02-22T22:09:39.859+0000] {processor.py:839} INFO - DAG(s) dict_keys(['example_sla_dag']) retrieved from /home/airflow/.local/lib/python3.10/site-packages/airflow/example_dags/example_sla_dag.py
[2025-02-22T22:09:39.928+0000] {logging_mixin.py:154} INFO - [2025-02-22T22:09:39.927+0000] {dag.py:2941} INFO - Sync 1 DAGs
[2025-02-22T22:09:39.955+0000] {logging_mixin.py:154} INFO - [2025-02-22T22:09:39.955+0000] {dag.py:3722} INFO - Setting next_dagrun for example_sla_dag to 2025-02-22T22:06:00+00:00, run_after=2025-02-22T22:08:00+00:00
[2025-02-22T22:09:39.973+0000] {processor.py:179} INFO - Processing /home/airflow/.local/lib/python3.10/site-packages/airflow/example_dags/example_sla_dag.py took 0.126 seconds
[2025-02-22T22:10:10.041+0000] {processor.py:157} INFO - Started process (PID=264) to work on /home/airflow/.local/lib/python3.10/site-packages/airflow/example_dags/example_sla_dag.py
[2025-02-22T22:10:10.042+0000] {processor.py:829} INFO - Processing file /home/airflow/.local/lib/python3.10/site-packages/airflow/example_dags/example_sla_dag.py for tasks to queue
[2025-02-22T22:10:10.043+0000] {logging_mixin.py:154} INFO - [2025-02-22T22:10:10.043+0000] {dagbag.py:536} INFO - Filling up the DagBag from /home/airflow/.local/lib/python3.10/site-packages/airflow/example_dags/example_sla_dag.py
[2025-02-22T22:10:10.051+0000] {processor.py:839} INFO - DAG(s) dict_keys(['example_sla_dag']) retrieved from /home/airflow/.local/lib/python3.10/site-packages/airflow/example_dags/example_sla_dag.py
[2025-02-22T22:10:10.112+0000] {logging_mixin.py:154} INFO - [2025-02-22T22:10:10.112+0000] {dag.py:2941} INFO - Sync 1 DAGs
[2025-02-22T22:10:10.141+0000] {logging_mixin.py:154} INFO - [2025-02-22T22:10:10.141+0000] {dag.py:3722} INFO - Setting next_dagrun for example_sla_dag to 2025-02-22T22:08:00+00:00, run_after=2025-02-22T22:10:00+00:00
[2025-02-22T22:10:10.162+0000] {processor.py:179} INFO - Processing /home/airflow/.local/lib/python3.10/site-packages/airflow/example_dags/example_sla_dag.py took 0.122 seconds
[2025-02-22T22:10:40.206+0000] {processor.py:157} INFO - Started process (PID=325) to work on /home/airflow/.local/lib/python3.10/site-packages/airflow/example_dags/example_sla_dag.py
[2025-02-22T22:10:40.206+0000] {processor.py:829} INFO - Processing file /home/airflow/.local/lib/python3.10/site-packages/airflow/example_dags/example_sla_dag.py for tasks to queue
[2025-02-22T22:10:40.208+0000] {logging_mixin.py:154} INFO - [2025-02-22T22:10:40.208+0000] {dagbag.py:536} INFO - Filling up the DagBag from /home/airflow/.local/lib/python3.10/site-packages/airflow/example_dags/example_sla_dag.py
[2025-02-22T22:10:40.215+0000] {processor.py:839} INFO - DAG(s) dict_keys(['example_sla_dag']) retrieved from /home/airflow/.local/lib/python3.10/site-packages/airflow/example_dags/example_sla_dag.py
[2025-02-22T22:10:40.279+0000] {logging_mixin.py:154} INFO - [2025-02-22T22:10:40.279+0000] {dag.py:2941} INFO - Sync 1 DAGs
[2025-02-22T22:10:40.307+0000] {logging_mixin.py:154} INFO - [2025-02-22T22:10:40.306+0000] {dag.py:3722} INFO - Setting next_dagrun for example_sla_dag to 2025-02-22T22:08:00+00:00, run_after=2025-02-22T22:10:00+00:00
[2025-02-22T22:10:40.322+0000] {processor.py:179} INFO - Processing /home/airflow/.local/lib/python3.10/site-packages/airflow/example_dags/example_sla_dag.py took 0.118 seconds
[2025-02-22T22:11:10.896+0000] {processor.py:157} INFO - Started process (PID=391) to work on /home/airflow/.local/lib/python3.10/site-packages/airflow/example_dags/example_sla_dag.py
[2025-02-22T22:11:10.902+0000] {processor.py:829} INFO - Processing file /home/airflow/.local/lib/python3.10/site-packages/airflow/example_dags/example_sla_dag.py for tasks to queue
[2025-02-22T22:11:10.903+0000] {logging_mixin.py:154} INFO - [2025-02-22T22:11:10.903+0000] {dagbag.py:536} INFO - Filling up the DagBag from /home/airflow/.local/lib/python3.10/site-packages/airflow/example_dags/example_sla_dag.py
[2025-02-22T22:11:10.911+0000] {processor.py:839} INFO - DAG(s) dict_keys(['example_sla_dag']) retrieved from /home/airflow/.local/lib/python3.10/site-packages/airflow/example_dags/example_sla_dag.py
[2025-02-22T22:11:10.978+0000] {logging_mixin.py:154} INFO - [2025-02-22T22:11:10.978+0000] {dag.py:2941} INFO - Sync 1 DAGs
[2025-02-22T22:11:11.008+0000] {logging_mixin.py:154} INFO - [2025-02-22T22:11:11.007+0000] {dag.py:3722} INFO - Setting next_dagrun for example_sla_dag to 2025-02-22T22:08:00+00:00, run_after=2025-02-22T22:10:00+00:00
[2025-02-22T22:11:11.025+0000] {processor.py:179} INFO - Processing /home/airflow/.local/lib/python3.10/site-packages/airflow/example_dags/example_sla_dag.py took 0.132 seconds
[2025-02-22T22:11:41.664+0000] {processor.py:157} INFO - Started process (PID=452) to work on /home/airflow/.local/lib/python3.10/site-packages/airflow/example_dags/example_sla_dag.py
[2025-02-22T22:11:41.665+0000] {processor.py:829} INFO - Processing file /home/airflow/.local/lib/python3.10/site-packages/airflow/example_dags/example_sla_dag.py for tasks to queue
[2025-02-22T22:11:41.668+0000] {logging_mixin.py:154} INFO - [2025-02-22T22:11:41.668+0000] {dagbag.py:536} INFO - Filling up the DagBag from /home/airflow/.local/lib/python3.10/site-packages/airflow/example_dags/example_sla_dag.py
[2025-02-22T22:11:41.676+0000] {processor.py:839} INFO - DAG(s) dict_keys(['example_sla_dag']) retrieved from /home/airflow/.local/lib/python3.10/site-packages/airflow/example_dags/example_sla_dag.py
[2025-02-22T22:11:41.743+0000] {logging_mixin.py:154} INFO - [2025-02-22T22:11:41.742+0000] {dag.py:2941} INFO - Sync 1 DAGs
[2025-02-22T22:11:41.778+0000] {logging_mixin.py:154} INFO - [2025-02-22T22:11:41.778+0000] {dag.py:3722} INFO - Setting next_dagrun for example_sla_dag to 2025-02-22T22:08:00+00:00, run_after=2025-02-22T22:10:00+00:00
[2025-02-22T22:11:41.809+0000] {processor.py:179} INFO - Processing /home/airflow/.local/lib/python3.10/site-packages/airflow/example_dags/example_sla_dag.py took 0.147 seconds
[2025-02-22T22:12:12.522+0000] {processor.py:157} INFO - Started process (PID=520) to work on /home/airflow/.local/lib/python3.10/site-packages/airflow/example_dags/example_sla_dag.py
[2025-02-22T22:12:12.523+0000] {processor.py:829} INFO - Processing file /home/airflow/.local/lib/python3.10/site-packages/airflow/example_dags/example_sla_dag.py for tasks to queue
[2025-02-22T22:12:12.524+0000] {logging_mixin.py:154} INFO - [2025-02-22T22:12:12.524+0000] {dagbag.py:536} INFO - Filling up the DagBag from /home/airflow/.local/lib/python3.10/site-packages/airflow/example_dags/example_sla_dag.py
[2025-02-22T22:12:12.531+0000] {processor.py:839} INFO - DAG(s) dict_keys(['example_sla_dag']) retrieved from /home/airflow/.local/lib/python3.10/site-packages/airflow/example_dags/example_sla_dag.py
[2025-02-22T22:12:12.595+0000] {logging_mixin.py:154} INFO - [2025-02-22T22:12:12.595+0000] {dag.py:2941} INFO - Sync 1 DAGs
[2025-02-22T22:12:12.626+0000] {logging_mixin.py:154} INFO - [2025-02-22T22:12:12.626+0000] {dag.py:3722} INFO - Setting next_dagrun for example_sla_dag to 2025-02-22T22:10:00+00:00, run_after=2025-02-22T22:12:00+00:00
[2025-02-22T22:12:12.644+0000] {processor.py:179} INFO - Processing /home/airflow/.local/lib/python3.10/site-packages/airflow/example_dags/example_sla_dag.py took 0.124 seconds
[2025-02-22T22:12:43.108+0000] {processor.py:157} INFO - Started process (PID=581) to work on /home/airflow/.local/lib/python3.10/site-packages/airflow/example_dags/example_sla_dag.py
[2025-02-22T22:12:43.109+0000] {processor.py:829} INFO - Processing file /home/airflow/.local/lib/python3.10/site-packages/airflow/example_dags/example_sla_dag.py for tasks to queue
[2025-02-22T22:12:43.111+0000] {logging_mixin.py:154} INFO - [2025-02-22T22:12:43.110+0000] {dagbag.py:536} INFO - Filling up the DagBag from /home/airflow/.local/lib/python3.10/site-packages/airflow/example_dags/example_sla_dag.py
[2025-02-22T22:12:43.119+0000] {processor.py:839} INFO - DAG(s) dict_keys(['example_sla_dag']) retrieved from /home/airflow/.local/lib/python3.10/site-packages/airflow/example_dags/example_sla_dag.py
[2025-02-22T22:12:43.235+0000] {logging_mixin.py:154} INFO - [2025-02-22T22:12:43.234+0000] {dag.py:2941} INFO - Sync 1 DAGs
[2025-02-22T22:12:43.324+0000] {logging_mixin.py:154} INFO - [2025-02-22T22:12:43.323+0000] {dag.py:3722} INFO - Setting next_dagrun for example_sla_dag to 2025-02-22T22:10:00+00:00, run_after=2025-02-22T22:12:00+00:00
[2025-02-22T22:12:43.551+0000] {processor.py:179} INFO - Processing /home/airflow/.local/lib/python3.10/site-packages/airflow/example_dags/example_sla_dag.py took 0.445 seconds
[2025-02-22T22:13:14.641+0000] {processor.py:157} INFO - Started process (PID=648) to work on /home/airflow/.local/lib/python3.10/site-packages/airflow/example_dags/example_sla_dag.py
[2025-02-22T22:13:14.645+0000] {processor.py:829} INFO - Processing file /home/airflow/.local/lib/python3.10/site-packages/airflow/example_dags/example_sla_dag.py for tasks to queue
[2025-02-22T22:13:14.646+0000] {logging_mixin.py:154} INFO - [2025-02-22T22:13:14.646+0000] {dagbag.py:536} INFO - Filling up the DagBag from /home/airflow/.local/lib/python3.10/site-packages/airflow/example_dags/example_sla_dag.py
[2025-02-22T22:13:14.654+0000] {processor.py:839} INFO - DAG(s) dict_keys(['example_sla_dag']) retrieved from /home/airflow/.local/lib/python3.10/site-packages/airflow/example_dags/example_sla_dag.py
[2025-02-22T22:13:14.720+0000] {logging_mixin.py:154} INFO - [2025-02-22T22:13:14.720+0000] {dag.py:2941} INFO - Sync 1 DAGs
[2025-02-22T22:13:14.749+0000] {logging_mixin.py:154} INFO - [2025-02-22T22:13:14.749+0000] {dag.py:3722} INFO - Setting next_dagrun for example_sla_dag to 2025-02-22T22:10:00+00:00, run_after=2025-02-22T22:12:00+00:00
[2025-02-22T22:13:14.772+0000] {processor.py:179} INFO - Processing /home/airflow/.local/lib/python3.10/site-packages/airflow/example_dags/example_sla_dag.py took 0.133 seconds
[2025-02-22T22:13:45.125+0000] {processor.py:157} INFO - Started process (PID=716) to work on /home/airflow/.local/lib/python3.10/site-packages/airflow/example_dags/example_sla_dag.py
[2025-02-22T22:13:45.127+0000] {processor.py:829} INFO - Processing file /home/airflow/.local/lib/python3.10/site-packages/airflow/example_dags/example_sla_dag.py for tasks to queue
[2025-02-22T22:13:45.128+0000] {logging_mixin.py:154} INFO - [2025-02-22T22:13:45.128+0000] {dagbag.py:536} INFO - Filling up the DagBag from /home/airflow/.local/lib/python3.10/site-packages/airflow/example_dags/example_sla_dag.py
[2025-02-22T22:13:45.136+0000] {processor.py:839} INFO - DAG(s) dict_keys(['example_sla_dag']) retrieved from /home/airflow/.local/lib/python3.10/site-packages/airflow/example_dags/example_sla_dag.py
[2025-02-22T22:13:45.207+0000] {logging_mixin.py:154} INFO - [2025-02-22T22:13:45.207+0000] {dag.py:2941} INFO - Sync 1 DAGs
[2025-02-22T22:13:45.238+0000] {logging_mixin.py:154} INFO - [2025-02-22T22:13:45.238+0000] {dag.py:3722} INFO - Setting next_dagrun for example_sla_dag to 2025-02-22T22:10:00+00:00, run_after=2025-02-22T22:12:00+00:00
[2025-02-22T22:13:45.256+0000] {processor.py:179} INFO - Processing /home/airflow/.local/lib/python3.10/site-packages/airflow/example_dags/example_sla_dag.py took 0.133 seconds
[2025-02-22T22:14:15.419+0000] {processor.py:157} INFO - Started process (PID=777) to work on /home/airflow/.local/lib/python3.10/site-packages/airflow/example_dags/example_sla_dag.py
[2025-02-22T22:14:15.420+0000] {processor.py:829} INFO - Processing file /home/airflow/.local/lib/python3.10/site-packages/airflow/example_dags/example_sla_dag.py for tasks to queue
[2025-02-22T22:14:15.426+0000] {logging_mixin.py:154} INFO - [2025-02-22T22:14:15.422+0000] {dagbag.py:536} INFO - Filling up the DagBag from /home/airflow/.local/lib/python3.10/site-packages/airflow/example_dags/example_sla_dag.py
[2025-02-22T22:14:15.436+0000] {processor.py:839} INFO - DAG(s) dict_keys(['example_sla_dag']) retrieved from /home/airflow/.local/lib/python3.10/site-packages/airflow/example_dags/example_sla_dag.py
[2025-02-22T22:14:15.506+0000] {logging_mixin.py:154} INFO - [2025-02-22T22:14:15.505+0000] {dag.py:2941} INFO - Sync 1 DAGs
[2025-02-22T22:14:15.539+0000] {logging_mixin.py:154} INFO - [2025-02-22T22:14:15.538+0000] {dag.py:3722} INFO - Setting next_dagrun for example_sla_dag to 2025-02-22T22:12:00+00:00, run_after=2025-02-22T22:14:00+00:00
[2025-02-22T22:14:15.558+0000] {processor.py:179} INFO - Processing /home/airflow/.local/lib/python3.10/site-packages/airflow/example_dags/example_sla_dag.py took 0.142 seconds
[2025-02-22T22:14:46.350+0000] {processor.py:157} INFO - Started process (PID=845) to work on /home/airflow/.local/lib/python3.10/site-packages/airflow/example_dags/example_sla_dag.py
[2025-02-22T22:14:46.352+0000] {processor.py:829} INFO - Processing file /home/airflow/.local/lib/python3.10/site-packages/airflow/example_dags/example_sla_dag.py for tasks to queue
[2025-02-22T22:14:46.353+0000] {logging_mixin.py:154} INFO - [2025-02-22T22:14:46.353+0000] {dagbag.py:536} INFO - Filling up the DagBag from /home/airflow/.local/lib/python3.10/site-packages/airflow/example_dags/example_sla_dag.py
[2025-02-22T22:14:46.367+0000] {processor.py:839} INFO - DAG(s) dict_keys(['example_sla_dag']) retrieved from /home/airflow/.local/lib/python3.10/site-packages/airflow/example_dags/example_sla_dag.py
[2025-02-22T22:14:46.446+0000] {logging_mixin.py:154} INFO - [2025-02-22T22:14:46.446+0000] {dag.py:2941} INFO - Sync 1 DAGs
[2025-02-22T22:14:46.483+0000] {logging_mixin.py:154} INFO - [2025-02-22T22:14:46.483+0000] {dag.py:3722} INFO - Setting next_dagrun for example_sla_dag to 2025-02-22T22:12:00+00:00, run_after=2025-02-22T22:14:00+00:00
[2025-02-22T22:14:46.505+0000] {processor.py:179} INFO - Processing /home/airflow/.local/lib/python3.10/site-packages/airflow/example_dags/example_sla_dag.py took 0.159 seconds
[2025-02-22T22:15:17.245+0000] {processor.py:157} INFO - Started process (PID=906) to work on /home/airflow/.local/lib/python3.10/site-packages/airflow/example_dags/example_sla_dag.py
[2025-02-22T22:15:17.246+0000] {processor.py:829} INFO - Processing file /home/airflow/.local/lib/python3.10/site-packages/airflow/example_dags/example_sla_dag.py for tasks to queue
[2025-02-22T22:15:17.248+0000] {logging_mixin.py:154} INFO - [2025-02-22T22:15:17.248+0000] {dagbag.py:536} INFO - Filling up the DagBag from /home/airflow/.local/lib/python3.10/site-packages/airflow/example_dags/example_sla_dag.py
[2025-02-22T22:15:17.256+0000] {processor.py:839} INFO - DAG(s) dict_keys(['example_sla_dag']) retrieved from /home/airflow/.local/lib/python3.10/site-packages/airflow/example_dags/example_sla_dag.py
[2025-02-22T22:15:17.326+0000] {logging_mixin.py:154} INFO - [2025-02-22T22:15:17.326+0000] {dag.py:2941} INFO - Sync 1 DAGs
[2025-02-22T22:15:17.358+0000] {logging_mixin.py:154} INFO - [2025-02-22T22:15:17.357+0000] {dag.py:3722} INFO - Setting next_dagrun for example_sla_dag to 2025-02-22T22:12:00+00:00, run_after=2025-02-22T22:14:00+00:00
[2025-02-22T22:15:17.375+0000] {processor.py:179} INFO - Processing /home/airflow/.local/lib/python3.10/site-packages/airflow/example_dags/example_sla_dag.py took 0.131 seconds
[2025-02-22T22:15:47.666+0000] {processor.py:157} INFO - Started process (PID=974) to work on /home/airflow/.local/lib/python3.10/site-packages/airflow/example_dags/example_sla_dag.py
[2025-02-22T22:15:47.667+0000] {processor.py:829} INFO - Processing file /home/airflow/.local/lib/python3.10/site-packages/airflow/example_dags/example_sla_dag.py for tasks to queue
[2025-02-22T22:15:47.669+0000] {logging_mixin.py:154} INFO - [2025-02-22T22:15:47.669+0000] {dagbag.py:536} INFO - Filling up the DagBag from /home/airflow/.local/lib/python3.10/site-packages/airflow/example_dags/example_sla_dag.py
[2025-02-22T22:15:47.679+0000] {processor.py:839} INFO - DAG(s) dict_keys(['example_sla_dag']) retrieved from /home/airflow/.local/lib/python3.10/site-packages/airflow/example_dags/example_sla_dag.py
[2025-02-22T22:15:47.744+0000] {logging_mixin.py:154} INFO - [2025-02-22T22:15:47.744+0000] {dag.py:2941} INFO - Sync 1 DAGs
[2025-02-22T22:15:47.773+0000] {logging_mixin.py:154} INFO - [2025-02-22T22:15:47.772+0000] {dag.py:3722} INFO - Setting next_dagrun for example_sla_dag to 2025-02-22T22:12:00+00:00, run_after=2025-02-22T22:14:00+00:00
[2025-02-22T22:15:47.792+0000] {processor.py:179} INFO - Processing /home/airflow/.local/lib/python3.10/site-packages/airflow/example_dags/example_sla_dag.py took 0.127 seconds
[2025-02-22T22:16:19.019+0000] {processor.py:157} INFO - Started process (PID=1035) to work on /home/airflow/.local/lib/python3.10/site-packages/airflow/example_dags/example_sla_dag.py
[2025-02-22T22:16:19.020+0000] {processor.py:829} INFO - Processing file /home/airflow/.local/lib/python3.10/site-packages/airflow/example_dags/example_sla_dag.py for tasks to queue
[2025-02-22T22:16:19.022+0000] {logging_mixin.py:154} INFO - [2025-02-22T22:16:19.021+0000] {dagbag.py:536} INFO - Filling up the DagBag from /home/airflow/.local/lib/python3.10/site-packages/airflow/example_dags/example_sla_dag.py
[2025-02-22T22:16:19.033+0000] {processor.py:839} INFO - DAG(s) dict_keys(['example_sla_dag']) retrieved from /home/airflow/.local/lib/python3.10/site-packages/airflow/example_dags/example_sla_dag.py
[2025-02-22T22:16:19.120+0000] {logging_mixin.py:154} INFO - [2025-02-22T22:16:19.119+0000] {dag.py:2941} INFO - Sync 1 DAGs
[2025-02-22T22:16:19.151+0000] {logging_mixin.py:154} INFO - [2025-02-22T22:16:19.151+0000] {dag.py:3722} INFO - Setting next_dagrun for example_sla_dag to 2025-02-22T22:14:00+00:00, run_after=2025-02-22T22:16:00+00:00
[2025-02-22T22:16:19.169+0000] {processor.py:179} INFO - Processing /home/airflow/.local/lib/python3.10/site-packages/airflow/example_dags/example_sla_dag.py took 0.152 seconds
[2025-02-22T22:16:49.356+0000] {processor.py:157} INFO - Started process (PID=1103) to work on /home/airflow/.local/lib/python3.10/site-packages/airflow/example_dags/example_sla_dag.py
[2025-02-22T22:16:49.357+0000] {processor.py:829} INFO - Processing file /home/airflow/.local/lib/python3.10/site-packages/airflow/example_dags/example_sla_dag.py for tasks to queue
[2025-02-22T22:16:49.358+0000] {logging_mixin.py:154} INFO - [2025-02-22T22:16:49.358+0000] {dagbag.py:536} INFO - Filling up the DagBag from /home/airflow/.local/lib/python3.10/site-packages/airflow/example_dags/example_sla_dag.py
[2025-02-22T22:16:49.366+0000] {processor.py:839} INFO - DAG(s) dict_keys(['example_sla_dag']) retrieved from /home/airflow/.local/lib/python3.10/site-packages/airflow/example_dags/example_sla_dag.py
[2025-02-22T22:16:49.445+0000] {logging_mixin.py:154} INFO - [2025-02-22T22:16:49.445+0000] {dag.py:2941} INFO - Sync 1 DAGs
[2025-02-22T22:16:49.491+0000] {logging_mixin.py:154} INFO - [2025-02-22T22:16:49.491+0000] {dag.py:3722} INFO - Setting next_dagrun for example_sla_dag to 2025-02-22T22:14:00+00:00, run_after=2025-02-22T22:16:00+00:00
[2025-02-22T22:16:49.509+0000] {processor.py:179} INFO - Processing /home/airflow/.local/lib/python3.10/site-packages/airflow/example_dags/example_sla_dag.py took 0.155 seconds
