[2025-02-22T21:47:12.071+0000] {processor.py:157} INFO - Started process (PID=40) to work on /home/airflow/.local/lib/python3.10/site-packages/airflow/example_dags/example_branch_operator.py
[2025-02-22T21:47:12.072+0000] {processor.py:829} INFO - Processing file /home/airflow/.local/lib/python3.10/site-packages/airflow/example_dags/example_branch_operator.py for tasks to queue
[2025-02-22T21:47:12.080+0000] {logging_mixin.py:154} INFO - [2025-02-22T21:47:12.078+0000] {dagbag.py:536} INFO - Filling up the DagBag from /home/airflow/.local/lib/python3.10/site-packages/airflow/example_dags/example_branch_operator.py
[2025-02-22T21:47:12.121+0000] {processor.py:839} INFO - DAG(s) dict_keys(['example_branch_operator']) retrieved from /home/airflow/.local/lib/python3.10/site-packages/airflow/example_dags/example_branch_operator.py
[2025-02-22T21:47:12.812+0000] {logging_mixin.py:154} INFO - [2025-02-22T21:47:12.811+0000] {manager.py:499} INFO - Created Permission View: %s
[2025-02-22T21:47:12.850+0000] {logging_mixin.py:154} INFO - [2025-02-22T21:47:12.848+0000] {manager.py:499} INFO - Created Permission View: %s
[2025-02-22T21:47:12.872+0000] {logging_mixin.py:154} INFO - [2025-02-22T21:47:12.872+0000] {manager.py:499} INFO - Created Permission View: %s
[2025-02-22T21:47:12.874+0000] {logging_mixin.py:154} INFO - [2025-02-22T21:47:12.874+0000] {dag.py:2941} INFO - Sync 1 DAGs
[2025-02-22T21:47:12.907+0000] {logging_mixin.py:154} INFO - [2025-02-22T21:47:12.907+0000] {dag.py:2963} INFO - Creating ORM DAG for example_branch_operator
[2025-02-22T21:47:12.944+0000] {logging_mixin.py:154} INFO - [2025-02-22T21:47:12.944+0000] {dag.py:3722} INFO - Setting next_dagrun for example_branch_operator to 2025-02-21T00:00:00+00:00, run_after=2025-02-22T00:00:00+00:00
[2025-02-22T21:47:12.984+0000] {processor.py:179} INFO - Processing /home/airflow/.local/lib/python3.10/site-packages/airflow/example_dags/example_branch_operator.py took 0.920 seconds
[2025-02-22T21:48:55.936+0000] {processor.py:157} INFO - Started process (PID=40) to work on /home/airflow/.local/lib/python3.10/site-packages/airflow/example_dags/example_branch_operator.py
[2025-02-22T21:48:55.938+0000] {processor.py:829} INFO - Processing file /home/airflow/.local/lib/python3.10/site-packages/airflow/example_dags/example_branch_operator.py for tasks to queue
[2025-02-22T21:48:55.941+0000] {logging_mixin.py:154} INFO - [2025-02-22T21:48:55.941+0000] {dagbag.py:536} INFO - Filling up the DagBag from /home/airflow/.local/lib/python3.10/site-packages/airflow/example_dags/example_branch_operator.py
[2025-02-22T21:48:55.980+0000] {processor.py:839} INFO - DAG(s) dict_keys(['example_branch_operator']) retrieved from /home/airflow/.local/lib/python3.10/site-packages/airflow/example_dags/example_branch_operator.py
[2025-02-22T21:48:56.125+0000] {logging_mixin.py:154} INFO - [2025-02-22T21:48:56.124+0000] {dag.py:2941} INFO - Sync 1 DAGs
[2025-02-22T21:48:56.200+0000] {logging_mixin.py:154} INFO - [2025-02-22T21:48:56.200+0000] {dag.py:3722} INFO - Setting next_dagrun for example_branch_operator to 2025-02-21T00:00:00+00:00, run_after=2025-02-22T00:00:00+00:00
[2025-02-22T21:48:56.255+0000] {processor.py:179} INFO - Processing /home/airflow/.local/lib/python3.10/site-packages/airflow/example_dags/example_branch_operator.py took 0.326 seconds
[2025-02-22T21:56:46.027+0000] {processor.py:157} INFO - Started process (PID=40) to work on /home/airflow/.local/lib/python3.10/site-packages/airflow/example_dags/example_branch_operator.py
[2025-02-22T21:56:46.039+0000] {processor.py:829} INFO - Processing file /home/airflow/.local/lib/python3.10/site-packages/airflow/example_dags/example_branch_operator.py for tasks to queue
[2025-02-22T21:56:46.046+0000] {logging_mixin.py:154} INFO - [2025-02-22T21:56:46.046+0000] {dagbag.py:536} INFO - Filling up the DagBag from /home/airflow/.local/lib/python3.10/site-packages/airflow/example_dags/example_branch_operator.py
[2025-02-22T21:56:46.111+0000] {processor.py:839} INFO - DAG(s) dict_keys(['example_branch_operator']) retrieved from /home/airflow/.local/lib/python3.10/site-packages/airflow/example_dags/example_branch_operator.py
[2025-02-22T21:56:46.318+0000] {logging_mixin.py:154} INFO - [2025-02-22T21:56:46.318+0000] {dag.py:2941} INFO - Sync 1 DAGs
[2025-02-22T21:56:46.372+0000] {logging_mixin.py:154} INFO - [2025-02-22T21:56:46.372+0000] {dag.py:3722} INFO - Setting next_dagrun for example_branch_operator to 2025-02-21T00:00:00+00:00, run_after=2025-02-22T00:00:00+00:00
[2025-02-22T21:56:46.430+0000] {processor.py:179} INFO - Processing /home/airflow/.local/lib/python3.10/site-packages/airflow/example_dags/example_branch_operator.py took 0.408 seconds
[2025-02-22T21:57:16.993+0000] {processor.py:157} INFO - Started process (PID=108) to work on /home/airflow/.local/lib/python3.10/site-packages/airflow/example_dags/example_branch_operator.py
[2025-02-22T21:57:16.996+0000] {processor.py:829} INFO - Processing file /home/airflow/.local/lib/python3.10/site-packages/airflow/example_dags/example_branch_operator.py for tasks to queue
[2025-02-22T21:57:17.003+0000] {logging_mixin.py:154} INFO - [2025-02-22T21:57:17.002+0000] {dagbag.py:536} INFO - Filling up the DagBag from /home/airflow/.local/lib/python3.10/site-packages/airflow/example_dags/example_branch_operator.py
[2025-02-22T21:57:17.037+0000] {processor.py:839} INFO - DAG(s) dict_keys(['example_branch_operator']) retrieved from /home/airflow/.local/lib/python3.10/site-packages/airflow/example_dags/example_branch_operator.py
[2025-02-22T21:57:17.159+0000] {logging_mixin.py:154} INFO - [2025-02-22T21:57:17.159+0000] {dag.py:2941} INFO - Sync 1 DAGs
[2025-02-22T21:57:17.219+0000] {logging_mixin.py:154} INFO - [2025-02-22T21:57:17.219+0000] {dag.py:3722} INFO - Setting next_dagrun for example_branch_operator to 2025-02-21T00:00:00+00:00, run_after=2025-02-22T00:00:00+00:00
[2025-02-22T21:57:17.272+0000] {processor.py:179} INFO - Processing /home/airflow/.local/lib/python3.10/site-packages/airflow/example_dags/example_branch_operator.py took 0.295 seconds
[2025-02-22T21:59:49.481+0000] {processor.py:157} INFO - Started process (PID=40) to work on /home/airflow/.local/lib/python3.10/site-packages/airflow/example_dags/example_branch_operator.py
[2025-02-22T21:59:49.494+0000] {processor.py:829} INFO - Processing file /home/airflow/.local/lib/python3.10/site-packages/airflow/example_dags/example_branch_operator.py for tasks to queue
[2025-02-22T21:59:49.519+0000] {logging_mixin.py:154} INFO - [2025-02-22T21:59:49.517+0000] {dagbag.py:536} INFO - Filling up the DagBag from /home/airflow/.local/lib/python3.10/site-packages/airflow/example_dags/example_branch_operator.py
[2025-02-22T21:59:49.670+0000] {processor.py:839} INFO - DAG(s) dict_keys(['example_branch_operator']) retrieved from /home/airflow/.local/lib/python3.10/site-packages/airflow/example_dags/example_branch_operator.py
[2025-02-22T21:59:49.775+0000] {logging_mixin.py:154} INFO - [2025-02-22T21:59:49.775+0000] {dag.py:2941} INFO - Sync 1 DAGs
[2025-02-22T21:59:49.832+0000] {logging_mixin.py:154} INFO - [2025-02-22T21:59:49.831+0000] {dag.py:3722} INFO - Setting next_dagrun for example_branch_operator to 2025-02-21T00:00:00+00:00, run_after=2025-02-22T00:00:00+00:00
[2025-02-22T21:59:49.870+0000] {processor.py:179} INFO - Processing /home/airflow/.local/lib/python3.10/site-packages/airflow/example_dags/example_branch_operator.py took 0.421 seconds
[2025-02-22T22:00:20.406+0000] {processor.py:157} INFO - Started process (PID=101) to work on /home/airflow/.local/lib/python3.10/site-packages/airflow/example_dags/example_branch_operator.py
[2025-02-22T22:00:20.408+0000] {processor.py:829} INFO - Processing file /home/airflow/.local/lib/python3.10/site-packages/airflow/example_dags/example_branch_operator.py for tasks to queue
[2025-02-22T22:00:20.412+0000] {logging_mixin.py:154} INFO - [2025-02-22T22:00:20.412+0000] {dagbag.py:536} INFO - Filling up the DagBag from /home/airflow/.local/lib/python3.10/site-packages/airflow/example_dags/example_branch_operator.py
[2025-02-22T22:00:20.427+0000] {processor.py:839} INFO - DAG(s) dict_keys(['example_branch_operator']) retrieved from /home/airflow/.local/lib/python3.10/site-packages/airflow/example_dags/example_branch_operator.py
[2025-02-22T22:00:20.507+0000] {logging_mixin.py:154} INFO - [2025-02-22T22:00:20.507+0000] {dag.py:2941} INFO - Sync 1 DAGs
[2025-02-22T22:00:20.550+0000] {logging_mixin.py:154} INFO - [2025-02-22T22:00:20.550+0000] {dag.py:3722} INFO - Setting next_dagrun for example_branch_operator to 2025-02-21T00:00:00+00:00, run_after=2025-02-22T00:00:00+00:00
[2025-02-22T22:00:20.570+0000] {processor.py:179} INFO - Processing /home/airflow/.local/lib/python3.10/site-packages/airflow/example_dags/example_branch_operator.py took 0.167 seconds
[2025-02-22T22:00:50.845+0000] {processor.py:157} INFO - Started process (PID=169) to work on /home/airflow/.local/lib/python3.10/site-packages/airflow/example_dags/example_branch_operator.py
[2025-02-22T22:00:50.849+0000] {processor.py:829} INFO - Processing file /home/airflow/.local/lib/python3.10/site-packages/airflow/example_dags/example_branch_operator.py for tasks to queue
[2025-02-22T22:00:50.851+0000] {logging_mixin.py:154} INFO - [2025-02-22T22:00:50.851+0000] {dagbag.py:536} INFO - Filling up the DagBag from /home/airflow/.local/lib/python3.10/site-packages/airflow/example_dags/example_branch_operator.py
[2025-02-22T22:00:50.867+0000] {processor.py:839} INFO - DAG(s) dict_keys(['example_branch_operator']) retrieved from /home/airflow/.local/lib/python3.10/site-packages/airflow/example_dags/example_branch_operator.py
[2025-02-22T22:00:50.950+0000] {logging_mixin.py:154} INFO - [2025-02-22T22:00:50.950+0000] {dag.py:2941} INFO - Sync 1 DAGs
[2025-02-22T22:00:50.982+0000] {logging_mixin.py:154} INFO - [2025-02-22T22:00:50.982+0000] {dag.py:3722} INFO - Setting next_dagrun for example_branch_operator to 2025-02-21T00:00:00+00:00, run_after=2025-02-22T00:00:00+00:00
[2025-02-22T22:00:51.000+0000] {processor.py:179} INFO - Processing /home/airflow/.local/lib/python3.10/site-packages/airflow/example_dags/example_branch_operator.py took 0.159 seconds
[2025-02-22T22:01:21.129+0000] {processor.py:157} INFO - Started process (PID=230) to work on /home/airflow/.local/lib/python3.10/site-packages/airflow/example_dags/example_branch_operator.py
[2025-02-22T22:01:21.131+0000] {processor.py:829} INFO - Processing file /home/airflow/.local/lib/python3.10/site-packages/airflow/example_dags/example_branch_operator.py for tasks to queue
[2025-02-22T22:01:21.134+0000] {logging_mixin.py:154} INFO - [2025-02-22T22:01:21.134+0000] {dagbag.py:536} INFO - Filling up the DagBag from /home/airflow/.local/lib/python3.10/site-packages/airflow/example_dags/example_branch_operator.py
[2025-02-22T22:01:21.152+0000] {processor.py:839} INFO - DAG(s) dict_keys(['example_branch_operator']) retrieved from /home/airflow/.local/lib/python3.10/site-packages/airflow/example_dags/example_branch_operator.py
[2025-02-22T22:01:21.227+0000] {logging_mixin.py:154} INFO - [2025-02-22T22:01:21.227+0000] {dag.py:2941} INFO - Sync 1 DAGs
[2025-02-22T22:01:21.276+0000] {logging_mixin.py:154} INFO - [2025-02-22T22:01:21.276+0000] {dag.py:3722} INFO - Setting next_dagrun for example_branch_operator to 2025-02-21T00:00:00+00:00, run_after=2025-02-22T00:00:00+00:00
[2025-02-22T22:01:21.296+0000] {processor.py:179} INFO - Processing /home/airflow/.local/lib/python3.10/site-packages/airflow/example_dags/example_branch_operator.py took 0.172 seconds
[2025-02-22T22:01:51.855+0000] {processor.py:157} INFO - Started process (PID=297) to work on /home/airflow/.local/lib/python3.10/site-packages/airflow/example_dags/example_branch_operator.py
[2025-02-22T22:01:51.857+0000] {processor.py:829} INFO - Processing file /home/airflow/.local/lib/python3.10/site-packages/airflow/example_dags/example_branch_operator.py for tasks to queue
[2025-02-22T22:01:51.860+0000] {logging_mixin.py:154} INFO - [2025-02-22T22:01:51.860+0000] {dagbag.py:536} INFO - Filling up the DagBag from /home/airflow/.local/lib/python3.10/site-packages/airflow/example_dags/example_branch_operator.py
[2025-02-22T22:01:51.875+0000] {processor.py:839} INFO - DAG(s) dict_keys(['example_branch_operator']) retrieved from /home/airflow/.local/lib/python3.10/site-packages/airflow/example_dags/example_branch_operator.py
[2025-02-22T22:01:51.965+0000] {logging_mixin.py:154} INFO - [2025-02-22T22:01:51.965+0000] {dag.py:2941} INFO - Sync 1 DAGs
[2025-02-22T22:01:52.000+0000] {logging_mixin.py:154} INFO - [2025-02-22T22:01:52.000+0000] {dag.py:3722} INFO - Setting next_dagrun for example_branch_operator to 2025-02-21T00:00:00+00:00, run_after=2025-02-22T00:00:00+00:00
[2025-02-22T22:01:52.020+0000] {processor.py:179} INFO - Processing /home/airflow/.local/lib/python3.10/site-packages/airflow/example_dags/example_branch_operator.py took 0.168 seconds
[2025-02-22T22:02:22.826+0000] {processor.py:157} INFO - Started process (PID=364) to work on /home/airflow/.local/lib/python3.10/site-packages/airflow/example_dags/example_branch_operator.py
[2025-02-22T22:02:22.827+0000] {processor.py:829} INFO - Processing file /home/airflow/.local/lib/python3.10/site-packages/airflow/example_dags/example_branch_operator.py for tasks to queue
[2025-02-22T22:02:22.829+0000] {logging_mixin.py:154} INFO - [2025-02-22T22:02:22.829+0000] {dagbag.py:536} INFO - Filling up the DagBag from /home/airflow/.local/lib/python3.10/site-packages/airflow/example_dags/example_branch_operator.py
[2025-02-22T22:02:22.841+0000] {processor.py:839} INFO - DAG(s) dict_keys(['example_branch_operator']) retrieved from /home/airflow/.local/lib/python3.10/site-packages/airflow/example_dags/example_branch_operator.py
[2025-02-22T22:02:22.926+0000] {logging_mixin.py:154} INFO - [2025-02-22T22:02:22.926+0000] {dag.py:2941} INFO - Sync 1 DAGs
[2025-02-22T22:02:22.964+0000] {logging_mixin.py:154} INFO - [2025-02-22T22:02:22.963+0000] {dag.py:3722} INFO - Setting next_dagrun for example_branch_operator to 2025-02-21T00:00:00+00:00, run_after=2025-02-22T00:00:00+00:00
[2025-02-22T22:02:22.991+0000] {processor.py:179} INFO - Processing /home/airflow/.local/lib/python3.10/site-packages/airflow/example_dags/example_branch_operator.py took 0.168 seconds
[2025-02-22T22:02:53.354+0000] {processor.py:157} INFO - Started process (PID=425) to work on /home/airflow/.local/lib/python3.10/site-packages/airflow/example_dags/example_branch_operator.py
[2025-02-22T22:02:53.356+0000] {processor.py:829} INFO - Processing file /home/airflow/.local/lib/python3.10/site-packages/airflow/example_dags/example_branch_operator.py for tasks to queue
[2025-02-22T22:02:53.361+0000] {logging_mixin.py:154} INFO - [2025-02-22T22:02:53.360+0000] {dagbag.py:536} INFO - Filling up the DagBag from /home/airflow/.local/lib/python3.10/site-packages/airflow/example_dags/example_branch_operator.py
[2025-02-22T22:02:53.400+0000] {processor.py:839} INFO - DAG(s) dict_keys(['example_branch_operator']) retrieved from /home/airflow/.local/lib/python3.10/site-packages/airflow/example_dags/example_branch_operator.py
[2025-02-22T22:02:53.499+0000] {logging_mixin.py:154} INFO - [2025-02-22T22:02:53.499+0000] {dag.py:2941} INFO - Sync 1 DAGs
[2025-02-22T22:02:53.534+0000] {logging_mixin.py:154} INFO - [2025-02-22T22:02:53.534+0000] {dag.py:3722} INFO - Setting next_dagrun for example_branch_operator to 2025-02-21T00:00:00+00:00, run_after=2025-02-22T00:00:00+00:00
[2025-02-22T22:02:53.555+0000] {processor.py:179} INFO - Processing /home/airflow/.local/lib/python3.10/site-packages/airflow/example_dags/example_branch_operator.py took 0.207 seconds
[2025-02-22T22:03:38.625+0000] {processor.py:157} INFO - Started process (PID=41) to work on /home/airflow/.local/lib/python3.10/site-packages/airflow/example_dags/example_branch_operator.py
[2025-02-22T22:03:38.628+0000] {processor.py:829} INFO - Processing file /home/airflow/.local/lib/python3.10/site-packages/airflow/example_dags/example_branch_operator.py for tasks to queue
[2025-02-22T22:03:38.637+0000] {logging_mixin.py:154} INFO - [2025-02-22T22:03:38.636+0000] {dagbag.py:536} INFO - Filling up the DagBag from /home/airflow/.local/lib/python3.10/site-packages/airflow/example_dags/example_branch_operator.py
[2025-02-22T22:03:38.697+0000] {processor.py:839} INFO - DAG(s) dict_keys(['example_branch_operator']) retrieved from /home/airflow/.local/lib/python3.10/site-packages/airflow/example_dags/example_branch_operator.py
[2025-02-22T22:03:38.819+0000] {logging_mixin.py:154} INFO - [2025-02-22T22:03:38.819+0000] {dag.py:2941} INFO - Sync 1 DAGs
[2025-02-22T22:03:38.902+0000] {logging_mixin.py:154} INFO - [2025-02-22T22:03:38.901+0000] {dag.py:3722} INFO - Setting next_dagrun for example_branch_operator to 2025-02-21T00:00:00+00:00, run_after=2025-02-22T00:00:00+00:00
[2025-02-22T22:03:38.975+0000] {processor.py:179} INFO - Processing /home/airflow/.local/lib/python3.10/site-packages/airflow/example_dags/example_branch_operator.py took 0.355 seconds
[2025-02-22T22:04:09.692+0000] {processor.py:157} INFO - Started process (PID=102) to work on /home/airflow/.local/lib/python3.10/site-packages/airflow/example_dags/example_branch_operator.py
[2025-02-22T22:04:09.693+0000] {processor.py:829} INFO - Processing file /home/airflow/.local/lib/python3.10/site-packages/airflow/example_dags/example_branch_operator.py for tasks to queue
[2025-02-22T22:04:09.698+0000] {logging_mixin.py:154} INFO - [2025-02-22T22:04:09.697+0000] {dagbag.py:536} INFO - Filling up the DagBag from /home/airflow/.local/lib/python3.10/site-packages/airflow/example_dags/example_branch_operator.py
[2025-02-22T22:04:09.715+0000] {processor.py:839} INFO - DAG(s) dict_keys(['example_branch_operator']) retrieved from /home/airflow/.local/lib/python3.10/site-packages/airflow/example_dags/example_branch_operator.py
[2025-02-22T22:04:09.799+0000] {logging_mixin.py:154} INFO - [2025-02-22T22:04:09.799+0000] {dag.py:2941} INFO - Sync 1 DAGs
[2025-02-22T22:04:09.837+0000] {logging_mixin.py:154} INFO - [2025-02-22T22:04:09.837+0000] {dag.py:3722} INFO - Setting next_dagrun for example_branch_operator to 2025-02-21T00:00:00+00:00, run_after=2025-02-22T00:00:00+00:00
[2025-02-22T22:04:09.864+0000] {processor.py:179} INFO - Processing /home/airflow/.local/lib/python3.10/site-packages/airflow/example_dags/example_branch_operator.py took 0.174 seconds
[2025-02-22T22:04:39.930+0000] {processor.py:157} INFO - Started process (PID=170) to work on /home/airflow/.local/lib/python3.10/site-packages/airflow/example_dags/example_branch_operator.py
[2025-02-22T22:04:39.935+0000] {processor.py:829} INFO - Processing file /home/airflow/.local/lib/python3.10/site-packages/airflow/example_dags/example_branch_operator.py for tasks to queue
[2025-02-22T22:04:39.941+0000] {logging_mixin.py:154} INFO - [2025-02-22T22:04:39.940+0000] {dagbag.py:536} INFO - Filling up the DagBag from /home/airflow/.local/lib/python3.10/site-packages/airflow/example_dags/example_branch_operator.py
[2025-02-22T22:04:40.028+0000] {processor.py:839} INFO - DAG(s) dict_keys(['example_branch_operator']) retrieved from /home/airflow/.local/lib/python3.10/site-packages/airflow/example_dags/example_branch_operator.py
[2025-02-22T22:04:40.167+0000] {logging_mixin.py:154} INFO - [2025-02-22T22:04:40.166+0000] {dag.py:2941} INFO - Sync 1 DAGs
[2025-02-22T22:04:40.212+0000] {logging_mixin.py:154} INFO - [2025-02-22T22:04:40.212+0000] {dag.py:3722} INFO - Setting next_dagrun for example_branch_operator to 2025-02-21T00:00:00+00:00, run_after=2025-02-22T00:00:00+00:00
[2025-02-22T22:04:40.236+0000] {processor.py:179} INFO - Processing /home/airflow/.local/lib/python3.10/site-packages/airflow/example_dags/example_branch_operator.py took 0.314 seconds
[2025-02-22T22:05:10.746+0000] {processor.py:157} INFO - Started process (PID=238) to work on /home/airflow/.local/lib/python3.10/site-packages/airflow/example_dags/example_branch_operator.py
[2025-02-22T22:05:10.748+0000] {processor.py:829} INFO - Processing file /home/airflow/.local/lib/python3.10/site-packages/airflow/example_dags/example_branch_operator.py for tasks to queue
[2025-02-22T22:05:10.752+0000] {logging_mixin.py:154} INFO - [2025-02-22T22:05:10.752+0000] {dagbag.py:536} INFO - Filling up the DagBag from /home/airflow/.local/lib/python3.10/site-packages/airflow/example_dags/example_branch_operator.py
[2025-02-22T22:05:10.774+0000] {processor.py:839} INFO - DAG(s) dict_keys(['example_branch_operator']) retrieved from /home/airflow/.local/lib/python3.10/site-packages/airflow/example_dags/example_branch_operator.py
[2025-02-22T22:05:10.867+0000] {logging_mixin.py:154} INFO - [2025-02-22T22:05:10.866+0000] {dag.py:2941} INFO - Sync 1 DAGs
[2025-02-22T22:05:10.906+0000] {logging_mixin.py:154} INFO - [2025-02-22T22:05:10.906+0000] {dag.py:3722} INFO - Setting next_dagrun for example_branch_operator to 2025-02-21T00:00:00+00:00, run_after=2025-02-22T00:00:00+00:00
[2025-02-22T22:05:10.930+0000] {processor.py:179} INFO - Processing /home/airflow/.local/lib/python3.10/site-packages/airflow/example_dags/example_branch_operator.py took 0.188 seconds
[2025-02-22T22:05:41.441+0000] {processor.py:157} INFO - Started process (PID=299) to work on /home/airflow/.local/lib/python3.10/site-packages/airflow/example_dags/example_branch_operator.py
[2025-02-22T22:05:41.443+0000] {processor.py:829} INFO - Processing file /home/airflow/.local/lib/python3.10/site-packages/airflow/example_dags/example_branch_operator.py for tasks to queue
[2025-02-22T22:05:41.446+0000] {logging_mixin.py:154} INFO - [2025-02-22T22:05:41.446+0000] {dagbag.py:536} INFO - Filling up the DagBag from /home/airflow/.local/lib/python3.10/site-packages/airflow/example_dags/example_branch_operator.py
[2025-02-22T22:05:41.463+0000] {processor.py:839} INFO - DAG(s) dict_keys(['example_branch_operator']) retrieved from /home/airflow/.local/lib/python3.10/site-packages/airflow/example_dags/example_branch_operator.py
[2025-02-22T22:05:41.541+0000] {logging_mixin.py:154} INFO - [2025-02-22T22:05:41.540+0000] {dag.py:2941} INFO - Sync 1 DAGs
[2025-02-22T22:05:41.572+0000] {logging_mixin.py:154} INFO - [2025-02-22T22:05:41.572+0000] {dag.py:3722} INFO - Setting next_dagrun for example_branch_operator to 2025-02-21T00:00:00+00:00, run_after=2025-02-22T00:00:00+00:00
[2025-02-22T22:05:41.594+0000] {processor.py:179} INFO - Processing /home/airflow/.local/lib/python3.10/site-packages/airflow/example_dags/example_branch_operator.py took 0.156 seconds
[2025-02-22T22:06:11.815+0000] {processor.py:157} INFO - Started process (PID=367) to work on /home/airflow/.local/lib/python3.10/site-packages/airflow/example_dags/example_branch_operator.py
[2025-02-22T22:06:11.818+0000] {processor.py:829} INFO - Processing file /home/airflow/.local/lib/python3.10/site-packages/airflow/example_dags/example_branch_operator.py for tasks to queue
[2025-02-22T22:06:11.821+0000] {logging_mixin.py:154} INFO - [2025-02-22T22:06:11.821+0000] {dagbag.py:536} INFO - Filling up the DagBag from /home/airflow/.local/lib/python3.10/site-packages/airflow/example_dags/example_branch_operator.py
[2025-02-22T22:06:11.839+0000] {processor.py:839} INFO - DAG(s) dict_keys(['example_branch_operator']) retrieved from /home/airflow/.local/lib/python3.10/site-packages/airflow/example_dags/example_branch_operator.py
[2025-02-22T22:06:11.921+0000] {logging_mixin.py:154} INFO - [2025-02-22T22:06:11.920+0000] {dag.py:2941} INFO - Sync 1 DAGs
[2025-02-22T22:06:11.955+0000] {logging_mixin.py:154} INFO - [2025-02-22T22:06:11.955+0000] {dag.py:3722} INFO - Setting next_dagrun for example_branch_operator to 2025-02-21T00:00:00+00:00, run_after=2025-02-22T00:00:00+00:00
[2025-02-22T22:06:11.978+0000] {processor.py:179} INFO - Processing /home/airflow/.local/lib/python3.10/site-packages/airflow/example_dags/example_branch_operator.py took 0.165 seconds
[2025-02-22T22:06:42.439+0000] {processor.py:157} INFO - Started process (PID=428) to work on /home/airflow/.local/lib/python3.10/site-packages/airflow/example_dags/example_branch_operator.py
[2025-02-22T22:06:42.441+0000] {processor.py:829} INFO - Processing file /home/airflow/.local/lib/python3.10/site-packages/airflow/example_dags/example_branch_operator.py for tasks to queue
[2025-02-22T22:06:42.446+0000] {logging_mixin.py:154} INFO - [2025-02-22T22:06:42.445+0000] {dagbag.py:536} INFO - Filling up the DagBag from /home/airflow/.local/lib/python3.10/site-packages/airflow/example_dags/example_branch_operator.py
[2025-02-22T22:06:42.463+0000] {processor.py:839} INFO - DAG(s) dict_keys(['example_branch_operator']) retrieved from /home/airflow/.local/lib/python3.10/site-packages/airflow/example_dags/example_branch_operator.py
[2025-02-22T22:06:42.542+0000] {logging_mixin.py:154} INFO - [2025-02-22T22:06:42.542+0000] {dag.py:2941} INFO - Sync 1 DAGs
[2025-02-22T22:06:42.573+0000] {logging_mixin.py:154} INFO - [2025-02-22T22:06:42.573+0000] {dag.py:3722} INFO - Setting next_dagrun for example_branch_operator to 2025-02-21T00:00:00+00:00, run_after=2025-02-22T00:00:00+00:00
[2025-02-22T22:06:42.593+0000] {processor.py:179} INFO - Processing /home/airflow/.local/lib/python3.10/site-packages/airflow/example_dags/example_branch_operator.py took 0.158 seconds
[2025-02-22T22:07:12.701+0000] {processor.py:157} INFO - Started process (PID=496) to work on /home/airflow/.local/lib/python3.10/site-packages/airflow/example_dags/example_branch_operator.py
[2025-02-22T22:07:12.704+0000] {processor.py:829} INFO - Processing file /home/airflow/.local/lib/python3.10/site-packages/airflow/example_dags/example_branch_operator.py for tasks to queue
[2025-02-22T22:07:12.707+0000] {logging_mixin.py:154} INFO - [2025-02-22T22:07:12.706+0000] {dagbag.py:536} INFO - Filling up the DagBag from /home/airflow/.local/lib/python3.10/site-packages/airflow/example_dags/example_branch_operator.py
[2025-02-22T22:07:12.727+0000] {processor.py:839} INFO - DAG(s) dict_keys(['example_branch_operator']) retrieved from /home/airflow/.local/lib/python3.10/site-packages/airflow/example_dags/example_branch_operator.py
[2025-02-22T22:07:12.850+0000] {logging_mixin.py:154} INFO - [2025-02-22T22:07:12.850+0000] {dag.py:2941} INFO - Sync 1 DAGs
[2025-02-22T22:07:12.913+0000] {logging_mixin.py:154} INFO - [2025-02-22T22:07:12.913+0000] {dag.py:3722} INFO - Setting next_dagrun for example_branch_operator to 2025-02-21T00:00:00+00:00, run_after=2025-02-22T00:00:00+00:00
[2025-02-22T22:07:12.941+0000] {processor.py:179} INFO - Processing /home/airflow/.local/lib/python3.10/site-packages/airflow/example_dags/example_branch_operator.py took 0.248 seconds
[2025-02-22T22:07:43.090+0000] {processor.py:157} INFO - Started process (PID=557) to work on /home/airflow/.local/lib/python3.10/site-packages/airflow/example_dags/example_branch_operator.py
[2025-02-22T22:07:43.093+0000] {processor.py:829} INFO - Processing file /home/airflow/.local/lib/python3.10/site-packages/airflow/example_dags/example_branch_operator.py for tasks to queue
[2025-02-22T22:07:43.095+0000] {logging_mixin.py:154} INFO - [2025-02-22T22:07:43.095+0000] {dagbag.py:536} INFO - Filling up the DagBag from /home/airflow/.local/lib/python3.10/site-packages/airflow/example_dags/example_branch_operator.py
[2025-02-22T22:07:43.156+0000] {processor.py:839} INFO - DAG(s) dict_keys(['example_branch_operator']) retrieved from /home/airflow/.local/lib/python3.10/site-packages/airflow/example_dags/example_branch_operator.py
[2025-02-22T22:07:43.300+0000] {logging_mixin.py:154} INFO - [2025-02-22T22:07:43.300+0000] {dag.py:2941} INFO - Sync 1 DAGs
[2025-02-22T22:07:43.343+0000] {logging_mixin.py:154} INFO - [2025-02-22T22:07:43.343+0000] {dag.py:3722} INFO - Setting next_dagrun for example_branch_operator to 2025-02-21T00:00:00+00:00, run_after=2025-02-22T00:00:00+00:00
[2025-02-22T22:07:43.370+0000] {processor.py:179} INFO - Processing /home/airflow/.local/lib/python3.10/site-packages/airflow/example_dags/example_branch_operator.py took 0.284 seconds
[2025-02-22T22:08:32.955+0000] {processor.py:157} INFO - Started process (PID=39) to work on /home/airflow/.local/lib/python3.10/site-packages/airflow/example_dags/example_branch_operator.py
[2025-02-22T22:08:32.959+0000] {processor.py:829} INFO - Processing file /home/airflow/.local/lib/python3.10/site-packages/airflow/example_dags/example_branch_operator.py for tasks to queue
[2025-02-22T22:08:32.977+0000] {logging_mixin.py:154} INFO - [2025-02-22T22:08:32.968+0000] {dagbag.py:536} INFO - Filling up the DagBag from /home/airflow/.local/lib/python3.10/site-packages/airflow/example_dags/example_branch_operator.py
[2025-02-22T22:08:33.032+0000] {processor.py:839} INFO - DAG(s) dict_keys(['example_branch_operator']) retrieved from /home/airflow/.local/lib/python3.10/site-packages/airflow/example_dags/example_branch_operator.py
[2025-02-22T22:08:33.162+0000] {logging_mixin.py:154} INFO - [2025-02-22T22:08:33.161+0000] {dag.py:2941} INFO - Sync 1 DAGs
[2025-02-22T22:08:33.239+0000] {logging_mixin.py:154} INFO - [2025-02-22T22:08:33.237+0000] {dag.py:3722} INFO - Setting next_dagrun for example_branch_operator to 2025-02-21T00:00:00+00:00, run_after=2025-02-22T00:00:00+00:00
[2025-02-22T22:08:33.317+0000] {processor.py:179} INFO - Processing /home/airflow/.local/lib/python3.10/site-packages/airflow/example_dags/example_branch_operator.py took 0.366 seconds
[2025-02-22T22:09:03.850+0000] {processor.py:157} INFO - Started process (PID=107) to work on /home/airflow/.local/lib/python3.10/site-packages/airflow/example_dags/example_branch_operator.py
[2025-02-22T22:09:03.854+0000] {processor.py:829} INFO - Processing file /home/airflow/.local/lib/python3.10/site-packages/airflow/example_dags/example_branch_operator.py for tasks to queue
[2025-02-22T22:09:03.859+0000] {logging_mixin.py:154} INFO - [2025-02-22T22:09:03.858+0000] {dagbag.py:536} INFO - Filling up the DagBag from /home/airflow/.local/lib/python3.10/site-packages/airflow/example_dags/example_branch_operator.py
[2025-02-22T22:09:03.880+0000] {processor.py:839} INFO - DAG(s) dict_keys(['example_branch_operator']) retrieved from /home/airflow/.local/lib/python3.10/site-packages/airflow/example_dags/example_branch_operator.py
[2025-02-22T22:09:03.960+0000] {logging_mixin.py:154} INFO - [2025-02-22T22:09:03.960+0000] {dag.py:2941} INFO - Sync 1 DAGs
[2025-02-22T22:09:04.008+0000] {logging_mixin.py:154} INFO - [2025-02-22T22:09:04.008+0000] {dag.py:3722} INFO - Setting next_dagrun for example_branch_operator to 2025-02-21T00:00:00+00:00, run_after=2025-02-22T00:00:00+00:00
[2025-02-22T22:09:04.033+0000] {processor.py:179} INFO - Processing /home/airflow/.local/lib/python3.10/site-packages/airflow/example_dags/example_branch_operator.py took 0.186 seconds
[2025-02-22T22:09:34.283+0000] {processor.py:157} INFO - Started process (PID=167) to work on /home/airflow/.local/lib/python3.10/site-packages/airflow/example_dags/example_branch_operator.py
[2025-02-22T22:09:34.284+0000] {processor.py:829} INFO - Processing file /home/airflow/.local/lib/python3.10/site-packages/airflow/example_dags/example_branch_operator.py for tasks to queue
[2025-02-22T22:09:34.289+0000] {logging_mixin.py:154} INFO - [2025-02-22T22:09:34.289+0000] {dagbag.py:536} INFO - Filling up the DagBag from /home/airflow/.local/lib/python3.10/site-packages/airflow/example_dags/example_branch_operator.py
[2025-02-22T22:09:34.305+0000] {processor.py:839} INFO - DAG(s) dict_keys(['example_branch_operator']) retrieved from /home/airflow/.local/lib/python3.10/site-packages/airflow/example_dags/example_branch_operator.py
[2025-02-22T22:09:34.377+0000] {logging_mixin.py:154} INFO - [2025-02-22T22:09:34.377+0000] {dag.py:2941} INFO - Sync 1 DAGs
[2025-02-22T22:09:34.408+0000] {logging_mixin.py:154} INFO - [2025-02-22T22:09:34.407+0000] {dag.py:3722} INFO - Setting next_dagrun for example_branch_operator to 2025-02-21T00:00:00+00:00, run_after=2025-02-22T00:00:00+00:00
[2025-02-22T22:09:34.430+0000] {processor.py:179} INFO - Processing /home/airflow/.local/lib/python3.10/site-packages/airflow/example_dags/example_branch_operator.py took 0.151 seconds
[2025-02-22T22:10:04.799+0000] {processor.py:157} INFO - Started process (PID=228) to work on /home/airflow/.local/lib/python3.10/site-packages/airflow/example_dags/example_branch_operator.py
[2025-02-22T22:10:04.801+0000] {processor.py:829} INFO - Processing file /home/airflow/.local/lib/python3.10/site-packages/airflow/example_dags/example_branch_operator.py for tasks to queue
[2025-02-22T22:10:04.806+0000] {logging_mixin.py:154} INFO - [2025-02-22T22:10:04.805+0000] {dagbag.py:536} INFO - Filling up the DagBag from /home/airflow/.local/lib/python3.10/site-packages/airflow/example_dags/example_branch_operator.py
[2025-02-22T22:10:04.829+0000] {processor.py:839} INFO - DAG(s) dict_keys(['example_branch_operator']) retrieved from /home/airflow/.local/lib/python3.10/site-packages/airflow/example_dags/example_branch_operator.py
[2025-02-22T22:10:04.927+0000] {logging_mixin.py:154} INFO - [2025-02-22T22:10:04.927+0000] {dag.py:2941} INFO - Sync 1 DAGs
[2025-02-22T22:10:04.964+0000] {logging_mixin.py:154} INFO - [2025-02-22T22:10:04.964+0000] {dag.py:3722} INFO - Setting next_dagrun for example_branch_operator to 2025-02-21T00:00:00+00:00, run_after=2025-02-22T00:00:00+00:00
[2025-02-22T22:10:05.007+0000] {processor.py:179} INFO - Processing /home/airflow/.local/lib/python3.10/site-packages/airflow/example_dags/example_branch_operator.py took 0.213 seconds
[2025-02-22T22:10:35.697+0000] {processor.py:157} INFO - Started process (PID=296) to work on /home/airflow/.local/lib/python3.10/site-packages/airflow/example_dags/example_branch_operator.py
[2025-02-22T22:10:35.700+0000] {processor.py:829} INFO - Processing file /home/airflow/.local/lib/python3.10/site-packages/airflow/example_dags/example_branch_operator.py for tasks to queue
[2025-02-22T22:10:35.705+0000] {logging_mixin.py:154} INFO - [2025-02-22T22:10:35.705+0000] {dagbag.py:536} INFO - Filling up the DagBag from /home/airflow/.local/lib/python3.10/site-packages/airflow/example_dags/example_branch_operator.py
[2025-02-22T22:10:35.743+0000] {processor.py:839} INFO - DAG(s) dict_keys(['example_branch_operator']) retrieved from /home/airflow/.local/lib/python3.10/site-packages/airflow/example_dags/example_branch_operator.py
[2025-02-22T22:10:35.873+0000] {logging_mixin.py:154} INFO - [2025-02-22T22:10:35.873+0000] {dag.py:2941} INFO - Sync 1 DAGs
[2025-02-22T22:10:35.916+0000] {logging_mixin.py:154} INFO - [2025-02-22T22:10:35.916+0000] {dag.py:3722} INFO - Setting next_dagrun for example_branch_operator to 2025-02-21T00:00:00+00:00, run_after=2025-02-22T00:00:00+00:00
[2025-02-22T22:10:35.939+0000] {processor.py:179} INFO - Processing /home/airflow/.local/lib/python3.10/site-packages/airflow/example_dags/example_branch_operator.py took 0.246 seconds
[2025-02-22T22:11:06.241+0000] {processor.py:157} INFO - Started process (PID=355) to work on /home/airflow/.local/lib/python3.10/site-packages/airflow/example_dags/example_branch_operator.py
[2025-02-22T22:11:06.248+0000] {processor.py:829} INFO - Processing file /home/airflow/.local/lib/python3.10/site-packages/airflow/example_dags/example_branch_operator.py for tasks to queue
[2025-02-22T22:11:06.255+0000] {logging_mixin.py:154} INFO - [2025-02-22T22:11:06.254+0000] {dagbag.py:536} INFO - Filling up the DagBag from /home/airflow/.local/lib/python3.10/site-packages/airflow/example_dags/example_branch_operator.py
[2025-02-22T22:11:06.274+0000] {processor.py:839} INFO - DAG(s) dict_keys(['example_branch_operator']) retrieved from /home/airflow/.local/lib/python3.10/site-packages/airflow/example_dags/example_branch_operator.py
[2025-02-22T22:11:06.355+0000] {logging_mixin.py:154} INFO - [2025-02-22T22:11:06.355+0000] {dag.py:2941} INFO - Sync 1 DAGs
[2025-02-22T22:11:06.396+0000] {logging_mixin.py:154} INFO - [2025-02-22T22:11:06.396+0000] {dag.py:3722} INFO - Setting next_dagrun for example_branch_operator to 2025-02-21T00:00:00+00:00, run_after=2025-02-22T00:00:00+00:00
[2025-02-22T22:11:06.450+0000] {processor.py:179} INFO - Processing /home/airflow/.local/lib/python3.10/site-packages/airflow/example_dags/example_branch_operator.py took 0.216 seconds
[2025-02-22T22:11:37.047+0000] {processor.py:157} INFO - Started process (PID=423) to work on /home/airflow/.local/lib/python3.10/site-packages/airflow/example_dags/example_branch_operator.py
[2025-02-22T22:11:37.049+0000] {processor.py:829} INFO - Processing file /home/airflow/.local/lib/python3.10/site-packages/airflow/example_dags/example_branch_operator.py for tasks to queue
[2025-02-22T22:11:37.050+0000] {logging_mixin.py:154} INFO - [2025-02-22T22:11:37.050+0000] {dagbag.py:536} INFO - Filling up the DagBag from /home/airflow/.local/lib/python3.10/site-packages/airflow/example_dags/example_branch_operator.py
[2025-02-22T22:11:37.065+0000] {processor.py:839} INFO - DAG(s) dict_keys(['example_branch_operator']) retrieved from /home/airflow/.local/lib/python3.10/site-packages/airflow/example_dags/example_branch_operator.py
[2025-02-22T22:11:37.151+0000] {logging_mixin.py:154} INFO - [2025-02-22T22:11:37.151+0000] {dag.py:2941} INFO - Sync 1 DAGs
[2025-02-22T22:11:37.187+0000] {logging_mixin.py:154} INFO - [2025-02-22T22:11:37.187+0000] {dag.py:3722} INFO - Setting next_dagrun for example_branch_operator to 2025-02-21T00:00:00+00:00, run_after=2025-02-22T00:00:00+00:00
[2025-02-22T22:11:37.218+0000] {processor.py:179} INFO - Processing /home/airflow/.local/lib/python3.10/site-packages/airflow/example_dags/example_branch_operator.py took 0.174 seconds
[2025-02-22T22:12:07.668+0000] {processor.py:157} INFO - Started process (PID=491) to work on /home/airflow/.local/lib/python3.10/site-packages/airflow/example_dags/example_branch_operator.py
[2025-02-22T22:12:07.669+0000] {processor.py:829} INFO - Processing file /home/airflow/.local/lib/python3.10/site-packages/airflow/example_dags/example_branch_operator.py for tasks to queue
[2025-02-22T22:12:07.673+0000] {logging_mixin.py:154} INFO - [2025-02-22T22:12:07.672+0000] {dagbag.py:536} INFO - Filling up the DagBag from /home/airflow/.local/lib/python3.10/site-packages/airflow/example_dags/example_branch_operator.py
[2025-02-22T22:12:07.694+0000] {processor.py:839} INFO - DAG(s) dict_keys(['example_branch_operator']) retrieved from /home/airflow/.local/lib/python3.10/site-packages/airflow/example_dags/example_branch_operator.py
[2025-02-22T22:12:07.813+0000] {logging_mixin.py:154} INFO - [2025-02-22T22:12:07.812+0000] {dag.py:2941} INFO - Sync 1 DAGs
[2025-02-22T22:12:07.856+0000] {logging_mixin.py:154} INFO - [2025-02-22T22:12:07.855+0000] {dag.py:3722} INFO - Setting next_dagrun for example_branch_operator to 2025-02-21T00:00:00+00:00, run_after=2025-02-22T00:00:00+00:00
[2025-02-22T22:12:07.891+0000] {processor.py:179} INFO - Processing /home/airflow/.local/lib/python3.10/site-packages/airflow/example_dags/example_branch_operator.py took 0.226 seconds
[2025-02-22T22:12:38.575+0000] {processor.py:157} INFO - Started process (PID=552) to work on /home/airflow/.local/lib/python3.10/site-packages/airflow/example_dags/example_branch_operator.py
[2025-02-22T22:12:38.576+0000] {processor.py:829} INFO - Processing file /home/airflow/.local/lib/python3.10/site-packages/airflow/example_dags/example_branch_operator.py for tasks to queue
[2025-02-22T22:12:38.578+0000] {logging_mixin.py:154} INFO - [2025-02-22T22:12:38.578+0000] {dagbag.py:536} INFO - Filling up the DagBag from /home/airflow/.local/lib/python3.10/site-packages/airflow/example_dags/example_branch_operator.py
[2025-02-22T22:12:38.594+0000] {processor.py:839} INFO - DAG(s) dict_keys(['example_branch_operator']) retrieved from /home/airflow/.local/lib/python3.10/site-packages/airflow/example_dags/example_branch_operator.py
[2025-02-22T22:12:38.674+0000] {logging_mixin.py:154} INFO - [2025-02-22T22:12:38.674+0000] {dag.py:2941} INFO - Sync 1 DAGs
[2025-02-22T22:12:38.709+0000] {logging_mixin.py:154} INFO - [2025-02-22T22:12:38.709+0000] {dag.py:3722} INFO - Setting next_dagrun for example_branch_operator to 2025-02-21T00:00:00+00:00, run_after=2025-02-22T00:00:00+00:00
[2025-02-22T22:12:38.732+0000] {processor.py:179} INFO - Processing /home/airflow/.local/lib/python3.10/site-packages/airflow/example_dags/example_branch_operator.py took 0.160 seconds
[2025-02-22T22:13:09.537+0000] {processor.py:157} INFO - Started process (PID=619) to work on /home/airflow/.local/lib/python3.10/site-packages/airflow/example_dags/example_branch_operator.py
[2025-02-22T22:13:09.538+0000] {processor.py:829} INFO - Processing file /home/airflow/.local/lib/python3.10/site-packages/airflow/example_dags/example_branch_operator.py for tasks to queue
[2025-02-22T22:13:09.541+0000] {logging_mixin.py:154} INFO - [2025-02-22T22:13:09.540+0000] {dagbag.py:536} INFO - Filling up the DagBag from /home/airflow/.local/lib/python3.10/site-packages/airflow/example_dags/example_branch_operator.py
[2025-02-22T22:13:09.573+0000] {processor.py:839} INFO - DAG(s) dict_keys(['example_branch_operator']) retrieved from /home/airflow/.local/lib/python3.10/site-packages/airflow/example_dags/example_branch_operator.py
[2025-02-22T22:13:09.673+0000] {logging_mixin.py:154} INFO - [2025-02-22T22:13:09.673+0000] {dag.py:2941} INFO - Sync 1 DAGs
[2025-02-22T22:13:09.709+0000] {logging_mixin.py:154} INFO - [2025-02-22T22:13:09.709+0000] {dag.py:3722} INFO - Setting next_dagrun for example_branch_operator to 2025-02-21T00:00:00+00:00, run_after=2025-02-22T00:00:00+00:00
[2025-02-22T22:13:09.734+0000] {processor.py:179} INFO - Processing /home/airflow/.local/lib/python3.10/site-packages/airflow/example_dags/example_branch_operator.py took 0.200 seconds
[2025-02-22T22:13:40.142+0000] {processor.py:157} INFO - Started process (PID=680) to work on /home/airflow/.local/lib/python3.10/site-packages/airflow/example_dags/example_branch_operator.py
[2025-02-22T22:13:40.144+0000] {processor.py:829} INFO - Processing file /home/airflow/.local/lib/python3.10/site-packages/airflow/example_dags/example_branch_operator.py for tasks to queue
[2025-02-22T22:13:40.147+0000] {logging_mixin.py:154} INFO - [2025-02-22T22:13:40.146+0000] {dagbag.py:536} INFO - Filling up the DagBag from /home/airflow/.local/lib/python3.10/site-packages/airflow/example_dags/example_branch_operator.py
[2025-02-22T22:13:40.158+0000] {processor.py:839} INFO - DAG(s) dict_keys(['example_branch_operator']) retrieved from /home/airflow/.local/lib/python3.10/site-packages/airflow/example_dags/example_branch_operator.py
[2025-02-22T22:13:40.271+0000] {logging_mixin.py:154} INFO - [2025-02-22T22:13:40.270+0000] {dag.py:2941} INFO - Sync 1 DAGs
[2025-02-22T22:13:40.337+0000] {logging_mixin.py:154} INFO - [2025-02-22T22:13:40.337+0000] {dag.py:3722} INFO - Setting next_dagrun for example_branch_operator to 2025-02-21T00:00:00+00:00, run_after=2025-02-22T00:00:00+00:00
[2025-02-22T22:13:40.361+0000] {processor.py:179} INFO - Processing /home/airflow/.local/lib/python3.10/site-packages/airflow/example_dags/example_branch_operator.py took 0.223 seconds
[2025-02-22T22:14:10.634+0000] {processor.py:157} INFO - Started process (PID=748) to work on /home/airflow/.local/lib/python3.10/site-packages/airflow/example_dags/example_branch_operator.py
[2025-02-22T22:14:10.636+0000] {processor.py:829} INFO - Processing file /home/airflow/.local/lib/python3.10/site-packages/airflow/example_dags/example_branch_operator.py for tasks to queue
[2025-02-22T22:14:10.647+0000] {logging_mixin.py:154} INFO - [2025-02-22T22:14:10.646+0000] {dagbag.py:536} INFO - Filling up the DagBag from /home/airflow/.local/lib/python3.10/site-packages/airflow/example_dags/example_branch_operator.py
[2025-02-22T22:14:10.672+0000] {processor.py:839} INFO - DAG(s) dict_keys(['example_branch_operator']) retrieved from /home/airflow/.local/lib/python3.10/site-packages/airflow/example_dags/example_branch_operator.py
[2025-02-22T22:14:10.799+0000] {logging_mixin.py:154} INFO - [2025-02-22T22:14:10.799+0000] {dag.py:2941} INFO - Sync 1 DAGs
[2025-02-22T22:14:10.837+0000] {logging_mixin.py:154} INFO - [2025-02-22T22:14:10.837+0000] {dag.py:3722} INFO - Setting next_dagrun for example_branch_operator to 2025-02-21T00:00:00+00:00, run_after=2025-02-22T00:00:00+00:00
[2025-02-22T22:14:10.857+0000] {processor.py:179} INFO - Processing /home/airflow/.local/lib/python3.10/site-packages/airflow/example_dags/example_branch_operator.py took 0.228 seconds
[2025-02-22T22:14:40.978+0000] {processor.py:157} INFO - Started process (PID=809) to work on /home/airflow/.local/lib/python3.10/site-packages/airflow/example_dags/example_branch_operator.py
[2025-02-22T22:14:40.980+0000] {processor.py:829} INFO - Processing file /home/airflow/.local/lib/python3.10/site-packages/airflow/example_dags/example_branch_operator.py for tasks to queue
[2025-02-22T22:14:40.984+0000] {logging_mixin.py:154} INFO - [2025-02-22T22:14:40.983+0000] {dagbag.py:536} INFO - Filling up the DagBag from /home/airflow/.local/lib/python3.10/site-packages/airflow/example_dags/example_branch_operator.py
[2025-02-22T22:14:41.039+0000] {processor.py:839} INFO - DAG(s) dict_keys(['example_branch_operator']) retrieved from /home/airflow/.local/lib/python3.10/site-packages/airflow/example_dags/example_branch_operator.py
[2025-02-22T22:14:41.142+0000] {logging_mixin.py:154} INFO - [2025-02-22T22:14:41.142+0000] {dag.py:2941} INFO - Sync 1 DAGs
[2025-02-22T22:14:41.191+0000] {logging_mixin.py:154} INFO - [2025-02-22T22:14:41.191+0000] {dag.py:3722} INFO - Setting next_dagrun for example_branch_operator to 2025-02-21T00:00:00+00:00, run_after=2025-02-22T00:00:00+00:00
[2025-02-22T22:14:41.234+0000] {processor.py:179} INFO - Processing /home/airflow/.local/lib/python3.10/site-packages/airflow/example_dags/example_branch_operator.py took 0.261 seconds
[2025-02-22T22:15:11.573+0000] {processor.py:157} INFO - Started process (PID=877) to work on /home/airflow/.local/lib/python3.10/site-packages/airflow/example_dags/example_branch_operator.py
[2025-02-22T22:15:11.575+0000] {processor.py:829} INFO - Processing file /home/airflow/.local/lib/python3.10/site-packages/airflow/example_dags/example_branch_operator.py for tasks to queue
[2025-02-22T22:15:11.578+0000] {logging_mixin.py:154} INFO - [2025-02-22T22:15:11.578+0000] {dagbag.py:536} INFO - Filling up the DagBag from /home/airflow/.local/lib/python3.10/site-packages/airflow/example_dags/example_branch_operator.py
[2025-02-22T22:15:11.594+0000] {processor.py:839} INFO - DAG(s) dict_keys(['example_branch_operator']) retrieved from /home/airflow/.local/lib/python3.10/site-packages/airflow/example_dags/example_branch_operator.py
[2025-02-22T22:15:11.666+0000] {logging_mixin.py:154} INFO - [2025-02-22T22:15:11.666+0000] {dag.py:2941} INFO - Sync 1 DAGs
[2025-02-22T22:15:11.697+0000] {logging_mixin.py:154} INFO - [2025-02-22T22:15:11.697+0000] {dag.py:3722} INFO - Setting next_dagrun for example_branch_operator to 2025-02-21T00:00:00+00:00, run_after=2025-02-22T00:00:00+00:00
[2025-02-22T22:15:11.724+0000] {processor.py:179} INFO - Processing /home/airflow/.local/lib/python3.10/site-packages/airflow/example_dags/example_branch_operator.py took 0.153 seconds
[2025-02-22T22:15:41.780+0000] {processor.py:157} INFO - Started process (PID=938) to work on /home/airflow/.local/lib/python3.10/site-packages/airflow/example_dags/example_branch_operator.py
[2025-02-22T22:15:41.782+0000] {processor.py:829} INFO - Processing file /home/airflow/.local/lib/python3.10/site-packages/airflow/example_dags/example_branch_operator.py for tasks to queue
[2025-02-22T22:15:41.785+0000] {logging_mixin.py:154} INFO - [2025-02-22T22:15:41.784+0000] {dagbag.py:536} INFO - Filling up the DagBag from /home/airflow/.local/lib/python3.10/site-packages/airflow/example_dags/example_branch_operator.py
[2025-02-22T22:15:41.829+0000] {processor.py:839} INFO - DAG(s) dict_keys(['example_branch_operator']) retrieved from /home/airflow/.local/lib/python3.10/site-packages/airflow/example_dags/example_branch_operator.py
[2025-02-22T22:15:41.928+0000] {logging_mixin.py:154} INFO - [2025-02-22T22:15:41.928+0000] {dag.py:2941} INFO - Sync 1 DAGs
[2025-02-22T22:15:41.969+0000] {logging_mixin.py:154} INFO - [2025-02-22T22:15:41.968+0000] {dag.py:3722} INFO - Setting next_dagrun for example_branch_operator to 2025-02-21T00:00:00+00:00, run_after=2025-02-22T00:00:00+00:00
[2025-02-22T22:15:41.992+0000] {processor.py:179} INFO - Processing /home/airflow/.local/lib/python3.10/site-packages/airflow/example_dags/example_branch_operator.py took 0.217 seconds
[2025-02-22T22:16:12.044+0000] {processor.py:157} INFO - Started process (PID=1006) to work on /home/airflow/.local/lib/python3.10/site-packages/airflow/example_dags/example_branch_operator.py
[2025-02-22T22:16:12.046+0000] {processor.py:829} INFO - Processing file /home/airflow/.local/lib/python3.10/site-packages/airflow/example_dags/example_branch_operator.py for tasks to queue
[2025-02-22T22:16:12.051+0000] {logging_mixin.py:154} INFO - [2025-02-22T22:16:12.050+0000] {dagbag.py:536} INFO - Filling up the DagBag from /home/airflow/.local/lib/python3.10/site-packages/airflow/example_dags/example_branch_operator.py
[2025-02-22T22:16:12.069+0000] {processor.py:839} INFO - DAG(s) dict_keys(['example_branch_operator']) retrieved from /home/airflow/.local/lib/python3.10/site-packages/airflow/example_dags/example_branch_operator.py
[2025-02-22T22:16:12.150+0000] {logging_mixin.py:154} INFO - [2025-02-22T22:16:12.149+0000] {dag.py:2941} INFO - Sync 1 DAGs
[2025-02-22T22:16:12.182+0000] {logging_mixin.py:154} INFO - [2025-02-22T22:16:12.182+0000] {dag.py:3722} INFO - Setting next_dagrun for example_branch_operator to 2025-02-21T00:00:00+00:00, run_after=2025-02-22T00:00:00+00:00
[2025-02-22T22:16:12.203+0000] {processor.py:179} INFO - Processing /home/airflow/.local/lib/python3.10/site-packages/airflow/example_dags/example_branch_operator.py took 0.163 seconds
[2025-02-22T22:16:42.405+0000] {processor.py:157} INFO - Started process (PID=1067) to work on /home/airflow/.local/lib/python3.10/site-packages/airflow/example_dags/example_branch_operator.py
[2025-02-22T22:16:42.407+0000] {processor.py:829} INFO - Processing file /home/airflow/.local/lib/python3.10/site-packages/airflow/example_dags/example_branch_operator.py for tasks to queue
[2025-02-22T22:16:42.409+0000] {logging_mixin.py:154} INFO - [2025-02-22T22:16:42.409+0000] {dagbag.py:536} INFO - Filling up the DagBag from /home/airflow/.local/lib/python3.10/site-packages/airflow/example_dags/example_branch_operator.py
[2025-02-22T22:16:42.425+0000] {processor.py:839} INFO - DAG(s) dict_keys(['example_branch_operator']) retrieved from /home/airflow/.local/lib/python3.10/site-packages/airflow/example_dags/example_branch_operator.py
[2025-02-22T22:16:42.524+0000] {logging_mixin.py:154} INFO - [2025-02-22T22:16:42.524+0000] {dag.py:2941} INFO - Sync 1 DAGs
[2025-02-22T22:16:42.573+0000] {logging_mixin.py:154} INFO - [2025-02-22T22:16:42.572+0000] {dag.py:3722} INFO - Setting next_dagrun for example_branch_operator to 2025-02-21T00:00:00+00:00, run_after=2025-02-22T00:00:00+00:00
[2025-02-22T22:16:42.609+0000] {processor.py:179} INFO - Processing /home/airflow/.local/lib/python3.10/site-packages/airflow/example_dags/example_branch_operator.py took 0.207 seconds
