[2025-02-22T21:47:16.270+0000] {processor.py:157} INFO - Started process (PID=53) to work on /home/airflow/.local/lib/python3.10/site-packages/airflow/example_dags/example_setup_teardown_taskflow.py
[2025-02-22T21:47:16.271+0000] {processor.py:829} INFO - Processing file /home/airflow/.local/lib/python3.10/site-packages/airflow/example_dags/example_setup_teardown_taskflow.py for tasks to queue
[2025-02-22T21:47:16.272+0000] {logging_mixin.py:154} INFO - [2025-02-22T21:47:16.272+0000] {dagbag.py:536} INFO - Filling up the DagBag from /home/airflow/.local/lib/python3.10/site-packages/airflow/example_dags/example_setup_teardown_taskflow.py
[2025-02-22T21:47:16.283+0000] {processor.py:839} INFO - DAG(s) dict_keys(['example_setup_teardown_taskflow']) retrieved from /home/airflow/.local/lib/python3.10/site-packages/airflow/example_dags/example_setup_teardown_taskflow.py
[2025-02-22T21:47:16.438+0000] {logging_mixin.py:154} INFO - [2025-02-22T21:47:16.438+0000] {manager.py:499} INFO - Created Permission View: %s
[2025-02-22T21:47:16.450+0000] {logging_mixin.py:154} INFO - [2025-02-22T21:47:16.450+0000] {manager.py:499} INFO - Created Permission View: %s
[2025-02-22T21:47:16.458+0000] {logging_mixin.py:154} INFO - [2025-02-22T21:47:16.458+0000] {manager.py:499} INFO - Created Permission View: %s
[2025-02-22T21:47:16.459+0000] {logging_mixin.py:154} INFO - [2025-02-22T21:47:16.458+0000] {dag.py:2941} INFO - Sync 1 DAGs
[2025-02-22T21:47:16.467+0000] {logging_mixin.py:154} INFO - [2025-02-22T21:47:16.467+0000] {dag.py:2963} INFO - Creating ORM DAG for example_setup_teardown_taskflow
[2025-02-22T21:47:16.487+0000] {logging_mixin.py:154} INFO - [2025-02-22T21:47:16.486+0000] {dag.py:3722} INFO - Setting next_dagrun for example_setup_teardown_taskflow to 2025-02-21T21:47:16.486490+00:00, run_after=2025-02-22T21:47:16.486490+00:00
[2025-02-22T21:47:16.511+0000] {processor.py:179} INFO - Processing /home/airflow/.local/lib/python3.10/site-packages/airflow/example_dags/example_setup_teardown_taskflow.py took 0.243 seconds
[2025-02-22T21:48:58.537+0000] {processor.py:157} INFO - Started process (PID=53) to work on /home/airflow/.local/lib/python3.10/site-packages/airflow/example_dags/example_setup_teardown_taskflow.py
[2025-02-22T21:48:58.539+0000] {processor.py:829} INFO - Processing file /home/airflow/.local/lib/python3.10/site-packages/airflow/example_dags/example_setup_teardown_taskflow.py for tasks to queue
[2025-02-22T21:48:58.542+0000] {logging_mixin.py:154} INFO - [2025-02-22T21:48:58.542+0000] {dagbag.py:536} INFO - Filling up the DagBag from /home/airflow/.local/lib/python3.10/site-packages/airflow/example_dags/example_setup_teardown_taskflow.py
[2025-02-22T21:48:58.559+0000] {processor.py:839} INFO - DAG(s) dict_keys(['example_setup_teardown_taskflow']) retrieved from /home/airflow/.local/lib/python3.10/site-packages/airflow/example_dags/example_setup_teardown_taskflow.py
[2025-02-22T21:48:58.641+0000] {logging_mixin.py:154} INFO - [2025-02-22T21:48:58.640+0000] {dag.py:2941} INFO - Sync 1 DAGs
[2025-02-22T21:48:58.685+0000] {logging_mixin.py:154} INFO - [2025-02-22T21:48:58.685+0000] {dag.py:3722} INFO - Setting next_dagrun for example_setup_teardown_taskflow to 2025-02-21T21:48:58.684155+00:00, run_after=2025-02-22T21:48:58.684155+00:00
[2025-02-22T21:48:58.722+0000] {processor.py:179} INFO - Processing /home/airflow/.local/lib/python3.10/site-packages/airflow/example_dags/example_setup_teardown_taskflow.py took 0.189 seconds
[2025-02-22T21:56:48.885+0000] {processor.py:157} INFO - Started process (PID=53) to work on /home/airflow/.local/lib/python3.10/site-packages/airflow/example_dags/example_setup_teardown_taskflow.py
[2025-02-22T21:56:48.887+0000] {processor.py:829} INFO - Processing file /home/airflow/.local/lib/python3.10/site-packages/airflow/example_dags/example_setup_teardown_taskflow.py for tasks to queue
[2025-02-22T21:56:48.890+0000] {logging_mixin.py:154} INFO - [2025-02-22T21:56:48.889+0000] {dagbag.py:536} INFO - Filling up the DagBag from /home/airflow/.local/lib/python3.10/site-packages/airflow/example_dags/example_setup_teardown_taskflow.py
[2025-02-22T21:56:48.906+0000] {processor.py:839} INFO - DAG(s) dict_keys(['example_setup_teardown_taskflow']) retrieved from /home/airflow/.local/lib/python3.10/site-packages/airflow/example_dags/example_setup_teardown_taskflow.py
[2025-02-22T21:56:48.986+0000] {logging_mixin.py:154} INFO - [2025-02-22T21:56:48.986+0000] {dag.py:2941} INFO - Sync 1 DAGs
[2025-02-22T21:56:49.026+0000] {logging_mixin.py:154} INFO - [2025-02-22T21:56:49.026+0000] {dag.py:3722} INFO - Setting next_dagrun for example_setup_teardown_taskflow to 2025-02-21T21:56:49.025470+00:00, run_after=2025-02-22T21:56:49.025470+00:00
[2025-02-22T21:56:49.058+0000] {processor.py:179} INFO - Processing /home/airflow/.local/lib/python3.10/site-packages/airflow/example_dags/example_setup_teardown_taskflow.py took 0.178 seconds
[2025-02-22T21:57:19.857+0000] {processor.py:157} INFO - Started process (PID=121) to work on /home/airflow/.local/lib/python3.10/site-packages/airflow/example_dags/example_setup_teardown_taskflow.py
[2025-02-22T21:57:19.858+0000] {processor.py:829} INFO - Processing file /home/airflow/.local/lib/python3.10/site-packages/airflow/example_dags/example_setup_teardown_taskflow.py for tasks to queue
[2025-02-22T21:57:19.861+0000] {logging_mixin.py:154} INFO - [2025-02-22T21:57:19.861+0000] {dagbag.py:536} INFO - Filling up the DagBag from /home/airflow/.local/lib/python3.10/site-packages/airflow/example_dags/example_setup_teardown_taskflow.py
[2025-02-22T21:57:19.872+0000] {processor.py:839} INFO - DAG(s) dict_keys(['example_setup_teardown_taskflow']) retrieved from /home/airflow/.local/lib/python3.10/site-packages/airflow/example_dags/example_setup_teardown_taskflow.py
[2025-02-22T21:57:19.964+0000] {logging_mixin.py:154} INFO - [2025-02-22T21:57:19.964+0000] {dag.py:2941} INFO - Sync 1 DAGs
[2025-02-22T21:57:19.998+0000] {logging_mixin.py:154} INFO - [2025-02-22T21:57:19.997+0000] {dag.py:3722} INFO - Setting next_dagrun for example_setup_teardown_taskflow to 2025-02-21T21:57:19.997383+00:00, run_after=2025-02-22T21:57:19.997383+00:00
[2025-02-22T21:57:20.017+0000] {processor.py:179} INFO - Processing /home/airflow/.local/lib/python3.10/site-packages/airflow/example_dags/example_setup_teardown_taskflow.py took 0.163 seconds
[2025-02-22T21:59:52.643+0000] {processor.py:157} INFO - Started process (PID=53) to work on /home/airflow/.local/lib/python3.10/site-packages/airflow/example_dags/example_setup_teardown_taskflow.py
[2025-02-22T21:59:52.645+0000] {processor.py:829} INFO - Processing file /home/airflow/.local/lib/python3.10/site-packages/airflow/example_dags/example_setup_teardown_taskflow.py for tasks to queue
[2025-02-22T21:59:52.648+0000] {logging_mixin.py:154} INFO - [2025-02-22T21:59:52.648+0000] {dagbag.py:536} INFO - Filling up the DagBag from /home/airflow/.local/lib/python3.10/site-packages/airflow/example_dags/example_setup_teardown_taskflow.py
[2025-02-22T21:59:52.673+0000] {processor.py:839} INFO - DAG(s) dict_keys(['example_setup_teardown_taskflow']) retrieved from /home/airflow/.local/lib/python3.10/site-packages/airflow/example_dags/example_setup_teardown_taskflow.py
[2025-02-22T21:59:52.802+0000] {logging_mixin.py:154} INFO - [2025-02-22T21:59:52.801+0000] {dag.py:2941} INFO - Sync 1 DAGs
[2025-02-22T21:59:52.901+0000] {logging_mixin.py:154} INFO - [2025-02-22T21:59:52.899+0000] {dag.py:3722} INFO - Setting next_dagrun for example_setup_teardown_taskflow to 2025-02-21T21:59:52.896228+00:00, run_after=2025-02-22T21:59:52.896228+00:00
[2025-02-22T21:59:52.962+0000] {processor.py:179} INFO - Processing /home/airflow/.local/lib/python3.10/site-packages/airflow/example_dags/example_setup_teardown_taskflow.py took 0.322 seconds
[2025-02-22T22:00:23.658+0000] {processor.py:157} INFO - Started process (PID=121) to work on /home/airflow/.local/lib/python3.10/site-packages/airflow/example_dags/example_setup_teardown_taskflow.py
[2025-02-22T22:00:23.659+0000] {processor.py:829} INFO - Processing file /home/airflow/.local/lib/python3.10/site-packages/airflow/example_dags/example_setup_teardown_taskflow.py for tasks to queue
[2025-02-22T22:00:23.661+0000] {logging_mixin.py:154} INFO - [2025-02-22T22:00:23.661+0000] {dagbag.py:536} INFO - Filling up the DagBag from /home/airflow/.local/lib/python3.10/site-packages/airflow/example_dags/example_setup_teardown_taskflow.py
[2025-02-22T22:00:23.668+0000] {processor.py:839} INFO - DAG(s) dict_keys(['example_setup_teardown_taskflow']) retrieved from /home/airflow/.local/lib/python3.10/site-packages/airflow/example_dags/example_setup_teardown_taskflow.py
[2025-02-22T22:00:23.743+0000] {logging_mixin.py:154} INFO - [2025-02-22T22:00:23.743+0000] {dag.py:2941} INFO - Sync 1 DAGs
[2025-02-22T22:00:23.773+0000] {logging_mixin.py:154} INFO - [2025-02-22T22:00:23.772+0000] {dag.py:3722} INFO - Setting next_dagrun for example_setup_teardown_taskflow to 2025-02-21T22:00:23.772419+00:00, run_after=2025-02-22T22:00:23.772419+00:00
[2025-02-22T22:00:23.792+0000] {processor.py:179} INFO - Processing /home/airflow/.local/lib/python3.10/site-packages/airflow/example_dags/example_setup_teardown_taskflow.py took 0.136 seconds
[2025-02-22T22:00:53.882+0000] {processor.py:157} INFO - Started process (PID=182) to work on /home/airflow/.local/lib/python3.10/site-packages/airflow/example_dags/example_setup_teardown_taskflow.py
[2025-02-22T22:00:53.884+0000] {processor.py:829} INFO - Processing file /home/airflow/.local/lib/python3.10/site-packages/airflow/example_dags/example_setup_teardown_taskflow.py for tasks to queue
[2025-02-22T22:00:53.885+0000] {logging_mixin.py:154} INFO - [2025-02-22T22:00:53.885+0000] {dagbag.py:536} INFO - Filling up the DagBag from /home/airflow/.local/lib/python3.10/site-packages/airflow/example_dags/example_setup_teardown_taskflow.py
[2025-02-22T22:00:53.892+0000] {processor.py:839} INFO - DAG(s) dict_keys(['example_setup_teardown_taskflow']) retrieved from /home/airflow/.local/lib/python3.10/site-packages/airflow/example_dags/example_setup_teardown_taskflow.py
[2025-02-22T22:00:53.958+0000] {logging_mixin.py:154} INFO - [2025-02-22T22:00:53.958+0000] {dag.py:2941} INFO - Sync 1 DAGs
[2025-02-22T22:00:53.987+0000] {logging_mixin.py:154} INFO - [2025-02-22T22:00:53.987+0000] {dag.py:3722} INFO - Setting next_dagrun for example_setup_teardown_taskflow to 2025-02-21T22:00:53.987095+00:00, run_after=2025-02-22T22:00:53.987095+00:00
[2025-02-22T22:00:54.008+0000] {processor.py:179} INFO - Processing /home/airflow/.local/lib/python3.10/site-packages/airflow/example_dags/example_setup_teardown_taskflow.py took 0.128 seconds
[2025-02-22T22:01:24.361+0000] {processor.py:157} INFO - Started process (PID=250) to work on /home/airflow/.local/lib/python3.10/site-packages/airflow/example_dags/example_setup_teardown_taskflow.py
[2025-02-22T22:01:24.362+0000] {processor.py:829} INFO - Processing file /home/airflow/.local/lib/python3.10/site-packages/airflow/example_dags/example_setup_teardown_taskflow.py for tasks to queue
[2025-02-22T22:01:24.364+0000] {logging_mixin.py:154} INFO - [2025-02-22T22:01:24.364+0000] {dagbag.py:536} INFO - Filling up the DagBag from /home/airflow/.local/lib/python3.10/site-packages/airflow/example_dags/example_setup_teardown_taskflow.py
[2025-02-22T22:01:24.371+0000] {processor.py:839} INFO - DAG(s) dict_keys(['example_setup_teardown_taskflow']) retrieved from /home/airflow/.local/lib/python3.10/site-packages/airflow/example_dags/example_setup_teardown_taskflow.py
[2025-02-22T22:01:24.504+0000] {logging_mixin.py:154} INFO - [2025-02-22T22:01:24.504+0000] {dag.py:2941} INFO - Sync 1 DAGs
[2025-02-22T22:01:24.533+0000] {logging_mixin.py:154} INFO - [2025-02-22T22:01:24.533+0000] {dag.py:3722} INFO - Setting next_dagrun for example_setup_teardown_taskflow to 2025-02-21T22:01:24.532953+00:00, run_after=2025-02-22T22:01:24.532953+00:00
[2025-02-22T22:01:24.551+0000] {processor.py:179} INFO - Processing /home/airflow/.local/lib/python3.10/site-packages/airflow/example_dags/example_setup_teardown_taskflow.py took 0.192 seconds
[2025-02-22T22:01:54.978+0000] {processor.py:157} INFO - Started process (PID=310) to work on /home/airflow/.local/lib/python3.10/site-packages/airflow/example_dags/example_setup_teardown_taskflow.py
[2025-02-22T22:01:54.979+0000] {processor.py:829} INFO - Processing file /home/airflow/.local/lib/python3.10/site-packages/airflow/example_dags/example_setup_teardown_taskflow.py for tasks to queue
[2025-02-22T22:01:54.980+0000] {logging_mixin.py:154} INFO - [2025-02-22T22:01:54.980+0000] {dagbag.py:536} INFO - Filling up the DagBag from /home/airflow/.local/lib/python3.10/site-packages/airflow/example_dags/example_setup_teardown_taskflow.py
[2025-02-22T22:01:54.989+0000] {processor.py:839} INFO - DAG(s) dict_keys(['example_setup_teardown_taskflow']) retrieved from /home/airflow/.local/lib/python3.10/site-packages/airflow/example_dags/example_setup_teardown_taskflow.py
[2025-02-22T22:01:55.063+0000] {logging_mixin.py:154} INFO - [2025-02-22T22:01:55.063+0000] {dag.py:2941} INFO - Sync 1 DAGs
[2025-02-22T22:01:55.090+0000] {logging_mixin.py:154} INFO - [2025-02-22T22:01:55.089+0000] {dag.py:3722} INFO - Setting next_dagrun for example_setup_teardown_taskflow to 2025-02-21T22:01:55.089624+00:00, run_after=2025-02-22T22:01:55.089624+00:00
[2025-02-22T22:01:55.113+0000] {processor.py:179} INFO - Processing /home/airflow/.local/lib/python3.10/site-packages/airflow/example_dags/example_setup_teardown_taskflow.py took 0.137 seconds
[2025-02-22T22:02:25.859+0000] {processor.py:157} INFO - Started process (PID=377) to work on /home/airflow/.local/lib/python3.10/site-packages/airflow/example_dags/example_setup_teardown_taskflow.py
[2025-02-22T22:02:25.860+0000] {processor.py:829} INFO - Processing file /home/airflow/.local/lib/python3.10/site-packages/airflow/example_dags/example_setup_teardown_taskflow.py for tasks to queue
[2025-02-22T22:02:25.862+0000] {logging_mixin.py:154} INFO - [2025-02-22T22:02:25.861+0000] {dagbag.py:536} INFO - Filling up the DagBag from /home/airflow/.local/lib/python3.10/site-packages/airflow/example_dags/example_setup_teardown_taskflow.py
[2025-02-22T22:02:25.869+0000] {processor.py:839} INFO - DAG(s) dict_keys(['example_setup_teardown_taskflow']) retrieved from /home/airflow/.local/lib/python3.10/site-packages/airflow/example_dags/example_setup_teardown_taskflow.py
[2025-02-22T22:02:25.934+0000] {logging_mixin.py:154} INFO - [2025-02-22T22:02:25.934+0000] {dag.py:2941} INFO - Sync 1 DAGs
[2025-02-22T22:02:25.960+0000] {logging_mixin.py:154} INFO - [2025-02-22T22:02:25.959+0000] {dag.py:3722} INFO - Setting next_dagrun for example_setup_teardown_taskflow to 2025-02-21T22:02:25.959590+00:00, run_after=2025-02-22T22:02:25.959590+00:00
[2025-02-22T22:02:25.979+0000] {processor.py:179} INFO - Processing /home/airflow/.local/lib/python3.10/site-packages/airflow/example_dags/example_setup_teardown_taskflow.py took 0.122 seconds
[2025-02-22T22:02:56.548+0000] {processor.py:157} INFO - Started process (PID=438) to work on /home/airflow/.local/lib/python3.10/site-packages/airflow/example_dags/example_setup_teardown_taskflow.py
[2025-02-22T22:02:56.549+0000] {processor.py:829} INFO - Processing file /home/airflow/.local/lib/python3.10/site-packages/airflow/example_dags/example_setup_teardown_taskflow.py for tasks to queue
[2025-02-22T22:02:56.551+0000] {logging_mixin.py:154} INFO - [2025-02-22T22:02:56.550+0000] {dagbag.py:536} INFO - Filling up the DagBag from /home/airflow/.local/lib/python3.10/site-packages/airflow/example_dags/example_setup_teardown_taskflow.py
[2025-02-22T22:02:56.559+0000] {processor.py:839} INFO - DAG(s) dict_keys(['example_setup_teardown_taskflow']) retrieved from /home/airflow/.local/lib/python3.10/site-packages/airflow/example_dags/example_setup_teardown_taskflow.py
[2025-02-22T22:02:56.631+0000] {logging_mixin.py:154} INFO - [2025-02-22T22:02:56.631+0000] {dag.py:2941} INFO - Sync 1 DAGs
[2025-02-22T22:02:56.660+0000] {logging_mixin.py:154} INFO - [2025-02-22T22:02:56.659+0000] {dag.py:3722} INFO - Setting next_dagrun for example_setup_teardown_taskflow to 2025-02-21T22:02:56.659540+00:00, run_after=2025-02-22T22:02:56.659540+00:00
[2025-02-22T22:02:56.682+0000] {processor.py:179} INFO - Processing /home/airflow/.local/lib/python3.10/site-packages/airflow/example_dags/example_setup_teardown_taskflow.py took 0.136 seconds
[2025-02-22T22:03:41.241+0000] {processor.py:157} INFO - Started process (PID=54) to work on /home/airflow/.local/lib/python3.10/site-packages/airflow/example_dags/example_setup_teardown_taskflow.py
[2025-02-22T22:03:41.243+0000] {processor.py:829} INFO - Processing file /home/airflow/.local/lib/python3.10/site-packages/airflow/example_dags/example_setup_teardown_taskflow.py for tasks to queue
[2025-02-22T22:03:41.248+0000] {logging_mixin.py:154} INFO - [2025-02-22T22:03:41.248+0000] {dagbag.py:536} INFO - Filling up the DagBag from /home/airflow/.local/lib/python3.10/site-packages/airflow/example_dags/example_setup_teardown_taskflow.py
[2025-02-22T22:03:41.267+0000] {processor.py:839} INFO - DAG(s) dict_keys(['example_setup_teardown_taskflow']) retrieved from /home/airflow/.local/lib/python3.10/site-packages/airflow/example_dags/example_setup_teardown_taskflow.py
[2025-02-22T22:03:41.508+0000] {logging_mixin.py:154} INFO - [2025-02-22T22:03:41.507+0000] {dag.py:2941} INFO - Sync 1 DAGs
[2025-02-22T22:03:41.624+0000] {logging_mixin.py:154} INFO - [2025-02-22T22:03:41.622+0000] {dag.py:3722} INFO - Setting next_dagrun for example_setup_teardown_taskflow to 2025-02-21T22:03:41.621892+00:00, run_after=2025-02-22T22:03:41.621892+00:00
[2025-02-22T22:03:41.682+0000] {processor.py:179} INFO - Processing /home/airflow/.local/lib/python3.10/site-packages/airflow/example_dags/example_setup_teardown_taskflow.py took 0.444 seconds
[2025-02-22T22:04:12.050+0000] {processor.py:157} INFO - Started process (PID=122) to work on /home/airflow/.local/lib/python3.10/site-packages/airflow/example_dags/example_setup_teardown_taskflow.py
[2025-02-22T22:04:12.055+0000] {processor.py:829} INFO - Processing file /home/airflow/.local/lib/python3.10/site-packages/airflow/example_dags/example_setup_teardown_taskflow.py for tasks to queue
[2025-02-22T22:04:12.061+0000] {logging_mixin.py:154} INFO - [2025-02-22T22:04:12.061+0000] {dagbag.py:536} INFO - Filling up the DagBag from /home/airflow/.local/lib/python3.10/site-packages/airflow/example_dags/example_setup_teardown_taskflow.py
[2025-02-22T22:04:12.080+0000] {processor.py:839} INFO - DAG(s) dict_keys(['example_setup_teardown_taskflow']) retrieved from /home/airflow/.local/lib/python3.10/site-packages/airflow/example_dags/example_setup_teardown_taskflow.py
[2025-02-22T22:04:12.169+0000] {logging_mixin.py:154} INFO - [2025-02-22T22:04:12.168+0000] {dag.py:2941} INFO - Sync 1 DAGs
[2025-02-22T22:04:12.201+0000] {logging_mixin.py:154} INFO - [2025-02-22T22:04:12.201+0000] {dag.py:3722} INFO - Setting next_dagrun for example_setup_teardown_taskflow to 2025-02-21T22:04:12.201047+00:00, run_after=2025-02-22T22:04:12.201047+00:00
[2025-02-22T22:04:12.229+0000] {processor.py:179} INFO - Processing /home/airflow/.local/lib/python3.10/site-packages/airflow/example_dags/example_setup_teardown_taskflow.py took 0.189 seconds
[2025-02-22T22:04:42.263+0000] {processor.py:157} INFO - Started process (PID=183) to work on /home/airflow/.local/lib/python3.10/site-packages/airflow/example_dags/example_setup_teardown_taskflow.py
[2025-02-22T22:04:42.264+0000] {processor.py:829} INFO - Processing file /home/airflow/.local/lib/python3.10/site-packages/airflow/example_dags/example_setup_teardown_taskflow.py for tasks to queue
[2025-02-22T22:04:42.266+0000] {logging_mixin.py:154} INFO - [2025-02-22T22:04:42.266+0000] {dagbag.py:536} INFO - Filling up the DagBag from /home/airflow/.local/lib/python3.10/site-packages/airflow/example_dags/example_setup_teardown_taskflow.py
[2025-02-22T22:04:42.273+0000] {processor.py:839} INFO - DAG(s) dict_keys(['example_setup_teardown_taskflow']) retrieved from /home/airflow/.local/lib/python3.10/site-packages/airflow/example_dags/example_setup_teardown_taskflow.py
[2025-02-22T22:04:42.336+0000] {logging_mixin.py:154} INFO - [2025-02-22T22:04:42.336+0000] {dag.py:2941} INFO - Sync 1 DAGs
[2025-02-22T22:04:42.362+0000] {logging_mixin.py:154} INFO - [2025-02-22T22:04:42.362+0000] {dag.py:3722} INFO - Setting next_dagrun for example_setup_teardown_taskflow to 2025-02-21T22:04:42.362395+00:00, run_after=2025-02-22T22:04:42.362395+00:00
[2025-02-22T22:04:42.383+0000] {processor.py:179} INFO - Processing /home/airflow/.local/lib/python3.10/site-packages/airflow/example_dags/example_setup_teardown_taskflow.py took 0.121 seconds
[2025-02-22T22:05:13.063+0000] {processor.py:157} INFO - Started process (PID=251) to work on /home/airflow/.local/lib/python3.10/site-packages/airflow/example_dags/example_setup_teardown_taskflow.py
[2025-02-22T22:05:13.064+0000] {processor.py:829} INFO - Processing file /home/airflow/.local/lib/python3.10/site-packages/airflow/example_dags/example_setup_teardown_taskflow.py for tasks to queue
[2025-02-22T22:05:13.066+0000] {logging_mixin.py:154} INFO - [2025-02-22T22:05:13.066+0000] {dagbag.py:536} INFO - Filling up the DagBag from /home/airflow/.local/lib/python3.10/site-packages/airflow/example_dags/example_setup_teardown_taskflow.py
[2025-02-22T22:05:13.073+0000] {processor.py:839} INFO - DAG(s) dict_keys(['example_setup_teardown_taskflow']) retrieved from /home/airflow/.local/lib/python3.10/site-packages/airflow/example_dags/example_setup_teardown_taskflow.py
[2025-02-22T22:05:13.139+0000] {logging_mixin.py:154} INFO - [2025-02-22T22:05:13.139+0000] {dag.py:2941} INFO - Sync 1 DAGs
[2025-02-22T22:05:13.166+0000] {logging_mixin.py:154} INFO - [2025-02-22T22:05:13.166+0000] {dag.py:3722} INFO - Setting next_dagrun for example_setup_teardown_taskflow to 2025-02-21T22:05:13.165828+00:00, run_after=2025-02-22T22:05:13.165828+00:00
[2025-02-22T22:05:13.184+0000] {processor.py:179} INFO - Processing /home/airflow/.local/lib/python3.10/site-packages/airflow/example_dags/example_setup_teardown_taskflow.py took 0.122 seconds
[2025-02-22T22:05:43.583+0000] {processor.py:157} INFO - Started process (PID=312) to work on /home/airflow/.local/lib/python3.10/site-packages/airflow/example_dags/example_setup_teardown_taskflow.py
[2025-02-22T22:05:43.584+0000] {processor.py:829} INFO - Processing file /home/airflow/.local/lib/python3.10/site-packages/airflow/example_dags/example_setup_teardown_taskflow.py for tasks to queue
[2025-02-22T22:05:43.586+0000] {logging_mixin.py:154} INFO - [2025-02-22T22:05:43.586+0000] {dagbag.py:536} INFO - Filling up the DagBag from /home/airflow/.local/lib/python3.10/site-packages/airflow/example_dags/example_setup_teardown_taskflow.py
[2025-02-22T22:05:43.594+0000] {processor.py:839} INFO - DAG(s) dict_keys(['example_setup_teardown_taskflow']) retrieved from /home/airflow/.local/lib/python3.10/site-packages/airflow/example_dags/example_setup_teardown_taskflow.py
[2025-02-22T22:05:43.659+0000] {logging_mixin.py:154} INFO - [2025-02-22T22:05:43.659+0000] {dag.py:2941} INFO - Sync 1 DAGs
[2025-02-22T22:05:43.688+0000] {logging_mixin.py:154} INFO - [2025-02-22T22:05:43.688+0000] {dag.py:3722} INFO - Setting next_dagrun for example_setup_teardown_taskflow to 2025-02-21T22:05:43.688234+00:00, run_after=2025-02-22T22:05:43.688234+00:00
[2025-02-22T22:05:43.707+0000] {processor.py:179} INFO - Processing /home/airflow/.local/lib/python3.10/site-packages/airflow/example_dags/example_setup_teardown_taskflow.py took 0.126 seconds
[2025-02-22T22:06:14.010+0000] {processor.py:157} INFO - Started process (PID=380) to work on /home/airflow/.local/lib/python3.10/site-packages/airflow/example_dags/example_setup_teardown_taskflow.py
[2025-02-22T22:06:14.010+0000] {processor.py:829} INFO - Processing file /home/airflow/.local/lib/python3.10/site-packages/airflow/example_dags/example_setup_teardown_taskflow.py for tasks to queue
[2025-02-22T22:06:14.012+0000] {logging_mixin.py:154} INFO - [2025-02-22T22:06:14.012+0000] {dagbag.py:536} INFO - Filling up the DagBag from /home/airflow/.local/lib/python3.10/site-packages/airflow/example_dags/example_setup_teardown_taskflow.py
[2025-02-22T22:06:14.020+0000] {processor.py:839} INFO - DAG(s) dict_keys(['example_setup_teardown_taskflow']) retrieved from /home/airflow/.local/lib/python3.10/site-packages/airflow/example_dags/example_setup_teardown_taskflow.py
[2025-02-22T22:06:14.088+0000] {logging_mixin.py:154} INFO - [2025-02-22T22:06:14.088+0000] {dag.py:2941} INFO - Sync 1 DAGs
[2025-02-22T22:06:14.116+0000] {logging_mixin.py:154} INFO - [2025-02-22T22:06:14.116+0000] {dag.py:3722} INFO - Setting next_dagrun for example_setup_teardown_taskflow to 2025-02-21T22:06:14.115842+00:00, run_after=2025-02-22T22:06:14.115842+00:00
[2025-02-22T22:06:14.142+0000] {processor.py:179} INFO - Processing /home/airflow/.local/lib/python3.10/site-packages/airflow/example_dags/example_setup_teardown_taskflow.py took 0.135 seconds
[2025-02-22T22:06:44.605+0000] {processor.py:157} INFO - Started process (PID=441) to work on /home/airflow/.local/lib/python3.10/site-packages/airflow/example_dags/example_setup_teardown_taskflow.py
[2025-02-22T22:06:44.606+0000] {processor.py:829} INFO - Processing file /home/airflow/.local/lib/python3.10/site-packages/airflow/example_dags/example_setup_teardown_taskflow.py for tasks to queue
[2025-02-22T22:06:44.608+0000] {logging_mixin.py:154} INFO - [2025-02-22T22:06:44.607+0000] {dagbag.py:536} INFO - Filling up the DagBag from /home/airflow/.local/lib/python3.10/site-packages/airflow/example_dags/example_setup_teardown_taskflow.py
[2025-02-22T22:06:44.615+0000] {processor.py:839} INFO - DAG(s) dict_keys(['example_setup_teardown_taskflow']) retrieved from /home/airflow/.local/lib/python3.10/site-packages/airflow/example_dags/example_setup_teardown_taskflow.py
[2025-02-22T22:06:44.684+0000] {logging_mixin.py:154} INFO - [2025-02-22T22:06:44.684+0000] {dag.py:2941} INFO - Sync 1 DAGs
[2025-02-22T22:06:44.712+0000] {logging_mixin.py:154} INFO - [2025-02-22T22:06:44.712+0000] {dag.py:3722} INFO - Setting next_dagrun for example_setup_teardown_taskflow to 2025-02-21T22:06:44.712319+00:00, run_after=2025-02-22T22:06:44.712319+00:00
[2025-02-22T22:06:44.732+0000] {processor.py:179} INFO - Processing /home/airflow/.local/lib/python3.10/site-packages/airflow/example_dags/example_setup_teardown_taskflow.py took 0.128 seconds
[2025-02-22T22:07:15.063+0000] {processor.py:157} INFO - Started process (PID=509) to work on /home/airflow/.local/lib/python3.10/site-packages/airflow/example_dags/example_setup_teardown_taskflow.py
[2025-02-22T22:07:15.064+0000] {processor.py:829} INFO - Processing file /home/airflow/.local/lib/python3.10/site-packages/airflow/example_dags/example_setup_teardown_taskflow.py for tasks to queue
[2025-02-22T22:07:15.065+0000] {logging_mixin.py:154} INFO - [2025-02-22T22:07:15.065+0000] {dagbag.py:536} INFO - Filling up the DagBag from /home/airflow/.local/lib/python3.10/site-packages/airflow/example_dags/example_setup_teardown_taskflow.py
[2025-02-22T22:07:15.074+0000] {processor.py:839} INFO - DAG(s) dict_keys(['example_setup_teardown_taskflow']) retrieved from /home/airflow/.local/lib/python3.10/site-packages/airflow/example_dags/example_setup_teardown_taskflow.py
[2025-02-22T22:07:15.140+0000] {logging_mixin.py:154} INFO - [2025-02-22T22:07:15.140+0000] {dag.py:2941} INFO - Sync 1 DAGs
[2025-02-22T22:07:15.176+0000] {logging_mixin.py:154} INFO - [2025-02-22T22:07:15.176+0000] {dag.py:3722} INFO - Setting next_dagrun for example_setup_teardown_taskflow to 2025-02-21T22:07:15.175792+00:00, run_after=2025-02-22T22:07:15.175792+00:00
[2025-02-22T22:07:15.219+0000] {processor.py:179} INFO - Processing /home/airflow/.local/lib/python3.10/site-packages/airflow/example_dags/example_setup_teardown_taskflow.py took 0.158 seconds
[2025-02-22T22:07:45.486+0000] {processor.py:157} INFO - Started process (PID=570) to work on /home/airflow/.local/lib/python3.10/site-packages/airflow/example_dags/example_setup_teardown_taskflow.py
[2025-02-22T22:07:45.487+0000] {processor.py:829} INFO - Processing file /home/airflow/.local/lib/python3.10/site-packages/airflow/example_dags/example_setup_teardown_taskflow.py for tasks to queue
[2025-02-22T22:07:45.490+0000] {logging_mixin.py:154} INFO - [2025-02-22T22:07:45.490+0000] {dagbag.py:536} INFO - Filling up the DagBag from /home/airflow/.local/lib/python3.10/site-packages/airflow/example_dags/example_setup_teardown_taskflow.py
[2025-02-22T22:07:45.500+0000] {processor.py:839} INFO - DAG(s) dict_keys(['example_setup_teardown_taskflow']) retrieved from /home/airflow/.local/lib/python3.10/site-packages/airflow/example_dags/example_setup_teardown_taskflow.py
[2025-02-22T22:07:45.769+0000] {logging_mixin.py:154} INFO - [2025-02-22T22:07:45.769+0000] {dag.py:2941} INFO - Sync 1 DAGs
[2025-02-22T22:07:45.802+0000] {logging_mixin.py:154} INFO - [2025-02-22T22:07:45.802+0000] {dag.py:3722} INFO - Setting next_dagrun for example_setup_teardown_taskflow to 2025-02-21T22:07:45.802168+00:00, run_after=2025-02-22T22:07:45.802168+00:00
[2025-02-22T22:07:45.825+0000] {processor.py:179} INFO - Processing /home/airflow/.local/lib/python3.10/site-packages/airflow/example_dags/example_setup_teardown_taskflow.py took 0.342 seconds
[2025-02-22T22:08:35.924+0000] {processor.py:157} INFO - Started process (PID=52) to work on /home/airflow/.local/lib/python3.10/site-packages/airflow/example_dags/example_setup_teardown_taskflow.py
[2025-02-22T22:08:35.928+0000] {processor.py:829} INFO - Processing file /home/airflow/.local/lib/python3.10/site-packages/airflow/example_dags/example_setup_teardown_taskflow.py for tasks to queue
[2025-02-22T22:08:35.933+0000] {logging_mixin.py:154} INFO - [2025-02-22T22:08:35.932+0000] {dagbag.py:536} INFO - Filling up the DagBag from /home/airflow/.local/lib/python3.10/site-packages/airflow/example_dags/example_setup_teardown_taskflow.py
[2025-02-22T22:08:35.958+0000] {processor.py:839} INFO - DAG(s) dict_keys(['example_setup_teardown_taskflow']) retrieved from /home/airflow/.local/lib/python3.10/site-packages/airflow/example_dags/example_setup_teardown_taskflow.py
[2025-02-22T22:08:36.170+0000] {logging_mixin.py:154} INFO - [2025-02-22T22:08:36.169+0000] {dag.py:2941} INFO - Sync 1 DAGs
[2025-02-22T22:08:36.284+0000] {logging_mixin.py:154} INFO - [2025-02-22T22:08:36.283+0000] {dag.py:3722} INFO - Setting next_dagrun for example_setup_teardown_taskflow to 2025-02-21T22:08:36.281570+00:00, run_after=2025-02-22T22:08:36.281570+00:00
[2025-02-22T22:08:36.347+0000] {processor.py:179} INFO - Processing /home/airflow/.local/lib/python3.10/site-packages/airflow/example_dags/example_setup_teardown_taskflow.py took 0.428 seconds
[2025-02-22T22:09:07.110+0000] {processor.py:157} INFO - Started process (PID=120) to work on /home/airflow/.local/lib/python3.10/site-packages/airflow/example_dags/example_setup_teardown_taskflow.py
[2025-02-22T22:09:07.113+0000] {processor.py:829} INFO - Processing file /home/airflow/.local/lib/python3.10/site-packages/airflow/example_dags/example_setup_teardown_taskflow.py for tasks to queue
[2025-02-22T22:09:07.117+0000] {logging_mixin.py:154} INFO - [2025-02-22T22:09:07.116+0000] {dagbag.py:536} INFO - Filling up the DagBag from /home/airflow/.local/lib/python3.10/site-packages/airflow/example_dags/example_setup_teardown_taskflow.py
[2025-02-22T22:09:07.127+0000] {processor.py:839} INFO - DAG(s) dict_keys(['example_setup_teardown_taskflow']) retrieved from /home/airflow/.local/lib/python3.10/site-packages/airflow/example_dags/example_setup_teardown_taskflow.py
[2025-02-22T22:09:07.204+0000] {logging_mixin.py:154} INFO - [2025-02-22T22:09:07.204+0000] {dag.py:2941} INFO - Sync 1 DAGs
[2025-02-22T22:09:07.238+0000] {logging_mixin.py:154} INFO - [2025-02-22T22:09:07.238+0000] {dag.py:3722} INFO - Setting next_dagrun for example_setup_teardown_taskflow to 2025-02-21T22:09:07.237918+00:00, run_after=2025-02-22T22:09:07.237918+00:00
[2025-02-22T22:09:07.276+0000] {processor.py:179} INFO - Processing /home/airflow/.local/lib/python3.10/site-packages/airflow/example_dags/example_setup_teardown_taskflow.py took 0.169 seconds
[2025-02-22T22:09:37.428+0000] {processor.py:157} INFO - Started process (PID=180) to work on /home/airflow/.local/lib/python3.10/site-packages/airflow/example_dags/example_setup_teardown_taskflow.py
[2025-02-22T22:09:37.430+0000] {processor.py:829} INFO - Processing file /home/airflow/.local/lib/python3.10/site-packages/airflow/example_dags/example_setup_teardown_taskflow.py for tasks to queue
[2025-02-22T22:09:37.433+0000] {logging_mixin.py:154} INFO - [2025-02-22T22:09:37.433+0000] {dagbag.py:536} INFO - Filling up the DagBag from /home/airflow/.local/lib/python3.10/site-packages/airflow/example_dags/example_setup_teardown_taskflow.py
[2025-02-22T22:09:37.446+0000] {processor.py:839} INFO - DAG(s) dict_keys(['example_setup_teardown_taskflow']) retrieved from /home/airflow/.local/lib/python3.10/site-packages/airflow/example_dags/example_setup_teardown_taskflow.py
[2025-02-22T22:09:37.520+0000] {logging_mixin.py:154} INFO - [2025-02-22T22:09:37.520+0000] {dag.py:2941} INFO - Sync 1 DAGs
[2025-02-22T22:09:37.548+0000] {logging_mixin.py:154} INFO - [2025-02-22T22:09:37.548+0000] {dag.py:3722} INFO - Setting next_dagrun for example_setup_teardown_taskflow to 2025-02-21T22:09:37.548105+00:00, run_after=2025-02-22T22:09:37.548105+00:00
[2025-02-22T22:09:37.573+0000] {processor.py:179} INFO - Processing /home/airflow/.local/lib/python3.10/site-packages/airflow/example_dags/example_setup_teardown_taskflow.py took 0.150 seconds
[2025-02-22T22:10:08.460+0000] {processor.py:157} INFO - Started process (PID=248) to work on /home/airflow/.local/lib/python3.10/site-packages/airflow/example_dags/example_setup_teardown_taskflow.py
[2025-02-22T22:10:08.462+0000] {processor.py:829} INFO - Processing file /home/airflow/.local/lib/python3.10/site-packages/airflow/example_dags/example_setup_teardown_taskflow.py for tasks to queue
[2025-02-22T22:10:08.463+0000] {logging_mixin.py:154} INFO - [2025-02-22T22:10:08.463+0000] {dagbag.py:536} INFO - Filling up the DagBag from /home/airflow/.local/lib/python3.10/site-packages/airflow/example_dags/example_setup_teardown_taskflow.py
[2025-02-22T22:10:08.474+0000] {processor.py:839} INFO - DAG(s) dict_keys(['example_setup_teardown_taskflow']) retrieved from /home/airflow/.local/lib/python3.10/site-packages/airflow/example_dags/example_setup_teardown_taskflow.py
[2025-02-22T22:10:08.551+0000] {logging_mixin.py:154} INFO - [2025-02-22T22:10:08.550+0000] {dag.py:2941} INFO - Sync 1 DAGs
[2025-02-22T22:10:08.587+0000] {logging_mixin.py:154} INFO - [2025-02-22T22:10:08.586+0000] {dag.py:3722} INFO - Setting next_dagrun for example_setup_teardown_taskflow to 2025-02-21T22:10:08.586004+00:00, run_after=2025-02-22T22:10:08.586004+00:00
[2025-02-22T22:10:08.624+0000] {processor.py:179} INFO - Processing /home/airflow/.local/lib/python3.10/site-packages/airflow/example_dags/example_setup_teardown_taskflow.py took 0.166 seconds
[2025-02-22T22:10:38.807+0000] {processor.py:157} INFO - Started process (PID=309) to work on /home/airflow/.local/lib/python3.10/site-packages/airflow/example_dags/example_setup_teardown_taskflow.py
[2025-02-22T22:10:38.809+0000] {processor.py:829} INFO - Processing file /home/airflow/.local/lib/python3.10/site-packages/airflow/example_dags/example_setup_teardown_taskflow.py for tasks to queue
[2025-02-22T22:10:38.812+0000] {logging_mixin.py:154} INFO - [2025-02-22T22:10:38.812+0000] {dagbag.py:536} INFO - Filling up the DagBag from /home/airflow/.local/lib/python3.10/site-packages/airflow/example_dags/example_setup_teardown_taskflow.py
[2025-02-22T22:10:38.826+0000] {processor.py:839} INFO - DAG(s) dict_keys(['example_setup_teardown_taskflow']) retrieved from /home/airflow/.local/lib/python3.10/site-packages/airflow/example_dags/example_setup_teardown_taskflow.py
[2025-02-22T22:10:38.898+0000] {logging_mixin.py:154} INFO - [2025-02-22T22:10:38.898+0000] {dag.py:2941} INFO - Sync 1 DAGs
[2025-02-22T22:10:38.928+0000] {logging_mixin.py:154} INFO - [2025-02-22T22:10:38.928+0000] {dag.py:3722} INFO - Setting next_dagrun for example_setup_teardown_taskflow to 2025-02-21T22:10:38.928170+00:00, run_after=2025-02-22T22:10:38.928170+00:00
[2025-02-22T22:10:38.953+0000] {processor.py:179} INFO - Processing /home/airflow/.local/lib/python3.10/site-packages/airflow/example_dags/example_setup_teardown_taskflow.py took 0.151 seconds
[2025-02-22T22:11:09.573+0000] {processor.py:157} INFO - Started process (PID=375) to work on /home/airflow/.local/lib/python3.10/site-packages/airflow/example_dags/example_setup_teardown_taskflow.py
[2025-02-22T22:11:09.576+0000] {processor.py:829} INFO - Processing file /home/airflow/.local/lib/python3.10/site-packages/airflow/example_dags/example_setup_teardown_taskflow.py for tasks to queue
[2025-02-22T22:11:09.578+0000] {logging_mixin.py:154} INFO - [2025-02-22T22:11:09.578+0000] {dagbag.py:536} INFO - Filling up the DagBag from /home/airflow/.local/lib/python3.10/site-packages/airflow/example_dags/example_setup_teardown_taskflow.py
[2025-02-22T22:11:09.587+0000] {processor.py:839} INFO - DAG(s) dict_keys(['example_setup_teardown_taskflow']) retrieved from /home/airflow/.local/lib/python3.10/site-packages/airflow/example_dags/example_setup_teardown_taskflow.py
[2025-02-22T22:11:09.661+0000] {logging_mixin.py:154} INFO - [2025-02-22T22:11:09.661+0000] {dag.py:2941} INFO - Sync 1 DAGs
[2025-02-22T22:11:09.689+0000] {logging_mixin.py:154} INFO - [2025-02-22T22:11:09.689+0000] {dag.py:3722} INFO - Setting next_dagrun for example_setup_teardown_taskflow to 2025-02-21T22:11:09.689067+00:00, run_after=2025-02-22T22:11:09.689067+00:00
[2025-02-22T22:11:09.712+0000] {processor.py:179} INFO - Processing /home/airflow/.local/lib/python3.10/site-packages/airflow/example_dags/example_setup_teardown_taskflow.py took 0.142 seconds
[2025-02-22T22:11:40.167+0000] {processor.py:157} INFO - Started process (PID=436) to work on /home/airflow/.local/lib/python3.10/site-packages/airflow/example_dags/example_setup_teardown_taskflow.py
[2025-02-22T22:11:40.169+0000] {processor.py:829} INFO - Processing file /home/airflow/.local/lib/python3.10/site-packages/airflow/example_dags/example_setup_teardown_taskflow.py for tasks to queue
[2025-02-22T22:11:40.172+0000] {logging_mixin.py:154} INFO - [2025-02-22T22:11:40.172+0000] {dagbag.py:536} INFO - Filling up the DagBag from /home/airflow/.local/lib/python3.10/site-packages/airflow/example_dags/example_setup_teardown_taskflow.py
[2025-02-22T22:11:40.185+0000] {processor.py:839} INFO - DAG(s) dict_keys(['example_setup_teardown_taskflow']) retrieved from /home/airflow/.local/lib/python3.10/site-packages/airflow/example_dags/example_setup_teardown_taskflow.py
[2025-02-22T22:11:40.258+0000] {logging_mixin.py:154} INFO - [2025-02-22T22:11:40.258+0000] {dag.py:2941} INFO - Sync 1 DAGs
[2025-02-22T22:11:40.286+0000] {logging_mixin.py:154} INFO - [2025-02-22T22:11:40.285+0000] {dag.py:3722} INFO - Setting next_dagrun for example_setup_teardown_taskflow to 2025-02-21T22:11:40.285538+00:00, run_after=2025-02-22T22:11:40.285538+00:00
[2025-02-22T22:11:40.305+0000] {processor.py:179} INFO - Processing /home/airflow/.local/lib/python3.10/site-packages/airflow/example_dags/example_setup_teardown_taskflow.py took 0.142 seconds
[2025-02-22T22:12:10.875+0000] {processor.py:157} INFO - Started process (PID=504) to work on /home/airflow/.local/lib/python3.10/site-packages/airflow/example_dags/example_setup_teardown_taskflow.py
[2025-02-22T22:12:10.879+0000] {processor.py:829} INFO - Processing file /home/airflow/.local/lib/python3.10/site-packages/airflow/example_dags/example_setup_teardown_taskflow.py for tasks to queue
[2025-02-22T22:12:10.883+0000] {logging_mixin.py:154} INFO - [2025-02-22T22:12:10.883+0000] {dagbag.py:536} INFO - Filling up the DagBag from /home/airflow/.local/lib/python3.10/site-packages/airflow/example_dags/example_setup_teardown_taskflow.py
[2025-02-22T22:12:10.895+0000] {processor.py:839} INFO - DAG(s) dict_keys(['example_setup_teardown_taskflow']) retrieved from /home/airflow/.local/lib/python3.10/site-packages/airflow/example_dags/example_setup_teardown_taskflow.py
[2025-02-22T22:12:10.967+0000] {logging_mixin.py:154} INFO - [2025-02-22T22:12:10.967+0000] {dag.py:2941} INFO - Sync 1 DAGs
[2025-02-22T22:12:10.997+0000] {logging_mixin.py:154} INFO - [2025-02-22T22:12:10.997+0000] {dag.py:3722} INFO - Setting next_dagrun for example_setup_teardown_taskflow to 2025-02-21T22:12:10.996685+00:00, run_after=2025-02-22T22:12:10.996685+00:00
[2025-02-22T22:12:11.021+0000] {processor.py:179} INFO - Processing /home/airflow/.local/lib/python3.10/site-packages/airflow/example_dags/example_setup_teardown_taskflow.py took 0.150 seconds
[2025-02-22T22:12:41.650+0000] {processor.py:157} INFO - Started process (PID=565) to work on /home/airflow/.local/lib/python3.10/site-packages/airflow/example_dags/example_setup_teardown_taskflow.py
[2025-02-22T22:12:41.652+0000] {processor.py:829} INFO - Processing file /home/airflow/.local/lib/python3.10/site-packages/airflow/example_dags/example_setup_teardown_taskflow.py for tasks to queue
[2025-02-22T22:12:41.654+0000] {logging_mixin.py:154} INFO - [2025-02-22T22:12:41.653+0000] {dagbag.py:536} INFO - Filling up the DagBag from /home/airflow/.local/lib/python3.10/site-packages/airflow/example_dags/example_setup_teardown_taskflow.py
[2025-02-22T22:12:41.664+0000] {processor.py:839} INFO - DAG(s) dict_keys(['example_setup_teardown_taskflow']) retrieved from /home/airflow/.local/lib/python3.10/site-packages/airflow/example_dags/example_setup_teardown_taskflow.py
[2025-02-22T22:12:41.758+0000] {logging_mixin.py:154} INFO - [2025-02-22T22:12:41.757+0000] {dag.py:2941} INFO - Sync 1 DAGs
[2025-02-22T22:12:41.804+0000] {logging_mixin.py:154} INFO - [2025-02-22T22:12:41.804+0000] {dag.py:3722} INFO - Setting next_dagrun for example_setup_teardown_taskflow to 2025-02-21T22:12:41.803977+00:00, run_after=2025-02-22T22:12:41.803977+00:00
[2025-02-22T22:12:41.835+0000] {processor.py:179} INFO - Processing /home/airflow/.local/lib/python3.10/site-packages/airflow/example_dags/example_setup_teardown_taskflow.py took 0.188 seconds
[2025-02-22T22:13:12.771+0000] {processor.py:157} INFO - Started process (PID=632) to work on /home/airflow/.local/lib/python3.10/site-packages/airflow/example_dags/example_setup_teardown_taskflow.py
[2025-02-22T22:13:12.774+0000] {processor.py:829} INFO - Processing file /home/airflow/.local/lib/python3.10/site-packages/airflow/example_dags/example_setup_teardown_taskflow.py for tasks to queue
[2025-02-22T22:13:12.778+0000] {logging_mixin.py:154} INFO - [2025-02-22T22:13:12.778+0000] {dagbag.py:536} INFO - Filling up the DagBag from /home/airflow/.local/lib/python3.10/site-packages/airflow/example_dags/example_setup_teardown_taskflow.py
[2025-02-22T22:13:12.796+0000] {processor.py:839} INFO - DAG(s) dict_keys(['example_setup_teardown_taskflow']) retrieved from /home/airflow/.local/lib/python3.10/site-packages/airflow/example_dags/example_setup_teardown_taskflow.py
[2025-02-22T22:13:12.898+0000] {logging_mixin.py:154} INFO - [2025-02-22T22:13:12.897+0000] {dag.py:2941} INFO - Sync 1 DAGs
[2025-02-22T22:13:12.936+0000] {logging_mixin.py:154} INFO - [2025-02-22T22:13:12.936+0000] {dag.py:3722} INFO - Setting next_dagrun for example_setup_teardown_taskflow to 2025-02-21T22:13:12.935636+00:00, run_after=2025-02-22T22:13:12.935636+00:00
[2025-02-22T22:13:12.962+0000] {processor.py:179} INFO - Processing /home/airflow/.local/lib/python3.10/site-packages/airflow/example_dags/example_setup_teardown_taskflow.py took 0.202 seconds
[2025-02-22T22:13:43.354+0000] {processor.py:157} INFO - Started process (PID=693) to work on /home/airflow/.local/lib/python3.10/site-packages/airflow/example_dags/example_setup_teardown_taskflow.py
[2025-02-22T22:13:43.356+0000] {processor.py:829} INFO - Processing file /home/airflow/.local/lib/python3.10/site-packages/airflow/example_dags/example_setup_teardown_taskflow.py for tasks to queue
[2025-02-22T22:13:43.359+0000] {logging_mixin.py:154} INFO - [2025-02-22T22:13:43.358+0000] {dagbag.py:536} INFO - Filling up the DagBag from /home/airflow/.local/lib/python3.10/site-packages/airflow/example_dags/example_setup_teardown_taskflow.py
[2025-02-22T22:13:43.373+0000] {processor.py:839} INFO - DAG(s) dict_keys(['example_setup_teardown_taskflow']) retrieved from /home/airflow/.local/lib/python3.10/site-packages/airflow/example_dags/example_setup_teardown_taskflow.py
[2025-02-22T22:13:43.451+0000] {logging_mixin.py:154} INFO - [2025-02-22T22:13:43.451+0000] {dag.py:2941} INFO - Sync 1 DAGs
[2025-02-22T22:13:43.480+0000] {logging_mixin.py:154} INFO - [2025-02-22T22:13:43.480+0000] {dag.py:3722} INFO - Setting next_dagrun for example_setup_teardown_taskflow to 2025-02-21T22:13:43.480054+00:00, run_after=2025-02-22T22:13:43.480054+00:00
[2025-02-22T22:13:43.501+0000] {processor.py:179} INFO - Processing /home/airflow/.local/lib/python3.10/site-packages/airflow/example_dags/example_setup_teardown_taskflow.py took 0.152 seconds
[2025-02-22T22:14:13.838+0000] {processor.py:157} INFO - Started process (PID=761) to work on /home/airflow/.local/lib/python3.10/site-packages/airflow/example_dags/example_setup_teardown_taskflow.py
[2025-02-22T22:14:13.841+0000] {processor.py:829} INFO - Processing file /home/airflow/.local/lib/python3.10/site-packages/airflow/example_dags/example_setup_teardown_taskflow.py for tasks to queue
[2025-02-22T22:14:13.844+0000] {logging_mixin.py:154} INFO - [2025-02-22T22:14:13.844+0000] {dagbag.py:536} INFO - Filling up the DagBag from /home/airflow/.local/lib/python3.10/site-packages/airflow/example_dags/example_setup_teardown_taskflow.py
[2025-02-22T22:14:13.857+0000] {processor.py:839} INFO - DAG(s) dict_keys(['example_setup_teardown_taskflow']) retrieved from /home/airflow/.local/lib/python3.10/site-packages/airflow/example_dags/example_setup_teardown_taskflow.py
[2025-02-22T22:14:13.937+0000] {logging_mixin.py:154} INFO - [2025-02-22T22:14:13.937+0000] {dag.py:2941} INFO - Sync 1 DAGs
[2025-02-22T22:14:13.972+0000] {logging_mixin.py:154} INFO - [2025-02-22T22:14:13.972+0000] {dag.py:3722} INFO - Setting next_dagrun for example_setup_teardown_taskflow to 2025-02-21T22:14:13.971255+00:00, run_after=2025-02-22T22:14:13.971255+00:00
[2025-02-22T22:14:14.004+0000] {processor.py:179} INFO - Processing /home/airflow/.local/lib/python3.10/site-packages/airflow/example_dags/example_setup_teardown_taskflow.py took 0.171 seconds
[2025-02-22T22:14:44.522+0000] {processor.py:157} INFO - Started process (PID=829) to work on /home/airflow/.local/lib/python3.10/site-packages/airflow/example_dags/example_setup_teardown_taskflow.py
[2025-02-22T22:14:44.523+0000] {processor.py:829} INFO - Processing file /home/airflow/.local/lib/python3.10/site-packages/airflow/example_dags/example_setup_teardown_taskflow.py for tasks to queue
[2025-02-22T22:14:44.526+0000] {logging_mixin.py:154} INFO - [2025-02-22T22:14:44.525+0000] {dagbag.py:536} INFO - Filling up the DagBag from /home/airflow/.local/lib/python3.10/site-packages/airflow/example_dags/example_setup_teardown_taskflow.py
[2025-02-22T22:14:44.535+0000] {processor.py:839} INFO - DAG(s) dict_keys(['example_setup_teardown_taskflow']) retrieved from /home/airflow/.local/lib/python3.10/site-packages/airflow/example_dags/example_setup_teardown_taskflow.py
[2025-02-22T22:14:44.606+0000] {logging_mixin.py:154} INFO - [2025-02-22T22:14:44.606+0000] {dag.py:2941} INFO - Sync 1 DAGs
[2025-02-22T22:14:44.636+0000] {logging_mixin.py:154} INFO - [2025-02-22T22:14:44.636+0000] {dag.py:3722} INFO - Setting next_dagrun for example_setup_teardown_taskflow to 2025-02-21T22:14:44.635825+00:00, run_after=2025-02-22T22:14:44.635825+00:00
[2025-02-22T22:14:44.707+0000] {processor.py:179} INFO - Processing /home/airflow/.local/lib/python3.10/site-packages/airflow/example_dags/example_setup_teardown_taskflow.py took 0.188 seconds
[2025-02-22T22:15:14.754+0000] {processor.py:157} INFO - Started process (PID=890) to work on /home/airflow/.local/lib/python3.10/site-packages/airflow/example_dags/example_setup_teardown_taskflow.py
[2025-02-22T22:15:14.756+0000] {processor.py:829} INFO - Processing file /home/airflow/.local/lib/python3.10/site-packages/airflow/example_dags/example_setup_teardown_taskflow.py for tasks to queue
[2025-02-22T22:15:14.759+0000] {logging_mixin.py:154} INFO - [2025-02-22T22:15:14.759+0000] {dagbag.py:536} INFO - Filling up the DagBag from /home/airflow/.local/lib/python3.10/site-packages/airflow/example_dags/example_setup_teardown_taskflow.py
[2025-02-22T22:15:14.772+0000] {processor.py:839} INFO - DAG(s) dict_keys(['example_setup_teardown_taskflow']) retrieved from /home/airflow/.local/lib/python3.10/site-packages/airflow/example_dags/example_setup_teardown_taskflow.py
[2025-02-22T22:15:14.845+0000] {logging_mixin.py:154} INFO - [2025-02-22T22:15:14.844+0000] {dag.py:2941} INFO - Sync 1 DAGs
[2025-02-22T22:15:14.873+0000] {logging_mixin.py:154} INFO - [2025-02-22T22:15:14.872+0000] {dag.py:3722} INFO - Setting next_dagrun for example_setup_teardown_taskflow to 2025-02-21T22:15:14.872469+00:00, run_after=2025-02-22T22:15:14.872469+00:00
[2025-02-22T22:15:14.892+0000] {processor.py:179} INFO - Processing /home/airflow/.local/lib/python3.10/site-packages/airflow/example_dags/example_setup_teardown_taskflow.py took 0.144 seconds
[2025-02-22T22:15:45.196+0000] {processor.py:157} INFO - Started process (PID=958) to work on /home/airflow/.local/lib/python3.10/site-packages/airflow/example_dags/example_setup_teardown_taskflow.py
[2025-02-22T22:15:45.200+0000] {processor.py:829} INFO - Processing file /home/airflow/.local/lib/python3.10/site-packages/airflow/example_dags/example_setup_teardown_taskflow.py for tasks to queue
[2025-02-22T22:15:45.204+0000] {logging_mixin.py:154} INFO - [2025-02-22T22:15:45.203+0000] {dagbag.py:536} INFO - Filling up the DagBag from /home/airflow/.local/lib/python3.10/site-packages/airflow/example_dags/example_setup_teardown_taskflow.py
[2025-02-22T22:15:45.217+0000] {processor.py:839} INFO - DAG(s) dict_keys(['example_setup_teardown_taskflow']) retrieved from /home/airflow/.local/lib/python3.10/site-packages/airflow/example_dags/example_setup_teardown_taskflow.py
[2025-02-22T22:15:45.299+0000] {logging_mixin.py:154} INFO - [2025-02-22T22:15:45.299+0000] {dag.py:2941} INFO - Sync 1 DAGs
[2025-02-22T22:15:45.332+0000] {logging_mixin.py:154} INFO - [2025-02-22T22:15:45.332+0000] {dag.py:3722} INFO - Setting next_dagrun for example_setup_teardown_taskflow to 2025-02-21T22:15:45.331855+00:00, run_after=2025-02-22T22:15:45.331855+00:00
[2025-02-22T22:15:45.355+0000] {processor.py:179} INFO - Processing /home/airflow/.local/lib/python3.10/site-packages/airflow/example_dags/example_setup_teardown_taskflow.py took 0.167 seconds
[2025-02-22T22:16:16.256+0000] {processor.py:157} INFO - Started process (PID=1019) to work on /home/airflow/.local/lib/python3.10/site-packages/airflow/example_dags/example_setup_teardown_taskflow.py
[2025-02-22T22:16:16.258+0000] {processor.py:829} INFO - Processing file /home/airflow/.local/lib/python3.10/site-packages/airflow/example_dags/example_setup_teardown_taskflow.py for tasks to queue
[2025-02-22T22:16:16.261+0000] {logging_mixin.py:154} INFO - [2025-02-22T22:16:16.260+0000] {dagbag.py:536} INFO - Filling up the DagBag from /home/airflow/.local/lib/python3.10/site-packages/airflow/example_dags/example_setup_teardown_taskflow.py
[2025-02-22T22:16:16.276+0000] {processor.py:839} INFO - DAG(s) dict_keys(['example_setup_teardown_taskflow']) retrieved from /home/airflow/.local/lib/python3.10/site-packages/airflow/example_dags/example_setup_teardown_taskflow.py
[2025-02-22T22:16:16.358+0000] {logging_mixin.py:154} INFO - [2025-02-22T22:16:16.357+0000] {dag.py:2941} INFO - Sync 1 DAGs
[2025-02-22T22:16:16.399+0000] {logging_mixin.py:154} INFO - [2025-02-22T22:16:16.399+0000] {dag.py:3722} INFO - Setting next_dagrun for example_setup_teardown_taskflow to 2025-02-21T22:16:16.398500+00:00, run_after=2025-02-22T22:16:16.398500+00:00
[2025-02-22T22:16:16.423+0000] {processor.py:179} INFO - Processing /home/airflow/.local/lib/python3.10/site-packages/airflow/example_dags/example_setup_teardown_taskflow.py took 0.172 seconds
[2025-02-22T22:16:46.979+0000] {processor.py:157} INFO - Started process (PID=1087) to work on /home/airflow/.local/lib/python3.10/site-packages/airflow/example_dags/example_setup_teardown_taskflow.py
[2025-02-22T22:16:46.982+0000] {processor.py:829} INFO - Processing file /home/airflow/.local/lib/python3.10/site-packages/airflow/example_dags/example_setup_teardown_taskflow.py for tasks to queue
[2025-02-22T22:16:46.985+0000] {logging_mixin.py:154} INFO - [2025-02-22T22:16:46.984+0000] {dagbag.py:536} INFO - Filling up the DagBag from /home/airflow/.local/lib/python3.10/site-packages/airflow/example_dags/example_setup_teardown_taskflow.py
[2025-02-22T22:16:47.002+0000] {processor.py:839} INFO - DAG(s) dict_keys(['example_setup_teardown_taskflow']) retrieved from /home/airflow/.local/lib/python3.10/site-packages/airflow/example_dags/example_setup_teardown_taskflow.py
[2025-02-22T22:16:47.092+0000] {logging_mixin.py:154} INFO - [2025-02-22T22:16:47.092+0000] {dag.py:2941} INFO - Sync 1 DAGs
[2025-02-22T22:16:47.124+0000] {logging_mixin.py:154} INFO - [2025-02-22T22:16:47.124+0000] {dag.py:3722} INFO - Setting next_dagrun for example_setup_teardown_taskflow to 2025-02-21T22:16:47.123604+00:00, run_after=2025-02-22T22:16:47.123604+00:00
[2025-02-22T22:16:47.163+0000] {processor.py:179} INFO - Processing /home/airflow/.local/lib/python3.10/site-packages/airflow/example_dags/example_setup_teardown_taskflow.py took 0.188 seconds
