[2025-02-22T21:47:20.767+0000] {processor.py:157} INFO - Started process (PID=83) to work on /home/airflow/.local/lib/python3.10/site-packages/airflow/example_dags/example_external_task_marker_dag.py
[2025-02-22T21:47:20.768+0000] {processor.py:829} INFO - Processing file /home/airflow/.local/lib/python3.10/site-packages/airflow/example_dags/example_external_task_marker_dag.py for tasks to queue
[2025-02-22T21:47:20.770+0000] {logging_mixin.py:154} INFO - [2025-02-22T21:47:20.770+0000] {dagbag.py:536} INFO - Filling up the DagBag from /home/airflow/.local/lib/python3.10/site-packages/airflow/example_dags/example_external_task_marker_dag.py
[2025-02-22T21:47:20.791+0000] {processor.py:839} INFO - DAG(s) dict_keys(['example_external_task_marker_child', 'example_external_task_marker_parent']) retrieved from /home/airflow/.local/lib/python3.10/site-packages/airflow/example_dags/example_external_task_marker_dag.py
[2025-02-22T21:47:20.994+0000] {logging_mixin.py:154} INFO - [2025-02-22T21:47:20.994+0000] {manager.py:499} INFO - Created Permission View: %s
[2025-02-22T21:47:21.020+0000] {logging_mixin.py:154} INFO - [2025-02-22T21:47:21.020+0000] {manager.py:499} INFO - Created Permission View: %s
[2025-02-22T21:47:21.032+0000] {logging_mixin.py:154} INFO - [2025-02-22T21:47:21.031+0000] {manager.py:499} INFO - Created Permission View: %s
[2025-02-22T21:47:21.052+0000] {logging_mixin.py:154} INFO - [2025-02-22T21:47:21.052+0000] {manager.py:499} INFO - Created Permission View: %s
[2025-02-22T21:47:21.057+0000] {logging_mixin.py:154} INFO - [2025-02-22T21:47:21.056+0000] {manager.py:499} INFO - Created Permission View: %s
[2025-02-22T21:47:21.062+0000] {logging_mixin.py:154} INFO - [2025-02-22T21:47:21.062+0000] {manager.py:499} INFO - Created Permission View: %s
[2025-02-22T21:47:21.062+0000] {logging_mixin.py:154} INFO - [2025-02-22T21:47:21.062+0000] {dag.py:2941} INFO - Sync 2 DAGs
[2025-02-22T21:47:21.079+0000] {logging_mixin.py:154} INFO - [2025-02-22T21:47:21.079+0000] {dag.py:2963} INFO - Creating ORM DAG for example_external_task_marker_parent
[2025-02-22T21:47:21.080+0000] {logging_mixin.py:154} INFO - [2025-02-22T21:47:21.079+0000] {dag.py:2963} INFO - Creating ORM DAG for example_external_task_marker_child
[2025-02-22T21:47:21.080+0000] {logging_mixin.py:154} INFO - [2025-02-22T21:47:21.080+0000] {dag.py:3722} INFO - Setting next_dagrun for example_external_task_marker_child to None, run_after=None
[2025-02-22T21:47:21.080+0000] {logging_mixin.py:154} INFO - [2025-02-22T21:47:21.080+0000] {dag.py:3722} INFO - Setting next_dagrun for example_external_task_marker_parent to None, run_after=None
[2025-02-22T21:47:21.104+0000] {processor.py:179} INFO - Processing /home/airflow/.local/lib/python3.10/site-packages/airflow/example_dags/example_external_task_marker_dag.py took 0.341 seconds
[2025-02-22T21:49:00.843+0000] {processor.py:157} INFO - Started process (PID=76) to work on /home/airflow/.local/lib/python3.10/site-packages/airflow/example_dags/example_external_task_marker_dag.py
[2025-02-22T21:49:00.844+0000] {processor.py:829} INFO - Processing file /home/airflow/.local/lib/python3.10/site-packages/airflow/example_dags/example_external_task_marker_dag.py for tasks to queue
[2025-02-22T21:49:00.845+0000] {logging_mixin.py:154} INFO - [2025-02-22T21:49:00.845+0000] {dagbag.py:536} INFO - Filling up the DagBag from /home/airflow/.local/lib/python3.10/site-packages/airflow/example_dags/example_external_task_marker_dag.py
[2025-02-22T21:49:00.854+0000] {processor.py:839} INFO - DAG(s) dict_keys(['example_external_task_marker_child', 'example_external_task_marker_parent']) retrieved from /home/airflow/.local/lib/python3.10/site-packages/airflow/example_dags/example_external_task_marker_dag.py
[2025-02-22T21:49:00.922+0000] {logging_mixin.py:154} INFO - [2025-02-22T21:49:00.922+0000] {dag.py:2941} INFO - Sync 2 DAGs
[2025-02-22T21:49:00.945+0000] {logging_mixin.py:154} INFO - [2025-02-22T21:49:00.944+0000] {dag.py:3722} INFO - Setting next_dagrun for example_external_task_marker_child to None, run_after=None
[2025-02-22T21:49:00.953+0000] {logging_mixin.py:154} INFO - [2025-02-22T21:49:00.953+0000] {dag.py:3722} INFO - Setting next_dagrun for example_external_task_marker_parent to None, run_after=None
[2025-02-22T21:49:00.984+0000] {processor.py:179} INFO - Processing /home/airflow/.local/lib/python3.10/site-packages/airflow/example_dags/example_external_task_marker_dag.py took 0.143 seconds
[2025-02-22T21:56:51.516+0000] {processor.py:157} INFO - Started process (PID=83) to work on /home/airflow/.local/lib/python3.10/site-packages/airflow/example_dags/example_external_task_marker_dag.py
[2025-02-22T21:56:51.518+0000] {processor.py:829} INFO - Processing file /home/airflow/.local/lib/python3.10/site-packages/airflow/example_dags/example_external_task_marker_dag.py for tasks to queue
[2025-02-22T21:56:51.522+0000] {logging_mixin.py:154} INFO - [2025-02-22T21:56:51.522+0000] {dagbag.py:536} INFO - Filling up the DagBag from /home/airflow/.local/lib/python3.10/site-packages/airflow/example_dags/example_external_task_marker_dag.py
[2025-02-22T21:56:51.531+0000] {processor.py:839} INFO - DAG(s) dict_keys(['example_external_task_marker_parent', 'example_external_task_marker_child']) retrieved from /home/airflow/.local/lib/python3.10/site-packages/airflow/example_dags/example_external_task_marker_dag.py
[2025-02-22T21:56:51.663+0000] {logging_mixin.py:154} INFO - [2025-02-22T21:56:51.663+0000] {dag.py:2941} INFO - Sync 2 DAGs
[2025-02-22T21:56:51.709+0000] {logging_mixin.py:154} INFO - [2025-02-22T21:56:51.708+0000] {dag.py:3722} INFO - Setting next_dagrun for example_external_task_marker_child to None, run_after=None
[2025-02-22T21:56:51.717+0000] {logging_mixin.py:154} INFO - [2025-02-22T21:56:51.716+0000] {dag.py:3722} INFO - Setting next_dagrun for example_external_task_marker_parent to None, run_after=None
[2025-02-22T21:56:51.801+0000] {processor.py:179} INFO - Processing /home/airflow/.local/lib/python3.10/site-packages/airflow/example_dags/example_external_task_marker_dag.py took 0.287 seconds
[2025-02-22T21:57:21.881+0000] {processor.py:157} INFO - Started process (PID=144) to work on /home/airflow/.local/lib/python3.10/site-packages/airflow/example_dags/example_external_task_marker_dag.py
[2025-02-22T21:57:21.883+0000] {processor.py:829} INFO - Processing file /home/airflow/.local/lib/python3.10/site-packages/airflow/example_dags/example_external_task_marker_dag.py for tasks to queue
[2025-02-22T21:57:21.887+0000] {logging_mixin.py:154} INFO - [2025-02-22T21:57:21.886+0000] {dagbag.py:536} INFO - Filling up the DagBag from /home/airflow/.local/lib/python3.10/site-packages/airflow/example_dags/example_external_task_marker_dag.py
[2025-02-22T21:57:21.894+0000] {processor.py:839} INFO - DAG(s) dict_keys(['example_external_task_marker_parent', 'example_external_task_marker_child']) retrieved from /home/airflow/.local/lib/python3.10/site-packages/airflow/example_dags/example_external_task_marker_dag.py
[2025-02-22T21:57:21.968+0000] {logging_mixin.py:154} INFO - [2025-02-22T21:57:21.968+0000] {dag.py:2941} INFO - Sync 2 DAGs
[2025-02-22T21:57:21.989+0000] {logging_mixin.py:154} INFO - [2025-02-22T21:57:21.989+0000] {dag.py:3722} INFO - Setting next_dagrun for example_external_task_marker_child to None, run_after=None
[2025-02-22T21:57:21.991+0000] {logging_mixin.py:154} INFO - [2025-02-22T21:57:21.991+0000] {dag.py:3722} INFO - Setting next_dagrun for example_external_task_marker_parent to None, run_after=None
[2025-02-22T21:57:22.014+0000] {processor.py:179} INFO - Processing /home/airflow/.local/lib/python3.10/site-packages/airflow/example_dags/example_external_task_marker_dag.py took 0.136 seconds
[2025-02-22T21:59:56.271+0000] {processor.py:157} INFO - Started process (PID=83) to work on /home/airflow/.local/lib/python3.10/site-packages/airflow/example_dags/example_external_task_marker_dag.py
[2025-02-22T21:59:56.274+0000] {processor.py:829} INFO - Processing file /home/airflow/.local/lib/python3.10/site-packages/airflow/example_dags/example_external_task_marker_dag.py for tasks to queue
[2025-02-22T21:59:56.277+0000] {logging_mixin.py:154} INFO - [2025-02-22T21:59:56.276+0000] {dagbag.py:536} INFO - Filling up the DagBag from /home/airflow/.local/lib/python3.10/site-packages/airflow/example_dags/example_external_task_marker_dag.py
[2025-02-22T21:59:56.295+0000] {processor.py:839} INFO - DAG(s) dict_keys(['example_external_task_marker_parent', 'example_external_task_marker_child']) retrieved from /home/airflow/.local/lib/python3.10/site-packages/airflow/example_dags/example_external_task_marker_dag.py
[2025-02-22T21:59:56.371+0000] {logging_mixin.py:154} INFO - [2025-02-22T21:59:56.371+0000] {dag.py:2941} INFO - Sync 2 DAGs
[2025-02-22T21:59:56.397+0000] {logging_mixin.py:154} INFO - [2025-02-22T21:59:56.397+0000] {dag.py:3722} INFO - Setting next_dagrun for example_external_task_marker_child to None, run_after=None
[2025-02-22T21:59:56.401+0000] {logging_mixin.py:154} INFO - [2025-02-22T21:59:56.400+0000] {dag.py:3722} INFO - Setting next_dagrun for example_external_task_marker_parent to None, run_after=None
[2025-02-22T21:59:56.435+0000] {processor.py:179} INFO - Processing /home/airflow/.local/lib/python3.10/site-packages/airflow/example_dags/example_external_task_marker_dag.py took 0.167 seconds
[2025-02-22T22:00:27.293+0000] {processor.py:157} INFO - Started process (PID=144) to work on /home/airflow/.local/lib/python3.10/site-packages/airflow/example_dags/example_external_task_marker_dag.py
[2025-02-22T22:00:27.294+0000] {processor.py:829} INFO - Processing file /home/airflow/.local/lib/python3.10/site-packages/airflow/example_dags/example_external_task_marker_dag.py for tasks to queue
[2025-02-22T22:00:27.295+0000] {logging_mixin.py:154} INFO - [2025-02-22T22:00:27.295+0000] {dagbag.py:536} INFO - Filling up the DagBag from /home/airflow/.local/lib/python3.10/site-packages/airflow/example_dags/example_external_task_marker_dag.py
[2025-02-22T22:00:27.301+0000] {processor.py:839} INFO - DAG(s) dict_keys(['example_external_task_marker_parent', 'example_external_task_marker_child']) retrieved from /home/airflow/.local/lib/python3.10/site-packages/airflow/example_dags/example_external_task_marker_dag.py
[2025-02-22T22:00:27.371+0000] {logging_mixin.py:154} INFO - [2025-02-22T22:00:27.371+0000] {dag.py:2941} INFO - Sync 2 DAGs
[2025-02-22T22:00:27.389+0000] {logging_mixin.py:154} INFO - [2025-02-22T22:00:27.389+0000] {dag.py:3722} INFO - Setting next_dagrun for example_external_task_marker_child to None, run_after=None
[2025-02-22T22:00:27.392+0000] {logging_mixin.py:154} INFO - [2025-02-22T22:00:27.391+0000] {dag.py:3722} INFO - Setting next_dagrun for example_external_task_marker_parent to None, run_after=None
[2025-02-22T22:00:27.410+0000] {processor.py:179} INFO - Processing /home/airflow/.local/lib/python3.10/site-packages/airflow/example_dags/example_external_task_marker_dag.py took 0.119 seconds
[2025-02-22T22:00:57.724+0000] {processor.py:157} INFO - Started process (PID=205) to work on /home/airflow/.local/lib/python3.10/site-packages/airflow/example_dags/example_external_task_marker_dag.py
[2025-02-22T22:00:57.725+0000] {processor.py:829} INFO - Processing file /home/airflow/.local/lib/python3.10/site-packages/airflow/example_dags/example_external_task_marker_dag.py for tasks to queue
[2025-02-22T22:00:57.726+0000] {logging_mixin.py:154} INFO - [2025-02-22T22:00:57.726+0000] {dagbag.py:536} INFO - Filling up the DagBag from /home/airflow/.local/lib/python3.10/site-packages/airflow/example_dags/example_external_task_marker_dag.py
[2025-02-22T22:00:57.736+0000] {processor.py:839} INFO - DAG(s) dict_keys(['example_external_task_marker_parent', 'example_external_task_marker_child']) retrieved from /home/airflow/.local/lib/python3.10/site-packages/airflow/example_dags/example_external_task_marker_dag.py
[2025-02-22T22:00:57.811+0000] {logging_mixin.py:154} INFO - [2025-02-22T22:00:57.811+0000] {dag.py:2941} INFO - Sync 2 DAGs
[2025-02-22T22:00:57.829+0000] {logging_mixin.py:154} INFO - [2025-02-22T22:00:57.828+0000] {dag.py:3722} INFO - Setting next_dagrun for example_external_task_marker_child to None, run_after=None
[2025-02-22T22:00:57.831+0000] {logging_mixin.py:154} INFO - [2025-02-22T22:00:57.831+0000] {dag.py:3722} INFO - Setting next_dagrun for example_external_task_marker_parent to None, run_after=None
[2025-02-22T22:00:57.849+0000] {processor.py:179} INFO - Processing /home/airflow/.local/lib/python3.10/site-packages/airflow/example_dags/example_external_task_marker_dag.py took 0.128 seconds
[2025-02-22T22:01:28.149+0000] {processor.py:157} INFO - Started process (PID=273) to work on /home/airflow/.local/lib/python3.10/site-packages/airflow/example_dags/example_external_task_marker_dag.py
[2025-02-22T22:01:28.149+0000] {processor.py:829} INFO - Processing file /home/airflow/.local/lib/python3.10/site-packages/airflow/example_dags/example_external_task_marker_dag.py for tasks to queue
[2025-02-22T22:01:28.150+0000] {logging_mixin.py:154} INFO - [2025-02-22T22:01:28.150+0000] {dagbag.py:536} INFO - Filling up the DagBag from /home/airflow/.local/lib/python3.10/site-packages/airflow/example_dags/example_external_task_marker_dag.py
[2025-02-22T22:01:28.157+0000] {processor.py:839} INFO - DAG(s) dict_keys(['example_external_task_marker_parent', 'example_external_task_marker_child']) retrieved from /home/airflow/.local/lib/python3.10/site-packages/airflow/example_dags/example_external_task_marker_dag.py
[2025-02-22T22:01:28.227+0000] {logging_mixin.py:154} INFO - [2025-02-22T22:01:28.227+0000] {dag.py:2941} INFO - Sync 2 DAGs
[2025-02-22T22:01:28.243+0000] {logging_mixin.py:154} INFO - [2025-02-22T22:01:28.243+0000] {dag.py:3722} INFO - Setting next_dagrun for example_external_task_marker_child to None, run_after=None
[2025-02-22T22:01:28.245+0000] {logging_mixin.py:154} INFO - [2025-02-22T22:01:28.245+0000] {dag.py:3722} INFO - Setting next_dagrun for example_external_task_marker_parent to None, run_after=None
[2025-02-22T22:01:28.262+0000] {processor.py:179} INFO - Processing /home/airflow/.local/lib/python3.10/site-packages/airflow/example_dags/example_external_task_marker_dag.py took 0.116 seconds
[2025-02-22T22:01:58.850+0000] {processor.py:157} INFO - Started process (PID=339) to work on /home/airflow/.local/lib/python3.10/site-packages/airflow/example_dags/example_external_task_marker_dag.py
[2025-02-22T22:01:58.851+0000] {processor.py:829} INFO - Processing file /home/airflow/.local/lib/python3.10/site-packages/airflow/example_dags/example_external_task_marker_dag.py for tasks to queue
[2025-02-22T22:01:58.854+0000] {logging_mixin.py:154} INFO - [2025-02-22T22:01:58.854+0000] {dagbag.py:536} INFO - Filling up the DagBag from /home/airflow/.local/lib/python3.10/site-packages/airflow/example_dags/example_external_task_marker_dag.py
[2025-02-22T22:01:58.863+0000] {processor.py:839} INFO - DAG(s) dict_keys(['example_external_task_marker_parent', 'example_external_task_marker_child']) retrieved from /home/airflow/.local/lib/python3.10/site-packages/airflow/example_dags/example_external_task_marker_dag.py
[2025-02-22T22:01:58.979+0000] {logging_mixin.py:154} INFO - [2025-02-22T22:01:58.979+0000] {dag.py:2941} INFO - Sync 2 DAGs
[2025-02-22T22:01:59.004+0000] {logging_mixin.py:154} INFO - [2025-02-22T22:01:59.003+0000] {dag.py:3722} INFO - Setting next_dagrun for example_external_task_marker_child to None, run_after=None
[2025-02-22T22:01:59.008+0000] {logging_mixin.py:154} INFO - [2025-02-22T22:01:59.008+0000] {dag.py:3722} INFO - Setting next_dagrun for example_external_task_marker_parent to None, run_after=None
[2025-02-22T22:01:59.038+0000] {processor.py:179} INFO - Processing /home/airflow/.local/lib/python3.10/site-packages/airflow/example_dags/example_external_task_marker_dag.py took 0.191 seconds
[2025-02-22T22:02:29.744+0000] {processor.py:157} INFO - Started process (PID=400) to work on /home/airflow/.local/lib/python3.10/site-packages/airflow/example_dags/example_external_task_marker_dag.py
[2025-02-22T22:02:29.745+0000] {processor.py:829} INFO - Processing file /home/airflow/.local/lib/python3.10/site-packages/airflow/example_dags/example_external_task_marker_dag.py for tasks to queue
[2025-02-22T22:02:29.747+0000] {logging_mixin.py:154} INFO - [2025-02-22T22:02:29.746+0000] {dagbag.py:536} INFO - Filling up the DagBag from /home/airflow/.local/lib/python3.10/site-packages/airflow/example_dags/example_external_task_marker_dag.py
[2025-02-22T22:02:29.753+0000] {processor.py:839} INFO - DAG(s) dict_keys(['example_external_task_marker_child', 'example_external_task_marker_parent']) retrieved from /home/airflow/.local/lib/python3.10/site-packages/airflow/example_dags/example_external_task_marker_dag.py
[2025-02-22T22:02:29.824+0000] {logging_mixin.py:154} INFO - [2025-02-22T22:02:29.824+0000] {dag.py:2941} INFO - Sync 2 DAGs
[2025-02-22T22:02:29.841+0000] {logging_mixin.py:154} INFO - [2025-02-22T22:02:29.840+0000] {dag.py:3722} INFO - Setting next_dagrun for example_external_task_marker_child to None, run_after=None
[2025-02-22T22:02:29.843+0000] {logging_mixin.py:154} INFO - [2025-02-22T22:02:29.843+0000] {dag.py:3722} INFO - Setting next_dagrun for example_external_task_marker_parent to None, run_after=None
[2025-02-22T22:02:29.860+0000] {processor.py:179} INFO - Processing /home/airflow/.local/lib/python3.10/site-packages/airflow/example_dags/example_external_task_marker_dag.py took 0.117 seconds
[2025-02-22T22:03:44.172+0000] {processor.py:157} INFO - Started process (PID=83) to work on /home/airflow/.local/lib/python3.10/site-packages/airflow/example_dags/example_external_task_marker_dag.py
[2025-02-22T22:03:44.186+0000] {processor.py:829} INFO - Processing file /home/airflow/.local/lib/python3.10/site-packages/airflow/example_dags/example_external_task_marker_dag.py for tasks to queue
[2025-02-22T22:03:44.197+0000] {logging_mixin.py:154} INFO - [2025-02-22T22:03:44.197+0000] {dagbag.py:536} INFO - Filling up the DagBag from /home/airflow/.local/lib/python3.10/site-packages/airflow/example_dags/example_external_task_marker_dag.py
[2025-02-22T22:03:44.238+0000] {processor.py:839} INFO - DAG(s) dict_keys(['example_external_task_marker_parent', 'example_external_task_marker_child']) retrieved from /home/airflow/.local/lib/python3.10/site-packages/airflow/example_dags/example_external_task_marker_dag.py
[2025-02-22T22:03:44.429+0000] {logging_mixin.py:154} INFO - [2025-02-22T22:03:44.428+0000] {dag.py:2941} INFO - Sync 2 DAGs
[2025-02-22T22:03:44.455+0000] {logging_mixin.py:154} INFO - [2025-02-22T22:03:44.455+0000] {dag.py:3722} INFO - Setting next_dagrun for example_external_task_marker_child to None, run_after=None
[2025-02-22T22:03:44.460+0000] {logging_mixin.py:154} INFO - [2025-02-22T22:03:44.460+0000] {dag.py:3722} INFO - Setting next_dagrun for example_external_task_marker_parent to None, run_after=None
[2025-02-22T22:03:44.526+0000] {processor.py:179} INFO - Processing /home/airflow/.local/lib/python3.10/site-packages/airflow/example_dags/example_external_task_marker_dag.py took 0.362 seconds
[2025-02-22T22:04:15.125+0000] {processor.py:157} INFO - Started process (PID=145) to work on /home/airflow/.local/lib/python3.10/site-packages/airflow/example_dags/example_external_task_marker_dag.py
[2025-02-22T22:04:15.127+0000] {processor.py:829} INFO - Processing file /home/airflow/.local/lib/python3.10/site-packages/airflow/example_dags/example_external_task_marker_dag.py for tasks to queue
[2025-02-22T22:04:15.128+0000] {logging_mixin.py:154} INFO - [2025-02-22T22:04:15.128+0000] {dagbag.py:536} INFO - Filling up the DagBag from /home/airflow/.local/lib/python3.10/site-packages/airflow/example_dags/example_external_task_marker_dag.py
[2025-02-22T22:04:15.134+0000] {processor.py:839} INFO - DAG(s) dict_keys(['example_external_task_marker_child', 'example_external_task_marker_parent']) retrieved from /home/airflow/.local/lib/python3.10/site-packages/airflow/example_dags/example_external_task_marker_dag.py
[2025-02-22T22:04:15.202+0000] {logging_mixin.py:154} INFO - [2025-02-22T22:04:15.202+0000] {dag.py:2941} INFO - Sync 2 DAGs
[2025-02-22T22:04:15.218+0000] {logging_mixin.py:154} INFO - [2025-02-22T22:04:15.218+0000] {dag.py:3722} INFO - Setting next_dagrun for example_external_task_marker_child to None, run_after=None
[2025-02-22T22:04:15.221+0000] {logging_mixin.py:154} INFO - [2025-02-22T22:04:15.221+0000] {dag.py:3722} INFO - Setting next_dagrun for example_external_task_marker_parent to None, run_after=None
[2025-02-22T22:04:15.239+0000] {processor.py:179} INFO - Processing /home/airflow/.local/lib/python3.10/site-packages/airflow/example_dags/example_external_task_marker_dag.py took 0.116 seconds
[2025-02-22T22:04:45.317+0000] {processor.py:157} INFO - Started process (PID=206) to work on /home/airflow/.local/lib/python3.10/site-packages/airflow/example_dags/example_external_task_marker_dag.py
[2025-02-22T22:04:45.318+0000] {processor.py:829} INFO - Processing file /home/airflow/.local/lib/python3.10/site-packages/airflow/example_dags/example_external_task_marker_dag.py for tasks to queue
[2025-02-22T22:04:45.319+0000] {logging_mixin.py:154} INFO - [2025-02-22T22:04:45.319+0000] {dagbag.py:536} INFO - Filling up the DagBag from /home/airflow/.local/lib/python3.10/site-packages/airflow/example_dags/example_external_task_marker_dag.py
[2025-02-22T22:04:45.325+0000] {processor.py:839} INFO - DAG(s) dict_keys(['example_external_task_marker_parent', 'example_external_task_marker_child']) retrieved from /home/airflow/.local/lib/python3.10/site-packages/airflow/example_dags/example_external_task_marker_dag.py
[2025-02-22T22:04:45.394+0000] {logging_mixin.py:154} INFO - [2025-02-22T22:04:45.394+0000] {dag.py:2941} INFO - Sync 2 DAGs
[2025-02-22T22:04:45.411+0000] {logging_mixin.py:154} INFO - [2025-02-22T22:04:45.411+0000] {dag.py:3722} INFO - Setting next_dagrun for example_external_task_marker_child to None, run_after=None
[2025-02-22T22:04:45.413+0000] {logging_mixin.py:154} INFO - [2025-02-22T22:04:45.413+0000] {dag.py:3722} INFO - Setting next_dagrun for example_external_task_marker_parent to None, run_after=None
[2025-02-22T22:04:45.431+0000] {processor.py:179} INFO - Processing /home/airflow/.local/lib/python3.10/site-packages/airflow/example_dags/example_external_task_marker_dag.py took 0.115 seconds
[2025-02-22T22:05:16.088+0000] {processor.py:157} INFO - Started process (PID=274) to work on /home/airflow/.local/lib/python3.10/site-packages/airflow/example_dags/example_external_task_marker_dag.py
[2025-02-22T22:05:16.089+0000] {processor.py:829} INFO - Processing file /home/airflow/.local/lib/python3.10/site-packages/airflow/example_dags/example_external_task_marker_dag.py for tasks to queue
[2025-02-22T22:05:16.091+0000] {logging_mixin.py:154} INFO - [2025-02-22T22:05:16.090+0000] {dagbag.py:536} INFO - Filling up the DagBag from /home/airflow/.local/lib/python3.10/site-packages/airflow/example_dags/example_external_task_marker_dag.py
[2025-02-22T22:05:16.097+0000] {processor.py:839} INFO - DAG(s) dict_keys(['example_external_task_marker_parent', 'example_external_task_marker_child']) retrieved from /home/airflow/.local/lib/python3.10/site-packages/airflow/example_dags/example_external_task_marker_dag.py
[2025-02-22T22:05:16.165+0000] {logging_mixin.py:154} INFO - [2025-02-22T22:05:16.164+0000] {dag.py:2941} INFO - Sync 2 DAGs
[2025-02-22T22:05:16.183+0000] {logging_mixin.py:154} INFO - [2025-02-22T22:05:16.183+0000] {dag.py:3722} INFO - Setting next_dagrun for example_external_task_marker_child to None, run_after=None
[2025-02-22T22:05:16.185+0000] {logging_mixin.py:154} INFO - [2025-02-22T22:05:16.185+0000] {dag.py:3722} INFO - Setting next_dagrun for example_external_task_marker_parent to None, run_after=None
[2025-02-22T22:05:16.204+0000] {processor.py:179} INFO - Processing /home/airflow/.local/lib/python3.10/site-packages/airflow/example_dags/example_external_task_marker_dag.py took 0.119 seconds
[2025-02-22T22:05:46.457+0000] {processor.py:157} INFO - Started process (PID=335) to work on /home/airflow/.local/lib/python3.10/site-packages/airflow/example_dags/example_external_task_marker_dag.py
[2025-02-22T22:05:46.458+0000] {processor.py:829} INFO - Processing file /home/airflow/.local/lib/python3.10/site-packages/airflow/example_dags/example_external_task_marker_dag.py for tasks to queue
[2025-02-22T22:05:46.460+0000] {logging_mixin.py:154} INFO - [2025-02-22T22:05:46.459+0000] {dagbag.py:536} INFO - Filling up the DagBag from /home/airflow/.local/lib/python3.10/site-packages/airflow/example_dags/example_external_task_marker_dag.py
[2025-02-22T22:05:46.465+0000] {processor.py:839} INFO - DAG(s) dict_keys(['example_external_task_marker_child', 'example_external_task_marker_parent']) retrieved from /home/airflow/.local/lib/python3.10/site-packages/airflow/example_dags/example_external_task_marker_dag.py
[2025-02-22T22:05:46.553+0000] {logging_mixin.py:154} INFO - [2025-02-22T22:05:46.553+0000] {dag.py:2941} INFO - Sync 2 DAGs
[2025-02-22T22:05:46.571+0000] {logging_mixin.py:154} INFO - [2025-02-22T22:05:46.571+0000] {dag.py:3722} INFO - Setting next_dagrun for example_external_task_marker_child to None, run_after=None
[2025-02-22T22:05:46.574+0000] {logging_mixin.py:154} INFO - [2025-02-22T22:05:46.574+0000] {dag.py:3722} INFO - Setting next_dagrun for example_external_task_marker_parent to None, run_after=None
[2025-02-22T22:05:46.594+0000] {processor.py:179} INFO - Processing /home/airflow/.local/lib/python3.10/site-packages/airflow/example_dags/example_external_task_marker_dag.py took 0.140 seconds
[2025-02-22T22:06:16.849+0000] {processor.py:157} INFO - Started process (PID=403) to work on /home/airflow/.local/lib/python3.10/site-packages/airflow/example_dags/example_external_task_marker_dag.py
[2025-02-22T22:06:16.850+0000] {processor.py:829} INFO - Processing file /home/airflow/.local/lib/python3.10/site-packages/airflow/example_dags/example_external_task_marker_dag.py for tasks to queue
[2025-02-22T22:06:16.852+0000] {logging_mixin.py:154} INFO - [2025-02-22T22:06:16.852+0000] {dagbag.py:536} INFO - Filling up the DagBag from /home/airflow/.local/lib/python3.10/site-packages/airflow/example_dags/example_external_task_marker_dag.py
[2025-02-22T22:06:16.862+0000] {processor.py:839} INFO - DAG(s) dict_keys(['example_external_task_marker_child', 'example_external_task_marker_parent']) retrieved from /home/airflow/.local/lib/python3.10/site-packages/airflow/example_dags/example_external_task_marker_dag.py
[2025-02-22T22:06:16.939+0000] {logging_mixin.py:154} INFO - [2025-02-22T22:06:16.939+0000] {dag.py:2941} INFO - Sync 2 DAGs
[2025-02-22T22:06:16.960+0000] {logging_mixin.py:154} INFO - [2025-02-22T22:06:16.960+0000] {dag.py:3722} INFO - Setting next_dagrun for example_external_task_marker_child to None, run_after=None
[2025-02-22T22:06:16.964+0000] {logging_mixin.py:154} INFO - [2025-02-22T22:06:16.964+0000] {dag.py:3722} INFO - Setting next_dagrun for example_external_task_marker_parent to None, run_after=None
[2025-02-22T22:06:16.989+0000] {processor.py:179} INFO - Processing /home/airflow/.local/lib/python3.10/site-packages/airflow/example_dags/example_external_task_marker_dag.py took 0.142 seconds
[2025-02-22T22:06:47.638+0000] {processor.py:157} INFO - Started process (PID=471) to work on /home/airflow/.local/lib/python3.10/site-packages/airflow/example_dags/example_external_task_marker_dag.py
[2025-02-22T22:06:47.641+0000] {processor.py:829} INFO - Processing file /home/airflow/.local/lib/python3.10/site-packages/airflow/example_dags/example_external_task_marker_dag.py for tasks to queue
[2025-02-22T22:06:47.644+0000] {logging_mixin.py:154} INFO - [2025-02-22T22:06:47.644+0000] {dagbag.py:536} INFO - Filling up the DagBag from /home/airflow/.local/lib/python3.10/site-packages/airflow/example_dags/example_external_task_marker_dag.py
[2025-02-22T22:06:47.650+0000] {processor.py:839} INFO - DAG(s) dict_keys(['example_external_task_marker_child', 'example_external_task_marker_parent']) retrieved from /home/airflow/.local/lib/python3.10/site-packages/airflow/example_dags/example_external_task_marker_dag.py
[2025-02-22T22:06:47.720+0000] {logging_mixin.py:154} INFO - [2025-02-22T22:06:47.720+0000] {dag.py:2941} INFO - Sync 2 DAGs
[2025-02-22T22:06:47.738+0000] {logging_mixin.py:154} INFO - [2025-02-22T22:06:47.737+0000] {dag.py:3722} INFO - Setting next_dagrun for example_external_task_marker_child to None, run_after=None
[2025-02-22T22:06:47.741+0000] {logging_mixin.py:154} INFO - [2025-02-22T22:06:47.741+0000] {dag.py:3722} INFO - Setting next_dagrun for example_external_task_marker_parent to None, run_after=None
[2025-02-22T22:06:47.762+0000] {processor.py:179} INFO - Processing /home/airflow/.local/lib/python3.10/site-packages/airflow/example_dags/example_external_task_marker_dag.py took 0.126 seconds
[2025-02-22T22:07:18.243+0000] {processor.py:157} INFO - Started process (PID=532) to work on /home/airflow/.local/lib/python3.10/site-packages/airflow/example_dags/example_external_task_marker_dag.py
[2025-02-22T22:07:18.244+0000] {processor.py:829} INFO - Processing file /home/airflow/.local/lib/python3.10/site-packages/airflow/example_dags/example_external_task_marker_dag.py for tasks to queue
[2025-02-22T22:07:18.246+0000] {logging_mixin.py:154} INFO - [2025-02-22T22:07:18.246+0000] {dagbag.py:536} INFO - Filling up the DagBag from /home/airflow/.local/lib/python3.10/site-packages/airflow/example_dags/example_external_task_marker_dag.py
[2025-02-22T22:07:18.251+0000] {processor.py:839} INFO - DAG(s) dict_keys(['example_external_task_marker_parent', 'example_external_task_marker_child']) retrieved from /home/airflow/.local/lib/python3.10/site-packages/airflow/example_dags/example_external_task_marker_dag.py
[2025-02-22T22:07:18.321+0000] {logging_mixin.py:154} INFO - [2025-02-22T22:07:18.321+0000] {dag.py:2941} INFO - Sync 2 DAGs
[2025-02-22T22:07:18.338+0000] {logging_mixin.py:154} INFO - [2025-02-22T22:07:18.338+0000] {dag.py:3722} INFO - Setting next_dagrun for example_external_task_marker_child to None, run_after=None
[2025-02-22T22:07:18.344+0000] {logging_mixin.py:154} INFO - [2025-02-22T22:07:18.344+0000] {dag.py:3722} INFO - Setting next_dagrun for example_external_task_marker_parent to None, run_after=None
[2025-02-22T22:07:18.361+0000] {processor.py:179} INFO - Processing /home/airflow/.local/lib/python3.10/site-packages/airflow/example_dags/example_external_task_marker_dag.py took 0.120 seconds
[2025-02-22T22:07:48.706+0000] {processor.py:157} INFO - Started process (PID=600) to work on /home/airflow/.local/lib/python3.10/site-packages/airflow/example_dags/example_external_task_marker_dag.py
[2025-02-22T22:07:48.707+0000] {processor.py:829} INFO - Processing file /home/airflow/.local/lib/python3.10/site-packages/airflow/example_dags/example_external_task_marker_dag.py for tasks to queue
[2025-02-22T22:07:48.710+0000] {logging_mixin.py:154} INFO - [2025-02-22T22:07:48.710+0000] {dagbag.py:536} INFO - Filling up the DagBag from /home/airflow/.local/lib/python3.10/site-packages/airflow/example_dags/example_external_task_marker_dag.py
[2025-02-22T22:07:48.717+0000] {processor.py:839} INFO - DAG(s) dict_keys(['example_external_task_marker_child', 'example_external_task_marker_parent']) retrieved from /home/airflow/.local/lib/python3.10/site-packages/airflow/example_dags/example_external_task_marker_dag.py
[2025-02-22T22:07:48.794+0000] {logging_mixin.py:154} INFO - [2025-02-22T22:07:48.794+0000] {dag.py:2941} INFO - Sync 2 DAGs
[2025-02-22T22:07:48.816+0000] {logging_mixin.py:154} INFO - [2025-02-22T22:07:48.815+0000] {dag.py:3722} INFO - Setting next_dagrun for example_external_task_marker_child to None, run_after=None
[2025-02-22T22:07:48.818+0000] {logging_mixin.py:154} INFO - [2025-02-22T22:07:48.818+0000] {dag.py:3722} INFO - Setting next_dagrun for example_external_task_marker_parent to None, run_after=None
[2025-02-22T22:07:48.838+0000] {processor.py:179} INFO - Processing /home/airflow/.local/lib/python3.10/site-packages/airflow/example_dags/example_external_task_marker_dag.py took 0.134 seconds
[2025-02-22T22:08:40.188+0000] {processor.py:157} INFO - Started process (PID=82) to work on /home/airflow/.local/lib/python3.10/site-packages/airflow/example_dags/example_external_task_marker_dag.py
[2025-02-22T22:08:40.194+0000] {processor.py:829} INFO - Processing file /home/airflow/.local/lib/python3.10/site-packages/airflow/example_dags/example_external_task_marker_dag.py for tasks to queue
[2025-02-22T22:08:40.197+0000] {logging_mixin.py:154} INFO - [2025-02-22T22:08:40.197+0000] {dagbag.py:536} INFO - Filling up the DagBag from /home/airflow/.local/lib/python3.10/site-packages/airflow/example_dags/example_external_task_marker_dag.py
[2025-02-22T22:08:40.213+0000] {processor.py:839} INFO - DAG(s) dict_keys(['example_external_task_marker_child', 'example_external_task_marker_parent']) retrieved from /home/airflow/.local/lib/python3.10/site-packages/airflow/example_dags/example_external_task_marker_dag.py
[2025-02-22T22:08:40.316+0000] {logging_mixin.py:154} INFO - [2025-02-22T22:08:40.315+0000] {dag.py:2941} INFO - Sync 2 DAGs
[2025-02-22T22:08:40.345+0000] {logging_mixin.py:154} INFO - [2025-02-22T22:08:40.345+0000] {dag.py:3722} INFO - Setting next_dagrun for example_external_task_marker_child to None, run_after=None
[2025-02-22T22:08:40.353+0000] {logging_mixin.py:154} INFO - [2025-02-22T22:08:40.353+0000] {dag.py:3722} INFO - Setting next_dagrun for example_external_task_marker_parent to None, run_after=None
[2025-02-22T22:08:40.420+0000] {processor.py:179} INFO - Processing /home/airflow/.local/lib/python3.10/site-packages/airflow/example_dags/example_external_task_marker_dag.py took 0.240 seconds
[2025-02-22T22:09:10.505+0000] {processor.py:157} INFO - Started process (PID=143) to work on /home/airflow/.local/lib/python3.10/site-packages/airflow/example_dags/example_external_task_marker_dag.py
[2025-02-22T22:09:10.505+0000] {processor.py:829} INFO - Processing file /home/airflow/.local/lib/python3.10/site-packages/airflow/example_dags/example_external_task_marker_dag.py for tasks to queue
[2025-02-22T22:09:10.507+0000] {logging_mixin.py:154} INFO - [2025-02-22T22:09:10.507+0000] {dagbag.py:536} INFO - Filling up the DagBag from /home/airflow/.local/lib/python3.10/site-packages/airflow/example_dags/example_external_task_marker_dag.py
[2025-02-22T22:09:10.512+0000] {processor.py:839} INFO - DAG(s) dict_keys(['example_external_task_marker_child', 'example_external_task_marker_parent']) retrieved from /home/airflow/.local/lib/python3.10/site-packages/airflow/example_dags/example_external_task_marker_dag.py
[2025-02-22T22:09:10.580+0000] {logging_mixin.py:154} INFO - [2025-02-22T22:09:10.579+0000] {dag.py:2941} INFO - Sync 2 DAGs
[2025-02-22T22:09:10.595+0000] {logging_mixin.py:154} INFO - [2025-02-22T22:09:10.595+0000] {dag.py:3722} INFO - Setting next_dagrun for example_external_task_marker_child to None, run_after=None
[2025-02-22T22:09:10.598+0000] {logging_mixin.py:154} INFO - [2025-02-22T22:09:10.597+0000] {dag.py:3722} INFO - Setting next_dagrun for example_external_task_marker_parent to None, run_after=None
[2025-02-22T22:09:10.615+0000] {processor.py:179} INFO - Processing /home/airflow/.local/lib/python3.10/site-packages/airflow/example_dags/example_external_task_marker_dag.py took 0.112 seconds
[2025-02-22T22:09:40.712+0000] {processor.py:157} INFO - Started process (PID=210) to work on /home/airflow/.local/lib/python3.10/site-packages/airflow/example_dags/example_external_task_marker_dag.py
[2025-02-22T22:09:40.713+0000] {processor.py:829} INFO - Processing file /home/airflow/.local/lib/python3.10/site-packages/airflow/example_dags/example_external_task_marker_dag.py for tasks to queue
[2025-02-22T22:09:40.714+0000] {logging_mixin.py:154} INFO - [2025-02-22T22:09:40.714+0000] {dagbag.py:536} INFO - Filling up the DagBag from /home/airflow/.local/lib/python3.10/site-packages/airflow/example_dags/example_external_task_marker_dag.py
[2025-02-22T22:09:40.720+0000] {processor.py:839} INFO - DAG(s) dict_keys(['example_external_task_marker_child', 'example_external_task_marker_parent']) retrieved from /home/airflow/.local/lib/python3.10/site-packages/airflow/example_dags/example_external_task_marker_dag.py
[2025-02-22T22:09:40.787+0000] {logging_mixin.py:154} INFO - [2025-02-22T22:09:40.787+0000] {dag.py:2941} INFO - Sync 2 DAGs
[2025-02-22T22:09:40.803+0000] {logging_mixin.py:154} INFO - [2025-02-22T22:09:40.803+0000] {dag.py:3722} INFO - Setting next_dagrun for example_external_task_marker_child to None, run_after=None
[2025-02-22T22:09:40.806+0000] {logging_mixin.py:154} INFO - [2025-02-22T22:09:40.806+0000] {dag.py:3722} INFO - Setting next_dagrun for example_external_task_marker_parent to None, run_after=None
[2025-02-22T22:09:40.822+0000] {processor.py:179} INFO - Processing /home/airflow/.local/lib/python3.10/site-packages/airflow/example_dags/example_external_task_marker_dag.py took 0.113 seconds
[2025-02-22T22:10:10.953+0000] {processor.py:157} INFO - Started process (PID=271) to work on /home/airflow/.local/lib/python3.10/site-packages/airflow/example_dags/example_external_task_marker_dag.py
[2025-02-22T22:10:10.954+0000] {processor.py:829} INFO - Processing file /home/airflow/.local/lib/python3.10/site-packages/airflow/example_dags/example_external_task_marker_dag.py for tasks to queue
[2025-02-22T22:10:10.955+0000] {logging_mixin.py:154} INFO - [2025-02-22T22:10:10.955+0000] {dagbag.py:536} INFO - Filling up the DagBag from /home/airflow/.local/lib/python3.10/site-packages/airflow/example_dags/example_external_task_marker_dag.py
[2025-02-22T22:10:10.960+0000] {processor.py:839} INFO - DAG(s) dict_keys(['example_external_task_marker_child', 'example_external_task_marker_parent']) retrieved from /home/airflow/.local/lib/python3.10/site-packages/airflow/example_dags/example_external_task_marker_dag.py
[2025-02-22T22:10:11.025+0000] {logging_mixin.py:154} INFO - [2025-02-22T22:10:11.025+0000] {dag.py:2941} INFO - Sync 2 DAGs
[2025-02-22T22:10:11.040+0000] {logging_mixin.py:154} INFO - [2025-02-22T22:10:11.040+0000] {dag.py:3722} INFO - Setting next_dagrun for example_external_task_marker_child to None, run_after=None
[2025-02-22T22:10:11.042+0000] {logging_mixin.py:154} INFO - [2025-02-22T22:10:11.042+0000] {dag.py:3722} INFO - Setting next_dagrun for example_external_task_marker_parent to None, run_after=None
[2025-02-22T22:10:11.057+0000] {processor.py:179} INFO - Processing /home/airflow/.local/lib/python3.10/site-packages/airflow/example_dags/example_external_task_marker_dag.py took 0.106 seconds
[2025-02-22T22:10:41.091+0000] {processor.py:157} INFO - Started process (PID=332) to work on /home/airflow/.local/lib/python3.10/site-packages/airflow/example_dags/example_external_task_marker_dag.py
[2025-02-22T22:10:41.093+0000] {processor.py:829} INFO - Processing file /home/airflow/.local/lib/python3.10/site-packages/airflow/example_dags/example_external_task_marker_dag.py for tasks to queue
[2025-02-22T22:10:41.094+0000] {logging_mixin.py:154} INFO - [2025-02-22T22:10:41.094+0000] {dagbag.py:536} INFO - Filling up the DagBag from /home/airflow/.local/lib/python3.10/site-packages/airflow/example_dags/example_external_task_marker_dag.py
[2025-02-22T22:10:41.099+0000] {processor.py:839} INFO - DAG(s) dict_keys(['example_external_task_marker_child', 'example_external_task_marker_parent']) retrieved from /home/airflow/.local/lib/python3.10/site-packages/airflow/example_dags/example_external_task_marker_dag.py
[2025-02-22T22:10:41.163+0000] {logging_mixin.py:154} INFO - [2025-02-22T22:10:41.163+0000] {dag.py:2941} INFO - Sync 2 DAGs
[2025-02-22T22:10:41.178+0000] {logging_mixin.py:154} INFO - [2025-02-22T22:10:41.178+0000] {dag.py:3722} INFO - Setting next_dagrun for example_external_task_marker_child to None, run_after=None
[2025-02-22T22:10:41.180+0000] {logging_mixin.py:154} INFO - [2025-02-22T22:10:41.180+0000] {dag.py:3722} INFO - Setting next_dagrun for example_external_task_marker_parent to None, run_after=None
[2025-02-22T22:10:41.195+0000] {processor.py:179} INFO - Processing /home/airflow/.local/lib/python3.10/site-packages/airflow/example_dags/example_external_task_marker_dag.py took 0.106 seconds
[2025-02-22T22:11:11.349+0000] {processor.py:157} INFO - Started process (PID=398) to work on /home/airflow/.local/lib/python3.10/site-packages/airflow/example_dags/example_external_task_marker_dag.py
[2025-02-22T22:11:11.352+0000] {processor.py:829} INFO - Processing file /home/airflow/.local/lib/python3.10/site-packages/airflow/example_dags/example_external_task_marker_dag.py for tasks to queue
[2025-02-22T22:11:11.353+0000] {logging_mixin.py:154} INFO - [2025-02-22T22:11:11.353+0000] {dagbag.py:536} INFO - Filling up the DagBag from /home/airflow/.local/lib/python3.10/site-packages/airflow/example_dags/example_external_task_marker_dag.py
[2025-02-22T22:11:11.359+0000] {processor.py:839} INFO - DAG(s) dict_keys(['example_external_task_marker_parent', 'example_external_task_marker_child']) retrieved from /home/airflow/.local/lib/python3.10/site-packages/airflow/example_dags/example_external_task_marker_dag.py
[2025-02-22T22:11:11.427+0000] {logging_mixin.py:154} INFO - [2025-02-22T22:11:11.427+0000] {dag.py:2941} INFO - Sync 2 DAGs
[2025-02-22T22:11:11.445+0000] {logging_mixin.py:154} INFO - [2025-02-22T22:11:11.445+0000] {dag.py:3722} INFO - Setting next_dagrun for example_external_task_marker_child to None, run_after=None
[2025-02-22T22:11:11.448+0000] {logging_mixin.py:154} INFO - [2025-02-22T22:11:11.448+0000] {dag.py:3722} INFO - Setting next_dagrun for example_external_task_marker_parent to None, run_after=None
[2025-02-22T22:11:11.466+0000] {processor.py:179} INFO - Processing /home/airflow/.local/lib/python3.10/site-packages/airflow/example_dags/example_external_task_marker_dag.py took 0.119 seconds
[2025-02-22T22:11:42.278+0000] {processor.py:157} INFO - Started process (PID=459) to work on /home/airflow/.local/lib/python3.10/site-packages/airflow/example_dags/example_external_task_marker_dag.py
[2025-02-22T22:11:42.282+0000] {processor.py:829} INFO - Processing file /home/airflow/.local/lib/python3.10/site-packages/airflow/example_dags/example_external_task_marker_dag.py for tasks to queue
[2025-02-22T22:11:42.284+0000] {logging_mixin.py:154} INFO - [2025-02-22T22:11:42.284+0000] {dagbag.py:536} INFO - Filling up the DagBag from /home/airflow/.local/lib/python3.10/site-packages/airflow/example_dags/example_external_task_marker_dag.py
[2025-02-22T22:11:42.294+0000] {processor.py:839} INFO - DAG(s) dict_keys(['example_external_task_marker_parent', 'example_external_task_marker_child']) retrieved from /home/airflow/.local/lib/python3.10/site-packages/airflow/example_dags/example_external_task_marker_dag.py
[2025-02-22T22:11:42.399+0000] {logging_mixin.py:154} INFO - [2025-02-22T22:11:42.399+0000] {dag.py:2941} INFO - Sync 2 DAGs
[2025-02-22T22:11:42.419+0000] {logging_mixin.py:154} INFO - [2025-02-22T22:11:42.419+0000] {dag.py:3722} INFO - Setting next_dagrun for example_external_task_marker_child to None, run_after=None
[2025-02-22T22:11:42.423+0000] {logging_mixin.py:154} INFO - [2025-02-22T22:11:42.422+0000] {dag.py:3722} INFO - Setting next_dagrun for example_external_task_marker_parent to None, run_after=None
[2025-02-22T22:11:42.451+0000] {processor.py:179} INFO - Processing /home/airflow/.local/lib/python3.10/site-packages/airflow/example_dags/example_external_task_marker_dag.py took 0.177 seconds
[2025-02-22T22:12:13.005+0000] {processor.py:157} INFO - Started process (PID=527) to work on /home/airflow/.local/lib/python3.10/site-packages/airflow/example_dags/example_external_task_marker_dag.py
[2025-02-22T22:12:13.006+0000] {processor.py:829} INFO - Processing file /home/airflow/.local/lib/python3.10/site-packages/airflow/example_dags/example_external_task_marker_dag.py for tasks to queue
[2025-02-22T22:12:13.008+0000] {logging_mixin.py:154} INFO - [2025-02-22T22:12:13.008+0000] {dagbag.py:536} INFO - Filling up the DagBag from /home/airflow/.local/lib/python3.10/site-packages/airflow/example_dags/example_external_task_marker_dag.py
[2025-02-22T22:12:13.013+0000] {processor.py:839} INFO - DAG(s) dict_keys(['example_external_task_marker_child', 'example_external_task_marker_parent']) retrieved from /home/airflow/.local/lib/python3.10/site-packages/airflow/example_dags/example_external_task_marker_dag.py
[2025-02-22T22:12:13.081+0000] {logging_mixin.py:154} INFO - [2025-02-22T22:12:13.081+0000] {dag.py:2941} INFO - Sync 2 DAGs
[2025-02-22T22:12:13.099+0000] {logging_mixin.py:154} INFO - [2025-02-22T22:12:13.099+0000] {dag.py:3722} INFO - Setting next_dagrun for example_external_task_marker_child to None, run_after=None
[2025-02-22T22:12:13.101+0000] {logging_mixin.py:154} INFO - [2025-02-22T22:12:13.101+0000] {dag.py:3722} INFO - Setting next_dagrun for example_external_task_marker_parent to None, run_after=None
[2025-02-22T22:12:13.117+0000] {processor.py:179} INFO - Processing /home/airflow/.local/lib/python3.10/site-packages/airflow/example_dags/example_external_task_marker_dag.py took 0.114 seconds
[2025-02-22T22:12:44.430+0000] {processor.py:157} INFO - Started process (PID=594) to work on /home/airflow/.local/lib/python3.10/site-packages/airflow/example_dags/example_external_task_marker_dag.py
[2025-02-22T22:12:44.431+0000] {processor.py:829} INFO - Processing file /home/airflow/.local/lib/python3.10/site-packages/airflow/example_dags/example_external_task_marker_dag.py for tasks to queue
[2025-02-22T22:12:44.434+0000] {logging_mixin.py:154} INFO - [2025-02-22T22:12:44.433+0000] {dagbag.py:536} INFO - Filling up the DagBag from /home/airflow/.local/lib/python3.10/site-packages/airflow/example_dags/example_external_task_marker_dag.py
[2025-02-22T22:12:44.442+0000] {processor.py:839} INFO - DAG(s) dict_keys(['example_external_task_marker_parent', 'example_external_task_marker_child']) retrieved from /home/airflow/.local/lib/python3.10/site-packages/airflow/example_dags/example_external_task_marker_dag.py
[2025-02-22T22:12:44.537+0000] {logging_mixin.py:154} INFO - [2025-02-22T22:12:44.536+0000] {dag.py:2941} INFO - Sync 2 DAGs
[2025-02-22T22:12:44.568+0000] {logging_mixin.py:154} INFO - [2025-02-22T22:12:44.564+0000] {dag.py:3722} INFO - Setting next_dagrun for example_external_task_marker_child to None, run_after=None
[2025-02-22T22:12:44.580+0000] {logging_mixin.py:154} INFO - [2025-02-22T22:12:44.580+0000] {dag.py:3722} INFO - Setting next_dagrun for example_external_task_marker_parent to None, run_after=None
[2025-02-22T22:12:44.606+0000] {processor.py:179} INFO - Processing /home/airflow/.local/lib/python3.10/site-packages/airflow/example_dags/example_external_task_marker_dag.py took 0.180 seconds
[2025-02-22T22:13:15.114+0000] {processor.py:157} INFO - Started process (PID=655) to work on /home/airflow/.local/lib/python3.10/site-packages/airflow/example_dags/example_external_task_marker_dag.py
[2025-02-22T22:13:15.115+0000] {processor.py:829} INFO - Processing file /home/airflow/.local/lib/python3.10/site-packages/airflow/example_dags/example_external_task_marker_dag.py for tasks to queue
[2025-02-22T22:13:15.117+0000] {logging_mixin.py:154} INFO - [2025-02-22T22:13:15.117+0000] {dagbag.py:536} INFO - Filling up the DagBag from /home/airflow/.local/lib/python3.10/site-packages/airflow/example_dags/example_external_task_marker_dag.py
[2025-02-22T22:13:15.125+0000] {processor.py:839} INFO - DAG(s) dict_keys(['example_external_task_marker_child', 'example_external_task_marker_parent']) retrieved from /home/airflow/.local/lib/python3.10/site-packages/airflow/example_dags/example_external_task_marker_dag.py
[2025-02-22T22:13:15.197+0000] {logging_mixin.py:154} INFO - [2025-02-22T22:13:15.197+0000] {dag.py:2941} INFO - Sync 2 DAGs
[2025-02-22T22:13:15.219+0000] {logging_mixin.py:154} INFO - [2025-02-22T22:13:15.219+0000] {dag.py:3722} INFO - Setting next_dagrun for example_external_task_marker_child to None, run_after=None
[2025-02-22T22:13:15.222+0000] {logging_mixin.py:154} INFO - [2025-02-22T22:13:15.222+0000] {dag.py:3722} INFO - Setting next_dagrun for example_external_task_marker_parent to None, run_after=None
[2025-02-22T22:13:15.238+0000] {processor.py:179} INFO - Processing /home/airflow/.local/lib/python3.10/site-packages/airflow/example_dags/example_external_task_marker_dag.py took 0.127 seconds
[2025-02-22T22:13:45.578+0000] {processor.py:157} INFO - Started process (PID=723) to work on /home/airflow/.local/lib/python3.10/site-packages/airflow/example_dags/example_external_task_marker_dag.py
[2025-02-22T22:13:45.579+0000] {processor.py:829} INFO - Processing file /home/airflow/.local/lib/python3.10/site-packages/airflow/example_dags/example_external_task_marker_dag.py for tasks to queue
[2025-02-22T22:13:45.581+0000] {logging_mixin.py:154} INFO - [2025-02-22T22:13:45.581+0000] {dagbag.py:536} INFO - Filling up the DagBag from /home/airflow/.local/lib/python3.10/site-packages/airflow/example_dags/example_external_task_marker_dag.py
[2025-02-22T22:13:45.588+0000] {processor.py:839} INFO - DAG(s) dict_keys(['example_external_task_marker_child', 'example_external_task_marker_parent']) retrieved from /home/airflow/.local/lib/python3.10/site-packages/airflow/example_dags/example_external_task_marker_dag.py
[2025-02-22T22:13:45.659+0000] {logging_mixin.py:154} INFO - [2025-02-22T22:13:45.658+0000] {dag.py:2941} INFO - Sync 2 DAGs
[2025-02-22T22:13:45.677+0000] {logging_mixin.py:154} INFO - [2025-02-22T22:13:45.676+0000] {dag.py:3722} INFO - Setting next_dagrun for example_external_task_marker_child to None, run_after=None
[2025-02-22T22:13:45.679+0000] {logging_mixin.py:154} INFO - [2025-02-22T22:13:45.679+0000] {dag.py:3722} INFO - Setting next_dagrun for example_external_task_marker_parent to None, run_after=None
[2025-02-22T22:13:45.699+0000] {processor.py:179} INFO - Processing /home/airflow/.local/lib/python3.10/site-packages/airflow/example_dags/example_external_task_marker_dag.py took 0.123 seconds
[2025-02-22T22:14:15.987+0000] {processor.py:157} INFO - Started process (PID=784) to work on /home/airflow/.local/lib/python3.10/site-packages/airflow/example_dags/example_external_task_marker_dag.py
[2025-02-22T22:14:15.988+0000] {processor.py:829} INFO - Processing file /home/airflow/.local/lib/python3.10/site-packages/airflow/example_dags/example_external_task_marker_dag.py for tasks to queue
[2025-02-22T22:14:15.990+0000] {logging_mixin.py:154} INFO - [2025-02-22T22:14:15.989+0000] {dagbag.py:536} INFO - Filling up the DagBag from /home/airflow/.local/lib/python3.10/site-packages/airflow/example_dags/example_external_task_marker_dag.py
[2025-02-22T22:14:15.995+0000] {processor.py:839} INFO - DAG(s) dict_keys(['example_external_task_marker_child', 'example_external_task_marker_parent']) retrieved from /home/airflow/.local/lib/python3.10/site-packages/airflow/example_dags/example_external_task_marker_dag.py
[2025-02-22T22:14:16.063+0000] {logging_mixin.py:154} INFO - [2025-02-22T22:14:16.063+0000] {dag.py:2941} INFO - Sync 2 DAGs
[2025-02-22T22:14:16.080+0000] {logging_mixin.py:154} INFO - [2025-02-22T22:14:16.079+0000] {dag.py:3722} INFO - Setting next_dagrun for example_external_task_marker_child to None, run_after=None
[2025-02-22T22:14:16.082+0000] {logging_mixin.py:154} INFO - [2025-02-22T22:14:16.082+0000] {dag.py:3722} INFO - Setting next_dagrun for example_external_task_marker_parent to None, run_after=None
[2025-02-22T22:14:16.098+0000] {processor.py:179} INFO - Processing /home/airflow/.local/lib/python3.10/site-packages/airflow/example_dags/example_external_task_marker_dag.py took 0.113 seconds
[2025-02-22T22:14:46.991+0000] {processor.py:157} INFO - Started process (PID=852) to work on /home/airflow/.local/lib/python3.10/site-packages/airflow/example_dags/example_external_task_marker_dag.py
[2025-02-22T22:14:46.997+0000] {processor.py:829} INFO - Processing file /home/airflow/.local/lib/python3.10/site-packages/airflow/example_dags/example_external_task_marker_dag.py for tasks to queue
[2025-02-22T22:14:47.002+0000] {logging_mixin.py:154} INFO - [2025-02-22T22:14:47.002+0000] {dagbag.py:536} INFO - Filling up the DagBag from /home/airflow/.local/lib/python3.10/site-packages/airflow/example_dags/example_external_task_marker_dag.py
[2025-02-22T22:14:47.012+0000] {processor.py:839} INFO - DAG(s) dict_keys(['example_external_task_marker_child', 'example_external_task_marker_parent']) retrieved from /home/airflow/.local/lib/python3.10/site-packages/airflow/example_dags/example_external_task_marker_dag.py
[2025-02-22T22:14:47.099+0000] {logging_mixin.py:154} INFO - [2025-02-22T22:14:47.099+0000] {dag.py:2941} INFO - Sync 2 DAGs
[2025-02-22T22:14:47.117+0000] {logging_mixin.py:154} INFO - [2025-02-22T22:14:47.116+0000] {dag.py:3722} INFO - Setting next_dagrun for example_external_task_marker_child to None, run_after=None
[2025-02-22T22:14:47.119+0000] {logging_mixin.py:154} INFO - [2025-02-22T22:14:47.119+0000] {dag.py:3722} INFO - Setting next_dagrun for example_external_task_marker_parent to None, run_after=None
[2025-02-22T22:14:47.136+0000] {processor.py:179} INFO - Processing /home/airflow/.local/lib/python3.10/site-packages/airflow/example_dags/example_external_task_marker_dag.py took 0.148 seconds
[2025-02-22T22:15:17.787+0000] {processor.py:157} INFO - Started process (PID=913) to work on /home/airflow/.local/lib/python3.10/site-packages/airflow/example_dags/example_external_task_marker_dag.py
[2025-02-22T22:15:17.789+0000] {processor.py:829} INFO - Processing file /home/airflow/.local/lib/python3.10/site-packages/airflow/example_dags/example_external_task_marker_dag.py for tasks to queue
[2025-02-22T22:15:17.791+0000] {logging_mixin.py:154} INFO - [2025-02-22T22:15:17.790+0000] {dagbag.py:536} INFO - Filling up the DagBag from /home/airflow/.local/lib/python3.10/site-packages/airflow/example_dags/example_external_task_marker_dag.py
[2025-02-22T22:15:17.797+0000] {processor.py:839} INFO - DAG(s) dict_keys(['example_external_task_marker_child', 'example_external_task_marker_parent']) retrieved from /home/airflow/.local/lib/python3.10/site-packages/airflow/example_dags/example_external_task_marker_dag.py
[2025-02-22T22:15:17.880+0000] {logging_mixin.py:154} INFO - [2025-02-22T22:15:17.879+0000] {dag.py:2941} INFO - Sync 2 DAGs
[2025-02-22T22:15:17.900+0000] {logging_mixin.py:154} INFO - [2025-02-22T22:15:17.900+0000] {dag.py:3722} INFO - Setting next_dagrun for example_external_task_marker_child to None, run_after=None
[2025-02-22T22:15:17.903+0000] {logging_mixin.py:154} INFO - [2025-02-22T22:15:17.903+0000] {dag.py:3722} INFO - Setting next_dagrun for example_external_task_marker_parent to None, run_after=None
[2025-02-22T22:15:17.920+0000] {processor.py:179} INFO - Processing /home/airflow/.local/lib/python3.10/site-packages/airflow/example_dags/example_external_task_marker_dag.py took 0.135 seconds
[2025-02-22T22:15:48.114+0000] {processor.py:157} INFO - Started process (PID=981) to work on /home/airflow/.local/lib/python3.10/site-packages/airflow/example_dags/example_external_task_marker_dag.py
[2025-02-22T22:15:48.115+0000] {processor.py:829} INFO - Processing file /home/airflow/.local/lib/python3.10/site-packages/airflow/example_dags/example_external_task_marker_dag.py for tasks to queue
[2025-02-22T22:15:48.116+0000] {logging_mixin.py:154} INFO - [2025-02-22T22:15:48.116+0000] {dagbag.py:536} INFO - Filling up the DagBag from /home/airflow/.local/lib/python3.10/site-packages/airflow/example_dags/example_external_task_marker_dag.py
[2025-02-22T22:15:48.121+0000] {processor.py:839} INFO - DAG(s) dict_keys(['example_external_task_marker_parent', 'example_external_task_marker_child']) retrieved from /home/airflow/.local/lib/python3.10/site-packages/airflow/example_dags/example_external_task_marker_dag.py
[2025-02-22T22:15:48.189+0000] {logging_mixin.py:154} INFO - [2025-02-22T22:15:48.189+0000] {dag.py:2941} INFO - Sync 2 DAGs
[2025-02-22T22:15:48.205+0000] {logging_mixin.py:154} INFO - [2025-02-22T22:15:48.205+0000] {dag.py:3722} INFO - Setting next_dagrun for example_external_task_marker_child to None, run_after=None
[2025-02-22T22:15:48.208+0000] {logging_mixin.py:154} INFO - [2025-02-22T22:15:48.207+0000] {dag.py:3722} INFO - Setting next_dagrun for example_external_task_marker_parent to None, run_after=None
[2025-02-22T22:15:48.225+0000] {processor.py:179} INFO - Processing /home/airflow/.local/lib/python3.10/site-packages/airflow/example_dags/example_external_task_marker_dag.py took 0.113 seconds
[2025-02-22T22:16:19.517+0000] {processor.py:157} INFO - Started process (PID=1042) to work on /home/airflow/.local/lib/python3.10/site-packages/airflow/example_dags/example_external_task_marker_dag.py
[2025-02-22T22:16:19.519+0000] {processor.py:829} INFO - Processing file /home/airflow/.local/lib/python3.10/site-packages/airflow/example_dags/example_external_task_marker_dag.py for tasks to queue
[2025-02-22T22:16:19.521+0000] {logging_mixin.py:154} INFO - [2025-02-22T22:16:19.521+0000] {dagbag.py:536} INFO - Filling up the DagBag from /home/airflow/.local/lib/python3.10/site-packages/airflow/example_dags/example_external_task_marker_dag.py
[2025-02-22T22:16:19.527+0000] {processor.py:839} INFO - DAG(s) dict_keys(['example_external_task_marker_parent', 'example_external_task_marker_child']) retrieved from /home/airflow/.local/lib/python3.10/site-packages/airflow/example_dags/example_external_task_marker_dag.py
[2025-02-22T22:16:19.595+0000] {logging_mixin.py:154} INFO - [2025-02-22T22:16:19.595+0000] {dag.py:2941} INFO - Sync 2 DAGs
[2025-02-22T22:16:19.612+0000] {logging_mixin.py:154} INFO - [2025-02-22T22:16:19.612+0000] {dag.py:3722} INFO - Setting next_dagrun for example_external_task_marker_child to None, run_after=None
[2025-02-22T22:16:19.614+0000] {logging_mixin.py:154} INFO - [2025-02-22T22:16:19.614+0000] {dag.py:3722} INFO - Setting next_dagrun for example_external_task_marker_parent to None, run_after=None
[2025-02-22T22:16:19.633+0000] {processor.py:179} INFO - Processing /home/airflow/.local/lib/python3.10/site-packages/airflow/example_dags/example_external_task_marker_dag.py took 0.118 seconds
[2025-02-22T22:16:49.871+0000] {processor.py:157} INFO - Started process (PID=1110) to work on /home/airflow/.local/lib/python3.10/site-packages/airflow/example_dags/example_external_task_marker_dag.py
[2025-02-22T22:16:49.872+0000] {processor.py:829} INFO - Processing file /home/airflow/.local/lib/python3.10/site-packages/airflow/example_dags/example_external_task_marker_dag.py for tasks to queue
[2025-02-22T22:16:49.874+0000] {logging_mixin.py:154} INFO - [2025-02-22T22:16:49.873+0000] {dagbag.py:536} INFO - Filling up the DagBag from /home/airflow/.local/lib/python3.10/site-packages/airflow/example_dags/example_external_task_marker_dag.py
[2025-02-22T22:16:49.879+0000] {processor.py:839} INFO - DAG(s) dict_keys(['example_external_task_marker_child', 'example_external_task_marker_parent']) retrieved from /home/airflow/.local/lib/python3.10/site-packages/airflow/example_dags/example_external_task_marker_dag.py
[2025-02-22T22:16:49.958+0000] {logging_mixin.py:154} INFO - [2025-02-22T22:16:49.958+0000] {dag.py:2941} INFO - Sync 2 DAGs
[2025-02-22T22:16:49.979+0000] {logging_mixin.py:154} INFO - [2025-02-22T22:16:49.979+0000] {dag.py:3722} INFO - Setting next_dagrun for example_external_task_marker_child to None, run_after=None
[2025-02-22T22:16:49.983+0000] {logging_mixin.py:154} INFO - [2025-02-22T22:16:49.983+0000] {dag.py:3722} INFO - Setting next_dagrun for example_external_task_marker_parent to None, run_after=None
[2025-02-22T22:16:50.010+0000] {processor.py:179} INFO - Processing /home/airflow/.local/lib/python3.10/site-packages/airflow/example_dags/example_external_task_marker_dag.py took 0.142 seconds
