[2025-02-22T21:47:16.902+0000] {processor.py:157} INFO - Started process (PID=57) to work on /home/airflow/.local/lib/python3.10/site-packages/airflow/example_dags/example_params_trigger_ui.py
[2025-02-22T21:47:16.903+0000] {processor.py:829} INFO - Processing file /home/airflow/.local/lib/python3.10/site-packages/airflow/example_dags/example_params_trigger_ui.py for tasks to queue
[2025-02-22T21:47:16.905+0000] {logging_mixin.py:154} INFO - [2025-02-22T21:47:16.904+0000] {dagbag.py:536} INFO - Filling up the DagBag from /home/airflow/.local/lib/python3.10/site-packages/airflow/example_dags/example_params_trigger_ui.py
[2025-02-22T21:47:16.933+0000] {processor.py:839} INFO - DAG(s) dict_keys(['example_params_trigger_ui']) retrieved from /home/airflow/.local/lib/python3.10/site-packages/airflow/example_dags/example_params_trigger_ui.py
[2025-02-22T21:47:17.126+0000] {logging_mixin.py:154} INFO - [2025-02-22T21:47:17.126+0000] {manager.py:499} INFO - Created Permission View: %s
[2025-02-22T21:47:17.138+0000] {logging_mixin.py:154} INFO - [2025-02-22T21:47:17.138+0000] {manager.py:499} INFO - Created Permission View: %s
[2025-02-22T21:47:17.146+0000] {logging_mixin.py:154} INFO - [2025-02-22T21:47:17.146+0000] {manager.py:499} INFO - Created Permission View: %s
[2025-02-22T21:47:17.147+0000] {logging_mixin.py:154} INFO - [2025-02-22T21:47:17.147+0000] {dag.py:2941} INFO - Sync 1 DAGs
[2025-02-22T21:47:17.158+0000] {logging_mixin.py:154} INFO - [2025-02-22T21:47:17.158+0000] {dag.py:2963} INFO - Creating ORM DAG for example_params_trigger_ui
[2025-02-22T21:47:17.160+0000] {logging_mixin.py:154} INFO - [2025-02-22T21:47:17.160+0000] {dag.py:3722} INFO - Setting next_dagrun for example_params_trigger_ui to None, run_after=None
[2025-02-22T21:47:17.181+0000] {processor.py:179} INFO - Processing /home/airflow/.local/lib/python3.10/site-packages/airflow/example_dags/example_params_trigger_ui.py took 0.283 seconds
[2025-02-22T21:48:59.011+0000] {processor.py:157} INFO - Started process (PID=57) to work on /home/airflow/.local/lib/python3.10/site-packages/airflow/example_dags/example_params_trigger_ui.py
[2025-02-22T21:48:59.013+0000] {processor.py:829} INFO - Processing file /home/airflow/.local/lib/python3.10/site-packages/airflow/example_dags/example_params_trigger_ui.py for tasks to queue
[2025-02-22T21:48:59.014+0000] {logging_mixin.py:154} INFO - [2025-02-22T21:48:59.014+0000] {dagbag.py:536} INFO - Filling up the DagBag from /home/airflow/.local/lib/python3.10/site-packages/airflow/example_dags/example_params_trigger_ui.py
[2025-02-22T21:48:59.048+0000] {processor.py:839} INFO - DAG(s) dict_keys(['example_params_trigger_ui']) retrieved from /home/airflow/.local/lib/python3.10/site-packages/airflow/example_dags/example_params_trigger_ui.py
[2025-02-22T21:48:59.147+0000] {logging_mixin.py:154} INFO - [2025-02-22T21:48:59.147+0000] {dag.py:2941} INFO - Sync 1 DAGs
[2025-02-22T21:48:59.164+0000] {logging_mixin.py:154} INFO - [2025-02-22T21:48:59.163+0000] {dag.py:3722} INFO - Setting next_dagrun for example_params_trigger_ui to None, run_after=None
[2025-02-22T21:48:59.183+0000] {processor.py:179} INFO - Processing /home/airflow/.local/lib/python3.10/site-packages/airflow/example_dags/example_params_trigger_ui.py took 0.175 seconds
[2025-02-22T21:56:49.328+0000] {processor.py:157} INFO - Started process (PID=57) to work on /home/airflow/.local/lib/python3.10/site-packages/airflow/example_dags/example_params_trigger_ui.py
[2025-02-22T21:56:49.332+0000] {processor.py:829} INFO - Processing file /home/airflow/.local/lib/python3.10/site-packages/airflow/example_dags/example_params_trigger_ui.py for tasks to queue
[2025-02-22T21:56:49.334+0000] {logging_mixin.py:154} INFO - [2025-02-22T21:56:49.333+0000] {dagbag.py:536} INFO - Filling up the DagBag from /home/airflow/.local/lib/python3.10/site-packages/airflow/example_dags/example_params_trigger_ui.py
[2025-02-22T21:56:49.358+0000] {processor.py:839} INFO - DAG(s) dict_keys(['example_params_trigger_ui']) retrieved from /home/airflow/.local/lib/python3.10/site-packages/airflow/example_dags/example_params_trigger_ui.py
[2025-02-22T21:56:49.445+0000] {logging_mixin.py:154} INFO - [2025-02-22T21:56:49.444+0000] {dag.py:2941} INFO - Sync 1 DAGs
[2025-02-22T21:56:49.468+0000] {logging_mixin.py:154} INFO - [2025-02-22T21:56:49.468+0000] {dag.py:3722} INFO - Setting next_dagrun for example_params_trigger_ui to None, run_after=None
[2025-02-22T21:56:49.507+0000] {processor.py:179} INFO - Processing /home/airflow/.local/lib/python3.10/site-packages/airflow/example_dags/example_params_trigger_ui.py took 0.185 seconds
[2025-02-22T21:57:20.223+0000] {processor.py:157} INFO - Started process (PID=125) to work on /home/airflow/.local/lib/python3.10/site-packages/airflow/example_dags/example_params_trigger_ui.py
[2025-02-22T21:57:20.224+0000] {processor.py:829} INFO - Processing file /home/airflow/.local/lib/python3.10/site-packages/airflow/example_dags/example_params_trigger_ui.py for tasks to queue
[2025-02-22T21:57:20.226+0000] {logging_mixin.py:154} INFO - [2025-02-22T21:57:20.225+0000] {dagbag.py:536} INFO - Filling up the DagBag from /home/airflow/.local/lib/python3.10/site-packages/airflow/example_dags/example_params_trigger_ui.py
[2025-02-22T21:57:20.240+0000] {processor.py:839} INFO - DAG(s) dict_keys(['example_params_trigger_ui']) retrieved from /home/airflow/.local/lib/python3.10/site-packages/airflow/example_dags/example_params_trigger_ui.py
[2025-02-22T21:57:20.331+0000] {logging_mixin.py:154} INFO - [2025-02-22T21:57:20.331+0000] {dag.py:2941} INFO - Sync 1 DAGs
[2025-02-22T21:57:20.347+0000] {logging_mixin.py:154} INFO - [2025-02-22T21:57:20.346+0000] {dag.py:3722} INFO - Setting next_dagrun for example_params_trigger_ui to None, run_after=None
[2025-02-22T21:57:20.367+0000] {processor.py:179} INFO - Processing /home/airflow/.local/lib/python3.10/site-packages/airflow/example_dags/example_params_trigger_ui.py took 0.147 seconds
[2025-02-22T21:59:53.324+0000] {processor.py:157} INFO - Started process (PID=57) to work on /home/airflow/.local/lib/python3.10/site-packages/airflow/example_dags/example_params_trigger_ui.py
[2025-02-22T21:59:53.326+0000] {processor.py:829} INFO - Processing file /home/airflow/.local/lib/python3.10/site-packages/airflow/example_dags/example_params_trigger_ui.py for tasks to queue
[2025-02-22T21:59:53.329+0000] {logging_mixin.py:154} INFO - [2025-02-22T21:59:53.329+0000] {dagbag.py:536} INFO - Filling up the DagBag from /home/airflow/.local/lib/python3.10/site-packages/airflow/example_dags/example_params_trigger_ui.py
[2025-02-22T21:59:53.358+0000] {processor.py:839} INFO - DAG(s) dict_keys(['example_params_trigger_ui']) retrieved from /home/airflow/.local/lib/python3.10/site-packages/airflow/example_dags/example_params_trigger_ui.py
[2025-02-22T21:59:53.473+0000] {logging_mixin.py:154} INFO - [2025-02-22T21:59:53.472+0000] {dag.py:2941} INFO - Sync 1 DAGs
[2025-02-22T21:59:53.503+0000] {logging_mixin.py:154} INFO - [2025-02-22T21:59:53.502+0000] {dag.py:3722} INFO - Setting next_dagrun for example_params_trigger_ui to None, run_after=None
[2025-02-22T21:59:53.570+0000] {processor.py:179} INFO - Processing /home/airflow/.local/lib/python3.10/site-packages/airflow/example_dags/example_params_trigger_ui.py took 0.251 seconds
[2025-02-22T22:00:23.971+0000] {processor.py:157} INFO - Started process (PID=125) to work on /home/airflow/.local/lib/python3.10/site-packages/airflow/example_dags/example_params_trigger_ui.py
[2025-02-22T22:00:23.971+0000] {processor.py:829} INFO - Processing file /home/airflow/.local/lib/python3.10/site-packages/airflow/example_dags/example_params_trigger_ui.py for tasks to queue
[2025-02-22T22:00:23.972+0000] {logging_mixin.py:154} INFO - [2025-02-22T22:00:23.972+0000] {dagbag.py:536} INFO - Filling up the DagBag from /home/airflow/.local/lib/python3.10/site-packages/airflow/example_dags/example_params_trigger_ui.py
[2025-02-22T22:00:23.985+0000] {processor.py:839} INFO - DAG(s) dict_keys(['example_params_trigger_ui']) retrieved from /home/airflow/.local/lib/python3.10/site-packages/airflow/example_dags/example_params_trigger_ui.py
[2025-02-22T22:00:24.073+0000] {logging_mixin.py:154} INFO - [2025-02-22T22:00:24.073+0000] {dag.py:2941} INFO - Sync 1 DAGs
[2025-02-22T22:00:24.087+0000] {logging_mixin.py:154} INFO - [2025-02-22T22:00:24.087+0000] {dag.py:3722} INFO - Setting next_dagrun for example_params_trigger_ui to None, run_after=None
[2025-02-22T22:00:24.105+0000] {processor.py:179} INFO - Processing /home/airflow/.local/lib/python3.10/site-packages/airflow/example_dags/example_params_trigger_ui.py took 0.137 seconds
[2025-02-22T22:00:54.155+0000] {processor.py:157} INFO - Started process (PID=185) to work on /home/airflow/.local/lib/python3.10/site-packages/airflow/example_dags/example_params_trigger_ui.py
[2025-02-22T22:00:54.156+0000] {processor.py:829} INFO - Processing file /home/airflow/.local/lib/python3.10/site-packages/airflow/example_dags/example_params_trigger_ui.py for tasks to queue
[2025-02-22T22:00:54.157+0000] {logging_mixin.py:154} INFO - [2025-02-22T22:00:54.157+0000] {dagbag.py:536} INFO - Filling up the DagBag from /home/airflow/.local/lib/python3.10/site-packages/airflow/example_dags/example_params_trigger_ui.py
[2025-02-22T22:00:54.170+0000] {processor.py:839} INFO - DAG(s) dict_keys(['example_params_trigger_ui']) retrieved from /home/airflow/.local/lib/python3.10/site-packages/airflow/example_dags/example_params_trigger_ui.py
[2025-02-22T22:00:54.247+0000] {logging_mixin.py:154} INFO - [2025-02-22T22:00:54.247+0000] {dag.py:2941} INFO - Sync 1 DAGs
[2025-02-22T22:00:54.258+0000] {logging_mixin.py:154} INFO - [2025-02-22T22:00:54.258+0000] {dag.py:3722} INFO - Setting next_dagrun for example_params_trigger_ui to None, run_after=None
[2025-02-22T22:00:54.274+0000] {processor.py:179} INFO - Processing /home/airflow/.local/lib/python3.10/site-packages/airflow/example_dags/example_params_trigger_ui.py took 0.122 seconds
[2025-02-22T22:01:24.752+0000] {processor.py:157} INFO - Started process (PID=254) to work on /home/airflow/.local/lib/python3.10/site-packages/airflow/example_dags/example_params_trigger_ui.py
[2025-02-22T22:01:24.753+0000] {processor.py:829} INFO - Processing file /home/airflow/.local/lib/python3.10/site-packages/airflow/example_dags/example_params_trigger_ui.py for tasks to queue
[2025-02-22T22:01:24.754+0000] {logging_mixin.py:154} INFO - [2025-02-22T22:01:24.754+0000] {dagbag.py:536} INFO - Filling up the DagBag from /home/airflow/.local/lib/python3.10/site-packages/airflow/example_dags/example_params_trigger_ui.py
[2025-02-22T22:01:24.768+0000] {processor.py:839} INFO - DAG(s) dict_keys(['example_params_trigger_ui']) retrieved from /home/airflow/.local/lib/python3.10/site-packages/airflow/example_dags/example_params_trigger_ui.py
[2025-02-22T22:01:24.847+0000] {logging_mixin.py:154} INFO - [2025-02-22T22:01:24.847+0000] {dag.py:2941} INFO - Sync 1 DAGs
[2025-02-22T22:01:24.861+0000] {logging_mixin.py:154} INFO - [2025-02-22T22:01:24.861+0000] {dag.py:3722} INFO - Setting next_dagrun for example_params_trigger_ui to None, run_after=None
[2025-02-22T22:01:24.884+0000] {processor.py:179} INFO - Processing /home/airflow/.local/lib/python3.10/site-packages/airflow/example_dags/example_params_trigger_ui.py took 0.134 seconds
[2025-02-22T22:01:55.302+0000] {processor.py:157} INFO - Started process (PID=314) to work on /home/airflow/.local/lib/python3.10/site-packages/airflow/example_dags/example_params_trigger_ui.py
[2025-02-22T22:01:55.303+0000] {processor.py:829} INFO - Processing file /home/airflow/.local/lib/python3.10/site-packages/airflow/example_dags/example_params_trigger_ui.py for tasks to queue
[2025-02-22T22:01:55.304+0000] {logging_mixin.py:154} INFO - [2025-02-22T22:01:55.304+0000] {dagbag.py:536} INFO - Filling up the DagBag from /home/airflow/.local/lib/python3.10/site-packages/airflow/example_dags/example_params_trigger_ui.py
[2025-02-22T22:01:55.324+0000] {processor.py:839} INFO - DAG(s) dict_keys(['example_params_trigger_ui']) retrieved from /home/airflow/.local/lib/python3.10/site-packages/airflow/example_dags/example_params_trigger_ui.py
[2025-02-22T22:01:55.424+0000] {logging_mixin.py:154} INFO - [2025-02-22T22:01:55.424+0000] {dag.py:2941} INFO - Sync 1 DAGs
[2025-02-22T22:01:55.439+0000] {logging_mixin.py:154} INFO - [2025-02-22T22:01:55.439+0000] {dag.py:3722} INFO - Setting next_dagrun for example_params_trigger_ui to None, run_after=None
[2025-02-22T22:01:55.464+0000] {processor.py:179} INFO - Processing /home/airflow/.local/lib/python3.10/site-packages/airflow/example_dags/example_params_trigger_ui.py took 0.164 seconds
[2025-02-22T22:02:26.173+0000] {processor.py:157} INFO - Started process (PID=381) to work on /home/airflow/.local/lib/python3.10/site-packages/airflow/example_dags/example_params_trigger_ui.py
[2025-02-22T22:02:26.174+0000] {processor.py:829} INFO - Processing file /home/airflow/.local/lib/python3.10/site-packages/airflow/example_dags/example_params_trigger_ui.py for tasks to queue
[2025-02-22T22:02:26.175+0000] {logging_mixin.py:154} INFO - [2025-02-22T22:02:26.175+0000] {dagbag.py:536} INFO - Filling up the DagBag from /home/airflow/.local/lib/python3.10/site-packages/airflow/example_dags/example_params_trigger_ui.py
[2025-02-22T22:02:26.188+0000] {processor.py:839} INFO - DAG(s) dict_keys(['example_params_trigger_ui']) retrieved from /home/airflow/.local/lib/python3.10/site-packages/airflow/example_dags/example_params_trigger_ui.py
[2025-02-22T22:02:26.269+0000] {logging_mixin.py:154} INFO - [2025-02-22T22:02:26.269+0000] {dag.py:2941} INFO - Sync 1 DAGs
[2025-02-22T22:02:26.281+0000] {logging_mixin.py:154} INFO - [2025-02-22T22:02:26.281+0000] {dag.py:3722} INFO - Setting next_dagrun for example_params_trigger_ui to None, run_after=None
[2025-02-22T22:02:26.299+0000] {processor.py:179} INFO - Processing /home/airflow/.local/lib/python3.10/site-packages/airflow/example_dags/example_params_trigger_ui.py took 0.128 seconds
[2025-02-22T22:02:56.916+0000] {processor.py:157} INFO - Started process (PID=442) to work on /home/airflow/.local/lib/python3.10/site-packages/airflow/example_dags/example_params_trigger_ui.py
[2025-02-22T22:02:56.917+0000] {processor.py:829} INFO - Processing file /home/airflow/.local/lib/python3.10/site-packages/airflow/example_dags/example_params_trigger_ui.py for tasks to queue
[2025-02-22T22:02:56.918+0000] {logging_mixin.py:154} INFO - [2025-02-22T22:02:56.918+0000] {dagbag.py:536} INFO - Filling up the DagBag from /home/airflow/.local/lib/python3.10/site-packages/airflow/example_dags/example_params_trigger_ui.py
[2025-02-22T22:02:56.938+0000] {processor.py:839} INFO - DAG(s) dict_keys(['example_params_trigger_ui']) retrieved from /home/airflow/.local/lib/python3.10/site-packages/airflow/example_dags/example_params_trigger_ui.py
[2025-02-22T22:02:57.041+0000] {logging_mixin.py:154} INFO - [2025-02-22T22:02:57.041+0000] {dag.py:2941} INFO - Sync 1 DAGs
[2025-02-22T22:02:57.058+0000] {logging_mixin.py:154} INFO - [2025-02-22T22:02:57.058+0000] {dag.py:3722} INFO - Setting next_dagrun for example_params_trigger_ui to None, run_after=None
[2025-02-22T22:02:57.083+0000] {processor.py:179} INFO - Processing /home/airflow/.local/lib/python3.10/site-packages/airflow/example_dags/example_params_trigger_ui.py took 0.169 seconds
[2025-02-22T22:03:41.987+0000] {processor.py:157} INFO - Started process (PID=58) to work on /home/airflow/.local/lib/python3.10/site-packages/airflow/example_dags/example_params_trigger_ui.py
[2025-02-22T22:03:41.988+0000] {processor.py:829} INFO - Processing file /home/airflow/.local/lib/python3.10/site-packages/airflow/example_dags/example_params_trigger_ui.py for tasks to queue
[2025-02-22T22:03:41.990+0000] {logging_mixin.py:154} INFO - [2025-02-22T22:03:41.990+0000] {dagbag.py:536} INFO - Filling up the DagBag from /home/airflow/.local/lib/python3.10/site-packages/airflow/example_dags/example_params_trigger_ui.py
[2025-02-22T22:03:42.016+0000] {processor.py:839} INFO - DAG(s) dict_keys(['example_params_trigger_ui']) retrieved from /home/airflow/.local/lib/python3.10/site-packages/airflow/example_dags/example_params_trigger_ui.py
[2025-02-22T22:03:42.124+0000] {logging_mixin.py:154} INFO - [2025-02-22T22:03:42.123+0000] {dag.py:2941} INFO - Sync 1 DAGs
[2025-02-22T22:03:42.151+0000] {logging_mixin.py:154} INFO - [2025-02-22T22:03:42.151+0000] {dag.py:3722} INFO - Setting next_dagrun for example_params_trigger_ui to None, run_after=None
[2025-02-22T22:03:42.183+0000] {processor.py:179} INFO - Processing /home/airflow/.local/lib/python3.10/site-packages/airflow/example_dags/example_params_trigger_ui.py took 0.198 seconds
[2025-02-22T22:04:12.479+0000] {processor.py:157} INFO - Started process (PID=126) to work on /home/airflow/.local/lib/python3.10/site-packages/airflow/example_dags/example_params_trigger_ui.py
[2025-02-22T22:04:12.481+0000] {processor.py:829} INFO - Processing file /home/airflow/.local/lib/python3.10/site-packages/airflow/example_dags/example_params_trigger_ui.py for tasks to queue
[2025-02-22T22:04:12.483+0000] {logging_mixin.py:154} INFO - [2025-02-22T22:04:12.482+0000] {dagbag.py:536} INFO - Filling up the DagBag from /home/airflow/.local/lib/python3.10/site-packages/airflow/example_dags/example_params_trigger_ui.py
[2025-02-22T22:04:12.499+0000] {processor.py:839} INFO - DAG(s) dict_keys(['example_params_trigger_ui']) retrieved from /home/airflow/.local/lib/python3.10/site-packages/airflow/example_dags/example_params_trigger_ui.py
[2025-02-22T22:04:12.596+0000] {logging_mixin.py:154} INFO - [2025-02-22T22:04:12.595+0000] {dag.py:2941} INFO - Sync 1 DAGs
[2025-02-22T22:04:12.608+0000] {logging_mixin.py:154} INFO - [2025-02-22T22:04:12.608+0000] {dag.py:3722} INFO - Setting next_dagrun for example_params_trigger_ui to None, run_after=None
[2025-02-22T22:04:12.632+0000] {processor.py:179} INFO - Processing /home/airflow/.local/lib/python3.10/site-packages/airflow/example_dags/example_params_trigger_ui.py took 0.155 seconds
[2025-02-22T22:04:42.662+0000] {processor.py:157} INFO - Started process (PID=186) to work on /home/airflow/.local/lib/python3.10/site-packages/airflow/example_dags/example_params_trigger_ui.py
[2025-02-22T22:04:42.663+0000] {processor.py:829} INFO - Processing file /home/airflow/.local/lib/python3.10/site-packages/airflow/example_dags/example_params_trigger_ui.py for tasks to queue
[2025-02-22T22:04:42.665+0000] {logging_mixin.py:154} INFO - [2025-02-22T22:04:42.664+0000] {dagbag.py:536} INFO - Filling up the DagBag from /home/airflow/.local/lib/python3.10/site-packages/airflow/example_dags/example_params_trigger_ui.py
[2025-02-22T22:04:42.677+0000] {processor.py:839} INFO - DAG(s) dict_keys(['example_params_trigger_ui']) retrieved from /home/airflow/.local/lib/python3.10/site-packages/airflow/example_dags/example_params_trigger_ui.py
[2025-02-22T22:04:42.751+0000] {logging_mixin.py:154} INFO - [2025-02-22T22:04:42.751+0000] {dag.py:2941} INFO - Sync 1 DAGs
[2025-02-22T22:04:42.762+0000] {logging_mixin.py:154} INFO - [2025-02-22T22:04:42.762+0000] {dag.py:3722} INFO - Setting next_dagrun for example_params_trigger_ui to None, run_after=None
[2025-02-22T22:04:42.779+0000] {processor.py:179} INFO - Processing /home/airflow/.local/lib/python3.10/site-packages/airflow/example_dags/example_params_trigger_ui.py took 0.118 seconds
[2025-02-22T22:05:13.380+0000] {processor.py:157} INFO - Started process (PID=255) to work on /home/airflow/.local/lib/python3.10/site-packages/airflow/example_dags/example_params_trigger_ui.py
[2025-02-22T22:05:13.380+0000] {processor.py:829} INFO - Processing file /home/airflow/.local/lib/python3.10/site-packages/airflow/example_dags/example_params_trigger_ui.py for tasks to queue
[2025-02-22T22:05:13.382+0000] {logging_mixin.py:154} INFO - [2025-02-22T22:05:13.382+0000] {dagbag.py:536} INFO - Filling up the DagBag from /home/airflow/.local/lib/python3.10/site-packages/airflow/example_dags/example_params_trigger_ui.py
[2025-02-22T22:05:13.395+0000] {processor.py:839} INFO - DAG(s) dict_keys(['example_params_trigger_ui']) retrieved from /home/airflow/.local/lib/python3.10/site-packages/airflow/example_dags/example_params_trigger_ui.py
[2025-02-22T22:05:13.475+0000] {logging_mixin.py:154} INFO - [2025-02-22T22:05:13.475+0000] {dag.py:2941} INFO - Sync 1 DAGs
[2025-02-22T22:05:13.489+0000] {logging_mixin.py:154} INFO - [2025-02-22T22:05:13.488+0000] {dag.py:3722} INFO - Setting next_dagrun for example_params_trigger_ui to None, run_after=None
[2025-02-22T22:05:13.510+0000] {processor.py:179} INFO - Processing /home/airflow/.local/lib/python3.10/site-packages/airflow/example_dags/example_params_trigger_ui.py took 0.133 seconds
[2025-02-22T22:05:43.825+0000] {processor.py:157} INFO - Started process (PID=315) to work on /home/airflow/.local/lib/python3.10/site-packages/airflow/example_dags/example_params_trigger_ui.py
[2025-02-22T22:05:43.826+0000] {processor.py:829} INFO - Processing file /home/airflow/.local/lib/python3.10/site-packages/airflow/example_dags/example_params_trigger_ui.py for tasks to queue
[2025-02-22T22:05:43.827+0000] {logging_mixin.py:154} INFO - [2025-02-22T22:05:43.827+0000] {dagbag.py:536} INFO - Filling up the DagBag from /home/airflow/.local/lib/python3.10/site-packages/airflow/example_dags/example_params_trigger_ui.py
[2025-02-22T22:05:43.842+0000] {processor.py:839} INFO - DAG(s) dict_keys(['example_params_trigger_ui']) retrieved from /home/airflow/.local/lib/python3.10/site-packages/airflow/example_dags/example_params_trigger_ui.py
[2025-02-22T22:05:43.923+0000] {logging_mixin.py:154} INFO - [2025-02-22T22:05:43.923+0000] {dag.py:2941} INFO - Sync 1 DAGs
[2025-02-22T22:05:43.936+0000] {logging_mixin.py:154} INFO - [2025-02-22T22:05:43.936+0000] {dag.py:3722} INFO - Setting next_dagrun for example_params_trigger_ui to None, run_after=None
[2025-02-22T22:05:43.954+0000] {processor.py:179} INFO - Processing /home/airflow/.local/lib/python3.10/site-packages/airflow/example_dags/example_params_trigger_ui.py took 0.131 seconds
[2025-02-22T22:06:14.271+0000] {processor.py:157} INFO - Started process (PID=383) to work on /home/airflow/.local/lib/python3.10/site-packages/airflow/example_dags/example_params_trigger_ui.py
[2025-02-22T22:06:14.272+0000] {processor.py:829} INFO - Processing file /home/airflow/.local/lib/python3.10/site-packages/airflow/example_dags/example_params_trigger_ui.py for tasks to queue
[2025-02-22T22:06:14.273+0000] {logging_mixin.py:154} INFO - [2025-02-22T22:06:14.273+0000] {dagbag.py:536} INFO - Filling up the DagBag from /home/airflow/.local/lib/python3.10/site-packages/airflow/example_dags/example_params_trigger_ui.py
[2025-02-22T22:06:14.287+0000] {processor.py:839} INFO - DAG(s) dict_keys(['example_params_trigger_ui']) retrieved from /home/airflow/.local/lib/python3.10/site-packages/airflow/example_dags/example_params_trigger_ui.py
[2025-02-22T22:06:14.370+0000] {logging_mixin.py:154} INFO - [2025-02-22T22:06:14.370+0000] {dag.py:2941} INFO - Sync 1 DAGs
[2025-02-22T22:06:14.383+0000] {logging_mixin.py:154} INFO - [2025-02-22T22:06:14.383+0000] {dag.py:3722} INFO - Setting next_dagrun for example_params_trigger_ui to None, run_after=None
[2025-02-22T22:06:14.408+0000] {processor.py:179} INFO - Processing /home/airflow/.local/lib/python3.10/site-packages/airflow/example_dags/example_params_trigger_ui.py took 0.140 seconds
[2025-02-22T22:06:44.850+0000] {processor.py:157} INFO - Started process (PID=444) to work on /home/airflow/.local/lib/python3.10/site-packages/airflow/example_dags/example_params_trigger_ui.py
[2025-02-22T22:06:44.850+0000] {processor.py:829} INFO - Processing file /home/airflow/.local/lib/python3.10/site-packages/airflow/example_dags/example_params_trigger_ui.py for tasks to queue
[2025-02-22T22:06:44.853+0000] {logging_mixin.py:154} INFO - [2025-02-22T22:06:44.852+0000] {dagbag.py:536} INFO - Filling up the DagBag from /home/airflow/.local/lib/python3.10/site-packages/airflow/example_dags/example_params_trigger_ui.py
[2025-02-22T22:06:44.871+0000] {processor.py:839} INFO - DAG(s) dict_keys(['example_params_trigger_ui']) retrieved from /home/airflow/.local/lib/python3.10/site-packages/airflow/example_dags/example_params_trigger_ui.py
[2025-02-22T22:06:44.971+0000] {logging_mixin.py:154} INFO - [2025-02-22T22:06:44.971+0000] {dag.py:2941} INFO - Sync 1 DAGs
[2025-02-22T22:06:44.984+0000] {logging_mixin.py:154} INFO - [2025-02-22T22:06:44.984+0000] {dag.py:3722} INFO - Setting next_dagrun for example_params_trigger_ui to None, run_after=None
[2025-02-22T22:06:45.008+0000] {processor.py:179} INFO - Processing /home/airflow/.local/lib/python3.10/site-packages/airflow/example_dags/example_params_trigger_ui.py took 0.160 seconds
[2025-02-22T22:07:15.362+0000] {processor.py:157} INFO - Started process (PID=512) to work on /home/airflow/.local/lib/python3.10/site-packages/airflow/example_dags/example_params_trigger_ui.py
[2025-02-22T22:07:15.364+0000] {processor.py:829} INFO - Processing file /home/airflow/.local/lib/python3.10/site-packages/airflow/example_dags/example_params_trigger_ui.py for tasks to queue
[2025-02-22T22:07:15.366+0000] {logging_mixin.py:154} INFO - [2025-02-22T22:07:15.366+0000] {dagbag.py:536} INFO - Filling up the DagBag from /home/airflow/.local/lib/python3.10/site-packages/airflow/example_dags/example_params_trigger_ui.py
[2025-02-22T22:07:15.380+0000] {processor.py:839} INFO - DAG(s) dict_keys(['example_params_trigger_ui']) retrieved from /home/airflow/.local/lib/python3.10/site-packages/airflow/example_dags/example_params_trigger_ui.py
[2025-02-22T22:07:15.500+0000] {logging_mixin.py:154} INFO - [2025-02-22T22:07:15.500+0000] {dag.py:2941} INFO - Sync 1 DAGs
[2025-02-22T22:07:15.514+0000] {logging_mixin.py:154} INFO - [2025-02-22T22:07:15.514+0000] {dag.py:3722} INFO - Setting next_dagrun for example_params_trigger_ui to None, run_after=None
[2025-02-22T22:07:15.535+0000] {processor.py:179} INFO - Processing /home/airflow/.local/lib/python3.10/site-packages/airflow/example_dags/example_params_trigger_ui.py took 0.175 seconds
[2025-02-22T22:07:45.938+0000] {processor.py:157} INFO - Started process (PID=573) to work on /home/airflow/.local/lib/python3.10/site-packages/airflow/example_dags/example_params_trigger_ui.py
[2025-02-22T22:07:45.939+0000] {processor.py:829} INFO - Processing file /home/airflow/.local/lib/python3.10/site-packages/airflow/example_dags/example_params_trigger_ui.py for tasks to queue
[2025-02-22T22:07:45.940+0000] {logging_mixin.py:154} INFO - [2025-02-22T22:07:45.940+0000] {dagbag.py:536} INFO - Filling up the DagBag from /home/airflow/.local/lib/python3.10/site-packages/airflow/example_dags/example_params_trigger_ui.py
[2025-02-22T22:07:45.955+0000] {processor.py:839} INFO - DAG(s) dict_keys(['example_params_trigger_ui']) retrieved from /home/airflow/.local/lib/python3.10/site-packages/airflow/example_dags/example_params_trigger_ui.py
[2025-02-22T22:07:46.043+0000] {logging_mixin.py:154} INFO - [2025-02-22T22:07:46.042+0000] {dag.py:2941} INFO - Sync 1 DAGs
[2025-02-22T22:07:46.059+0000] {logging_mixin.py:154} INFO - [2025-02-22T22:07:46.059+0000] {dag.py:3722} INFO - Setting next_dagrun for example_params_trigger_ui to None, run_after=None
[2025-02-22T22:07:46.079+0000] {processor.py:179} INFO - Processing /home/airflow/.local/lib/python3.10/site-packages/airflow/example_dags/example_params_trigger_ui.py took 0.144 seconds
[2025-02-22T22:08:37.029+0000] {processor.py:157} INFO - Started process (PID=56) to work on /home/airflow/.local/lib/python3.10/site-packages/airflow/example_dags/example_params_trigger_ui.py
[2025-02-22T22:08:37.034+0000] {processor.py:829} INFO - Processing file /home/airflow/.local/lib/python3.10/site-packages/airflow/example_dags/example_params_trigger_ui.py for tasks to queue
[2025-02-22T22:08:37.040+0000] {logging_mixin.py:154} INFO - [2025-02-22T22:08:37.040+0000] {dagbag.py:536} INFO - Filling up the DagBag from /home/airflow/.local/lib/python3.10/site-packages/airflow/example_dags/example_params_trigger_ui.py
[2025-02-22T22:08:37.094+0000] {processor.py:839} INFO - DAG(s) dict_keys(['example_params_trigger_ui']) retrieved from /home/airflow/.local/lib/python3.10/site-packages/airflow/example_dags/example_params_trigger_ui.py
[2025-02-22T22:08:37.284+0000] {logging_mixin.py:154} INFO - [2025-02-22T22:08:37.284+0000] {dag.py:2941} INFO - Sync 1 DAGs
[2025-02-22T22:08:37.325+0000] {logging_mixin.py:154} INFO - [2025-02-22T22:08:37.323+0000] {dag.py:3722} INFO - Setting next_dagrun for example_params_trigger_ui to None, run_after=None
[2025-02-22T22:08:37.414+0000] {processor.py:179} INFO - Processing /home/airflow/.local/lib/python3.10/site-packages/airflow/example_dags/example_params_trigger_ui.py took 0.399 seconds
[2025-02-22T22:09:07.471+0000] {processor.py:157} INFO - Started process (PID=123) to work on /home/airflow/.local/lib/python3.10/site-packages/airflow/example_dags/example_params_trigger_ui.py
[2025-02-22T22:09:07.472+0000] {processor.py:829} INFO - Processing file /home/airflow/.local/lib/python3.10/site-packages/airflow/example_dags/example_params_trigger_ui.py for tasks to queue
[2025-02-22T22:09:07.473+0000] {logging_mixin.py:154} INFO - [2025-02-22T22:09:07.473+0000] {dagbag.py:536} INFO - Filling up the DagBag from /home/airflow/.local/lib/python3.10/site-packages/airflow/example_dags/example_params_trigger_ui.py
[2025-02-22T22:09:07.487+0000] {processor.py:839} INFO - DAG(s) dict_keys(['example_params_trigger_ui']) retrieved from /home/airflow/.local/lib/python3.10/site-packages/airflow/example_dags/example_params_trigger_ui.py
[2025-02-22T22:09:07.567+0000] {logging_mixin.py:154} INFO - [2025-02-22T22:09:07.566+0000] {dag.py:2941} INFO - Sync 1 DAGs
[2025-02-22T22:09:07.580+0000] {logging_mixin.py:154} INFO - [2025-02-22T22:09:07.580+0000] {dag.py:3722} INFO - Setting next_dagrun for example_params_trigger_ui to None, run_after=None
[2025-02-22T22:09:07.602+0000] {processor.py:179} INFO - Processing /home/airflow/.local/lib/python3.10/site-packages/airflow/example_dags/example_params_trigger_ui.py took 0.133 seconds
[2025-02-22T22:09:37.746+0000] {processor.py:157} INFO - Started process (PID=183) to work on /home/airflow/.local/lib/python3.10/site-packages/airflow/example_dags/example_params_trigger_ui.py
[2025-02-22T22:09:37.747+0000] {processor.py:829} INFO - Processing file /home/airflow/.local/lib/python3.10/site-packages/airflow/example_dags/example_params_trigger_ui.py for tasks to queue
[2025-02-22T22:09:37.749+0000] {logging_mixin.py:154} INFO - [2025-02-22T22:09:37.749+0000] {dagbag.py:536} INFO - Filling up the DagBag from /home/airflow/.local/lib/python3.10/site-packages/airflow/example_dags/example_params_trigger_ui.py
[2025-02-22T22:09:37.762+0000] {processor.py:839} INFO - DAG(s) dict_keys(['example_params_trigger_ui']) retrieved from /home/airflow/.local/lib/python3.10/site-packages/airflow/example_dags/example_params_trigger_ui.py
[2025-02-22T22:09:37.838+0000] {logging_mixin.py:154} INFO - [2025-02-22T22:09:37.838+0000] {dag.py:2941} INFO - Sync 1 DAGs
[2025-02-22T22:09:37.852+0000] {logging_mixin.py:154} INFO - [2025-02-22T22:09:37.852+0000] {dag.py:3722} INFO - Setting next_dagrun for example_params_trigger_ui to None, run_after=None
[2025-02-22T22:09:37.870+0000] {processor.py:179} INFO - Processing /home/airflow/.local/lib/python3.10/site-packages/airflow/example_dags/example_params_trigger_ui.py took 0.126 seconds
[2025-02-22T22:10:08.889+0000] {processor.py:157} INFO - Started process (PID=251) to work on /home/airflow/.local/lib/python3.10/site-packages/airflow/example_dags/example_params_trigger_ui.py
[2025-02-22T22:10:08.890+0000] {processor.py:829} INFO - Processing file /home/airflow/.local/lib/python3.10/site-packages/airflow/example_dags/example_params_trigger_ui.py for tasks to queue
[2025-02-22T22:10:08.893+0000] {logging_mixin.py:154} INFO - [2025-02-22T22:10:08.892+0000] {dagbag.py:536} INFO - Filling up the DagBag from /home/airflow/.local/lib/python3.10/site-packages/airflow/example_dags/example_params_trigger_ui.py
[2025-02-22T22:10:08.908+0000] {processor.py:839} INFO - DAG(s) dict_keys(['example_params_trigger_ui']) retrieved from /home/airflow/.local/lib/python3.10/site-packages/airflow/example_dags/example_params_trigger_ui.py
[2025-02-22T22:10:09.004+0000] {logging_mixin.py:154} INFO - [2025-02-22T22:10:09.003+0000] {dag.py:2941} INFO - Sync 1 DAGs
[2025-02-22T22:10:09.019+0000] {logging_mixin.py:154} INFO - [2025-02-22T22:10:09.019+0000] {dag.py:3722} INFO - Setting next_dagrun for example_params_trigger_ui to None, run_after=None
[2025-02-22T22:10:09.047+0000] {processor.py:179} INFO - Processing /home/airflow/.local/lib/python3.10/site-packages/airflow/example_dags/example_params_trigger_ui.py took 0.162 seconds
[2025-02-22T22:10:39.118+0000] {processor.py:157} INFO - Started process (PID=312) to work on /home/airflow/.local/lib/python3.10/site-packages/airflow/example_dags/example_params_trigger_ui.py
[2025-02-22T22:10:39.119+0000] {processor.py:829} INFO - Processing file /home/airflow/.local/lib/python3.10/site-packages/airflow/example_dags/example_params_trigger_ui.py for tasks to queue
[2025-02-22T22:10:39.120+0000] {logging_mixin.py:154} INFO - [2025-02-22T22:10:39.120+0000] {dagbag.py:536} INFO - Filling up the DagBag from /home/airflow/.local/lib/python3.10/site-packages/airflow/example_dags/example_params_trigger_ui.py
[2025-02-22T22:10:39.133+0000] {processor.py:839} INFO - DAG(s) dict_keys(['example_params_trigger_ui']) retrieved from /home/airflow/.local/lib/python3.10/site-packages/airflow/example_dags/example_params_trigger_ui.py
[2025-02-22T22:10:39.208+0000] {logging_mixin.py:154} INFO - [2025-02-22T22:10:39.208+0000] {dag.py:2941} INFO - Sync 1 DAGs
[2025-02-22T22:10:39.220+0000] {logging_mixin.py:154} INFO - [2025-02-22T22:10:39.220+0000] {dag.py:3722} INFO - Setting next_dagrun for example_params_trigger_ui to None, run_after=None
[2025-02-22T22:10:39.237+0000] {processor.py:179} INFO - Processing /home/airflow/.local/lib/python3.10/site-packages/airflow/example_dags/example_params_trigger_ui.py took 0.120 seconds
[2025-02-22T22:11:09.735+0000] {processor.py:157} INFO - Started process (PID=378) to work on /home/airflow/.local/lib/python3.10/site-packages/airflow/example_dags/example_params_trigger_ui.py
[2025-02-22T22:11:09.737+0000] {processor.py:829} INFO - Processing file /home/airflow/.local/lib/python3.10/site-packages/airflow/example_dags/example_params_trigger_ui.py for tasks to queue
[2025-02-22T22:11:09.739+0000] {logging_mixin.py:154} INFO - [2025-02-22T22:11:09.738+0000] {dagbag.py:536} INFO - Filling up the DagBag from /home/airflow/.local/lib/python3.10/site-packages/airflow/example_dags/example_params_trigger_ui.py
[2025-02-22T22:11:09.752+0000] {processor.py:839} INFO - DAG(s) dict_keys(['example_params_trigger_ui']) retrieved from /home/airflow/.local/lib/python3.10/site-packages/airflow/example_dags/example_params_trigger_ui.py
[2025-02-22T22:11:09.847+0000] {logging_mixin.py:154} INFO - [2025-02-22T22:11:09.847+0000] {dag.py:2941} INFO - Sync 1 DAGs
[2025-02-22T22:11:09.862+0000] {logging_mixin.py:154} INFO - [2025-02-22T22:11:09.862+0000] {dag.py:3722} INFO - Setting next_dagrun for example_params_trigger_ui to None, run_after=None
[2025-02-22T22:11:09.887+0000] {processor.py:179} INFO - Processing /home/airflow/.local/lib/python3.10/site-packages/airflow/example_dags/example_params_trigger_ui.py took 0.154 seconds
[2025-02-22T22:11:40.321+0000] {processor.py:157} INFO - Started process (PID=439) to work on /home/airflow/.local/lib/python3.10/site-packages/airflow/example_dags/example_params_trigger_ui.py
[2025-02-22T22:11:40.323+0000] {processor.py:829} INFO - Processing file /home/airflow/.local/lib/python3.10/site-packages/airflow/example_dags/example_params_trigger_ui.py for tasks to queue
[2025-02-22T22:11:40.325+0000] {logging_mixin.py:154} INFO - [2025-02-22T22:11:40.325+0000] {dagbag.py:536} INFO - Filling up the DagBag from /home/airflow/.local/lib/python3.10/site-packages/airflow/example_dags/example_params_trigger_ui.py
[2025-02-22T22:11:40.338+0000] {processor.py:839} INFO - DAG(s) dict_keys(['example_params_trigger_ui']) retrieved from /home/airflow/.local/lib/python3.10/site-packages/airflow/example_dags/example_params_trigger_ui.py
[2025-02-22T22:11:40.419+0000] {logging_mixin.py:154} INFO - [2025-02-22T22:11:40.419+0000] {dag.py:2941} INFO - Sync 1 DAGs
[2025-02-22T22:11:40.432+0000] {logging_mixin.py:154} INFO - [2025-02-22T22:11:40.432+0000] {dag.py:3722} INFO - Setting next_dagrun for example_params_trigger_ui to None, run_after=None
[2025-02-22T22:11:40.455+0000] {processor.py:179} INFO - Processing /home/airflow/.local/lib/python3.10/site-packages/airflow/example_dags/example_params_trigger_ui.py took 0.135 seconds
[2025-02-22T22:12:11.041+0000] {processor.py:157} INFO - Started process (PID=507) to work on /home/airflow/.local/lib/python3.10/site-packages/airflow/example_dags/example_params_trigger_ui.py
[2025-02-22T22:12:11.043+0000] {processor.py:829} INFO - Processing file /home/airflow/.local/lib/python3.10/site-packages/airflow/example_dags/example_params_trigger_ui.py for tasks to queue
[2025-02-22T22:12:11.045+0000] {logging_mixin.py:154} INFO - [2025-02-22T22:12:11.044+0000] {dagbag.py:536} INFO - Filling up the DagBag from /home/airflow/.local/lib/python3.10/site-packages/airflow/example_dags/example_params_trigger_ui.py
[2025-02-22T22:12:11.059+0000] {processor.py:839} INFO - DAG(s) dict_keys(['example_params_trigger_ui']) retrieved from /home/airflow/.local/lib/python3.10/site-packages/airflow/example_dags/example_params_trigger_ui.py
[2025-02-22T22:12:11.149+0000] {logging_mixin.py:154} INFO - [2025-02-22T22:12:11.148+0000] {dag.py:2941} INFO - Sync 1 DAGs
[2025-02-22T22:12:11.169+0000] {logging_mixin.py:154} INFO - [2025-02-22T22:12:11.169+0000] {dag.py:3722} INFO - Setting next_dagrun for example_params_trigger_ui to None, run_after=None
[2025-02-22T22:12:11.191+0000] {processor.py:179} INFO - Processing /home/airflow/.local/lib/python3.10/site-packages/airflow/example_dags/example_params_trigger_ui.py took 0.152 seconds
[2025-02-22T22:12:42.022+0000] {processor.py:157} INFO - Started process (PID=568) to work on /home/airflow/.local/lib/python3.10/site-packages/airflow/example_dags/example_params_trigger_ui.py
[2025-02-22T22:12:42.023+0000] {processor.py:829} INFO - Processing file /home/airflow/.local/lib/python3.10/site-packages/airflow/example_dags/example_params_trigger_ui.py for tasks to queue
[2025-02-22T22:12:42.025+0000] {logging_mixin.py:154} INFO - [2025-02-22T22:12:42.025+0000] {dagbag.py:536} INFO - Filling up the DagBag from /home/airflow/.local/lib/python3.10/site-packages/airflow/example_dags/example_params_trigger_ui.py
[2025-02-22T22:12:42.044+0000] {processor.py:839} INFO - DAG(s) dict_keys(['example_params_trigger_ui']) retrieved from /home/airflow/.local/lib/python3.10/site-packages/airflow/example_dags/example_params_trigger_ui.py
[2025-02-22T22:12:42.146+0000] {logging_mixin.py:154} INFO - [2025-02-22T22:12:42.146+0000] {dag.py:2941} INFO - Sync 1 DAGs
[2025-02-22T22:12:42.159+0000] {logging_mixin.py:154} INFO - [2025-02-22T22:12:42.159+0000] {dag.py:3722} INFO - Setting next_dagrun for example_params_trigger_ui to None, run_after=None
[2025-02-22T22:12:42.182+0000] {processor.py:179} INFO - Processing /home/airflow/.local/lib/python3.10/site-packages/airflow/example_dags/example_params_trigger_ui.py took 0.164 seconds
[2025-02-22T22:13:13.164+0000] {processor.py:157} INFO - Started process (PID=636) to work on /home/airflow/.local/lib/python3.10/site-packages/airflow/example_dags/example_params_trigger_ui.py
[2025-02-22T22:13:13.165+0000] {processor.py:829} INFO - Processing file /home/airflow/.local/lib/python3.10/site-packages/airflow/example_dags/example_params_trigger_ui.py for tasks to queue
[2025-02-22T22:13:13.170+0000] {logging_mixin.py:154} INFO - [2025-02-22T22:13:13.170+0000] {dagbag.py:536} INFO - Filling up the DagBag from /home/airflow/.local/lib/python3.10/site-packages/airflow/example_dags/example_params_trigger_ui.py
[2025-02-22T22:13:13.184+0000] {processor.py:839} INFO - DAG(s) dict_keys(['example_params_trigger_ui']) retrieved from /home/airflow/.local/lib/python3.10/site-packages/airflow/example_dags/example_params_trigger_ui.py
[2025-02-22T22:13:13.279+0000] {logging_mixin.py:154} INFO - [2025-02-22T22:13:13.279+0000] {dag.py:2941} INFO - Sync 1 DAGs
[2025-02-22T22:13:13.296+0000] {logging_mixin.py:154} INFO - [2025-02-22T22:13:13.296+0000] {dag.py:3722} INFO - Setting next_dagrun for example_params_trigger_ui to None, run_after=None
[2025-02-22T22:13:13.325+0000] {processor.py:179} INFO - Processing /home/airflow/.local/lib/python3.10/site-packages/airflow/example_dags/example_params_trigger_ui.py took 0.164 seconds
[2025-02-22T22:13:43.664+0000] {processor.py:157} INFO - Started process (PID=696) to work on /home/airflow/.local/lib/python3.10/site-packages/airflow/example_dags/example_params_trigger_ui.py
[2025-02-22T22:13:43.665+0000] {processor.py:829} INFO - Processing file /home/airflow/.local/lib/python3.10/site-packages/airflow/example_dags/example_params_trigger_ui.py for tasks to queue
[2025-02-22T22:13:43.666+0000] {logging_mixin.py:154} INFO - [2025-02-22T22:13:43.666+0000] {dagbag.py:536} INFO - Filling up the DagBag from /home/airflow/.local/lib/python3.10/site-packages/airflow/example_dags/example_params_trigger_ui.py
[2025-02-22T22:13:43.679+0000] {processor.py:839} INFO - DAG(s) dict_keys(['example_params_trigger_ui']) retrieved from /home/airflow/.local/lib/python3.10/site-packages/airflow/example_dags/example_params_trigger_ui.py
[2025-02-22T22:13:43.755+0000] {logging_mixin.py:154} INFO - [2025-02-22T22:13:43.754+0000] {dag.py:2941} INFO - Sync 1 DAGs
[2025-02-22T22:13:43.767+0000] {logging_mixin.py:154} INFO - [2025-02-22T22:13:43.766+0000] {dag.py:3722} INFO - Setting next_dagrun for example_params_trigger_ui to None, run_after=None
[2025-02-22T22:13:43.783+0000] {processor.py:179} INFO - Processing /home/airflow/.local/lib/python3.10/site-packages/airflow/example_dags/example_params_trigger_ui.py took 0.121 seconds
[2025-02-22T22:14:14.215+0000] {processor.py:157} INFO - Started process (PID=764) to work on /home/airflow/.local/lib/python3.10/site-packages/airflow/example_dags/example_params_trigger_ui.py
[2025-02-22T22:14:14.216+0000] {processor.py:829} INFO - Processing file /home/airflow/.local/lib/python3.10/site-packages/airflow/example_dags/example_params_trigger_ui.py for tasks to queue
[2025-02-22T22:14:14.217+0000] {logging_mixin.py:154} INFO - [2025-02-22T22:14:14.217+0000] {dagbag.py:536} INFO - Filling up the DagBag from /home/airflow/.local/lib/python3.10/site-packages/airflow/example_dags/example_params_trigger_ui.py
[2025-02-22T22:14:14.231+0000] {processor.py:839} INFO - DAG(s) dict_keys(['example_params_trigger_ui']) retrieved from /home/airflow/.local/lib/python3.10/site-packages/airflow/example_dags/example_params_trigger_ui.py
[2025-02-22T22:14:14.317+0000] {logging_mixin.py:154} INFO - [2025-02-22T22:14:14.317+0000] {dag.py:2941} INFO - Sync 1 DAGs
[2025-02-22T22:14:14.329+0000] {logging_mixin.py:154} INFO - [2025-02-22T22:14:14.329+0000] {dag.py:3722} INFO - Setting next_dagrun for example_params_trigger_ui to None, run_after=None
[2025-02-22T22:14:14.347+0000] {processor.py:179} INFO - Processing /home/airflow/.local/lib/python3.10/site-packages/airflow/example_dags/example_params_trigger_ui.py took 0.135 seconds
[2025-02-22T22:14:44.925+0000] {processor.py:157} INFO - Started process (PID=832) to work on /home/airflow/.local/lib/python3.10/site-packages/airflow/example_dags/example_params_trigger_ui.py
[2025-02-22T22:14:44.926+0000] {processor.py:829} INFO - Processing file /home/airflow/.local/lib/python3.10/site-packages/airflow/example_dags/example_params_trigger_ui.py for tasks to queue
[2025-02-22T22:14:44.928+0000] {logging_mixin.py:154} INFO - [2025-02-22T22:14:44.927+0000] {dagbag.py:536} INFO - Filling up the DagBag from /home/airflow/.local/lib/python3.10/site-packages/airflow/example_dags/example_params_trigger_ui.py
[2025-02-22T22:14:44.943+0000] {processor.py:839} INFO - DAG(s) dict_keys(['example_params_trigger_ui']) retrieved from /home/airflow/.local/lib/python3.10/site-packages/airflow/example_dags/example_params_trigger_ui.py
[2025-02-22T22:14:45.032+0000] {logging_mixin.py:154} INFO - [2025-02-22T22:14:45.031+0000] {dag.py:2941} INFO - Sync 1 DAGs
[2025-02-22T22:14:45.045+0000] {logging_mixin.py:154} INFO - [2025-02-22T22:14:45.044+0000] {dag.py:3722} INFO - Setting next_dagrun for example_params_trigger_ui to None, run_after=None
[2025-02-22T22:14:45.064+0000] {processor.py:179} INFO - Processing /home/airflow/.local/lib/python3.10/site-packages/airflow/example_dags/example_params_trigger_ui.py took 0.141 seconds
[2025-02-22T22:15:16.224+0000] {processor.py:157} INFO - Started process (PID=894) to work on /home/airflow/.local/lib/python3.10/site-packages/airflow/example_dags/example_params_trigger_ui.py
[2025-02-22T22:15:16.225+0000] {processor.py:829} INFO - Processing file /home/airflow/.local/lib/python3.10/site-packages/airflow/example_dags/example_params_trigger_ui.py for tasks to queue
[2025-02-22T22:15:16.228+0000] {logging_mixin.py:154} INFO - [2025-02-22T22:15:16.227+0000] {dagbag.py:536} INFO - Filling up the DagBag from /home/airflow/.local/lib/python3.10/site-packages/airflow/example_dags/example_params_trigger_ui.py
[2025-02-22T22:15:16.258+0000] {processor.py:839} INFO - DAG(s) dict_keys(['example_params_trigger_ui']) retrieved from /home/airflow/.local/lib/python3.10/site-packages/airflow/example_dags/example_params_trigger_ui.py
[2025-02-22T22:15:16.368+0000] {logging_mixin.py:154} INFO - [2025-02-22T22:15:16.368+0000] {dag.py:2941} INFO - Sync 1 DAGs
[2025-02-22T22:15:16.388+0000] {logging_mixin.py:154} INFO - [2025-02-22T22:15:16.387+0000] {dag.py:3722} INFO - Setting next_dagrun for example_params_trigger_ui to None, run_after=None
[2025-02-22T22:15:16.416+0000] {processor.py:179} INFO - Processing /home/airflow/.local/lib/python3.10/site-packages/airflow/example_dags/example_params_trigger_ui.py took 0.194 seconds
[2025-02-22T22:15:46.574+0000] {processor.py:157} INFO - Started process (PID=962) to work on /home/airflow/.local/lib/python3.10/site-packages/airflow/example_dags/example_params_trigger_ui.py
[2025-02-22T22:15:46.575+0000] {processor.py:829} INFO - Processing file /home/airflow/.local/lib/python3.10/site-packages/airflow/example_dags/example_params_trigger_ui.py for tasks to queue
[2025-02-22T22:15:46.577+0000] {logging_mixin.py:154} INFO - [2025-02-22T22:15:46.576+0000] {dagbag.py:536} INFO - Filling up the DagBag from /home/airflow/.local/lib/python3.10/site-packages/airflow/example_dags/example_params_trigger_ui.py
[2025-02-22T22:15:46.592+0000] {processor.py:839} INFO - DAG(s) dict_keys(['example_params_trigger_ui']) retrieved from /home/airflow/.local/lib/python3.10/site-packages/airflow/example_dags/example_params_trigger_ui.py
[2025-02-22T22:15:46.680+0000] {logging_mixin.py:154} INFO - [2025-02-22T22:15:46.680+0000] {dag.py:2941} INFO - Sync 1 DAGs
[2025-02-22T22:15:46.699+0000] {logging_mixin.py:154} INFO - [2025-02-22T22:15:46.699+0000] {dag.py:3722} INFO - Setting next_dagrun for example_params_trigger_ui to None, run_after=None
[2025-02-22T22:15:46.725+0000] {processor.py:179} INFO - Processing /home/airflow/.local/lib/python3.10/site-packages/airflow/example_dags/example_params_trigger_ui.py took 0.154 seconds
[2025-02-22T22:16:17.716+0000] {processor.py:157} INFO - Started process (PID=1023) to work on /home/airflow/.local/lib/python3.10/site-packages/airflow/example_dags/example_params_trigger_ui.py
[2025-02-22T22:16:17.719+0000] {processor.py:829} INFO - Processing file /home/airflow/.local/lib/python3.10/site-packages/airflow/example_dags/example_params_trigger_ui.py for tasks to queue
[2025-02-22T22:16:17.723+0000] {logging_mixin.py:154} INFO - [2025-02-22T22:16:17.722+0000] {dagbag.py:536} INFO - Filling up the DagBag from /home/airflow/.local/lib/python3.10/site-packages/airflow/example_dags/example_params_trigger_ui.py
[2025-02-22T22:16:17.747+0000] {processor.py:839} INFO - DAG(s) dict_keys(['example_params_trigger_ui']) retrieved from /home/airflow/.local/lib/python3.10/site-packages/airflow/example_dags/example_params_trigger_ui.py
[2025-02-22T22:16:17.878+0000] {logging_mixin.py:154} INFO - [2025-02-22T22:16:17.878+0000] {dag.py:2941} INFO - Sync 1 DAGs
[2025-02-22T22:16:17.897+0000] {logging_mixin.py:154} INFO - [2025-02-22T22:16:17.897+0000] {dag.py:3722} INFO - Setting next_dagrun for example_params_trigger_ui to None, run_after=None
[2025-02-22T22:16:17.920+0000] {processor.py:179} INFO - Processing /home/airflow/.local/lib/python3.10/site-packages/airflow/example_dags/example_params_trigger_ui.py took 0.210 seconds
[2025-02-22T22:16:48.373+0000] {processor.py:157} INFO - Started process (PID=1091) to work on /home/airflow/.local/lib/python3.10/site-packages/airflow/example_dags/example_params_trigger_ui.py
[2025-02-22T22:16:48.375+0000] {processor.py:829} INFO - Processing file /home/airflow/.local/lib/python3.10/site-packages/airflow/example_dags/example_params_trigger_ui.py for tasks to queue
[2025-02-22T22:16:48.380+0000] {logging_mixin.py:154} INFO - [2025-02-22T22:16:48.379+0000] {dagbag.py:536} INFO - Filling up the DagBag from /home/airflow/.local/lib/python3.10/site-packages/airflow/example_dags/example_params_trigger_ui.py
[2025-02-22T22:16:48.408+0000] {processor.py:839} INFO - DAG(s) dict_keys(['example_params_trigger_ui']) retrieved from /home/airflow/.local/lib/python3.10/site-packages/airflow/example_dags/example_params_trigger_ui.py
[2025-02-22T22:16:48.535+0000] {logging_mixin.py:154} INFO - [2025-02-22T22:16:48.534+0000] {dag.py:2941} INFO - Sync 1 DAGs
[2025-02-22T22:16:48.553+0000] {logging_mixin.py:154} INFO - [2025-02-22T22:16:48.553+0000] {dag.py:3722} INFO - Setting next_dagrun for example_params_trigger_ui to None, run_after=None
[2025-02-22T22:16:48.575+0000] {processor.py:179} INFO - Processing /home/airflow/.local/lib/python3.10/site-packages/airflow/example_dags/example_params_trigger_ui.py took 0.210 seconds
