[2025-02-22T21:47:17.781+0000] {processor.py:157} INFO - Started process (PID=61) to work on /home/airflow/.local/lib/python3.10/site-packages/airflow/example_dags/example_latest_only_with_trigger.py
[2025-02-22T21:47:17.782+0000] {processor.py:829} INFO - Processing file /home/airflow/.local/lib/python3.10/site-packages/airflow/example_dags/example_latest_only_with_trigger.py for tasks to queue
[2025-02-22T21:47:17.783+0000] {logging_mixin.py:154} INFO - [2025-02-22T21:47:17.783+0000] {dagbag.py:536} INFO - Filling up the DagBag from /home/airflow/.local/lib/python3.10/site-packages/airflow/example_dags/example_latest_only_with_trigger.py
[2025-02-22T21:47:17.793+0000] {processor.py:839} INFO - DAG(s) dict_keys(['latest_only_with_trigger']) retrieved from /home/airflow/.local/lib/python3.10/site-packages/airflow/example_dags/example_latest_only_with_trigger.py
[2025-02-22T21:47:17.963+0000] {logging_mixin.py:154} INFO - [2025-02-22T21:47:17.963+0000] {manager.py:499} INFO - Created Permission View: %s
[2025-02-22T21:47:17.971+0000] {logging_mixin.py:154} INFO - [2025-02-22T21:47:17.971+0000] {manager.py:499} INFO - Created Permission View: %s
[2025-02-22T21:47:17.975+0000] {logging_mixin.py:154} INFO - [2025-02-22T21:47:17.975+0000] {manager.py:499} INFO - Created Permission View: %s
[2025-02-22T21:47:17.975+0000] {logging_mixin.py:154} INFO - [2025-02-22T21:47:17.975+0000] {dag.py:2941} INFO - Sync 1 DAGs
[2025-02-22T21:47:17.983+0000] {logging_mixin.py:154} INFO - [2025-02-22T21:47:17.983+0000] {dag.py:2963} INFO - Creating ORM DAG for latest_only_with_trigger
[2025-02-22T21:47:17.997+0000] {logging_mixin.py:154} INFO - [2025-02-22T21:47:17.997+0000] {dag.py:3722} INFO - Setting next_dagrun for latest_only_with_trigger to 2025-02-22T17:47:17.996794+00:00, run_after=2025-02-22T21:47:17.996794+00:00
[2025-02-22T21:47:18.011+0000] {processor.py:179} INFO - Processing /home/airflow/.local/lib/python3.10/site-packages/airflow/example_dags/example_latest_only_with_trigger.py took 0.232 seconds
[2025-02-22T21:48:59.402+0000] {processor.py:157} INFO - Started process (PID=61) to work on /home/airflow/.local/lib/python3.10/site-packages/airflow/example_dags/example_latest_only_with_trigger.py
[2025-02-22T21:48:59.404+0000] {processor.py:829} INFO - Processing file /home/airflow/.local/lib/python3.10/site-packages/airflow/example_dags/example_latest_only_with_trigger.py for tasks to queue
[2025-02-22T21:48:59.405+0000] {logging_mixin.py:154} INFO - [2025-02-22T21:48:59.405+0000] {dagbag.py:536} INFO - Filling up the DagBag from /home/airflow/.local/lib/python3.10/site-packages/airflow/example_dags/example_latest_only_with_trigger.py
[2025-02-22T21:48:59.414+0000] {processor.py:839} INFO - DAG(s) dict_keys(['latest_only_with_trigger']) retrieved from /home/airflow/.local/lib/python3.10/site-packages/airflow/example_dags/example_latest_only_with_trigger.py
[2025-02-22T21:48:59.481+0000] {logging_mixin.py:154} INFO - [2025-02-22T21:48:59.481+0000] {dag.py:2941} INFO - Sync 1 DAGs
[2025-02-22T21:48:59.517+0000] {logging_mixin.py:154} INFO - [2025-02-22T21:48:59.516+0000] {dag.py:3722} INFO - Setting next_dagrun for latest_only_with_trigger to 2025-02-22T17:48:59.516358+00:00, run_after=2025-02-22T21:48:59.516358+00:00
[2025-02-22T21:48:59.538+0000] {processor.py:179} INFO - Processing /home/airflow/.local/lib/python3.10/site-packages/airflow/example_dags/example_latest_only_with_trigger.py took 0.138 seconds
[2025-02-22T21:56:49.885+0000] {processor.py:157} INFO - Started process (PID=61) to work on /home/airflow/.local/lib/python3.10/site-packages/airflow/example_dags/example_latest_only_with_trigger.py
[2025-02-22T21:56:49.887+0000] {processor.py:829} INFO - Processing file /home/airflow/.local/lib/python3.10/site-packages/airflow/example_dags/example_latest_only_with_trigger.py for tasks to queue
[2025-02-22T21:56:49.891+0000] {logging_mixin.py:154} INFO - [2025-02-22T21:56:49.890+0000] {dagbag.py:536} INFO - Filling up the DagBag from /home/airflow/.local/lib/python3.10/site-packages/airflow/example_dags/example_latest_only_with_trigger.py
[2025-02-22T21:56:49.903+0000] {processor.py:839} INFO - DAG(s) dict_keys(['latest_only_with_trigger']) retrieved from /home/airflow/.local/lib/python3.10/site-packages/airflow/example_dags/example_latest_only_with_trigger.py
[2025-02-22T21:56:50.009+0000] {logging_mixin.py:154} INFO - [2025-02-22T21:56:50.009+0000] {dag.py:2941} INFO - Sync 1 DAGs
[2025-02-22T21:56:50.055+0000] {logging_mixin.py:154} INFO - [2025-02-22T21:56:50.055+0000] {dag.py:3722} INFO - Setting next_dagrun for latest_only_with_trigger to 2025-02-22T17:56:50.054599+00:00, run_after=2025-02-22T21:56:50.054599+00:00
[2025-02-22T21:56:50.163+0000] {processor.py:179} INFO - Processing /home/airflow/.local/lib/python3.10/site-packages/airflow/example_dags/example_latest_only_with_trigger.py took 0.281 seconds
[2025-02-22T21:57:20.585+0000] {processor.py:157} INFO - Started process (PID=129) to work on /home/airflow/.local/lib/python3.10/site-packages/airflow/example_dags/example_latest_only_with_trigger.py
[2025-02-22T21:57:20.586+0000] {processor.py:829} INFO - Processing file /home/airflow/.local/lib/python3.10/site-packages/airflow/example_dags/example_latest_only_with_trigger.py for tasks to queue
[2025-02-22T21:57:20.587+0000] {logging_mixin.py:154} INFO - [2025-02-22T21:57:20.587+0000] {dagbag.py:536} INFO - Filling up the DagBag from /home/airflow/.local/lib/python3.10/site-packages/airflow/example_dags/example_latest_only_with_trigger.py
[2025-02-22T21:57:20.592+0000] {processor.py:839} INFO - DAG(s) dict_keys(['latest_only_with_trigger']) retrieved from /home/airflow/.local/lib/python3.10/site-packages/airflow/example_dags/example_latest_only_with_trigger.py
[2025-02-22T21:57:20.656+0000] {logging_mixin.py:154} INFO - [2025-02-22T21:57:20.656+0000] {dag.py:2941} INFO - Sync 1 DAGs
[2025-02-22T21:57:20.686+0000] {logging_mixin.py:154} INFO - [2025-02-22T21:57:20.686+0000] {dag.py:3722} INFO - Setting next_dagrun for latest_only_with_trigger to 2025-02-22T17:57:20.685911+00:00, run_after=2025-02-22T21:57:20.685911+00:00
[2025-02-22T21:57:20.703+0000] {processor.py:179} INFO - Processing /home/airflow/.local/lib/python3.10/site-packages/airflow/example_dags/example_latest_only_with_trigger.py took 0.120 seconds
[2025-02-22T21:59:53.893+0000] {processor.py:157} INFO - Started process (PID=61) to work on /home/airflow/.local/lib/python3.10/site-packages/airflow/example_dags/example_latest_only_with_trigger.py
[2025-02-22T21:59:53.895+0000] {processor.py:829} INFO - Processing file /home/airflow/.local/lib/python3.10/site-packages/airflow/example_dags/example_latest_only_with_trigger.py for tasks to queue
[2025-02-22T21:59:53.898+0000] {logging_mixin.py:154} INFO - [2025-02-22T21:59:53.897+0000] {dagbag.py:536} INFO - Filling up the DagBag from /home/airflow/.local/lib/python3.10/site-packages/airflow/example_dags/example_latest_only_with_trigger.py
[2025-02-22T21:59:53.926+0000] {processor.py:839} INFO - DAG(s) dict_keys(['latest_only_with_trigger']) retrieved from /home/airflow/.local/lib/python3.10/site-packages/airflow/example_dags/example_latest_only_with_trigger.py
[2025-02-22T21:59:54.039+0000] {logging_mixin.py:154} INFO - [2025-02-22T21:59:54.039+0000] {dag.py:2941} INFO - Sync 1 DAGs
[2025-02-22T21:59:54.098+0000] {logging_mixin.py:154} INFO - [2025-02-22T21:59:54.098+0000] {dag.py:3722} INFO - Setting next_dagrun for latest_only_with_trigger to 2025-02-22T17:59:54.097848+00:00, run_after=2025-02-22T21:59:54.097848+00:00
[2025-02-22T21:59:54.156+0000] {processor.py:179} INFO - Processing /home/airflow/.local/lib/python3.10/site-packages/airflow/example_dags/example_latest_only_with_trigger.py took 0.267 seconds
[2025-02-22T22:00:24.362+0000] {processor.py:157} INFO - Started process (PID=129) to work on /home/airflow/.local/lib/python3.10/site-packages/airflow/example_dags/example_latest_only_with_trigger.py
[2025-02-22T22:00:24.362+0000] {processor.py:829} INFO - Processing file /home/airflow/.local/lib/python3.10/site-packages/airflow/example_dags/example_latest_only_with_trigger.py for tasks to queue
[2025-02-22T22:00:24.364+0000] {logging_mixin.py:154} INFO - [2025-02-22T22:00:24.363+0000] {dagbag.py:536} INFO - Filling up the DagBag from /home/airflow/.local/lib/python3.10/site-packages/airflow/example_dags/example_latest_only_with_trigger.py
[2025-02-22T22:00:24.369+0000] {processor.py:839} INFO - DAG(s) dict_keys(['latest_only_with_trigger']) retrieved from /home/airflow/.local/lib/python3.10/site-packages/airflow/example_dags/example_latest_only_with_trigger.py
[2025-02-22T22:00:24.431+0000] {logging_mixin.py:154} INFO - [2025-02-22T22:00:24.431+0000] {dag.py:2941} INFO - Sync 1 DAGs
[2025-02-22T22:00:24.456+0000] {logging_mixin.py:154} INFO - [2025-02-22T22:00:24.456+0000] {dag.py:3722} INFO - Setting next_dagrun for latest_only_with_trigger to 2025-02-22T18:00:24.456382+00:00, run_after=2025-02-22T22:00:24.456382+00:00
[2025-02-22T22:00:24.475+0000] {processor.py:179} INFO - Processing /home/airflow/.local/lib/python3.10/site-packages/airflow/example_dags/example_latest_only_with_trigger.py took 0.115 seconds
[2025-02-22T22:00:54.576+0000] {processor.py:157} INFO - Started process (PID=190) to work on /home/airflow/.local/lib/python3.10/site-packages/airflow/example_dags/example_latest_only_with_trigger.py
[2025-02-22T22:00:54.577+0000] {processor.py:829} INFO - Processing file /home/airflow/.local/lib/python3.10/site-packages/airflow/example_dags/example_latest_only_with_trigger.py for tasks to queue
[2025-02-22T22:00:54.578+0000] {logging_mixin.py:154} INFO - [2025-02-22T22:00:54.578+0000] {dagbag.py:536} INFO - Filling up the DagBag from /home/airflow/.local/lib/python3.10/site-packages/airflow/example_dags/example_latest_only_with_trigger.py
[2025-02-22T22:00:54.584+0000] {processor.py:839} INFO - DAG(s) dict_keys(['latest_only_with_trigger']) retrieved from /home/airflow/.local/lib/python3.10/site-packages/airflow/example_dags/example_latest_only_with_trigger.py
[2025-02-22T22:00:54.650+0000] {logging_mixin.py:154} INFO - [2025-02-22T22:00:54.650+0000] {dag.py:2941} INFO - Sync 1 DAGs
[2025-02-22T22:00:54.684+0000] {logging_mixin.py:154} INFO - [2025-02-22T22:00:54.683+0000] {dag.py:3722} INFO - Setting next_dagrun for latest_only_with_trigger to 2025-02-22T18:00:54.683477+00:00, run_after=2025-02-22T22:00:54.683477+00:00
[2025-02-22T22:00:54.703+0000] {processor.py:179} INFO - Processing /home/airflow/.local/lib/python3.10/site-packages/airflow/example_dags/example_latest_only_with_trigger.py took 0.129 seconds
[2025-02-22T22:01:25.089+0000] {processor.py:157} INFO - Started process (PID=258) to work on /home/airflow/.local/lib/python3.10/site-packages/airflow/example_dags/example_latest_only_with_trigger.py
[2025-02-22T22:01:25.090+0000] {processor.py:829} INFO - Processing file /home/airflow/.local/lib/python3.10/site-packages/airflow/example_dags/example_latest_only_with_trigger.py for tasks to queue
[2025-02-22T22:01:25.091+0000] {logging_mixin.py:154} INFO - [2025-02-22T22:01:25.091+0000] {dagbag.py:536} INFO - Filling up the DagBag from /home/airflow/.local/lib/python3.10/site-packages/airflow/example_dags/example_latest_only_with_trigger.py
[2025-02-22T22:01:25.096+0000] {processor.py:839} INFO - DAG(s) dict_keys(['latest_only_with_trigger']) retrieved from /home/airflow/.local/lib/python3.10/site-packages/airflow/example_dags/example_latest_only_with_trigger.py
[2025-02-22T22:01:25.164+0000] {logging_mixin.py:154} INFO - [2025-02-22T22:01:25.164+0000] {dag.py:2941} INFO - Sync 1 DAGs
[2025-02-22T22:01:25.193+0000] {logging_mixin.py:154} INFO - [2025-02-22T22:01:25.193+0000] {dag.py:3722} INFO - Setting next_dagrun for latest_only_with_trigger to 2025-02-22T18:01:25.192909+00:00, run_after=2025-02-22T22:01:25.192909+00:00
[2025-02-22T22:01:25.211+0000] {processor.py:179} INFO - Processing /home/airflow/.local/lib/python3.10/site-packages/airflow/example_dags/example_latest_only_with_trigger.py took 0.124 seconds
[2025-02-22T22:01:55.681+0000] {processor.py:157} INFO - Started process (PID=318) to work on /home/airflow/.local/lib/python3.10/site-packages/airflow/example_dags/example_latest_only_with_trigger.py
[2025-02-22T22:01:55.682+0000] {processor.py:829} INFO - Processing file /home/airflow/.local/lib/python3.10/site-packages/airflow/example_dags/example_latest_only_with_trigger.py for tasks to queue
[2025-02-22T22:01:55.683+0000] {logging_mixin.py:154} INFO - [2025-02-22T22:01:55.683+0000] {dagbag.py:536} INFO - Filling up the DagBag from /home/airflow/.local/lib/python3.10/site-packages/airflow/example_dags/example_latest_only_with_trigger.py
[2025-02-22T22:01:55.690+0000] {processor.py:839} INFO - DAG(s) dict_keys(['latest_only_with_trigger']) retrieved from /home/airflow/.local/lib/python3.10/site-packages/airflow/example_dags/example_latest_only_with_trigger.py
[2025-02-22T22:01:55.767+0000] {logging_mixin.py:154} INFO - [2025-02-22T22:01:55.767+0000] {dag.py:2941} INFO - Sync 1 DAGs
[2025-02-22T22:01:55.796+0000] {logging_mixin.py:154} INFO - [2025-02-22T22:01:55.796+0000] {dag.py:3722} INFO - Setting next_dagrun for latest_only_with_trigger to 2025-02-22T18:01:55.796303+00:00, run_after=2025-02-22T22:01:55.796303+00:00
[2025-02-22T22:01:55.814+0000] {processor.py:179} INFO - Processing /home/airflow/.local/lib/python3.10/site-packages/airflow/example_dags/example_latest_only_with_trigger.py took 0.137 seconds
[2025-02-22T22:02:26.560+0000] {processor.py:157} INFO - Started process (PID=385) to work on /home/airflow/.local/lib/python3.10/site-packages/airflow/example_dags/example_latest_only_with_trigger.py
[2025-02-22T22:02:26.561+0000] {processor.py:829} INFO - Processing file /home/airflow/.local/lib/python3.10/site-packages/airflow/example_dags/example_latest_only_with_trigger.py for tasks to queue
[2025-02-22T22:02:26.563+0000] {logging_mixin.py:154} INFO - [2025-02-22T22:02:26.563+0000] {dagbag.py:536} INFO - Filling up the DagBag from /home/airflow/.local/lib/python3.10/site-packages/airflow/example_dags/example_latest_only_with_trigger.py
[2025-02-22T22:02:26.570+0000] {processor.py:839} INFO - DAG(s) dict_keys(['latest_only_with_trigger']) retrieved from /home/airflow/.local/lib/python3.10/site-packages/airflow/example_dags/example_latest_only_with_trigger.py
[2025-02-22T22:02:26.639+0000] {logging_mixin.py:154} INFO - [2025-02-22T22:02:26.639+0000] {dag.py:2941} INFO - Sync 1 DAGs
[2025-02-22T22:02:26.666+0000] {logging_mixin.py:154} INFO - [2025-02-22T22:02:26.666+0000] {dag.py:3722} INFO - Setting next_dagrun for latest_only_with_trigger to 2025-02-22T18:02:26.665687+00:00, run_after=2025-02-22T22:02:26.665687+00:00
[2025-02-22T22:02:26.685+0000] {processor.py:179} INFO - Processing /home/airflow/.local/lib/python3.10/site-packages/airflow/example_dags/example_latest_only_with_trigger.py took 0.128 seconds
[2025-02-22T22:02:57.344+0000] {processor.py:157} INFO - Started process (PID=446) to work on /home/airflow/.local/lib/python3.10/site-packages/airflow/example_dags/example_latest_only_with_trigger.py
[2025-02-22T22:02:57.345+0000] {processor.py:829} INFO - Processing file /home/airflow/.local/lib/python3.10/site-packages/airflow/example_dags/example_latest_only_with_trigger.py for tasks to queue
[2025-02-22T22:02:57.346+0000] {logging_mixin.py:154} INFO - [2025-02-22T22:02:57.346+0000] {dagbag.py:536} INFO - Filling up the DagBag from /home/airflow/.local/lib/python3.10/site-packages/airflow/example_dags/example_latest_only_with_trigger.py
[2025-02-22T22:02:57.352+0000] {processor.py:839} INFO - DAG(s) dict_keys(['latest_only_with_trigger']) retrieved from /home/airflow/.local/lib/python3.10/site-packages/airflow/example_dags/example_latest_only_with_trigger.py
[2025-02-22T22:02:57.419+0000] {logging_mixin.py:154} INFO - [2025-02-22T22:02:57.419+0000] {dag.py:2941} INFO - Sync 1 DAGs
[2025-02-22T22:02:57.445+0000] {logging_mixin.py:154} INFO - [2025-02-22T22:02:57.445+0000] {dag.py:3722} INFO - Setting next_dagrun for latest_only_with_trigger to 2025-02-22T18:02:57.445433+00:00, run_after=2025-02-22T22:02:57.445433+00:00
[2025-02-22T22:02:57.464+0000] {processor.py:179} INFO - Processing /home/airflow/.local/lib/python3.10/site-packages/airflow/example_dags/example_latest_only_with_trigger.py took 0.122 seconds
[2025-02-22T22:03:42.550+0000] {processor.py:157} INFO - Started process (PID=62) to work on /home/airflow/.local/lib/python3.10/site-packages/airflow/example_dags/example_latest_only_with_trigger.py
[2025-02-22T22:03:42.552+0000] {processor.py:829} INFO - Processing file /home/airflow/.local/lib/python3.10/site-packages/airflow/example_dags/example_latest_only_with_trigger.py for tasks to queue
[2025-02-22T22:03:42.555+0000] {logging_mixin.py:154} INFO - [2025-02-22T22:03:42.554+0000] {dagbag.py:536} INFO - Filling up the DagBag from /home/airflow/.local/lib/python3.10/site-packages/airflow/example_dags/example_latest_only_with_trigger.py
[2025-02-22T22:03:42.572+0000] {processor.py:839} INFO - DAG(s) dict_keys(['latest_only_with_trigger']) retrieved from /home/airflow/.local/lib/python3.10/site-packages/airflow/example_dags/example_latest_only_with_trigger.py
[2025-02-22T22:03:42.666+0000] {logging_mixin.py:154} INFO - [2025-02-22T22:03:42.666+0000] {dag.py:2941} INFO - Sync 1 DAGs
[2025-02-22T22:03:42.719+0000] {logging_mixin.py:154} INFO - [2025-02-22T22:03:42.719+0000] {dag.py:3722} INFO - Setting next_dagrun for latest_only_with_trigger to 2025-02-22T18:03:42.718431+00:00, run_after=2025-02-22T22:03:42.718431+00:00
[2025-02-22T22:03:42.763+0000] {processor.py:179} INFO - Processing /home/airflow/.local/lib/python3.10/site-packages/airflow/example_dags/example_latest_only_with_trigger.py took 0.217 seconds
[2025-02-22T22:04:12.903+0000] {processor.py:157} INFO - Started process (PID=130) to work on /home/airflow/.local/lib/python3.10/site-packages/airflow/example_dags/example_latest_only_with_trigger.py
[2025-02-22T22:04:12.904+0000] {processor.py:829} INFO - Processing file /home/airflow/.local/lib/python3.10/site-packages/airflow/example_dags/example_latest_only_with_trigger.py for tasks to queue
[2025-02-22T22:04:12.905+0000] {logging_mixin.py:154} INFO - [2025-02-22T22:04:12.905+0000] {dagbag.py:536} INFO - Filling up the DagBag from /home/airflow/.local/lib/python3.10/site-packages/airflow/example_dags/example_latest_only_with_trigger.py
[2025-02-22T22:04:12.911+0000] {processor.py:839} INFO - DAG(s) dict_keys(['latest_only_with_trigger']) retrieved from /home/airflow/.local/lib/python3.10/site-packages/airflow/example_dags/example_latest_only_with_trigger.py
[2025-02-22T22:04:12.978+0000] {logging_mixin.py:154} INFO - [2025-02-22T22:04:12.978+0000] {dag.py:2941} INFO - Sync 1 DAGs
[2025-02-22T22:04:13.005+0000] {logging_mixin.py:154} INFO - [2025-02-22T22:04:13.005+0000] {dag.py:3722} INFO - Setting next_dagrun for latest_only_with_trigger to 2025-02-22T18:04:13.004743+00:00, run_after=2025-02-22T22:04:13.004743+00:00
[2025-02-22T22:04:13.024+0000] {processor.py:179} INFO - Processing /home/airflow/.local/lib/python3.10/site-packages/airflow/example_dags/example_latest_only_with_trigger.py took 0.124 seconds
[2025-02-22T22:04:43.088+0000] {processor.py:157} INFO - Started process (PID=191) to work on /home/airflow/.local/lib/python3.10/site-packages/airflow/example_dags/example_latest_only_with_trigger.py
[2025-02-22T22:04:43.089+0000] {processor.py:829} INFO - Processing file /home/airflow/.local/lib/python3.10/site-packages/airflow/example_dags/example_latest_only_with_trigger.py for tasks to queue
[2025-02-22T22:04:43.093+0000] {logging_mixin.py:154} INFO - [2025-02-22T22:04:43.092+0000] {dagbag.py:536} INFO - Filling up the DagBag from /home/airflow/.local/lib/python3.10/site-packages/airflow/example_dags/example_latest_only_with_trigger.py
[2025-02-22T22:04:43.098+0000] {processor.py:839} INFO - DAG(s) dict_keys(['latest_only_with_trigger']) retrieved from /home/airflow/.local/lib/python3.10/site-packages/airflow/example_dags/example_latest_only_with_trigger.py
[2025-02-22T22:04:43.168+0000] {logging_mixin.py:154} INFO - [2025-02-22T22:04:43.167+0000] {dag.py:2941} INFO - Sync 1 DAGs
[2025-02-22T22:04:43.200+0000] {logging_mixin.py:154} INFO - [2025-02-22T22:04:43.200+0000] {dag.py:3722} INFO - Setting next_dagrun for latest_only_with_trigger to 2025-02-22T18:04:43.200224+00:00, run_after=2025-02-22T22:04:43.200224+00:00
[2025-02-22T22:04:43.224+0000] {processor.py:179} INFO - Processing /home/airflow/.local/lib/python3.10/site-packages/airflow/example_dags/example_latest_only_with_trigger.py took 0.139 seconds
[2025-02-22T22:05:13.805+0000] {processor.py:157} INFO - Started process (PID=259) to work on /home/airflow/.local/lib/python3.10/site-packages/airflow/example_dags/example_latest_only_with_trigger.py
[2025-02-22T22:05:13.806+0000] {processor.py:829} INFO - Processing file /home/airflow/.local/lib/python3.10/site-packages/airflow/example_dags/example_latest_only_with_trigger.py for tasks to queue
[2025-02-22T22:05:13.809+0000] {logging_mixin.py:154} INFO - [2025-02-22T22:05:13.809+0000] {dagbag.py:536} INFO - Filling up the DagBag from /home/airflow/.local/lib/python3.10/site-packages/airflow/example_dags/example_latest_only_with_trigger.py
[2025-02-22T22:05:13.815+0000] {processor.py:839} INFO - DAG(s) dict_keys(['latest_only_with_trigger']) retrieved from /home/airflow/.local/lib/python3.10/site-packages/airflow/example_dags/example_latest_only_with_trigger.py
[2025-02-22T22:05:13.888+0000] {logging_mixin.py:154} INFO - [2025-02-22T22:05:13.888+0000] {dag.py:2941} INFO - Sync 1 DAGs
[2025-02-22T22:05:13.917+0000] {logging_mixin.py:154} INFO - [2025-02-22T22:05:13.916+0000] {dag.py:3722} INFO - Setting next_dagrun for latest_only_with_trigger to 2025-02-22T18:05:13.916644+00:00, run_after=2025-02-22T22:05:13.916644+00:00
[2025-02-22T22:05:13.937+0000] {processor.py:179} INFO - Processing /home/airflow/.local/lib/python3.10/site-packages/airflow/example_dags/example_latest_only_with_trigger.py took 0.133 seconds
[2025-02-22T22:05:44.287+0000] {processor.py:157} INFO - Started process (PID=320) to work on /home/airflow/.local/lib/python3.10/site-packages/airflow/example_dags/example_latest_only_with_trigger.py
[2025-02-22T22:05:44.288+0000] {processor.py:829} INFO - Processing file /home/airflow/.local/lib/python3.10/site-packages/airflow/example_dags/example_latest_only_with_trigger.py for tasks to queue
[2025-02-22T22:05:44.289+0000] {logging_mixin.py:154} INFO - [2025-02-22T22:05:44.289+0000] {dagbag.py:536} INFO - Filling up the DagBag from /home/airflow/.local/lib/python3.10/site-packages/airflow/example_dags/example_latest_only_with_trigger.py
[2025-02-22T22:05:44.294+0000] {processor.py:839} INFO - DAG(s) dict_keys(['latest_only_with_trigger']) retrieved from /home/airflow/.local/lib/python3.10/site-packages/airflow/example_dags/example_latest_only_with_trigger.py
[2025-02-22T22:05:44.358+0000] {logging_mixin.py:154} INFO - [2025-02-22T22:05:44.358+0000] {dag.py:2941} INFO - Sync 1 DAGs
[2025-02-22T22:05:44.385+0000] {logging_mixin.py:154} INFO - [2025-02-22T22:05:44.385+0000] {dag.py:3722} INFO - Setting next_dagrun for latest_only_with_trigger to 2025-02-22T18:05:44.385303+00:00, run_after=2025-02-22T22:05:44.385303+00:00
[2025-02-22T22:05:44.418+0000] {processor.py:179} INFO - Processing /home/airflow/.local/lib/python3.10/site-packages/airflow/example_dags/example_latest_only_with_trigger.py took 0.134 seconds
[2025-02-22T22:06:14.683+0000] {processor.py:157} INFO - Started process (PID=388) to work on /home/airflow/.local/lib/python3.10/site-packages/airflow/example_dags/example_latest_only_with_trigger.py
[2025-02-22T22:06:14.686+0000] {processor.py:829} INFO - Processing file /home/airflow/.local/lib/python3.10/site-packages/airflow/example_dags/example_latest_only_with_trigger.py for tasks to queue
[2025-02-22T22:06:14.689+0000] {logging_mixin.py:154} INFO - [2025-02-22T22:06:14.689+0000] {dagbag.py:536} INFO - Filling up the DagBag from /home/airflow/.local/lib/python3.10/site-packages/airflow/example_dags/example_latest_only_with_trigger.py
[2025-02-22T22:06:14.695+0000] {processor.py:839} INFO - DAG(s) dict_keys(['latest_only_with_trigger']) retrieved from /home/airflow/.local/lib/python3.10/site-packages/airflow/example_dags/example_latest_only_with_trigger.py
[2025-02-22T22:06:14.769+0000] {logging_mixin.py:154} INFO - [2025-02-22T22:06:14.769+0000] {dag.py:2941} INFO - Sync 1 DAGs
[2025-02-22T22:06:14.797+0000] {logging_mixin.py:154} INFO - [2025-02-22T22:06:14.797+0000] {dag.py:3722} INFO - Setting next_dagrun for latest_only_with_trigger to 2025-02-22T18:06:14.796718+00:00, run_after=2025-02-22T22:06:14.796718+00:00
[2025-02-22T22:06:14.818+0000] {processor.py:179} INFO - Processing /home/airflow/.local/lib/python3.10/site-packages/airflow/example_dags/example_latest_only_with_trigger.py took 0.137 seconds
[2025-02-22T22:06:45.381+0000] {processor.py:157} INFO - Started process (PID=449) to work on /home/airflow/.local/lib/python3.10/site-packages/airflow/example_dags/example_latest_only_with_trigger.py
[2025-02-22T22:06:45.383+0000] {processor.py:829} INFO - Processing file /home/airflow/.local/lib/python3.10/site-packages/airflow/example_dags/example_latest_only_with_trigger.py for tasks to queue
[2025-02-22T22:06:45.386+0000] {logging_mixin.py:154} INFO - [2025-02-22T22:06:45.386+0000] {dagbag.py:536} INFO - Filling up the DagBag from /home/airflow/.local/lib/python3.10/site-packages/airflow/example_dags/example_latest_only_with_trigger.py
[2025-02-22T22:06:45.392+0000] {processor.py:839} INFO - DAG(s) dict_keys(['latest_only_with_trigger']) retrieved from /home/airflow/.local/lib/python3.10/site-packages/airflow/example_dags/example_latest_only_with_trigger.py
[2025-02-22T22:06:45.470+0000] {logging_mixin.py:154} INFO - [2025-02-22T22:06:45.470+0000] {dag.py:2941} INFO - Sync 1 DAGs
[2025-02-22T22:06:45.501+0000] {logging_mixin.py:154} INFO - [2025-02-22T22:06:45.501+0000] {dag.py:3722} INFO - Setting next_dagrun for latest_only_with_trigger to 2025-02-22T18:06:45.501005+00:00, run_after=2025-02-22T22:06:45.501005+00:00
[2025-02-22T22:06:45.522+0000] {processor.py:179} INFO - Processing /home/airflow/.local/lib/python3.10/site-packages/airflow/example_dags/example_latest_only_with_trigger.py took 0.146 seconds
[2025-02-22T22:07:15.974+0000] {processor.py:157} INFO - Started process (PID=517) to work on /home/airflow/.local/lib/python3.10/site-packages/airflow/example_dags/example_latest_only_with_trigger.py
[2025-02-22T22:07:15.977+0000] {processor.py:829} INFO - Processing file /home/airflow/.local/lib/python3.10/site-packages/airflow/example_dags/example_latest_only_with_trigger.py for tasks to queue
[2025-02-22T22:07:15.979+0000] {logging_mixin.py:154} INFO - [2025-02-22T22:07:15.979+0000] {dagbag.py:536} INFO - Filling up the DagBag from /home/airflow/.local/lib/python3.10/site-packages/airflow/example_dags/example_latest_only_with_trigger.py
[2025-02-22T22:07:15.985+0000] {processor.py:839} INFO - DAG(s) dict_keys(['latest_only_with_trigger']) retrieved from /home/airflow/.local/lib/python3.10/site-packages/airflow/example_dags/example_latest_only_with_trigger.py
[2025-02-22T22:07:16.057+0000] {logging_mixin.py:154} INFO - [2025-02-22T22:07:16.056+0000] {dag.py:2941} INFO - Sync 1 DAGs
[2025-02-22T22:07:16.085+0000] {logging_mixin.py:154} INFO - [2025-02-22T22:07:16.085+0000] {dag.py:3722} INFO - Setting next_dagrun for latest_only_with_trigger to 2025-02-22T18:07:16.085351+00:00, run_after=2025-02-22T22:07:16.085351+00:00
[2025-02-22T22:07:16.104+0000] {processor.py:179} INFO - Processing /home/airflow/.local/lib/python3.10/site-packages/airflow/example_dags/example_latest_only_with_trigger.py took 0.133 seconds
[2025-02-22T22:07:46.500+0000] {processor.py:157} INFO - Started process (PID=578) to work on /home/airflow/.local/lib/python3.10/site-packages/airflow/example_dags/example_latest_only_with_trigger.py
[2025-02-22T22:07:46.501+0000] {processor.py:829} INFO - Processing file /home/airflow/.local/lib/python3.10/site-packages/airflow/example_dags/example_latest_only_with_trigger.py for tasks to queue
[2025-02-22T22:07:46.502+0000] {logging_mixin.py:154} INFO - [2025-02-22T22:07:46.502+0000] {dagbag.py:536} INFO - Filling up the DagBag from /home/airflow/.local/lib/python3.10/site-packages/airflow/example_dags/example_latest_only_with_trigger.py
[2025-02-22T22:07:46.508+0000] {processor.py:839} INFO - DAG(s) dict_keys(['latest_only_with_trigger']) retrieved from /home/airflow/.local/lib/python3.10/site-packages/airflow/example_dags/example_latest_only_with_trigger.py
[2025-02-22T22:07:46.575+0000] {logging_mixin.py:154} INFO - [2025-02-22T22:07:46.574+0000] {dag.py:2941} INFO - Sync 1 DAGs
[2025-02-22T22:07:46.602+0000] {logging_mixin.py:154} INFO - [2025-02-22T22:07:46.602+0000] {dag.py:3722} INFO - Setting next_dagrun for latest_only_with_trigger to 2025-02-22T18:07:46.601796+00:00, run_after=2025-02-22T22:07:46.601796+00:00
[2025-02-22T22:07:46.622+0000] {processor.py:179} INFO - Processing /home/airflow/.local/lib/python3.10/site-packages/airflow/example_dags/example_latest_only_with_trigger.py took 0.124 seconds
[2025-02-22T22:08:38.090+0000] {processor.py:157} INFO - Started process (PID=60) to work on /home/airflow/.local/lib/python3.10/site-packages/airflow/example_dags/example_latest_only_with_trigger.py
[2025-02-22T22:08:38.105+0000] {processor.py:829} INFO - Processing file /home/airflow/.local/lib/python3.10/site-packages/airflow/example_dags/example_latest_only_with_trigger.py for tasks to queue
[2025-02-22T22:08:38.117+0000] {logging_mixin.py:154} INFO - [2025-02-22T22:08:38.116+0000] {dagbag.py:536} INFO - Filling up the DagBag from /home/airflow/.local/lib/python3.10/site-packages/airflow/example_dags/example_latest_only_with_trigger.py
[2025-02-22T22:08:38.159+0000] {processor.py:839} INFO - DAG(s) dict_keys(['latest_only_with_trigger']) retrieved from /home/airflow/.local/lib/python3.10/site-packages/airflow/example_dags/example_latest_only_with_trigger.py
[2025-02-22T22:08:38.285+0000] {logging_mixin.py:154} INFO - [2025-02-22T22:08:38.284+0000] {dag.py:2941} INFO - Sync 1 DAGs
[2025-02-22T22:08:38.366+0000] {logging_mixin.py:154} INFO - [2025-02-22T22:08:38.365+0000] {dag.py:3722} INFO - Setting next_dagrun for latest_only_with_trigger to 2025-02-22T18:08:38.364400+00:00, run_after=2025-02-22T22:08:38.364400+00:00
[2025-02-22T22:08:38.425+0000] {processor.py:179} INFO - Processing /home/airflow/.local/lib/python3.10/site-packages/airflow/example_dags/example_latest_only_with_trigger.py took 0.343 seconds
[2025-02-22T22:09:08.859+0000] {processor.py:157} INFO - Started process (PID=128) to work on /home/airflow/.local/lib/python3.10/site-packages/airflow/example_dags/example_latest_only_with_trigger.py
[2025-02-22T22:09:08.860+0000] {processor.py:829} INFO - Processing file /home/airflow/.local/lib/python3.10/site-packages/airflow/example_dags/example_latest_only_with_trigger.py for tasks to queue
[2025-02-22T22:09:08.861+0000] {logging_mixin.py:154} INFO - [2025-02-22T22:09:08.861+0000] {dagbag.py:536} INFO - Filling up the DagBag from /home/airflow/.local/lib/python3.10/site-packages/airflow/example_dags/example_latest_only_with_trigger.py
[2025-02-22T22:09:08.867+0000] {processor.py:839} INFO - DAG(s) dict_keys(['latest_only_with_trigger']) retrieved from /home/airflow/.local/lib/python3.10/site-packages/airflow/example_dags/example_latest_only_with_trigger.py
[2025-02-22T22:09:08.931+0000] {logging_mixin.py:154} INFO - [2025-02-22T22:09:08.931+0000] {dag.py:2941} INFO - Sync 1 DAGs
[2025-02-22T22:09:08.964+0000] {logging_mixin.py:154} INFO - [2025-02-22T22:09:08.964+0000] {dag.py:3722} INFO - Setting next_dagrun for latest_only_with_trigger to 2025-02-22T18:09:08.964109+00:00, run_after=2025-02-22T22:09:08.964109+00:00
[2025-02-22T22:09:08.984+0000] {processor.py:179} INFO - Processing /home/airflow/.local/lib/python3.10/site-packages/airflow/example_dags/example_latest_only_with_trigger.py took 0.126 seconds
[2025-02-22T22:09:39.235+0000] {processor.py:157} INFO - Started process (PID=188) to work on /home/airflow/.local/lib/python3.10/site-packages/airflow/example_dags/example_latest_only_with_trigger.py
[2025-02-22T22:09:39.236+0000] {processor.py:829} INFO - Processing file /home/airflow/.local/lib/python3.10/site-packages/airflow/example_dags/example_latest_only_with_trigger.py for tasks to queue
[2025-02-22T22:09:39.237+0000] {logging_mixin.py:154} INFO - [2025-02-22T22:09:39.237+0000] {dagbag.py:536} INFO - Filling up the DagBag from /home/airflow/.local/lib/python3.10/site-packages/airflow/example_dags/example_latest_only_with_trigger.py
[2025-02-22T22:09:39.246+0000] {processor.py:839} INFO - DAG(s) dict_keys(['latest_only_with_trigger']) retrieved from /home/airflow/.local/lib/python3.10/site-packages/airflow/example_dags/example_latest_only_with_trigger.py
[2025-02-22T22:09:39.331+0000] {logging_mixin.py:154} INFO - [2025-02-22T22:09:39.331+0000] {dag.py:2941} INFO - Sync 1 DAGs
[2025-02-22T22:09:39.366+0000] {logging_mixin.py:154} INFO - [2025-02-22T22:09:39.366+0000] {dag.py:3722} INFO - Setting next_dagrun for latest_only_with_trigger to 2025-02-22T18:09:39.365724+00:00, run_after=2025-02-22T22:09:39.365724+00:00
[2025-02-22T22:09:39.398+0000] {processor.py:179} INFO - Processing /home/airflow/.local/lib/python3.10/site-packages/airflow/example_dags/example_latest_only_with_trigger.py took 0.165 seconds
[2025-02-22T22:10:09.476+0000] {processor.py:157} INFO - Started process (PID=256) to work on /home/airflow/.local/lib/python3.10/site-packages/airflow/example_dags/example_latest_only_with_trigger.py
[2025-02-22T22:10:09.477+0000] {processor.py:829} INFO - Processing file /home/airflow/.local/lib/python3.10/site-packages/airflow/example_dags/example_latest_only_with_trigger.py for tasks to queue
[2025-02-22T22:10:09.479+0000] {logging_mixin.py:154} INFO - [2025-02-22T22:10:09.479+0000] {dagbag.py:536} INFO - Filling up the DagBag from /home/airflow/.local/lib/python3.10/site-packages/airflow/example_dags/example_latest_only_with_trigger.py
[2025-02-22T22:10:09.486+0000] {processor.py:839} INFO - DAG(s) dict_keys(['latest_only_with_trigger']) retrieved from /home/airflow/.local/lib/python3.10/site-packages/airflow/example_dags/example_latest_only_with_trigger.py
[2025-02-22T22:10:09.561+0000] {logging_mixin.py:154} INFO - [2025-02-22T22:10:09.561+0000] {dag.py:2941} INFO - Sync 1 DAGs
[2025-02-22T22:10:09.592+0000] {logging_mixin.py:154} INFO - [2025-02-22T22:10:09.592+0000] {dag.py:3722} INFO - Setting next_dagrun for latest_only_with_trigger to 2025-02-22T18:10:09.591705+00:00, run_after=2025-02-22T22:10:09.591705+00:00
[2025-02-22T22:10:09.611+0000] {processor.py:179} INFO - Processing /home/airflow/.local/lib/python3.10/site-packages/airflow/example_dags/example_latest_only_with_trigger.py took 0.137 seconds
[2025-02-22T22:10:39.636+0000] {processor.py:157} INFO - Started process (PID=317) to work on /home/airflow/.local/lib/python3.10/site-packages/airflow/example_dags/example_latest_only_with_trigger.py
[2025-02-22T22:10:39.638+0000] {processor.py:829} INFO - Processing file /home/airflow/.local/lib/python3.10/site-packages/airflow/example_dags/example_latest_only_with_trigger.py for tasks to queue
[2025-02-22T22:10:39.639+0000] {logging_mixin.py:154} INFO - [2025-02-22T22:10:39.639+0000] {dagbag.py:536} INFO - Filling up the DagBag from /home/airflow/.local/lib/python3.10/site-packages/airflow/example_dags/example_latest_only_with_trigger.py
[2025-02-22T22:10:39.645+0000] {processor.py:839} INFO - DAG(s) dict_keys(['latest_only_with_trigger']) retrieved from /home/airflow/.local/lib/python3.10/site-packages/airflow/example_dags/example_latest_only_with_trigger.py
[2025-02-22T22:10:39.713+0000] {logging_mixin.py:154} INFO - [2025-02-22T22:10:39.713+0000] {dag.py:2941} INFO - Sync 1 DAGs
[2025-02-22T22:10:39.739+0000] {logging_mixin.py:154} INFO - [2025-02-22T22:10:39.739+0000] {dag.py:3722} INFO - Setting next_dagrun for latest_only_with_trigger to 2025-02-22T18:10:39.738905+00:00, run_after=2025-02-22T22:10:39.738905+00:00
[2025-02-22T22:10:39.763+0000] {processor.py:179} INFO - Processing /home/airflow/.local/lib/python3.10/site-packages/airflow/example_dags/example_latest_only_with_trigger.py took 0.128 seconds
[2025-02-22T22:11:10.275+0000] {processor.py:157} INFO - Started process (PID=383) to work on /home/airflow/.local/lib/python3.10/site-packages/airflow/example_dags/example_latest_only_with_trigger.py
[2025-02-22T22:11:10.276+0000] {processor.py:829} INFO - Processing file /home/airflow/.local/lib/python3.10/site-packages/airflow/example_dags/example_latest_only_with_trigger.py for tasks to queue
[2025-02-22T22:11:10.281+0000] {logging_mixin.py:154} INFO - [2025-02-22T22:11:10.281+0000] {dagbag.py:536} INFO - Filling up the DagBag from /home/airflow/.local/lib/python3.10/site-packages/airflow/example_dags/example_latest_only_with_trigger.py
[2025-02-22T22:11:10.287+0000] {processor.py:839} INFO - DAG(s) dict_keys(['latest_only_with_trigger']) retrieved from /home/airflow/.local/lib/python3.10/site-packages/airflow/example_dags/example_latest_only_with_trigger.py
[2025-02-22T22:11:10.355+0000] {logging_mixin.py:154} INFO - [2025-02-22T22:11:10.355+0000] {dag.py:2941} INFO - Sync 1 DAGs
[2025-02-22T22:11:10.384+0000] {logging_mixin.py:154} INFO - [2025-02-22T22:11:10.384+0000] {dag.py:3722} INFO - Setting next_dagrun for latest_only_with_trigger to 2025-02-22T18:11:10.384130+00:00, run_after=2025-02-22T22:11:10.384130+00:00
[2025-02-22T22:11:10.409+0000] {processor.py:179} INFO - Processing /home/airflow/.local/lib/python3.10/site-packages/airflow/example_dags/example_latest_only_with_trigger.py took 0.137 seconds
[2025-02-22T22:11:40.952+0000] {processor.py:157} INFO - Started process (PID=444) to work on /home/airflow/.local/lib/python3.10/site-packages/airflow/example_dags/example_latest_only_with_trigger.py
[2025-02-22T22:11:40.955+0000] {processor.py:829} INFO - Processing file /home/airflow/.local/lib/python3.10/site-packages/airflow/example_dags/example_latest_only_with_trigger.py for tasks to queue
[2025-02-22T22:11:40.957+0000] {logging_mixin.py:154} INFO - [2025-02-22T22:11:40.957+0000] {dagbag.py:536} INFO - Filling up the DagBag from /home/airflow/.local/lib/python3.10/site-packages/airflow/example_dags/example_latest_only_with_trigger.py
[2025-02-22T22:11:40.962+0000] {processor.py:839} INFO - DAG(s) dict_keys(['latest_only_with_trigger']) retrieved from /home/airflow/.local/lib/python3.10/site-packages/airflow/example_dags/example_latest_only_with_trigger.py
[2025-02-22T22:11:41.028+0000] {logging_mixin.py:154} INFO - [2025-02-22T22:11:41.027+0000] {dag.py:2941} INFO - Sync 1 DAGs
[2025-02-22T22:11:41.053+0000] {logging_mixin.py:154} INFO - [2025-02-22T22:11:41.053+0000] {dag.py:3722} INFO - Setting next_dagrun for latest_only_with_trigger to 2025-02-22T18:11:41.053139+00:00, run_after=2025-02-22T22:11:41.053139+00:00
[2025-02-22T22:11:41.073+0000] {processor.py:179} INFO - Processing /home/airflow/.local/lib/python3.10/site-packages/airflow/example_dags/example_latest_only_with_trigger.py took 0.122 seconds
[2025-02-22T22:12:11.925+0000] {processor.py:157} INFO - Started process (PID=512) to work on /home/airflow/.local/lib/python3.10/site-packages/airflow/example_dags/example_latest_only_with_trigger.py
[2025-02-22T22:12:11.927+0000] {processor.py:829} INFO - Processing file /home/airflow/.local/lib/python3.10/site-packages/airflow/example_dags/example_latest_only_with_trigger.py for tasks to queue
[2025-02-22T22:12:11.929+0000] {logging_mixin.py:154} INFO - [2025-02-22T22:12:11.929+0000] {dagbag.py:536} INFO - Filling up the DagBag from /home/airflow/.local/lib/python3.10/site-packages/airflow/example_dags/example_latest_only_with_trigger.py
[2025-02-22T22:12:11.936+0000] {processor.py:839} INFO - DAG(s) dict_keys(['latest_only_with_trigger']) retrieved from /home/airflow/.local/lib/python3.10/site-packages/airflow/example_dags/example_latest_only_with_trigger.py
[2025-02-22T22:12:12.014+0000] {logging_mixin.py:154} INFO - [2025-02-22T22:12:12.014+0000] {dag.py:2941} INFO - Sync 1 DAGs
[2025-02-22T22:12:12.048+0000] {logging_mixin.py:154} INFO - [2025-02-22T22:12:12.048+0000] {dag.py:3722} INFO - Setting next_dagrun for latest_only_with_trigger to 2025-02-22T18:12:12.047910+00:00, run_after=2025-02-22T22:12:12.047910+00:00
[2025-02-22T22:12:12.072+0000] {processor.py:179} INFO - Processing /home/airflow/.local/lib/python3.10/site-packages/airflow/example_dags/example_latest_only_with_trigger.py took 0.149 seconds
[2025-02-22T22:12:42.473+0000] {processor.py:157} INFO - Started process (PID=573) to work on /home/airflow/.local/lib/python3.10/site-packages/airflow/example_dags/example_latest_only_with_trigger.py
[2025-02-22T22:12:42.474+0000] {processor.py:829} INFO - Processing file /home/airflow/.local/lib/python3.10/site-packages/airflow/example_dags/example_latest_only_with_trigger.py for tasks to queue
[2025-02-22T22:12:42.477+0000] {logging_mixin.py:154} INFO - [2025-02-22T22:12:42.476+0000] {dagbag.py:536} INFO - Filling up the DagBag from /home/airflow/.local/lib/python3.10/site-packages/airflow/example_dags/example_latest_only_with_trigger.py
[2025-02-22T22:12:42.484+0000] {processor.py:839} INFO - DAG(s) dict_keys(['latest_only_with_trigger']) retrieved from /home/airflow/.local/lib/python3.10/site-packages/airflow/example_dags/example_latest_only_with_trigger.py
[2025-02-22T22:12:42.566+0000] {logging_mixin.py:154} INFO - [2025-02-22T22:12:42.565+0000] {dag.py:2941} INFO - Sync 1 DAGs
[2025-02-22T22:12:42.609+0000] {logging_mixin.py:154} INFO - [2025-02-22T22:12:42.609+0000] {dag.py:3722} INFO - Setting next_dagrun for latest_only_with_trigger to 2025-02-22T18:12:42.608695+00:00, run_after=2025-02-22T22:12:42.608695+00:00
[2025-02-22T22:12:42.633+0000] {processor.py:179} INFO - Processing /home/airflow/.local/lib/python3.10/site-packages/airflow/example_dags/example_latest_only_with_trigger.py took 0.163 seconds
[2025-02-22T22:13:14.028+0000] {processor.py:157} INFO - Started process (PID=640) to work on /home/airflow/.local/lib/python3.10/site-packages/airflow/example_dags/example_latest_only_with_trigger.py
[2025-02-22T22:13:14.030+0000] {processor.py:829} INFO - Processing file /home/airflow/.local/lib/python3.10/site-packages/airflow/example_dags/example_latest_only_with_trigger.py for tasks to queue
[2025-02-22T22:13:14.033+0000] {logging_mixin.py:154} INFO - [2025-02-22T22:13:14.033+0000] {dagbag.py:536} INFO - Filling up the DagBag from /home/airflow/.local/lib/python3.10/site-packages/airflow/example_dags/example_latest_only_with_trigger.py
[2025-02-22T22:13:14.042+0000] {processor.py:839} INFO - DAG(s) dict_keys(['latest_only_with_trigger']) retrieved from /home/airflow/.local/lib/python3.10/site-packages/airflow/example_dags/example_latest_only_with_trigger.py
[2025-02-22T22:13:14.134+0000] {logging_mixin.py:154} INFO - [2025-02-22T22:13:14.134+0000] {dag.py:2941} INFO - Sync 1 DAGs
[2025-02-22T22:13:14.169+0000] {logging_mixin.py:154} INFO - [2025-02-22T22:13:14.169+0000] {dag.py:3722} INFO - Setting next_dagrun for latest_only_with_trigger to 2025-02-22T18:13:14.168911+00:00, run_after=2025-02-22T22:13:14.168911+00:00
[2025-02-22T22:13:14.189+0000] {processor.py:179} INFO - Processing /home/airflow/.local/lib/python3.10/site-packages/airflow/example_dags/example_latest_only_with_trigger.py took 0.165 seconds
[2025-02-22T22:13:44.432+0000] {processor.py:157} INFO - Started process (PID=708) to work on /home/airflow/.local/lib/python3.10/site-packages/airflow/example_dags/example_latest_only_with_trigger.py
[2025-02-22T22:13:44.437+0000] {processor.py:829} INFO - Processing file /home/airflow/.local/lib/python3.10/site-packages/airflow/example_dags/example_latest_only_with_trigger.py for tasks to queue
[2025-02-22T22:13:44.440+0000] {logging_mixin.py:154} INFO - [2025-02-22T22:13:44.439+0000] {dagbag.py:536} INFO - Filling up the DagBag from /home/airflow/.local/lib/python3.10/site-packages/airflow/example_dags/example_latest_only_with_trigger.py
[2025-02-22T22:13:44.446+0000] {processor.py:839} INFO - DAG(s) dict_keys(['latest_only_with_trigger']) retrieved from /home/airflow/.local/lib/python3.10/site-packages/airflow/example_dags/example_latest_only_with_trigger.py
[2025-02-22T22:13:44.525+0000] {logging_mixin.py:154} INFO - [2025-02-22T22:13:44.524+0000] {dag.py:2941} INFO - Sync 1 DAGs
[2025-02-22T22:13:44.563+0000] {logging_mixin.py:154} INFO - [2025-02-22T22:13:44.562+0000] {dag.py:3722} INFO - Setting next_dagrun for latest_only_with_trigger to 2025-02-22T18:13:44.562096+00:00, run_after=2025-02-22T22:13:44.562096+00:00
[2025-02-22T22:13:44.609+0000] {processor.py:179} INFO - Processing /home/airflow/.local/lib/python3.10/site-packages/airflow/example_dags/example_latest_only_with_trigger.py took 0.181 seconds
[2025-02-22T22:14:14.791+0000] {processor.py:157} INFO - Started process (PID=769) to work on /home/airflow/.local/lib/python3.10/site-packages/airflow/example_dags/example_latest_only_with_trigger.py
[2025-02-22T22:14:14.792+0000] {processor.py:829} INFO - Processing file /home/airflow/.local/lib/python3.10/site-packages/airflow/example_dags/example_latest_only_with_trigger.py for tasks to queue
[2025-02-22T22:14:14.795+0000] {logging_mixin.py:154} INFO - [2025-02-22T22:14:14.795+0000] {dagbag.py:536} INFO - Filling up the DagBag from /home/airflow/.local/lib/python3.10/site-packages/airflow/example_dags/example_latest_only_with_trigger.py
[2025-02-22T22:14:14.800+0000] {processor.py:839} INFO - DAG(s) dict_keys(['latest_only_with_trigger']) retrieved from /home/airflow/.local/lib/python3.10/site-packages/airflow/example_dags/example_latest_only_with_trigger.py
[2025-02-22T22:14:14.870+0000] {logging_mixin.py:154} INFO - [2025-02-22T22:14:14.870+0000] {dag.py:2941} INFO - Sync 1 DAGs
[2025-02-22T22:14:14.898+0000] {logging_mixin.py:154} INFO - [2025-02-22T22:14:14.898+0000] {dag.py:3722} INFO - Setting next_dagrun for latest_only_with_trigger to 2025-02-22T18:14:14.897943+00:00, run_after=2025-02-22T22:14:14.897943+00:00
[2025-02-22T22:14:14.916+0000] {processor.py:179} INFO - Processing /home/airflow/.local/lib/python3.10/site-packages/airflow/example_dags/example_latest_only_with_trigger.py took 0.127 seconds
[2025-02-22T22:14:45.636+0000] {processor.py:157} INFO - Started process (PID=837) to work on /home/airflow/.local/lib/python3.10/site-packages/airflow/example_dags/example_latest_only_with_trigger.py
[2025-02-22T22:14:45.637+0000] {processor.py:829} INFO - Processing file /home/airflow/.local/lib/python3.10/site-packages/airflow/example_dags/example_latest_only_with_trigger.py for tasks to queue
[2025-02-22T22:14:45.640+0000] {logging_mixin.py:154} INFO - [2025-02-22T22:14:45.640+0000] {dagbag.py:536} INFO - Filling up the DagBag from /home/airflow/.local/lib/python3.10/site-packages/airflow/example_dags/example_latest_only_with_trigger.py
[2025-02-22T22:14:45.649+0000] {processor.py:839} INFO - DAG(s) dict_keys(['latest_only_with_trigger']) retrieved from /home/airflow/.local/lib/python3.10/site-packages/airflow/example_dags/example_latest_only_with_trigger.py
[2025-02-22T22:14:45.726+0000] {logging_mixin.py:154} INFO - [2025-02-22T22:14:45.726+0000] {dag.py:2941} INFO - Sync 1 DAGs
[2025-02-22T22:14:45.756+0000] {logging_mixin.py:154} INFO - [2025-02-22T22:14:45.755+0000] {dag.py:3722} INFO - Setting next_dagrun for latest_only_with_trigger to 2025-02-22T18:14:45.755440+00:00, run_after=2025-02-22T22:14:45.755440+00:00
[2025-02-22T22:14:45.785+0000] {processor.py:179} INFO - Processing /home/airflow/.local/lib/python3.10/site-packages/airflow/example_dags/example_latest_only_with_trigger.py took 0.152 seconds
[2025-02-22T22:15:16.641+0000] {processor.py:157} INFO - Started process (PID=898) to work on /home/airflow/.local/lib/python3.10/site-packages/airflow/example_dags/example_latest_only_with_trigger.py
[2025-02-22T22:15:16.642+0000] {processor.py:829} INFO - Processing file /home/airflow/.local/lib/python3.10/site-packages/airflow/example_dags/example_latest_only_with_trigger.py for tasks to queue
[2025-02-22T22:15:16.644+0000] {logging_mixin.py:154} INFO - [2025-02-22T22:15:16.643+0000] {dagbag.py:536} INFO - Filling up the DagBag from /home/airflow/.local/lib/python3.10/site-packages/airflow/example_dags/example_latest_only_with_trigger.py
[2025-02-22T22:15:16.649+0000] {processor.py:839} INFO - DAG(s) dict_keys(['latest_only_with_trigger']) retrieved from /home/airflow/.local/lib/python3.10/site-packages/airflow/example_dags/example_latest_only_with_trigger.py
[2025-02-22T22:15:16.724+0000] {logging_mixin.py:154} INFO - [2025-02-22T22:15:16.724+0000] {dag.py:2941} INFO - Sync 1 DAGs
[2025-02-22T22:15:16.760+0000] {logging_mixin.py:154} INFO - [2025-02-22T22:15:16.760+0000] {dag.py:3722} INFO - Setting next_dagrun for latest_only_with_trigger to 2025-02-22T18:15:16.760059+00:00, run_after=2025-02-22T22:15:16.760059+00:00
[2025-02-22T22:15:16.781+0000] {processor.py:179} INFO - Processing /home/airflow/.local/lib/python3.10/site-packages/airflow/example_dags/example_latest_only_with_trigger.py took 0.142 seconds
[2025-02-22T22:15:47.100+0000] {processor.py:157} INFO - Started process (PID=966) to work on /home/airflow/.local/lib/python3.10/site-packages/airflow/example_dags/example_latest_only_with_trigger.py
[2025-02-22T22:15:47.101+0000] {processor.py:829} INFO - Processing file /home/airflow/.local/lib/python3.10/site-packages/airflow/example_dags/example_latest_only_with_trigger.py for tasks to queue
[2025-02-22T22:15:47.103+0000] {logging_mixin.py:154} INFO - [2025-02-22T22:15:47.102+0000] {dagbag.py:536} INFO - Filling up the DagBag from /home/airflow/.local/lib/python3.10/site-packages/airflow/example_dags/example_latest_only_with_trigger.py
[2025-02-22T22:15:47.108+0000] {processor.py:839} INFO - DAG(s) dict_keys(['latest_only_with_trigger']) retrieved from /home/airflow/.local/lib/python3.10/site-packages/airflow/example_dags/example_latest_only_with_trigger.py
[2025-02-22T22:15:47.175+0000] {logging_mixin.py:154} INFO - [2025-02-22T22:15:47.175+0000] {dag.py:2941} INFO - Sync 1 DAGs
[2025-02-22T22:15:47.202+0000] {logging_mixin.py:154} INFO - [2025-02-22T22:15:47.202+0000] {dag.py:3722} INFO - Setting next_dagrun for latest_only_with_trigger to 2025-02-22T18:15:47.201985+00:00, run_after=2025-02-22T22:15:47.201985+00:00
[2025-02-22T22:15:47.220+0000] {processor.py:179} INFO - Processing /home/airflow/.local/lib/python3.10/site-packages/airflow/example_dags/example_latest_only_with_trigger.py took 0.122 seconds
[2025-02-22T22:16:18.162+0000] {processor.py:157} INFO - Started process (PID=1027) to work on /home/airflow/.local/lib/python3.10/site-packages/airflow/example_dags/example_latest_only_with_trigger.py
[2025-02-22T22:16:18.165+0000] {processor.py:829} INFO - Processing file /home/airflow/.local/lib/python3.10/site-packages/airflow/example_dags/example_latest_only_with_trigger.py for tasks to queue
[2025-02-22T22:16:18.167+0000] {logging_mixin.py:154} INFO - [2025-02-22T22:16:18.167+0000] {dagbag.py:536} INFO - Filling up the DagBag from /home/airflow/.local/lib/python3.10/site-packages/airflow/example_dags/example_latest_only_with_trigger.py
[2025-02-22T22:16:18.180+0000] {processor.py:839} INFO - DAG(s) dict_keys(['latest_only_with_trigger']) retrieved from /home/airflow/.local/lib/python3.10/site-packages/airflow/example_dags/example_latest_only_with_trigger.py
[2025-02-22T22:16:18.282+0000] {logging_mixin.py:154} INFO - [2025-02-22T22:16:18.282+0000] {dag.py:2941} INFO - Sync 1 DAGs
[2025-02-22T22:16:18.315+0000] {logging_mixin.py:154} INFO - [2025-02-22T22:16:18.315+0000] {dag.py:3722} INFO - Setting next_dagrun for latest_only_with_trigger to 2025-02-22T18:16:18.314819+00:00, run_after=2025-02-22T22:16:18.314819+00:00
[2025-02-22T22:16:18.336+0000] {processor.py:179} INFO - Processing /home/airflow/.local/lib/python3.10/site-packages/airflow/example_dags/example_latest_only_with_trigger.py took 0.181 seconds
[2025-02-22T22:16:48.764+0000] {processor.py:157} INFO - Started process (PID=1095) to work on /home/airflow/.local/lib/python3.10/site-packages/airflow/example_dags/example_latest_only_with_trigger.py
[2025-02-22T22:16:48.766+0000] {processor.py:829} INFO - Processing file /home/airflow/.local/lib/python3.10/site-packages/airflow/example_dags/example_latest_only_with_trigger.py for tasks to queue
[2025-02-22T22:16:48.767+0000] {logging_mixin.py:154} INFO - [2025-02-22T22:16:48.767+0000] {dagbag.py:536} INFO - Filling up the DagBag from /home/airflow/.local/lib/python3.10/site-packages/airflow/example_dags/example_latest_only_with_trigger.py
[2025-02-22T22:16:48.774+0000] {processor.py:839} INFO - DAG(s) dict_keys(['latest_only_with_trigger']) retrieved from /home/airflow/.local/lib/python3.10/site-packages/airflow/example_dags/example_latest_only_with_trigger.py
[2025-02-22T22:16:48.839+0000] {logging_mixin.py:154} INFO - [2025-02-22T22:16:48.839+0000] {dag.py:2941} INFO - Sync 1 DAGs
[2025-02-22T22:16:48.867+0000] {logging_mixin.py:154} INFO - [2025-02-22T22:16:48.867+0000] {dag.py:3722} INFO - Setting next_dagrun for latest_only_with_trigger to 2025-02-22T18:16:48.866995+00:00, run_after=2025-02-22T22:16:48.866995+00:00
[2025-02-22T22:16:48.885+0000] {processor.py:179} INFO - Processing /home/airflow/.local/lib/python3.10/site-packages/airflow/example_dags/example_latest_only_with_trigger.py took 0.123 seconds
