[2025-02-22T21:47:13.189+0000] {processor.py:157} INFO - Started process (PID=42) to work on /home/airflow/.local/lib/python3.10/site-packages/airflow/example_dags/example_short_circuit_operator.py
[2025-02-22T21:47:13.191+0000] {processor.py:829} INFO - Processing file /home/airflow/.local/lib/python3.10/site-packages/airflow/example_dags/example_short_circuit_operator.py for tasks to queue
[2025-02-22T21:47:13.195+0000] {logging_mixin.py:154} INFO - [2025-02-22T21:47:13.195+0000] {dagbag.py:536} INFO - Filling up the DagBag from /home/airflow/.local/lib/python3.10/site-packages/airflow/example_dags/example_short_circuit_operator.py
[2025-02-22T21:47:13.220+0000] {processor.py:839} INFO - DAG(s) dict_keys(['example_short_circuit_operator']) retrieved from /home/airflow/.local/lib/python3.10/site-packages/airflow/example_dags/example_short_circuit_operator.py
[2025-02-22T21:47:13.595+0000] {logging_mixin.py:154} INFO - [2025-02-22T21:47:13.594+0000] {manager.py:499} INFO - Created Permission View: %s
[2025-02-22T21:47:13.608+0000] {logging_mixin.py:154} INFO - [2025-02-22T21:47:13.608+0000] {manager.py:499} INFO - Created Permission View: %s
[2025-02-22T21:47:13.620+0000] {logging_mixin.py:154} INFO - [2025-02-22T21:47:13.619+0000] {manager.py:499} INFO - Created Permission View: %s
[2025-02-22T21:47:13.621+0000] {logging_mixin.py:154} INFO - [2025-02-22T21:47:13.621+0000] {dag.py:2941} INFO - Sync 1 DAGs
[2025-02-22T21:47:13.657+0000] {logging_mixin.py:154} INFO - [2025-02-22T21:47:13.657+0000] {dag.py:2963} INFO - Creating ORM DAG for example_short_circuit_operator
[2025-02-22T21:47:13.687+0000] {logging_mixin.py:154} INFO - [2025-02-22T21:47:13.687+0000] {dag.py:3722} INFO - Setting next_dagrun for example_short_circuit_operator to 2025-02-21T21:47:13.685943+00:00, run_after=2025-02-22T21:47:13.685943+00:00
[2025-02-22T21:47:13.739+0000] {processor.py:179} INFO - Processing /home/airflow/.local/lib/python3.10/site-packages/airflow/example_dags/example_short_circuit_operator.py took 0.555 seconds
[2025-02-22T21:48:56.613+0000] {processor.py:157} INFO - Started process (PID=42) to work on /home/airflow/.local/lib/python3.10/site-packages/airflow/example_dags/example_short_circuit_operator.py
[2025-02-22T21:48:56.615+0000] {processor.py:829} INFO - Processing file /home/airflow/.local/lib/python3.10/site-packages/airflow/example_dags/example_short_circuit_operator.py for tasks to queue
[2025-02-22T21:48:56.618+0000] {logging_mixin.py:154} INFO - [2025-02-22T21:48:56.617+0000] {dagbag.py:536} INFO - Filling up the DagBag from /home/airflow/.local/lib/python3.10/site-packages/airflow/example_dags/example_short_circuit_operator.py
[2025-02-22T21:48:56.652+0000] {processor.py:839} INFO - DAG(s) dict_keys(['example_short_circuit_operator']) retrieved from /home/airflow/.local/lib/python3.10/site-packages/airflow/example_dags/example_short_circuit_operator.py
[2025-02-22T21:48:56.824+0000] {logging_mixin.py:154} INFO - [2025-02-22T21:48:56.823+0000] {dag.py:2941} INFO - Sync 1 DAGs
[2025-02-22T21:48:56.901+0000] {logging_mixin.py:154} INFO - [2025-02-22T21:48:56.900+0000] {dag.py:3722} INFO - Setting next_dagrun for example_short_circuit_operator to 2025-02-21T21:48:56.900218+00:00, run_after=2025-02-22T21:48:56.900218+00:00
[2025-02-22T21:48:56.965+0000] {processor.py:179} INFO - Processing /home/airflow/.local/lib/python3.10/site-packages/airflow/example_dags/example_short_circuit_operator.py took 0.359 seconds
[2025-02-22T21:56:46.889+0000] {processor.py:157} INFO - Started process (PID=42) to work on /home/airflow/.local/lib/python3.10/site-packages/airflow/example_dags/example_short_circuit_operator.py
[2025-02-22T21:56:46.892+0000] {processor.py:829} INFO - Processing file /home/airflow/.local/lib/python3.10/site-packages/airflow/example_dags/example_short_circuit_operator.py for tasks to queue
[2025-02-22T21:56:46.902+0000] {logging_mixin.py:154} INFO - [2025-02-22T21:56:46.897+0000] {dagbag.py:536} INFO - Filling up the DagBag from /home/airflow/.local/lib/python3.10/site-packages/airflow/example_dags/example_short_circuit_operator.py
[2025-02-22T21:56:46.926+0000] {processor.py:839} INFO - DAG(s) dict_keys(['example_short_circuit_operator']) retrieved from /home/airflow/.local/lib/python3.10/site-packages/airflow/example_dags/example_short_circuit_operator.py
[2025-02-22T21:56:47.084+0000] {logging_mixin.py:154} INFO - [2025-02-22T21:56:47.083+0000] {dag.py:2941} INFO - Sync 1 DAGs
[2025-02-22T21:56:47.153+0000] {logging_mixin.py:154} INFO - [2025-02-22T21:56:47.152+0000] {dag.py:3722} INFO - Setting next_dagrun for example_short_circuit_operator to 2025-02-21T21:56:47.151988+00:00, run_after=2025-02-22T21:56:47.151988+00:00
[2025-02-22T21:56:47.220+0000] {processor.py:179} INFO - Processing /home/airflow/.local/lib/python3.10/site-packages/airflow/example_dags/example_short_circuit_operator.py took 0.337 seconds
[2025-02-22T21:57:17.482+0000] {processor.py:157} INFO - Started process (PID=110) to work on /home/airflow/.local/lib/python3.10/site-packages/airflow/example_dags/example_short_circuit_operator.py
[2025-02-22T21:57:17.482+0000] {processor.py:829} INFO - Processing file /home/airflow/.local/lib/python3.10/site-packages/airflow/example_dags/example_short_circuit_operator.py for tasks to queue
[2025-02-22T21:57:17.484+0000] {logging_mixin.py:154} INFO - [2025-02-22T21:57:17.484+0000] {dagbag.py:536} INFO - Filling up the DagBag from /home/airflow/.local/lib/python3.10/site-packages/airflow/example_dags/example_short_circuit_operator.py
[2025-02-22T21:57:17.491+0000] {processor.py:839} INFO - DAG(s) dict_keys(['example_short_circuit_operator']) retrieved from /home/airflow/.local/lib/python3.10/site-packages/airflow/example_dags/example_short_circuit_operator.py
[2025-02-22T21:57:17.576+0000] {logging_mixin.py:154} INFO - [2025-02-22T21:57:17.576+0000] {dag.py:2941} INFO - Sync 1 DAGs
[2025-02-22T21:57:17.622+0000] {logging_mixin.py:154} INFO - [2025-02-22T21:57:17.621+0000] {dag.py:3722} INFO - Setting next_dagrun for example_short_circuit_operator to 2025-02-21T21:57:17.621086+00:00, run_after=2025-02-22T21:57:17.621086+00:00
[2025-02-22T21:57:17.657+0000] {processor.py:179} INFO - Processing /home/airflow/.local/lib/python3.10/site-packages/airflow/example_dags/example_short_circuit_operator.py took 0.177 seconds
[2025-02-22T21:59:49.914+0000] {processor.py:157} INFO - Started process (PID=42) to work on /home/airflow/.local/lib/python3.10/site-packages/airflow/example_dags/example_short_circuit_operator.py
[2025-02-22T21:59:49.915+0000] {processor.py:829} INFO - Processing file /home/airflow/.local/lib/python3.10/site-packages/airflow/example_dags/example_short_circuit_operator.py for tasks to queue
[2025-02-22T21:59:49.919+0000] {logging_mixin.py:154} INFO - [2025-02-22T21:59:49.918+0000] {dagbag.py:536} INFO - Filling up the DagBag from /home/airflow/.local/lib/python3.10/site-packages/airflow/example_dags/example_short_circuit_operator.py
[2025-02-22T21:59:49.948+0000] {processor.py:839} INFO - DAG(s) dict_keys(['example_short_circuit_operator']) retrieved from /home/airflow/.local/lib/python3.10/site-packages/airflow/example_dags/example_short_circuit_operator.py
[2025-02-22T21:59:50.044+0000] {logging_mixin.py:154} INFO - [2025-02-22T21:59:50.044+0000] {dag.py:2941} INFO - Sync 1 DAGs
[2025-02-22T21:59:50.116+0000] {logging_mixin.py:154} INFO - [2025-02-22T21:59:50.115+0000] {dag.py:3722} INFO - Setting next_dagrun for example_short_circuit_operator to 2025-02-21T21:59:50.114756+00:00, run_after=2025-02-22T21:59:50.114756+00:00
[2025-02-22T21:59:50.163+0000] {processor.py:179} INFO - Processing /home/airflow/.local/lib/python3.10/site-packages/airflow/example_dags/example_short_circuit_operator.py took 0.254 seconds
[2025-02-22T22:00:20.694+0000] {processor.py:157} INFO - Started process (PID=103) to work on /home/airflow/.local/lib/python3.10/site-packages/airflow/example_dags/example_short_circuit_operator.py
[2025-02-22T22:00:20.695+0000] {processor.py:829} INFO - Processing file /home/airflow/.local/lib/python3.10/site-packages/airflow/example_dags/example_short_circuit_operator.py for tasks to queue
[2025-02-22T22:00:20.697+0000] {logging_mixin.py:154} INFO - [2025-02-22T22:00:20.696+0000] {dagbag.py:536} INFO - Filling up the DagBag from /home/airflow/.local/lib/python3.10/site-packages/airflow/example_dags/example_short_circuit_operator.py
[2025-02-22T22:00:20.703+0000] {processor.py:839} INFO - DAG(s) dict_keys(['example_short_circuit_operator']) retrieved from /home/airflow/.local/lib/python3.10/site-packages/airflow/example_dags/example_short_circuit_operator.py
[2025-02-22T22:00:20.764+0000] {logging_mixin.py:154} INFO - [2025-02-22T22:00:20.764+0000] {dag.py:2941} INFO - Sync 1 DAGs
[2025-02-22T22:00:20.789+0000] {logging_mixin.py:154} INFO - [2025-02-22T22:00:20.789+0000] {dag.py:3722} INFO - Setting next_dagrun for example_short_circuit_operator to 2025-02-21T22:00:20.788775+00:00, run_after=2025-02-22T22:00:20.788775+00:00
[2025-02-22T22:00:20.807+0000] {processor.py:179} INFO - Processing /home/airflow/.local/lib/python3.10/site-packages/airflow/example_dags/example_short_circuit_operator.py took 0.115 seconds
[2025-02-22T22:00:51.128+0000] {processor.py:157} INFO - Started process (PID=171) to work on /home/airflow/.local/lib/python3.10/site-packages/airflow/example_dags/example_short_circuit_operator.py
[2025-02-22T22:00:51.129+0000] {processor.py:829} INFO - Processing file /home/airflow/.local/lib/python3.10/site-packages/airflow/example_dags/example_short_circuit_operator.py for tasks to queue
[2025-02-22T22:00:51.130+0000] {logging_mixin.py:154} INFO - [2025-02-22T22:00:51.130+0000] {dagbag.py:536} INFO - Filling up the DagBag from /home/airflow/.local/lib/python3.10/site-packages/airflow/example_dags/example_short_circuit_operator.py
[2025-02-22T22:00:51.137+0000] {processor.py:839} INFO - DAG(s) dict_keys(['example_short_circuit_operator']) retrieved from /home/airflow/.local/lib/python3.10/site-packages/airflow/example_dags/example_short_circuit_operator.py
[2025-02-22T22:00:51.206+0000] {logging_mixin.py:154} INFO - [2025-02-22T22:00:51.206+0000] {dag.py:2941} INFO - Sync 1 DAGs
[2025-02-22T22:00:51.233+0000] {logging_mixin.py:154} INFO - [2025-02-22T22:00:51.233+0000] {dag.py:3722} INFO - Setting next_dagrun for example_short_circuit_operator to 2025-02-21T22:00:51.232722+00:00, run_after=2025-02-22T22:00:51.232722+00:00
[2025-02-22T22:00:51.252+0000] {processor.py:179} INFO - Processing /home/airflow/.local/lib/python3.10/site-packages/airflow/example_dags/example_short_circuit_operator.py took 0.127 seconds
[2025-02-22T22:01:21.316+0000] {processor.py:157} INFO - Started process (PID=232) to work on /home/airflow/.local/lib/python3.10/site-packages/airflow/example_dags/example_short_circuit_operator.py
[2025-02-22T22:01:21.316+0000] {processor.py:829} INFO - Processing file /home/airflow/.local/lib/python3.10/site-packages/airflow/example_dags/example_short_circuit_operator.py for tasks to queue
[2025-02-22T22:01:21.318+0000] {logging_mixin.py:154} INFO - [2025-02-22T22:01:21.317+0000] {dagbag.py:536} INFO - Filling up the DagBag from /home/airflow/.local/lib/python3.10/site-packages/airflow/example_dags/example_short_circuit_operator.py
[2025-02-22T22:01:21.324+0000] {processor.py:839} INFO - DAG(s) dict_keys(['example_short_circuit_operator']) retrieved from /home/airflow/.local/lib/python3.10/site-packages/airflow/example_dags/example_short_circuit_operator.py
[2025-02-22T22:01:21.391+0000] {logging_mixin.py:154} INFO - [2025-02-22T22:01:21.390+0000] {dag.py:2941} INFO - Sync 1 DAGs
[2025-02-22T22:01:21.417+0000] {logging_mixin.py:154} INFO - [2025-02-22T22:01:21.417+0000] {dag.py:3722} INFO - Setting next_dagrun for example_short_circuit_operator to 2025-02-21T22:01:21.417123+00:00, run_after=2025-02-22T22:01:21.417123+00:00
[2025-02-22T22:01:21.438+0000] {processor.py:179} INFO - Processing /home/airflow/.local/lib/python3.10/site-packages/airflow/example_dags/example_short_circuit_operator.py took 0.124 seconds
[2025-02-22T22:01:52.047+0000] {processor.py:157} INFO - Started process (PID=299) to work on /home/airflow/.local/lib/python3.10/site-packages/airflow/example_dags/example_short_circuit_operator.py
[2025-02-22T22:01:52.052+0000] {processor.py:829} INFO - Processing file /home/airflow/.local/lib/python3.10/site-packages/airflow/example_dags/example_short_circuit_operator.py for tasks to queue
[2025-02-22T22:01:52.057+0000] {logging_mixin.py:154} INFO - [2025-02-22T22:01:52.057+0000] {dagbag.py:536} INFO - Filling up the DagBag from /home/airflow/.local/lib/python3.10/site-packages/airflow/example_dags/example_short_circuit_operator.py
[2025-02-22T22:01:52.077+0000] {processor.py:839} INFO - DAG(s) dict_keys(['example_short_circuit_operator']) retrieved from /home/airflow/.local/lib/python3.10/site-packages/airflow/example_dags/example_short_circuit_operator.py
[2025-02-22T22:01:52.166+0000] {logging_mixin.py:154} INFO - [2025-02-22T22:01:52.165+0000] {dag.py:2941} INFO - Sync 1 DAGs
[2025-02-22T22:01:52.198+0000] {logging_mixin.py:154} INFO - [2025-02-22T22:01:52.197+0000] {dag.py:3722} INFO - Setting next_dagrun for example_short_circuit_operator to 2025-02-21T22:01:52.197380+00:00, run_after=2025-02-22T22:01:52.197380+00:00
[2025-02-22T22:01:52.219+0000] {processor.py:179} INFO - Processing /home/airflow/.local/lib/python3.10/site-packages/airflow/example_dags/example_short_circuit_operator.py took 0.178 seconds
[2025-02-22T22:02:23.012+0000] {processor.py:157} INFO - Started process (PID=366) to work on /home/airflow/.local/lib/python3.10/site-packages/airflow/example_dags/example_short_circuit_operator.py
[2025-02-22T22:02:23.012+0000] {processor.py:829} INFO - Processing file /home/airflow/.local/lib/python3.10/site-packages/airflow/example_dags/example_short_circuit_operator.py for tasks to queue
[2025-02-22T22:02:23.015+0000] {logging_mixin.py:154} INFO - [2025-02-22T22:02:23.014+0000] {dagbag.py:536} INFO - Filling up the DagBag from /home/airflow/.local/lib/python3.10/site-packages/airflow/example_dags/example_short_circuit_operator.py
[2025-02-22T22:02:23.023+0000] {processor.py:839} INFO - DAG(s) dict_keys(['example_short_circuit_operator']) retrieved from /home/airflow/.local/lib/python3.10/site-packages/airflow/example_dags/example_short_circuit_operator.py
[2025-02-22T22:02:23.092+0000] {logging_mixin.py:154} INFO - [2025-02-22T22:02:23.092+0000] {dag.py:2941} INFO - Sync 1 DAGs
[2025-02-22T22:02:23.120+0000] {logging_mixin.py:154} INFO - [2025-02-22T22:02:23.119+0000] {dag.py:3722} INFO - Setting next_dagrun for example_short_circuit_operator to 2025-02-21T22:02:23.119332+00:00, run_after=2025-02-22T22:02:23.119332+00:00
[2025-02-22T22:02:23.141+0000] {processor.py:179} INFO - Processing /home/airflow/.local/lib/python3.10/site-packages/airflow/example_dags/example_short_circuit_operator.py took 0.132 seconds
[2025-02-22T22:02:53.704+0000] {processor.py:157} INFO - Started process (PID=427) to work on /home/airflow/.local/lib/python3.10/site-packages/airflow/example_dags/example_short_circuit_operator.py
[2025-02-22T22:02:53.705+0000] {processor.py:829} INFO - Processing file /home/airflow/.local/lib/python3.10/site-packages/airflow/example_dags/example_short_circuit_operator.py for tasks to queue
[2025-02-22T22:02:53.707+0000] {logging_mixin.py:154} INFO - [2025-02-22T22:02:53.707+0000] {dagbag.py:536} INFO - Filling up the DagBag from /home/airflow/.local/lib/python3.10/site-packages/airflow/example_dags/example_short_circuit_operator.py
[2025-02-22T22:02:53.715+0000] {processor.py:839} INFO - DAG(s) dict_keys(['example_short_circuit_operator']) retrieved from /home/airflow/.local/lib/python3.10/site-packages/airflow/example_dags/example_short_circuit_operator.py
[2025-02-22T22:02:53.790+0000] {logging_mixin.py:154} INFO - [2025-02-22T22:02:53.790+0000] {dag.py:2941} INFO - Sync 1 DAGs
[2025-02-22T22:02:53.820+0000] {logging_mixin.py:154} INFO - [2025-02-22T22:02:53.820+0000] {dag.py:3722} INFO - Setting next_dagrun for example_short_circuit_operator to 2025-02-21T22:02:53.819618+00:00, run_after=2025-02-22T22:02:53.819618+00:00
[2025-02-22T22:02:53.890+0000] {processor.py:179} INFO - Processing /home/airflow/.local/lib/python3.10/site-packages/airflow/example_dags/example_short_circuit_operator.py took 0.188 seconds
[2025-02-22T22:03:39.157+0000] {processor.py:157} INFO - Started process (PID=43) to work on /home/airflow/.local/lib/python3.10/site-packages/airflow/example_dags/example_short_circuit_operator.py
[2025-02-22T22:03:39.163+0000] {processor.py:829} INFO - Processing file /home/airflow/.local/lib/python3.10/site-packages/airflow/example_dags/example_short_circuit_operator.py for tasks to queue
[2025-02-22T22:03:39.168+0000] {logging_mixin.py:154} INFO - [2025-02-22T22:03:39.167+0000] {dagbag.py:536} INFO - Filling up the DagBag from /home/airflow/.local/lib/python3.10/site-packages/airflow/example_dags/example_short_circuit_operator.py
[2025-02-22T22:03:39.189+0000] {processor.py:839} INFO - DAG(s) dict_keys(['example_short_circuit_operator']) retrieved from /home/airflow/.local/lib/python3.10/site-packages/airflow/example_dags/example_short_circuit_operator.py
[2025-02-22T22:03:39.309+0000] {logging_mixin.py:154} INFO - [2025-02-22T22:03:39.309+0000] {dag.py:2941} INFO - Sync 1 DAGs
[2025-02-22T22:03:39.398+0000] {logging_mixin.py:154} INFO - [2025-02-22T22:03:39.384+0000] {dag.py:3722} INFO - Setting next_dagrun for example_short_circuit_operator to 2025-02-21T22:03:39.379844+00:00, run_after=2025-02-22T22:03:39.379844+00:00
[2025-02-22T22:03:39.495+0000] {processor.py:179} INFO - Processing /home/airflow/.local/lib/python3.10/site-packages/airflow/example_dags/example_short_circuit_operator.py took 0.342 seconds
[2025-02-22T22:04:10.005+0000] {processor.py:157} INFO - Started process (PID=104) to work on /home/airflow/.local/lib/python3.10/site-packages/airflow/example_dags/example_short_circuit_operator.py
[2025-02-22T22:04:10.006+0000] {processor.py:829} INFO - Processing file /home/airflow/.local/lib/python3.10/site-packages/airflow/example_dags/example_short_circuit_operator.py for tasks to queue
[2025-02-22T22:04:10.008+0000] {logging_mixin.py:154} INFO - [2025-02-22T22:04:10.007+0000] {dagbag.py:536} INFO - Filling up the DagBag from /home/airflow/.local/lib/python3.10/site-packages/airflow/example_dags/example_short_circuit_operator.py
[2025-02-22T22:04:10.014+0000] {processor.py:839} INFO - DAG(s) dict_keys(['example_short_circuit_operator']) retrieved from /home/airflow/.local/lib/python3.10/site-packages/airflow/example_dags/example_short_circuit_operator.py
[2025-02-22T22:04:10.085+0000] {logging_mixin.py:154} INFO - [2025-02-22T22:04:10.085+0000] {dag.py:2941} INFO - Sync 1 DAGs
[2025-02-22T22:04:10.115+0000] {logging_mixin.py:154} INFO - [2025-02-22T22:04:10.114+0000] {dag.py:3722} INFO - Setting next_dagrun for example_short_circuit_operator to 2025-02-21T22:04:10.114212+00:00, run_after=2025-02-22T22:04:10.114212+00:00
[2025-02-22T22:04:10.137+0000] {processor.py:179} INFO - Processing /home/airflow/.local/lib/python3.10/site-packages/airflow/example_dags/example_short_circuit_operator.py took 0.135 seconds
[2025-02-22T22:04:40.372+0000] {processor.py:157} INFO - Started process (PID=172) to work on /home/airflow/.local/lib/python3.10/site-packages/airflow/example_dags/example_short_circuit_operator.py
[2025-02-22T22:04:40.374+0000] {processor.py:829} INFO - Processing file /home/airflow/.local/lib/python3.10/site-packages/airflow/example_dags/example_short_circuit_operator.py for tasks to queue
[2025-02-22T22:04:40.375+0000] {logging_mixin.py:154} INFO - [2025-02-22T22:04:40.375+0000] {dagbag.py:536} INFO - Filling up the DagBag from /home/airflow/.local/lib/python3.10/site-packages/airflow/example_dags/example_short_circuit_operator.py
[2025-02-22T22:04:40.381+0000] {processor.py:839} INFO - DAG(s) dict_keys(['example_short_circuit_operator']) retrieved from /home/airflow/.local/lib/python3.10/site-packages/airflow/example_dags/example_short_circuit_operator.py
[2025-02-22T22:04:40.449+0000] {logging_mixin.py:154} INFO - [2025-02-22T22:04:40.449+0000] {dag.py:2941} INFO - Sync 1 DAGs
[2025-02-22T22:04:40.481+0000] {logging_mixin.py:154} INFO - [2025-02-22T22:04:40.481+0000] {dag.py:3722} INFO - Setting next_dagrun for example_short_circuit_operator to 2025-02-21T22:04:40.479407+00:00, run_after=2025-02-22T22:04:40.479407+00:00
[2025-02-22T22:04:40.500+0000] {processor.py:179} INFO - Processing /home/airflow/.local/lib/python3.10/site-packages/airflow/example_dags/example_short_circuit_operator.py took 0.130 seconds
[2025-02-22T22:05:11.131+0000] {processor.py:157} INFO - Started process (PID=240) to work on /home/airflow/.local/lib/python3.10/site-packages/airflow/example_dags/example_short_circuit_operator.py
[2025-02-22T22:05:11.134+0000] {processor.py:829} INFO - Processing file /home/airflow/.local/lib/python3.10/site-packages/airflow/example_dags/example_short_circuit_operator.py for tasks to queue
[2025-02-22T22:05:11.138+0000] {logging_mixin.py:154} INFO - [2025-02-22T22:05:11.137+0000] {dagbag.py:536} INFO - Filling up the DagBag from /home/airflow/.local/lib/python3.10/site-packages/airflow/example_dags/example_short_circuit_operator.py
[2025-02-22T22:05:11.148+0000] {processor.py:839} INFO - DAG(s) dict_keys(['example_short_circuit_operator']) retrieved from /home/airflow/.local/lib/python3.10/site-packages/airflow/example_dags/example_short_circuit_operator.py
[2025-02-22T22:05:11.226+0000] {logging_mixin.py:154} INFO - [2025-02-22T22:05:11.226+0000] {dag.py:2941} INFO - Sync 1 DAGs
[2025-02-22T22:05:11.273+0000] {logging_mixin.py:154} INFO - [2025-02-22T22:05:11.273+0000] {dag.py:3722} INFO - Setting next_dagrun for example_short_circuit_operator to 2025-02-21T22:05:11.266317+00:00, run_after=2025-02-22T22:05:11.266317+00:00
[2025-02-22T22:05:11.317+0000] {processor.py:179} INFO - Processing /home/airflow/.local/lib/python3.10/site-packages/airflow/example_dags/example_short_circuit_operator.py took 0.189 seconds
[2025-02-22T22:05:41.723+0000] {processor.py:157} INFO - Started process (PID=301) to work on /home/airflow/.local/lib/python3.10/site-packages/airflow/example_dags/example_short_circuit_operator.py
[2025-02-22T22:05:41.725+0000] {processor.py:829} INFO - Processing file /home/airflow/.local/lib/python3.10/site-packages/airflow/example_dags/example_short_circuit_operator.py for tasks to queue
[2025-02-22T22:05:41.727+0000] {logging_mixin.py:154} INFO - [2025-02-22T22:05:41.727+0000] {dagbag.py:536} INFO - Filling up the DagBag from /home/airflow/.local/lib/python3.10/site-packages/airflow/example_dags/example_short_circuit_operator.py
[2025-02-22T22:05:41.733+0000] {processor.py:839} INFO - DAG(s) dict_keys(['example_short_circuit_operator']) retrieved from /home/airflow/.local/lib/python3.10/site-packages/airflow/example_dags/example_short_circuit_operator.py
[2025-02-22T22:05:41.820+0000] {logging_mixin.py:154} INFO - [2025-02-22T22:05:41.820+0000] {dag.py:2941} INFO - Sync 1 DAGs
[2025-02-22T22:05:41.857+0000] {logging_mixin.py:154} INFO - [2025-02-22T22:05:41.856+0000] {dag.py:3722} INFO - Setting next_dagrun for example_short_circuit_operator to 2025-02-21T22:05:41.856303+00:00, run_after=2025-02-22T22:05:41.856303+00:00
[2025-02-22T22:05:41.882+0000] {processor.py:179} INFO - Processing /home/airflow/.local/lib/python3.10/site-packages/airflow/example_dags/example_short_circuit_operator.py took 0.161 seconds
[2025-02-22T22:06:12.119+0000] {processor.py:157} INFO - Started process (PID=369) to work on /home/airflow/.local/lib/python3.10/site-packages/airflow/example_dags/example_short_circuit_operator.py
[2025-02-22T22:06:12.121+0000] {processor.py:829} INFO - Processing file /home/airflow/.local/lib/python3.10/site-packages/airflow/example_dags/example_short_circuit_operator.py for tasks to queue
[2025-02-22T22:06:12.122+0000] {logging_mixin.py:154} INFO - [2025-02-22T22:06:12.122+0000] {dagbag.py:536} INFO - Filling up the DagBag from /home/airflow/.local/lib/python3.10/site-packages/airflow/example_dags/example_short_circuit_operator.py
[2025-02-22T22:06:12.130+0000] {processor.py:839} INFO - DAG(s) dict_keys(['example_short_circuit_operator']) retrieved from /home/airflow/.local/lib/python3.10/site-packages/airflow/example_dags/example_short_circuit_operator.py
[2025-02-22T22:06:12.217+0000] {logging_mixin.py:154} INFO - [2025-02-22T22:06:12.217+0000] {dag.py:2941} INFO - Sync 1 DAGs
[2025-02-22T22:06:12.247+0000] {logging_mixin.py:154} INFO - [2025-02-22T22:06:12.247+0000] {dag.py:3722} INFO - Setting next_dagrun for example_short_circuit_operator to 2025-02-21T22:06:12.247013+00:00, run_after=2025-02-22T22:06:12.247013+00:00
[2025-02-22T22:06:12.270+0000] {processor.py:179} INFO - Processing /home/airflow/.local/lib/python3.10/site-packages/airflow/example_dags/example_short_circuit_operator.py took 0.154 seconds
[2025-02-22T22:06:42.722+0000] {processor.py:157} INFO - Started process (PID=430) to work on /home/airflow/.local/lib/python3.10/site-packages/airflow/example_dags/example_short_circuit_operator.py
[2025-02-22T22:06:42.723+0000] {processor.py:829} INFO - Processing file /home/airflow/.local/lib/python3.10/site-packages/airflow/example_dags/example_short_circuit_operator.py for tasks to queue
[2025-02-22T22:06:42.727+0000] {logging_mixin.py:154} INFO - [2025-02-22T22:06:42.727+0000] {dagbag.py:536} INFO - Filling up the DagBag from /home/airflow/.local/lib/python3.10/site-packages/airflow/example_dags/example_short_circuit_operator.py
[2025-02-22T22:06:42.741+0000] {processor.py:839} INFO - DAG(s) dict_keys(['example_short_circuit_operator']) retrieved from /home/airflow/.local/lib/python3.10/site-packages/airflow/example_dags/example_short_circuit_operator.py
[2025-02-22T22:06:42.832+0000] {logging_mixin.py:154} INFO - [2025-02-22T22:06:42.832+0000] {dag.py:2941} INFO - Sync 1 DAGs
[2025-02-22T22:06:42.869+0000] {logging_mixin.py:154} INFO - [2025-02-22T22:06:42.869+0000] {dag.py:3722} INFO - Setting next_dagrun for example_short_circuit_operator to 2025-02-21T22:06:42.869227+00:00, run_after=2025-02-22T22:06:42.869227+00:00
[2025-02-22T22:06:42.893+0000] {processor.py:179} INFO - Processing /home/airflow/.local/lib/python3.10/site-packages/airflow/example_dags/example_short_circuit_operator.py took 0.174 seconds
[2025-02-22T22:07:13.090+0000] {processor.py:157} INFO - Started process (PID=498) to work on /home/airflow/.local/lib/python3.10/site-packages/airflow/example_dags/example_short_circuit_operator.py
[2025-02-22T22:07:13.091+0000] {processor.py:829} INFO - Processing file /home/airflow/.local/lib/python3.10/site-packages/airflow/example_dags/example_short_circuit_operator.py for tasks to queue
[2025-02-22T22:07:13.093+0000] {logging_mixin.py:154} INFO - [2025-02-22T22:07:13.093+0000] {dagbag.py:536} INFO - Filling up the DagBag from /home/airflow/.local/lib/python3.10/site-packages/airflow/example_dags/example_short_circuit_operator.py
[2025-02-22T22:07:13.102+0000] {processor.py:839} INFO - DAG(s) dict_keys(['example_short_circuit_operator']) retrieved from /home/airflow/.local/lib/python3.10/site-packages/airflow/example_dags/example_short_circuit_operator.py
[2025-02-22T22:07:13.180+0000] {logging_mixin.py:154} INFO - [2025-02-22T22:07:13.179+0000] {dag.py:2941} INFO - Sync 1 DAGs
[2025-02-22T22:07:13.213+0000] {logging_mixin.py:154} INFO - [2025-02-22T22:07:13.213+0000] {dag.py:3722} INFO - Setting next_dagrun for example_short_circuit_operator to 2025-02-21T22:07:13.212878+00:00, run_after=2025-02-22T22:07:13.212878+00:00
[2025-02-22T22:07:13.239+0000] {processor.py:179} INFO - Processing /home/airflow/.local/lib/python3.10/site-packages/airflow/example_dags/example_short_circuit_operator.py took 0.151 seconds
[2025-02-22T22:07:43.532+0000] {processor.py:157} INFO - Started process (PID=559) to work on /home/airflow/.local/lib/python3.10/site-packages/airflow/example_dags/example_short_circuit_operator.py
[2025-02-22T22:07:43.533+0000] {processor.py:829} INFO - Processing file /home/airflow/.local/lib/python3.10/site-packages/airflow/example_dags/example_short_circuit_operator.py for tasks to queue
[2025-02-22T22:07:43.536+0000] {logging_mixin.py:154} INFO - [2025-02-22T22:07:43.536+0000] {dagbag.py:536} INFO - Filling up the DagBag from /home/airflow/.local/lib/python3.10/site-packages/airflow/example_dags/example_short_circuit_operator.py
[2025-02-22T22:07:43.543+0000] {processor.py:839} INFO - DAG(s) dict_keys(['example_short_circuit_operator']) retrieved from /home/airflow/.local/lib/python3.10/site-packages/airflow/example_dags/example_short_circuit_operator.py
[2025-02-22T22:07:43.616+0000] {logging_mixin.py:154} INFO - [2025-02-22T22:07:43.616+0000] {dag.py:2941} INFO - Sync 1 DAGs
[2025-02-22T22:07:43.646+0000] {logging_mixin.py:154} INFO - [2025-02-22T22:07:43.646+0000] {dag.py:3722} INFO - Setting next_dagrun for example_short_circuit_operator to 2025-02-21T22:07:43.645538+00:00, run_after=2025-02-22T22:07:43.645538+00:00
[2025-02-22T22:07:43.669+0000] {processor.py:179} INFO - Processing /home/airflow/.local/lib/python3.10/site-packages/airflow/example_dags/example_short_circuit_operator.py took 0.140 seconds
[2025-02-22T22:08:33.372+0000] {processor.py:157} INFO - Started process (PID=41) to work on /home/airflow/.local/lib/python3.10/site-packages/airflow/example_dags/example_short_circuit_operator.py
[2025-02-22T22:08:33.377+0000] {processor.py:829} INFO - Processing file /home/airflow/.local/lib/python3.10/site-packages/airflow/example_dags/example_short_circuit_operator.py for tasks to queue
[2025-02-22T22:08:33.385+0000] {logging_mixin.py:154} INFO - [2025-02-22T22:08:33.385+0000] {dagbag.py:536} INFO - Filling up the DagBag from /home/airflow/.local/lib/python3.10/site-packages/airflow/example_dags/example_short_circuit_operator.py
[2025-02-22T22:08:33.406+0000] {processor.py:839} INFO - DAG(s) dict_keys(['example_short_circuit_operator']) retrieved from /home/airflow/.local/lib/python3.10/site-packages/airflow/example_dags/example_short_circuit_operator.py
[2025-02-22T22:08:33.559+0000] {logging_mixin.py:154} INFO - [2025-02-22T22:08:33.558+0000] {dag.py:2941} INFO - Sync 1 DAGs
[2025-02-22T22:08:33.646+0000] {logging_mixin.py:154} INFO - [2025-02-22T22:08:33.646+0000] {dag.py:3722} INFO - Setting next_dagrun for example_short_circuit_operator to 2025-02-21T22:08:33.645570+00:00, run_after=2025-02-22T22:08:33.645570+00:00
[2025-02-22T22:08:33.699+0000] {processor.py:179} INFO - Processing /home/airflow/.local/lib/python3.10/site-packages/airflow/example_dags/example_short_circuit_operator.py took 0.330 seconds
[2025-02-22T22:09:04.171+0000] {processor.py:157} INFO - Started process (PID=109) to work on /home/airflow/.local/lib/python3.10/site-packages/airflow/example_dags/example_short_circuit_operator.py
[2025-02-22T22:09:04.173+0000] {processor.py:829} INFO - Processing file /home/airflow/.local/lib/python3.10/site-packages/airflow/example_dags/example_short_circuit_operator.py for tasks to queue
[2025-02-22T22:09:04.174+0000] {logging_mixin.py:154} INFO - [2025-02-22T22:09:04.174+0000] {dagbag.py:536} INFO - Filling up the DagBag from /home/airflow/.local/lib/python3.10/site-packages/airflow/example_dags/example_short_circuit_operator.py
[2025-02-22T22:09:04.187+0000] {processor.py:839} INFO - DAG(s) dict_keys(['example_short_circuit_operator']) retrieved from /home/airflow/.local/lib/python3.10/site-packages/airflow/example_dags/example_short_circuit_operator.py
[2025-02-22T22:09:04.275+0000] {logging_mixin.py:154} INFO - [2025-02-22T22:09:04.275+0000] {dag.py:2941} INFO - Sync 1 DAGs
[2025-02-22T22:09:04.319+0000] {logging_mixin.py:154} INFO - [2025-02-22T22:09:04.318+0000] {dag.py:3722} INFO - Setting next_dagrun for example_short_circuit_operator to 2025-02-21T22:09:04.317523+00:00, run_after=2025-02-22T22:09:04.317523+00:00
[2025-02-22T22:09:04.350+0000] {processor.py:179} INFO - Processing /home/airflow/.local/lib/python3.10/site-packages/airflow/example_dags/example_short_circuit_operator.py took 0.181 seconds
[2025-02-22T22:09:34.552+0000] {processor.py:157} INFO - Started process (PID=169) to work on /home/airflow/.local/lib/python3.10/site-packages/airflow/example_dags/example_short_circuit_operator.py
[2025-02-22T22:09:34.553+0000] {processor.py:829} INFO - Processing file /home/airflow/.local/lib/python3.10/site-packages/airflow/example_dags/example_short_circuit_operator.py for tasks to queue
[2025-02-22T22:09:34.555+0000] {logging_mixin.py:154} INFO - [2025-02-22T22:09:34.555+0000] {dagbag.py:536} INFO - Filling up the DagBag from /home/airflow/.local/lib/python3.10/site-packages/airflow/example_dags/example_short_circuit_operator.py
[2025-02-22T22:09:34.562+0000] {processor.py:839} INFO - DAG(s) dict_keys(['example_short_circuit_operator']) retrieved from /home/airflow/.local/lib/python3.10/site-packages/airflow/example_dags/example_short_circuit_operator.py
[2025-02-22T22:09:34.627+0000] {logging_mixin.py:154} INFO - [2025-02-22T22:09:34.627+0000] {dag.py:2941} INFO - Sync 1 DAGs
[2025-02-22T22:09:34.657+0000] {logging_mixin.py:154} INFO - [2025-02-22T22:09:34.657+0000] {dag.py:3722} INFO - Setting next_dagrun for example_short_circuit_operator to 2025-02-21T22:09:34.656723+00:00, run_after=2025-02-22T22:09:34.656723+00:00
[2025-02-22T22:09:34.680+0000] {processor.py:179} INFO - Processing /home/airflow/.local/lib/python3.10/site-packages/airflow/example_dags/example_short_circuit_operator.py took 0.129 seconds
[2025-02-22T22:10:05.147+0000] {processor.py:157} INFO - Started process (PID=230) to work on /home/airflow/.local/lib/python3.10/site-packages/airflow/example_dags/example_short_circuit_operator.py
[2025-02-22T22:10:05.148+0000] {processor.py:829} INFO - Processing file /home/airflow/.local/lib/python3.10/site-packages/airflow/example_dags/example_short_circuit_operator.py for tasks to queue
[2025-02-22T22:10:05.150+0000] {logging_mixin.py:154} INFO - [2025-02-22T22:10:05.150+0000] {dagbag.py:536} INFO - Filling up the DagBag from /home/airflow/.local/lib/python3.10/site-packages/airflow/example_dags/example_short_circuit_operator.py
[2025-02-22T22:10:05.157+0000] {processor.py:839} INFO - DAG(s) dict_keys(['example_short_circuit_operator']) retrieved from /home/airflow/.local/lib/python3.10/site-packages/airflow/example_dags/example_short_circuit_operator.py
[2025-02-22T22:10:05.236+0000] {logging_mixin.py:154} INFO - [2025-02-22T22:10:05.236+0000] {dag.py:2941} INFO - Sync 1 DAGs
[2025-02-22T22:10:05.290+0000] {logging_mixin.py:154} INFO - [2025-02-22T22:10:05.290+0000] {dag.py:3722} INFO - Setting next_dagrun for example_short_circuit_operator to 2025-02-21T22:10:05.289559+00:00, run_after=2025-02-22T22:10:05.289559+00:00
[2025-02-22T22:10:05.341+0000] {processor.py:179} INFO - Processing /home/airflow/.local/lib/python3.10/site-packages/airflow/example_dags/example_short_circuit_operator.py took 0.197 seconds
[2025-02-22T22:10:35.959+0000] {processor.py:157} INFO - Started process (PID=298) to work on /home/airflow/.local/lib/python3.10/site-packages/airflow/example_dags/example_short_circuit_operator.py
[2025-02-22T22:10:35.960+0000] {processor.py:829} INFO - Processing file /home/airflow/.local/lib/python3.10/site-packages/airflow/example_dags/example_short_circuit_operator.py for tasks to queue
[2025-02-22T22:10:35.962+0000] {logging_mixin.py:154} INFO - [2025-02-22T22:10:35.962+0000] {dagbag.py:536} INFO - Filling up the DagBag from /home/airflow/.local/lib/python3.10/site-packages/airflow/example_dags/example_short_circuit_operator.py
[2025-02-22T22:10:35.969+0000] {processor.py:839} INFO - DAG(s) dict_keys(['example_short_circuit_operator']) retrieved from /home/airflow/.local/lib/python3.10/site-packages/airflow/example_dags/example_short_circuit_operator.py
[2025-02-22T22:10:36.039+0000] {logging_mixin.py:154} INFO - [2025-02-22T22:10:36.039+0000] {dag.py:2941} INFO - Sync 1 DAGs
[2025-02-22T22:10:36.070+0000] {logging_mixin.py:154} INFO - [2025-02-22T22:10:36.070+0000] {dag.py:3722} INFO - Setting next_dagrun for example_short_circuit_operator to 2025-02-21T22:10:36.069466+00:00, run_after=2025-02-22T22:10:36.069466+00:00
[2025-02-22T22:10:36.095+0000] {processor.py:179} INFO - Processing /home/airflow/.local/lib/python3.10/site-packages/airflow/example_dags/example_short_circuit_operator.py took 0.138 seconds
[2025-02-22T22:11:06.606+0000] {processor.py:157} INFO - Started process (PID=357) to work on /home/airflow/.local/lib/python3.10/site-packages/airflow/example_dags/example_short_circuit_operator.py
[2025-02-22T22:11:06.608+0000] {processor.py:829} INFO - Processing file /home/airflow/.local/lib/python3.10/site-packages/airflow/example_dags/example_short_circuit_operator.py for tasks to queue
[2025-02-22T22:11:06.609+0000] {logging_mixin.py:154} INFO - [2025-02-22T22:11:06.609+0000] {dagbag.py:536} INFO - Filling up the DagBag from /home/airflow/.local/lib/python3.10/site-packages/airflow/example_dags/example_short_circuit_operator.py
[2025-02-22T22:11:06.616+0000] {processor.py:839} INFO - DAG(s) dict_keys(['example_short_circuit_operator']) retrieved from /home/airflow/.local/lib/python3.10/site-packages/airflow/example_dags/example_short_circuit_operator.py
[2025-02-22T22:11:06.683+0000] {logging_mixin.py:154} INFO - [2025-02-22T22:11:06.683+0000] {dag.py:2941} INFO - Sync 1 DAGs
[2025-02-22T22:11:06.710+0000] {logging_mixin.py:154} INFO - [2025-02-22T22:11:06.710+0000] {dag.py:3722} INFO - Setting next_dagrun for example_short_circuit_operator to 2025-02-21T22:11:06.709771+00:00, run_after=2025-02-22T22:11:06.709771+00:00
[2025-02-22T22:11:06.730+0000] {processor.py:179} INFO - Processing /home/airflow/.local/lib/python3.10/site-packages/airflow/example_dags/example_short_circuit_operator.py took 0.126 seconds
[2025-02-22T22:11:37.349+0000] {processor.py:157} INFO - Started process (PID=425) to work on /home/airflow/.local/lib/python3.10/site-packages/airflow/example_dags/example_short_circuit_operator.py
[2025-02-22T22:11:37.351+0000] {processor.py:829} INFO - Processing file /home/airflow/.local/lib/python3.10/site-packages/airflow/example_dags/example_short_circuit_operator.py for tasks to queue
[2025-02-22T22:11:37.352+0000] {logging_mixin.py:154} INFO - [2025-02-22T22:11:37.352+0000] {dagbag.py:536} INFO - Filling up the DagBag from /home/airflow/.local/lib/python3.10/site-packages/airflow/example_dags/example_short_circuit_operator.py
[2025-02-22T22:11:37.361+0000] {processor.py:839} INFO - DAG(s) dict_keys(['example_short_circuit_operator']) retrieved from /home/airflow/.local/lib/python3.10/site-packages/airflow/example_dags/example_short_circuit_operator.py
[2025-02-22T22:11:37.427+0000] {logging_mixin.py:154} INFO - [2025-02-22T22:11:37.426+0000] {dag.py:2941} INFO - Sync 1 DAGs
[2025-02-22T22:11:37.453+0000] {logging_mixin.py:154} INFO - [2025-02-22T22:11:37.453+0000] {dag.py:3722} INFO - Setting next_dagrun for example_short_circuit_operator to 2025-02-21T22:11:37.452994+00:00, run_after=2025-02-22T22:11:37.452994+00:00
[2025-02-22T22:11:37.476+0000] {processor.py:179} INFO - Processing /home/airflow/.local/lib/python3.10/site-packages/airflow/example_dags/example_short_circuit_operator.py took 0.129 seconds
[2025-02-22T22:12:08.036+0000] {processor.py:157} INFO - Started process (PID=493) to work on /home/airflow/.local/lib/python3.10/site-packages/airflow/example_dags/example_short_circuit_operator.py
[2025-02-22T22:12:08.038+0000] {processor.py:829} INFO - Processing file /home/airflow/.local/lib/python3.10/site-packages/airflow/example_dags/example_short_circuit_operator.py for tasks to queue
[2025-02-22T22:12:08.042+0000] {logging_mixin.py:154} INFO - [2025-02-22T22:12:08.042+0000] {dagbag.py:536} INFO - Filling up the DagBag from /home/airflow/.local/lib/python3.10/site-packages/airflow/example_dags/example_short_circuit_operator.py
[2025-02-22T22:12:08.053+0000] {processor.py:839} INFO - DAG(s) dict_keys(['example_short_circuit_operator']) retrieved from /home/airflow/.local/lib/python3.10/site-packages/airflow/example_dags/example_short_circuit_operator.py
[2025-02-22T22:12:08.133+0000] {logging_mixin.py:154} INFO - [2025-02-22T22:12:08.133+0000] {dag.py:2941} INFO - Sync 1 DAGs
[2025-02-22T22:12:08.164+0000] {logging_mixin.py:154} INFO - [2025-02-22T22:12:08.164+0000] {dag.py:3722} INFO - Setting next_dagrun for example_short_circuit_operator to 2025-02-21T22:12:08.163630+00:00, run_after=2025-02-22T22:12:08.163630+00:00
[2025-02-22T22:12:08.189+0000] {processor.py:179} INFO - Processing /home/airflow/.local/lib/python3.10/site-packages/airflow/example_dags/example_short_circuit_operator.py took 0.156 seconds
[2025-02-22T22:12:38.862+0000] {processor.py:157} INFO - Started process (PID=554) to work on /home/airflow/.local/lib/python3.10/site-packages/airflow/example_dags/example_short_circuit_operator.py
[2025-02-22T22:12:38.864+0000] {processor.py:829} INFO - Processing file /home/airflow/.local/lib/python3.10/site-packages/airflow/example_dags/example_short_circuit_operator.py for tasks to queue
[2025-02-22T22:12:38.866+0000] {logging_mixin.py:154} INFO - [2025-02-22T22:12:38.865+0000] {dagbag.py:536} INFO - Filling up the DagBag from /home/airflow/.local/lib/python3.10/site-packages/airflow/example_dags/example_short_circuit_operator.py
[2025-02-22T22:12:38.872+0000] {processor.py:839} INFO - DAG(s) dict_keys(['example_short_circuit_operator']) retrieved from /home/airflow/.local/lib/python3.10/site-packages/airflow/example_dags/example_short_circuit_operator.py
[2025-02-22T22:12:38.943+0000] {logging_mixin.py:154} INFO - [2025-02-22T22:12:38.943+0000] {dag.py:2941} INFO - Sync 1 DAGs
[2025-02-22T22:12:38.972+0000] {logging_mixin.py:154} INFO - [2025-02-22T22:12:38.972+0000] {dag.py:3722} INFO - Setting next_dagrun for example_short_circuit_operator to 2025-02-21T22:12:38.972011+00:00, run_after=2025-02-22T22:12:38.972011+00:00
[2025-02-22T22:12:38.993+0000] {processor.py:179} INFO - Processing /home/airflow/.local/lib/python3.10/site-packages/airflow/example_dags/example_short_circuit_operator.py took 0.133 seconds
[2025-02-22T22:13:09.882+0000] {processor.py:157} INFO - Started process (PID=621) to work on /home/airflow/.local/lib/python3.10/site-packages/airflow/example_dags/example_short_circuit_operator.py
[2025-02-22T22:13:09.884+0000] {processor.py:829} INFO - Processing file /home/airflow/.local/lib/python3.10/site-packages/airflow/example_dags/example_short_circuit_operator.py for tasks to queue
[2025-02-22T22:13:09.885+0000] {logging_mixin.py:154} INFO - [2025-02-22T22:13:09.885+0000] {dagbag.py:536} INFO - Filling up the DagBag from /home/airflow/.local/lib/python3.10/site-packages/airflow/example_dags/example_short_circuit_operator.py
[2025-02-22T22:13:09.893+0000] {processor.py:839} INFO - DAG(s) dict_keys(['example_short_circuit_operator']) retrieved from /home/airflow/.local/lib/python3.10/site-packages/airflow/example_dags/example_short_circuit_operator.py
[2025-02-22T22:13:09.966+0000] {logging_mixin.py:154} INFO - [2025-02-22T22:13:09.965+0000] {dag.py:2941} INFO - Sync 1 DAGs
[2025-02-22T22:13:09.995+0000] {logging_mixin.py:154} INFO - [2025-02-22T22:13:09.995+0000] {dag.py:3722} INFO - Setting next_dagrun for example_short_circuit_operator to 2025-02-21T22:13:09.995011+00:00, run_after=2025-02-22T22:13:09.995011+00:00
[2025-02-22T22:13:10.015+0000] {processor.py:179} INFO - Processing /home/airflow/.local/lib/python3.10/site-packages/airflow/example_dags/example_short_circuit_operator.py took 0.136 seconds
[2025-02-22T22:13:40.392+0000] {processor.py:157} INFO - Started process (PID=682) to work on /home/airflow/.local/lib/python3.10/site-packages/airflow/example_dags/example_short_circuit_operator.py
[2025-02-22T22:13:40.393+0000] {processor.py:829} INFO - Processing file /home/airflow/.local/lib/python3.10/site-packages/airflow/example_dags/example_short_circuit_operator.py for tasks to queue
[2025-02-22T22:13:40.396+0000] {logging_mixin.py:154} INFO - [2025-02-22T22:13:40.395+0000] {dagbag.py:536} INFO - Filling up the DagBag from /home/airflow/.local/lib/python3.10/site-packages/airflow/example_dags/example_short_circuit_operator.py
[2025-02-22T22:13:40.405+0000] {processor.py:839} INFO - DAG(s) dict_keys(['example_short_circuit_operator']) retrieved from /home/airflow/.local/lib/python3.10/site-packages/airflow/example_dags/example_short_circuit_operator.py
[2025-02-22T22:13:40.472+0000] {logging_mixin.py:154} INFO - [2025-02-22T22:13:40.472+0000] {dag.py:2941} INFO - Sync 1 DAGs
[2025-02-22T22:13:40.499+0000] {logging_mixin.py:154} INFO - [2025-02-22T22:13:40.499+0000] {dag.py:3722} INFO - Setting next_dagrun for example_short_circuit_operator to 2025-02-21T22:13:40.499113+00:00, run_after=2025-02-22T22:13:40.499113+00:00
[2025-02-22T22:13:40.520+0000] {processor.py:179} INFO - Processing /home/airflow/.local/lib/python3.10/site-packages/airflow/example_dags/example_short_circuit_operator.py took 0.130 seconds
[2025-02-22T22:14:10.999+0000] {processor.py:157} INFO - Started process (PID=750) to work on /home/airflow/.local/lib/python3.10/site-packages/airflow/example_dags/example_short_circuit_operator.py
[2025-02-22T22:14:11.000+0000] {processor.py:829} INFO - Processing file /home/airflow/.local/lib/python3.10/site-packages/airflow/example_dags/example_short_circuit_operator.py for tasks to queue
[2025-02-22T22:14:11.002+0000] {logging_mixin.py:154} INFO - [2025-02-22T22:14:11.001+0000] {dagbag.py:536} INFO - Filling up the DagBag from /home/airflow/.local/lib/python3.10/site-packages/airflow/example_dags/example_short_circuit_operator.py
[2025-02-22T22:14:11.009+0000] {processor.py:839} INFO - DAG(s) dict_keys(['example_short_circuit_operator']) retrieved from /home/airflow/.local/lib/python3.10/site-packages/airflow/example_dags/example_short_circuit_operator.py
[2025-02-22T22:14:11.078+0000] {logging_mixin.py:154} INFO - [2025-02-22T22:14:11.077+0000] {dag.py:2941} INFO - Sync 1 DAGs
[2025-02-22T22:14:11.109+0000] {logging_mixin.py:154} INFO - [2025-02-22T22:14:11.108+0000] {dag.py:3722} INFO - Setting next_dagrun for example_short_circuit_operator to 2025-02-21T22:14:11.106384+00:00, run_after=2025-02-22T22:14:11.106384+00:00
[2025-02-22T22:14:11.133+0000] {processor.py:179} INFO - Processing /home/airflow/.local/lib/python3.10/site-packages/airflow/example_dags/example_short_circuit_operator.py took 0.136 seconds
[2025-02-22T22:14:41.375+0000] {processor.py:157} INFO - Started process (PID=811) to work on /home/airflow/.local/lib/python3.10/site-packages/airflow/example_dags/example_short_circuit_operator.py
[2025-02-22T22:14:41.379+0000] {processor.py:829} INFO - Processing file /home/airflow/.local/lib/python3.10/site-packages/airflow/example_dags/example_short_circuit_operator.py for tasks to queue
[2025-02-22T22:14:41.381+0000] {logging_mixin.py:154} INFO - [2025-02-22T22:14:41.381+0000] {dagbag.py:536} INFO - Filling up the DagBag from /home/airflow/.local/lib/python3.10/site-packages/airflow/example_dags/example_short_circuit_operator.py
[2025-02-22T22:14:41.388+0000] {processor.py:839} INFO - DAG(s) dict_keys(['example_short_circuit_operator']) retrieved from /home/airflow/.local/lib/python3.10/site-packages/airflow/example_dags/example_short_circuit_operator.py
[2025-02-22T22:14:41.458+0000] {logging_mixin.py:154} INFO - [2025-02-22T22:14:41.458+0000] {dag.py:2941} INFO - Sync 1 DAGs
[2025-02-22T22:14:41.487+0000] {logging_mixin.py:154} INFO - [2025-02-22T22:14:41.487+0000] {dag.py:3722} INFO - Setting next_dagrun for example_short_circuit_operator to 2025-02-21T22:14:41.486586+00:00, run_after=2025-02-22T22:14:41.486586+00:00
[2025-02-22T22:14:41.507+0000] {processor.py:179} INFO - Processing /home/airflow/.local/lib/python3.10/site-packages/airflow/example_dags/example_short_circuit_operator.py took 0.134 seconds
[2025-02-22T22:15:11.850+0000] {processor.py:157} INFO - Started process (PID=879) to work on /home/airflow/.local/lib/python3.10/site-packages/airflow/example_dags/example_short_circuit_operator.py
[2025-02-22T22:15:11.851+0000] {processor.py:829} INFO - Processing file /home/airflow/.local/lib/python3.10/site-packages/airflow/example_dags/example_short_circuit_operator.py for tasks to queue
[2025-02-22T22:15:11.852+0000] {logging_mixin.py:154} INFO - [2025-02-22T22:15:11.852+0000] {dagbag.py:536} INFO - Filling up the DagBag from /home/airflow/.local/lib/python3.10/site-packages/airflow/example_dags/example_short_circuit_operator.py
[2025-02-22T22:15:11.858+0000] {processor.py:839} INFO - DAG(s) dict_keys(['example_short_circuit_operator']) retrieved from /home/airflow/.local/lib/python3.10/site-packages/airflow/example_dags/example_short_circuit_operator.py
[2025-02-22T22:15:11.921+0000] {logging_mixin.py:154} INFO - [2025-02-22T22:15:11.921+0000] {dag.py:2941} INFO - Sync 1 DAGs
[2025-02-22T22:15:11.946+0000] {logging_mixin.py:154} INFO - [2025-02-22T22:15:11.946+0000] {dag.py:3722} INFO - Setting next_dagrun for example_short_circuit_operator to 2025-02-21T22:15:11.945802+00:00, run_after=2025-02-22T22:15:11.945802+00:00
[2025-02-22T22:15:11.963+0000] {processor.py:179} INFO - Processing /home/airflow/.local/lib/python3.10/site-packages/airflow/example_dags/example_short_circuit_operator.py took 0.115 seconds
[2025-02-22T22:15:42.158+0000] {processor.py:157} INFO - Started process (PID=940) to work on /home/airflow/.local/lib/python3.10/site-packages/airflow/example_dags/example_short_circuit_operator.py
[2025-02-22T22:15:42.173+0000] {processor.py:829} INFO - Processing file /home/airflow/.local/lib/python3.10/site-packages/airflow/example_dags/example_short_circuit_operator.py for tasks to queue
[2025-02-22T22:15:42.191+0000] {logging_mixin.py:154} INFO - [2025-02-22T22:15:42.178+0000] {dagbag.py:536} INFO - Filling up the DagBag from /home/airflow/.local/lib/python3.10/site-packages/airflow/example_dags/example_short_circuit_operator.py
[2025-02-22T22:15:42.261+0000] {processor.py:839} INFO - DAG(s) dict_keys(['example_short_circuit_operator']) retrieved from /home/airflow/.local/lib/python3.10/site-packages/airflow/example_dags/example_short_circuit_operator.py
[2025-02-22T22:15:42.374+0000] {logging_mixin.py:154} INFO - [2025-02-22T22:15:42.372+0000] {dag.py:2941} INFO - Sync 1 DAGs
[2025-02-22T22:15:42.418+0000] {logging_mixin.py:154} INFO - [2025-02-22T22:15:42.417+0000] {dag.py:3722} INFO - Setting next_dagrun for example_short_circuit_operator to 2025-02-21T22:15:42.417081+00:00, run_after=2025-02-22T22:15:42.417081+00:00
[2025-02-22T22:15:42.444+0000] {processor.py:179} INFO - Processing /home/airflow/.local/lib/python3.10/site-packages/airflow/example_dags/example_short_circuit_operator.py took 0.290 seconds
[2025-02-22T22:16:13.261+0000] {processor.py:157} INFO - Started process (PID=1008) to work on /home/airflow/.local/lib/python3.10/site-packages/airflow/example_dags/example_short_circuit_operator.py
[2025-02-22T22:16:13.265+0000] {processor.py:829} INFO - Processing file /home/airflow/.local/lib/python3.10/site-packages/airflow/example_dags/example_short_circuit_operator.py for tasks to queue
[2025-02-22T22:16:13.267+0000] {logging_mixin.py:154} INFO - [2025-02-22T22:16:13.267+0000] {dagbag.py:536} INFO - Filling up the DagBag from /home/airflow/.local/lib/python3.10/site-packages/airflow/example_dags/example_short_circuit_operator.py
[2025-02-22T22:16:13.280+0000] {processor.py:839} INFO - DAG(s) dict_keys(['example_short_circuit_operator']) retrieved from /home/airflow/.local/lib/python3.10/site-packages/airflow/example_dags/example_short_circuit_operator.py
[2025-02-22T22:16:13.369+0000] {logging_mixin.py:154} INFO - [2025-02-22T22:16:13.368+0000] {dag.py:2941} INFO - Sync 1 DAGs
[2025-02-22T22:16:13.400+0000] {logging_mixin.py:154} INFO - [2025-02-22T22:16:13.400+0000] {dag.py:3722} INFO - Setting next_dagrun for example_short_circuit_operator to 2025-02-21T22:16:13.399446+00:00, run_after=2025-02-22T22:16:13.399446+00:00
[2025-02-22T22:16:13.424+0000] {processor.py:179} INFO - Processing /home/airflow/.local/lib/python3.10/site-packages/airflow/example_dags/example_short_circuit_operator.py took 0.168 seconds
[2025-02-22T22:16:43.643+0000] {processor.py:157} INFO - Started process (PID=1069) to work on /home/airflow/.local/lib/python3.10/site-packages/airflow/example_dags/example_short_circuit_operator.py
[2025-02-22T22:16:43.645+0000] {processor.py:829} INFO - Processing file /home/airflow/.local/lib/python3.10/site-packages/airflow/example_dags/example_short_circuit_operator.py for tasks to queue
[2025-02-22T22:16:43.647+0000] {logging_mixin.py:154} INFO - [2025-02-22T22:16:43.647+0000] {dagbag.py:536} INFO - Filling up the DagBag from /home/airflow/.local/lib/python3.10/site-packages/airflow/example_dags/example_short_circuit_operator.py
[2025-02-22T22:16:43.656+0000] {processor.py:839} INFO - DAG(s) dict_keys(['example_short_circuit_operator']) retrieved from /home/airflow/.local/lib/python3.10/site-packages/airflow/example_dags/example_short_circuit_operator.py
[2025-02-22T22:16:43.729+0000] {logging_mixin.py:154} INFO - [2025-02-22T22:16:43.729+0000] {dag.py:2941} INFO - Sync 1 DAGs
[2025-02-22T22:16:43.756+0000] {logging_mixin.py:154} INFO - [2025-02-22T22:16:43.756+0000] {dag.py:3722} INFO - Setting next_dagrun for example_short_circuit_operator to 2025-02-21T22:16:43.755803+00:00, run_after=2025-02-22T22:16:43.755803+00:00
[2025-02-22T22:16:43.776+0000] {processor.py:179} INFO - Processing /home/airflow/.local/lib/python3.10/site-packages/airflow/example_dags/example_short_circuit_operator.py took 0.135 seconds
