[2025-02-22T21:47:12.062+0000] {processor.py:157} INFO - Started process (PID=39) to work on /home/airflow/.local/lib/python3.10/site-packages/airflow/example_dags/example_nested_branch_dag.py
[2025-02-22T21:47:12.064+0000] {processor.py:829} INFO - Processing file /home/airflow/.local/lib/python3.10/site-packages/airflow/example_dags/example_nested_branch_dag.py for tasks to queue
[2025-02-22T21:47:12.068+0000] {logging_mixin.py:154} INFO - [2025-02-22T21:47:12.067+0000] {dagbag.py:536} INFO - Filling up the DagBag from /home/airflow/.local/lib/python3.10/site-packages/airflow/example_dags/example_nested_branch_dag.py
[2025-02-22T21:47:12.116+0000] {processor.py:839} INFO - DAG(s) dict_keys(['example_nested_branch_dag']) retrieved from /home/airflow/.local/lib/python3.10/site-packages/airflow/example_dags/example_nested_branch_dag.py
[2025-02-22T21:47:12.826+0000] {logging_mixin.py:154} INFO - [2025-02-22T21:47:12.825+0000] {manager.py:499} INFO - Created Permission View: %s
[2025-02-22T21:47:12.864+0000] {logging_mixin.py:154} INFO - [2025-02-22T21:47:12.864+0000] {manager.py:499} INFO - Created Permission View: %s
[2025-02-22T21:47:12.885+0000] {logging_mixin.py:154} INFO - [2025-02-22T21:47:12.884+0000] {manager.py:499} INFO - Created Permission View: %s
[2025-02-22T21:47:12.885+0000] {logging_mixin.py:154} INFO - [2025-02-22T21:47:12.885+0000] {dag.py:2941} INFO - Sync 1 DAGs
[2025-02-22T21:47:12.903+0000] {logging_mixin.py:154} INFO - [2025-02-22T21:47:12.903+0000] {dag.py:2963} INFO - Creating ORM DAG for example_nested_branch_dag
[2025-02-22T21:47:12.936+0000] {logging_mixin.py:154} INFO - [2025-02-22T21:47:12.935+0000] {dag.py:3722} INFO - Setting next_dagrun for example_nested_branch_dag to 2025-02-21T00:00:00+00:00, run_after=2025-02-22T00:00:00+00:00
[2025-02-22T21:47:12.968+0000] {processor.py:179} INFO - Processing /home/airflow/.local/lib/python3.10/site-packages/airflow/example_dags/example_nested_branch_dag.py took 0.912 seconds
[2025-02-22T21:48:55.931+0000] {processor.py:157} INFO - Started process (PID=39) to work on /home/airflow/.local/lib/python3.10/site-packages/airflow/example_dags/example_nested_branch_dag.py
[2025-02-22T21:48:55.935+0000] {processor.py:829} INFO - Processing file /home/airflow/.local/lib/python3.10/site-packages/airflow/example_dags/example_nested_branch_dag.py for tasks to queue
[2025-02-22T21:48:55.940+0000] {logging_mixin.py:154} INFO - [2025-02-22T21:48:55.940+0000] {dagbag.py:536} INFO - Filling up the DagBag from /home/airflow/.local/lib/python3.10/site-packages/airflow/example_dags/example_nested_branch_dag.py
[2025-02-22T21:48:55.963+0000] {processor.py:839} INFO - DAG(s) dict_keys(['example_nested_branch_dag']) retrieved from /home/airflow/.local/lib/python3.10/site-packages/airflow/example_dags/example_nested_branch_dag.py
[2025-02-22T21:48:56.109+0000] {logging_mixin.py:154} INFO - [2025-02-22T21:48:56.109+0000] {dag.py:2941} INFO - Sync 1 DAGs
[2025-02-22T21:48:56.180+0000] {logging_mixin.py:154} INFO - [2025-02-22T21:48:56.180+0000] {dag.py:3722} INFO - Setting next_dagrun for example_nested_branch_dag to 2025-02-21T00:00:00+00:00, run_after=2025-02-22T00:00:00+00:00
[2025-02-22T21:48:56.235+0000] {processor.py:179} INFO - Processing /home/airflow/.local/lib/python3.10/site-packages/airflow/example_dags/example_nested_branch_dag.py took 0.317 seconds
[2025-02-22T21:56:46.020+0000] {processor.py:157} INFO - Started process (PID=39) to work on /home/airflow/.local/lib/python3.10/site-packages/airflow/example_dags/example_nested_branch_dag.py
[2025-02-22T21:56:46.039+0000] {processor.py:829} INFO - Processing file /home/airflow/.local/lib/python3.10/site-packages/airflow/example_dags/example_nested_branch_dag.py for tasks to queue
[2025-02-22T21:56:46.045+0000] {logging_mixin.py:154} INFO - [2025-02-22T21:56:46.044+0000] {dagbag.py:536} INFO - Filling up the DagBag from /home/airflow/.local/lib/python3.10/site-packages/airflow/example_dags/example_nested_branch_dag.py
[2025-02-22T21:56:46.110+0000] {processor.py:839} INFO - DAG(s) dict_keys(['example_nested_branch_dag']) retrieved from /home/airflow/.local/lib/python3.10/site-packages/airflow/example_dags/example_nested_branch_dag.py
[2025-02-22T21:56:46.313+0000] {logging_mixin.py:154} INFO - [2025-02-22T21:56:46.313+0000] {dag.py:2941} INFO - Sync 1 DAGs
[2025-02-22T21:56:46.380+0000] {logging_mixin.py:154} INFO - [2025-02-22T21:56:46.380+0000] {dag.py:3722} INFO - Setting next_dagrun for example_nested_branch_dag to 2025-02-21T00:00:00+00:00, run_after=2025-02-22T00:00:00+00:00
[2025-02-22T21:56:46.454+0000] {processor.py:179} INFO - Processing /home/airflow/.local/lib/python3.10/site-packages/airflow/example_dags/example_nested_branch_dag.py took 0.440 seconds
[2025-02-22T21:57:16.985+0000] {processor.py:157} INFO - Started process (PID=107) to work on /home/airflow/.local/lib/python3.10/site-packages/airflow/example_dags/example_nested_branch_dag.py
[2025-02-22T21:57:16.991+0000] {processor.py:829} INFO - Processing file /home/airflow/.local/lib/python3.10/site-packages/airflow/example_dags/example_nested_branch_dag.py for tasks to queue
[2025-02-22T21:57:16.997+0000] {logging_mixin.py:154} INFO - [2025-02-22T21:57:16.996+0000] {dagbag.py:536} INFO - Filling up the DagBag from /home/airflow/.local/lib/python3.10/site-packages/airflow/example_dags/example_nested_branch_dag.py
[2025-02-22T21:57:17.039+0000] {processor.py:839} INFO - DAG(s) dict_keys(['example_nested_branch_dag']) retrieved from /home/airflow/.local/lib/python3.10/site-packages/airflow/example_dags/example_nested_branch_dag.py
[2025-02-22T21:57:17.159+0000] {logging_mixin.py:154} INFO - [2025-02-22T21:57:17.158+0000] {dag.py:2941} INFO - Sync 1 DAGs
[2025-02-22T21:57:17.218+0000] {logging_mixin.py:154} INFO - [2025-02-22T21:57:17.218+0000] {dag.py:3722} INFO - Setting next_dagrun for example_nested_branch_dag to 2025-02-21T00:00:00+00:00, run_after=2025-02-22T00:00:00+00:00
[2025-02-22T21:57:17.273+0000] {processor.py:179} INFO - Processing /home/airflow/.local/lib/python3.10/site-packages/airflow/example_dags/example_nested_branch_dag.py took 0.308 seconds
[2025-02-22T21:59:49.424+0000] {processor.py:157} INFO - Started process (PID=39) to work on /home/airflow/.local/lib/python3.10/site-packages/airflow/example_dags/example_nested_branch_dag.py
[2025-02-22T21:59:49.432+0000] {processor.py:829} INFO - Processing file /home/airflow/.local/lib/python3.10/site-packages/airflow/example_dags/example_nested_branch_dag.py for tasks to queue
[2025-02-22T21:59:49.467+0000] {logging_mixin.py:154} INFO - [2025-02-22T21:59:49.457+0000] {dagbag.py:536} INFO - Filling up the DagBag from /home/airflow/.local/lib/python3.10/site-packages/airflow/example_dags/example_nested_branch_dag.py
[2025-02-22T21:59:49.671+0000] {processor.py:839} INFO - DAG(s) dict_keys(['example_nested_branch_dag']) retrieved from /home/airflow/.local/lib/python3.10/site-packages/airflow/example_dags/example_nested_branch_dag.py
[2025-02-22T21:59:49.790+0000] {logging_mixin.py:154} INFO - [2025-02-22T21:59:49.790+0000] {dag.py:2941} INFO - Sync 1 DAGs
[2025-02-22T21:59:49.842+0000] {logging_mixin.py:154} INFO - [2025-02-22T21:59:49.841+0000] {dag.py:3722} INFO - Setting next_dagrun for example_nested_branch_dag to 2025-02-21T00:00:00+00:00, run_after=2025-02-22T00:00:00+00:00
[2025-02-22T21:59:49.878+0000] {processor.py:179} INFO - Processing /home/airflow/.local/lib/python3.10/site-packages/airflow/example_dags/example_nested_branch_dag.py took 0.459 seconds
[2025-02-22T22:00:20.405+0000] {processor.py:157} INFO - Started process (PID=100) to work on /home/airflow/.local/lib/python3.10/site-packages/airflow/example_dags/example_nested_branch_dag.py
[2025-02-22T22:00:20.408+0000] {processor.py:829} INFO - Processing file /home/airflow/.local/lib/python3.10/site-packages/airflow/example_dags/example_nested_branch_dag.py for tasks to queue
[2025-02-22T22:00:20.412+0000] {logging_mixin.py:154} INFO - [2025-02-22T22:00:20.411+0000] {dagbag.py:536} INFO - Filling up the DagBag from /home/airflow/.local/lib/python3.10/site-packages/airflow/example_dags/example_nested_branch_dag.py
[2025-02-22T22:00:20.427+0000] {processor.py:839} INFO - DAG(s) dict_keys(['example_nested_branch_dag']) retrieved from /home/airflow/.local/lib/python3.10/site-packages/airflow/example_dags/example_nested_branch_dag.py
[2025-02-22T22:00:20.507+0000] {logging_mixin.py:154} INFO - [2025-02-22T22:00:20.507+0000] {dag.py:2941} INFO - Sync 1 DAGs
[2025-02-22T22:00:20.550+0000] {logging_mixin.py:154} INFO - [2025-02-22T22:00:20.550+0000] {dag.py:3722} INFO - Setting next_dagrun for example_nested_branch_dag to 2025-02-21T00:00:00+00:00, run_after=2025-02-22T00:00:00+00:00
[2025-02-22T22:00:20.570+0000] {processor.py:179} INFO - Processing /home/airflow/.local/lib/python3.10/site-packages/airflow/example_dags/example_nested_branch_dag.py took 0.170 seconds
[2025-02-22T22:00:50.843+0000] {processor.py:157} INFO - Started process (PID=168) to work on /home/airflow/.local/lib/python3.10/site-packages/airflow/example_dags/example_nested_branch_dag.py
[2025-02-22T22:00:50.846+0000] {processor.py:829} INFO - Processing file /home/airflow/.local/lib/python3.10/site-packages/airflow/example_dags/example_nested_branch_dag.py for tasks to queue
[2025-02-22T22:00:50.850+0000] {logging_mixin.py:154} INFO - [2025-02-22T22:00:50.850+0000] {dagbag.py:536} INFO - Filling up the DagBag from /home/airflow/.local/lib/python3.10/site-packages/airflow/example_dags/example_nested_branch_dag.py
[2025-02-22T22:00:50.867+0000] {processor.py:839} INFO - DAG(s) dict_keys(['example_nested_branch_dag']) retrieved from /home/airflow/.local/lib/python3.10/site-packages/airflow/example_dags/example_nested_branch_dag.py
[2025-02-22T22:00:50.953+0000] {logging_mixin.py:154} INFO - [2025-02-22T22:00:50.953+0000] {dag.py:2941} INFO - Sync 1 DAGs
[2025-02-22T22:00:50.982+0000] {logging_mixin.py:154} INFO - [2025-02-22T22:00:50.982+0000] {dag.py:3722} INFO - Setting next_dagrun for example_nested_branch_dag to 2025-02-21T00:00:00+00:00, run_after=2025-02-22T00:00:00+00:00
[2025-02-22T22:00:51.000+0000] {processor.py:179} INFO - Processing /home/airflow/.local/lib/python3.10/site-packages/airflow/example_dags/example_nested_branch_dag.py took 0.164 seconds
[2025-02-22T22:01:21.127+0000] {processor.py:157} INFO - Started process (PID=229) to work on /home/airflow/.local/lib/python3.10/site-packages/airflow/example_dags/example_nested_branch_dag.py
[2025-02-22T22:01:21.129+0000] {processor.py:829} INFO - Processing file /home/airflow/.local/lib/python3.10/site-packages/airflow/example_dags/example_nested_branch_dag.py for tasks to queue
[2025-02-22T22:01:21.134+0000] {logging_mixin.py:154} INFO - [2025-02-22T22:01:21.134+0000] {dagbag.py:536} INFO - Filling up the DagBag from /home/airflow/.local/lib/python3.10/site-packages/airflow/example_dags/example_nested_branch_dag.py
[2025-02-22T22:01:21.152+0000] {processor.py:839} INFO - DAG(s) dict_keys(['example_nested_branch_dag']) retrieved from /home/airflow/.local/lib/python3.10/site-packages/airflow/example_dags/example_nested_branch_dag.py
[2025-02-22T22:01:21.227+0000] {logging_mixin.py:154} INFO - [2025-02-22T22:01:21.227+0000] {dag.py:2941} INFO - Sync 1 DAGs
[2025-02-22T22:01:21.275+0000] {logging_mixin.py:154} INFO - [2025-02-22T22:01:21.275+0000] {dag.py:3722} INFO - Setting next_dagrun for example_nested_branch_dag to 2025-02-21T00:00:00+00:00, run_after=2025-02-22T00:00:00+00:00
[2025-02-22T22:01:21.296+0000] {processor.py:179} INFO - Processing /home/airflow/.local/lib/python3.10/site-packages/airflow/example_dags/example_nested_branch_dag.py took 0.175 seconds
[2025-02-22T22:01:51.853+0000] {processor.py:157} INFO - Started process (PID=296) to work on /home/airflow/.local/lib/python3.10/site-packages/airflow/example_dags/example_nested_branch_dag.py
[2025-02-22T22:01:51.856+0000] {processor.py:829} INFO - Processing file /home/airflow/.local/lib/python3.10/site-packages/airflow/example_dags/example_nested_branch_dag.py for tasks to queue
[2025-02-22T22:01:51.860+0000] {logging_mixin.py:154} INFO - [2025-02-22T22:01:51.859+0000] {dagbag.py:536} INFO - Filling up the DagBag from /home/airflow/.local/lib/python3.10/site-packages/airflow/example_dags/example_nested_branch_dag.py
[2025-02-22T22:01:51.875+0000] {processor.py:839} INFO - DAG(s) dict_keys(['example_nested_branch_dag']) retrieved from /home/airflow/.local/lib/python3.10/site-packages/airflow/example_dags/example_nested_branch_dag.py
[2025-02-22T22:01:51.965+0000] {logging_mixin.py:154} INFO - [2025-02-22T22:01:51.965+0000] {dag.py:2941} INFO - Sync 1 DAGs
[2025-02-22T22:01:52.000+0000] {logging_mixin.py:154} INFO - [2025-02-22T22:01:52.000+0000] {dag.py:3722} INFO - Setting next_dagrun for example_nested_branch_dag to 2025-02-21T00:00:00+00:00, run_after=2025-02-22T00:00:00+00:00
[2025-02-22T22:01:52.020+0000] {processor.py:179} INFO - Processing /home/airflow/.local/lib/python3.10/site-packages/airflow/example_dags/example_nested_branch_dag.py took 0.171 seconds
[2025-02-22T22:02:22.823+0000] {processor.py:157} INFO - Started process (PID=363) to work on /home/airflow/.local/lib/python3.10/site-packages/airflow/example_dags/example_nested_branch_dag.py
[2025-02-22T22:02:22.825+0000] {processor.py:829} INFO - Processing file /home/airflow/.local/lib/python3.10/site-packages/airflow/example_dags/example_nested_branch_dag.py for tasks to queue
[2025-02-22T22:02:22.828+0000] {logging_mixin.py:154} INFO - [2025-02-22T22:02:22.828+0000] {dagbag.py:536} INFO - Filling up the DagBag from /home/airflow/.local/lib/python3.10/site-packages/airflow/example_dags/example_nested_branch_dag.py
[2025-02-22T22:02:22.841+0000] {processor.py:839} INFO - DAG(s) dict_keys(['example_nested_branch_dag']) retrieved from /home/airflow/.local/lib/python3.10/site-packages/airflow/example_dags/example_nested_branch_dag.py
[2025-02-22T22:02:22.926+0000] {logging_mixin.py:154} INFO - [2025-02-22T22:02:22.926+0000] {dag.py:2941} INFO - Sync 1 DAGs
[2025-02-22T22:02:22.964+0000] {logging_mixin.py:154} INFO - [2025-02-22T22:02:22.963+0000] {dag.py:3722} INFO - Setting next_dagrun for example_nested_branch_dag to 2025-02-21T00:00:00+00:00, run_after=2025-02-22T00:00:00+00:00
[2025-02-22T22:02:22.991+0000] {processor.py:179} INFO - Processing /home/airflow/.local/lib/python3.10/site-packages/airflow/example_dags/example_nested_branch_dag.py took 0.171 seconds
[2025-02-22T22:02:53.354+0000] {processor.py:157} INFO - Started process (PID=424) to work on /home/airflow/.local/lib/python3.10/site-packages/airflow/example_dags/example_nested_branch_dag.py
[2025-02-22T22:02:53.356+0000] {processor.py:829} INFO - Processing file /home/airflow/.local/lib/python3.10/site-packages/airflow/example_dags/example_nested_branch_dag.py for tasks to queue
[2025-02-22T22:02:53.361+0000] {logging_mixin.py:154} INFO - [2025-02-22T22:02:53.360+0000] {dagbag.py:536} INFO - Filling up the DagBag from /home/airflow/.local/lib/python3.10/site-packages/airflow/example_dags/example_nested_branch_dag.py
[2025-02-22T22:02:53.401+0000] {processor.py:839} INFO - DAG(s) dict_keys(['example_nested_branch_dag']) retrieved from /home/airflow/.local/lib/python3.10/site-packages/airflow/example_dags/example_nested_branch_dag.py
[2025-02-22T22:02:53.499+0000] {logging_mixin.py:154} INFO - [2025-02-22T22:02:53.499+0000] {dag.py:2941} INFO - Sync 1 DAGs
[2025-02-22T22:02:53.534+0000] {logging_mixin.py:154} INFO - [2025-02-22T22:02:53.534+0000] {dag.py:3722} INFO - Setting next_dagrun for example_nested_branch_dag to 2025-02-21T00:00:00+00:00, run_after=2025-02-22T00:00:00+00:00
[2025-02-22T22:02:53.555+0000] {processor.py:179} INFO - Processing /home/airflow/.local/lib/python3.10/site-packages/airflow/example_dags/example_nested_branch_dag.py took 0.209 seconds
[2025-02-22T22:03:38.620+0000] {processor.py:157} INFO - Started process (PID=40) to work on /home/airflow/.local/lib/python3.10/site-packages/airflow/example_dags/example_nested_branch_dag.py
[2025-02-22T22:03:38.624+0000] {processor.py:829} INFO - Processing file /home/airflow/.local/lib/python3.10/site-packages/airflow/example_dags/example_nested_branch_dag.py for tasks to queue
[2025-02-22T22:03:38.634+0000] {logging_mixin.py:154} INFO - [2025-02-22T22:03:38.633+0000] {dagbag.py:536} INFO - Filling up the DagBag from /home/airflow/.local/lib/python3.10/site-packages/airflow/example_dags/example_nested_branch_dag.py
[2025-02-22T22:03:38.693+0000] {processor.py:839} INFO - DAG(s) dict_keys(['example_nested_branch_dag']) retrieved from /home/airflow/.local/lib/python3.10/site-packages/airflow/example_dags/example_nested_branch_dag.py
[2025-02-22T22:03:38.868+0000] {logging_mixin.py:154} INFO - [2025-02-22T22:03:38.867+0000] {dag.py:2941} INFO - Sync 1 DAGs
[2025-02-22T22:03:38.972+0000] {logging_mixin.py:154} INFO - [2025-02-22T22:03:38.971+0000] {dag.py:3722} INFO - Setting next_dagrun for example_nested_branch_dag to 2025-02-21T00:00:00+00:00, run_after=2025-02-22T00:00:00+00:00
[2025-02-22T22:03:39.037+0000] {processor.py:179} INFO - Processing /home/airflow/.local/lib/python3.10/site-packages/airflow/example_dags/example_nested_branch_dag.py took 0.423 seconds
[2025-02-22T22:04:09.691+0000] {processor.py:157} INFO - Started process (PID=101) to work on /home/airflow/.local/lib/python3.10/site-packages/airflow/example_dags/example_nested_branch_dag.py
[2025-02-22T22:04:09.693+0000] {processor.py:829} INFO - Processing file /home/airflow/.local/lib/python3.10/site-packages/airflow/example_dags/example_nested_branch_dag.py for tasks to queue
[2025-02-22T22:04:09.698+0000] {logging_mixin.py:154} INFO - [2025-02-22T22:04:09.698+0000] {dagbag.py:536} INFO - Filling up the DagBag from /home/airflow/.local/lib/python3.10/site-packages/airflow/example_dags/example_nested_branch_dag.py
[2025-02-22T22:04:09.716+0000] {processor.py:839} INFO - DAG(s) dict_keys(['example_nested_branch_dag']) retrieved from /home/airflow/.local/lib/python3.10/site-packages/airflow/example_dags/example_nested_branch_dag.py
[2025-02-22T22:04:09.798+0000] {logging_mixin.py:154} INFO - [2025-02-22T22:04:09.798+0000] {dag.py:2941} INFO - Sync 1 DAGs
[2025-02-22T22:04:09.838+0000] {logging_mixin.py:154} INFO - [2025-02-22T22:04:09.838+0000] {dag.py:3722} INFO - Setting next_dagrun for example_nested_branch_dag to 2025-02-21T00:00:00+00:00, run_after=2025-02-22T00:00:00+00:00
[2025-02-22T22:04:09.863+0000] {processor.py:179} INFO - Processing /home/airflow/.local/lib/python3.10/site-packages/airflow/example_dags/example_nested_branch_dag.py took 0.177 seconds
[2025-02-22T22:04:39.926+0000] {processor.py:157} INFO - Started process (PID=169) to work on /home/airflow/.local/lib/python3.10/site-packages/airflow/example_dags/example_nested_branch_dag.py
[2025-02-22T22:04:39.930+0000] {processor.py:829} INFO - Processing file /home/airflow/.local/lib/python3.10/site-packages/airflow/example_dags/example_nested_branch_dag.py for tasks to queue
[2025-02-22T22:04:39.940+0000] {logging_mixin.py:154} INFO - [2025-02-22T22:04:39.939+0000] {dagbag.py:536} INFO - Filling up the DagBag from /home/airflow/.local/lib/python3.10/site-packages/airflow/example_dags/example_nested_branch_dag.py
[2025-02-22T22:04:40.028+0000] {processor.py:839} INFO - DAG(s) dict_keys(['example_nested_branch_dag']) retrieved from /home/airflow/.local/lib/python3.10/site-packages/airflow/example_dags/example_nested_branch_dag.py
[2025-02-22T22:04:40.167+0000] {logging_mixin.py:154} INFO - [2025-02-22T22:04:40.166+0000] {dag.py:2941} INFO - Sync 1 DAGs
[2025-02-22T22:04:40.210+0000] {logging_mixin.py:154} INFO - [2025-02-22T22:04:40.210+0000] {dag.py:3722} INFO - Setting next_dagrun for example_nested_branch_dag to 2025-02-21T00:00:00+00:00, run_after=2025-02-22T00:00:00+00:00
[2025-02-22T22:04:40.237+0000] {processor.py:179} INFO - Processing /home/airflow/.local/lib/python3.10/site-packages/airflow/example_dags/example_nested_branch_dag.py took 0.324 seconds
[2025-02-22T22:05:10.743+0000] {processor.py:157} INFO - Started process (PID=237) to work on /home/airflow/.local/lib/python3.10/site-packages/airflow/example_dags/example_nested_branch_dag.py
[2025-02-22T22:05:10.747+0000] {processor.py:829} INFO - Processing file /home/airflow/.local/lib/python3.10/site-packages/airflow/example_dags/example_nested_branch_dag.py for tasks to queue
[2025-02-22T22:05:10.752+0000] {logging_mixin.py:154} INFO - [2025-02-22T22:05:10.752+0000] {dagbag.py:536} INFO - Filling up the DagBag from /home/airflow/.local/lib/python3.10/site-packages/airflow/example_dags/example_nested_branch_dag.py
[2025-02-22T22:05:10.776+0000] {processor.py:839} INFO - DAG(s) dict_keys(['example_nested_branch_dag']) retrieved from /home/airflow/.local/lib/python3.10/site-packages/airflow/example_dags/example_nested_branch_dag.py
[2025-02-22T22:05:10.867+0000] {logging_mixin.py:154} INFO - [2025-02-22T22:05:10.866+0000] {dag.py:2941} INFO - Sync 1 DAGs
[2025-02-22T22:05:10.905+0000] {logging_mixin.py:154} INFO - [2025-02-22T22:05:10.905+0000] {dag.py:3722} INFO - Setting next_dagrun for example_nested_branch_dag to 2025-02-21T00:00:00+00:00, run_after=2025-02-22T00:00:00+00:00
[2025-02-22T22:05:10.930+0000] {processor.py:179} INFO - Processing /home/airflow/.local/lib/python3.10/site-packages/airflow/example_dags/example_nested_branch_dag.py took 0.193 seconds
[2025-02-22T22:05:41.439+0000] {processor.py:157} INFO - Started process (PID=298) to work on /home/airflow/.local/lib/python3.10/site-packages/airflow/example_dags/example_nested_branch_dag.py
[2025-02-22T22:05:41.441+0000] {processor.py:829} INFO - Processing file /home/airflow/.local/lib/python3.10/site-packages/airflow/example_dags/example_nested_branch_dag.py for tasks to queue
[2025-02-22T22:05:41.445+0000] {logging_mixin.py:154} INFO - [2025-02-22T22:05:41.445+0000] {dagbag.py:536} INFO - Filling up the DagBag from /home/airflow/.local/lib/python3.10/site-packages/airflow/example_dags/example_nested_branch_dag.py
[2025-02-22T22:05:41.463+0000] {processor.py:839} INFO - DAG(s) dict_keys(['example_nested_branch_dag']) retrieved from /home/airflow/.local/lib/python3.10/site-packages/airflow/example_dags/example_nested_branch_dag.py
[2025-02-22T22:05:41.541+0000] {logging_mixin.py:154} INFO - [2025-02-22T22:05:41.541+0000] {dag.py:2941} INFO - Sync 1 DAGs
[2025-02-22T22:05:41.572+0000] {logging_mixin.py:154} INFO - [2025-02-22T22:05:41.572+0000] {dag.py:3722} INFO - Setting next_dagrun for example_nested_branch_dag to 2025-02-21T00:00:00+00:00, run_after=2025-02-22T00:00:00+00:00
[2025-02-22T22:05:41.594+0000] {processor.py:179} INFO - Processing /home/airflow/.local/lib/python3.10/site-packages/airflow/example_dags/example_nested_branch_dag.py took 0.160 seconds
[2025-02-22T22:06:11.815+0000] {processor.py:157} INFO - Started process (PID=366) to work on /home/airflow/.local/lib/python3.10/site-packages/airflow/example_dags/example_nested_branch_dag.py
[2025-02-22T22:06:11.818+0000] {processor.py:829} INFO - Processing file /home/airflow/.local/lib/python3.10/site-packages/airflow/example_dags/example_nested_branch_dag.py for tasks to queue
[2025-02-22T22:06:11.822+0000] {logging_mixin.py:154} INFO - [2025-02-22T22:06:11.822+0000] {dagbag.py:536} INFO - Filling up the DagBag from /home/airflow/.local/lib/python3.10/site-packages/airflow/example_dags/example_nested_branch_dag.py
[2025-02-22T22:06:11.838+0000] {processor.py:839} INFO - DAG(s) dict_keys(['example_nested_branch_dag']) retrieved from /home/airflow/.local/lib/python3.10/site-packages/airflow/example_dags/example_nested_branch_dag.py
[2025-02-22T22:06:11.920+0000] {logging_mixin.py:154} INFO - [2025-02-22T22:06:11.920+0000] {dag.py:2941} INFO - Sync 1 DAGs
[2025-02-22T22:06:11.955+0000] {logging_mixin.py:154} INFO - [2025-02-22T22:06:11.955+0000] {dag.py:3722} INFO - Setting next_dagrun for example_nested_branch_dag to 2025-02-21T00:00:00+00:00, run_after=2025-02-22T00:00:00+00:00
[2025-02-22T22:06:11.978+0000] {processor.py:179} INFO - Processing /home/airflow/.local/lib/python3.10/site-packages/airflow/example_dags/example_nested_branch_dag.py took 0.168 seconds
[2025-02-22T22:06:42.438+0000] {processor.py:157} INFO - Started process (PID=427) to work on /home/airflow/.local/lib/python3.10/site-packages/airflow/example_dags/example_nested_branch_dag.py
[2025-02-22T22:06:42.440+0000] {processor.py:829} INFO - Processing file /home/airflow/.local/lib/python3.10/site-packages/airflow/example_dags/example_nested_branch_dag.py for tasks to queue
[2025-02-22T22:06:42.446+0000] {logging_mixin.py:154} INFO - [2025-02-22T22:06:42.445+0000] {dagbag.py:536} INFO - Filling up the DagBag from /home/airflow/.local/lib/python3.10/site-packages/airflow/example_dags/example_nested_branch_dag.py
[2025-02-22T22:06:42.463+0000] {processor.py:839} INFO - DAG(s) dict_keys(['example_nested_branch_dag']) retrieved from /home/airflow/.local/lib/python3.10/site-packages/airflow/example_dags/example_nested_branch_dag.py
[2025-02-22T22:06:42.542+0000] {logging_mixin.py:154} INFO - [2025-02-22T22:06:42.542+0000] {dag.py:2941} INFO - Sync 1 DAGs
[2025-02-22T22:06:42.574+0000] {logging_mixin.py:154} INFO - [2025-02-22T22:06:42.574+0000] {dag.py:3722} INFO - Setting next_dagrun for example_nested_branch_dag to 2025-02-21T00:00:00+00:00, run_after=2025-02-22T00:00:00+00:00
[2025-02-22T22:06:42.593+0000] {processor.py:179} INFO - Processing /home/airflow/.local/lib/python3.10/site-packages/airflow/example_dags/example_nested_branch_dag.py took 0.161 seconds
[2025-02-22T22:07:12.696+0000] {processor.py:157} INFO - Started process (PID=495) to work on /home/airflow/.local/lib/python3.10/site-packages/airflow/example_dags/example_nested_branch_dag.py
[2025-02-22T22:07:12.702+0000] {processor.py:829} INFO - Processing file /home/airflow/.local/lib/python3.10/site-packages/airflow/example_dags/example_nested_branch_dag.py for tasks to queue
[2025-02-22T22:07:12.707+0000] {logging_mixin.py:154} INFO - [2025-02-22T22:07:12.707+0000] {dagbag.py:536} INFO - Filling up the DagBag from /home/airflow/.local/lib/python3.10/site-packages/airflow/example_dags/example_nested_branch_dag.py
[2025-02-22T22:07:12.727+0000] {processor.py:839} INFO - DAG(s) dict_keys(['example_nested_branch_dag']) retrieved from /home/airflow/.local/lib/python3.10/site-packages/airflow/example_dags/example_nested_branch_dag.py
[2025-02-22T22:07:12.846+0000] {logging_mixin.py:154} INFO - [2025-02-22T22:07:12.846+0000] {dag.py:2941} INFO - Sync 1 DAGs
[2025-02-22T22:07:12.909+0000] {logging_mixin.py:154} INFO - [2025-02-22T22:07:12.908+0000] {dag.py:3722} INFO - Setting next_dagrun for example_nested_branch_dag to 2025-02-21T00:00:00+00:00, run_after=2025-02-22T00:00:00+00:00
[2025-02-22T22:07:12.937+0000] {processor.py:179} INFO - Processing /home/airflow/.local/lib/python3.10/site-packages/airflow/example_dags/example_nested_branch_dag.py took 0.248 seconds
[2025-02-22T22:07:43.088+0000] {processor.py:157} INFO - Started process (PID=556) to work on /home/airflow/.local/lib/python3.10/site-packages/airflow/example_dags/example_nested_branch_dag.py
[2025-02-22T22:07:43.091+0000] {processor.py:829} INFO - Processing file /home/airflow/.local/lib/python3.10/site-packages/airflow/example_dags/example_nested_branch_dag.py for tasks to queue
[2025-02-22T22:07:43.095+0000] {logging_mixin.py:154} INFO - [2025-02-22T22:07:43.095+0000] {dagbag.py:536} INFO - Filling up the DagBag from /home/airflow/.local/lib/python3.10/site-packages/airflow/example_dags/example_nested_branch_dag.py
[2025-02-22T22:07:43.150+0000] {processor.py:839} INFO - DAG(s) dict_keys(['example_nested_branch_dag']) retrieved from /home/airflow/.local/lib/python3.10/site-packages/airflow/example_dags/example_nested_branch_dag.py
[2025-02-22T22:07:43.300+0000] {logging_mixin.py:154} INFO - [2025-02-22T22:07:43.300+0000] {dag.py:2941} INFO - Sync 1 DAGs
[2025-02-22T22:07:43.343+0000] {logging_mixin.py:154} INFO - [2025-02-22T22:07:43.343+0000] {dag.py:3722} INFO - Setting next_dagrun for example_nested_branch_dag to 2025-02-21T00:00:00+00:00, run_after=2025-02-22T00:00:00+00:00
[2025-02-22T22:07:43.373+0000] {processor.py:179} INFO - Processing /home/airflow/.local/lib/python3.10/site-packages/airflow/example_dags/example_nested_branch_dag.py took 0.292 seconds
[2025-02-22T22:08:32.935+0000] {processor.py:157} INFO - Started process (PID=38) to work on /home/airflow/.local/lib/python3.10/site-packages/airflow/example_dags/example_nested_branch_dag.py
[2025-02-22T22:08:32.943+0000] {processor.py:829} INFO - Processing file /home/airflow/.local/lib/python3.10/site-packages/airflow/example_dags/example_nested_branch_dag.py for tasks to queue
[2025-02-22T22:08:32.965+0000] {logging_mixin.py:154} INFO - [2025-02-22T22:08:32.958+0000] {dagbag.py:536} INFO - Filling up the DagBag from /home/airflow/.local/lib/python3.10/site-packages/airflow/example_dags/example_nested_branch_dag.py
[2025-02-22T22:08:33.038+0000] {processor.py:839} INFO - DAG(s) dict_keys(['example_nested_branch_dag']) retrieved from /home/airflow/.local/lib/python3.10/site-packages/airflow/example_dags/example_nested_branch_dag.py
[2025-02-22T22:08:33.157+0000] {logging_mixin.py:154} INFO - [2025-02-22T22:08:33.156+0000] {dag.py:2941} INFO - Sync 1 DAGs
[2025-02-22T22:08:33.234+0000] {logging_mixin.py:154} INFO - [2025-02-22T22:08:33.233+0000] {dag.py:3722} INFO - Setting next_dagrun for example_nested_branch_dag to 2025-02-21T00:00:00+00:00, run_after=2025-02-22T00:00:00+00:00
[2025-02-22T22:08:33.265+0000] {processor.py:179} INFO - Processing /home/airflow/.local/lib/python3.10/site-packages/airflow/example_dags/example_nested_branch_dag.py took 0.339 seconds
[2025-02-22T22:09:03.849+0000] {processor.py:157} INFO - Started process (PID=106) to work on /home/airflow/.local/lib/python3.10/site-packages/airflow/example_dags/example_nested_branch_dag.py
[2025-02-22T22:09:03.853+0000] {processor.py:829} INFO - Processing file /home/airflow/.local/lib/python3.10/site-packages/airflow/example_dags/example_nested_branch_dag.py for tasks to queue
[2025-02-22T22:09:03.858+0000] {logging_mixin.py:154} INFO - [2025-02-22T22:09:03.858+0000] {dagbag.py:536} INFO - Filling up the DagBag from /home/airflow/.local/lib/python3.10/site-packages/airflow/example_dags/example_nested_branch_dag.py
[2025-02-22T22:09:03.880+0000] {processor.py:839} INFO - DAG(s) dict_keys(['example_nested_branch_dag']) retrieved from /home/airflow/.local/lib/python3.10/site-packages/airflow/example_dags/example_nested_branch_dag.py
[2025-02-22T22:09:03.961+0000] {logging_mixin.py:154} INFO - [2025-02-22T22:09:03.960+0000] {dag.py:2941} INFO - Sync 1 DAGs
[2025-02-22T22:09:04.008+0000] {logging_mixin.py:154} INFO - [2025-02-22T22:09:04.008+0000] {dag.py:3722} INFO - Setting next_dagrun for example_nested_branch_dag to 2025-02-21T00:00:00+00:00, run_after=2025-02-22T00:00:00+00:00
[2025-02-22T22:09:04.034+0000] {processor.py:179} INFO - Processing /home/airflow/.local/lib/python3.10/site-packages/airflow/example_dags/example_nested_branch_dag.py took 0.190 seconds
[2025-02-22T22:09:34.282+0000] {processor.py:157} INFO - Started process (PID=166) to work on /home/airflow/.local/lib/python3.10/site-packages/airflow/example_dags/example_nested_branch_dag.py
[2025-02-22T22:09:34.284+0000] {processor.py:829} INFO - Processing file /home/airflow/.local/lib/python3.10/site-packages/airflow/example_dags/example_nested_branch_dag.py for tasks to queue
[2025-02-22T22:09:34.288+0000] {logging_mixin.py:154} INFO - [2025-02-22T22:09:34.288+0000] {dagbag.py:536} INFO - Filling up the DagBag from /home/airflow/.local/lib/python3.10/site-packages/airflow/example_dags/example_nested_branch_dag.py
[2025-02-22T22:09:34.305+0000] {processor.py:839} INFO - DAG(s) dict_keys(['example_nested_branch_dag']) retrieved from /home/airflow/.local/lib/python3.10/site-packages/airflow/example_dags/example_nested_branch_dag.py
[2025-02-22T22:09:34.378+0000] {logging_mixin.py:154} INFO - [2025-02-22T22:09:34.378+0000] {dag.py:2941} INFO - Sync 1 DAGs
[2025-02-22T22:09:34.408+0000] {logging_mixin.py:154} INFO - [2025-02-22T22:09:34.408+0000] {dag.py:3722} INFO - Setting next_dagrun for example_nested_branch_dag to 2025-02-21T00:00:00+00:00, run_after=2025-02-22T00:00:00+00:00
[2025-02-22T22:09:34.430+0000] {processor.py:179} INFO - Processing /home/airflow/.local/lib/python3.10/site-packages/airflow/example_dags/example_nested_branch_dag.py took 0.154 seconds
[2025-02-22T22:10:04.798+0000] {processor.py:157} INFO - Started process (PID=227) to work on /home/airflow/.local/lib/python3.10/site-packages/airflow/example_dags/example_nested_branch_dag.py
[2025-02-22T22:10:04.801+0000] {processor.py:829} INFO - Processing file /home/airflow/.local/lib/python3.10/site-packages/airflow/example_dags/example_nested_branch_dag.py for tasks to queue
[2025-02-22T22:10:04.806+0000] {logging_mixin.py:154} INFO - [2025-02-22T22:10:04.806+0000] {dagbag.py:536} INFO - Filling up the DagBag from /home/airflow/.local/lib/python3.10/site-packages/airflow/example_dags/example_nested_branch_dag.py
[2025-02-22T22:10:04.832+0000] {processor.py:839} INFO - DAG(s) dict_keys(['example_nested_branch_dag']) retrieved from /home/airflow/.local/lib/python3.10/site-packages/airflow/example_dags/example_nested_branch_dag.py
[2025-02-22T22:10:04.927+0000] {logging_mixin.py:154} INFO - [2025-02-22T22:10:04.927+0000] {dag.py:2941} INFO - Sync 1 DAGs
[2025-02-22T22:10:04.962+0000] {logging_mixin.py:154} INFO - [2025-02-22T22:10:04.962+0000] {dag.py:3722} INFO - Setting next_dagrun for example_nested_branch_dag to 2025-02-21T00:00:00+00:00, run_after=2025-02-22T00:00:00+00:00
[2025-02-22T22:10:05.006+0000] {processor.py:179} INFO - Processing /home/airflow/.local/lib/python3.10/site-packages/airflow/example_dags/example_nested_branch_dag.py took 0.215 seconds
[2025-02-22T22:10:35.695+0000] {processor.py:157} INFO - Started process (PID=295) to work on /home/airflow/.local/lib/python3.10/site-packages/airflow/example_dags/example_nested_branch_dag.py
[2025-02-22T22:10:35.698+0000] {processor.py:829} INFO - Processing file /home/airflow/.local/lib/python3.10/site-packages/airflow/example_dags/example_nested_branch_dag.py for tasks to queue
[2025-02-22T22:10:35.705+0000] {logging_mixin.py:154} INFO - [2025-02-22T22:10:35.705+0000] {dagbag.py:536} INFO - Filling up the DagBag from /home/airflow/.local/lib/python3.10/site-packages/airflow/example_dags/example_nested_branch_dag.py
[2025-02-22T22:10:35.741+0000] {processor.py:839} INFO - DAG(s) dict_keys(['example_nested_branch_dag']) retrieved from /home/airflow/.local/lib/python3.10/site-packages/airflow/example_dags/example_nested_branch_dag.py
[2025-02-22T22:10:35.872+0000] {logging_mixin.py:154} INFO - [2025-02-22T22:10:35.872+0000] {dag.py:2941} INFO - Sync 1 DAGs
[2025-02-22T22:10:35.914+0000] {logging_mixin.py:154} INFO - [2025-02-22T22:10:35.913+0000] {dag.py:3722} INFO - Setting next_dagrun for example_nested_branch_dag to 2025-02-21T00:00:00+00:00, run_after=2025-02-22T00:00:00+00:00
[2025-02-22T22:10:35.938+0000] {processor.py:179} INFO - Processing /home/airflow/.local/lib/python3.10/site-packages/airflow/example_dags/example_nested_branch_dag.py took 0.250 seconds
[2025-02-22T22:11:06.235+0000] {processor.py:157} INFO - Started process (PID=354) to work on /home/airflow/.local/lib/python3.10/site-packages/airflow/example_dags/example_nested_branch_dag.py
[2025-02-22T22:11:06.239+0000] {processor.py:829} INFO - Processing file /home/airflow/.local/lib/python3.10/site-packages/airflow/example_dags/example_nested_branch_dag.py for tasks to queue
[2025-02-22T22:11:06.254+0000] {logging_mixin.py:154} INFO - [2025-02-22T22:11:06.253+0000] {dagbag.py:536} INFO - Filling up the DagBag from /home/airflow/.local/lib/python3.10/site-packages/airflow/example_dags/example_nested_branch_dag.py
[2025-02-22T22:11:06.274+0000] {processor.py:839} INFO - DAG(s) dict_keys(['example_nested_branch_dag']) retrieved from /home/airflow/.local/lib/python3.10/site-packages/airflow/example_dags/example_nested_branch_dag.py
[2025-02-22T22:11:06.356+0000] {logging_mixin.py:154} INFO - [2025-02-22T22:11:06.355+0000] {dag.py:2941} INFO - Sync 1 DAGs
[2025-02-22T22:11:06.394+0000] {logging_mixin.py:154} INFO - [2025-02-22T22:11:06.394+0000] {dag.py:3722} INFO - Setting next_dagrun for example_nested_branch_dag to 2025-02-21T00:00:00+00:00, run_after=2025-02-22T00:00:00+00:00
[2025-02-22T22:11:06.449+0000] {processor.py:179} INFO - Processing /home/airflow/.local/lib/python3.10/site-packages/airflow/example_dags/example_nested_branch_dag.py took 0.221 seconds
[2025-02-22T22:11:37.045+0000] {processor.py:157} INFO - Started process (PID=422) to work on /home/airflow/.local/lib/python3.10/site-packages/airflow/example_dags/example_nested_branch_dag.py
[2025-02-22T22:11:37.047+0000] {processor.py:829} INFO - Processing file /home/airflow/.local/lib/python3.10/site-packages/airflow/example_dags/example_nested_branch_dag.py for tasks to queue
[2025-02-22T22:11:37.051+0000] {logging_mixin.py:154} INFO - [2025-02-22T22:11:37.051+0000] {dagbag.py:536} INFO - Filling up the DagBag from /home/airflow/.local/lib/python3.10/site-packages/airflow/example_dags/example_nested_branch_dag.py
[2025-02-22T22:11:37.065+0000] {processor.py:839} INFO - DAG(s) dict_keys(['example_nested_branch_dag']) retrieved from /home/airflow/.local/lib/python3.10/site-packages/airflow/example_dags/example_nested_branch_dag.py
[2025-02-22T22:11:37.151+0000] {logging_mixin.py:154} INFO - [2025-02-22T22:11:37.151+0000] {dag.py:2941} INFO - Sync 1 DAGs
[2025-02-22T22:11:37.187+0000] {logging_mixin.py:154} INFO - [2025-02-22T22:11:37.187+0000] {dag.py:3722} INFO - Setting next_dagrun for example_nested_branch_dag to 2025-02-21T00:00:00+00:00, run_after=2025-02-22T00:00:00+00:00
[2025-02-22T22:11:37.214+0000] {processor.py:179} INFO - Processing /home/airflow/.local/lib/python3.10/site-packages/airflow/example_dags/example_nested_branch_dag.py took 0.173 seconds
[2025-02-22T22:12:07.662+0000] {processor.py:157} INFO - Started process (PID=490) to work on /home/airflow/.local/lib/python3.10/site-packages/airflow/example_dags/example_nested_branch_dag.py
[2025-02-22T22:12:07.666+0000] {processor.py:829} INFO - Processing file /home/airflow/.local/lib/python3.10/site-packages/airflow/example_dags/example_nested_branch_dag.py for tasks to queue
[2025-02-22T22:12:07.671+0000] {logging_mixin.py:154} INFO - [2025-02-22T22:12:07.670+0000] {dagbag.py:536} INFO - Filling up the DagBag from /home/airflow/.local/lib/python3.10/site-packages/airflow/example_dags/example_nested_branch_dag.py
[2025-02-22T22:12:07.694+0000] {processor.py:839} INFO - DAG(s) dict_keys(['example_nested_branch_dag']) retrieved from /home/airflow/.local/lib/python3.10/site-packages/airflow/example_dags/example_nested_branch_dag.py
[2025-02-22T22:12:07.814+0000] {logging_mixin.py:154} INFO - [2025-02-22T22:12:07.814+0000] {dag.py:2941} INFO - Sync 1 DAGs
[2025-02-22T22:12:07.858+0000] {logging_mixin.py:154} INFO - [2025-02-22T22:12:07.857+0000] {dag.py:3722} INFO - Setting next_dagrun for example_nested_branch_dag to 2025-02-21T00:00:00+00:00, run_after=2025-02-22T00:00:00+00:00
[2025-02-22T22:12:07.891+0000] {processor.py:179} INFO - Processing /home/airflow/.local/lib/python3.10/site-packages/airflow/example_dags/example_nested_branch_dag.py took 0.235 seconds
[2025-02-22T22:12:38.572+0000] {processor.py:157} INFO - Started process (PID=551) to work on /home/airflow/.local/lib/python3.10/site-packages/airflow/example_dags/example_nested_branch_dag.py
[2025-02-22T22:12:38.575+0000] {processor.py:829} INFO - Processing file /home/airflow/.local/lib/python3.10/site-packages/airflow/example_dags/example_nested_branch_dag.py for tasks to queue
[2025-02-22T22:12:38.577+0000] {logging_mixin.py:154} INFO - [2025-02-22T22:12:38.577+0000] {dagbag.py:536} INFO - Filling up the DagBag from /home/airflow/.local/lib/python3.10/site-packages/airflow/example_dags/example_nested_branch_dag.py
[2025-02-22T22:12:38.594+0000] {processor.py:839} INFO - DAG(s) dict_keys(['example_nested_branch_dag']) retrieved from /home/airflow/.local/lib/python3.10/site-packages/airflow/example_dags/example_nested_branch_dag.py
[2025-02-22T22:12:38.675+0000] {logging_mixin.py:154} INFO - [2025-02-22T22:12:38.675+0000] {dag.py:2941} INFO - Sync 1 DAGs
[2025-02-22T22:12:38.709+0000] {logging_mixin.py:154} INFO - [2025-02-22T22:12:38.709+0000] {dag.py:3722} INFO - Setting next_dagrun for example_nested_branch_dag to 2025-02-21T00:00:00+00:00, run_after=2025-02-22T00:00:00+00:00
[2025-02-22T22:12:38.731+0000] {processor.py:179} INFO - Processing /home/airflow/.local/lib/python3.10/site-packages/airflow/example_dags/example_nested_branch_dag.py took 0.164 seconds
[2025-02-22T22:13:09.535+0000] {processor.py:157} INFO - Started process (PID=618) to work on /home/airflow/.local/lib/python3.10/site-packages/airflow/example_dags/example_nested_branch_dag.py
[2025-02-22T22:13:09.537+0000] {processor.py:829} INFO - Processing file /home/airflow/.local/lib/python3.10/site-packages/airflow/example_dags/example_nested_branch_dag.py for tasks to queue
[2025-02-22T22:13:09.541+0000] {logging_mixin.py:154} INFO - [2025-02-22T22:13:09.541+0000] {dagbag.py:536} INFO - Filling up the DagBag from /home/airflow/.local/lib/python3.10/site-packages/airflow/example_dags/example_nested_branch_dag.py
[2025-02-22T22:13:09.573+0000] {processor.py:839} INFO - DAG(s) dict_keys(['example_nested_branch_dag']) retrieved from /home/airflow/.local/lib/python3.10/site-packages/airflow/example_dags/example_nested_branch_dag.py
[2025-02-22T22:13:09.673+0000] {logging_mixin.py:154} INFO - [2025-02-22T22:13:09.673+0000] {dag.py:2941} INFO - Sync 1 DAGs
[2025-02-22T22:13:09.709+0000] {logging_mixin.py:154} INFO - [2025-02-22T22:13:09.709+0000] {dag.py:3722} INFO - Setting next_dagrun for example_nested_branch_dag to 2025-02-21T00:00:00+00:00, run_after=2025-02-22T00:00:00+00:00
[2025-02-22T22:13:09.734+0000] {processor.py:179} INFO - Processing /home/airflow/.local/lib/python3.10/site-packages/airflow/example_dags/example_nested_branch_dag.py took 0.204 seconds
[2025-02-22T22:13:40.137+0000] {processor.py:157} INFO - Started process (PID=679) to work on /home/airflow/.local/lib/python3.10/site-packages/airflow/example_dags/example_nested_branch_dag.py
[2025-02-22T22:13:40.140+0000] {processor.py:829} INFO - Processing file /home/airflow/.local/lib/python3.10/site-packages/airflow/example_dags/example_nested_branch_dag.py for tasks to queue
[2025-02-22T22:13:40.144+0000] {logging_mixin.py:154} INFO - [2025-02-22T22:13:40.144+0000] {dagbag.py:536} INFO - Filling up the DagBag from /home/airflow/.local/lib/python3.10/site-packages/airflow/example_dags/example_nested_branch_dag.py
[2025-02-22T22:13:40.158+0000] {processor.py:839} INFO - DAG(s) dict_keys(['example_nested_branch_dag']) retrieved from /home/airflow/.local/lib/python3.10/site-packages/airflow/example_dags/example_nested_branch_dag.py
[2025-02-22T22:13:40.271+0000] {logging_mixin.py:154} INFO - [2025-02-22T22:13:40.270+0000] {dag.py:2941} INFO - Sync 1 DAGs
[2025-02-22T22:13:40.337+0000] {logging_mixin.py:154} INFO - [2025-02-22T22:13:40.337+0000] {dag.py:3722} INFO - Setting next_dagrun for example_nested_branch_dag to 2025-02-21T00:00:00+00:00, run_after=2025-02-22T00:00:00+00:00
[2025-02-22T22:13:40.361+0000] {processor.py:179} INFO - Processing /home/airflow/.local/lib/python3.10/site-packages/airflow/example_dags/example_nested_branch_dag.py took 0.228 seconds
[2025-02-22T22:14:10.626+0000] {processor.py:157} INFO - Started process (PID=747) to work on /home/airflow/.local/lib/python3.10/site-packages/airflow/example_dags/example_nested_branch_dag.py
[2025-02-22T22:14:10.628+0000] {processor.py:829} INFO - Processing file /home/airflow/.local/lib/python3.10/site-packages/airflow/example_dags/example_nested_branch_dag.py for tasks to queue
[2025-02-22T22:14:10.635+0000] {logging_mixin.py:154} INFO - [2025-02-22T22:14:10.634+0000] {dagbag.py:536} INFO - Filling up the DagBag from /home/airflow/.local/lib/python3.10/site-packages/airflow/example_dags/example_nested_branch_dag.py
[2025-02-22T22:14:10.670+0000] {processor.py:839} INFO - DAG(s) dict_keys(['example_nested_branch_dag']) retrieved from /home/airflow/.local/lib/python3.10/site-packages/airflow/example_dags/example_nested_branch_dag.py
[2025-02-22T22:14:10.796+0000] {logging_mixin.py:154} INFO - [2025-02-22T22:14:10.795+0000] {dag.py:2941} INFO - Sync 1 DAGs
[2025-02-22T22:14:10.836+0000] {logging_mixin.py:154} INFO - [2025-02-22T22:14:10.835+0000] {dag.py:3722} INFO - Setting next_dagrun for example_nested_branch_dag to 2025-02-21T00:00:00+00:00, run_after=2025-02-22T00:00:00+00:00
[2025-02-22T22:14:10.857+0000] {processor.py:179} INFO - Processing /home/airflow/.local/lib/python3.10/site-packages/airflow/example_dags/example_nested_branch_dag.py took 0.238 seconds
[2025-02-22T22:14:40.976+0000] {processor.py:157} INFO - Started process (PID=808) to work on /home/airflow/.local/lib/python3.10/site-packages/airflow/example_dags/example_nested_branch_dag.py
[2025-02-22T22:14:40.980+0000] {processor.py:829} INFO - Processing file /home/airflow/.local/lib/python3.10/site-packages/airflow/example_dags/example_nested_branch_dag.py for tasks to queue
[2025-02-22T22:14:40.984+0000] {logging_mixin.py:154} INFO - [2025-02-22T22:14:40.983+0000] {dagbag.py:536} INFO - Filling up the DagBag from /home/airflow/.local/lib/python3.10/site-packages/airflow/example_dags/example_nested_branch_dag.py
[2025-02-22T22:14:41.037+0000] {processor.py:839} INFO - DAG(s) dict_keys(['example_nested_branch_dag']) retrieved from /home/airflow/.local/lib/python3.10/site-packages/airflow/example_dags/example_nested_branch_dag.py
[2025-02-22T22:14:41.142+0000] {logging_mixin.py:154} INFO - [2025-02-22T22:14:41.142+0000] {dag.py:2941} INFO - Sync 1 DAGs
[2025-02-22T22:14:41.190+0000] {logging_mixin.py:154} INFO - [2025-02-22T22:14:41.190+0000] {dag.py:3722} INFO - Setting next_dagrun for example_nested_branch_dag to 2025-02-21T00:00:00+00:00, run_after=2025-02-22T00:00:00+00:00
[2025-02-22T22:14:41.234+0000] {processor.py:179} INFO - Processing /home/airflow/.local/lib/python3.10/site-packages/airflow/example_dags/example_nested_branch_dag.py took 0.267 seconds
[2025-02-22T22:15:11.572+0000] {processor.py:157} INFO - Started process (PID=876) to work on /home/airflow/.local/lib/python3.10/site-packages/airflow/example_dags/example_nested_branch_dag.py
[2025-02-22T22:15:11.575+0000] {processor.py:829} INFO - Processing file /home/airflow/.local/lib/python3.10/site-packages/airflow/example_dags/example_nested_branch_dag.py for tasks to queue
[2025-02-22T22:15:11.578+0000] {logging_mixin.py:154} INFO - [2025-02-22T22:15:11.578+0000] {dagbag.py:536} INFO - Filling up the DagBag from /home/airflow/.local/lib/python3.10/site-packages/airflow/example_dags/example_nested_branch_dag.py
[2025-02-22T22:15:11.594+0000] {processor.py:839} INFO - DAG(s) dict_keys(['example_nested_branch_dag']) retrieved from /home/airflow/.local/lib/python3.10/site-packages/airflow/example_dags/example_nested_branch_dag.py
[2025-02-22T22:15:11.666+0000] {logging_mixin.py:154} INFO - [2025-02-22T22:15:11.666+0000] {dag.py:2941} INFO - Sync 1 DAGs
[2025-02-22T22:15:11.697+0000] {logging_mixin.py:154} INFO - [2025-02-22T22:15:11.697+0000] {dag.py:3722} INFO - Setting next_dagrun for example_nested_branch_dag to 2025-02-21T00:00:00+00:00, run_after=2025-02-22T00:00:00+00:00
[2025-02-22T22:15:11.724+0000] {processor.py:179} INFO - Processing /home/airflow/.local/lib/python3.10/site-packages/airflow/example_dags/example_nested_branch_dag.py took 0.158 seconds
[2025-02-22T22:15:41.775+0000] {processor.py:157} INFO - Started process (PID=937) to work on /home/airflow/.local/lib/python3.10/site-packages/airflow/example_dags/example_nested_branch_dag.py
[2025-02-22T22:15:41.782+0000] {processor.py:829} INFO - Processing file /home/airflow/.local/lib/python3.10/site-packages/airflow/example_dags/example_nested_branch_dag.py for tasks to queue
[2025-02-22T22:15:41.786+0000] {logging_mixin.py:154} INFO - [2025-02-22T22:15:41.786+0000] {dagbag.py:536} INFO - Filling up the DagBag from /home/airflow/.local/lib/python3.10/site-packages/airflow/example_dags/example_nested_branch_dag.py
[2025-02-22T22:15:41.820+0000] {processor.py:839} INFO - DAG(s) dict_keys(['example_nested_branch_dag']) retrieved from /home/airflow/.local/lib/python3.10/site-packages/airflow/example_dags/example_nested_branch_dag.py
[2025-02-22T22:15:41.928+0000] {logging_mixin.py:154} INFO - [2025-02-22T22:15:41.928+0000] {dag.py:2941} INFO - Sync 1 DAGs
[2025-02-22T22:15:41.969+0000] {logging_mixin.py:154} INFO - [2025-02-22T22:15:41.968+0000] {dag.py:3722} INFO - Setting next_dagrun for example_nested_branch_dag to 2025-02-21T00:00:00+00:00, run_after=2025-02-22T00:00:00+00:00
[2025-02-22T22:15:41.992+0000] {processor.py:179} INFO - Processing /home/airflow/.local/lib/python3.10/site-packages/airflow/example_dags/example_nested_branch_dag.py took 0.221 seconds
[2025-02-22T22:16:12.043+0000] {processor.py:157} INFO - Started process (PID=1005) to work on /home/airflow/.local/lib/python3.10/site-packages/airflow/example_dags/example_nested_branch_dag.py
[2025-02-22T22:16:12.046+0000] {processor.py:829} INFO - Processing file /home/airflow/.local/lib/python3.10/site-packages/airflow/example_dags/example_nested_branch_dag.py for tasks to queue
[2025-02-22T22:16:12.051+0000] {logging_mixin.py:154} INFO - [2025-02-22T22:16:12.050+0000] {dagbag.py:536} INFO - Filling up the DagBag from /home/airflow/.local/lib/python3.10/site-packages/airflow/example_dags/example_nested_branch_dag.py
[2025-02-22T22:16:12.069+0000] {processor.py:839} INFO - DAG(s) dict_keys(['example_nested_branch_dag']) retrieved from /home/airflow/.local/lib/python3.10/site-packages/airflow/example_dags/example_nested_branch_dag.py
[2025-02-22T22:16:12.150+0000] {logging_mixin.py:154} INFO - [2025-02-22T22:16:12.149+0000] {dag.py:2941} INFO - Sync 1 DAGs
[2025-02-22T22:16:12.182+0000] {logging_mixin.py:154} INFO - [2025-02-22T22:16:12.182+0000] {dag.py:3722} INFO - Setting next_dagrun for example_nested_branch_dag to 2025-02-21T00:00:00+00:00, run_after=2025-02-22T00:00:00+00:00
[2025-02-22T22:16:12.203+0000] {processor.py:179} INFO - Processing /home/airflow/.local/lib/python3.10/site-packages/airflow/example_dags/example_nested_branch_dag.py took 0.167 seconds
[2025-02-22T22:16:42.402+0000] {processor.py:157} INFO - Started process (PID=1066) to work on /home/airflow/.local/lib/python3.10/site-packages/airflow/example_dags/example_nested_branch_dag.py
[2025-02-22T22:16:42.404+0000] {processor.py:829} INFO - Processing file /home/airflow/.local/lib/python3.10/site-packages/airflow/example_dags/example_nested_branch_dag.py for tasks to queue
[2025-02-22T22:16:42.408+0000] {logging_mixin.py:154} INFO - [2025-02-22T22:16:42.408+0000] {dagbag.py:536} INFO - Filling up the DagBag from /home/airflow/.local/lib/python3.10/site-packages/airflow/example_dags/example_nested_branch_dag.py
[2025-02-22T22:16:42.425+0000] {processor.py:839} INFO - DAG(s) dict_keys(['example_nested_branch_dag']) retrieved from /home/airflow/.local/lib/python3.10/site-packages/airflow/example_dags/example_nested_branch_dag.py
[2025-02-22T22:16:42.524+0000] {logging_mixin.py:154} INFO - [2025-02-22T22:16:42.524+0000] {dag.py:2941} INFO - Sync 1 DAGs
[2025-02-22T22:16:42.573+0000] {logging_mixin.py:154} INFO - [2025-02-22T22:16:42.572+0000] {dag.py:3722} INFO - Setting next_dagrun for example_nested_branch_dag to 2025-02-21T00:00:00+00:00, run_after=2025-02-22T00:00:00+00:00
[2025-02-22T22:16:42.610+0000] {processor.py:179} INFO - Processing /home/airflow/.local/lib/python3.10/site-packages/airflow/example_dags/example_nested_branch_dag.py took 0.212 seconds
