[2025-02-22T21:47:16.798+0000] {processor.py:157} INFO - Started process (PID=56) to work on /home/airflow/.local/lib/python3.10/site-packages/airflow/example_dags/example_dag_decorator.py
[2025-02-22T21:47:16.800+0000] {processor.py:829} INFO - Processing file /home/airflow/.local/lib/python3.10/site-packages/airflow/example_dags/example_dag_decorator.py for tasks to queue
[2025-02-22T21:47:16.804+0000] {logging_mixin.py:154} INFO - [2025-02-22T21:47:16.803+0000] {dagbag.py:536} INFO - Filling up the DagBag from /home/airflow/.local/lib/python3.10/site-packages/airflow/example_dags/example_dag_decorator.py
[2025-02-22T21:47:16.968+0000] {processor.py:839} INFO - DAG(s) dict_keys(['example_dag_decorator']) retrieved from /home/airflow/.local/lib/python3.10/site-packages/airflow/example_dags/example_dag_decorator.py
[2025-02-22T21:47:17.128+0000] {logging_mixin.py:154} INFO - [2025-02-22T21:47:17.127+0000] {manager.py:499} INFO - Created Permission View: %s
[2025-02-22T21:47:17.144+0000] {logging_mixin.py:154} INFO - [2025-02-22T21:47:17.143+0000] {manager.py:499} INFO - Created Permission View: %s
[2025-02-22T21:47:17.152+0000] {logging_mixin.py:154} INFO - [2025-02-22T21:47:17.152+0000] {manager.py:499} INFO - Created Permission View: %s
[2025-02-22T21:47:17.154+0000] {logging_mixin.py:154} INFO - [2025-02-22T21:47:17.154+0000] {dag.py:2941} INFO - Sync 1 DAGs
[2025-02-22T21:47:17.167+0000] {logging_mixin.py:154} INFO - [2025-02-22T21:47:17.167+0000] {dag.py:2963} INFO - Creating ORM DAG for example_dag_decorator
[2025-02-22T21:47:17.168+0000] {logging_mixin.py:154} INFO - [2025-02-22T21:47:17.168+0000] {dag.py:3722} INFO - Setting next_dagrun for example_dag_decorator to None, run_after=None
[2025-02-22T21:47:17.192+0000] {processor.py:179} INFO - Processing /home/airflow/.local/lib/python3.10/site-packages/airflow/example_dags/example_dag_decorator.py took 0.398 seconds
[2025-02-22T21:48:58.790+0000] {processor.py:157} INFO - Started process (PID=56) to work on /home/airflow/.local/lib/python3.10/site-packages/airflow/example_dags/example_dag_decorator.py
[2025-02-22T21:48:58.791+0000] {processor.py:829} INFO - Processing file /home/airflow/.local/lib/python3.10/site-packages/airflow/example_dags/example_dag_decorator.py for tasks to queue
[2025-02-22T21:48:58.793+0000] {logging_mixin.py:154} INFO - [2025-02-22T21:48:58.793+0000] {dagbag.py:536} INFO - Filling up the DagBag from /home/airflow/.local/lib/python3.10/site-packages/airflow/example_dags/example_dag_decorator.py
[2025-02-22T21:48:58.869+0000] {processor.py:839} INFO - DAG(s) dict_keys(['example_dag_decorator']) retrieved from /home/airflow/.local/lib/python3.10/site-packages/airflow/example_dags/example_dag_decorator.py
[2025-02-22T21:48:58.967+0000] {logging_mixin.py:154} INFO - [2025-02-22T21:48:58.967+0000] {dag.py:2941} INFO - Sync 1 DAGs
[2025-02-22T21:48:58.999+0000] {logging_mixin.py:154} INFO - [2025-02-22T21:48:58.998+0000] {dag.py:3722} INFO - Setting next_dagrun for example_dag_decorator to None, run_after=None
[2025-02-22T21:48:59.040+0000] {processor.py:179} INFO - Processing /home/airflow/.local/lib/python3.10/site-packages/airflow/example_dags/example_dag_decorator.py took 0.252 seconds
[2025-02-22T21:56:49.196+0000] {processor.py:157} INFO - Started process (PID=56) to work on /home/airflow/.local/lib/python3.10/site-packages/airflow/example_dags/example_dag_decorator.py
[2025-02-22T21:56:49.198+0000] {processor.py:829} INFO - Processing file /home/airflow/.local/lib/python3.10/site-packages/airflow/example_dags/example_dag_decorator.py for tasks to queue
[2025-02-22T21:56:49.200+0000] {logging_mixin.py:154} INFO - [2025-02-22T21:56:49.200+0000] {dagbag.py:536} INFO - Filling up the DagBag from /home/airflow/.local/lib/python3.10/site-packages/airflow/example_dags/example_dag_decorator.py
[2025-02-22T21:56:49.357+0000] {processor.py:839} INFO - DAG(s) dict_keys(['example_dag_decorator']) retrieved from /home/airflow/.local/lib/python3.10/site-packages/airflow/example_dags/example_dag_decorator.py
[2025-02-22T21:56:49.447+0000] {logging_mixin.py:154} INFO - [2025-02-22T21:56:49.447+0000] {dag.py:2941} INFO - Sync 1 DAGs
[2025-02-22T21:56:49.469+0000] {logging_mixin.py:154} INFO - [2025-02-22T21:56:49.469+0000] {dag.py:3722} INFO - Setting next_dagrun for example_dag_decorator to None, run_after=None
[2025-02-22T21:56:49.514+0000] {processor.py:179} INFO - Processing /home/airflow/.local/lib/python3.10/site-packages/airflow/example_dags/example_dag_decorator.py took 0.323 seconds
[2025-02-22T21:57:20.095+0000] {processor.py:157} INFO - Started process (PID=124) to work on /home/airflow/.local/lib/python3.10/site-packages/airflow/example_dags/example_dag_decorator.py
[2025-02-22T21:57:20.097+0000] {processor.py:829} INFO - Processing file /home/airflow/.local/lib/python3.10/site-packages/airflow/example_dags/example_dag_decorator.py for tasks to queue
[2025-02-22T21:57:20.099+0000] {logging_mixin.py:154} INFO - [2025-02-22T21:57:20.099+0000] {dagbag.py:536} INFO - Filling up the DagBag from /home/airflow/.local/lib/python3.10/site-packages/airflow/example_dags/example_dag_decorator.py
[2025-02-22T21:57:20.154+0000] {processor.py:839} INFO - DAG(s) dict_keys(['example_dag_decorator']) retrieved from /home/airflow/.local/lib/python3.10/site-packages/airflow/example_dags/example_dag_decorator.py
[2025-02-22T21:57:20.388+0000] {logging_mixin.py:154} INFO - [2025-02-22T21:57:20.388+0000] {dag.py:2941} INFO - Sync 1 DAGs
[2025-02-22T21:57:20.399+0000] {logging_mixin.py:154} INFO - [2025-02-22T21:57:20.399+0000] {dag.py:3722} INFO - Setting next_dagrun for example_dag_decorator to None, run_after=None
[2025-02-22T21:57:20.427+0000] {processor.py:179} INFO - Processing /home/airflow/.local/lib/python3.10/site-packages/airflow/example_dags/example_dag_decorator.py took 0.334 seconds
[2025-02-22T21:59:53.049+0000] {processor.py:157} INFO - Started process (PID=56) to work on /home/airflow/.local/lib/python3.10/site-packages/airflow/example_dags/example_dag_decorator.py
[2025-02-22T21:59:53.053+0000] {processor.py:829} INFO - Processing file /home/airflow/.local/lib/python3.10/site-packages/airflow/example_dags/example_dag_decorator.py for tasks to queue
[2025-02-22T21:59:53.058+0000] {logging_mixin.py:154} INFO - [2025-02-22T21:59:53.057+0000] {dagbag.py:536} INFO - Filling up the DagBag from /home/airflow/.local/lib/python3.10/site-packages/airflow/example_dags/example_dag_decorator.py
[2025-02-22T21:59:53.283+0000] {processor.py:839} INFO - DAG(s) dict_keys(['example_dag_decorator']) retrieved from /home/airflow/.local/lib/python3.10/site-packages/airflow/example_dags/example_dag_decorator.py
[2025-02-22T21:59:53.404+0000] {logging_mixin.py:154} INFO - [2025-02-22T21:59:53.404+0000] {dag.py:2941} INFO - Sync 1 DAGs
[2025-02-22T21:59:53.441+0000] {logging_mixin.py:154} INFO - [2025-02-22T21:59:53.441+0000] {dag.py:3722} INFO - Setting next_dagrun for example_dag_decorator to None, run_after=None
[2025-02-22T21:59:53.495+0000] {processor.py:179} INFO - Processing /home/airflow/.local/lib/python3.10/site-packages/airflow/example_dags/example_dag_decorator.py took 0.454 seconds
[2025-02-22T22:00:23.939+0000] {processor.py:157} INFO - Started process (PID=124) to work on /home/airflow/.local/lib/python3.10/site-packages/airflow/example_dags/example_dag_decorator.py
[2025-02-22T22:00:23.939+0000] {processor.py:829} INFO - Processing file /home/airflow/.local/lib/python3.10/site-packages/airflow/example_dags/example_dag_decorator.py for tasks to queue
[2025-02-22T22:00:23.942+0000] {logging_mixin.py:154} INFO - [2025-02-22T22:00:23.942+0000] {dagbag.py:536} INFO - Filling up the DagBag from /home/airflow/.local/lib/python3.10/site-packages/airflow/example_dags/example_dag_decorator.py
[2025-02-22T22:00:23.997+0000] {processor.py:839} INFO - DAG(s) dict_keys(['example_dag_decorator']) retrieved from /home/airflow/.local/lib/python3.10/site-packages/airflow/example_dags/example_dag_decorator.py
[2025-02-22T22:00:24.208+0000] {logging_mixin.py:154} INFO - [2025-02-22T22:00:24.207+0000] {dag.py:2941} INFO - Sync 1 DAGs
[2025-02-22T22:00:24.216+0000] {logging_mixin.py:154} INFO - [2025-02-22T22:00:24.216+0000] {dag.py:3722} INFO - Setting next_dagrun for example_dag_decorator to None, run_after=None
[2025-02-22T22:00:24.237+0000] {processor.py:179} INFO - Processing /home/airflow/.local/lib/python3.10/site-packages/airflow/example_dags/example_dag_decorator.py took 0.300 seconds
[2025-02-22T22:00:54.286+0000] {processor.py:157} INFO - Started process (PID=186) to work on /home/airflow/.local/lib/python3.10/site-packages/airflow/example_dags/example_dag_decorator.py
[2025-02-22T22:00:54.288+0000] {processor.py:829} INFO - Processing file /home/airflow/.local/lib/python3.10/site-packages/airflow/example_dags/example_dag_decorator.py for tasks to queue
[2025-02-22T22:00:54.291+0000] {logging_mixin.py:154} INFO - [2025-02-22T22:00:54.290+0000] {dagbag.py:536} INFO - Filling up the DagBag from /home/airflow/.local/lib/python3.10/site-packages/airflow/example_dags/example_dag_decorator.py
[2025-02-22T22:00:54.353+0000] {processor.py:839} INFO - DAG(s) dict_keys(['example_dag_decorator']) retrieved from /home/airflow/.local/lib/python3.10/site-packages/airflow/example_dags/example_dag_decorator.py
[2025-02-22T22:00:54.507+0000] {logging_mixin.py:154} INFO - [2025-02-22T22:00:54.506+0000] {dag.py:2941} INFO - Sync 1 DAGs
[2025-02-22T22:00:54.516+0000] {logging_mixin.py:154} INFO - [2025-02-22T22:00:54.516+0000] {dag.py:3722} INFO - Setting next_dagrun for example_dag_decorator to None, run_after=None
[2025-02-22T22:00:54.536+0000] {processor.py:179} INFO - Processing /home/airflow/.local/lib/python3.10/site-packages/airflow/example_dags/example_dag_decorator.py took 0.252 seconds
[2025-02-22T22:01:24.708+0000] {processor.py:157} INFO - Started process (PID=253) to work on /home/airflow/.local/lib/python3.10/site-packages/airflow/example_dags/example_dag_decorator.py
[2025-02-22T22:01:24.709+0000] {processor.py:829} INFO - Processing file /home/airflow/.local/lib/python3.10/site-packages/airflow/example_dags/example_dag_decorator.py for tasks to queue
[2025-02-22T22:01:24.713+0000] {logging_mixin.py:154} INFO - [2025-02-22T22:01:24.712+0000] {dagbag.py:536} INFO - Filling up the DagBag from /home/airflow/.local/lib/python3.10/site-packages/airflow/example_dags/example_dag_decorator.py
[2025-02-22T22:01:24.787+0000] {processor.py:839} INFO - DAG(s) dict_keys(['example_dag_decorator']) retrieved from /home/airflow/.local/lib/python3.10/site-packages/airflow/example_dags/example_dag_decorator.py
[2025-02-22T22:01:24.918+0000] {logging_mixin.py:154} INFO - [2025-02-22T22:01:24.918+0000] {dag.py:2941} INFO - Sync 1 DAGs
[2025-02-22T22:01:24.927+0000] {logging_mixin.py:154} INFO - [2025-02-22T22:01:24.927+0000] {dag.py:3722} INFO - Setting next_dagrun for example_dag_decorator to None, run_after=None
[2025-02-22T22:01:24.945+0000] {processor.py:179} INFO - Processing /home/airflow/.local/lib/python3.10/site-packages/airflow/example_dags/example_dag_decorator.py took 0.239 seconds
[2025-02-22T22:01:55.268+0000] {processor.py:157} INFO - Started process (PID=313) to work on /home/airflow/.local/lib/python3.10/site-packages/airflow/example_dags/example_dag_decorator.py
[2025-02-22T22:01:55.269+0000] {processor.py:829} INFO - Processing file /home/airflow/.local/lib/python3.10/site-packages/airflow/example_dags/example_dag_decorator.py for tasks to queue
[2025-02-22T22:01:55.271+0000] {logging_mixin.py:154} INFO - [2025-02-22T22:01:55.270+0000] {dagbag.py:536} INFO - Filling up the DagBag from /home/airflow/.local/lib/python3.10/site-packages/airflow/example_dags/example_dag_decorator.py
[2025-02-22T22:01:55.349+0000] {processor.py:839} INFO - DAG(s) dict_keys(['example_dag_decorator']) retrieved from /home/airflow/.local/lib/python3.10/site-packages/airflow/example_dags/example_dag_decorator.py
[2025-02-22T22:01:55.498+0000] {logging_mixin.py:154} INFO - [2025-02-22T22:01:55.498+0000] {dag.py:2941} INFO - Sync 1 DAGs
[2025-02-22T22:01:55.512+0000] {logging_mixin.py:154} INFO - [2025-02-22T22:01:55.511+0000] {dag.py:3722} INFO - Setting next_dagrun for example_dag_decorator to None, run_after=None
[2025-02-22T22:01:55.533+0000] {processor.py:179} INFO - Processing /home/airflow/.local/lib/python3.10/site-packages/airflow/example_dags/example_dag_decorator.py took 0.267 seconds
[2025-02-22T22:02:26.140+0000] {processor.py:157} INFO - Started process (PID=380) to work on /home/airflow/.local/lib/python3.10/site-packages/airflow/example_dags/example_dag_decorator.py
[2025-02-22T22:02:26.142+0000] {processor.py:829} INFO - Processing file /home/airflow/.local/lib/python3.10/site-packages/airflow/example_dags/example_dag_decorator.py for tasks to queue
[2025-02-22T22:02:26.144+0000] {logging_mixin.py:154} INFO - [2025-02-22T22:02:26.144+0000] {dagbag.py:536} INFO - Filling up the DagBag from /home/airflow/.local/lib/python3.10/site-packages/airflow/example_dags/example_dag_decorator.py
[2025-02-22T22:02:26.202+0000] {processor.py:839} INFO - DAG(s) dict_keys(['example_dag_decorator']) retrieved from /home/airflow/.local/lib/python3.10/site-packages/airflow/example_dags/example_dag_decorator.py
[2025-02-22T22:02:26.266+0000] {logging_mixin.py:154} INFO - [2025-02-22T22:02:26.266+0000] {dag.py:2941} INFO - Sync 1 DAGs
[2025-02-22T22:02:26.279+0000] {logging_mixin.py:154} INFO - [2025-02-22T22:02:26.279+0000] {dag.py:3722} INFO - Setting next_dagrun for example_dag_decorator to None, run_after=None
[2025-02-22T22:02:26.296+0000] {processor.py:179} INFO - Processing /home/airflow/.local/lib/python3.10/site-packages/airflow/example_dags/example_dag_decorator.py took 0.158 seconds
[2025-02-22T22:02:56.739+0000] {processor.py:157} INFO - Started process (PID=441) to work on /home/airflow/.local/lib/python3.10/site-packages/airflow/example_dags/example_dag_decorator.py
[2025-02-22T22:02:56.739+0000] {processor.py:829} INFO - Processing file /home/airflow/.local/lib/python3.10/site-packages/airflow/example_dags/example_dag_decorator.py for tasks to queue
[2025-02-22T22:02:56.741+0000] {logging_mixin.py:154} INFO - [2025-02-22T22:02:56.741+0000] {dagbag.py:536} INFO - Filling up the DagBag from /home/airflow/.local/lib/python3.10/site-packages/airflow/example_dags/example_dag_decorator.py
[2025-02-22T22:02:56.833+0000] {processor.py:839} INFO - DAG(s) dict_keys(['example_dag_decorator']) retrieved from /home/airflow/.local/lib/python3.10/site-packages/airflow/example_dags/example_dag_decorator.py
[2025-02-22T22:02:57.005+0000] {logging_mixin.py:154} INFO - [2025-02-22T22:02:57.005+0000] {dag.py:2941} INFO - Sync 1 DAGs
[2025-02-22T22:02:57.019+0000] {logging_mixin.py:154} INFO - [2025-02-22T22:02:57.019+0000] {dag.py:3722} INFO - Setting next_dagrun for example_dag_decorator to None, run_after=None
[2025-02-22T22:02:57.196+0000] {processor.py:179} INFO - Processing /home/airflow/.local/lib/python3.10/site-packages/airflow/example_dags/example_dag_decorator.py took 0.460 seconds
[2025-02-22T22:03:41.921+0000] {processor.py:157} INFO - Started process (PID=57) to work on /home/airflow/.local/lib/python3.10/site-packages/airflow/example_dags/example_dag_decorator.py
[2025-02-22T22:03:41.922+0000] {processor.py:829} INFO - Processing file /home/airflow/.local/lib/python3.10/site-packages/airflow/example_dags/example_dag_decorator.py for tasks to queue
[2025-02-22T22:03:41.924+0000] {logging_mixin.py:154} INFO - [2025-02-22T22:03:41.924+0000] {dagbag.py:536} INFO - Filling up the DagBag from /home/airflow/.local/lib/python3.10/site-packages/airflow/example_dags/example_dag_decorator.py
[2025-02-22T22:03:42.141+0000] {processor.py:839} INFO - DAG(s) dict_keys(['example_dag_decorator']) retrieved from /home/airflow/.local/lib/python3.10/site-packages/airflow/example_dags/example_dag_decorator.py
[2025-02-22T22:03:42.225+0000] {logging_mixin.py:154} INFO - [2025-02-22T22:03:42.224+0000] {dag.py:2941} INFO - Sync 1 DAGs
[2025-02-22T22:03:42.243+0000] {logging_mixin.py:154} INFO - [2025-02-22T22:03:42.243+0000] {dag.py:3722} INFO - Setting next_dagrun for example_dag_decorator to None, run_after=None
[2025-02-22T22:03:42.293+0000] {processor.py:179} INFO - Processing /home/airflow/.local/lib/python3.10/site-packages/airflow/example_dags/example_dag_decorator.py took 0.376 seconds
[2025-02-22T22:04:12.407+0000] {processor.py:157} INFO - Started process (PID=125) to work on /home/airflow/.local/lib/python3.10/site-packages/airflow/example_dags/example_dag_decorator.py
[2025-02-22T22:04:12.408+0000] {processor.py:829} INFO - Processing file /home/airflow/.local/lib/python3.10/site-packages/airflow/example_dags/example_dag_decorator.py for tasks to queue
[2025-02-22T22:04:12.410+0000] {logging_mixin.py:154} INFO - [2025-02-22T22:04:12.410+0000] {dagbag.py:536} INFO - Filling up the DagBag from /home/airflow/.local/lib/python3.10/site-packages/airflow/example_dags/example_dag_decorator.py
[2025-02-22T22:04:12.488+0000] {processor.py:839} INFO - DAG(s) dict_keys(['example_dag_decorator']) retrieved from /home/airflow/.local/lib/python3.10/site-packages/airflow/example_dags/example_dag_decorator.py
[2025-02-22T22:04:12.721+0000] {logging_mixin.py:154} INFO - [2025-02-22T22:04:12.721+0000] {dag.py:2941} INFO - Sync 1 DAGs
[2025-02-22T22:04:12.734+0000] {logging_mixin.py:154} INFO - [2025-02-22T22:04:12.734+0000] {dag.py:3722} INFO - Setting next_dagrun for example_dag_decorator to None, run_after=None
[2025-02-22T22:04:12.758+0000] {processor.py:179} INFO - Processing /home/airflow/.local/lib/python3.10/site-packages/airflow/example_dags/example_dag_decorator.py took 0.356 seconds
[2025-02-22T22:04:42.792+0000] {processor.py:157} INFO - Started process (PID=187) to work on /home/airflow/.local/lib/python3.10/site-packages/airflow/example_dags/example_dag_decorator.py
[2025-02-22T22:04:42.793+0000] {processor.py:829} INFO - Processing file /home/airflow/.local/lib/python3.10/site-packages/airflow/example_dags/example_dag_decorator.py for tasks to queue
[2025-02-22T22:04:42.796+0000] {logging_mixin.py:154} INFO - [2025-02-22T22:04:42.795+0000] {dagbag.py:536} INFO - Filling up the DagBag from /home/airflow/.local/lib/python3.10/site-packages/airflow/example_dags/example_dag_decorator.py
[2025-02-22T22:04:42.848+0000] {processor.py:839} INFO - DAG(s) dict_keys(['example_dag_decorator']) retrieved from /home/airflow/.local/lib/python3.10/site-packages/airflow/example_dags/example_dag_decorator.py
[2025-02-22T22:04:43.011+0000] {logging_mixin.py:154} INFO - [2025-02-22T22:04:43.011+0000] {dag.py:2941} INFO - Sync 1 DAGs
[2025-02-22T22:04:43.021+0000] {logging_mixin.py:154} INFO - [2025-02-22T22:04:43.021+0000] {dag.py:3722} INFO - Setting next_dagrun for example_dag_decorator to None, run_after=None
[2025-02-22T22:04:43.042+0000] {processor.py:179} INFO - Processing /home/airflow/.local/lib/python3.10/site-packages/airflow/example_dags/example_dag_decorator.py took 0.252 seconds
[2025-02-22T22:05:13.288+0000] {processor.py:157} INFO - Started process (PID=254) to work on /home/airflow/.local/lib/python3.10/site-packages/airflow/example_dags/example_dag_decorator.py
[2025-02-22T22:05:13.289+0000] {processor.py:829} INFO - Processing file /home/airflow/.local/lib/python3.10/site-packages/airflow/example_dags/example_dag_decorator.py for tasks to queue
[2025-02-22T22:05:13.291+0000] {logging_mixin.py:154} INFO - [2025-02-22T22:05:13.291+0000] {dagbag.py:536} INFO - Filling up the DagBag from /home/airflow/.local/lib/python3.10/site-packages/airflow/example_dags/example_dag_decorator.py
[2025-02-22T22:05:13.354+0000] {processor.py:839} INFO - DAG(s) dict_keys(['example_dag_decorator']) retrieved from /home/airflow/.local/lib/python3.10/site-packages/airflow/example_dags/example_dag_decorator.py
[2025-02-22T22:05:13.626+0000] {logging_mixin.py:154} INFO - [2025-02-22T22:05:13.625+0000] {dag.py:2941} INFO - Sync 1 DAGs
[2025-02-22T22:05:13.635+0000] {logging_mixin.py:154} INFO - [2025-02-22T22:05:13.635+0000] {dag.py:3722} INFO - Setting next_dagrun for example_dag_decorator to None, run_after=None
[2025-02-22T22:05:13.655+0000] {processor.py:179} INFO - Processing /home/airflow/.local/lib/python3.10/site-packages/airflow/example_dags/example_dag_decorator.py took 0.369 seconds
[2025-02-22T22:05:43.901+0000] {processor.py:157} INFO - Started process (PID=316) to work on /home/airflow/.local/lib/python3.10/site-packages/airflow/example_dags/example_dag_decorator.py
[2025-02-22T22:05:43.902+0000] {processor.py:829} INFO - Processing file /home/airflow/.local/lib/python3.10/site-packages/airflow/example_dags/example_dag_decorator.py for tasks to queue
[2025-02-22T22:05:43.903+0000] {logging_mixin.py:154} INFO - [2025-02-22T22:05:43.903+0000] {dagbag.py:536} INFO - Filling up the DagBag from /home/airflow/.local/lib/python3.10/site-packages/airflow/example_dags/example_dag_decorator.py
[2025-02-22T22:05:43.957+0000] {processor.py:839} INFO - DAG(s) dict_keys(['example_dag_decorator']) retrieved from /home/airflow/.local/lib/python3.10/site-packages/airflow/example_dags/example_dag_decorator.py
[2025-02-22T22:05:44.103+0000] {logging_mixin.py:154} INFO - [2025-02-22T22:05:44.102+0000] {dag.py:2941} INFO - Sync 1 DAGs
[2025-02-22T22:05:44.248+0000] {logging_mixin.py:154} INFO - [2025-02-22T22:05:44.247+0000] {dag.py:3722} INFO - Setting next_dagrun for example_dag_decorator to None, run_after=None
[2025-02-22T22:05:44.268+0000] {processor.py:179} INFO - Processing /home/airflow/.local/lib/python3.10/site-packages/airflow/example_dags/example_dag_decorator.py took 0.370 seconds
[2025-02-22T22:06:14.427+0000] {processor.py:157} INFO - Started process (PID=385) to work on /home/airflow/.local/lib/python3.10/site-packages/airflow/example_dags/example_dag_decorator.py
[2025-02-22T22:06:14.429+0000] {processor.py:829} INFO - Processing file /home/airflow/.local/lib/python3.10/site-packages/airflow/example_dags/example_dag_decorator.py for tasks to queue
[2025-02-22T22:06:14.430+0000] {logging_mixin.py:154} INFO - [2025-02-22T22:06:14.430+0000] {dagbag.py:536} INFO - Filling up the DagBag from /home/airflow/.local/lib/python3.10/site-packages/airflow/example_dags/example_dag_decorator.py
[2025-02-22T22:06:14.494+0000] {processor.py:839} INFO - DAG(s) dict_keys(['example_dag_decorator']) retrieved from /home/airflow/.local/lib/python3.10/site-packages/airflow/example_dags/example_dag_decorator.py
[2025-02-22T22:06:14.628+0000] {logging_mixin.py:154} INFO - [2025-02-22T22:06:14.627+0000] {dag.py:2941} INFO - Sync 1 DAGs
[2025-02-22T22:06:14.637+0000] {logging_mixin.py:154} INFO - [2025-02-22T22:06:14.637+0000] {dag.py:3722} INFO - Setting next_dagrun for example_dag_decorator to None, run_after=None
[2025-02-22T22:06:14.662+0000] {processor.py:179} INFO - Processing /home/airflow/.local/lib/python3.10/site-packages/airflow/example_dags/example_dag_decorator.py took 0.236 seconds
[2025-02-22T22:06:45.024+0000] {processor.py:157} INFO - Started process (PID=446) to work on /home/airflow/.local/lib/python3.10/site-packages/airflow/example_dags/example_dag_decorator.py
[2025-02-22T22:06:45.025+0000] {processor.py:829} INFO - Processing file /home/airflow/.local/lib/python3.10/site-packages/airflow/example_dags/example_dag_decorator.py for tasks to queue
[2025-02-22T22:06:45.026+0000] {logging_mixin.py:154} INFO - [2025-02-22T22:06:45.026+0000] {dagbag.py:536} INFO - Filling up the DagBag from /home/airflow/.local/lib/python3.10/site-packages/airflow/example_dags/example_dag_decorator.py
[2025-02-22T22:06:45.084+0000] {processor.py:839} INFO - DAG(s) dict_keys(['example_dag_decorator']) retrieved from /home/airflow/.local/lib/python3.10/site-packages/airflow/example_dags/example_dag_decorator.py
[2025-02-22T22:06:45.396+0000] {logging_mixin.py:154} INFO - [2025-02-22T22:06:45.396+0000] {dag.py:2941} INFO - Sync 1 DAGs
[2025-02-22T22:06:45.406+0000] {logging_mixin.py:154} INFO - [2025-02-22T22:06:45.406+0000] {dag.py:3722} INFO - Setting next_dagrun for example_dag_decorator to None, run_after=None
[2025-02-22T22:06:45.426+0000] {processor.py:179} INFO - Processing /home/airflow/.local/lib/python3.10/site-packages/airflow/example_dags/example_dag_decorator.py took 0.404 seconds
[2025-02-22T22:07:15.552+0000] {processor.py:157} INFO - Started process (PID=514) to work on /home/airflow/.local/lib/python3.10/site-packages/airflow/example_dags/example_dag_decorator.py
[2025-02-22T22:07:15.553+0000] {processor.py:829} INFO - Processing file /home/airflow/.local/lib/python3.10/site-packages/airflow/example_dags/example_dag_decorator.py for tasks to queue
[2025-02-22T22:07:15.556+0000] {logging_mixin.py:154} INFO - [2025-02-22T22:07:15.556+0000] {dagbag.py:536} INFO - Filling up the DagBag from /home/airflow/.local/lib/python3.10/site-packages/airflow/example_dags/example_dag_decorator.py
[2025-02-22T22:07:15.615+0000] {processor.py:839} INFO - DAG(s) dict_keys(['example_dag_decorator']) retrieved from /home/airflow/.local/lib/python3.10/site-packages/airflow/example_dags/example_dag_decorator.py
[2025-02-22T22:07:15.990+0000] {logging_mixin.py:154} INFO - [2025-02-22T22:07:15.989+0000] {dag.py:2941} INFO - Sync 1 DAGs
[2025-02-22T22:07:16.001+0000] {logging_mixin.py:154} INFO - [2025-02-22T22:07:16.001+0000] {dag.py:3722} INFO - Setting next_dagrun for example_dag_decorator to None, run_after=None
[2025-02-22T22:07:16.020+0000] {processor.py:179} INFO - Processing /home/airflow/.local/lib/python3.10/site-packages/airflow/example_dags/example_dag_decorator.py took 0.470 seconds
[2025-02-22T22:07:46.095+0000] {processor.py:157} INFO - Started process (PID=575) to work on /home/airflow/.local/lib/python3.10/site-packages/airflow/example_dags/example_dag_decorator.py
[2025-02-22T22:07:46.096+0000] {processor.py:829} INFO - Processing file /home/airflow/.local/lib/python3.10/site-packages/airflow/example_dags/example_dag_decorator.py for tasks to queue
[2025-02-22T22:07:46.097+0000] {logging_mixin.py:154} INFO - [2025-02-22T22:07:46.097+0000] {dagbag.py:536} INFO - Filling up the DagBag from /home/airflow/.local/lib/python3.10/site-packages/airflow/example_dags/example_dag_decorator.py
[2025-02-22T22:07:46.156+0000] {processor.py:839} INFO - DAG(s) dict_keys(['example_dag_decorator']) retrieved from /home/airflow/.local/lib/python3.10/site-packages/airflow/example_dags/example_dag_decorator.py
[2025-02-22T22:07:46.457+0000] {logging_mixin.py:154} INFO - [2025-02-22T22:07:46.457+0000] {dag.py:2941} INFO - Sync 1 DAGs
[2025-02-22T22:07:46.468+0000] {logging_mixin.py:154} INFO - [2025-02-22T22:07:46.468+0000] {dag.py:3722} INFO - Setting next_dagrun for example_dag_decorator to None, run_after=None
[2025-02-22T22:07:46.490+0000] {processor.py:179} INFO - Processing /home/airflow/.local/lib/python3.10/site-packages/airflow/example_dags/example_dag_decorator.py took 0.398 seconds
[2025-02-22T22:08:36.985+0000] {processor.py:157} INFO - Started process (PID=55) to work on /home/airflow/.local/lib/python3.10/site-packages/airflow/example_dags/example_dag_decorator.py
[2025-02-22T22:08:36.989+0000] {processor.py:829} INFO - Processing file /home/airflow/.local/lib/python3.10/site-packages/airflow/example_dags/example_dag_decorator.py for tasks to queue
[2025-02-22T22:08:36.997+0000] {logging_mixin.py:154} INFO - [2025-02-22T22:08:36.996+0000] {dagbag.py:536} INFO - Filling up the DagBag from /home/airflow/.local/lib/python3.10/site-packages/airflow/example_dags/example_dag_decorator.py
[2025-02-22T22:08:37.419+0000] {processor.py:839} INFO - DAG(s) dict_keys(['example_dag_decorator']) retrieved from /home/airflow/.local/lib/python3.10/site-packages/airflow/example_dags/example_dag_decorator.py
[2025-02-22T22:08:37.546+0000] {logging_mixin.py:154} INFO - [2025-02-22T22:08:37.545+0000] {dag.py:2941} INFO - Sync 1 DAGs
[2025-02-22T22:08:37.570+0000] {logging_mixin.py:154} INFO - [2025-02-22T22:08:37.570+0000] {dag.py:3722} INFO - Setting next_dagrun for example_dag_decorator to None, run_after=None
[2025-02-22T22:08:37.624+0000] {processor.py:179} INFO - Processing /home/airflow/.local/lib/python3.10/site-packages/airflow/example_dags/example_dag_decorator.py took 0.645 seconds
[2025-02-22T22:09:08.496+0000] {processor.py:157} INFO - Started process (PID=124) to work on /home/airflow/.local/lib/python3.10/site-packages/airflow/example_dags/example_dag_decorator.py
[2025-02-22T22:09:08.498+0000] {processor.py:829} INFO - Processing file /home/airflow/.local/lib/python3.10/site-packages/airflow/example_dags/example_dag_decorator.py for tasks to queue
[2025-02-22T22:09:08.501+0000] {logging_mixin.py:154} INFO - [2025-02-22T22:09:08.500+0000] {dagbag.py:536} INFO - Filling up the DagBag from /home/airflow/.local/lib/python3.10/site-packages/airflow/example_dags/example_dag_decorator.py
[2025-02-22T22:09:08.570+0000] {processor.py:839} INFO - DAG(s) dict_keys(['example_dag_decorator']) retrieved from /home/airflow/.local/lib/python3.10/site-packages/airflow/example_dags/example_dag_decorator.py
[2025-02-22T22:09:08.811+0000] {logging_mixin.py:154} INFO - [2025-02-22T22:09:08.811+0000] {dag.py:2941} INFO - Sync 1 DAGs
[2025-02-22T22:09:08.822+0000] {logging_mixin.py:154} INFO - [2025-02-22T22:09:08.822+0000] {dag.py:3722} INFO - Setting next_dagrun for example_dag_decorator to None, run_after=None
[2025-02-22T22:09:08.846+0000] {processor.py:179} INFO - Processing /home/airflow/.local/lib/python3.10/site-packages/airflow/example_dags/example_dag_decorator.py took 0.353 seconds
[2025-02-22T22:09:38.893+0000] {processor.py:157} INFO - Started process (PID=185) to work on /home/airflow/.local/lib/python3.10/site-packages/airflow/example_dags/example_dag_decorator.py
[2025-02-22T22:09:38.894+0000] {processor.py:829} INFO - Processing file /home/airflow/.local/lib/python3.10/site-packages/airflow/example_dags/example_dag_decorator.py for tasks to queue
[2025-02-22T22:09:38.896+0000] {logging_mixin.py:154} INFO - [2025-02-22T22:09:38.895+0000] {dagbag.py:536} INFO - Filling up the DagBag from /home/airflow/.local/lib/python3.10/site-packages/airflow/example_dags/example_dag_decorator.py
[2025-02-22T22:09:38.970+0000] {processor.py:839} INFO - DAG(s) dict_keys(['example_dag_decorator']) retrieved from /home/airflow/.local/lib/python3.10/site-packages/airflow/example_dags/example_dag_decorator.py
[2025-02-22T22:09:39.173+0000] {logging_mixin.py:154} INFO - [2025-02-22T22:09:39.173+0000] {dag.py:2941} INFO - Sync 1 DAGs
[2025-02-22T22:09:39.188+0000] {logging_mixin.py:154} INFO - [2025-02-22T22:09:39.188+0000] {dag.py:3722} INFO - Setting next_dagrun for example_dag_decorator to None, run_after=None
[2025-02-22T22:09:39.217+0000] {processor.py:179} INFO - Processing /home/airflow/.local/lib/python3.10/site-packages/airflow/example_dags/example_dag_decorator.py took 0.327 seconds
[2025-02-22T22:10:09.317+0000] {processor.py:157} INFO - Started process (PID=254) to work on /home/airflow/.local/lib/python3.10/site-packages/airflow/example_dags/example_dag_decorator.py
[2025-02-22T22:10:09.318+0000] {processor.py:829} INFO - Processing file /home/airflow/.local/lib/python3.10/site-packages/airflow/example_dags/example_dag_decorator.py for tasks to queue
[2025-02-22T22:10:09.319+0000] {logging_mixin.py:154} INFO - [2025-02-22T22:10:09.319+0000] {dagbag.py:536} INFO - Filling up the DagBag from /home/airflow/.local/lib/python3.10/site-packages/airflow/example_dags/example_dag_decorator.py
[2025-02-22T22:10:09.379+0000] {processor.py:839} INFO - DAG(s) dict_keys(['example_dag_decorator']) retrieved from /home/airflow/.local/lib/python3.10/site-packages/airflow/example_dags/example_dag_decorator.py
[2025-02-22T22:10:09.463+0000] {logging_mixin.py:154} INFO - [2025-02-22T22:10:09.462+0000] {dag.py:2941} INFO - Sync 1 DAGs
[2025-02-22T22:10:09.481+0000] {logging_mixin.py:154} INFO - [2025-02-22T22:10:09.481+0000] {dag.py:3722} INFO - Setting next_dagrun for example_dag_decorator to None, run_after=None
[2025-02-22T22:10:09.505+0000] {processor.py:179} INFO - Processing /home/airflow/.local/lib/python3.10/site-packages/airflow/example_dags/example_dag_decorator.py took 0.191 seconds
[2025-02-22T22:10:39.634+0000] {processor.py:157} INFO - Started process (PID=316) to work on /home/airflow/.local/lib/python3.10/site-packages/airflow/example_dags/example_dag_decorator.py
[2025-02-22T22:10:39.635+0000] {processor.py:829} INFO - Processing file /home/airflow/.local/lib/python3.10/site-packages/airflow/example_dags/example_dag_decorator.py for tasks to queue
[2025-02-22T22:10:39.636+0000] {logging_mixin.py:154} INFO - [2025-02-22T22:10:39.636+0000] {dagbag.py:536} INFO - Filling up the DagBag from /home/airflow/.local/lib/python3.10/site-packages/airflow/example_dags/example_dag_decorator.py
[2025-02-22T22:10:39.694+0000] {processor.py:839} INFO - DAG(s) dict_keys(['example_dag_decorator']) retrieved from /home/airflow/.local/lib/python3.10/site-packages/airflow/example_dags/example_dag_decorator.py
[2025-02-22T22:10:39.763+0000] {logging_mixin.py:154} INFO - [2025-02-22T22:10:39.763+0000] {dag.py:2941} INFO - Sync 1 DAGs
[2025-02-22T22:10:39.777+0000] {logging_mixin.py:154} INFO - [2025-02-22T22:10:39.777+0000] {dag.py:3722} INFO - Setting next_dagrun for example_dag_decorator to None, run_after=None
[2025-02-22T22:10:39.797+0000] {processor.py:179} INFO - Processing /home/airflow/.local/lib/python3.10/site-packages/airflow/example_dags/example_dag_decorator.py took 0.165 seconds
[2025-02-22T22:11:10.147+0000] {processor.py:157} INFO - Started process (PID=381) to work on /home/airflow/.local/lib/python3.10/site-packages/airflow/example_dags/example_dag_decorator.py
[2025-02-22T22:11:10.148+0000] {processor.py:829} INFO - Processing file /home/airflow/.local/lib/python3.10/site-packages/airflow/example_dags/example_dag_decorator.py for tasks to queue
[2025-02-22T22:11:10.149+0000] {logging_mixin.py:154} INFO - [2025-02-22T22:11:10.149+0000] {dagbag.py:536} INFO - Filling up the DagBag from /home/airflow/.local/lib/python3.10/site-packages/airflow/example_dags/example_dag_decorator.py
[2025-02-22T22:11:10.203+0000] {processor.py:839} INFO - DAG(s) dict_keys(['example_dag_decorator']) retrieved from /home/airflow/.local/lib/python3.10/site-packages/airflow/example_dags/example_dag_decorator.py
[2025-02-22T22:11:10.460+0000] {logging_mixin.py:154} INFO - [2025-02-22T22:11:10.460+0000] {dag.py:2941} INFO - Sync 1 DAGs
[2025-02-22T22:11:10.472+0000] {logging_mixin.py:154} INFO - [2025-02-22T22:11:10.472+0000] {dag.py:3722} INFO - Setting next_dagrun for example_dag_decorator to None, run_after=None
[2025-02-22T22:11:10.490+0000] {processor.py:179} INFO - Processing /home/airflow/.local/lib/python3.10/site-packages/airflow/example_dags/example_dag_decorator.py took 0.345 seconds
[2025-02-22T22:11:40.606+0000] {processor.py:157} INFO - Started process (PID=442) to work on /home/airflow/.local/lib/python3.10/site-packages/airflow/example_dags/example_dag_decorator.py
[2025-02-22T22:11:40.607+0000] {processor.py:829} INFO - Processing file /home/airflow/.local/lib/python3.10/site-packages/airflow/example_dags/example_dag_decorator.py for tasks to queue
[2025-02-22T22:11:40.609+0000] {logging_mixin.py:154} INFO - [2025-02-22T22:11:40.609+0000] {dagbag.py:536} INFO - Filling up the DagBag from /home/airflow/.local/lib/python3.10/site-packages/airflow/example_dags/example_dag_decorator.py
[2025-02-22T22:11:40.659+0000] {processor.py:839} INFO - DAG(s) dict_keys(['example_dag_decorator']) retrieved from /home/airflow/.local/lib/python3.10/site-packages/airflow/example_dags/example_dag_decorator.py
[2025-02-22T22:11:40.907+0000] {logging_mixin.py:154} INFO - [2025-02-22T22:11:40.907+0000] {dag.py:2941} INFO - Sync 1 DAGs
[2025-02-22T22:11:40.916+0000] {logging_mixin.py:154} INFO - [2025-02-22T22:11:40.916+0000] {dag.py:3722} INFO - Setting next_dagrun for example_dag_decorator to None, run_after=None
[2025-02-22T22:11:40.934+0000] {processor.py:179} INFO - Processing /home/airflow/.local/lib/python3.10/site-packages/airflow/example_dags/example_dag_decorator.py took 0.330 seconds
[2025-02-22T22:12:11.495+0000] {processor.py:157} INFO - Started process (PID=510) to work on /home/airflow/.local/lib/python3.10/site-packages/airflow/example_dags/example_dag_decorator.py
[2025-02-22T22:12:11.496+0000] {processor.py:829} INFO - Processing file /home/airflow/.local/lib/python3.10/site-packages/airflow/example_dags/example_dag_decorator.py for tasks to queue
[2025-02-22T22:12:11.498+0000] {logging_mixin.py:154} INFO - [2025-02-22T22:12:11.498+0000] {dagbag.py:536} INFO - Filling up the DagBag from /home/airflow/.local/lib/python3.10/site-packages/airflow/example_dags/example_dag_decorator.py
[2025-02-22T22:12:11.601+0000] {processor.py:839} INFO - DAG(s) dict_keys(['example_dag_decorator']) retrieved from /home/airflow/.local/lib/python3.10/site-packages/airflow/example_dags/example_dag_decorator.py
[2025-02-22T22:12:11.749+0000] {logging_mixin.py:154} INFO - [2025-02-22T22:12:11.749+0000] {dag.py:2941} INFO - Sync 1 DAGs
[2025-02-22T22:12:11.758+0000] {logging_mixin.py:154} INFO - [2025-02-22T22:12:11.758+0000] {dag.py:3722} INFO - Setting next_dagrun for example_dag_decorator to None, run_after=None
[2025-02-22T22:12:11.902+0000] {processor.py:179} INFO - Processing /home/airflow/.local/lib/python3.10/site-packages/airflow/example_dags/example_dag_decorator.py took 0.411 seconds
[2025-02-22T22:12:42.199+0000] {processor.py:157} INFO - Started process (PID=571) to work on /home/airflow/.local/lib/python3.10/site-packages/airflow/example_dags/example_dag_decorator.py
[2025-02-22T22:12:42.200+0000] {processor.py:829} INFO - Processing file /home/airflow/.local/lib/python3.10/site-packages/airflow/example_dags/example_dag_decorator.py for tasks to queue
[2025-02-22T22:12:42.201+0000] {logging_mixin.py:154} INFO - [2025-02-22T22:12:42.201+0000] {dagbag.py:536} INFO - Filling up the DagBag from /home/airflow/.local/lib/python3.10/site-packages/airflow/example_dags/example_dag_decorator.py
[2025-02-22T22:12:42.260+0000] {processor.py:839} INFO - DAG(s) dict_keys(['example_dag_decorator']) retrieved from /home/airflow/.local/lib/python3.10/site-packages/airflow/example_dags/example_dag_decorator.py
[2025-02-22T22:12:42.558+0000] {logging_mixin.py:154} INFO - [2025-02-22T22:12:42.558+0000] {dag.py:2941} INFO - Sync 1 DAGs
[2025-02-22T22:12:42.572+0000] {logging_mixin.py:154} INFO - [2025-02-22T22:12:42.572+0000] {dag.py:3722} INFO - Setting next_dagrun for example_dag_decorator to None, run_after=None
[2025-02-22T22:12:42.601+0000] {processor.py:179} INFO - Processing /home/airflow/.local/lib/python3.10/site-packages/airflow/example_dags/example_dag_decorator.py took 0.404 seconds
[2025-02-22T22:13:13.160+0000] {processor.py:157} INFO - Started process (PID=635) to work on /home/airflow/.local/lib/python3.10/site-packages/airflow/example_dags/example_dag_decorator.py
[2025-02-22T22:13:13.161+0000] {processor.py:829} INFO - Processing file /home/airflow/.local/lib/python3.10/site-packages/airflow/example_dags/example_dag_decorator.py for tasks to queue
[2025-02-22T22:13:13.163+0000] {logging_mixin.py:154} INFO - [2025-02-22T22:13:13.162+0000] {dagbag.py:536} INFO - Filling up the DagBag from /home/airflow/.local/lib/python3.10/site-packages/airflow/example_dags/example_dag_decorator.py
[2025-02-22T22:13:13.228+0000] {processor.py:839} INFO - DAG(s) dict_keys(['example_dag_decorator']) retrieved from /home/airflow/.local/lib/python3.10/site-packages/airflow/example_dags/example_dag_decorator.py
[2025-02-22T22:13:13.549+0000] {logging_mixin.py:154} INFO - [2025-02-22T22:13:13.548+0000] {dag.py:2941} INFO - Sync 1 DAGs
[2025-02-22T22:13:13.873+0000] {logging_mixin.py:154} INFO - [2025-02-22T22:13:13.873+0000] {dag.py:3722} INFO - Setting next_dagrun for example_dag_decorator to None, run_after=None
[2025-02-22T22:13:13.899+0000] {processor.py:179} INFO - Processing /home/airflow/.local/lib/python3.10/site-packages/airflow/example_dags/example_dag_decorator.py took 0.742 seconds
[2025-02-22T22:13:43.941+0000] {processor.py:157} INFO - Started process (PID=705) to work on /home/airflow/.local/lib/python3.10/site-packages/airflow/example_dags/example_dag_decorator.py
[2025-02-22T22:13:43.942+0000] {processor.py:829} INFO - Processing file /home/airflow/.local/lib/python3.10/site-packages/airflow/example_dags/example_dag_decorator.py for tasks to queue
[2025-02-22T22:13:43.945+0000] {logging_mixin.py:154} INFO - [2025-02-22T22:13:43.944+0000] {dagbag.py:536} INFO - Filling up the DagBag from /home/airflow/.local/lib/python3.10/site-packages/airflow/example_dags/example_dag_decorator.py
[2025-02-22T22:13:44.000+0000] {processor.py:839} INFO - DAG(s) dict_keys(['example_dag_decorator']) retrieved from /home/airflow/.local/lib/python3.10/site-packages/airflow/example_dags/example_dag_decorator.py
[2025-02-22T22:13:44.250+0000] {logging_mixin.py:154} INFO - [2025-02-22T22:13:44.249+0000] {dag.py:2941} INFO - Sync 1 DAGs
[2025-02-22T22:13:44.260+0000] {logging_mixin.py:154} INFO - [2025-02-22T22:13:44.259+0000] {dag.py:3722} INFO - Setting next_dagrun for example_dag_decorator to None, run_after=None
[2025-02-22T22:13:44.280+0000] {processor.py:179} INFO - Processing /home/airflow/.local/lib/python3.10/site-packages/airflow/example_dags/example_dag_decorator.py took 0.341 seconds
[2025-02-22T22:14:14.364+0000] {processor.py:157} INFO - Started process (PID=765) to work on /home/airflow/.local/lib/python3.10/site-packages/airflow/example_dags/example_dag_decorator.py
[2025-02-22T22:14:14.365+0000] {processor.py:829} INFO - Processing file /home/airflow/.local/lib/python3.10/site-packages/airflow/example_dags/example_dag_decorator.py for tasks to queue
[2025-02-22T22:14:14.367+0000] {logging_mixin.py:154} INFO - [2025-02-22T22:14:14.367+0000] {dagbag.py:536} INFO - Filling up the DagBag from /home/airflow/.local/lib/python3.10/site-packages/airflow/example_dags/example_dag_decorator.py
[2025-02-22T22:14:14.425+0000] {processor.py:839} INFO - DAG(s) dict_keys(['example_dag_decorator']) retrieved from /home/airflow/.local/lib/python3.10/site-packages/airflow/example_dags/example_dag_decorator.py
[2025-02-22T22:14:14.745+0000] {logging_mixin.py:154} INFO - [2025-02-22T22:14:14.744+0000] {dag.py:2941} INFO - Sync 1 DAGs
[2025-02-22T22:14:14.754+0000] {logging_mixin.py:154} INFO - [2025-02-22T22:14:14.754+0000] {dag.py:3722} INFO - Setting next_dagrun for example_dag_decorator to None, run_after=None
[2025-02-22T22:14:14.774+0000] {processor.py:179} INFO - Processing /home/airflow/.local/lib/python3.10/site-packages/airflow/example_dags/example_dag_decorator.py took 0.413 seconds
[2025-02-22T22:14:45.081+0000] {processor.py:157} INFO - Started process (PID=833) to work on /home/airflow/.local/lib/python3.10/site-packages/airflow/example_dags/example_dag_decorator.py
[2025-02-22T22:14:45.082+0000] {processor.py:829} INFO - Processing file /home/airflow/.local/lib/python3.10/site-packages/airflow/example_dags/example_dag_decorator.py for tasks to queue
[2025-02-22T22:14:45.084+0000] {logging_mixin.py:154} INFO - [2025-02-22T22:14:45.084+0000] {dagbag.py:536} INFO - Filling up the DagBag from /home/airflow/.local/lib/python3.10/site-packages/airflow/example_dags/example_dag_decorator.py
[2025-02-22T22:14:45.140+0000] {processor.py:839} INFO - DAG(s) dict_keys(['example_dag_decorator']) retrieved from /home/airflow/.local/lib/python3.10/site-packages/airflow/example_dags/example_dag_decorator.py
[2025-02-22T22:14:45.284+0000] {logging_mixin.py:154} INFO - [2025-02-22T22:14:45.284+0000] {dag.py:2941} INFO - Sync 1 DAGs
[2025-02-22T22:14:45.580+0000] {logging_mixin.py:154} INFO - [2025-02-22T22:14:45.579+0000] {dag.py:3722} INFO - Setting next_dagrun for example_dag_decorator to None, run_after=None
[2025-02-22T22:14:45.610+0000] {processor.py:179} INFO - Processing /home/airflow/.local/lib/python3.10/site-packages/airflow/example_dags/example_dag_decorator.py took 0.533 seconds
[2025-02-22T22:15:15.860+0000] {processor.py:157} INFO - Started process (PID=893) to work on /home/airflow/.local/lib/python3.10/site-packages/airflow/example_dags/example_dag_decorator.py
[2025-02-22T22:15:15.873+0000] {processor.py:829} INFO - Processing file /home/airflow/.local/lib/python3.10/site-packages/airflow/example_dags/example_dag_decorator.py for tasks to queue
[2025-02-22T22:15:15.880+0000] {logging_mixin.py:154} INFO - [2025-02-22T22:15:15.879+0000] {dagbag.py:536} INFO - Filling up the DagBag from /home/airflow/.local/lib/python3.10/site-packages/airflow/example_dags/example_dag_decorator.py
[2025-02-22T22:15:16.025+0000] {processor.py:839} INFO - DAG(s) dict_keys(['example_dag_decorator']) retrieved from /home/airflow/.local/lib/python3.10/site-packages/airflow/example_dags/example_dag_decorator.py
[2025-02-22T22:15:16.455+0000] {logging_mixin.py:154} INFO - [2025-02-22T22:15:16.455+0000] {dag.py:2941} INFO - Sync 1 DAGs
[2025-02-22T22:15:16.464+0000] {logging_mixin.py:154} INFO - [2025-02-22T22:15:16.464+0000] {dag.py:3722} INFO - Setting next_dagrun for example_dag_decorator to None, run_after=None
[2025-02-22T22:15:16.483+0000] {processor.py:179} INFO - Processing /home/airflow/.local/lib/python3.10/site-packages/airflow/example_dags/example_dag_decorator.py took 0.635 seconds
[2025-02-22T22:15:46.568+0000] {processor.py:157} INFO - Started process (PID=961) to work on /home/airflow/.local/lib/python3.10/site-packages/airflow/example_dags/example_dag_decorator.py
[2025-02-22T22:15:46.569+0000] {processor.py:829} INFO - Processing file /home/airflow/.local/lib/python3.10/site-packages/airflow/example_dags/example_dag_decorator.py for tasks to queue
[2025-02-22T22:15:46.571+0000] {logging_mixin.py:154} INFO - [2025-02-22T22:15:46.571+0000] {dagbag.py:536} INFO - Filling up the DagBag from /home/airflow/.local/lib/python3.10/site-packages/airflow/example_dags/example_dag_decorator.py
[2025-02-22T22:15:46.631+0000] {processor.py:839} INFO - DAG(s) dict_keys(['example_dag_decorator']) retrieved from /home/airflow/.local/lib/python3.10/site-packages/airflow/example_dags/example_dag_decorator.py
[2025-02-22T22:15:46.994+0000] {logging_mixin.py:154} INFO - [2025-02-22T22:15:46.994+0000] {dag.py:2941} INFO - Sync 1 DAGs
[2025-02-22T22:15:47.003+0000] {logging_mixin.py:154} INFO - [2025-02-22T22:15:47.003+0000] {dag.py:3722} INFO - Setting next_dagrun for example_dag_decorator to None, run_after=None
[2025-02-22T22:15:47.022+0000] {processor.py:179} INFO - Processing /home/airflow/.local/lib/python3.10/site-packages/airflow/example_dags/example_dag_decorator.py took 0.457 seconds
[2025-02-22T22:16:17.408+0000] {processor.py:157} INFO - Started process (PID=1022) to work on /home/airflow/.local/lib/python3.10/site-packages/airflow/example_dags/example_dag_decorator.py
[2025-02-22T22:16:17.409+0000] {processor.py:829} INFO - Processing file /home/airflow/.local/lib/python3.10/site-packages/airflow/example_dags/example_dag_decorator.py for tasks to queue
[2025-02-22T22:16:17.414+0000] {logging_mixin.py:154} INFO - [2025-02-22T22:16:17.414+0000] {dagbag.py:536} INFO - Filling up the DagBag from /home/airflow/.local/lib/python3.10/site-packages/airflow/example_dags/example_dag_decorator.py
[2025-02-22T22:16:17.533+0000] {processor.py:839} INFO - DAG(s) dict_keys(['example_dag_decorator']) retrieved from /home/airflow/.local/lib/python3.10/site-packages/airflow/example_dags/example_dag_decorator.py
[2025-02-22T22:16:17.956+0000] {logging_mixin.py:154} INFO - [2025-02-22T22:16:17.956+0000] {dag.py:2941} INFO - Sync 1 DAGs
[2025-02-22T22:16:17.970+0000] {logging_mixin.py:154} INFO - [2025-02-22T22:16:17.970+0000] {dag.py:3722} INFO - Setting next_dagrun for example_dag_decorator to None, run_after=None
[2025-02-22T22:16:17.993+0000] {processor.py:179} INFO - Processing /home/airflow/.local/lib/python3.10/site-packages/airflow/example_dags/example_dag_decorator.py took 0.590 seconds
[2025-02-22T22:16:48.125+0000] {processor.py:157} INFO - Started process (PID=1090) to work on /home/airflow/.local/lib/python3.10/site-packages/airflow/example_dags/example_dag_decorator.py
[2025-02-22T22:16:48.126+0000] {processor.py:829} INFO - Processing file /home/airflow/.local/lib/python3.10/site-packages/airflow/example_dags/example_dag_decorator.py for tasks to queue
[2025-02-22T22:16:48.128+0000] {logging_mixin.py:154} INFO - [2025-02-22T22:16:48.128+0000] {dagbag.py:536} INFO - Filling up the DagBag from /home/airflow/.local/lib/python3.10/site-packages/airflow/example_dags/example_dag_decorator.py
[2025-02-22T22:16:48.210+0000] {processor.py:839} INFO - DAG(s) dict_keys(['example_dag_decorator']) retrieved from /home/airflow/.local/lib/python3.10/site-packages/airflow/example_dags/example_dag_decorator.py
[2025-02-22T22:16:48.586+0000] {logging_mixin.py:154} INFO - [2025-02-22T22:16:48.586+0000] {dag.py:2941} INFO - Sync 1 DAGs
[2025-02-22T22:16:48.598+0000] {logging_mixin.py:154} INFO - [2025-02-22T22:16:48.597+0000] {dag.py:3722} INFO - Setting next_dagrun for example_dag_decorator to None, run_after=None
[2025-02-22T22:16:48.622+0000] {processor.py:179} INFO - Processing /home/airflow/.local/lib/python3.10/site-packages/airflow/example_dags/example_dag_decorator.py took 0.500 seconds
