[2025-02-22T21:47:13.777+0000] {processor.py:157} INFO - Started process (PID=44) to work on /home/airflow/.local/lib/python3.10/site-packages/airflow/example_dags/example_task_group_decorator.py
[2025-02-22T21:47:13.780+0000] {processor.py:829} INFO - Processing file /home/airflow/.local/lib/python3.10/site-packages/airflow/example_dags/example_task_group_decorator.py for tasks to queue
[2025-02-22T21:47:13.784+0000] {logging_mixin.py:154} INFO - [2025-02-22T21:47:13.783+0000] {dagbag.py:536} INFO - Filling up the DagBag from /home/airflow/.local/lib/python3.10/site-packages/airflow/example_dags/example_task_group_decorator.py
[2025-02-22T21:47:13.816+0000] {processor.py:839} INFO - DAG(s) dict_keys(['example_task_group_decorator']) retrieved from /home/airflow/.local/lib/python3.10/site-packages/airflow/example_dags/example_task_group_decorator.py
[2025-02-22T21:47:14.136+0000] {logging_mixin.py:154} INFO - [2025-02-22T21:47:14.136+0000] {manager.py:499} INFO - Created Permission View: %s
[2025-02-22T21:47:14.253+0000] {logging_mixin.py:154} INFO - [2025-02-22T21:47:14.253+0000] {manager.py:499} INFO - Created Permission View: %s
[2025-02-22T21:47:14.259+0000] {logging_mixin.py:154} INFO - [2025-02-22T21:47:14.259+0000] {manager.py:499} INFO - Created Permission View: %s
[2025-02-22T21:47:14.260+0000] {logging_mixin.py:154} INFO - [2025-02-22T21:47:14.260+0000] {dag.py:2941} INFO - Sync 1 DAGs
[2025-02-22T21:47:14.279+0000] {logging_mixin.py:154} INFO - [2025-02-22T21:47:14.277+0000] {dag.py:2963} INFO - Creating ORM DAG for example_task_group_decorator
[2025-02-22T21:47:14.320+0000] {logging_mixin.py:154} INFO - [2025-02-22T21:47:14.320+0000] {dag.py:3722} INFO - Setting next_dagrun for example_task_group_decorator to 2025-02-21T21:47:14.318562+00:00, run_after=2025-02-22T21:47:14.318562+00:00
[2025-02-22T21:47:14.374+0000] {processor.py:179} INFO - Processing /home/airflow/.local/lib/python3.10/site-packages/airflow/example_dags/example_task_group_decorator.py took 0.606 seconds
[2025-02-22T21:48:56.989+0000] {processor.py:157} INFO - Started process (PID=44) to work on /home/airflow/.local/lib/python3.10/site-packages/airflow/example_dags/example_task_group_decorator.py
[2025-02-22T21:48:56.990+0000] {processor.py:829} INFO - Processing file /home/airflow/.local/lib/python3.10/site-packages/airflow/example_dags/example_task_group_decorator.py for tasks to queue
[2025-02-22T21:48:56.996+0000] {logging_mixin.py:154} INFO - [2025-02-22T21:48:56.996+0000] {dagbag.py:536} INFO - Filling up the DagBag from /home/airflow/.local/lib/python3.10/site-packages/airflow/example_dags/example_task_group_decorator.py
[2025-02-22T21:48:57.023+0000] {processor.py:839} INFO - DAG(s) dict_keys(['example_task_group_decorator']) retrieved from /home/airflow/.local/lib/python3.10/site-packages/airflow/example_dags/example_task_group_decorator.py
[2025-02-22T21:48:57.145+0000] {logging_mixin.py:154} INFO - [2025-02-22T21:48:57.144+0000] {dag.py:2941} INFO - Sync 1 DAGs
[2025-02-22T21:48:57.212+0000] {logging_mixin.py:154} INFO - [2025-02-22T21:48:57.211+0000] {dag.py:3722} INFO - Setting next_dagrun for example_task_group_decorator to 2025-02-21T21:48:57.211122+00:00, run_after=2025-02-22T21:48:57.211122+00:00
[2025-02-22T21:48:57.272+0000] {processor.py:179} INFO - Processing /home/airflow/.local/lib/python3.10/site-packages/airflow/example_dags/example_task_group_decorator.py took 0.288 seconds
[2025-02-22T21:56:47.269+0000] {processor.py:157} INFO - Started process (PID=44) to work on /home/airflow/.local/lib/python3.10/site-packages/airflow/example_dags/example_task_group_decorator.py
[2025-02-22T21:56:47.273+0000] {processor.py:829} INFO - Processing file /home/airflow/.local/lib/python3.10/site-packages/airflow/example_dags/example_task_group_decorator.py for tasks to queue
[2025-02-22T21:56:47.278+0000] {logging_mixin.py:154} INFO - [2025-02-22T21:56:47.277+0000] {dagbag.py:536} INFO - Filling up the DagBag from /home/airflow/.local/lib/python3.10/site-packages/airflow/example_dags/example_task_group_decorator.py
[2025-02-22T21:56:47.304+0000] {processor.py:839} INFO - DAG(s) dict_keys(['example_task_group_decorator']) retrieved from /home/airflow/.local/lib/python3.10/site-packages/airflow/example_dags/example_task_group_decorator.py
[2025-02-22T21:56:47.403+0000] {logging_mixin.py:154} INFO - [2025-02-22T21:56:47.403+0000] {dag.py:2941} INFO - Sync 1 DAGs
[2025-02-22T21:56:47.510+0000] {logging_mixin.py:154} INFO - [2025-02-22T21:56:47.509+0000] {dag.py:3722} INFO - Setting next_dagrun for example_task_group_decorator to 2025-02-21T21:56:47.507183+00:00, run_after=2025-02-22T21:56:47.507183+00:00
[2025-02-22T21:56:47.565+0000] {processor.py:179} INFO - Processing /home/airflow/.local/lib/python3.10/site-packages/airflow/example_dags/example_task_group_decorator.py took 0.303 seconds
[2025-02-22T21:57:17.681+0000] {processor.py:157} INFO - Started process (PID=112) to work on /home/airflow/.local/lib/python3.10/site-packages/airflow/example_dags/example_task_group_decorator.py
[2025-02-22T21:57:17.682+0000] {processor.py:829} INFO - Processing file /home/airflow/.local/lib/python3.10/site-packages/airflow/example_dags/example_task_group_decorator.py for tasks to queue
[2025-02-22T21:57:17.684+0000] {logging_mixin.py:154} INFO - [2025-02-22T21:57:17.684+0000] {dagbag.py:536} INFO - Filling up the DagBag from /home/airflow/.local/lib/python3.10/site-packages/airflow/example_dags/example_task_group_decorator.py
[2025-02-22T21:57:17.696+0000] {processor.py:839} INFO - DAG(s) dict_keys(['example_task_group_decorator']) retrieved from /home/airflow/.local/lib/python3.10/site-packages/airflow/example_dags/example_task_group_decorator.py
[2025-02-22T21:57:17.771+0000] {logging_mixin.py:154} INFO - [2025-02-22T21:57:17.771+0000] {dag.py:2941} INFO - Sync 1 DAGs
[2025-02-22T21:57:17.801+0000] {logging_mixin.py:154} INFO - [2025-02-22T21:57:17.801+0000] {dag.py:3722} INFO - Setting next_dagrun for example_task_group_decorator to 2025-02-21T21:57:17.800909+00:00, run_after=2025-02-22T21:57:17.800909+00:00
[2025-02-22T21:57:17.821+0000] {processor.py:179} INFO - Processing /home/airflow/.local/lib/python3.10/site-packages/airflow/example_dags/example_task_group_decorator.py took 0.143 seconds
[2025-02-22T21:59:50.521+0000] {processor.py:157} INFO - Started process (PID=44) to work on /home/airflow/.local/lib/python3.10/site-packages/airflow/example_dags/example_task_group_decorator.py
[2025-02-22T21:59:50.525+0000] {processor.py:829} INFO - Processing file /home/airflow/.local/lib/python3.10/site-packages/airflow/example_dags/example_task_group_decorator.py for tasks to queue
[2025-02-22T21:59:50.529+0000] {logging_mixin.py:154} INFO - [2025-02-22T21:59:50.528+0000] {dagbag.py:536} INFO - Filling up the DagBag from /home/airflow/.local/lib/python3.10/site-packages/airflow/example_dags/example_task_group_decorator.py
[2025-02-22T21:59:50.575+0000] {processor.py:839} INFO - DAG(s) dict_keys(['example_task_group_decorator']) retrieved from /home/airflow/.local/lib/python3.10/site-packages/airflow/example_dags/example_task_group_decorator.py
[2025-02-22T21:59:50.848+0000] {logging_mixin.py:154} INFO - [2025-02-22T21:59:50.843+0000] {dag.py:2941} INFO - Sync 1 DAGs
[2025-02-22T21:59:50.937+0000] {logging_mixin.py:154} INFO - [2025-02-22T21:59:50.936+0000] {dag.py:3722} INFO - Setting next_dagrun for example_task_group_decorator to 2025-02-21T21:59:50.934073+00:00, run_after=2025-02-22T21:59:50.934073+00:00
[2025-02-22T21:59:51.014+0000] {processor.py:179} INFO - Processing /home/airflow/.local/lib/python3.10/site-packages/airflow/example_dags/example_task_group_decorator.py took 0.498 seconds
[2025-02-22T22:00:21.830+0000] {processor.py:157} INFO - Started process (PID=112) to work on /home/airflow/.local/lib/python3.10/site-packages/airflow/example_dags/example_task_group_decorator.py
[2025-02-22T22:00:21.831+0000] {processor.py:829} INFO - Processing file /home/airflow/.local/lib/python3.10/site-packages/airflow/example_dags/example_task_group_decorator.py for tasks to queue
[2025-02-22T22:00:21.833+0000] {logging_mixin.py:154} INFO - [2025-02-22T22:00:21.832+0000] {dagbag.py:536} INFO - Filling up the DagBag from /home/airflow/.local/lib/python3.10/site-packages/airflow/example_dags/example_task_group_decorator.py
[2025-02-22T22:00:21.845+0000] {processor.py:839} INFO - DAG(s) dict_keys(['example_task_group_decorator']) retrieved from /home/airflow/.local/lib/python3.10/site-packages/airflow/example_dags/example_task_group_decorator.py
[2025-02-22T22:00:21.918+0000] {logging_mixin.py:154} INFO - [2025-02-22T22:00:21.918+0000] {dag.py:2941} INFO - Sync 1 DAGs
[2025-02-22T22:00:21.955+0000] {logging_mixin.py:154} INFO - [2025-02-22T22:00:21.954+0000] {dag.py:3722} INFO - Setting next_dagrun for example_task_group_decorator to 2025-02-21T22:00:21.954522+00:00, run_after=2025-02-22T22:00:21.954522+00:00
[2025-02-22T22:00:21.988+0000] {processor.py:179} INFO - Processing /home/airflow/.local/lib/python3.10/site-packages/airflow/example_dags/example_task_group_decorator.py took 0.160 seconds
[2025-02-22T22:00:52.144+0000] {processor.py:157} INFO - Started process (PID=173) to work on /home/airflow/.local/lib/python3.10/site-packages/airflow/example_dags/example_task_group_decorator.py
[2025-02-22T22:00:52.147+0000] {processor.py:829} INFO - Processing file /home/airflow/.local/lib/python3.10/site-packages/airflow/example_dags/example_task_group_decorator.py for tasks to queue
[2025-02-22T22:00:52.148+0000] {logging_mixin.py:154} INFO - [2025-02-22T22:00:52.148+0000] {dagbag.py:536} INFO - Filling up the DagBag from /home/airflow/.local/lib/python3.10/site-packages/airflow/example_dags/example_task_group_decorator.py
[2025-02-22T22:00:52.163+0000] {processor.py:839} INFO - DAG(s) dict_keys(['example_task_group_decorator']) retrieved from /home/airflow/.local/lib/python3.10/site-packages/airflow/example_dags/example_task_group_decorator.py
[2025-02-22T22:00:52.236+0000] {logging_mixin.py:154} INFO - [2025-02-22T22:00:52.235+0000] {dag.py:2941} INFO - Sync 1 DAGs
[2025-02-22T22:00:52.262+0000] {logging_mixin.py:154} INFO - [2025-02-22T22:00:52.262+0000] {dag.py:3722} INFO - Setting next_dagrun for example_task_group_decorator to 2025-02-21T22:00:52.262239+00:00, run_after=2025-02-22T22:00:52.262239+00:00
[2025-02-22T22:00:52.286+0000] {processor.py:179} INFO - Processing /home/airflow/.local/lib/python3.10/site-packages/airflow/example_dags/example_task_group_decorator.py took 0.144 seconds
[2025-02-22T22:01:22.461+0000] {processor.py:157} INFO - Started process (PID=241) to work on /home/airflow/.local/lib/python3.10/site-packages/airflow/example_dags/example_task_group_decorator.py
[2025-02-22T22:01:22.462+0000] {processor.py:829} INFO - Processing file /home/airflow/.local/lib/python3.10/site-packages/airflow/example_dags/example_task_group_decorator.py for tasks to queue
[2025-02-22T22:01:22.464+0000] {logging_mixin.py:154} INFO - [2025-02-22T22:01:22.464+0000] {dagbag.py:536} INFO - Filling up the DagBag from /home/airflow/.local/lib/python3.10/site-packages/airflow/example_dags/example_task_group_decorator.py
[2025-02-22T22:01:22.482+0000] {processor.py:839} INFO - DAG(s) dict_keys(['example_task_group_decorator']) retrieved from /home/airflow/.local/lib/python3.10/site-packages/airflow/example_dags/example_task_group_decorator.py
[2025-02-22T22:01:22.600+0000] {logging_mixin.py:154} INFO - [2025-02-22T22:01:22.600+0000] {dag.py:2941} INFO - Sync 1 DAGs
[2025-02-22T22:01:22.637+0000] {logging_mixin.py:154} INFO - [2025-02-22T22:01:22.636+0000] {dag.py:3722} INFO - Setting next_dagrun for example_task_group_decorator to 2025-02-21T22:01:22.636414+00:00, run_after=2025-02-22T22:01:22.636414+00:00
[2025-02-22T22:01:22.661+0000] {processor.py:179} INFO - Processing /home/airflow/.local/lib/python3.10/site-packages/airflow/example_dags/example_task_group_decorator.py took 0.202 seconds
[2025-02-22T22:01:53.247+0000] {processor.py:157} INFO - Started process (PID=301) to work on /home/airflow/.local/lib/python3.10/site-packages/airflow/example_dags/example_task_group_decorator.py
[2025-02-22T22:01:53.248+0000] {processor.py:829} INFO - Processing file /home/airflow/.local/lib/python3.10/site-packages/airflow/example_dags/example_task_group_decorator.py for tasks to queue
[2025-02-22T22:01:53.253+0000] {logging_mixin.py:154} INFO - [2025-02-22T22:01:53.252+0000] {dagbag.py:536} INFO - Filling up the DagBag from /home/airflow/.local/lib/python3.10/site-packages/airflow/example_dags/example_task_group_decorator.py
[2025-02-22T22:01:53.267+0000] {processor.py:839} INFO - DAG(s) dict_keys(['example_task_group_decorator']) retrieved from /home/airflow/.local/lib/python3.10/site-packages/airflow/example_dags/example_task_group_decorator.py
[2025-02-22T22:01:53.335+0000] {logging_mixin.py:154} INFO - [2025-02-22T22:01:53.335+0000] {dag.py:2941} INFO - Sync 1 DAGs
[2025-02-22T22:01:53.362+0000] {logging_mixin.py:154} INFO - [2025-02-22T22:01:53.362+0000] {dag.py:3722} INFO - Setting next_dagrun for example_task_group_decorator to 2025-02-21T22:01:53.362144+00:00, run_after=2025-02-22T22:01:53.362144+00:00
[2025-02-22T22:01:53.382+0000] {processor.py:179} INFO - Processing /home/airflow/.local/lib/python3.10/site-packages/airflow/example_dags/example_task_group_decorator.py took 0.138 seconds
[2025-02-22T22:02:24.169+0000] {processor.py:157} INFO - Started process (PID=368) to work on /home/airflow/.local/lib/python3.10/site-packages/airflow/example_dags/example_task_group_decorator.py
[2025-02-22T22:02:24.171+0000] {processor.py:829} INFO - Processing file /home/airflow/.local/lib/python3.10/site-packages/airflow/example_dags/example_task_group_decorator.py for tasks to queue
[2025-02-22T22:02:24.173+0000] {logging_mixin.py:154} INFO - [2025-02-22T22:02:24.172+0000] {dagbag.py:536} INFO - Filling up the DagBag from /home/airflow/.local/lib/python3.10/site-packages/airflow/example_dags/example_task_group_decorator.py
[2025-02-22T22:02:24.186+0000] {processor.py:839} INFO - DAG(s) dict_keys(['example_task_group_decorator']) retrieved from /home/airflow/.local/lib/python3.10/site-packages/airflow/example_dags/example_task_group_decorator.py
[2025-02-22T22:02:24.275+0000] {logging_mixin.py:154} INFO - [2025-02-22T22:02:24.274+0000] {dag.py:2941} INFO - Sync 1 DAGs
[2025-02-22T22:02:24.326+0000] {logging_mixin.py:154} INFO - [2025-02-22T22:02:24.326+0000] {dag.py:3722} INFO - Setting next_dagrun for example_task_group_decorator to 2025-02-21T22:02:24.326048+00:00, run_after=2025-02-22T22:02:24.326048+00:00
[2025-02-22T22:02:24.356+0000] {processor.py:179} INFO - Processing /home/airflow/.local/lib/python3.10/site-packages/airflow/example_dags/example_task_group_decorator.py took 0.189 seconds
[2025-02-22T22:02:54.937+0000] {processor.py:157} INFO - Started process (PID=429) to work on /home/airflow/.local/lib/python3.10/site-packages/airflow/example_dags/example_task_group_decorator.py
[2025-02-22T22:02:54.941+0000] {processor.py:829} INFO - Processing file /home/airflow/.local/lib/python3.10/site-packages/airflow/example_dags/example_task_group_decorator.py for tasks to queue
[2025-02-22T22:02:54.943+0000] {logging_mixin.py:154} INFO - [2025-02-22T22:02:54.943+0000] {dagbag.py:536} INFO - Filling up the DagBag from /home/airflow/.local/lib/python3.10/site-packages/airflow/example_dags/example_task_group_decorator.py
[2025-02-22T22:02:54.961+0000] {processor.py:839} INFO - DAG(s) dict_keys(['example_task_group_decorator']) retrieved from /home/airflow/.local/lib/python3.10/site-packages/airflow/example_dags/example_task_group_decorator.py
[2025-02-22T22:02:55.033+0000] {logging_mixin.py:154} INFO - [2025-02-22T22:02:55.032+0000] {dag.py:2941} INFO - Sync 1 DAGs
[2025-02-22T22:02:55.060+0000] {logging_mixin.py:154} INFO - [2025-02-22T22:02:55.060+0000] {dag.py:3722} INFO - Setting next_dagrun for example_task_group_decorator to 2025-02-21T22:02:55.059796+00:00, run_after=2025-02-22T22:02:55.059796+00:00
[2025-02-22T22:02:55.080+0000] {processor.py:179} INFO - Processing /home/airflow/.local/lib/python3.10/site-packages/airflow/example_dags/example_task_group_decorator.py took 0.148 seconds
[2025-02-22T22:03:39.536+0000] {processor.py:157} INFO - Started process (PID=45) to work on /home/airflow/.local/lib/python3.10/site-packages/airflow/example_dags/example_task_group_decorator.py
[2025-02-22T22:03:39.542+0000] {processor.py:829} INFO - Processing file /home/airflow/.local/lib/python3.10/site-packages/airflow/example_dags/example_task_group_decorator.py for tasks to queue
[2025-02-22T22:03:39.547+0000] {logging_mixin.py:154} INFO - [2025-02-22T22:03:39.546+0000] {dagbag.py:536} INFO - Filling up the DagBag from /home/airflow/.local/lib/python3.10/site-packages/airflow/example_dags/example_task_group_decorator.py
[2025-02-22T22:03:39.623+0000] {processor.py:839} INFO - DAG(s) dict_keys(['example_task_group_decorator']) retrieved from /home/airflow/.local/lib/python3.10/site-packages/airflow/example_dags/example_task_group_decorator.py
[2025-02-22T22:03:39.745+0000] {logging_mixin.py:154} INFO - [2025-02-22T22:03:39.744+0000] {dag.py:2941} INFO - Sync 1 DAGs
[2025-02-22T22:03:39.814+0000] {logging_mixin.py:154} INFO - [2025-02-22T22:03:39.813+0000] {dag.py:3722} INFO - Setting next_dagrun for example_task_group_decorator to 2025-02-21T22:03:39.813506+00:00, run_after=2025-02-22T22:03:39.813506+00:00
[2025-02-22T22:03:39.885+0000] {processor.py:179} INFO - Processing /home/airflow/.local/lib/python3.10/site-packages/airflow/example_dags/example_task_group_decorator.py took 0.354 seconds
[2025-02-22T22:04:10.157+0000] {processor.py:157} INFO - Started process (PID=106) to work on /home/airflow/.local/lib/python3.10/site-packages/airflow/example_dags/example_task_group_decorator.py
[2025-02-22T22:04:10.158+0000] {processor.py:829} INFO - Processing file /home/airflow/.local/lib/python3.10/site-packages/airflow/example_dags/example_task_group_decorator.py for tasks to queue
[2025-02-22T22:04:10.159+0000] {logging_mixin.py:154} INFO - [2025-02-22T22:04:10.159+0000] {dagbag.py:536} INFO - Filling up the DagBag from /home/airflow/.local/lib/python3.10/site-packages/airflow/example_dags/example_task_group_decorator.py
[2025-02-22T22:04:10.171+0000] {processor.py:839} INFO - DAG(s) dict_keys(['example_task_group_decorator']) retrieved from /home/airflow/.local/lib/python3.10/site-packages/airflow/example_dags/example_task_group_decorator.py
[2025-02-22T22:04:10.249+0000] {logging_mixin.py:154} INFO - [2025-02-22T22:04:10.249+0000] {dag.py:2941} INFO - Sync 1 DAGs
[2025-02-22T22:04:10.280+0000] {logging_mixin.py:154} INFO - [2025-02-22T22:04:10.280+0000] {dag.py:3722} INFO - Setting next_dagrun for example_task_group_decorator to 2025-02-21T22:04:10.279829+00:00, run_after=2025-02-22T22:04:10.279829+00:00
[2025-02-22T22:04:10.305+0000] {processor.py:179} INFO - Processing /home/airflow/.local/lib/python3.10/site-packages/airflow/example_dags/example_task_group_decorator.py took 0.149 seconds
[2025-02-22T22:04:40.518+0000] {processor.py:157} INFO - Started process (PID=174) to work on /home/airflow/.local/lib/python3.10/site-packages/airflow/example_dags/example_task_group_decorator.py
[2025-02-22T22:04:40.518+0000] {processor.py:829} INFO - Processing file /home/airflow/.local/lib/python3.10/site-packages/airflow/example_dags/example_task_group_decorator.py for tasks to queue
[2025-02-22T22:04:40.523+0000] {logging_mixin.py:154} INFO - [2025-02-22T22:04:40.522+0000] {dagbag.py:536} INFO - Filling up the DagBag from /home/airflow/.local/lib/python3.10/site-packages/airflow/example_dags/example_task_group_decorator.py
[2025-02-22T22:04:40.534+0000] {processor.py:839} INFO - DAG(s) dict_keys(['example_task_group_decorator']) retrieved from /home/airflow/.local/lib/python3.10/site-packages/airflow/example_dags/example_task_group_decorator.py
[2025-02-22T22:04:40.601+0000] {logging_mixin.py:154} INFO - [2025-02-22T22:04:40.601+0000] {dag.py:2941} INFO - Sync 1 DAGs
[2025-02-22T22:04:40.627+0000] {logging_mixin.py:154} INFO - [2025-02-22T22:04:40.627+0000] {dag.py:3722} INFO - Setting next_dagrun for example_task_group_decorator to 2025-02-21T22:04:40.627007+00:00, run_after=2025-02-22T22:04:40.627007+00:00
[2025-02-22T22:04:40.655+0000] {processor.py:179} INFO - Processing /home/airflow/.local/lib/python3.10/site-packages/airflow/example_dags/example_task_group_decorator.py took 0.139 seconds
[2025-02-22T22:05:11.341+0000] {processor.py:157} INFO - Started process (PID=242) to work on /home/airflow/.local/lib/python3.10/site-packages/airflow/example_dags/example_task_group_decorator.py
[2025-02-22T22:05:11.343+0000] {processor.py:829} INFO - Processing file /home/airflow/.local/lib/python3.10/site-packages/airflow/example_dags/example_task_group_decorator.py for tasks to queue
[2025-02-22T22:05:11.345+0000] {logging_mixin.py:154} INFO - [2025-02-22T22:05:11.345+0000] {dagbag.py:536} INFO - Filling up the DagBag from /home/airflow/.local/lib/python3.10/site-packages/airflow/example_dags/example_task_group_decorator.py
[2025-02-22T22:05:11.359+0000] {processor.py:839} INFO - DAG(s) dict_keys(['example_task_group_decorator']) retrieved from /home/airflow/.local/lib/python3.10/site-packages/airflow/example_dags/example_task_group_decorator.py
[2025-02-22T22:05:11.465+0000] {logging_mixin.py:154} INFO - [2025-02-22T22:05:11.464+0000] {dag.py:2941} INFO - Sync 1 DAGs
[2025-02-22T22:05:11.502+0000] {logging_mixin.py:154} INFO - [2025-02-22T22:05:11.502+0000] {dag.py:3722} INFO - Setting next_dagrun for example_task_group_decorator to 2025-02-21T22:05:11.501624+00:00, run_after=2025-02-22T22:05:11.501624+00:00
[2025-02-22T22:05:11.527+0000] {processor.py:179} INFO - Processing /home/airflow/.local/lib/python3.10/site-packages/airflow/example_dags/example_task_group_decorator.py took 0.189 seconds
[2025-02-22T22:05:41.897+0000] {processor.py:157} INFO - Started process (PID=303) to work on /home/airflow/.local/lib/python3.10/site-packages/airflow/example_dags/example_task_group_decorator.py
[2025-02-22T22:05:41.899+0000] {processor.py:829} INFO - Processing file /home/airflow/.local/lib/python3.10/site-packages/airflow/example_dags/example_task_group_decorator.py for tasks to queue
[2025-02-22T22:05:41.900+0000] {logging_mixin.py:154} INFO - [2025-02-22T22:05:41.900+0000] {dagbag.py:536} INFO - Filling up the DagBag from /home/airflow/.local/lib/python3.10/site-packages/airflow/example_dags/example_task_group_decorator.py
[2025-02-22T22:05:41.911+0000] {processor.py:839} INFO - DAG(s) dict_keys(['example_task_group_decorator']) retrieved from /home/airflow/.local/lib/python3.10/site-packages/airflow/example_dags/example_task_group_decorator.py
[2025-02-22T22:05:41.984+0000] {logging_mixin.py:154} INFO - [2025-02-22T22:05:41.984+0000] {dag.py:2941} INFO - Sync 1 DAGs
[2025-02-22T22:05:42.017+0000] {logging_mixin.py:154} INFO - [2025-02-22T22:05:42.016+0000] {dag.py:3722} INFO - Setting next_dagrun for example_task_group_decorator to 2025-02-21T22:05:42.016549+00:00, run_after=2025-02-22T22:05:42.016549+00:00
[2025-02-22T22:05:42.039+0000] {processor.py:179} INFO - Processing /home/airflow/.local/lib/python3.10/site-packages/airflow/example_dags/example_task_group_decorator.py took 0.144 seconds
[2025-02-22T22:06:12.296+0000] {processor.py:157} INFO - Started process (PID=371) to work on /home/airflow/.local/lib/python3.10/site-packages/airflow/example_dags/example_task_group_decorator.py
[2025-02-22T22:06:12.297+0000] {processor.py:829} INFO - Processing file /home/airflow/.local/lib/python3.10/site-packages/airflow/example_dags/example_task_group_decorator.py for tasks to queue
[2025-02-22T22:06:12.300+0000] {logging_mixin.py:154} INFO - [2025-02-22T22:06:12.299+0000] {dagbag.py:536} INFO - Filling up the DagBag from /home/airflow/.local/lib/python3.10/site-packages/airflow/example_dags/example_task_group_decorator.py
[2025-02-22T22:06:12.314+0000] {processor.py:839} INFO - DAG(s) dict_keys(['example_task_group_decorator']) retrieved from /home/airflow/.local/lib/python3.10/site-packages/airflow/example_dags/example_task_group_decorator.py
[2025-02-22T22:06:12.398+0000] {logging_mixin.py:154} INFO - [2025-02-22T22:06:12.398+0000] {dag.py:2941} INFO - Sync 1 DAGs
[2025-02-22T22:06:12.426+0000] {logging_mixin.py:154} INFO - [2025-02-22T22:06:12.426+0000] {dag.py:3722} INFO - Setting next_dagrun for example_task_group_decorator to 2025-02-21T22:06:12.426234+00:00, run_after=2025-02-22T22:06:12.426234+00:00
[2025-02-22T22:06:12.448+0000] {processor.py:179} INFO - Processing /home/airflow/.local/lib/python3.10/site-packages/airflow/example_dags/example_task_group_decorator.py took 0.155 seconds
[2025-02-22T22:06:42.911+0000] {processor.py:157} INFO - Started process (PID=432) to work on /home/airflow/.local/lib/python3.10/site-packages/airflow/example_dags/example_task_group_decorator.py
[2025-02-22T22:06:42.912+0000] {processor.py:829} INFO - Processing file /home/airflow/.local/lib/python3.10/site-packages/airflow/example_dags/example_task_group_decorator.py for tasks to queue
[2025-02-22T22:06:42.914+0000] {logging_mixin.py:154} INFO - [2025-02-22T22:06:42.913+0000] {dagbag.py:536} INFO - Filling up the DagBag from /home/airflow/.local/lib/python3.10/site-packages/airflow/example_dags/example_task_group_decorator.py
[2025-02-22T22:06:42.928+0000] {processor.py:839} INFO - DAG(s) dict_keys(['example_task_group_decorator']) retrieved from /home/airflow/.local/lib/python3.10/site-packages/airflow/example_dags/example_task_group_decorator.py
[2025-02-22T22:06:43.002+0000] {logging_mixin.py:154} INFO - [2025-02-22T22:06:43.002+0000] {dag.py:2941} INFO - Sync 1 DAGs
[2025-02-22T22:06:43.028+0000] {logging_mixin.py:154} INFO - [2025-02-22T22:06:43.028+0000] {dag.py:3722} INFO - Setting next_dagrun for example_task_group_decorator to 2025-02-21T22:06:43.028112+00:00, run_after=2025-02-22T22:06:43.028112+00:00
[2025-02-22T22:06:43.047+0000] {processor.py:179} INFO - Processing /home/airflow/.local/lib/python3.10/site-packages/airflow/example_dags/example_task_group_decorator.py took 0.138 seconds
[2025-02-22T22:07:13.260+0000] {processor.py:157} INFO - Started process (PID=500) to work on /home/airflow/.local/lib/python3.10/site-packages/airflow/example_dags/example_task_group_decorator.py
[2025-02-22T22:07:13.260+0000] {processor.py:829} INFO - Processing file /home/airflow/.local/lib/python3.10/site-packages/airflow/example_dags/example_task_group_decorator.py for tasks to queue
[2025-02-22T22:07:13.262+0000] {logging_mixin.py:154} INFO - [2025-02-22T22:07:13.262+0000] {dagbag.py:536} INFO - Filling up the DagBag from /home/airflow/.local/lib/python3.10/site-packages/airflow/example_dags/example_task_group_decorator.py
[2025-02-22T22:07:13.274+0000] {processor.py:839} INFO - DAG(s) dict_keys(['example_task_group_decorator']) retrieved from /home/airflow/.local/lib/python3.10/site-packages/airflow/example_dags/example_task_group_decorator.py
[2025-02-22T22:07:13.372+0000] {logging_mixin.py:154} INFO - [2025-02-22T22:07:13.371+0000] {dag.py:2941} INFO - Sync 1 DAGs
[2025-02-22T22:07:13.411+0000] {logging_mixin.py:154} INFO - [2025-02-22T22:07:13.411+0000] {dag.py:3722} INFO - Setting next_dagrun for example_task_group_decorator to 2025-02-21T22:07:13.410410+00:00, run_after=2025-02-22T22:07:13.410410+00:00
[2025-02-22T22:07:13.444+0000] {processor.py:179} INFO - Processing /home/airflow/.local/lib/python3.10/site-packages/airflow/example_dags/example_task_group_decorator.py took 0.186 seconds
[2025-02-22T22:07:43.693+0000] {processor.py:157} INFO - Started process (PID=561) to work on /home/airflow/.local/lib/python3.10/site-packages/airflow/example_dags/example_task_group_decorator.py
[2025-02-22T22:07:43.696+0000] {processor.py:829} INFO - Processing file /home/airflow/.local/lib/python3.10/site-packages/airflow/example_dags/example_task_group_decorator.py for tasks to queue
[2025-02-22T22:07:43.698+0000] {logging_mixin.py:154} INFO - [2025-02-22T22:07:43.698+0000] {dagbag.py:536} INFO - Filling up the DagBag from /home/airflow/.local/lib/python3.10/site-packages/airflow/example_dags/example_task_group_decorator.py
[2025-02-22T22:07:43.709+0000] {processor.py:839} INFO - DAG(s) dict_keys(['example_task_group_decorator']) retrieved from /home/airflow/.local/lib/python3.10/site-packages/airflow/example_dags/example_task_group_decorator.py
[2025-02-22T22:07:43.801+0000] {logging_mixin.py:154} INFO - [2025-02-22T22:07:43.801+0000] {dag.py:2941} INFO - Sync 1 DAGs
[2025-02-22T22:07:43.842+0000] {logging_mixin.py:154} INFO - [2025-02-22T22:07:43.841+0000] {dag.py:3722} INFO - Setting next_dagrun for example_task_group_decorator to 2025-02-21T22:07:43.841453+00:00, run_after=2025-02-22T22:07:43.841453+00:00
[2025-02-22T22:07:43.860+0000] {processor.py:179} INFO - Processing /home/airflow/.local/lib/python3.10/site-packages/airflow/example_dags/example_task_group_decorator.py took 0.170 seconds
[2025-02-22T22:08:33.786+0000] {processor.py:157} INFO - Started process (PID=43) to work on /home/airflow/.local/lib/python3.10/site-packages/airflow/example_dags/example_task_group_decorator.py
[2025-02-22T22:08:33.787+0000] {processor.py:829} INFO - Processing file /home/airflow/.local/lib/python3.10/site-packages/airflow/example_dags/example_task_group_decorator.py for tasks to queue
[2025-02-22T22:08:33.791+0000] {logging_mixin.py:154} INFO - [2025-02-22T22:08:33.790+0000] {dagbag.py:536} INFO - Filling up the DagBag from /home/airflow/.local/lib/python3.10/site-packages/airflow/example_dags/example_task_group_decorator.py
[2025-02-22T22:08:33.844+0000] {processor.py:839} INFO - DAG(s) dict_keys(['example_task_group_decorator']) retrieved from /home/airflow/.local/lib/python3.10/site-packages/airflow/example_dags/example_task_group_decorator.py
[2025-02-22T22:08:34.014+0000] {logging_mixin.py:154} INFO - [2025-02-22T22:08:34.013+0000] {dag.py:2941} INFO - Sync 1 DAGs
[2025-02-22T22:08:34.113+0000] {logging_mixin.py:154} INFO - [2025-02-22T22:08:34.112+0000] {dag.py:3722} INFO - Setting next_dagrun for example_task_group_decorator to 2025-02-21T22:08:34.112056+00:00, run_after=2025-02-22T22:08:34.112056+00:00
[2025-02-22T22:08:34.214+0000] {processor.py:179} INFO - Processing /home/airflow/.local/lib/python3.10/site-packages/airflow/example_dags/example_task_group_decorator.py took 0.436 seconds
[2025-02-22T22:09:04.387+0000] {processor.py:157} INFO - Started process (PID=111) to work on /home/airflow/.local/lib/python3.10/site-packages/airflow/example_dags/example_task_group_decorator.py
[2025-02-22T22:09:04.390+0000] {processor.py:829} INFO - Processing file /home/airflow/.local/lib/python3.10/site-packages/airflow/example_dags/example_task_group_decorator.py for tasks to queue
[2025-02-22T22:09:04.394+0000] {logging_mixin.py:154} INFO - [2025-02-22T22:09:04.393+0000] {dagbag.py:536} INFO - Filling up the DagBag from /home/airflow/.local/lib/python3.10/site-packages/airflow/example_dags/example_task_group_decorator.py
[2025-02-22T22:09:04.410+0000] {processor.py:839} INFO - DAG(s) dict_keys(['example_task_group_decorator']) retrieved from /home/airflow/.local/lib/python3.10/site-packages/airflow/example_dags/example_task_group_decorator.py
[2025-02-22T22:09:04.485+0000] {logging_mixin.py:154} INFO - [2025-02-22T22:09:04.485+0000] {dag.py:2941} INFO - Sync 1 DAGs
[2025-02-22T22:09:04.517+0000] {logging_mixin.py:154} INFO - [2025-02-22T22:09:04.517+0000] {dag.py:3722} INFO - Setting next_dagrun for example_task_group_decorator to 2025-02-21T22:09:04.517289+00:00, run_after=2025-02-22T22:09:04.517289+00:00
[2025-02-22T22:09:04.543+0000] {processor.py:179} INFO - Processing /home/airflow/.local/lib/python3.10/site-packages/airflow/example_dags/example_task_group_decorator.py took 0.159 seconds
[2025-02-22T22:09:34.696+0000] {processor.py:157} INFO - Started process (PID=171) to work on /home/airflow/.local/lib/python3.10/site-packages/airflow/example_dags/example_task_group_decorator.py
[2025-02-22T22:09:34.698+0000] {processor.py:829} INFO - Processing file /home/airflow/.local/lib/python3.10/site-packages/airflow/example_dags/example_task_group_decorator.py for tasks to queue
[2025-02-22T22:09:34.701+0000] {logging_mixin.py:154} INFO - [2025-02-22T22:09:34.701+0000] {dagbag.py:536} INFO - Filling up the DagBag from /home/airflow/.local/lib/python3.10/site-packages/airflow/example_dags/example_task_group_decorator.py
[2025-02-22T22:09:34.713+0000] {processor.py:839} INFO - DAG(s) dict_keys(['example_task_group_decorator']) retrieved from /home/airflow/.local/lib/python3.10/site-packages/airflow/example_dags/example_task_group_decorator.py
[2025-02-22T22:09:34.795+0000] {logging_mixin.py:154} INFO - [2025-02-22T22:09:34.795+0000] {dag.py:2941} INFO - Sync 1 DAGs
[2025-02-22T22:09:34.820+0000] {logging_mixin.py:154} INFO - [2025-02-22T22:09:34.820+0000] {dag.py:3722} INFO - Setting next_dagrun for example_task_group_decorator to 2025-02-21T22:09:34.820445+00:00, run_after=2025-02-22T22:09:34.820445+00:00
[2025-02-22T22:09:34.847+0000] {processor.py:179} INFO - Processing /home/airflow/.local/lib/python3.10/site-packages/airflow/example_dags/example_task_group_decorator.py took 0.152 seconds
[2025-02-22T22:10:05.378+0000] {processor.py:157} INFO - Started process (PID=239) to work on /home/airflow/.local/lib/python3.10/site-packages/airflow/example_dags/example_task_group_decorator.py
[2025-02-22T22:10:05.379+0000] {processor.py:829} INFO - Processing file /home/airflow/.local/lib/python3.10/site-packages/airflow/example_dags/example_task_group_decorator.py for tasks to queue
[2025-02-22T22:10:05.381+0000] {logging_mixin.py:154} INFO - [2025-02-22T22:10:05.381+0000] {dagbag.py:536} INFO - Filling up the DagBag from /home/airflow/.local/lib/python3.10/site-packages/airflow/example_dags/example_task_group_decorator.py
[2025-02-22T22:10:05.396+0000] {processor.py:839} INFO - DAG(s) dict_keys(['example_task_group_decorator']) retrieved from /home/airflow/.local/lib/python3.10/site-packages/airflow/example_dags/example_task_group_decorator.py
[2025-02-22T22:10:05.471+0000] {logging_mixin.py:154} INFO - [2025-02-22T22:10:05.471+0000] {dag.py:2941} INFO - Sync 1 DAGs
[2025-02-22T22:10:05.504+0000] {logging_mixin.py:154} INFO - [2025-02-22T22:10:05.504+0000] {dag.py:3722} INFO - Setting next_dagrun for example_task_group_decorator to 2025-02-21T22:10:05.504088+00:00, run_after=2025-02-22T22:10:05.504088+00:00
[2025-02-22T22:10:05.527+0000] {processor.py:179} INFO - Processing /home/airflow/.local/lib/python3.10/site-packages/airflow/example_dags/example_task_group_decorator.py took 0.152 seconds
[2025-02-22T22:10:36.111+0000] {processor.py:157} INFO - Started process (PID=300) to work on /home/airflow/.local/lib/python3.10/site-packages/airflow/example_dags/example_task_group_decorator.py
[2025-02-22T22:10:36.115+0000] {processor.py:829} INFO - Processing file /home/airflow/.local/lib/python3.10/site-packages/airflow/example_dags/example_task_group_decorator.py for tasks to queue
[2025-02-22T22:10:36.117+0000] {logging_mixin.py:154} INFO - [2025-02-22T22:10:36.116+0000] {dagbag.py:536} INFO - Filling up the DagBag from /home/airflow/.local/lib/python3.10/site-packages/airflow/example_dags/example_task_group_decorator.py
[2025-02-22T22:10:36.130+0000] {processor.py:839} INFO - DAG(s) dict_keys(['example_task_group_decorator']) retrieved from /home/airflow/.local/lib/python3.10/site-packages/airflow/example_dags/example_task_group_decorator.py
[2025-02-22T22:10:36.201+0000] {logging_mixin.py:154} INFO - [2025-02-22T22:10:36.201+0000] {dag.py:2941} INFO - Sync 1 DAGs
[2025-02-22T22:10:36.228+0000] {logging_mixin.py:154} INFO - [2025-02-22T22:10:36.228+0000] {dag.py:3722} INFO - Setting next_dagrun for example_task_group_decorator to 2025-02-21T22:10:36.228360+00:00, run_after=2025-02-22T22:10:36.228360+00:00
[2025-02-22T22:10:36.248+0000] {processor.py:179} INFO - Processing /home/airflow/.local/lib/python3.10/site-packages/airflow/example_dags/example_task_group_decorator.py took 0.139 seconds
[2025-02-22T22:11:06.749+0000] {processor.py:157} INFO - Started process (PID=359) to work on /home/airflow/.local/lib/python3.10/site-packages/airflow/example_dags/example_task_group_decorator.py
[2025-02-22T22:11:06.750+0000] {processor.py:829} INFO - Processing file /home/airflow/.local/lib/python3.10/site-packages/airflow/example_dags/example_task_group_decorator.py for tasks to queue
[2025-02-22T22:11:06.753+0000] {logging_mixin.py:154} INFO - [2025-02-22T22:11:06.753+0000] {dagbag.py:536} INFO - Filling up the DagBag from /home/airflow/.local/lib/python3.10/site-packages/airflow/example_dags/example_task_group_decorator.py
[2025-02-22T22:11:06.764+0000] {processor.py:839} INFO - DAG(s) dict_keys(['example_task_group_decorator']) retrieved from /home/airflow/.local/lib/python3.10/site-packages/airflow/example_dags/example_task_group_decorator.py
[2025-02-22T22:11:06.836+0000] {logging_mixin.py:154} INFO - [2025-02-22T22:11:06.836+0000] {dag.py:2941} INFO - Sync 1 DAGs
[2025-02-22T22:11:06.873+0000] {logging_mixin.py:154} INFO - [2025-02-22T22:11:06.872+0000] {dag.py:3722} INFO - Setting next_dagrun for example_task_group_decorator to 2025-02-21T22:11:06.872437+00:00, run_after=2025-02-22T22:11:06.872437+00:00
[2025-02-22T22:11:06.902+0000] {processor.py:179} INFO - Processing /home/airflow/.local/lib/python3.10/site-packages/airflow/example_dags/example_task_group_decorator.py took 0.155 seconds
[2025-02-22T22:11:37.490+0000] {processor.py:157} INFO - Started process (PID=427) to work on /home/airflow/.local/lib/python3.10/site-packages/airflow/example_dags/example_task_group_decorator.py
[2025-02-22T22:11:37.491+0000] {processor.py:829} INFO - Processing file /home/airflow/.local/lib/python3.10/site-packages/airflow/example_dags/example_task_group_decorator.py for tasks to queue
[2025-02-22T22:11:37.493+0000] {logging_mixin.py:154} INFO - [2025-02-22T22:11:37.493+0000] {dagbag.py:536} INFO - Filling up the DagBag from /home/airflow/.local/lib/python3.10/site-packages/airflow/example_dags/example_task_group_decorator.py
[2025-02-22T22:11:37.505+0000] {processor.py:839} INFO - DAG(s) dict_keys(['example_task_group_decorator']) retrieved from /home/airflow/.local/lib/python3.10/site-packages/airflow/example_dags/example_task_group_decorator.py
[2025-02-22T22:11:37.573+0000] {logging_mixin.py:154} INFO - [2025-02-22T22:11:37.573+0000] {dag.py:2941} INFO - Sync 1 DAGs
[2025-02-22T22:11:37.598+0000] {logging_mixin.py:154} INFO - [2025-02-22T22:11:37.598+0000] {dag.py:3722} INFO - Setting next_dagrun for example_task_group_decorator to 2025-02-21T22:11:37.598026+00:00, run_after=2025-02-22T22:11:37.598026+00:00
[2025-02-22T22:11:37.615+0000] {processor.py:179} INFO - Processing /home/airflow/.local/lib/python3.10/site-packages/airflow/example_dags/example_task_group_decorator.py took 0.127 seconds
[2025-02-22T22:12:08.208+0000] {processor.py:157} INFO - Started process (PID=495) to work on /home/airflow/.local/lib/python3.10/site-packages/airflow/example_dags/example_task_group_decorator.py
[2025-02-22T22:12:08.209+0000] {processor.py:829} INFO - Processing file /home/airflow/.local/lib/python3.10/site-packages/airflow/example_dags/example_task_group_decorator.py for tasks to queue
[2025-02-22T22:12:08.211+0000] {logging_mixin.py:154} INFO - [2025-02-22T22:12:08.210+0000] {dagbag.py:536} INFO - Filling up the DagBag from /home/airflow/.local/lib/python3.10/site-packages/airflow/example_dags/example_task_group_decorator.py
[2025-02-22T22:12:08.222+0000] {processor.py:839} INFO - DAG(s) dict_keys(['example_task_group_decorator']) retrieved from /home/airflow/.local/lib/python3.10/site-packages/airflow/example_dags/example_task_group_decorator.py
[2025-02-22T22:12:08.291+0000] {logging_mixin.py:154} INFO - [2025-02-22T22:12:08.291+0000] {dag.py:2941} INFO - Sync 1 DAGs
[2025-02-22T22:12:08.317+0000] {logging_mixin.py:154} INFO - [2025-02-22T22:12:08.317+0000] {dag.py:3722} INFO - Setting next_dagrun for example_task_group_decorator to 2025-02-21T22:12:08.317140+00:00, run_after=2025-02-22T22:12:08.317140+00:00
[2025-02-22T22:12:08.335+0000] {processor.py:179} INFO - Processing /home/airflow/.local/lib/python3.10/site-packages/airflow/example_dags/example_task_group_decorator.py took 0.129 seconds
[2025-02-22T22:12:39.012+0000] {processor.py:157} INFO - Started process (PID=556) to work on /home/airflow/.local/lib/python3.10/site-packages/airflow/example_dags/example_task_group_decorator.py
[2025-02-22T22:12:39.015+0000] {processor.py:829} INFO - Processing file /home/airflow/.local/lib/python3.10/site-packages/airflow/example_dags/example_task_group_decorator.py for tasks to queue
[2025-02-22T22:12:39.017+0000] {logging_mixin.py:154} INFO - [2025-02-22T22:12:39.016+0000] {dagbag.py:536} INFO - Filling up the DagBag from /home/airflow/.local/lib/python3.10/site-packages/airflow/example_dags/example_task_group_decorator.py
[2025-02-22T22:12:39.028+0000] {processor.py:839} INFO - DAG(s) dict_keys(['example_task_group_decorator']) retrieved from /home/airflow/.local/lib/python3.10/site-packages/airflow/example_dags/example_task_group_decorator.py
[2025-02-22T22:12:39.096+0000] {logging_mixin.py:154} INFO - [2025-02-22T22:12:39.096+0000] {dag.py:2941} INFO - Sync 1 DAGs
[2025-02-22T22:12:39.121+0000] {logging_mixin.py:154} INFO - [2025-02-22T22:12:39.120+0000] {dag.py:3722} INFO - Setting next_dagrun for example_task_group_decorator to 2025-02-21T22:12:39.120506+00:00, run_after=2025-02-22T22:12:39.120506+00:00
[2025-02-22T22:12:39.138+0000] {processor.py:179} INFO - Processing /home/airflow/.local/lib/python3.10/site-packages/airflow/example_dags/example_task_group_decorator.py took 0.128 seconds
[2025-02-22T22:13:10.031+0000] {processor.py:157} INFO - Started process (PID=623) to work on /home/airflow/.local/lib/python3.10/site-packages/airflow/example_dags/example_task_group_decorator.py
[2025-02-22T22:13:10.033+0000] {processor.py:829} INFO - Processing file /home/airflow/.local/lib/python3.10/site-packages/airflow/example_dags/example_task_group_decorator.py for tasks to queue
[2025-02-22T22:13:10.034+0000] {logging_mixin.py:154} INFO - [2025-02-22T22:13:10.034+0000] {dagbag.py:536} INFO - Filling up the DagBag from /home/airflow/.local/lib/python3.10/site-packages/airflow/example_dags/example_task_group_decorator.py
[2025-02-22T22:13:10.046+0000] {processor.py:839} INFO - DAG(s) dict_keys(['example_task_group_decorator']) retrieved from /home/airflow/.local/lib/python3.10/site-packages/airflow/example_dags/example_task_group_decorator.py
[2025-02-22T22:13:10.116+0000] {logging_mixin.py:154} INFO - [2025-02-22T22:13:10.116+0000] {dag.py:2941} INFO - Sync 1 DAGs
[2025-02-22T22:13:10.142+0000] {logging_mixin.py:154} INFO - [2025-02-22T22:13:10.142+0000] {dag.py:3722} INFO - Setting next_dagrun for example_task_group_decorator to 2025-02-21T22:13:10.141871+00:00, run_after=2025-02-22T22:13:10.141871+00:00
[2025-02-22T22:13:10.161+0000] {processor.py:179} INFO - Processing /home/airflow/.local/lib/python3.10/site-packages/airflow/example_dags/example_task_group_decorator.py took 0.133 seconds
[2025-02-22T22:13:40.540+0000] {processor.py:157} INFO - Started process (PID=684) to work on /home/airflow/.local/lib/python3.10/site-packages/airflow/example_dags/example_task_group_decorator.py
[2025-02-22T22:13:40.542+0000] {processor.py:829} INFO - Processing file /home/airflow/.local/lib/python3.10/site-packages/airflow/example_dags/example_task_group_decorator.py for tasks to queue
[2025-02-22T22:13:40.545+0000] {logging_mixin.py:154} INFO - [2025-02-22T22:13:40.545+0000] {dagbag.py:536} INFO - Filling up the DagBag from /home/airflow/.local/lib/python3.10/site-packages/airflow/example_dags/example_task_group_decorator.py
[2025-02-22T22:13:40.560+0000] {processor.py:839} INFO - DAG(s) dict_keys(['example_task_group_decorator']) retrieved from /home/airflow/.local/lib/python3.10/site-packages/airflow/example_dags/example_task_group_decorator.py
[2025-02-22T22:13:40.638+0000] {logging_mixin.py:154} INFO - [2025-02-22T22:13:40.638+0000] {dag.py:2941} INFO - Sync 1 DAGs
[2025-02-22T22:13:40.670+0000] {logging_mixin.py:154} INFO - [2025-02-22T22:13:40.670+0000] {dag.py:3722} INFO - Setting next_dagrun for example_task_group_decorator to 2025-02-21T22:13:40.670320+00:00, run_after=2025-02-22T22:13:40.670320+00:00
[2025-02-22T22:13:40.692+0000] {processor.py:179} INFO - Processing /home/airflow/.local/lib/python3.10/site-packages/airflow/example_dags/example_task_group_decorator.py took 0.155 seconds
[2025-02-22T22:14:11.155+0000] {processor.py:157} INFO - Started process (PID=752) to work on /home/airflow/.local/lib/python3.10/site-packages/airflow/example_dags/example_task_group_decorator.py
[2025-02-22T22:14:11.156+0000] {processor.py:829} INFO - Processing file /home/airflow/.local/lib/python3.10/site-packages/airflow/example_dags/example_task_group_decorator.py for tasks to queue
[2025-02-22T22:14:11.157+0000] {logging_mixin.py:154} INFO - [2025-02-22T22:14:11.157+0000] {dagbag.py:536} INFO - Filling up the DagBag from /home/airflow/.local/lib/python3.10/site-packages/airflow/example_dags/example_task_group_decorator.py
[2025-02-22T22:14:11.171+0000] {processor.py:839} INFO - DAG(s) dict_keys(['example_task_group_decorator']) retrieved from /home/airflow/.local/lib/python3.10/site-packages/airflow/example_dags/example_task_group_decorator.py
[2025-02-22T22:14:11.238+0000] {logging_mixin.py:154} INFO - [2025-02-22T22:14:11.238+0000] {dag.py:2941} INFO - Sync 1 DAGs
[2025-02-22T22:14:11.265+0000] {logging_mixin.py:154} INFO - [2025-02-22T22:14:11.264+0000] {dag.py:3722} INFO - Setting next_dagrun for example_task_group_decorator to 2025-02-21T22:14:11.264400+00:00, run_after=2025-02-22T22:14:11.264400+00:00
[2025-02-22T22:14:11.287+0000] {processor.py:179} INFO - Processing /home/airflow/.local/lib/python3.10/site-packages/airflow/example_dags/example_task_group_decorator.py took 0.134 seconds
[2025-02-22T22:14:41.529+0000] {processor.py:157} INFO - Started process (PID=813) to work on /home/airflow/.local/lib/python3.10/site-packages/airflow/example_dags/example_task_group_decorator.py
[2025-02-22T22:14:41.531+0000] {processor.py:829} INFO - Processing file /home/airflow/.local/lib/python3.10/site-packages/airflow/example_dags/example_task_group_decorator.py for tasks to queue
[2025-02-22T22:14:41.532+0000] {logging_mixin.py:154} INFO - [2025-02-22T22:14:41.532+0000] {dagbag.py:536} INFO - Filling up the DagBag from /home/airflow/.local/lib/python3.10/site-packages/airflow/example_dags/example_task_group_decorator.py
[2025-02-22T22:14:41.544+0000] {processor.py:839} INFO - DAG(s) dict_keys(['example_task_group_decorator']) retrieved from /home/airflow/.local/lib/python3.10/site-packages/airflow/example_dags/example_task_group_decorator.py
[2025-02-22T22:14:41.643+0000] {logging_mixin.py:154} INFO - [2025-02-22T22:14:41.643+0000] {dag.py:2941} INFO - Sync 1 DAGs
[2025-02-22T22:14:41.735+0000] {logging_mixin.py:154} INFO - [2025-02-22T22:14:41.734+0000] {dag.py:3722} INFO - Setting next_dagrun for example_task_group_decorator to 2025-02-21T22:14:41.734231+00:00, run_after=2025-02-22T22:14:41.734231+00:00
[2025-02-22T22:14:41.777+0000] {processor.py:179} INFO - Processing /home/airflow/.local/lib/python3.10/site-packages/airflow/example_dags/example_task_group_decorator.py took 0.251 seconds
[2025-02-22T22:15:11.980+0000] {processor.py:157} INFO - Started process (PID=881) to work on /home/airflow/.local/lib/python3.10/site-packages/airflow/example_dags/example_task_group_decorator.py
[2025-02-22T22:15:11.981+0000] {processor.py:829} INFO - Processing file /home/airflow/.local/lib/python3.10/site-packages/airflow/example_dags/example_task_group_decorator.py for tasks to queue
[2025-02-22T22:15:11.982+0000] {logging_mixin.py:154} INFO - [2025-02-22T22:15:11.982+0000] {dagbag.py:536} INFO - Filling up the DagBag from /home/airflow/.local/lib/python3.10/site-packages/airflow/example_dags/example_task_group_decorator.py
[2025-02-22T22:15:11.993+0000] {processor.py:839} INFO - DAG(s) dict_keys(['example_task_group_decorator']) retrieved from /home/airflow/.local/lib/python3.10/site-packages/airflow/example_dags/example_task_group_decorator.py
[2025-02-22T22:15:12.062+0000] {logging_mixin.py:154} INFO - [2025-02-22T22:15:12.062+0000] {dag.py:2941} INFO - Sync 1 DAGs
[2025-02-22T22:15:12.089+0000] {logging_mixin.py:154} INFO - [2025-02-22T22:15:12.089+0000] {dag.py:3722} INFO - Setting next_dagrun for example_task_group_decorator to 2025-02-21T22:15:12.089290+00:00, run_after=2025-02-22T22:15:12.089290+00:00
[2025-02-22T22:15:12.111+0000] {processor.py:179} INFO - Processing /home/airflow/.local/lib/python3.10/site-packages/airflow/example_dags/example_task_group_decorator.py took 0.133 seconds
[2025-02-22T22:15:42.478+0000] {processor.py:157} INFO - Started process (PID=942) to work on /home/airflow/.local/lib/python3.10/site-packages/airflow/example_dags/example_task_group_decorator.py
[2025-02-22T22:15:42.479+0000] {processor.py:829} INFO - Processing file /home/airflow/.local/lib/python3.10/site-packages/airflow/example_dags/example_task_group_decorator.py for tasks to queue
[2025-02-22T22:15:42.481+0000] {logging_mixin.py:154} INFO - [2025-02-22T22:15:42.480+0000] {dagbag.py:536} INFO - Filling up the DagBag from /home/airflow/.local/lib/python3.10/site-packages/airflow/example_dags/example_task_group_decorator.py
[2025-02-22T22:15:42.501+0000] {processor.py:839} INFO - DAG(s) dict_keys(['example_task_group_decorator']) retrieved from /home/airflow/.local/lib/python3.10/site-packages/airflow/example_dags/example_task_group_decorator.py
[2025-02-22T22:15:42.587+0000] {logging_mixin.py:154} INFO - [2025-02-22T22:15:42.587+0000] {dag.py:2941} INFO - Sync 1 DAGs
[2025-02-22T22:15:42.620+0000] {logging_mixin.py:154} INFO - [2025-02-22T22:15:42.620+0000] {dag.py:3722} INFO - Setting next_dagrun for example_task_group_decorator to 2025-02-21T22:15:42.620197+00:00, run_after=2025-02-22T22:15:42.620197+00:00
[2025-02-22T22:15:42.644+0000] {processor.py:179} INFO - Processing /home/airflow/.local/lib/python3.10/site-packages/airflow/example_dags/example_task_group_decorator.py took 0.170 seconds
[2025-02-22T22:16:13.455+0000] {processor.py:157} INFO - Started process (PID=1010) to work on /home/airflow/.local/lib/python3.10/site-packages/airflow/example_dags/example_task_group_decorator.py
[2025-02-22T22:16:13.456+0000] {processor.py:829} INFO - Processing file /home/airflow/.local/lib/python3.10/site-packages/airflow/example_dags/example_task_group_decorator.py for tasks to queue
[2025-02-22T22:16:13.459+0000] {logging_mixin.py:154} INFO - [2025-02-22T22:16:13.459+0000] {dagbag.py:536} INFO - Filling up the DagBag from /home/airflow/.local/lib/python3.10/site-packages/airflow/example_dags/example_task_group_decorator.py
[2025-02-22T22:16:13.484+0000] {processor.py:839} INFO - DAG(s) dict_keys(['example_task_group_decorator']) retrieved from /home/airflow/.local/lib/python3.10/site-packages/airflow/example_dags/example_task_group_decorator.py
[2025-02-22T22:16:13.562+0000] {logging_mixin.py:154} INFO - [2025-02-22T22:16:13.562+0000] {dag.py:2941} INFO - Sync 1 DAGs
[2025-02-22T22:16:13.591+0000] {logging_mixin.py:154} INFO - [2025-02-22T22:16:13.591+0000] {dag.py:3722} INFO - Setting next_dagrun for example_task_group_decorator to 2025-02-21T22:16:13.590967+00:00, run_after=2025-02-22T22:16:13.590967+00:00
[2025-02-22T22:16:13.610+0000] {processor.py:179} INFO - Processing /home/airflow/.local/lib/python3.10/site-packages/airflow/example_dags/example_task_group_decorator.py took 0.159 seconds
[2025-02-22T22:16:43.791+0000] {processor.py:157} INFO - Started process (PID=1071) to work on /home/airflow/.local/lib/python3.10/site-packages/airflow/example_dags/example_task_group_decorator.py
[2025-02-22T22:16:43.792+0000] {processor.py:829} INFO - Processing file /home/airflow/.local/lib/python3.10/site-packages/airflow/example_dags/example_task_group_decorator.py for tasks to queue
[2025-02-22T22:16:43.794+0000] {logging_mixin.py:154} INFO - [2025-02-22T22:16:43.793+0000] {dagbag.py:536} INFO - Filling up the DagBag from /home/airflow/.local/lib/python3.10/site-packages/airflow/example_dags/example_task_group_decorator.py
[2025-02-22T22:16:43.806+0000] {processor.py:839} INFO - DAG(s) dict_keys(['example_task_group_decorator']) retrieved from /home/airflow/.local/lib/python3.10/site-packages/airflow/example_dags/example_task_group_decorator.py
[2025-02-22T22:16:43.875+0000] {logging_mixin.py:154} INFO - [2025-02-22T22:16:43.874+0000] {dag.py:2941} INFO - Sync 1 DAGs
[2025-02-22T22:16:43.900+0000] {logging_mixin.py:154} INFO - [2025-02-22T22:16:43.900+0000] {dag.py:3722} INFO - Setting next_dagrun for example_task_group_decorator to 2025-02-21T22:16:43.900140+00:00, run_after=2025-02-22T22:16:43.900140+00:00
[2025-02-22T22:16:43.917+0000] {processor.py:179} INFO - Processing /home/airflow/.local/lib/python3.10/site-packages/airflow/example_dags/example_task_group_decorator.py took 0.128 seconds
