[2025-02-22T21:47:15.458+0000] {processor.py:157} INFO - Started process (PID=49) to work on /home/airflow/.local/lib/python3.10/site-packages/airflow/example_dags/example_bash_operator.py
[2025-02-22T21:47:15.459+0000] {processor.py:829} INFO - Processing file /home/airflow/.local/lib/python3.10/site-packages/airflow/example_dags/example_bash_operator.py for tasks to queue
[2025-02-22T21:47:15.463+0000] {logging_mixin.py:154} INFO - [2025-02-22T21:47:15.462+0000] {dagbag.py:536} INFO - Filling up the DagBag from /home/airflow/.local/lib/python3.10/site-packages/airflow/example_dags/example_bash_operator.py
[2025-02-22T21:47:15.493+0000] {processor.py:839} INFO - DAG(s) dict_keys(['example_bash_operator']) retrieved from /home/airflow/.local/lib/python3.10/site-packages/airflow/example_dags/example_bash_operator.py
[2025-02-22T21:47:15.811+0000] {logging_mixin.py:154} INFO - [2025-02-22T21:47:15.811+0000] {manager.py:499} INFO - Created Permission View: %s
[2025-02-22T21:47:15.846+0000] {logging_mixin.py:154} INFO - [2025-02-22T21:47:15.846+0000] {manager.py:499} INFO - Created Permission View: %s
[2025-02-22T21:47:15.860+0000] {logging_mixin.py:154} INFO - [2025-02-22T21:47:15.859+0000] {manager.py:499} INFO - Created Permission View: %s
[2025-02-22T21:47:15.860+0000] {logging_mixin.py:154} INFO - [2025-02-22T21:47:15.860+0000] {dag.py:2941} INFO - Sync 1 DAGs
[2025-02-22T21:47:15.878+0000] {logging_mixin.py:154} INFO - [2025-02-22T21:47:15.878+0000] {dag.py:2963} INFO - Creating ORM DAG for example_bash_operator
[2025-02-22T21:47:15.923+0000] {logging_mixin.py:154} INFO - [2025-02-22T21:47:15.923+0000] {dag.py:3722} INFO - Setting next_dagrun for example_bash_operator to 2025-02-21T00:00:00+00:00, run_after=2025-02-22T00:00:00+00:00
[2025-02-22T21:47:15.956+0000] {processor.py:179} INFO - Processing /home/airflow/.local/lib/python3.10/site-packages/airflow/example_dags/example_bash_operator.py took 0.501 seconds
[2025-02-22T21:48:57.952+0000] {processor.py:157} INFO - Started process (PID=49) to work on /home/airflow/.local/lib/python3.10/site-packages/airflow/example_dags/example_bash_operator.py
[2025-02-22T21:48:57.954+0000] {processor.py:829} INFO - Processing file /home/airflow/.local/lib/python3.10/site-packages/airflow/example_dags/example_bash_operator.py for tasks to queue
[2025-02-22T21:48:57.958+0000] {logging_mixin.py:154} INFO - [2025-02-22T21:48:57.958+0000] {dagbag.py:536} INFO - Filling up the DagBag from /home/airflow/.local/lib/python3.10/site-packages/airflow/example_dags/example_bash_operator.py
[2025-02-22T21:48:57.993+0000] {processor.py:839} INFO - DAG(s) dict_keys(['example_bash_operator']) retrieved from /home/airflow/.local/lib/python3.10/site-packages/airflow/example_dags/example_bash_operator.py
[2025-02-22T21:48:58.088+0000] {logging_mixin.py:154} INFO - [2025-02-22T21:48:58.088+0000] {dag.py:2941} INFO - Sync 1 DAGs
[2025-02-22T21:48:58.164+0000] {logging_mixin.py:154} INFO - [2025-02-22T21:48:58.164+0000] {dag.py:3722} INFO - Setting next_dagrun for example_bash_operator to 2025-02-21T00:00:00+00:00, run_after=2025-02-22T00:00:00+00:00
[2025-02-22T21:48:58.201+0000] {processor.py:179} INFO - Processing /home/airflow/.local/lib/python3.10/site-packages/airflow/example_dags/example_bash_operator.py took 0.255 seconds
[2025-02-22T21:56:48.304+0000] {processor.py:157} INFO - Started process (PID=49) to work on /home/airflow/.local/lib/python3.10/site-packages/airflow/example_dags/example_bash_operator.py
[2025-02-22T21:56:48.306+0000] {processor.py:829} INFO - Processing file /home/airflow/.local/lib/python3.10/site-packages/airflow/example_dags/example_bash_operator.py for tasks to queue
[2025-02-22T21:56:48.308+0000] {logging_mixin.py:154} INFO - [2025-02-22T21:56:48.308+0000] {dagbag.py:536} INFO - Filling up the DagBag from /home/airflow/.local/lib/python3.10/site-packages/airflow/example_dags/example_bash_operator.py
[2025-02-22T21:56:48.346+0000] {processor.py:839} INFO - DAG(s) dict_keys(['example_bash_operator']) retrieved from /home/airflow/.local/lib/python3.10/site-packages/airflow/example_dags/example_bash_operator.py
[2025-02-22T21:56:48.444+0000] {logging_mixin.py:154} INFO - [2025-02-22T21:56:48.443+0000] {dag.py:2941} INFO - Sync 1 DAGs
[2025-02-22T21:56:48.540+0000] {logging_mixin.py:154} INFO - [2025-02-22T21:56:48.539+0000] {dag.py:3722} INFO - Setting next_dagrun for example_bash_operator to 2025-02-21T00:00:00+00:00, run_after=2025-02-22T00:00:00+00:00
[2025-02-22T21:56:48.597+0000] {processor.py:179} INFO - Processing /home/airflow/.local/lib/python3.10/site-packages/airflow/example_dags/example_bash_operator.py took 0.296 seconds
[2025-02-22T21:57:19.259+0000] {processor.py:157} INFO - Started process (PID=117) to work on /home/airflow/.local/lib/python3.10/site-packages/airflow/example_dags/example_bash_operator.py
[2025-02-22T21:57:19.261+0000] {processor.py:829} INFO - Processing file /home/airflow/.local/lib/python3.10/site-packages/airflow/example_dags/example_bash_operator.py for tasks to queue
[2025-02-22T21:57:19.265+0000] {logging_mixin.py:154} INFO - [2025-02-22T21:57:19.264+0000] {dagbag.py:536} INFO - Filling up the DagBag from /home/airflow/.local/lib/python3.10/site-packages/airflow/example_dags/example_bash_operator.py
[2025-02-22T21:57:19.283+0000] {processor.py:839} INFO - DAG(s) dict_keys(['example_bash_operator']) retrieved from /home/airflow/.local/lib/python3.10/site-packages/airflow/example_dags/example_bash_operator.py
[2025-02-22T21:57:19.392+0000] {logging_mixin.py:154} INFO - [2025-02-22T21:57:19.392+0000] {dag.py:2941} INFO - Sync 1 DAGs
[2025-02-22T21:57:19.445+0000] {logging_mixin.py:154} INFO - [2025-02-22T21:57:19.445+0000] {dag.py:3722} INFO - Setting next_dagrun for example_bash_operator to 2025-02-21T00:00:00+00:00, run_after=2025-02-22T00:00:00+00:00
[2025-02-22T21:57:19.469+0000] {processor.py:179} INFO - Processing /home/airflow/.local/lib/python3.10/site-packages/airflow/example_dags/example_bash_operator.py took 0.217 seconds
[2025-02-22T21:59:51.765+0000] {processor.py:157} INFO - Started process (PID=49) to work on /home/airflow/.local/lib/python3.10/site-packages/airflow/example_dags/example_bash_operator.py
[2025-02-22T21:59:51.768+0000] {processor.py:829} INFO - Processing file /home/airflow/.local/lib/python3.10/site-packages/airflow/example_dags/example_bash_operator.py for tasks to queue
[2025-02-22T21:59:51.780+0000] {logging_mixin.py:154} INFO - [2025-02-22T21:59:51.778+0000] {dagbag.py:536} INFO - Filling up the DagBag from /home/airflow/.local/lib/python3.10/site-packages/airflow/example_dags/example_bash_operator.py
[2025-02-22T21:59:51.947+0000] {processor.py:839} INFO - DAG(s) dict_keys(['example_bash_operator']) retrieved from /home/airflow/.local/lib/python3.10/site-packages/airflow/example_dags/example_bash_operator.py
[2025-02-22T21:59:52.100+0000] {logging_mixin.py:154} INFO - [2025-02-22T21:59:52.099+0000] {dag.py:2941} INFO - Sync 1 DAGs
[2025-02-22T21:59:52.167+0000] {logging_mixin.py:154} INFO - [2025-02-22T21:59:52.165+0000] {dag.py:3722} INFO - Setting next_dagrun for example_bash_operator to 2025-02-21T00:00:00+00:00, run_after=2025-02-22T00:00:00+00:00
[2025-02-22T21:59:52.254+0000] {processor.py:179} INFO - Processing /home/airflow/.local/lib/python3.10/site-packages/airflow/example_dags/example_bash_operator.py took 0.494 seconds
[2025-02-22T22:00:22.353+0000] {processor.py:157} INFO - Started process (PID=117) to work on /home/airflow/.local/lib/python3.10/site-packages/airflow/example_dags/example_bash_operator.py
[2025-02-22T22:00:22.354+0000] {processor.py:829} INFO - Processing file /home/airflow/.local/lib/python3.10/site-packages/airflow/example_dags/example_bash_operator.py for tasks to queue
[2025-02-22T22:00:22.357+0000] {logging_mixin.py:154} INFO - [2025-02-22T22:00:22.356+0000] {dagbag.py:536} INFO - Filling up the DagBag from /home/airflow/.local/lib/python3.10/site-packages/airflow/example_dags/example_bash_operator.py
[2025-02-22T22:00:22.379+0000] {processor.py:839} INFO - DAG(s) dict_keys(['example_bash_operator']) retrieved from /home/airflow/.local/lib/python3.10/site-packages/airflow/example_dags/example_bash_operator.py
[2025-02-22T22:00:22.454+0000] {logging_mixin.py:154} INFO - [2025-02-22T22:00:22.454+0000] {dag.py:2941} INFO - Sync 1 DAGs
[2025-02-22T22:00:22.486+0000] {logging_mixin.py:154} INFO - [2025-02-22T22:00:22.486+0000] {dag.py:3722} INFO - Setting next_dagrun for example_bash_operator to 2025-02-21T00:00:00+00:00, run_after=2025-02-22T00:00:00+00:00
[2025-02-22T22:00:22.506+0000] {processor.py:179} INFO - Processing /home/airflow/.local/lib/python3.10/site-packages/airflow/example_dags/example_bash_operator.py took 0.156 seconds
[2025-02-22T22:00:52.576+0000] {processor.py:157} INFO - Started process (PID=178) to work on /home/airflow/.local/lib/python3.10/site-packages/airflow/example_dags/example_bash_operator.py
[2025-02-22T22:00:52.577+0000] {processor.py:829} INFO - Processing file /home/airflow/.local/lib/python3.10/site-packages/airflow/example_dags/example_bash_operator.py for tasks to queue
[2025-02-22T22:00:52.579+0000] {logging_mixin.py:154} INFO - [2025-02-22T22:00:52.579+0000] {dagbag.py:536} INFO - Filling up the DagBag from /home/airflow/.local/lib/python3.10/site-packages/airflow/example_dags/example_bash_operator.py
[2025-02-22T22:00:52.589+0000] {processor.py:839} INFO - DAG(s) dict_keys(['example_bash_operator']) retrieved from /home/airflow/.local/lib/python3.10/site-packages/airflow/example_dags/example_bash_operator.py
[2025-02-22T22:00:52.656+0000] {logging_mixin.py:154} INFO - [2025-02-22T22:00:52.656+0000] {dag.py:2941} INFO - Sync 1 DAGs
[2025-02-22T22:00:52.682+0000] {logging_mixin.py:154} INFO - [2025-02-22T22:00:52.682+0000] {dag.py:3722} INFO - Setting next_dagrun for example_bash_operator to 2025-02-21T00:00:00+00:00, run_after=2025-02-22T00:00:00+00:00
[2025-02-22T22:00:52.698+0000] {processor.py:179} INFO - Processing /home/airflow/.local/lib/python3.10/site-packages/airflow/example_dags/example_bash_operator.py took 0.124 seconds
[2025-02-22T22:01:23.047+0000] {processor.py:157} INFO - Started process (PID=246) to work on /home/airflow/.local/lib/python3.10/site-packages/airflow/example_dags/example_bash_operator.py
[2025-02-22T22:01:23.047+0000] {processor.py:829} INFO - Processing file /home/airflow/.local/lib/python3.10/site-packages/airflow/example_dags/example_bash_operator.py for tasks to queue
[2025-02-22T22:01:23.049+0000] {logging_mixin.py:154} INFO - [2025-02-22T22:01:23.048+0000] {dagbag.py:536} INFO - Filling up the DagBag from /home/airflow/.local/lib/python3.10/site-packages/airflow/example_dags/example_bash_operator.py
[2025-02-22T22:01:23.058+0000] {processor.py:839} INFO - DAG(s) dict_keys(['example_bash_operator']) retrieved from /home/airflow/.local/lib/python3.10/site-packages/airflow/example_dags/example_bash_operator.py
[2025-02-22T22:01:23.129+0000] {logging_mixin.py:154} INFO - [2025-02-22T22:01:23.129+0000] {dag.py:2941} INFO - Sync 1 DAGs
[2025-02-22T22:01:23.158+0000] {logging_mixin.py:154} INFO - [2025-02-22T22:01:23.158+0000] {dag.py:3722} INFO - Setting next_dagrun for example_bash_operator to 2025-02-21T00:00:00+00:00, run_after=2025-02-22T00:00:00+00:00
[2025-02-22T22:01:23.176+0000] {processor.py:179} INFO - Processing /home/airflow/.local/lib/python3.10/site-packages/airflow/example_dags/example_bash_operator.py took 0.132 seconds
[2025-02-22T22:01:53.689+0000] {processor.py:157} INFO - Started process (PID=306) to work on /home/airflow/.local/lib/python3.10/site-packages/airflow/example_dags/example_bash_operator.py
[2025-02-22T22:01:53.690+0000] {processor.py:829} INFO - Processing file /home/airflow/.local/lib/python3.10/site-packages/airflow/example_dags/example_bash_operator.py for tasks to queue
[2025-02-22T22:01:53.692+0000] {logging_mixin.py:154} INFO - [2025-02-22T22:01:53.692+0000] {dagbag.py:536} INFO - Filling up the DagBag from /home/airflow/.local/lib/python3.10/site-packages/airflow/example_dags/example_bash_operator.py
[2025-02-22T22:01:53.703+0000] {processor.py:839} INFO - DAG(s) dict_keys(['example_bash_operator']) retrieved from /home/airflow/.local/lib/python3.10/site-packages/airflow/example_dags/example_bash_operator.py
[2025-02-22T22:01:53.775+0000] {logging_mixin.py:154} INFO - [2025-02-22T22:01:53.775+0000] {dag.py:2941} INFO - Sync 1 DAGs
[2025-02-22T22:01:53.807+0000] {logging_mixin.py:154} INFO - [2025-02-22T22:01:53.807+0000] {dag.py:3722} INFO - Setting next_dagrun for example_bash_operator to 2025-02-21T00:00:00+00:00, run_after=2025-02-22T00:00:00+00:00
[2025-02-22T22:01:53.829+0000] {processor.py:179} INFO - Processing /home/airflow/.local/lib/python3.10/site-packages/airflow/example_dags/example_bash_operator.py took 0.143 seconds
[2025-02-22T22:02:24.538+0000] {processor.py:157} INFO - Started process (PID=373) to work on /home/airflow/.local/lib/python3.10/site-packages/airflow/example_dags/example_bash_operator.py
[2025-02-22T22:02:24.538+0000] {processor.py:829} INFO - Processing file /home/airflow/.local/lib/python3.10/site-packages/airflow/example_dags/example_bash_operator.py for tasks to queue
[2025-02-22T22:02:24.540+0000] {logging_mixin.py:154} INFO - [2025-02-22T22:02:24.539+0000] {dagbag.py:536} INFO - Filling up the DagBag from /home/airflow/.local/lib/python3.10/site-packages/airflow/example_dags/example_bash_operator.py
[2025-02-22T22:02:24.551+0000] {processor.py:839} INFO - DAG(s) dict_keys(['example_bash_operator']) retrieved from /home/airflow/.local/lib/python3.10/site-packages/airflow/example_dags/example_bash_operator.py
[2025-02-22T22:02:24.624+0000] {logging_mixin.py:154} INFO - [2025-02-22T22:02:24.624+0000] {dag.py:2941} INFO - Sync 1 DAGs
[2025-02-22T22:02:24.655+0000] {logging_mixin.py:154} INFO - [2025-02-22T22:02:24.654+0000] {dag.py:3722} INFO - Setting next_dagrun for example_bash_operator to 2025-02-21T00:00:00+00:00, run_after=2025-02-22T00:00:00+00:00
[2025-02-22T22:02:24.679+0000] {processor.py:179} INFO - Processing /home/airflow/.local/lib/python3.10/site-packages/airflow/example_dags/example_bash_operator.py took 0.143 seconds
[2025-02-22T22:02:55.370+0000] {processor.py:157} INFO - Started process (PID=434) to work on /home/airflow/.local/lib/python3.10/site-packages/airflow/example_dags/example_bash_operator.py
[2025-02-22T22:02:55.371+0000] {processor.py:829} INFO - Processing file /home/airflow/.local/lib/python3.10/site-packages/airflow/example_dags/example_bash_operator.py for tasks to queue
[2025-02-22T22:02:55.373+0000] {logging_mixin.py:154} INFO - [2025-02-22T22:02:55.372+0000] {dagbag.py:536} INFO - Filling up the DagBag from /home/airflow/.local/lib/python3.10/site-packages/airflow/example_dags/example_bash_operator.py
[2025-02-22T22:02:55.384+0000] {processor.py:839} INFO - DAG(s) dict_keys(['example_bash_operator']) retrieved from /home/airflow/.local/lib/python3.10/site-packages/airflow/example_dags/example_bash_operator.py
[2025-02-22T22:02:55.452+0000] {logging_mixin.py:154} INFO - [2025-02-22T22:02:55.451+0000] {dag.py:2941} INFO - Sync 1 DAGs
[2025-02-22T22:02:55.479+0000] {logging_mixin.py:154} INFO - [2025-02-22T22:02:55.479+0000] {dag.py:3722} INFO - Setting next_dagrun for example_bash_operator to 2025-02-21T00:00:00+00:00, run_after=2025-02-22T00:00:00+00:00
[2025-02-22T22:02:55.499+0000] {processor.py:179} INFO - Processing /home/airflow/.local/lib/python3.10/site-packages/airflow/example_dags/example_bash_operator.py took 0.131 seconds
[2025-02-22T22:03:40.571+0000] {processor.py:157} INFO - Started process (PID=50) to work on /home/airflow/.local/lib/python3.10/site-packages/airflow/example_dags/example_bash_operator.py
[2025-02-22T22:03:40.573+0000] {processor.py:829} INFO - Processing file /home/airflow/.local/lib/python3.10/site-packages/airflow/example_dags/example_bash_operator.py for tasks to queue
[2025-02-22T22:03:40.577+0000] {logging_mixin.py:154} INFO - [2025-02-22T22:03:40.577+0000] {dagbag.py:536} INFO - Filling up the DagBag from /home/airflow/.local/lib/python3.10/site-packages/airflow/example_dags/example_bash_operator.py
[2025-02-22T22:03:40.612+0000] {processor.py:839} INFO - DAG(s) dict_keys(['example_bash_operator']) retrieved from /home/airflow/.local/lib/python3.10/site-packages/airflow/example_dags/example_bash_operator.py
[2025-02-22T22:03:40.738+0000] {logging_mixin.py:154} INFO - [2025-02-22T22:03:40.737+0000] {dag.py:2941} INFO - Sync 1 DAGs
[2025-02-22T22:03:40.823+0000] {logging_mixin.py:154} INFO - [2025-02-22T22:03:40.822+0000] {dag.py:3722} INFO - Setting next_dagrun for example_bash_operator to 2025-02-21T00:00:00+00:00, run_after=2025-02-22T00:00:00+00:00
[2025-02-22T22:03:40.900+0000] {processor.py:179} INFO - Processing /home/airflow/.local/lib/python3.10/site-packages/airflow/example_dags/example_bash_operator.py took 0.332 seconds
[2025-02-22T22:04:11.574+0000] {processor.py:157} INFO - Started process (PID=118) to work on /home/airflow/.local/lib/python3.10/site-packages/airflow/example_dags/example_bash_operator.py
[2025-02-22T22:04:11.575+0000] {processor.py:829} INFO - Processing file /home/airflow/.local/lib/python3.10/site-packages/airflow/example_dags/example_bash_operator.py for tasks to queue
[2025-02-22T22:04:11.577+0000] {logging_mixin.py:154} INFO - [2025-02-22T22:04:11.577+0000] {dagbag.py:536} INFO - Filling up the DagBag from /home/airflow/.local/lib/python3.10/site-packages/airflow/example_dags/example_bash_operator.py
[2025-02-22T22:04:11.592+0000] {processor.py:839} INFO - DAG(s) dict_keys(['example_bash_operator']) retrieved from /home/airflow/.local/lib/python3.10/site-packages/airflow/example_dags/example_bash_operator.py
[2025-02-22T22:04:11.671+0000] {logging_mixin.py:154} INFO - [2025-02-22T22:04:11.671+0000] {dag.py:2941} INFO - Sync 1 DAGs
[2025-02-22T22:04:11.706+0000] {logging_mixin.py:154} INFO - [2025-02-22T22:04:11.706+0000] {dag.py:3722} INFO - Setting next_dagrun for example_bash_operator to 2025-02-21T00:00:00+00:00, run_after=2025-02-22T00:00:00+00:00
[2025-02-22T22:04:11.731+0000] {processor.py:179} INFO - Processing /home/airflow/.local/lib/python3.10/site-packages/airflow/example_dags/example_bash_operator.py took 0.160 seconds
[2025-02-22T22:04:41.881+0000] {processor.py:157} INFO - Started process (PID=179) to work on /home/airflow/.local/lib/python3.10/site-packages/airflow/example_dags/example_bash_operator.py
[2025-02-22T22:04:41.883+0000] {processor.py:829} INFO - Processing file /home/airflow/.local/lib/python3.10/site-packages/airflow/example_dags/example_bash_operator.py for tasks to queue
[2025-02-22T22:04:41.884+0000] {logging_mixin.py:154} INFO - [2025-02-22T22:04:41.884+0000] {dagbag.py:536} INFO - Filling up the DagBag from /home/airflow/.local/lib/python3.10/site-packages/airflow/example_dags/example_bash_operator.py
[2025-02-22T22:04:41.894+0000] {processor.py:839} INFO - DAG(s) dict_keys(['example_bash_operator']) retrieved from /home/airflow/.local/lib/python3.10/site-packages/airflow/example_dags/example_bash_operator.py
[2025-02-22T22:04:41.962+0000] {logging_mixin.py:154} INFO - [2025-02-22T22:04:41.962+0000] {dag.py:2941} INFO - Sync 1 DAGs
[2025-02-22T22:04:41.992+0000] {logging_mixin.py:154} INFO - [2025-02-22T22:04:41.992+0000] {dag.py:3722} INFO - Setting next_dagrun for example_bash_operator to 2025-02-21T00:00:00+00:00, run_after=2025-02-22T00:00:00+00:00
[2025-02-22T22:04:42.008+0000] {processor.py:179} INFO - Processing /home/airflow/.local/lib/python3.10/site-packages/airflow/example_dags/example_bash_operator.py took 0.129 seconds
[2025-02-22T22:05:12.777+0000] {processor.py:157} INFO - Started process (PID=247) to work on /home/airflow/.local/lib/python3.10/site-packages/airflow/example_dags/example_bash_operator.py
[2025-02-22T22:05:12.777+0000] {processor.py:829} INFO - Processing file /home/airflow/.local/lib/python3.10/site-packages/airflow/example_dags/example_bash_operator.py for tasks to queue
[2025-02-22T22:05:12.779+0000] {logging_mixin.py:154} INFO - [2025-02-22T22:05:12.778+0000] {dagbag.py:536} INFO - Filling up the DagBag from /home/airflow/.local/lib/python3.10/site-packages/airflow/example_dags/example_bash_operator.py
[2025-02-22T22:05:12.789+0000] {processor.py:839} INFO - DAG(s) dict_keys(['example_bash_operator']) retrieved from /home/airflow/.local/lib/python3.10/site-packages/airflow/example_dags/example_bash_operator.py
[2025-02-22T22:05:12.858+0000] {logging_mixin.py:154} INFO - [2025-02-22T22:05:12.857+0000] {dag.py:2941} INFO - Sync 1 DAGs
[2025-02-22T22:05:12.891+0000] {logging_mixin.py:154} INFO - [2025-02-22T22:05:12.890+0000] {dag.py:3722} INFO - Setting next_dagrun for example_bash_operator to 2025-02-21T00:00:00+00:00, run_after=2025-02-22T00:00:00+00:00
[2025-02-22T22:05:12.912+0000] {processor.py:179} INFO - Processing /home/airflow/.local/lib/python3.10/site-packages/airflow/example_dags/example_bash_operator.py took 0.138 seconds
[2025-02-22T22:05:43.282+0000] {processor.py:157} INFO - Started process (PID=308) to work on /home/airflow/.local/lib/python3.10/site-packages/airflow/example_dags/example_bash_operator.py
[2025-02-22T22:05:43.284+0000] {processor.py:829} INFO - Processing file /home/airflow/.local/lib/python3.10/site-packages/airflow/example_dags/example_bash_operator.py for tasks to queue
[2025-02-22T22:05:43.285+0000] {logging_mixin.py:154} INFO - [2025-02-22T22:05:43.285+0000] {dagbag.py:536} INFO - Filling up the DagBag from /home/airflow/.local/lib/python3.10/site-packages/airflow/example_dags/example_bash_operator.py
[2025-02-22T22:05:43.295+0000] {processor.py:839} INFO - DAG(s) dict_keys(['example_bash_operator']) retrieved from /home/airflow/.local/lib/python3.10/site-packages/airflow/example_dags/example_bash_operator.py
[2025-02-22T22:05:43.376+0000] {logging_mixin.py:154} INFO - [2025-02-22T22:05:43.376+0000] {dag.py:2941} INFO - Sync 1 DAGs
[2025-02-22T22:05:43.409+0000] {logging_mixin.py:154} INFO - [2025-02-22T22:05:43.409+0000] {dag.py:3722} INFO - Setting next_dagrun for example_bash_operator to 2025-02-21T00:00:00+00:00, run_after=2025-02-22T00:00:00+00:00
[2025-02-22T22:05:43.430+0000] {processor.py:179} INFO - Processing /home/airflow/.local/lib/python3.10/site-packages/airflow/example_dags/example_bash_operator.py took 0.150 seconds
[2025-02-22T22:06:13.690+0000] {processor.py:157} INFO - Started process (PID=376) to work on /home/airflow/.local/lib/python3.10/site-packages/airflow/example_dags/example_bash_operator.py
[2025-02-22T22:06:13.693+0000] {processor.py:829} INFO - Processing file /home/airflow/.local/lib/python3.10/site-packages/airflow/example_dags/example_bash_operator.py for tasks to queue
[2025-02-22T22:06:13.695+0000] {logging_mixin.py:154} INFO - [2025-02-22T22:06:13.695+0000] {dagbag.py:536} INFO - Filling up the DagBag from /home/airflow/.local/lib/python3.10/site-packages/airflow/example_dags/example_bash_operator.py
[2025-02-22T22:06:13.705+0000] {processor.py:839} INFO - DAG(s) dict_keys(['example_bash_operator']) retrieved from /home/airflow/.local/lib/python3.10/site-packages/airflow/example_dags/example_bash_operator.py
[2025-02-22T22:06:13.790+0000] {logging_mixin.py:154} INFO - [2025-02-22T22:06:13.789+0000] {dag.py:2941} INFO - Sync 1 DAGs
[2025-02-22T22:06:13.824+0000] {logging_mixin.py:154} INFO - [2025-02-22T22:06:13.824+0000] {dag.py:3722} INFO - Setting next_dagrun for example_bash_operator to 2025-02-21T00:00:00+00:00, run_after=2025-02-22T00:00:00+00:00
[2025-02-22T22:06:13.850+0000] {processor.py:179} INFO - Processing /home/airflow/.local/lib/python3.10/site-packages/airflow/example_dags/example_bash_operator.py took 0.162 seconds
[2025-02-22T22:06:44.295+0000] {processor.py:157} INFO - Started process (PID=437) to work on /home/airflow/.local/lib/python3.10/site-packages/airflow/example_dags/example_bash_operator.py
[2025-02-22T22:06:44.300+0000] {processor.py:829} INFO - Processing file /home/airflow/.local/lib/python3.10/site-packages/airflow/example_dags/example_bash_operator.py for tasks to queue
[2025-02-22T22:06:44.301+0000] {logging_mixin.py:154} INFO - [2025-02-22T22:06:44.301+0000] {dagbag.py:536} INFO - Filling up the DagBag from /home/airflow/.local/lib/python3.10/site-packages/airflow/example_dags/example_bash_operator.py
[2025-02-22T22:06:44.312+0000] {processor.py:839} INFO - DAG(s) dict_keys(['example_bash_operator']) retrieved from /home/airflow/.local/lib/python3.10/site-packages/airflow/example_dags/example_bash_operator.py
[2025-02-22T22:06:44.388+0000] {logging_mixin.py:154} INFO - [2025-02-22T22:06:44.388+0000] {dag.py:2941} INFO - Sync 1 DAGs
[2025-02-22T22:06:44.421+0000] {logging_mixin.py:154} INFO - [2025-02-22T22:06:44.421+0000] {dag.py:3722} INFO - Setting next_dagrun for example_bash_operator to 2025-02-21T00:00:00+00:00, run_after=2025-02-22T00:00:00+00:00
[2025-02-22T22:06:44.442+0000] {processor.py:179} INFO - Processing /home/airflow/.local/lib/python3.10/site-packages/airflow/example_dags/example_bash_operator.py took 0.149 seconds
[2025-02-22T22:07:14.676+0000] {processor.py:157} INFO - Started process (PID=505) to work on /home/airflow/.local/lib/python3.10/site-packages/airflow/example_dags/example_bash_operator.py
[2025-02-22T22:07:14.678+0000] {processor.py:829} INFO - Processing file /home/airflow/.local/lib/python3.10/site-packages/airflow/example_dags/example_bash_operator.py for tasks to queue
[2025-02-22T22:07:14.680+0000] {logging_mixin.py:154} INFO - [2025-02-22T22:07:14.680+0000] {dagbag.py:536} INFO - Filling up the DagBag from /home/airflow/.local/lib/python3.10/site-packages/airflow/example_dags/example_bash_operator.py
[2025-02-22T22:07:14.692+0000] {processor.py:839} INFO - DAG(s) dict_keys(['example_bash_operator']) retrieved from /home/airflow/.local/lib/python3.10/site-packages/airflow/example_dags/example_bash_operator.py
[2025-02-22T22:07:14.780+0000] {logging_mixin.py:154} INFO - [2025-02-22T22:07:14.780+0000] {dag.py:2941} INFO - Sync 1 DAGs
[2025-02-22T22:07:14.816+0000] {logging_mixin.py:154} INFO - [2025-02-22T22:07:14.816+0000] {dag.py:3722} INFO - Setting next_dagrun for example_bash_operator to 2025-02-21T00:00:00+00:00, run_after=2025-02-22T00:00:00+00:00
[2025-02-22T22:07:14.841+0000] {processor.py:179} INFO - Processing /home/airflow/.local/lib/python3.10/site-packages/airflow/example_dags/example_bash_operator.py took 0.167 seconds
[2025-02-22T22:07:45.099+0000] {processor.py:157} INFO - Started process (PID=566) to work on /home/airflow/.local/lib/python3.10/site-packages/airflow/example_dags/example_bash_operator.py
[2025-02-22T22:07:45.100+0000] {processor.py:829} INFO - Processing file /home/airflow/.local/lib/python3.10/site-packages/airflow/example_dags/example_bash_operator.py for tasks to queue
[2025-02-22T22:07:45.102+0000] {logging_mixin.py:154} INFO - [2025-02-22T22:07:45.101+0000] {dagbag.py:536} INFO - Filling up the DagBag from /home/airflow/.local/lib/python3.10/site-packages/airflow/example_dags/example_bash_operator.py
[2025-02-22T22:07:45.113+0000] {processor.py:839} INFO - DAG(s) dict_keys(['example_bash_operator']) retrieved from /home/airflow/.local/lib/python3.10/site-packages/airflow/example_dags/example_bash_operator.py
[2025-02-22T22:07:45.193+0000] {logging_mixin.py:154} INFO - [2025-02-22T22:07:45.193+0000] {dag.py:2941} INFO - Sync 1 DAGs
[2025-02-22T22:07:45.233+0000] {logging_mixin.py:154} INFO - [2025-02-22T22:07:45.233+0000] {dag.py:3722} INFO - Setting next_dagrun for example_bash_operator to 2025-02-21T00:00:00+00:00, run_after=2025-02-22T00:00:00+00:00
[2025-02-22T22:07:45.261+0000] {processor.py:179} INFO - Processing /home/airflow/.local/lib/python3.10/site-packages/airflow/example_dags/example_bash_operator.py took 0.164 seconds
[2025-02-22T22:08:34.943+0000] {processor.py:157} INFO - Started process (PID=48) to work on /home/airflow/.local/lib/python3.10/site-packages/airflow/example_dags/example_bash_operator.py
[2025-02-22T22:08:34.949+0000] {processor.py:829} INFO - Processing file /home/airflow/.local/lib/python3.10/site-packages/airflow/example_dags/example_bash_operator.py for tasks to queue
[2025-02-22T22:08:34.957+0000] {logging_mixin.py:154} INFO - [2025-02-22T22:08:34.956+0000] {dagbag.py:536} INFO - Filling up the DagBag from /home/airflow/.local/lib/python3.10/site-packages/airflow/example_dags/example_bash_operator.py
[2025-02-22T22:08:34.993+0000] {processor.py:839} INFO - DAG(s) dict_keys(['example_bash_operator']) retrieved from /home/airflow/.local/lib/python3.10/site-packages/airflow/example_dags/example_bash_operator.py
[2025-02-22T22:08:35.119+0000] {logging_mixin.py:154} INFO - [2025-02-22T22:08:35.119+0000] {dag.py:2941} INFO - Sync 1 DAGs
[2025-02-22T22:08:35.196+0000] {logging_mixin.py:154} INFO - [2025-02-22T22:08:35.195+0000] {dag.py:3722} INFO - Setting next_dagrun for example_bash_operator to 2025-02-21T00:00:00+00:00, run_after=2025-02-22T00:00:00+00:00
[2025-02-22T22:08:35.282+0000] {processor.py:179} INFO - Processing /home/airflow/.local/lib/python3.10/site-packages/airflow/example_dags/example_bash_operator.py took 0.349 seconds
[2025-02-22T22:09:05.795+0000] {processor.py:157} INFO - Started process (PID=116) to work on /home/airflow/.local/lib/python3.10/site-packages/airflow/example_dags/example_bash_operator.py
[2025-02-22T22:09:05.796+0000] {processor.py:829} INFO - Processing file /home/airflow/.local/lib/python3.10/site-packages/airflow/example_dags/example_bash_operator.py for tasks to queue
[2025-02-22T22:09:05.801+0000] {logging_mixin.py:154} INFO - [2025-02-22T22:09:05.800+0000] {dagbag.py:536} INFO - Filling up the DagBag from /home/airflow/.local/lib/python3.10/site-packages/airflow/example_dags/example_bash_operator.py
[2025-02-22T22:09:05.822+0000] {processor.py:839} INFO - DAG(s) dict_keys(['example_bash_operator']) retrieved from /home/airflow/.local/lib/python3.10/site-packages/airflow/example_dags/example_bash_operator.py
[2025-02-22T22:09:05.900+0000] {logging_mixin.py:154} INFO - [2025-02-22T22:09:05.900+0000] {dag.py:2941} INFO - Sync 1 DAGs
[2025-02-22T22:09:05.928+0000] {logging_mixin.py:154} INFO - [2025-02-22T22:09:05.928+0000] {dag.py:3722} INFO - Setting next_dagrun for example_bash_operator to 2025-02-21T00:00:00+00:00, run_after=2025-02-22T00:00:00+00:00
[2025-02-22T22:09:05.949+0000] {processor.py:179} INFO - Processing /home/airflow/.local/lib/python3.10/site-packages/airflow/example_dags/example_bash_operator.py took 0.157 seconds
[2025-02-22T22:09:36.100+0000] {processor.py:157} INFO - Started process (PID=176) to work on /home/airflow/.local/lib/python3.10/site-packages/airflow/example_dags/example_bash_operator.py
[2025-02-22T22:09:36.101+0000] {processor.py:829} INFO - Processing file /home/airflow/.local/lib/python3.10/site-packages/airflow/example_dags/example_bash_operator.py for tasks to queue
[2025-02-22T22:09:36.102+0000] {logging_mixin.py:154} INFO - [2025-02-22T22:09:36.102+0000] {dagbag.py:536} INFO - Filling up the DagBag from /home/airflow/.local/lib/python3.10/site-packages/airflow/example_dags/example_bash_operator.py
[2025-02-22T22:09:36.112+0000] {processor.py:839} INFO - DAG(s) dict_keys(['example_bash_operator']) retrieved from /home/airflow/.local/lib/python3.10/site-packages/airflow/example_dags/example_bash_operator.py
[2025-02-22T22:09:36.192+0000] {logging_mixin.py:154} INFO - [2025-02-22T22:09:36.192+0000] {dag.py:2941} INFO - Sync 1 DAGs
[2025-02-22T22:09:36.223+0000] {logging_mixin.py:154} INFO - [2025-02-22T22:09:36.223+0000] {dag.py:3722} INFO - Setting next_dagrun for example_bash_operator to 2025-02-21T00:00:00+00:00, run_after=2025-02-22T00:00:00+00:00
[2025-02-22T22:09:36.246+0000] {processor.py:179} INFO - Processing /home/airflow/.local/lib/python3.10/site-packages/airflow/example_dags/example_bash_operator.py took 0.148 seconds
[2025-02-22T22:10:06.883+0000] {processor.py:157} INFO - Started process (PID=244) to work on /home/airflow/.local/lib/python3.10/site-packages/airflow/example_dags/example_bash_operator.py
[2025-02-22T22:10:06.886+0000] {processor.py:829} INFO - Processing file /home/airflow/.local/lib/python3.10/site-packages/airflow/example_dags/example_bash_operator.py for tasks to queue
[2025-02-22T22:10:06.890+0000] {logging_mixin.py:154} INFO - [2025-02-22T22:10:06.889+0000] {dagbag.py:536} INFO - Filling up the DagBag from /home/airflow/.local/lib/python3.10/site-packages/airflow/example_dags/example_bash_operator.py
[2025-02-22T22:10:06.908+0000] {processor.py:839} INFO - DAG(s) dict_keys(['example_bash_operator']) retrieved from /home/airflow/.local/lib/python3.10/site-packages/airflow/example_dags/example_bash_operator.py
[2025-02-22T22:10:07.041+0000] {logging_mixin.py:154} INFO - [2025-02-22T22:10:07.041+0000] {dag.py:2941} INFO - Sync 1 DAGs
[2025-02-22T22:10:07.090+0000] {logging_mixin.py:154} INFO - [2025-02-22T22:10:07.090+0000] {dag.py:3722} INFO - Setting next_dagrun for example_bash_operator to 2025-02-21T00:00:00+00:00, run_after=2025-02-22T00:00:00+00:00
[2025-02-22T22:10:07.124+0000] {processor.py:179} INFO - Processing /home/airflow/.local/lib/python3.10/site-packages/airflow/example_dags/example_bash_operator.py took 0.247 seconds
[2025-02-22T22:10:37.477+0000] {processor.py:157} INFO - Started process (PID=305) to work on /home/airflow/.local/lib/python3.10/site-packages/airflow/example_dags/example_bash_operator.py
[2025-02-22T22:10:37.477+0000] {processor.py:829} INFO - Processing file /home/airflow/.local/lib/python3.10/site-packages/airflow/example_dags/example_bash_operator.py for tasks to queue
[2025-02-22T22:10:37.479+0000] {logging_mixin.py:154} INFO - [2025-02-22T22:10:37.479+0000] {dagbag.py:536} INFO - Filling up the DagBag from /home/airflow/.local/lib/python3.10/site-packages/airflow/example_dags/example_bash_operator.py
[2025-02-22T22:10:37.489+0000] {processor.py:839} INFO - DAG(s) dict_keys(['example_bash_operator']) retrieved from /home/airflow/.local/lib/python3.10/site-packages/airflow/example_dags/example_bash_operator.py
[2025-02-22T22:10:37.564+0000] {logging_mixin.py:154} INFO - [2025-02-22T22:10:37.564+0000] {dag.py:2941} INFO - Sync 1 DAGs
[2025-02-22T22:10:37.599+0000] {logging_mixin.py:154} INFO - [2025-02-22T22:10:37.599+0000] {dag.py:3722} INFO - Setting next_dagrun for example_bash_operator to 2025-02-21T00:00:00+00:00, run_after=2025-02-22T00:00:00+00:00
[2025-02-22T22:10:37.619+0000] {processor.py:179} INFO - Processing /home/airflow/.local/lib/python3.10/site-packages/airflow/example_dags/example_bash_operator.py took 0.144 seconds
[2025-02-22T22:11:08.194+0000] {processor.py:157} INFO - Started process (PID=371) to work on /home/airflow/.local/lib/python3.10/site-packages/airflow/example_dags/example_bash_operator.py
[2025-02-22T22:11:08.197+0000] {processor.py:829} INFO - Processing file /home/airflow/.local/lib/python3.10/site-packages/airflow/example_dags/example_bash_operator.py for tasks to queue
[2025-02-22T22:11:08.200+0000] {logging_mixin.py:154} INFO - [2025-02-22T22:11:08.200+0000] {dagbag.py:536} INFO - Filling up the DagBag from /home/airflow/.local/lib/python3.10/site-packages/airflow/example_dags/example_bash_operator.py
[2025-02-22T22:11:08.220+0000] {processor.py:839} INFO - DAG(s) dict_keys(['example_bash_operator']) retrieved from /home/airflow/.local/lib/python3.10/site-packages/airflow/example_dags/example_bash_operator.py
[2025-02-22T22:11:08.309+0000] {logging_mixin.py:154} INFO - [2025-02-22T22:11:08.309+0000] {dag.py:2941} INFO - Sync 1 DAGs
[2025-02-22T22:11:08.354+0000] {logging_mixin.py:154} INFO - [2025-02-22T22:11:08.353+0000] {dag.py:3722} INFO - Setting next_dagrun for example_bash_operator to 2025-02-21T00:00:00+00:00, run_after=2025-02-22T00:00:00+00:00
[2025-02-22T22:11:08.379+0000] {processor.py:179} INFO - Processing /home/airflow/.local/lib/python3.10/site-packages/airflow/example_dags/example_bash_operator.py took 0.188 seconds
[2025-02-22T22:11:38.844+0000] {processor.py:157} INFO - Started process (PID=432) to work on /home/airflow/.local/lib/python3.10/site-packages/airflow/example_dags/example_bash_operator.py
[2025-02-22T22:11:38.845+0000] {processor.py:829} INFO - Processing file /home/airflow/.local/lib/python3.10/site-packages/airflow/example_dags/example_bash_operator.py for tasks to queue
[2025-02-22T22:11:38.847+0000] {logging_mixin.py:154} INFO - [2025-02-22T22:11:38.846+0000] {dagbag.py:536} INFO - Filling up the DagBag from /home/airflow/.local/lib/python3.10/site-packages/airflow/example_dags/example_bash_operator.py
[2025-02-22T22:11:38.857+0000] {processor.py:839} INFO - DAG(s) dict_keys(['example_bash_operator']) retrieved from /home/airflow/.local/lib/python3.10/site-packages/airflow/example_dags/example_bash_operator.py
[2025-02-22T22:11:38.940+0000] {logging_mixin.py:154} INFO - [2025-02-22T22:11:38.940+0000] {dag.py:2941} INFO - Sync 1 DAGs
[2025-02-22T22:11:38.969+0000] {logging_mixin.py:154} INFO - [2025-02-22T22:11:38.969+0000] {dag.py:3722} INFO - Setting next_dagrun for example_bash_operator to 2025-02-21T00:00:00+00:00, run_after=2025-02-22T00:00:00+00:00
[2025-02-22T22:11:38.987+0000] {processor.py:179} INFO - Processing /home/airflow/.local/lib/python3.10/site-packages/airflow/example_dags/example_bash_operator.py took 0.146 seconds
[2025-02-22T22:12:09.560+0000] {processor.py:157} INFO - Started process (PID=500) to work on /home/airflow/.local/lib/python3.10/site-packages/airflow/example_dags/example_bash_operator.py
[2025-02-22T22:12:09.561+0000] {processor.py:829} INFO - Processing file /home/airflow/.local/lib/python3.10/site-packages/airflow/example_dags/example_bash_operator.py for tasks to queue
[2025-02-22T22:12:09.563+0000] {logging_mixin.py:154} INFO - [2025-02-22T22:12:09.562+0000] {dagbag.py:536} INFO - Filling up the DagBag from /home/airflow/.local/lib/python3.10/site-packages/airflow/example_dags/example_bash_operator.py
[2025-02-22T22:12:09.573+0000] {processor.py:839} INFO - DAG(s) dict_keys(['example_bash_operator']) retrieved from /home/airflow/.local/lib/python3.10/site-packages/airflow/example_dags/example_bash_operator.py
[2025-02-22T22:12:09.642+0000] {logging_mixin.py:154} INFO - [2025-02-22T22:12:09.642+0000] {dag.py:2941} INFO - Sync 1 DAGs
[2025-02-22T22:12:09.671+0000] {logging_mixin.py:154} INFO - [2025-02-22T22:12:09.671+0000] {dag.py:3722} INFO - Setting next_dagrun for example_bash_operator to 2025-02-21T00:00:00+00:00, run_after=2025-02-22T00:00:00+00:00
[2025-02-22T22:12:09.690+0000] {processor.py:179} INFO - Processing /home/airflow/.local/lib/python3.10/site-packages/airflow/example_dags/example_bash_operator.py took 0.132 seconds
[2025-02-22T22:12:40.357+0000] {processor.py:157} INFO - Started process (PID=561) to work on /home/airflow/.local/lib/python3.10/site-packages/airflow/example_dags/example_bash_operator.py
[2025-02-22T22:12:40.360+0000] {processor.py:829} INFO - Processing file /home/airflow/.local/lib/python3.10/site-packages/airflow/example_dags/example_bash_operator.py for tasks to queue
[2025-02-22T22:12:40.361+0000] {logging_mixin.py:154} INFO - [2025-02-22T22:12:40.361+0000] {dagbag.py:536} INFO - Filling up the DagBag from /home/airflow/.local/lib/python3.10/site-packages/airflow/example_dags/example_bash_operator.py
[2025-02-22T22:12:40.372+0000] {processor.py:839} INFO - DAG(s) dict_keys(['example_bash_operator']) retrieved from /home/airflow/.local/lib/python3.10/site-packages/airflow/example_dags/example_bash_operator.py
[2025-02-22T22:12:40.441+0000] {logging_mixin.py:154} INFO - [2025-02-22T22:12:40.441+0000] {dag.py:2941} INFO - Sync 1 DAGs
[2025-02-22T22:12:40.471+0000] {logging_mixin.py:154} INFO - [2025-02-22T22:12:40.471+0000] {dag.py:3722} INFO - Setting next_dagrun for example_bash_operator to 2025-02-21T00:00:00+00:00, run_after=2025-02-22T00:00:00+00:00
[2025-02-22T22:12:40.490+0000] {processor.py:179} INFO - Processing /home/airflow/.local/lib/python3.10/site-packages/airflow/example_dags/example_bash_operator.py took 0.135 seconds
[2025-02-22T22:13:11.425+0000] {processor.py:157} INFO - Started process (PID=628) to work on /home/airflow/.local/lib/python3.10/site-packages/airflow/example_dags/example_bash_operator.py
[2025-02-22T22:13:11.426+0000] {processor.py:829} INFO - Processing file /home/airflow/.local/lib/python3.10/site-packages/airflow/example_dags/example_bash_operator.py for tasks to queue
[2025-02-22T22:13:11.427+0000] {logging_mixin.py:154} INFO - [2025-02-22T22:13:11.427+0000] {dagbag.py:536} INFO - Filling up the DagBag from /home/airflow/.local/lib/python3.10/site-packages/airflow/example_dags/example_bash_operator.py
[2025-02-22T22:13:11.437+0000] {processor.py:839} INFO - DAG(s) dict_keys(['example_bash_operator']) retrieved from /home/airflow/.local/lib/python3.10/site-packages/airflow/example_dags/example_bash_operator.py
[2025-02-22T22:13:11.504+0000] {logging_mixin.py:154} INFO - [2025-02-22T22:13:11.504+0000] {dag.py:2941} INFO - Sync 1 DAGs
[2025-02-22T22:13:11.539+0000] {logging_mixin.py:154} INFO - [2025-02-22T22:13:11.538+0000] {dag.py:3722} INFO - Setting next_dagrun for example_bash_operator to 2025-02-21T00:00:00+00:00, run_after=2025-02-22T00:00:00+00:00
[2025-02-22T22:13:11.558+0000] {processor.py:179} INFO - Processing /home/airflow/.local/lib/python3.10/site-packages/airflow/example_dags/example_bash_operator.py took 0.137 seconds
[2025-02-22T22:13:41.967+0000] {processor.py:157} INFO - Started process (PID=689) to work on /home/airflow/.local/lib/python3.10/site-packages/airflow/example_dags/example_bash_operator.py
[2025-02-22T22:13:41.968+0000] {processor.py:829} INFO - Processing file /home/airflow/.local/lib/python3.10/site-packages/airflow/example_dags/example_bash_operator.py for tasks to queue
[2025-02-22T22:13:41.969+0000] {logging_mixin.py:154} INFO - [2025-02-22T22:13:41.969+0000] {dagbag.py:536} INFO - Filling up the DagBag from /home/airflow/.local/lib/python3.10/site-packages/airflow/example_dags/example_bash_operator.py
[2025-02-22T22:13:41.986+0000] {processor.py:839} INFO - DAG(s) dict_keys(['example_bash_operator']) retrieved from /home/airflow/.local/lib/python3.10/site-packages/airflow/example_dags/example_bash_operator.py
[2025-02-22T22:13:42.078+0000] {logging_mixin.py:154} INFO - [2025-02-22T22:13:42.078+0000] {dag.py:2941} INFO - Sync 1 DAGs
[2025-02-22T22:13:42.121+0000] {logging_mixin.py:154} INFO - [2025-02-22T22:13:42.120+0000] {dag.py:3722} INFO - Setting next_dagrun for example_bash_operator to 2025-02-21T00:00:00+00:00, run_after=2025-02-22T00:00:00+00:00
[2025-02-22T22:13:42.145+0000] {processor.py:179} INFO - Processing /home/airflow/.local/lib/python3.10/site-packages/airflow/example_dags/example_bash_operator.py took 0.181 seconds
[2025-02-22T22:14:12.512+0000] {processor.py:157} INFO - Started process (PID=757) to work on /home/airflow/.local/lib/python3.10/site-packages/airflow/example_dags/example_bash_operator.py
[2025-02-22T22:14:12.513+0000] {processor.py:829} INFO - Processing file /home/airflow/.local/lib/python3.10/site-packages/airflow/example_dags/example_bash_operator.py for tasks to queue
[2025-02-22T22:14:12.515+0000] {logging_mixin.py:154} INFO - [2025-02-22T22:14:12.515+0000] {dagbag.py:536} INFO - Filling up the DagBag from /home/airflow/.local/lib/python3.10/site-packages/airflow/example_dags/example_bash_operator.py
[2025-02-22T22:14:12.531+0000] {processor.py:839} INFO - DAG(s) dict_keys(['example_bash_operator']) retrieved from /home/airflow/.local/lib/python3.10/site-packages/airflow/example_dags/example_bash_operator.py
[2025-02-22T22:14:12.602+0000] {logging_mixin.py:154} INFO - [2025-02-22T22:14:12.602+0000] {dag.py:2941} INFO - Sync 1 DAGs
[2025-02-22T22:14:12.634+0000] {logging_mixin.py:154} INFO - [2025-02-22T22:14:12.634+0000] {dag.py:3722} INFO - Setting next_dagrun for example_bash_operator to 2025-02-21T00:00:00+00:00, run_after=2025-02-22T00:00:00+00:00
[2025-02-22T22:14:12.652+0000] {processor.py:179} INFO - Processing /home/airflow/.local/lib/python3.10/site-packages/airflow/example_dags/example_bash_operator.py took 0.143 seconds
[2025-02-22T22:14:43.138+0000] {processor.py:157} INFO - Started process (PID=818) to work on /home/airflow/.local/lib/python3.10/site-packages/airflow/example_dags/example_bash_operator.py
[2025-02-22T22:14:43.139+0000] {processor.py:829} INFO - Processing file /home/airflow/.local/lib/python3.10/site-packages/airflow/example_dags/example_bash_operator.py for tasks to queue
[2025-02-22T22:14:43.141+0000] {logging_mixin.py:154} INFO - [2025-02-22T22:14:43.140+0000] {dagbag.py:536} INFO - Filling up the DagBag from /home/airflow/.local/lib/python3.10/site-packages/airflow/example_dags/example_bash_operator.py
[2025-02-22T22:14:43.153+0000] {processor.py:839} INFO - DAG(s) dict_keys(['example_bash_operator']) retrieved from /home/airflow/.local/lib/python3.10/site-packages/airflow/example_dags/example_bash_operator.py
[2025-02-22T22:14:43.246+0000] {logging_mixin.py:154} INFO - [2025-02-22T22:14:43.245+0000] {dag.py:2941} INFO - Sync 1 DAGs
[2025-02-22T22:14:43.282+0000] {logging_mixin.py:154} INFO - [2025-02-22T22:14:43.282+0000] {dag.py:3722} INFO - Setting next_dagrun for example_bash_operator to 2025-02-21T00:00:00+00:00, run_after=2025-02-22T00:00:00+00:00
[2025-02-22T22:14:43.306+0000] {processor.py:179} INFO - Processing /home/airflow/.local/lib/python3.10/site-packages/airflow/example_dags/example_bash_operator.py took 0.171 seconds
[2025-02-22T22:15:13.346+0000] {processor.py:157} INFO - Started process (PID=886) to work on /home/airflow/.local/lib/python3.10/site-packages/airflow/example_dags/example_bash_operator.py
[2025-02-22T22:15:13.348+0000] {processor.py:829} INFO - Processing file /home/airflow/.local/lib/python3.10/site-packages/airflow/example_dags/example_bash_operator.py for tasks to queue
[2025-02-22T22:15:13.350+0000] {logging_mixin.py:154} INFO - [2025-02-22T22:15:13.349+0000] {dagbag.py:536} INFO - Filling up the DagBag from /home/airflow/.local/lib/python3.10/site-packages/airflow/example_dags/example_bash_operator.py
[2025-02-22T22:15:13.359+0000] {processor.py:839} INFO - DAG(s) dict_keys(['example_bash_operator']) retrieved from /home/airflow/.local/lib/python3.10/site-packages/airflow/example_dags/example_bash_operator.py
[2025-02-22T22:15:13.427+0000] {logging_mixin.py:154} INFO - [2025-02-22T22:15:13.426+0000] {dag.py:2941} INFO - Sync 1 DAGs
[2025-02-22T22:15:13.455+0000] {logging_mixin.py:154} INFO - [2025-02-22T22:15:13.455+0000] {dag.py:3722} INFO - Setting next_dagrun for example_bash_operator to 2025-02-21T00:00:00+00:00, run_after=2025-02-22T00:00:00+00:00
[2025-02-22T22:15:13.475+0000] {processor.py:179} INFO - Processing /home/airflow/.local/lib/python3.10/site-packages/airflow/example_dags/example_bash_operator.py took 0.131 seconds
[2025-02-22T22:15:43.879+0000] {processor.py:157} INFO - Started process (PID=947) to work on /home/airflow/.local/lib/python3.10/site-packages/airflow/example_dags/example_bash_operator.py
[2025-02-22T22:15:43.880+0000] {processor.py:829} INFO - Processing file /home/airflow/.local/lib/python3.10/site-packages/airflow/example_dags/example_bash_operator.py for tasks to queue
[2025-02-22T22:15:43.882+0000] {logging_mixin.py:154} INFO - [2025-02-22T22:15:43.881+0000] {dagbag.py:536} INFO - Filling up the DagBag from /home/airflow/.local/lib/python3.10/site-packages/airflow/example_dags/example_bash_operator.py
[2025-02-22T22:15:43.892+0000] {processor.py:839} INFO - DAG(s) dict_keys(['example_bash_operator']) retrieved from /home/airflow/.local/lib/python3.10/site-packages/airflow/example_dags/example_bash_operator.py
[2025-02-22T22:15:43.962+0000] {logging_mixin.py:154} INFO - [2025-02-22T22:15:43.962+0000] {dag.py:2941} INFO - Sync 1 DAGs
[2025-02-22T22:15:43.992+0000] {logging_mixin.py:154} INFO - [2025-02-22T22:15:43.991+0000] {dag.py:3722} INFO - Setting next_dagrun for example_bash_operator to 2025-02-21T00:00:00+00:00, run_after=2025-02-22T00:00:00+00:00
[2025-02-22T22:15:44.010+0000] {processor.py:179} INFO - Processing /home/airflow/.local/lib/python3.10/site-packages/airflow/example_dags/example_bash_operator.py took 0.133 seconds
[2025-02-22T22:16:14.916+0000] {processor.py:157} INFO - Started process (PID=1015) to work on /home/airflow/.local/lib/python3.10/site-packages/airflow/example_dags/example_bash_operator.py
[2025-02-22T22:16:14.918+0000] {processor.py:829} INFO - Processing file /home/airflow/.local/lib/python3.10/site-packages/airflow/example_dags/example_bash_operator.py for tasks to queue
[2025-02-22T22:16:14.919+0000] {logging_mixin.py:154} INFO - [2025-02-22T22:16:14.919+0000] {dagbag.py:536} INFO - Filling up the DagBag from /home/airflow/.local/lib/python3.10/site-packages/airflow/example_dags/example_bash_operator.py
[2025-02-22T22:16:14.930+0000] {processor.py:839} INFO - DAG(s) dict_keys(['example_bash_operator']) retrieved from /home/airflow/.local/lib/python3.10/site-packages/airflow/example_dags/example_bash_operator.py
[2025-02-22T22:16:15.004+0000] {logging_mixin.py:154} INFO - [2025-02-22T22:16:15.004+0000] {dag.py:2941} INFO - Sync 1 DAGs
[2025-02-22T22:16:15.039+0000] {logging_mixin.py:154} INFO - [2025-02-22T22:16:15.039+0000] {dag.py:3722} INFO - Setting next_dagrun for example_bash_operator to 2025-02-21T00:00:00+00:00, run_after=2025-02-22T00:00:00+00:00
[2025-02-22T22:16:15.059+0000] {processor.py:179} INFO - Processing /home/airflow/.local/lib/python3.10/site-packages/airflow/example_dags/example_bash_operator.py took 0.146 seconds
[2025-02-22T22:16:45.518+0000] {processor.py:157} INFO - Started process (PID=1083) to work on /home/airflow/.local/lib/python3.10/site-packages/airflow/example_dags/example_bash_operator.py
[2025-02-22T22:16:45.520+0000] {processor.py:829} INFO - Processing file /home/airflow/.local/lib/python3.10/site-packages/airflow/example_dags/example_bash_operator.py for tasks to queue
[2025-02-22T22:16:45.523+0000] {logging_mixin.py:154} INFO - [2025-02-22T22:16:45.522+0000] {dagbag.py:536} INFO - Filling up the DagBag from /home/airflow/.local/lib/python3.10/site-packages/airflow/example_dags/example_bash_operator.py
[2025-02-22T22:16:45.536+0000] {processor.py:839} INFO - DAG(s) dict_keys(['example_bash_operator']) retrieved from /home/airflow/.local/lib/python3.10/site-packages/airflow/example_dags/example_bash_operator.py
[2025-02-22T22:16:45.649+0000] {logging_mixin.py:154} INFO - [2025-02-22T22:16:45.649+0000] {dag.py:2941} INFO - Sync 1 DAGs
[2025-02-22T22:16:45.703+0000] {logging_mixin.py:154} INFO - [2025-02-22T22:16:45.702+0000] {dag.py:3722} INFO - Setting next_dagrun for example_bash_operator to 2025-02-21T00:00:00+00:00, run_after=2025-02-22T00:00:00+00:00
[2025-02-22T22:16:45.740+0000] {processor.py:179} INFO - Processing /home/airflow/.local/lib/python3.10/site-packages/airflow/example_dags/example_bash_operator.py took 0.224 seconds
