[2025-02-22T21:47:20.079+0000] {processor.py:157} INFO - Started process (PID=80) to work on /home/airflow/.local/lib/python3.10/site-packages/airflow/example_dags/example_kubernetes_executor.py
[2025-02-22T21:47:20.086+0000] {processor.py:829} INFO - Processing file /home/airflow/.local/lib/python3.10/site-packages/airflow/example_dags/example_kubernetes_executor.py for tasks to queue
[2025-02-22T21:47:20.087+0000] {logging_mixin.py:154} INFO - [2025-02-22T21:47:20.087+0000] {dagbag.py:536} INFO - Filling up the DagBag from /home/airflow/.local/lib/python3.10/site-packages/airflow/example_dags/example_kubernetes_executor.py
[2025-02-22T21:47:20.114+0000] {processor.py:839} INFO - DAG(s) dict_keys(['example_kubernetes_executor']) retrieved from /home/airflow/.local/lib/python3.10/site-packages/airflow/example_dags/example_kubernetes_executor.py
[2025-02-22T21:47:20.364+0000] {logging_mixin.py:154} INFO - [2025-02-22T21:47:20.364+0000] {manager.py:499} INFO - Created Permission View: %s
[2025-02-22T21:47:20.381+0000] {logging_mixin.py:154} INFO - [2025-02-22T21:47:20.381+0000] {manager.py:499} INFO - Created Permission View: %s
[2025-02-22T21:47:20.399+0000] {logging_mixin.py:154} INFO - [2025-02-22T21:47:20.399+0000] {manager.py:499} INFO - Created Permission View: %s
[2025-02-22T21:47:20.400+0000] {logging_mixin.py:154} INFO - [2025-02-22T21:47:20.399+0000] {dag.py:2941} INFO - Sync 1 DAGs
[2025-02-22T21:47:20.415+0000] {logging_mixin.py:154} INFO - [2025-02-22T21:47:20.414+0000] {dag.py:2963} INFO - Creating ORM DAG for example_kubernetes_executor
[2025-02-22T21:47:20.416+0000] {logging_mixin.py:154} INFO - [2025-02-22T21:47:20.415+0000] {dag.py:3722} INFO - Setting next_dagrun for example_kubernetes_executor to None, run_after=None
[2025-02-22T21:47:20.448+0000] {processor.py:179} INFO - Processing /home/airflow/.local/lib/python3.10/site-packages/airflow/example_dags/example_kubernetes_executor.py took 0.371 seconds
[2025-02-22T21:49:00.631+0000] {processor.py:157} INFO - Started process (PID=73) to work on /home/airflow/.local/lib/python3.10/site-packages/airflow/example_dags/example_kubernetes_executor.py
[2025-02-22T21:49:00.634+0000] {processor.py:829} INFO - Processing file /home/airflow/.local/lib/python3.10/site-packages/airflow/example_dags/example_kubernetes_executor.py for tasks to queue
[2025-02-22T21:49:00.639+0000] {logging_mixin.py:154} INFO - [2025-02-22T21:49:00.638+0000] {dagbag.py:536} INFO - Filling up the DagBag from /home/airflow/.local/lib/python3.10/site-packages/airflow/example_dags/example_kubernetes_executor.py
[2025-02-22T21:49:00.655+0000] {processor.py:839} INFO - DAG(s) dict_keys(['example_kubernetes_executor']) retrieved from /home/airflow/.local/lib/python3.10/site-packages/airflow/example_dags/example_kubernetes_executor.py
[2025-02-22T21:49:00.735+0000] {logging_mixin.py:154} INFO - [2025-02-22T21:49:00.735+0000] {dag.py:2941} INFO - Sync 1 DAGs
[2025-02-22T21:49:00.752+0000] {logging_mixin.py:154} INFO - [2025-02-22T21:49:00.752+0000] {dag.py:3722} INFO - Setting next_dagrun for example_kubernetes_executor to None, run_after=None
[2025-02-22T21:49:00.778+0000] {processor.py:179} INFO - Processing /home/airflow/.local/lib/python3.10/site-packages/airflow/example_dags/example_kubernetes_executor.py took 0.149 seconds
[2025-02-22T21:56:51.297+0000] {processor.py:157} INFO - Started process (PID=73) to work on /home/airflow/.local/lib/python3.10/site-packages/airflow/example_dags/example_kubernetes_executor.py
[2025-02-22T21:56:51.300+0000] {processor.py:829} INFO - Processing file /home/airflow/.local/lib/python3.10/site-packages/airflow/example_dags/example_kubernetes_executor.py for tasks to queue
[2025-02-22T21:56:51.303+0000] {logging_mixin.py:154} INFO - [2025-02-22T21:56:51.303+0000] {dagbag.py:536} INFO - Filling up the DagBag from /home/airflow/.local/lib/python3.10/site-packages/airflow/example_dags/example_kubernetes_executor.py
[2025-02-22T21:56:51.320+0000] {processor.py:839} INFO - DAG(s) dict_keys(['example_kubernetes_executor']) retrieved from /home/airflow/.local/lib/python3.10/site-packages/airflow/example_dags/example_kubernetes_executor.py
[2025-02-22T21:56:51.409+0000] {logging_mixin.py:154} INFO - [2025-02-22T21:56:51.408+0000] {dag.py:2941} INFO - Sync 1 DAGs
[2025-02-22T21:56:51.437+0000] {logging_mixin.py:154} INFO - [2025-02-22T21:56:51.437+0000] {dag.py:3722} INFO - Setting next_dagrun for example_kubernetes_executor to None, run_after=None
[2025-02-22T21:56:51.475+0000] {processor.py:179} INFO - Processing /home/airflow/.local/lib/python3.10/site-packages/airflow/example_dags/example_kubernetes_executor.py took 0.180 seconds
[2025-02-22T21:57:21.622+0000] {processor.py:157} INFO - Started process (PID=141) to work on /home/airflow/.local/lib/python3.10/site-packages/airflow/example_dags/example_kubernetes_executor.py
[2025-02-22T21:57:21.622+0000] {processor.py:829} INFO - Processing file /home/airflow/.local/lib/python3.10/site-packages/airflow/example_dags/example_kubernetes_executor.py for tasks to queue
[2025-02-22T21:57:21.624+0000] {logging_mixin.py:154} INFO - [2025-02-22T21:57:21.623+0000] {dagbag.py:536} INFO - Filling up the DagBag from /home/airflow/.local/lib/python3.10/site-packages/airflow/example_dags/example_kubernetes_executor.py
[2025-02-22T21:57:21.636+0000] {processor.py:839} INFO - DAG(s) dict_keys(['example_kubernetes_executor']) retrieved from /home/airflow/.local/lib/python3.10/site-packages/airflow/example_dags/example_kubernetes_executor.py
[2025-02-22T21:57:21.722+0000] {logging_mixin.py:154} INFO - [2025-02-22T21:57:21.722+0000] {dag.py:2941} INFO - Sync 1 DAGs
[2025-02-22T21:57:21.734+0000] {logging_mixin.py:154} INFO - [2025-02-22T21:57:21.734+0000] {dag.py:3722} INFO - Setting next_dagrun for example_kubernetes_executor to None, run_after=None
[2025-02-22T21:57:21.752+0000] {processor.py:179} INFO - Processing /home/airflow/.local/lib/python3.10/site-packages/airflow/example_dags/example_kubernetes_executor.py took 0.132 seconds
[2025-02-22T21:59:55.706+0000] {processor.py:157} INFO - Started process (PID=80) to work on /home/airflow/.local/lib/python3.10/site-packages/airflow/example_dags/example_kubernetes_executor.py
[2025-02-22T21:59:55.708+0000] {processor.py:829} INFO - Processing file /home/airflow/.local/lib/python3.10/site-packages/airflow/example_dags/example_kubernetes_executor.py for tasks to queue
[2025-02-22T21:59:55.711+0000] {logging_mixin.py:154} INFO - [2025-02-22T21:59:55.710+0000] {dagbag.py:536} INFO - Filling up the DagBag from /home/airflow/.local/lib/python3.10/site-packages/airflow/example_dags/example_kubernetes_executor.py
[2025-02-22T21:59:55.745+0000] {processor.py:839} INFO - DAG(s) dict_keys(['example_kubernetes_executor']) retrieved from /home/airflow/.local/lib/python3.10/site-packages/airflow/example_dags/example_kubernetes_executor.py
[2025-02-22T21:59:55.908+0000] {logging_mixin.py:154} INFO - [2025-02-22T21:59:55.904+0000] {dag.py:2941} INFO - Sync 1 DAGs
[2025-02-22T21:59:55.951+0000] {logging_mixin.py:154} INFO - [2025-02-22T21:59:55.951+0000] {dag.py:3722} INFO - Setting next_dagrun for example_kubernetes_executor to None, run_after=None
[2025-02-22T21:59:55.994+0000] {processor.py:179} INFO - Processing /home/airflow/.local/lib/python3.10/site-packages/airflow/example_dags/example_kubernetes_executor.py took 0.293 seconds
[2025-02-22T22:00:27.028+0000] {processor.py:157} INFO - Started process (PID=141) to work on /home/airflow/.local/lib/python3.10/site-packages/airflow/example_dags/example_kubernetes_executor.py
[2025-02-22T22:00:27.029+0000] {processor.py:829} INFO - Processing file /home/airflow/.local/lib/python3.10/site-packages/airflow/example_dags/example_kubernetes_executor.py for tasks to queue
[2025-02-22T22:00:27.031+0000] {logging_mixin.py:154} INFO - [2025-02-22T22:00:27.031+0000] {dagbag.py:536} INFO - Filling up the DagBag from /home/airflow/.local/lib/python3.10/site-packages/airflow/example_dags/example_kubernetes_executor.py
[2025-02-22T22:00:27.049+0000] {processor.py:839} INFO - DAG(s) dict_keys(['example_kubernetes_executor']) retrieved from /home/airflow/.local/lib/python3.10/site-packages/airflow/example_dags/example_kubernetes_executor.py
[2025-02-22T22:00:27.140+0000] {logging_mixin.py:154} INFO - [2025-02-22T22:00:27.140+0000] {dag.py:2941} INFO - Sync 1 DAGs
[2025-02-22T22:00:27.152+0000] {logging_mixin.py:154} INFO - [2025-02-22T22:00:27.152+0000] {dag.py:3722} INFO - Setting next_dagrun for example_kubernetes_executor to None, run_after=None
[2025-02-22T22:00:27.172+0000] {processor.py:179} INFO - Processing /home/airflow/.local/lib/python3.10/site-packages/airflow/example_dags/example_kubernetes_executor.py took 0.147 seconds
[2025-02-22T22:00:57.449+0000] {processor.py:157} INFO - Started process (PID=202) to work on /home/airflow/.local/lib/python3.10/site-packages/airflow/example_dags/example_kubernetes_executor.py
[2025-02-22T22:00:57.451+0000] {processor.py:829} INFO - Processing file /home/airflow/.local/lib/python3.10/site-packages/airflow/example_dags/example_kubernetes_executor.py for tasks to queue
[2025-02-22T22:00:57.453+0000] {logging_mixin.py:154} INFO - [2025-02-22T22:00:57.453+0000] {dagbag.py:536} INFO - Filling up the DagBag from /home/airflow/.local/lib/python3.10/site-packages/airflow/example_dags/example_kubernetes_executor.py
[2025-02-22T22:00:57.475+0000] {processor.py:839} INFO - DAG(s) dict_keys(['example_kubernetes_executor']) retrieved from /home/airflow/.local/lib/python3.10/site-packages/airflow/example_dags/example_kubernetes_executor.py
[2025-02-22T22:00:57.568+0000] {logging_mixin.py:154} INFO - [2025-02-22T22:00:57.567+0000] {dag.py:2941} INFO - Sync 1 DAGs
[2025-02-22T22:00:57.581+0000] {logging_mixin.py:154} INFO - [2025-02-22T22:00:57.581+0000] {dag.py:3722} INFO - Setting next_dagrun for example_kubernetes_executor to None, run_after=None
[2025-02-22T22:00:57.603+0000] {processor.py:179} INFO - Processing /home/airflow/.local/lib/python3.10/site-packages/airflow/example_dags/example_kubernetes_executor.py took 0.156 seconds
[2025-02-22T22:01:27.886+0000] {processor.py:157} INFO - Started process (PID=270) to work on /home/airflow/.local/lib/python3.10/site-packages/airflow/example_dags/example_kubernetes_executor.py
[2025-02-22T22:01:27.887+0000] {processor.py:829} INFO - Processing file /home/airflow/.local/lib/python3.10/site-packages/airflow/example_dags/example_kubernetes_executor.py for tasks to queue
[2025-02-22T22:01:27.890+0000] {logging_mixin.py:154} INFO - [2025-02-22T22:01:27.890+0000] {dagbag.py:536} INFO - Filling up the DagBag from /home/airflow/.local/lib/python3.10/site-packages/airflow/example_dags/example_kubernetes_executor.py
[2025-02-22T22:01:27.905+0000] {processor.py:839} INFO - DAG(s) dict_keys(['example_kubernetes_executor']) retrieved from /home/airflow/.local/lib/python3.10/site-packages/airflow/example_dags/example_kubernetes_executor.py
[2025-02-22T22:01:27.990+0000] {logging_mixin.py:154} INFO - [2025-02-22T22:01:27.990+0000] {dag.py:2941} INFO - Sync 1 DAGs
[2025-02-22T22:01:28.002+0000] {logging_mixin.py:154} INFO - [2025-02-22T22:01:28.002+0000] {dag.py:3722} INFO - Setting next_dagrun for example_kubernetes_executor to None, run_after=None
[2025-02-22T22:01:28.021+0000] {processor.py:179} INFO - Processing /home/airflow/.local/lib/python3.10/site-packages/airflow/example_dags/example_kubernetes_executor.py took 0.138 seconds
[2025-02-22T22:01:58.471+0000] {processor.py:157} INFO - Started process (PID=335) to work on /home/airflow/.local/lib/python3.10/site-packages/airflow/example_dags/example_kubernetes_executor.py
[2025-02-22T22:01:58.473+0000] {processor.py:829} INFO - Processing file /home/airflow/.local/lib/python3.10/site-packages/airflow/example_dags/example_kubernetes_executor.py for tasks to queue
[2025-02-22T22:01:58.477+0000] {logging_mixin.py:154} INFO - [2025-02-22T22:01:58.476+0000] {dagbag.py:536} INFO - Filling up the DagBag from /home/airflow/.local/lib/python3.10/site-packages/airflow/example_dags/example_kubernetes_executor.py
[2025-02-22T22:01:58.497+0000] {processor.py:839} INFO - DAG(s) dict_keys(['example_kubernetes_executor']) retrieved from /home/airflow/.local/lib/python3.10/site-packages/airflow/example_dags/example_kubernetes_executor.py
[2025-02-22T22:01:58.610+0000] {logging_mixin.py:154} INFO - [2025-02-22T22:01:58.609+0000] {dag.py:2941} INFO - Sync 1 DAGs
[2025-02-22T22:01:58.634+0000] {logging_mixin.py:154} INFO - [2025-02-22T22:01:58.634+0000] {dag.py:3722} INFO - Setting next_dagrun for example_kubernetes_executor to None, run_after=None
[2025-02-22T22:01:58.673+0000] {processor.py:179} INFO - Processing /home/airflow/.local/lib/python3.10/site-packages/airflow/example_dags/example_kubernetes_executor.py took 0.206 seconds
[2025-02-22T22:02:29.469+0000] {processor.py:157} INFO - Started process (PID=397) to work on /home/airflow/.local/lib/python3.10/site-packages/airflow/example_dags/example_kubernetes_executor.py
[2025-02-22T22:02:29.470+0000] {processor.py:829} INFO - Processing file /home/airflow/.local/lib/python3.10/site-packages/airflow/example_dags/example_kubernetes_executor.py for tasks to queue
[2025-02-22T22:02:29.472+0000] {logging_mixin.py:154} INFO - [2025-02-22T22:02:29.472+0000] {dagbag.py:536} INFO - Filling up the DagBag from /home/airflow/.local/lib/python3.10/site-packages/airflow/example_dags/example_kubernetes_executor.py
[2025-02-22T22:02:29.486+0000] {processor.py:839} INFO - DAG(s) dict_keys(['example_kubernetes_executor']) retrieved from /home/airflow/.local/lib/python3.10/site-packages/airflow/example_dags/example_kubernetes_executor.py
[2025-02-22T22:02:29.569+0000] {logging_mixin.py:154} INFO - [2025-02-22T22:02:29.569+0000] {dag.py:2941} INFO - Sync 1 DAGs
[2025-02-22T22:02:29.581+0000] {logging_mixin.py:154} INFO - [2025-02-22T22:02:29.581+0000] {dag.py:3722} INFO - Setting next_dagrun for example_kubernetes_executor to None, run_after=None
[2025-02-22T22:02:29.601+0000] {processor.py:179} INFO - Processing /home/airflow/.local/lib/python3.10/site-packages/airflow/example_dags/example_kubernetes_executor.py took 0.135 seconds
[2025-02-22T22:03:00.319+0000] {processor.py:157} INFO - Started process (PID=465) to work on /home/airflow/.local/lib/python3.10/site-packages/airflow/example_dags/example_kubernetes_executor.py
[2025-02-22T22:03:00.342+0000] {processor.py:829} INFO - Processing file /home/airflow/.local/lib/python3.10/site-packages/airflow/example_dags/example_kubernetes_executor.py for tasks to queue
[2025-02-22T22:03:00.373+0000] {logging_mixin.py:154} INFO - [2025-02-22T22:03:00.372+0000] {dagbag.py:536} INFO - Filling up the DagBag from /home/airflow/.local/lib/python3.10/site-packages/airflow/example_dags/example_kubernetes_executor.py
[2025-02-22T22:03:00.510+0000] {processor.py:839} INFO - DAG(s) dict_keys(['example_kubernetes_executor']) retrieved from /home/airflow/.local/lib/python3.10/site-packages/airflow/example_dags/example_kubernetes_executor.py
[2025-02-22T22:03:00.880+0000] {logging_mixin.py:154} INFO - [2025-02-22T22:03:00.879+0000] {dag.py:2941} INFO - Sync 1 DAGs
[2025-02-22T22:03:00.940+0000] {logging_mixin.py:154} INFO - [2025-02-22T22:03:00.937+0000] {dag.py:3722} INFO - Setting next_dagrun for example_kubernetes_executor to None, run_after=None
[2025-02-22T22:03:01.037+0000] {processor.py:179} INFO - Processing /home/airflow/.local/lib/python3.10/site-packages/airflow/example_dags/example_kubernetes_executor.py took 0.768 seconds
[2025-02-22T22:03:43.798+0000] {processor.py:157} INFO - Started process (PID=74) to work on /home/airflow/.local/lib/python3.10/site-packages/airflow/example_dags/example_kubernetes_executor.py
[2025-02-22T22:03:43.801+0000] {processor.py:829} INFO - Processing file /home/airflow/.local/lib/python3.10/site-packages/airflow/example_dags/example_kubernetes_executor.py for tasks to queue
[2025-02-22T22:03:43.807+0000] {logging_mixin.py:154} INFO - [2025-02-22T22:03:43.806+0000] {dagbag.py:536} INFO - Filling up the DagBag from /home/airflow/.local/lib/python3.10/site-packages/airflow/example_dags/example_kubernetes_executor.py
[2025-02-22T22:03:43.842+0000] {processor.py:839} INFO - DAG(s) dict_keys(['example_kubernetes_executor']) retrieved from /home/airflow/.local/lib/python3.10/site-packages/airflow/example_dags/example_kubernetes_executor.py
[2025-02-22T22:03:43.932+0000] {logging_mixin.py:154} INFO - [2025-02-22T22:03:43.931+0000] {dag.py:2941} INFO - Sync 1 DAGs
[2025-02-22T22:03:43.951+0000] {logging_mixin.py:154} INFO - [2025-02-22T22:03:43.951+0000] {dag.py:3722} INFO - Setting next_dagrun for example_kubernetes_executor to None, run_after=None
[2025-02-22T22:03:43.998+0000] {processor.py:179} INFO - Processing /home/airflow/.local/lib/python3.10/site-packages/airflow/example_dags/example_kubernetes_executor.py took 0.203 seconds
[2025-02-22T22:04:14.844+0000] {processor.py:157} INFO - Started process (PID=142) to work on /home/airflow/.local/lib/python3.10/site-packages/airflow/example_dags/example_kubernetes_executor.py
[2025-02-22T22:04:14.846+0000] {processor.py:829} INFO - Processing file /home/airflow/.local/lib/python3.10/site-packages/airflow/example_dags/example_kubernetes_executor.py for tasks to queue
[2025-02-22T22:04:14.849+0000] {logging_mixin.py:154} INFO - [2025-02-22T22:04:14.848+0000] {dagbag.py:536} INFO - Filling up the DagBag from /home/airflow/.local/lib/python3.10/site-packages/airflow/example_dags/example_kubernetes_executor.py
[2025-02-22T22:04:14.861+0000] {processor.py:839} INFO - DAG(s) dict_keys(['example_kubernetes_executor']) retrieved from /home/airflow/.local/lib/python3.10/site-packages/airflow/example_dags/example_kubernetes_executor.py
[2025-02-22T22:04:14.948+0000] {logging_mixin.py:154} INFO - [2025-02-22T22:04:14.948+0000] {dag.py:2941} INFO - Sync 1 DAGs
[2025-02-22T22:04:14.962+0000] {logging_mixin.py:154} INFO - [2025-02-22T22:04:14.962+0000] {dag.py:3722} INFO - Setting next_dagrun for example_kubernetes_executor to None, run_after=None
[2025-02-22T22:04:14.984+0000] {processor.py:179} INFO - Processing /home/airflow/.local/lib/python3.10/site-packages/airflow/example_dags/example_kubernetes_executor.py took 0.143 seconds
[2025-02-22T22:04:45.039+0000] {processor.py:157} INFO - Started process (PID=203) to work on /home/airflow/.local/lib/python3.10/site-packages/airflow/example_dags/example_kubernetes_executor.py
[2025-02-22T22:04:45.040+0000] {processor.py:829} INFO - Processing file /home/airflow/.local/lib/python3.10/site-packages/airflow/example_dags/example_kubernetes_executor.py for tasks to queue
[2025-02-22T22:04:45.042+0000] {logging_mixin.py:154} INFO - [2025-02-22T22:04:45.042+0000] {dagbag.py:536} INFO - Filling up the DagBag from /home/airflow/.local/lib/python3.10/site-packages/airflow/example_dags/example_kubernetes_executor.py
[2025-02-22T22:04:45.063+0000] {processor.py:839} INFO - DAG(s) dict_keys(['example_kubernetes_executor']) retrieved from /home/airflow/.local/lib/python3.10/site-packages/airflow/example_dags/example_kubernetes_executor.py
[2025-02-22T22:04:45.150+0000] {logging_mixin.py:154} INFO - [2025-02-22T22:04:45.150+0000] {dag.py:2941} INFO - Sync 1 DAGs
[2025-02-22T22:04:45.171+0000] {logging_mixin.py:154} INFO - [2025-02-22T22:04:45.170+0000] {dag.py:3722} INFO - Setting next_dagrun for example_kubernetes_executor to None, run_after=None
[2025-02-22T22:04:45.193+0000] {processor.py:179} INFO - Processing /home/airflow/.local/lib/python3.10/site-packages/airflow/example_dags/example_kubernetes_executor.py took 0.157 seconds
[2025-02-22T22:05:15.707+0000] {processor.py:157} INFO - Started process (PID=271) to work on /home/airflow/.local/lib/python3.10/site-packages/airflow/example_dags/example_kubernetes_executor.py
[2025-02-22T22:05:15.710+0000] {processor.py:829} INFO - Processing file /home/airflow/.local/lib/python3.10/site-packages/airflow/example_dags/example_kubernetes_executor.py for tasks to queue
[2025-02-22T22:05:15.712+0000] {logging_mixin.py:154} INFO - [2025-02-22T22:05:15.712+0000] {dagbag.py:536} INFO - Filling up the DagBag from /home/airflow/.local/lib/python3.10/site-packages/airflow/example_dags/example_kubernetes_executor.py
[2025-02-22T22:05:15.723+0000] {processor.py:839} INFO - DAG(s) dict_keys(['example_kubernetes_executor']) retrieved from /home/airflow/.local/lib/python3.10/site-packages/airflow/example_dags/example_kubernetes_executor.py
[2025-02-22T22:05:15.809+0000] {logging_mixin.py:154} INFO - [2025-02-22T22:05:15.808+0000] {dag.py:2941} INFO - Sync 1 DAGs
[2025-02-22T22:05:15.821+0000] {logging_mixin.py:154} INFO - [2025-02-22T22:05:15.821+0000] {dag.py:3722} INFO - Setting next_dagrun for example_kubernetes_executor to None, run_after=None
[2025-02-22T22:05:15.842+0000] {processor.py:179} INFO - Processing /home/airflow/.local/lib/python3.10/site-packages/airflow/example_dags/example_kubernetes_executor.py took 0.137 seconds
[2025-02-22T22:05:46.178+0000] {processor.py:157} INFO - Started process (PID=332) to work on /home/airflow/.local/lib/python3.10/site-packages/airflow/example_dags/example_kubernetes_executor.py
[2025-02-22T22:05:46.182+0000] {processor.py:829} INFO - Processing file /home/airflow/.local/lib/python3.10/site-packages/airflow/example_dags/example_kubernetes_executor.py for tasks to queue
[2025-02-22T22:05:46.184+0000] {logging_mixin.py:154} INFO - [2025-02-22T22:05:46.184+0000] {dagbag.py:536} INFO - Filling up the DagBag from /home/airflow/.local/lib/python3.10/site-packages/airflow/example_dags/example_kubernetes_executor.py
[2025-02-22T22:05:46.199+0000] {processor.py:839} INFO - DAG(s) dict_keys(['example_kubernetes_executor']) retrieved from /home/airflow/.local/lib/python3.10/site-packages/airflow/example_dags/example_kubernetes_executor.py
[2025-02-22T22:05:46.291+0000] {logging_mixin.py:154} INFO - [2025-02-22T22:05:46.290+0000] {dag.py:2941} INFO - Sync 1 DAGs
[2025-02-22T22:05:46.305+0000] {logging_mixin.py:154} INFO - [2025-02-22T22:05:46.305+0000] {dag.py:3722} INFO - Setting next_dagrun for example_kubernetes_executor to None, run_after=None
[2025-02-22T22:05:46.325+0000] {processor.py:179} INFO - Processing /home/airflow/.local/lib/python3.10/site-packages/airflow/example_dags/example_kubernetes_executor.py took 0.148 seconds
[2025-02-22T22:06:16.579+0000] {processor.py:157} INFO - Started process (PID=400) to work on /home/airflow/.local/lib/python3.10/site-packages/airflow/example_dags/example_kubernetes_executor.py
[2025-02-22T22:06:16.580+0000] {processor.py:829} INFO - Processing file /home/airflow/.local/lib/python3.10/site-packages/airflow/example_dags/example_kubernetes_executor.py for tasks to queue
[2025-02-22T22:06:16.583+0000] {logging_mixin.py:154} INFO - [2025-02-22T22:06:16.583+0000] {dagbag.py:536} INFO - Filling up the DagBag from /home/airflow/.local/lib/python3.10/site-packages/airflow/example_dags/example_kubernetes_executor.py
[2025-02-22T22:06:16.596+0000] {processor.py:839} INFO - DAG(s) dict_keys(['example_kubernetes_executor']) retrieved from /home/airflow/.local/lib/python3.10/site-packages/airflow/example_dags/example_kubernetes_executor.py
[2025-02-22T22:06:16.679+0000] {logging_mixin.py:154} INFO - [2025-02-22T22:06:16.679+0000] {dag.py:2941} INFO - Sync 1 DAGs
[2025-02-22T22:06:16.692+0000] {logging_mixin.py:154} INFO - [2025-02-22T22:06:16.692+0000] {dag.py:3722} INFO - Setting next_dagrun for example_kubernetes_executor to None, run_after=None
[2025-02-22T22:06:16.714+0000] {processor.py:179} INFO - Processing /home/airflow/.local/lib/python3.10/site-packages/airflow/example_dags/example_kubernetes_executor.py took 0.137 seconds
[2025-02-22T22:06:47.363+0000] {processor.py:157} INFO - Started process (PID=461) to work on /home/airflow/.local/lib/python3.10/site-packages/airflow/example_dags/example_kubernetes_executor.py
[2025-02-22T22:06:47.365+0000] {processor.py:829} INFO - Processing file /home/airflow/.local/lib/python3.10/site-packages/airflow/example_dags/example_kubernetes_executor.py for tasks to queue
[2025-02-22T22:06:47.366+0000] {logging_mixin.py:154} INFO - [2025-02-22T22:06:47.366+0000] {dagbag.py:536} INFO - Filling up the DagBag from /home/airflow/.local/lib/python3.10/site-packages/airflow/example_dags/example_kubernetes_executor.py
[2025-02-22T22:06:47.378+0000] {processor.py:839} INFO - DAG(s) dict_keys(['example_kubernetes_executor']) retrieved from /home/airflow/.local/lib/python3.10/site-packages/airflow/example_dags/example_kubernetes_executor.py
[2025-02-22T22:06:47.464+0000] {logging_mixin.py:154} INFO - [2025-02-22T22:06:47.464+0000] {dag.py:2941} INFO - Sync 1 DAGs
[2025-02-22T22:06:47.479+0000] {logging_mixin.py:154} INFO - [2025-02-22T22:06:47.479+0000] {dag.py:3722} INFO - Setting next_dagrun for example_kubernetes_executor to None, run_after=None
[2025-02-22T22:06:47.506+0000] {processor.py:179} INFO - Processing /home/airflow/.local/lib/python3.10/site-packages/airflow/example_dags/example_kubernetes_executor.py took 0.145 seconds
[2025-02-22T22:07:17.980+0000] {processor.py:157} INFO - Started process (PID=529) to work on /home/airflow/.local/lib/python3.10/site-packages/airflow/example_dags/example_kubernetes_executor.py
[2025-02-22T22:07:17.982+0000] {processor.py:829} INFO - Processing file /home/airflow/.local/lib/python3.10/site-packages/airflow/example_dags/example_kubernetes_executor.py for tasks to queue
[2025-02-22T22:07:17.984+0000] {logging_mixin.py:154} INFO - [2025-02-22T22:07:17.984+0000] {dagbag.py:536} INFO - Filling up the DagBag from /home/airflow/.local/lib/python3.10/site-packages/airflow/example_dags/example_kubernetes_executor.py
[2025-02-22T22:07:17.998+0000] {processor.py:839} INFO - DAG(s) dict_keys(['example_kubernetes_executor']) retrieved from /home/airflow/.local/lib/python3.10/site-packages/airflow/example_dags/example_kubernetes_executor.py
[2025-02-22T22:07:18.082+0000] {logging_mixin.py:154} INFO - [2025-02-22T22:07:18.082+0000] {dag.py:2941} INFO - Sync 1 DAGs
[2025-02-22T22:07:18.095+0000] {logging_mixin.py:154} INFO - [2025-02-22T22:07:18.095+0000] {dag.py:3722} INFO - Setting next_dagrun for example_kubernetes_executor to None, run_after=None
[2025-02-22T22:07:18.115+0000] {processor.py:179} INFO - Processing /home/airflow/.local/lib/python3.10/site-packages/airflow/example_dags/example_kubernetes_executor.py took 0.137 seconds
[2025-02-22T22:07:48.402+0000] {processor.py:157} INFO - Started process (PID=597) to work on /home/airflow/.local/lib/python3.10/site-packages/airflow/example_dags/example_kubernetes_executor.py
[2025-02-22T22:07:48.403+0000] {processor.py:829} INFO - Processing file /home/airflow/.local/lib/python3.10/site-packages/airflow/example_dags/example_kubernetes_executor.py for tasks to queue
[2025-02-22T22:07:48.405+0000] {logging_mixin.py:154} INFO - [2025-02-22T22:07:48.404+0000] {dagbag.py:536} INFO - Filling up the DagBag from /home/airflow/.local/lib/python3.10/site-packages/airflow/example_dags/example_kubernetes_executor.py
[2025-02-22T22:07:48.417+0000] {processor.py:839} INFO - DAG(s) dict_keys(['example_kubernetes_executor']) retrieved from /home/airflow/.local/lib/python3.10/site-packages/airflow/example_dags/example_kubernetes_executor.py
[2025-02-22T22:07:48.511+0000] {logging_mixin.py:154} INFO - [2025-02-22T22:07:48.511+0000] {dag.py:2941} INFO - Sync 1 DAGs
[2025-02-22T22:07:48.525+0000] {logging_mixin.py:154} INFO - [2025-02-22T22:07:48.525+0000] {dag.py:3722} INFO - Setting next_dagrun for example_kubernetes_executor to None, run_after=None
[2025-02-22T22:07:48.548+0000] {processor.py:179} INFO - Processing /home/airflow/.local/lib/python3.10/site-packages/airflow/example_dags/example_kubernetes_executor.py took 0.149 seconds
[2025-02-22T22:08:39.837+0000] {processor.py:157} INFO - Started process (PID=79) to work on /home/airflow/.local/lib/python3.10/site-packages/airflow/example_dags/example_kubernetes_executor.py
[2025-02-22T22:08:39.848+0000] {processor.py:829} INFO - Processing file /home/airflow/.local/lib/python3.10/site-packages/airflow/example_dags/example_kubernetes_executor.py for tasks to queue
[2025-02-22T22:08:39.857+0000] {logging_mixin.py:154} INFO - [2025-02-22T22:08:39.856+0000] {dagbag.py:536} INFO - Filling up the DagBag from /home/airflow/.local/lib/python3.10/site-packages/airflow/example_dags/example_kubernetes_executor.py
[2025-02-22T22:08:39.932+0000] {processor.py:839} INFO - DAG(s) dict_keys(['example_kubernetes_executor']) retrieved from /home/airflow/.local/lib/python3.10/site-packages/airflow/example_dags/example_kubernetes_executor.py
[2025-02-22T22:08:40.038+0000] {logging_mixin.py:154} INFO - [2025-02-22T22:08:40.038+0000] {dag.py:2941} INFO - Sync 1 DAGs
[2025-02-22T22:08:40.072+0000] {logging_mixin.py:154} INFO - [2025-02-22T22:08:40.072+0000] {dag.py:3722} INFO - Setting next_dagrun for example_kubernetes_executor to None, run_after=None
[2025-02-22T22:08:40.110+0000] {processor.py:179} INFO - Processing /home/airflow/.local/lib/python3.10/site-packages/airflow/example_dags/example_kubernetes_executor.py took 0.291 seconds
[2025-02-22T22:09:10.141+0000] {processor.py:157} INFO - Started process (PID=140) to work on /home/airflow/.local/lib/python3.10/site-packages/airflow/example_dags/example_kubernetes_executor.py
[2025-02-22T22:09:10.142+0000] {processor.py:829} INFO - Processing file /home/airflow/.local/lib/python3.10/site-packages/airflow/example_dags/example_kubernetes_executor.py for tasks to queue
[2025-02-22T22:09:10.144+0000] {logging_mixin.py:154} INFO - [2025-02-22T22:09:10.143+0000] {dagbag.py:536} INFO - Filling up the DagBag from /home/airflow/.local/lib/python3.10/site-packages/airflow/example_dags/example_kubernetes_executor.py
[2025-02-22T22:09:10.155+0000] {processor.py:839} INFO - DAG(s) dict_keys(['example_kubernetes_executor']) retrieved from /home/airflow/.local/lib/python3.10/site-packages/airflow/example_dags/example_kubernetes_executor.py
[2025-02-22T22:09:10.235+0000] {logging_mixin.py:154} INFO - [2025-02-22T22:09:10.234+0000] {dag.py:2941} INFO - Sync 1 DAGs
[2025-02-22T22:09:10.246+0000] {logging_mixin.py:154} INFO - [2025-02-22T22:09:10.246+0000] {dag.py:3722} INFO - Setting next_dagrun for example_kubernetes_executor to None, run_after=None
[2025-02-22T22:09:10.262+0000] {processor.py:179} INFO - Processing /home/airflow/.local/lib/python3.10/site-packages/airflow/example_dags/example_kubernetes_executor.py took 0.123 seconds
[2025-02-22T22:09:40.309+0000] {processor.py:157} INFO - Started process (PID=207) to work on /home/airflow/.local/lib/python3.10/site-packages/airflow/example_dags/example_kubernetes_executor.py
[2025-02-22T22:09:40.310+0000] {processor.py:829} INFO - Processing file /home/airflow/.local/lib/python3.10/site-packages/airflow/example_dags/example_kubernetes_executor.py for tasks to queue
[2025-02-22T22:09:40.312+0000] {logging_mixin.py:154} INFO - [2025-02-22T22:09:40.311+0000] {dagbag.py:536} INFO - Filling up the DagBag from /home/airflow/.local/lib/python3.10/site-packages/airflow/example_dags/example_kubernetes_executor.py
[2025-02-22T22:09:40.324+0000] {processor.py:839} INFO - DAG(s) dict_keys(['example_kubernetes_executor']) retrieved from /home/airflow/.local/lib/python3.10/site-packages/airflow/example_dags/example_kubernetes_executor.py
[2025-02-22T22:09:40.417+0000] {logging_mixin.py:154} INFO - [2025-02-22T22:09:40.416+0000] {dag.py:2941} INFO - Sync 1 DAGs
[2025-02-22T22:09:40.432+0000] {logging_mixin.py:154} INFO - [2025-02-22T22:09:40.431+0000] {dag.py:3722} INFO - Setting next_dagrun for example_kubernetes_executor to None, run_after=None
[2025-02-22T22:09:40.452+0000] {processor.py:179} INFO - Processing /home/airflow/.local/lib/python3.10/site-packages/airflow/example_dags/example_kubernetes_executor.py took 0.145 seconds
[2025-02-22T22:10:10.549+0000] {processor.py:157} INFO - Started process (PID=268) to work on /home/airflow/.local/lib/python3.10/site-packages/airflow/example_dags/example_kubernetes_executor.py
[2025-02-22T22:10:10.550+0000] {processor.py:829} INFO - Processing file /home/airflow/.local/lib/python3.10/site-packages/airflow/example_dags/example_kubernetes_executor.py for tasks to queue
[2025-02-22T22:10:10.552+0000] {logging_mixin.py:154} INFO - [2025-02-22T22:10:10.551+0000] {dagbag.py:536} INFO - Filling up the DagBag from /home/airflow/.local/lib/python3.10/site-packages/airflow/example_dags/example_kubernetes_executor.py
[2025-02-22T22:10:10.562+0000] {processor.py:839} INFO - DAG(s) dict_keys(['example_kubernetes_executor']) retrieved from /home/airflow/.local/lib/python3.10/site-packages/airflow/example_dags/example_kubernetes_executor.py
[2025-02-22T22:10:10.640+0000] {logging_mixin.py:154} INFO - [2025-02-22T22:10:10.640+0000] {dag.py:2941} INFO - Sync 1 DAGs
[2025-02-22T22:10:10.652+0000] {logging_mixin.py:154} INFO - [2025-02-22T22:10:10.651+0000] {dag.py:3722} INFO - Setting next_dagrun for example_kubernetes_executor to None, run_after=None
[2025-02-22T22:10:10.669+0000] {processor.py:179} INFO - Processing /home/airflow/.local/lib/python3.10/site-packages/airflow/example_dags/example_kubernetes_executor.py took 0.121 seconds
[2025-02-22T22:10:40.706+0000] {processor.py:157} INFO - Started process (PID=329) to work on /home/airflow/.local/lib/python3.10/site-packages/airflow/example_dags/example_kubernetes_executor.py
[2025-02-22T22:10:40.707+0000] {processor.py:829} INFO - Processing file /home/airflow/.local/lib/python3.10/site-packages/airflow/example_dags/example_kubernetes_executor.py for tasks to queue
[2025-02-22T22:10:40.709+0000] {logging_mixin.py:154} INFO - [2025-02-22T22:10:40.709+0000] {dagbag.py:536} INFO - Filling up the DagBag from /home/airflow/.local/lib/python3.10/site-packages/airflow/example_dags/example_kubernetes_executor.py
[2025-02-22T22:10:40.720+0000] {processor.py:839} INFO - DAG(s) dict_keys(['example_kubernetes_executor']) retrieved from /home/airflow/.local/lib/python3.10/site-packages/airflow/example_dags/example_kubernetes_executor.py
[2025-02-22T22:10:40.794+0000] {logging_mixin.py:154} INFO - [2025-02-22T22:10:40.793+0000] {dag.py:2941} INFO - Sync 1 DAGs
[2025-02-22T22:10:40.806+0000] {logging_mixin.py:154} INFO - [2025-02-22T22:10:40.805+0000] {dag.py:3722} INFO - Setting next_dagrun for example_kubernetes_executor to None, run_after=None
[2025-02-22T22:10:40.825+0000] {processor.py:179} INFO - Processing /home/airflow/.local/lib/python3.10/site-packages/airflow/example_dags/example_kubernetes_executor.py took 0.120 seconds
[2025-02-22T22:11:11.182+0000] {processor.py:157} INFO - Started process (PID=395) to work on /home/airflow/.local/lib/python3.10/site-packages/airflow/example_dags/example_kubernetes_executor.py
[2025-02-22T22:11:11.182+0000] {processor.py:829} INFO - Processing file /home/airflow/.local/lib/python3.10/site-packages/airflow/example_dags/example_kubernetes_executor.py for tasks to queue
[2025-02-22T22:11:11.184+0000] {logging_mixin.py:154} INFO - [2025-02-22T22:11:11.184+0000] {dagbag.py:536} INFO - Filling up the DagBag from /home/airflow/.local/lib/python3.10/site-packages/airflow/example_dags/example_kubernetes_executor.py
[2025-02-22T22:11:11.194+0000] {processor.py:839} INFO - DAG(s) dict_keys(['example_kubernetes_executor']) retrieved from /home/airflow/.local/lib/python3.10/site-packages/airflow/example_dags/example_kubernetes_executor.py
[2025-02-22T22:11:11.274+0000] {logging_mixin.py:154} INFO - [2025-02-22T22:11:11.274+0000] {dag.py:2941} INFO - Sync 1 DAGs
[2025-02-22T22:11:11.286+0000] {logging_mixin.py:154} INFO - [2025-02-22T22:11:11.286+0000] {dag.py:3722} INFO - Setting next_dagrun for example_kubernetes_executor to None, run_after=None
[2025-02-22T22:11:11.308+0000] {processor.py:179} INFO - Processing /home/airflow/.local/lib/python3.10/site-packages/airflow/example_dags/example_kubernetes_executor.py took 0.129 seconds
[2025-02-22T22:11:42.001+0000] {processor.py:157} INFO - Started process (PID=456) to work on /home/airflow/.local/lib/python3.10/site-packages/airflow/example_dags/example_kubernetes_executor.py
[2025-02-22T22:11:42.003+0000] {processor.py:829} INFO - Processing file /home/airflow/.local/lib/python3.10/site-packages/airflow/example_dags/example_kubernetes_executor.py for tasks to queue
[2025-02-22T22:11:42.005+0000] {logging_mixin.py:154} INFO - [2025-02-22T22:11:42.005+0000] {dagbag.py:536} INFO - Filling up the DagBag from /home/airflow/.local/lib/python3.10/site-packages/airflow/example_dags/example_kubernetes_executor.py
[2025-02-22T22:11:42.018+0000] {processor.py:839} INFO - DAG(s) dict_keys(['example_kubernetes_executor']) retrieved from /home/airflow/.local/lib/python3.10/site-packages/airflow/example_dags/example_kubernetes_executor.py
[2025-02-22T22:11:42.101+0000] {logging_mixin.py:154} INFO - [2025-02-22T22:11:42.101+0000] {dag.py:2941} INFO - Sync 1 DAGs
[2025-02-22T22:11:42.117+0000] {logging_mixin.py:154} INFO - [2025-02-22T22:11:42.116+0000] {dag.py:3722} INFO - Setting next_dagrun for example_kubernetes_executor to None, run_after=None
[2025-02-22T22:11:42.140+0000] {processor.py:179} INFO - Processing /home/airflow/.local/lib/python3.10/site-packages/airflow/example_dags/example_kubernetes_executor.py took 0.143 seconds
[2025-02-22T22:12:12.806+0000] {processor.py:157} INFO - Started process (PID=524) to work on /home/airflow/.local/lib/python3.10/site-packages/airflow/example_dags/example_kubernetes_executor.py
[2025-02-22T22:12:12.806+0000] {processor.py:829} INFO - Processing file /home/airflow/.local/lib/python3.10/site-packages/airflow/example_dags/example_kubernetes_executor.py for tasks to queue
[2025-02-22T22:12:12.808+0000] {logging_mixin.py:154} INFO - [2025-02-22T22:12:12.808+0000] {dagbag.py:536} INFO - Filling up the DagBag from /home/airflow/.local/lib/python3.10/site-packages/airflow/example_dags/example_kubernetes_executor.py
[2025-02-22T22:12:12.818+0000] {processor.py:839} INFO - DAG(s) dict_keys(['example_kubernetes_executor']) retrieved from /home/airflow/.local/lib/python3.10/site-packages/airflow/example_dags/example_kubernetes_executor.py
[2025-02-22T22:12:12.899+0000] {logging_mixin.py:154} INFO - [2025-02-22T22:12:12.898+0000] {dag.py:2941} INFO - Sync 1 DAGs
[2025-02-22T22:12:12.911+0000] {logging_mixin.py:154} INFO - [2025-02-22T22:12:12.910+0000] {dag.py:3722} INFO - Setting next_dagrun for example_kubernetes_executor to None, run_after=None
[2025-02-22T22:12:12.929+0000] {processor.py:179} INFO - Processing /home/airflow/.local/lib/python3.10/site-packages/airflow/example_dags/example_kubernetes_executor.py took 0.125 seconds
[2025-02-22T22:12:44.094+0000] {processor.py:157} INFO - Started process (PID=591) to work on /home/airflow/.local/lib/python3.10/site-packages/airflow/example_dags/example_kubernetes_executor.py
[2025-02-22T22:12:44.099+0000] {processor.py:829} INFO - Processing file /home/airflow/.local/lib/python3.10/site-packages/airflow/example_dags/example_kubernetes_executor.py for tasks to queue
[2025-02-22T22:12:44.103+0000] {logging_mixin.py:154} INFO - [2025-02-22T22:12:44.102+0000] {dagbag.py:536} INFO - Filling up the DagBag from /home/airflow/.local/lib/python3.10/site-packages/airflow/example_dags/example_kubernetes_executor.py
[2025-02-22T22:12:44.142+0000] {processor.py:839} INFO - DAG(s) dict_keys(['example_kubernetes_executor']) retrieved from /home/airflow/.local/lib/python3.10/site-packages/airflow/example_dags/example_kubernetes_executor.py
[2025-02-22T22:12:44.267+0000] {logging_mixin.py:154} INFO - [2025-02-22T22:12:44.267+0000] {dag.py:2941} INFO - Sync 1 DAGs
[2025-02-22T22:12:44.292+0000] {logging_mixin.py:154} INFO - [2025-02-22T22:12:44.291+0000] {dag.py:3722} INFO - Setting next_dagrun for example_kubernetes_executor to None, run_after=None
[2025-02-22T22:12:44.335+0000] {processor.py:179} INFO - Processing /home/airflow/.local/lib/python3.10/site-packages/airflow/example_dags/example_kubernetes_executor.py took 0.245 seconds
[2025-02-22T22:13:14.938+0000] {processor.py:157} INFO - Started process (PID=652) to work on /home/airflow/.local/lib/python3.10/site-packages/airflow/example_dags/example_kubernetes_executor.py
[2025-02-22T22:13:14.939+0000] {processor.py:829} INFO - Processing file /home/airflow/.local/lib/python3.10/site-packages/airflow/example_dags/example_kubernetes_executor.py for tasks to queue
[2025-02-22T22:13:14.941+0000] {logging_mixin.py:154} INFO - [2025-02-22T22:13:14.941+0000] {dagbag.py:536} INFO - Filling up the DagBag from /home/airflow/.local/lib/python3.10/site-packages/airflow/example_dags/example_kubernetes_executor.py
[2025-02-22T22:13:14.952+0000] {processor.py:839} INFO - DAG(s) dict_keys(['example_kubernetes_executor']) retrieved from /home/airflow/.local/lib/python3.10/site-packages/airflow/example_dags/example_kubernetes_executor.py
[2025-02-22T22:13:15.039+0000] {logging_mixin.py:154} INFO - [2025-02-22T22:13:15.039+0000] {dag.py:2941} INFO - Sync 1 DAGs
[2025-02-22T22:13:15.052+0000] {logging_mixin.py:154} INFO - [2025-02-22T22:13:15.052+0000] {dag.py:3722} INFO - Setting next_dagrun for example_kubernetes_executor to None, run_after=None
[2025-02-22T22:13:15.075+0000] {processor.py:179} INFO - Processing /home/airflow/.local/lib/python3.10/site-packages/airflow/example_dags/example_kubernetes_executor.py took 0.139 seconds
[2025-02-22T22:13:45.421+0000] {processor.py:157} INFO - Started process (PID=720) to work on /home/airflow/.local/lib/python3.10/site-packages/airflow/example_dags/example_kubernetes_executor.py
[2025-02-22T22:13:45.422+0000] {processor.py:829} INFO - Processing file /home/airflow/.local/lib/python3.10/site-packages/airflow/example_dags/example_kubernetes_executor.py for tasks to queue
[2025-02-22T22:13:45.424+0000] {logging_mixin.py:154} INFO - [2025-02-22T22:13:45.424+0000] {dagbag.py:536} INFO - Filling up the DagBag from /home/airflow/.local/lib/python3.10/site-packages/airflow/example_dags/example_kubernetes_executor.py
[2025-02-22T22:13:45.435+0000] {processor.py:839} INFO - DAG(s) dict_keys(['example_kubernetes_executor']) retrieved from /home/airflow/.local/lib/python3.10/site-packages/airflow/example_dags/example_kubernetes_executor.py
[2025-02-22T22:13:45.513+0000] {logging_mixin.py:154} INFO - [2025-02-22T22:13:45.513+0000] {dag.py:2941} INFO - Sync 1 DAGs
[2025-02-22T22:13:45.526+0000] {logging_mixin.py:154} INFO - [2025-02-22T22:13:45.526+0000] {dag.py:3722} INFO - Setting next_dagrun for example_kubernetes_executor to None, run_after=None
[2025-02-22T22:13:45.544+0000] {processor.py:179} INFO - Processing /home/airflow/.local/lib/python3.10/site-packages/airflow/example_dags/example_kubernetes_executor.py took 0.125 seconds
[2025-02-22T22:14:15.729+0000] {processor.py:157} INFO - Started process (PID=781) to work on /home/airflow/.local/lib/python3.10/site-packages/airflow/example_dags/example_kubernetes_executor.py
[2025-02-22T22:14:15.731+0000] {processor.py:829} INFO - Processing file /home/airflow/.local/lib/python3.10/site-packages/airflow/example_dags/example_kubernetes_executor.py for tasks to queue
[2025-02-22T22:14:15.732+0000] {logging_mixin.py:154} INFO - [2025-02-22T22:14:15.732+0000] {dagbag.py:536} INFO - Filling up the DagBag from /home/airflow/.local/lib/python3.10/site-packages/airflow/example_dags/example_kubernetes_executor.py
[2025-02-22T22:14:15.743+0000] {processor.py:839} INFO - DAG(s) dict_keys(['example_kubernetes_executor']) retrieved from /home/airflow/.local/lib/python3.10/site-packages/airflow/example_dags/example_kubernetes_executor.py
[2025-02-22T22:14:15.822+0000] {logging_mixin.py:154} INFO - [2025-02-22T22:14:15.821+0000] {dag.py:2941} INFO - Sync 1 DAGs
[2025-02-22T22:14:15.835+0000] {logging_mixin.py:154} INFO - [2025-02-22T22:14:15.835+0000] {dag.py:3722} INFO - Setting next_dagrun for example_kubernetes_executor to None, run_after=None
[2025-02-22T22:14:15.854+0000] {processor.py:179} INFO - Processing /home/airflow/.local/lib/python3.10/site-packages/airflow/example_dags/example_kubernetes_executor.py took 0.127 seconds
[2025-02-22T22:14:46.687+0000] {processor.py:157} INFO - Started process (PID=849) to work on /home/airflow/.local/lib/python3.10/site-packages/airflow/example_dags/example_kubernetes_executor.py
[2025-02-22T22:14:46.688+0000] {processor.py:829} INFO - Processing file /home/airflow/.local/lib/python3.10/site-packages/airflow/example_dags/example_kubernetes_executor.py for tasks to queue
[2025-02-22T22:14:46.689+0000] {logging_mixin.py:154} INFO - [2025-02-22T22:14:46.689+0000] {dagbag.py:536} INFO - Filling up the DagBag from /home/airflow/.local/lib/python3.10/site-packages/airflow/example_dags/example_kubernetes_executor.py
[2025-02-22T22:14:46.699+0000] {processor.py:839} INFO - DAG(s) dict_keys(['example_kubernetes_executor']) retrieved from /home/airflow/.local/lib/python3.10/site-packages/airflow/example_dags/example_kubernetes_executor.py
[2025-02-22T22:14:46.780+0000] {logging_mixin.py:154} INFO - [2025-02-22T22:14:46.780+0000] {dag.py:2941} INFO - Sync 1 DAGs
[2025-02-22T22:14:46.795+0000] {logging_mixin.py:154} INFO - [2025-02-22T22:14:46.795+0000] {dag.py:3722} INFO - Setting next_dagrun for example_kubernetes_executor to None, run_after=None
[2025-02-22T22:14:46.815+0000] {processor.py:179} INFO - Processing /home/airflow/.local/lib/python3.10/site-packages/airflow/example_dags/example_kubernetes_executor.py took 0.129 seconds
[2025-02-22T22:15:17.578+0000] {processor.py:157} INFO - Started process (PID=910) to work on /home/airflow/.local/lib/python3.10/site-packages/airflow/example_dags/example_kubernetes_executor.py
[2025-02-22T22:15:17.579+0000] {processor.py:829} INFO - Processing file /home/airflow/.local/lib/python3.10/site-packages/airflow/example_dags/example_kubernetes_executor.py for tasks to queue
[2025-02-22T22:15:17.582+0000] {logging_mixin.py:154} INFO - [2025-02-22T22:15:17.581+0000] {dagbag.py:536} INFO - Filling up the DagBag from /home/airflow/.local/lib/python3.10/site-packages/airflow/example_dags/example_kubernetes_executor.py
[2025-02-22T22:15:17.595+0000] {processor.py:839} INFO - DAG(s) dict_keys(['example_kubernetes_executor']) retrieved from /home/airflow/.local/lib/python3.10/site-packages/airflow/example_dags/example_kubernetes_executor.py
[2025-02-22T22:15:17.687+0000] {logging_mixin.py:154} INFO - [2025-02-22T22:15:17.687+0000] {dag.py:2941} INFO - Sync 1 DAGs
[2025-02-22T22:15:17.700+0000] {logging_mixin.py:154} INFO - [2025-02-22T22:15:17.700+0000] {dag.py:3722} INFO - Setting next_dagrun for example_kubernetes_executor to None, run_after=None
[2025-02-22T22:15:17.719+0000] {processor.py:179} INFO - Processing /home/airflow/.local/lib/python3.10/site-packages/airflow/example_dags/example_kubernetes_executor.py took 0.143 seconds
[2025-02-22T22:15:47.960+0000] {processor.py:157} INFO - Started process (PID=978) to work on /home/airflow/.local/lib/python3.10/site-packages/airflow/example_dags/example_kubernetes_executor.py
[2025-02-22T22:15:47.961+0000] {processor.py:829} INFO - Processing file /home/airflow/.local/lib/python3.10/site-packages/airflow/example_dags/example_kubernetes_executor.py for tasks to queue
[2025-02-22T22:15:47.962+0000] {logging_mixin.py:154} INFO - [2025-02-22T22:15:47.962+0000] {dagbag.py:536} INFO - Filling up the DagBag from /home/airflow/.local/lib/python3.10/site-packages/airflow/example_dags/example_kubernetes_executor.py
[2025-02-22T22:15:47.976+0000] {processor.py:839} INFO - DAG(s) dict_keys(['example_kubernetes_executor']) retrieved from /home/airflow/.local/lib/python3.10/site-packages/airflow/example_dags/example_kubernetes_executor.py
[2025-02-22T22:15:48.055+0000] {logging_mixin.py:154} INFO - [2025-02-22T22:15:48.055+0000] {dag.py:2941} INFO - Sync 1 DAGs
[2025-02-22T22:15:48.070+0000] {logging_mixin.py:154} INFO - [2025-02-22T22:15:48.070+0000] {dag.py:3722} INFO - Setting next_dagrun for example_kubernetes_executor to None, run_after=None
[2025-02-22T22:15:48.090+0000] {processor.py:179} INFO - Processing /home/airflow/.local/lib/python3.10/site-packages/airflow/example_dags/example_kubernetes_executor.py took 0.132 seconds
[2025-02-22T22:16:19.332+0000] {processor.py:157} INFO - Started process (PID=1039) to work on /home/airflow/.local/lib/python3.10/site-packages/airflow/example_dags/example_kubernetes_executor.py
[2025-02-22T22:16:19.333+0000] {processor.py:829} INFO - Processing file /home/airflow/.local/lib/python3.10/site-packages/airflow/example_dags/example_kubernetes_executor.py for tasks to queue
[2025-02-22T22:16:19.336+0000] {logging_mixin.py:154} INFO - [2025-02-22T22:16:19.336+0000] {dagbag.py:536} INFO - Filling up the DagBag from /home/airflow/.local/lib/python3.10/site-packages/airflow/example_dags/example_kubernetes_executor.py
[2025-02-22T22:16:19.346+0000] {processor.py:839} INFO - DAG(s) dict_keys(['example_kubernetes_executor']) retrieved from /home/airflow/.local/lib/python3.10/site-packages/airflow/example_dags/example_kubernetes_executor.py
[2025-02-22T22:16:19.434+0000] {logging_mixin.py:154} INFO - [2025-02-22T22:16:19.433+0000] {dag.py:2941} INFO - Sync 1 DAGs
[2025-02-22T22:16:19.448+0000] {logging_mixin.py:154} INFO - [2025-02-22T22:16:19.447+0000] {dag.py:3722} INFO - Setting next_dagrun for example_kubernetes_executor to None, run_after=None
[2025-02-22T22:16:19.468+0000] {processor.py:179} INFO - Processing /home/airflow/.local/lib/python3.10/site-packages/airflow/example_dags/example_kubernetes_executor.py took 0.137 seconds
[2025-02-22T22:16:49.670+0000] {processor.py:157} INFO - Started process (PID=1107) to work on /home/airflow/.local/lib/python3.10/site-packages/airflow/example_dags/example_kubernetes_executor.py
[2025-02-22T22:16:49.670+0000] {processor.py:829} INFO - Processing file /home/airflow/.local/lib/python3.10/site-packages/airflow/example_dags/example_kubernetes_executor.py for tasks to queue
[2025-02-22T22:16:49.672+0000] {logging_mixin.py:154} INFO - [2025-02-22T22:16:49.672+0000] {dagbag.py:536} INFO - Filling up the DagBag from /home/airflow/.local/lib/python3.10/site-packages/airflow/example_dags/example_kubernetes_executor.py
[2025-02-22T22:16:49.682+0000] {processor.py:839} INFO - DAG(s) dict_keys(['example_kubernetes_executor']) retrieved from /home/airflow/.local/lib/python3.10/site-packages/airflow/example_dags/example_kubernetes_executor.py
[2025-02-22T22:16:49.780+0000] {logging_mixin.py:154} INFO - [2025-02-22T22:16:49.780+0000] {dag.py:2941} INFO - Sync 1 DAGs
[2025-02-22T22:16:49.794+0000] {logging_mixin.py:154} INFO - [2025-02-22T22:16:49.793+0000] {dag.py:3722} INFO - Setting next_dagrun for example_kubernetes_executor to None, run_after=None
[2025-02-22T22:16:49.818+0000] {processor.py:179} INFO - Processing /home/airflow/.local/lib/python3.10/site-packages/airflow/example_dags/example_kubernetes_executor.py took 0.151 seconds
