[2025-02-22T21:47:20.450+0000] {processor.py:157} INFO - Started process (PID=81) to work on /home/airflow/.local/lib/python3.10/site-packages/airflow/example_dags/example_sensor_decorator.py
[2025-02-22T21:47:20.452+0000] {processor.py:829} INFO - Processing file /home/airflow/.local/lib/python3.10/site-packages/airflow/example_dags/example_sensor_decorator.py for tasks to queue
[2025-02-22T21:47:20.456+0000] {logging_mixin.py:154} INFO - [2025-02-22T21:47:20.455+0000] {dagbag.py:536} INFO - Filling up the DagBag from /home/airflow/.local/lib/python3.10/site-packages/airflow/example_dags/example_sensor_decorator.py
[2025-02-22T21:47:20.472+0000] {processor.py:839} INFO - DAG(s) dict_keys(['example_sensor_decorator']) retrieved from /home/airflow/.local/lib/python3.10/site-packages/airflow/example_dags/example_sensor_decorator.py
[2025-02-22T21:47:20.669+0000] {logging_mixin.py:154} INFO - [2025-02-22T21:47:20.669+0000] {manager.py:499} INFO - Created Permission View: %s
[2025-02-22T21:47:20.686+0000] {logging_mixin.py:154} INFO - [2025-02-22T21:47:20.686+0000] {manager.py:499} INFO - Created Permission View: %s
[2025-02-22T21:47:20.695+0000] {logging_mixin.py:154} INFO - [2025-02-22T21:47:20.694+0000] {manager.py:499} INFO - Created Permission View: %s
[2025-02-22T21:47:20.695+0000] {logging_mixin.py:154} INFO - [2025-02-22T21:47:20.695+0000] {dag.py:2941} INFO - Sync 1 DAGs
[2025-02-22T21:47:20.706+0000] {logging_mixin.py:154} INFO - [2025-02-22T21:47:20.706+0000] {dag.py:2963} INFO - Creating ORM DAG for example_sensor_decorator
[2025-02-22T21:47:20.707+0000] {logging_mixin.py:154} INFO - [2025-02-22T21:47:20.707+0000] {dag.py:3722} INFO - Setting next_dagrun for example_sensor_decorator to None, run_after=None
[2025-02-22T21:47:20.731+0000] {processor.py:179} INFO - Processing /home/airflow/.local/lib/python3.10/site-packages/airflow/example_dags/example_sensor_decorator.py took 0.283 seconds
[2025-02-22T21:49:00.685+0000] {processor.py:157} INFO - Started process (PID=74) to work on /home/airflow/.local/lib/python3.10/site-packages/airflow/example_dags/example_sensor_decorator.py
[2025-02-22T21:49:00.686+0000] {processor.py:829} INFO - Processing file /home/airflow/.local/lib/python3.10/site-packages/airflow/example_dags/example_sensor_decorator.py for tasks to queue
[2025-02-22T21:49:00.687+0000] {logging_mixin.py:154} INFO - [2025-02-22T21:49:00.687+0000] {dagbag.py:536} INFO - Filling up the DagBag from /home/airflow/.local/lib/python3.10/site-packages/airflow/example_dags/example_sensor_decorator.py
[2025-02-22T21:49:00.703+0000] {processor.py:839} INFO - DAG(s) dict_keys(['example_sensor_decorator']) retrieved from /home/airflow/.local/lib/python3.10/site-packages/airflow/example_dags/example_sensor_decorator.py
[2025-02-22T21:49:00.777+0000] {logging_mixin.py:154} INFO - [2025-02-22T21:49:00.776+0000] {dag.py:2941} INFO - Sync 1 DAGs
[2025-02-22T21:49:00.797+0000] {logging_mixin.py:154} INFO - [2025-02-22T21:49:00.797+0000] {dag.py:3722} INFO - Setting next_dagrun for example_sensor_decorator to None, run_after=None
[2025-02-22T21:49:00.821+0000] {processor.py:179} INFO - Processing /home/airflow/.local/lib/python3.10/site-packages/airflow/example_dags/example_sensor_decorator.py took 0.139 seconds
[2025-02-22T21:56:51.321+0000] {processor.py:157} INFO - Started process (PID=74) to work on /home/airflow/.local/lib/python3.10/site-packages/airflow/example_dags/example_sensor_decorator.py
[2025-02-22T21:56:51.322+0000] {processor.py:829} INFO - Processing file /home/airflow/.local/lib/python3.10/site-packages/airflow/example_dags/example_sensor_decorator.py for tasks to queue
[2025-02-22T21:56:51.324+0000] {logging_mixin.py:154} INFO - [2025-02-22T21:56:51.324+0000] {dagbag.py:536} INFO - Filling up the DagBag from /home/airflow/.local/lib/python3.10/site-packages/airflow/example_dags/example_sensor_decorator.py
[2025-02-22T21:56:51.332+0000] {processor.py:839} INFO - DAG(s) dict_keys(['example_sensor_decorator']) retrieved from /home/airflow/.local/lib/python3.10/site-packages/airflow/example_dags/example_sensor_decorator.py
[2025-02-22T21:56:51.428+0000] {logging_mixin.py:154} INFO - [2025-02-22T21:56:51.428+0000] {dag.py:2941} INFO - Sync 1 DAGs
[2025-02-22T21:56:51.449+0000] {logging_mixin.py:154} INFO - [2025-02-22T21:56:51.449+0000] {dag.py:3722} INFO - Setting next_dagrun for example_sensor_decorator to None, run_after=None
[2025-02-22T21:56:51.489+0000] {processor.py:179} INFO - Processing /home/airflow/.local/lib/python3.10/site-packages/airflow/example_dags/example_sensor_decorator.py took 0.170 seconds
[2025-02-22T21:57:21.765+0000] {processor.py:157} INFO - Started process (PID=142) to work on /home/airflow/.local/lib/python3.10/site-packages/airflow/example_dags/example_sensor_decorator.py
[2025-02-22T21:57:21.766+0000] {processor.py:829} INFO - Processing file /home/airflow/.local/lib/python3.10/site-packages/airflow/example_dags/example_sensor_decorator.py for tasks to queue
[2025-02-22T21:57:21.768+0000] {logging_mixin.py:154} INFO - [2025-02-22T21:57:21.767+0000] {dagbag.py:536} INFO - Filling up the DagBag from /home/airflow/.local/lib/python3.10/site-packages/airflow/example_dags/example_sensor_decorator.py
[2025-02-22T21:57:21.773+0000] {processor.py:839} INFO - DAG(s) dict_keys(['example_sensor_decorator']) retrieved from /home/airflow/.local/lib/python3.10/site-packages/airflow/example_dags/example_sensor_decorator.py
[2025-02-22T21:57:21.835+0000] {logging_mixin.py:154} INFO - [2025-02-22T21:57:21.835+0000] {dag.py:2941} INFO - Sync 1 DAGs
[2025-02-22T21:57:21.847+0000] {logging_mixin.py:154} INFO - [2025-02-22T21:57:21.847+0000] {dag.py:3722} INFO - Setting next_dagrun for example_sensor_decorator to None, run_after=None
[2025-02-22T21:57:21.864+0000] {processor.py:179} INFO - Processing /home/airflow/.local/lib/python3.10/site-packages/airflow/example_dags/example_sensor_decorator.py took 0.100 seconds
[2025-02-22T21:59:56.060+0000] {processor.py:157} INFO - Started process (PID=81) to work on /home/airflow/.local/lib/python3.10/site-packages/airflow/example_dags/example_sensor_decorator.py
[2025-02-22T21:59:56.062+0000] {processor.py:829} INFO - Processing file /home/airflow/.local/lib/python3.10/site-packages/airflow/example_dags/example_sensor_decorator.py for tasks to queue
[2025-02-22T21:59:56.065+0000] {logging_mixin.py:154} INFO - [2025-02-22T21:59:56.065+0000] {dagbag.py:536} INFO - Filling up the DagBag from /home/airflow/.local/lib/python3.10/site-packages/airflow/example_dags/example_sensor_decorator.py
[2025-02-22T21:59:56.076+0000] {processor.py:839} INFO - DAG(s) dict_keys(['example_sensor_decorator']) retrieved from /home/airflow/.local/lib/python3.10/site-packages/airflow/example_dags/example_sensor_decorator.py
[2025-02-22T21:59:56.149+0000] {logging_mixin.py:154} INFO - [2025-02-22T21:59:56.149+0000] {dag.py:2941} INFO - Sync 1 DAGs
[2025-02-22T21:59:56.171+0000] {logging_mixin.py:154} INFO - [2025-02-22T21:59:56.171+0000] {dag.py:3722} INFO - Setting next_dagrun for example_sensor_decorator to None, run_after=None
[2025-02-22T21:59:56.238+0000] {processor.py:179} INFO - Processing /home/airflow/.local/lib/python3.10/site-packages/airflow/example_dags/example_sensor_decorator.py took 0.181 seconds
[2025-02-22T22:00:27.172+0000] {processor.py:157} INFO - Started process (PID=142) to work on /home/airflow/.local/lib/python3.10/site-packages/airflow/example_dags/example_sensor_decorator.py
[2025-02-22T22:00:27.174+0000] {processor.py:829} INFO - Processing file /home/airflow/.local/lib/python3.10/site-packages/airflow/example_dags/example_sensor_decorator.py for tasks to queue
[2025-02-22T22:00:27.178+0000] {logging_mixin.py:154} INFO - [2025-02-22T22:00:27.177+0000] {dagbag.py:536} INFO - Filling up the DagBag from /home/airflow/.local/lib/python3.10/site-packages/airflow/example_dags/example_sensor_decorator.py
[2025-02-22T22:00:27.184+0000] {processor.py:839} INFO - DAG(s) dict_keys(['example_sensor_decorator']) retrieved from /home/airflow/.local/lib/python3.10/site-packages/airflow/example_dags/example_sensor_decorator.py
[2025-02-22T22:00:27.250+0000] {logging_mixin.py:154} INFO - [2025-02-22T22:00:27.250+0000] {dag.py:2941} INFO - Sync 1 DAGs
[2025-02-22T22:00:27.262+0000] {logging_mixin.py:154} INFO - [2025-02-22T22:00:27.262+0000] {dag.py:3722} INFO - Setting next_dagrun for example_sensor_decorator to None, run_after=None
[2025-02-22T22:00:27.280+0000] {processor.py:179} INFO - Processing /home/airflow/.local/lib/python3.10/site-packages/airflow/example_dags/example_sensor_decorator.py took 0.110 seconds
[2025-02-22T22:00:57.600+0000] {processor.py:157} INFO - Started process (PID=203) to work on /home/airflow/.local/lib/python3.10/site-packages/airflow/example_dags/example_sensor_decorator.py
[2025-02-22T22:00:57.601+0000] {processor.py:829} INFO - Processing file /home/airflow/.local/lib/python3.10/site-packages/airflow/example_dags/example_sensor_decorator.py for tasks to queue
[2025-02-22T22:00:57.602+0000] {logging_mixin.py:154} INFO - [2025-02-22T22:00:57.602+0000] {dagbag.py:536} INFO - Filling up the DagBag from /home/airflow/.local/lib/python3.10/site-packages/airflow/example_dags/example_sensor_decorator.py
[2025-02-22T22:00:57.609+0000] {processor.py:839} INFO - DAG(s) dict_keys(['example_sensor_decorator']) retrieved from /home/airflow/.local/lib/python3.10/site-packages/airflow/example_dags/example_sensor_decorator.py
[2025-02-22T22:00:57.678+0000] {logging_mixin.py:154} INFO - [2025-02-22T22:00:57.678+0000] {dag.py:2941} INFO - Sync 1 DAGs
[2025-02-22T22:00:57.691+0000] {logging_mixin.py:154} INFO - [2025-02-22T22:00:57.691+0000] {dag.py:3722} INFO - Setting next_dagrun for example_sensor_decorator to None, run_after=None
[2025-02-22T22:00:57.710+0000] {processor.py:179} INFO - Processing /home/airflow/.local/lib/python3.10/site-packages/airflow/example_dags/example_sensor_decorator.py took 0.112 seconds
[2025-02-22T22:01:28.036+0000] {processor.py:157} INFO - Started process (PID=271) to work on /home/airflow/.local/lib/python3.10/site-packages/airflow/example_dags/example_sensor_decorator.py
[2025-02-22T22:01:28.037+0000] {processor.py:829} INFO - Processing file /home/airflow/.local/lib/python3.10/site-packages/airflow/example_dags/example_sensor_decorator.py for tasks to queue
[2025-02-22T22:01:28.039+0000] {logging_mixin.py:154} INFO - [2025-02-22T22:01:28.039+0000] {dagbag.py:536} INFO - Filling up the DagBag from /home/airflow/.local/lib/python3.10/site-packages/airflow/example_dags/example_sensor_decorator.py
[2025-02-22T22:01:28.044+0000] {processor.py:839} INFO - DAG(s) dict_keys(['example_sensor_decorator']) retrieved from /home/airflow/.local/lib/python3.10/site-packages/airflow/example_dags/example_sensor_decorator.py
[2025-02-22T22:01:28.107+0000] {logging_mixin.py:154} INFO - [2025-02-22T22:01:28.107+0000] {dag.py:2941} INFO - Sync 1 DAGs
[2025-02-22T22:01:28.119+0000] {logging_mixin.py:154} INFO - [2025-02-22T22:01:28.119+0000] {dag.py:3722} INFO - Setting next_dagrun for example_sensor_decorator to None, run_after=None
[2025-02-22T22:01:28.136+0000] {processor.py:179} INFO - Processing /home/airflow/.local/lib/python3.10/site-packages/airflow/example_dags/example_sensor_decorator.py took 0.102 seconds
[2025-02-22T22:01:58.699+0000] {processor.py:157} INFO - Started process (PID=337) to work on /home/airflow/.local/lib/python3.10/site-packages/airflow/example_dags/example_sensor_decorator.py
[2025-02-22T22:01:58.700+0000] {processor.py:829} INFO - Processing file /home/airflow/.local/lib/python3.10/site-packages/airflow/example_dags/example_sensor_decorator.py for tasks to queue
[2025-02-22T22:01:58.702+0000] {logging_mixin.py:154} INFO - [2025-02-22T22:01:58.702+0000] {dagbag.py:536} INFO - Filling up the DagBag from /home/airflow/.local/lib/python3.10/site-packages/airflow/example_dags/example_sensor_decorator.py
[2025-02-22T22:01:58.710+0000] {processor.py:839} INFO - DAG(s) dict_keys(['example_sensor_decorator']) retrieved from /home/airflow/.local/lib/python3.10/site-packages/airflow/example_dags/example_sensor_decorator.py
[2025-02-22T22:01:58.789+0000] {logging_mixin.py:154} INFO - [2025-02-22T22:01:58.789+0000] {dag.py:2941} INFO - Sync 1 DAGs
[2025-02-22T22:01:58.805+0000] {logging_mixin.py:154} INFO - [2025-02-22T22:01:58.805+0000] {dag.py:3722} INFO - Setting next_dagrun for example_sensor_decorator to None, run_after=None
[2025-02-22T22:01:58.826+0000] {processor.py:179} INFO - Processing /home/airflow/.local/lib/python3.10/site-packages/airflow/example_dags/example_sensor_decorator.py took 0.130 seconds
[2025-02-22T22:02:29.620+0000] {processor.py:157} INFO - Started process (PID=398) to work on /home/airflow/.local/lib/python3.10/site-packages/airflow/example_dags/example_sensor_decorator.py
[2025-02-22T22:02:29.621+0000] {processor.py:829} INFO - Processing file /home/airflow/.local/lib/python3.10/site-packages/airflow/example_dags/example_sensor_decorator.py for tasks to queue
[2025-02-22T22:02:29.623+0000] {logging_mixin.py:154} INFO - [2025-02-22T22:02:29.623+0000] {dagbag.py:536} INFO - Filling up the DagBag from /home/airflow/.local/lib/python3.10/site-packages/airflow/example_dags/example_sensor_decorator.py
[2025-02-22T22:02:29.632+0000] {processor.py:839} INFO - DAG(s) dict_keys(['example_sensor_decorator']) retrieved from /home/airflow/.local/lib/python3.10/site-packages/airflow/example_dags/example_sensor_decorator.py
[2025-02-22T22:02:29.700+0000] {logging_mixin.py:154} INFO - [2025-02-22T22:02:29.700+0000] {dag.py:2941} INFO - Sync 1 DAGs
[2025-02-22T22:02:29.712+0000] {logging_mixin.py:154} INFO - [2025-02-22T22:02:29.712+0000] {dag.py:3722} INFO - Setting next_dagrun for example_sensor_decorator to None, run_after=None
[2025-02-22T22:02:29.730+0000] {processor.py:179} INFO - Processing /home/airflow/.local/lib/python3.10/site-packages/airflow/example_dags/example_sensor_decorator.py took 0.115 seconds
[2025-02-22T22:03:43.830+0000] {processor.py:157} INFO - Started process (PID=75) to work on /home/airflow/.local/lib/python3.10/site-packages/airflow/example_dags/example_sensor_decorator.py
[2025-02-22T22:03:43.833+0000] {processor.py:829} INFO - Processing file /home/airflow/.local/lib/python3.10/site-packages/airflow/example_dags/example_sensor_decorator.py for tasks to queue
[2025-02-22T22:03:43.836+0000] {logging_mixin.py:154} INFO - [2025-02-22T22:03:43.835+0000] {dagbag.py:536} INFO - Filling up the DagBag from /home/airflow/.local/lib/python3.10/site-packages/airflow/example_dags/example_sensor_decorator.py
[2025-02-22T22:03:43.851+0000] {processor.py:839} INFO - DAG(s) dict_keys(['example_sensor_decorator']) retrieved from /home/airflow/.local/lib/python3.10/site-packages/airflow/example_dags/example_sensor_decorator.py
[2025-02-22T22:03:43.960+0000] {logging_mixin.py:154} INFO - [2025-02-22T22:03:43.960+0000] {dag.py:2941} INFO - Sync 1 DAGs
[2025-02-22T22:03:43.982+0000] {logging_mixin.py:154} INFO - [2025-02-22T22:03:43.982+0000] {dag.py:3722} INFO - Setting next_dagrun for example_sensor_decorator to None, run_after=None
[2025-02-22T22:03:44.101+0000] {processor.py:179} INFO - Processing /home/airflow/.local/lib/python3.10/site-packages/airflow/example_dags/example_sensor_decorator.py took 0.275 seconds
[2025-02-22T22:04:14.977+0000] {processor.py:157} INFO - Started process (PID=143) to work on /home/airflow/.local/lib/python3.10/site-packages/airflow/example_dags/example_sensor_decorator.py
[2025-02-22T22:04:14.979+0000] {processor.py:829} INFO - Processing file /home/airflow/.local/lib/python3.10/site-packages/airflow/example_dags/example_sensor_decorator.py for tasks to queue
[2025-02-22T22:04:14.981+0000] {logging_mixin.py:154} INFO - [2025-02-22T22:04:14.981+0000] {dagbag.py:536} INFO - Filling up the DagBag from /home/airflow/.local/lib/python3.10/site-packages/airflow/example_dags/example_sensor_decorator.py
[2025-02-22T22:04:14.987+0000] {processor.py:839} INFO - DAG(s) dict_keys(['example_sensor_decorator']) retrieved from /home/airflow/.local/lib/python3.10/site-packages/airflow/example_dags/example_sensor_decorator.py
[2025-02-22T22:04:15.060+0000] {logging_mixin.py:154} INFO - [2025-02-22T22:04:15.060+0000] {dag.py:2941} INFO - Sync 1 DAGs
[2025-02-22T22:04:15.075+0000] {logging_mixin.py:154} INFO - [2025-02-22T22:04:15.075+0000] {dag.py:3722} INFO - Setting next_dagrun for example_sensor_decorator to None, run_after=None
[2025-02-22T22:04:15.111+0000] {processor.py:179} INFO - Processing /home/airflow/.local/lib/python3.10/site-packages/airflow/example_dags/example_sensor_decorator.py took 0.136 seconds
[2025-02-22T22:04:45.196+0000] {processor.py:157} INFO - Started process (PID=204) to work on /home/airflow/.local/lib/python3.10/site-packages/airflow/example_dags/example_sensor_decorator.py
[2025-02-22T22:04:45.198+0000] {processor.py:829} INFO - Processing file /home/airflow/.local/lib/python3.10/site-packages/airflow/example_dags/example_sensor_decorator.py for tasks to queue
[2025-02-22T22:04:45.199+0000] {logging_mixin.py:154} INFO - [2025-02-22T22:04:45.199+0000] {dagbag.py:536} INFO - Filling up the DagBag from /home/airflow/.local/lib/python3.10/site-packages/airflow/example_dags/example_sensor_decorator.py
[2025-02-22T22:04:45.205+0000] {processor.py:839} INFO - DAG(s) dict_keys(['example_sensor_decorator']) retrieved from /home/airflow/.local/lib/python3.10/site-packages/airflow/example_dags/example_sensor_decorator.py
[2025-02-22T22:04:45.271+0000] {logging_mixin.py:154} INFO - [2025-02-22T22:04:45.271+0000] {dag.py:2941} INFO - Sync 1 DAGs
[2025-02-22T22:04:45.285+0000] {logging_mixin.py:154} INFO - [2025-02-22T22:04:45.284+0000] {dag.py:3722} INFO - Setting next_dagrun for example_sensor_decorator to None, run_after=None
[2025-02-22T22:04:45.302+0000] {processor.py:179} INFO - Processing /home/airflow/.local/lib/python3.10/site-packages/airflow/example_dags/example_sensor_decorator.py took 0.109 seconds
[2025-02-22T22:05:15.851+0000] {processor.py:157} INFO - Started process (PID=272) to work on /home/airflow/.local/lib/python3.10/site-packages/airflow/example_dags/example_sensor_decorator.py
[2025-02-22T22:05:15.852+0000] {processor.py:829} INFO - Processing file /home/airflow/.local/lib/python3.10/site-packages/airflow/example_dags/example_sensor_decorator.py for tasks to queue
[2025-02-22T22:05:15.853+0000] {logging_mixin.py:154} INFO - [2025-02-22T22:05:15.853+0000] {dagbag.py:536} INFO - Filling up the DagBag from /home/airflow/.local/lib/python3.10/site-packages/airflow/example_dags/example_sensor_decorator.py
[2025-02-22T22:05:15.858+0000] {processor.py:839} INFO - DAG(s) dict_keys(['example_sensor_decorator']) retrieved from /home/airflow/.local/lib/python3.10/site-packages/airflow/example_dags/example_sensor_decorator.py
[2025-02-22T22:05:15.919+0000] {logging_mixin.py:154} INFO - [2025-02-22T22:05:15.919+0000] {dag.py:2941} INFO - Sync 1 DAGs
[2025-02-22T22:05:15.930+0000] {logging_mixin.py:154} INFO - [2025-02-22T22:05:15.930+0000] {dag.py:3722} INFO - Setting next_dagrun for example_sensor_decorator to None, run_after=None
[2025-02-22T22:05:15.946+0000] {processor.py:179} INFO - Processing /home/airflow/.local/lib/python3.10/site-packages/airflow/example_dags/example_sensor_decorator.py took 0.097 seconds
[2025-02-22T22:05:46.330+0000] {processor.py:157} INFO - Started process (PID=333) to work on /home/airflow/.local/lib/python3.10/site-packages/airflow/example_dags/example_sensor_decorator.py
[2025-02-22T22:05:46.331+0000] {processor.py:829} INFO - Processing file /home/airflow/.local/lib/python3.10/site-packages/airflow/example_dags/example_sensor_decorator.py for tasks to queue
[2025-02-22T22:05:46.333+0000] {logging_mixin.py:154} INFO - [2025-02-22T22:05:46.333+0000] {dagbag.py:536} INFO - Filling up the DagBag from /home/airflow/.local/lib/python3.10/site-packages/airflow/example_dags/example_sensor_decorator.py
[2025-02-22T22:05:46.339+0000] {processor.py:839} INFO - DAG(s) dict_keys(['example_sensor_decorator']) retrieved from /home/airflow/.local/lib/python3.10/site-packages/airflow/example_dags/example_sensor_decorator.py
[2025-02-22T22:05:46.405+0000] {logging_mixin.py:154} INFO - [2025-02-22T22:05:46.405+0000] {dag.py:2941} INFO - Sync 1 DAGs
[2025-02-22T22:05:46.419+0000] {logging_mixin.py:154} INFO - [2025-02-22T22:05:46.419+0000] {dag.py:3722} INFO - Setting next_dagrun for example_sensor_decorator to None, run_after=None
[2025-02-22T22:05:46.441+0000] {processor.py:179} INFO - Processing /home/airflow/.local/lib/python3.10/site-packages/airflow/example_dags/example_sensor_decorator.py took 0.113 seconds
[2025-02-22T22:06:16.720+0000] {processor.py:157} INFO - Started process (PID=401) to work on /home/airflow/.local/lib/python3.10/site-packages/airflow/example_dags/example_sensor_decorator.py
[2025-02-22T22:06:16.722+0000] {processor.py:829} INFO - Processing file /home/airflow/.local/lib/python3.10/site-packages/airflow/example_dags/example_sensor_decorator.py for tasks to queue
[2025-02-22T22:06:16.723+0000] {logging_mixin.py:154} INFO - [2025-02-22T22:06:16.723+0000] {dagbag.py:536} INFO - Filling up the DagBag from /home/airflow/.local/lib/python3.10/site-packages/airflow/example_dags/example_sensor_decorator.py
[2025-02-22T22:06:16.729+0000] {processor.py:839} INFO - DAG(s) dict_keys(['example_sensor_decorator']) retrieved from /home/airflow/.local/lib/python3.10/site-packages/airflow/example_dags/example_sensor_decorator.py
[2025-02-22T22:06:16.796+0000] {logging_mixin.py:154} INFO - [2025-02-22T22:06:16.795+0000] {dag.py:2941} INFO - Sync 1 DAGs
[2025-02-22T22:06:16.811+0000] {logging_mixin.py:154} INFO - [2025-02-22T22:06:16.811+0000] {dag.py:3722} INFO - Setting next_dagrun for example_sensor_decorator to None, run_after=None
[2025-02-22T22:06:16.833+0000] {processor.py:179} INFO - Processing /home/airflow/.local/lib/python3.10/site-packages/airflow/example_dags/example_sensor_decorator.py took 0.114 seconds
[2025-02-22T22:06:47.517+0000] {processor.py:157} INFO - Started process (PID=468) to work on /home/airflow/.local/lib/python3.10/site-packages/airflow/example_dags/example_sensor_decorator.py
[2025-02-22T22:06:47.518+0000] {processor.py:829} INFO - Processing file /home/airflow/.local/lib/python3.10/site-packages/airflow/example_dags/example_sensor_decorator.py for tasks to queue
[2025-02-22T22:06:47.519+0000] {logging_mixin.py:154} INFO - [2025-02-22T22:06:47.519+0000] {dagbag.py:536} INFO - Filling up the DagBag from /home/airflow/.local/lib/python3.10/site-packages/airflow/example_dags/example_sensor_decorator.py
[2025-02-22T22:06:47.525+0000] {processor.py:839} INFO - DAG(s) dict_keys(['example_sensor_decorator']) retrieved from /home/airflow/.local/lib/python3.10/site-packages/airflow/example_dags/example_sensor_decorator.py
[2025-02-22T22:06:47.592+0000] {logging_mixin.py:154} INFO - [2025-02-22T22:06:47.592+0000] {dag.py:2941} INFO - Sync 1 DAGs
[2025-02-22T22:06:47.604+0000] {logging_mixin.py:154} INFO - [2025-02-22T22:06:47.604+0000] {dag.py:3722} INFO - Setting next_dagrun for example_sensor_decorator to None, run_after=None
[2025-02-22T22:06:47.621+0000] {processor.py:179} INFO - Processing /home/airflow/.local/lib/python3.10/site-packages/airflow/example_dags/example_sensor_decorator.py took 0.106 seconds
[2025-02-22T22:07:18.122+0000] {processor.py:157} INFO - Started process (PID=530) to work on /home/airflow/.local/lib/python3.10/site-packages/airflow/example_dags/example_sensor_decorator.py
[2025-02-22T22:07:18.123+0000] {processor.py:829} INFO - Processing file /home/airflow/.local/lib/python3.10/site-packages/airflow/example_dags/example_sensor_decorator.py for tasks to queue
[2025-02-22T22:07:18.125+0000] {logging_mixin.py:154} INFO - [2025-02-22T22:07:18.124+0000] {dagbag.py:536} INFO - Filling up the DagBag from /home/airflow/.local/lib/python3.10/site-packages/airflow/example_dags/example_sensor_decorator.py
[2025-02-22T22:07:18.132+0000] {processor.py:839} INFO - DAG(s) dict_keys(['example_sensor_decorator']) retrieved from /home/airflow/.local/lib/python3.10/site-packages/airflow/example_dags/example_sensor_decorator.py
[2025-02-22T22:07:18.197+0000] {logging_mixin.py:154} INFO - [2025-02-22T22:07:18.197+0000] {dag.py:2941} INFO - Sync 1 DAGs
[2025-02-22T22:07:18.210+0000] {logging_mixin.py:154} INFO - [2025-02-22T22:07:18.209+0000] {dag.py:3722} INFO - Setting next_dagrun for example_sensor_decorator to None, run_after=None
[2025-02-22T22:07:18.229+0000] {processor.py:179} INFO - Processing /home/airflow/.local/lib/python3.10/site-packages/airflow/example_dags/example_sensor_decorator.py took 0.109 seconds
[2025-02-22T22:07:48.558+0000] {processor.py:157} INFO - Started process (PID=598) to work on /home/airflow/.local/lib/python3.10/site-packages/airflow/example_dags/example_sensor_decorator.py
[2025-02-22T22:07:48.559+0000] {processor.py:829} INFO - Processing file /home/airflow/.local/lib/python3.10/site-packages/airflow/example_dags/example_sensor_decorator.py for tasks to queue
[2025-02-22T22:07:48.560+0000] {logging_mixin.py:154} INFO - [2025-02-22T22:07:48.560+0000] {dagbag.py:536} INFO - Filling up the DagBag from /home/airflow/.local/lib/python3.10/site-packages/airflow/example_dags/example_sensor_decorator.py
[2025-02-22T22:07:48.566+0000] {processor.py:839} INFO - DAG(s) dict_keys(['example_sensor_decorator']) retrieved from /home/airflow/.local/lib/python3.10/site-packages/airflow/example_dags/example_sensor_decorator.py
[2025-02-22T22:07:48.633+0000] {logging_mixin.py:154} INFO - [2025-02-22T22:07:48.633+0000] {dag.py:2941} INFO - Sync 1 DAGs
[2025-02-22T22:07:48.659+0000] {logging_mixin.py:154} INFO - [2025-02-22T22:07:48.658+0000] {dag.py:3722} INFO - Setting next_dagrun for example_sensor_decorator to None, run_after=None
[2025-02-22T22:07:48.686+0000] {processor.py:179} INFO - Processing /home/airflow/.local/lib/python3.10/site-packages/airflow/example_dags/example_sensor_decorator.py took 0.129 seconds
[2025-02-22T22:08:39.984+0000] {processor.py:157} INFO - Started process (PID=80) to work on /home/airflow/.local/lib/python3.10/site-packages/airflow/example_dags/example_sensor_decorator.py
[2025-02-22T22:08:39.989+0000] {processor.py:829} INFO - Processing file /home/airflow/.local/lib/python3.10/site-packages/airflow/example_dags/example_sensor_decorator.py for tasks to queue
[2025-02-22T22:08:39.993+0000] {logging_mixin.py:154} INFO - [2025-02-22T22:08:39.992+0000] {dagbag.py:536} INFO - Filling up the DagBag from /home/airflow/.local/lib/python3.10/site-packages/airflow/example_dags/example_sensor_decorator.py
[2025-02-22T22:08:40.004+0000] {processor.py:839} INFO - DAG(s) dict_keys(['example_sensor_decorator']) retrieved from /home/airflow/.local/lib/python3.10/site-packages/airflow/example_dags/example_sensor_decorator.py
[2025-02-22T22:08:40.090+0000] {logging_mixin.py:154} INFO - [2025-02-22T22:08:40.090+0000] {dag.py:2941} INFO - Sync 1 DAGs
[2025-02-22T22:08:40.111+0000] {logging_mixin.py:154} INFO - [2025-02-22T22:08:40.110+0000] {dag.py:3722} INFO - Setting next_dagrun for example_sensor_decorator to None, run_after=None
[2025-02-22T22:08:40.147+0000] {processor.py:179} INFO - Processing /home/airflow/.local/lib/python3.10/site-packages/airflow/example_dags/example_sensor_decorator.py took 0.168 seconds
[2025-02-22T22:09:10.276+0000] {processor.py:157} INFO - Started process (PID=141) to work on /home/airflow/.local/lib/python3.10/site-packages/airflow/example_dags/example_sensor_decorator.py
[2025-02-22T22:09:10.276+0000] {processor.py:829} INFO - Processing file /home/airflow/.local/lib/python3.10/site-packages/airflow/example_dags/example_sensor_decorator.py for tasks to queue
[2025-02-22T22:09:10.278+0000] {logging_mixin.py:154} INFO - [2025-02-22T22:09:10.277+0000] {dagbag.py:536} INFO - Filling up the DagBag from /home/airflow/.local/lib/python3.10/site-packages/airflow/example_dags/example_sensor_decorator.py
[2025-02-22T22:09:10.283+0000] {processor.py:839} INFO - DAG(s) dict_keys(['example_sensor_decorator']) retrieved from /home/airflow/.local/lib/python3.10/site-packages/airflow/example_dags/example_sensor_decorator.py
[2025-02-22T22:09:10.344+0000] {logging_mixin.py:154} INFO - [2025-02-22T22:09:10.343+0000] {dag.py:2941} INFO - Sync 1 DAGs
[2025-02-22T22:09:10.355+0000] {logging_mixin.py:154} INFO - [2025-02-22T22:09:10.355+0000] {dag.py:3722} INFO - Setting next_dagrun for example_sensor_decorator to None, run_after=None
[2025-02-22T22:09:10.372+0000] {processor.py:179} INFO - Processing /home/airflow/.local/lib/python3.10/site-packages/airflow/example_dags/example_sensor_decorator.py took 0.098 seconds
[2025-02-22T22:09:40.468+0000] {processor.py:157} INFO - Started process (PID=208) to work on /home/airflow/.local/lib/python3.10/site-packages/airflow/example_dags/example_sensor_decorator.py
[2025-02-22T22:09:40.469+0000] {processor.py:829} INFO - Processing file /home/airflow/.local/lib/python3.10/site-packages/airflow/example_dags/example_sensor_decorator.py for tasks to queue
[2025-02-22T22:09:40.471+0000] {logging_mixin.py:154} INFO - [2025-02-22T22:09:40.471+0000] {dagbag.py:536} INFO - Filling up the DagBag from /home/airflow/.local/lib/python3.10/site-packages/airflow/example_dags/example_sensor_decorator.py
[2025-02-22T22:09:40.476+0000] {processor.py:839} INFO - DAG(s) dict_keys(['example_sensor_decorator']) retrieved from /home/airflow/.local/lib/python3.10/site-packages/airflow/example_dags/example_sensor_decorator.py
[2025-02-22T22:09:40.541+0000] {logging_mixin.py:154} INFO - [2025-02-22T22:09:40.541+0000] {dag.py:2941} INFO - Sync 1 DAGs
[2025-02-22T22:09:40.553+0000] {logging_mixin.py:154} INFO - [2025-02-22T22:09:40.553+0000] {dag.py:3722} INFO - Setting next_dagrun for example_sensor_decorator to None, run_after=None
[2025-02-22T22:09:40.569+0000] {processor.py:179} INFO - Processing /home/airflow/.local/lib/python3.10/site-packages/airflow/example_dags/example_sensor_decorator.py took 0.104 seconds
[2025-02-22T22:10:10.682+0000] {processor.py:157} INFO - Started process (PID=269) to work on /home/airflow/.local/lib/python3.10/site-packages/airflow/example_dags/example_sensor_decorator.py
[2025-02-22T22:10:10.683+0000] {processor.py:829} INFO - Processing file /home/airflow/.local/lib/python3.10/site-packages/airflow/example_dags/example_sensor_decorator.py for tasks to queue
[2025-02-22T22:10:10.684+0000] {logging_mixin.py:154} INFO - [2025-02-22T22:10:10.684+0000] {dagbag.py:536} INFO - Filling up the DagBag from /home/airflow/.local/lib/python3.10/site-packages/airflow/example_dags/example_sensor_decorator.py
[2025-02-22T22:10:10.689+0000] {processor.py:839} INFO - DAG(s) dict_keys(['example_sensor_decorator']) retrieved from /home/airflow/.local/lib/python3.10/site-packages/airflow/example_dags/example_sensor_decorator.py
[2025-02-22T22:10:10.789+0000] {logging_mixin.py:154} INFO - [2025-02-22T22:10:10.789+0000] {dag.py:2941} INFO - Sync 1 DAGs
[2025-02-22T22:10:10.801+0000] {logging_mixin.py:154} INFO - [2025-02-22T22:10:10.801+0000] {dag.py:3722} INFO - Setting next_dagrun for example_sensor_decorator to None, run_after=None
[2025-02-22T22:10:10.818+0000] {processor.py:179} INFO - Processing /home/airflow/.local/lib/python3.10/site-packages/airflow/example_dags/example_sensor_decorator.py took 0.138 seconds
[2025-02-22T22:10:40.848+0000] {processor.py:157} INFO - Started process (PID=330) to work on /home/airflow/.local/lib/python3.10/site-packages/airflow/example_dags/example_sensor_decorator.py
[2025-02-22T22:10:40.849+0000] {processor.py:829} INFO - Processing file /home/airflow/.local/lib/python3.10/site-packages/airflow/example_dags/example_sensor_decorator.py for tasks to queue
[2025-02-22T22:10:40.851+0000] {logging_mixin.py:154} INFO - [2025-02-22T22:10:40.851+0000] {dagbag.py:536} INFO - Filling up the DagBag from /home/airflow/.local/lib/python3.10/site-packages/airflow/example_dags/example_sensor_decorator.py
[2025-02-22T22:10:40.857+0000] {processor.py:839} INFO - DAG(s) dict_keys(['example_sensor_decorator']) retrieved from /home/airflow/.local/lib/python3.10/site-packages/airflow/example_dags/example_sensor_decorator.py
[2025-02-22T22:10:40.920+0000] {logging_mixin.py:154} INFO - [2025-02-22T22:10:40.920+0000] {dag.py:2941} INFO - Sync 1 DAGs
[2025-02-22T22:10:40.932+0000] {logging_mixin.py:154} INFO - [2025-02-22T22:10:40.932+0000] {dag.py:3722} INFO - Setting next_dagrun for example_sensor_decorator to None, run_after=None
[2025-02-22T22:10:40.948+0000] {processor.py:179} INFO - Processing /home/airflow/.local/lib/python3.10/site-packages/airflow/example_dags/example_sensor_decorator.py took 0.103 seconds
[2025-02-22T22:11:11.226+0000] {processor.py:157} INFO - Started process (PID=396) to work on /home/airflow/.local/lib/python3.10/site-packages/airflow/example_dags/example_sensor_decorator.py
[2025-02-22T22:11:11.228+0000] {processor.py:829} INFO - Processing file /home/airflow/.local/lib/python3.10/site-packages/airflow/example_dags/example_sensor_decorator.py for tasks to queue
[2025-02-22T22:11:11.229+0000] {logging_mixin.py:154} INFO - [2025-02-22T22:11:11.229+0000] {dagbag.py:536} INFO - Filling up the DagBag from /home/airflow/.local/lib/python3.10/site-packages/airflow/example_dags/example_sensor_decorator.py
[2025-02-22T22:11:11.235+0000] {processor.py:839} INFO - DAG(s) dict_keys(['example_sensor_decorator']) retrieved from /home/airflow/.local/lib/python3.10/site-packages/airflow/example_dags/example_sensor_decorator.py
[2025-02-22T22:11:11.301+0000] {logging_mixin.py:154} INFO - [2025-02-22T22:11:11.301+0000] {dag.py:2941} INFO - Sync 1 DAGs
[2025-02-22T22:11:11.317+0000] {logging_mixin.py:154} INFO - [2025-02-22T22:11:11.316+0000] {dag.py:3722} INFO - Setting next_dagrun for example_sensor_decorator to None, run_after=None
[2025-02-22T22:11:11.334+0000] {processor.py:179} INFO - Processing /home/airflow/.local/lib/python3.10/site-packages/airflow/example_dags/example_sensor_decorator.py took 0.110 seconds
[2025-02-22T22:11:42.147+0000] {processor.py:157} INFO - Started process (PID=457) to work on /home/airflow/.local/lib/python3.10/site-packages/airflow/example_dags/example_sensor_decorator.py
[2025-02-22T22:11:42.148+0000] {processor.py:829} INFO - Processing file /home/airflow/.local/lib/python3.10/site-packages/airflow/example_dags/example_sensor_decorator.py for tasks to queue
[2025-02-22T22:11:42.149+0000] {logging_mixin.py:154} INFO - [2025-02-22T22:11:42.149+0000] {dagbag.py:536} INFO - Filling up the DagBag from /home/airflow/.local/lib/python3.10/site-packages/airflow/example_dags/example_sensor_decorator.py
[2025-02-22T22:11:42.155+0000] {processor.py:839} INFO - DAG(s) dict_keys(['example_sensor_decorator']) retrieved from /home/airflow/.local/lib/python3.10/site-packages/airflow/example_dags/example_sensor_decorator.py
[2025-02-22T22:11:42.222+0000] {logging_mixin.py:154} INFO - [2025-02-22T22:11:42.222+0000] {dag.py:2941} INFO - Sync 1 DAGs
[2025-02-22T22:11:42.235+0000] {logging_mixin.py:154} INFO - [2025-02-22T22:11:42.235+0000] {dag.py:3722} INFO - Setting next_dagrun for example_sensor_decorator to None, run_after=None
[2025-02-22T22:11:42.258+0000] {processor.py:179} INFO - Processing /home/airflow/.local/lib/python3.10/site-packages/airflow/example_dags/example_sensor_decorator.py took 0.113 seconds
[2025-02-22T22:12:12.876+0000] {processor.py:157} INFO - Started process (PID=525) to work on /home/airflow/.local/lib/python3.10/site-packages/airflow/example_dags/example_sensor_decorator.py
[2025-02-22T22:12:12.880+0000] {processor.py:829} INFO - Processing file /home/airflow/.local/lib/python3.10/site-packages/airflow/example_dags/example_sensor_decorator.py for tasks to queue
[2025-02-22T22:12:12.883+0000] {logging_mixin.py:154} INFO - [2025-02-22T22:12:12.883+0000] {dagbag.py:536} INFO - Filling up the DagBag from /home/airflow/.local/lib/python3.10/site-packages/airflow/example_dags/example_sensor_decorator.py
[2025-02-22T22:12:12.890+0000] {processor.py:839} INFO - DAG(s) dict_keys(['example_sensor_decorator']) retrieved from /home/airflow/.local/lib/python3.10/site-packages/airflow/example_dags/example_sensor_decorator.py
[2025-02-22T22:12:12.958+0000] {logging_mixin.py:154} INFO - [2025-02-22T22:12:12.958+0000] {dag.py:2941} INFO - Sync 1 DAGs
[2025-02-22T22:12:12.973+0000] {logging_mixin.py:154} INFO - [2025-02-22T22:12:12.973+0000] {dag.py:3722} INFO - Setting next_dagrun for example_sensor_decorator to None, run_after=None
[2025-02-22T22:12:12.991+0000] {processor.py:179} INFO - Processing /home/airflow/.local/lib/python3.10/site-packages/airflow/example_dags/example_sensor_decorator.py took 0.117 seconds
[2025-02-22T22:12:44.203+0000] {processor.py:157} INFO - Started process (PID=592) to work on /home/airflow/.local/lib/python3.10/site-packages/airflow/example_dags/example_sensor_decorator.py
[2025-02-22T22:12:44.205+0000] {processor.py:829} INFO - Processing file /home/airflow/.local/lib/python3.10/site-packages/airflow/example_dags/example_sensor_decorator.py for tasks to queue
[2025-02-22T22:12:44.207+0000] {logging_mixin.py:154} INFO - [2025-02-22T22:12:44.207+0000] {dagbag.py:536} INFO - Filling up the DagBag from /home/airflow/.local/lib/python3.10/site-packages/airflow/example_dags/example_sensor_decorator.py
[2025-02-22T22:12:44.221+0000] {processor.py:839} INFO - DAG(s) dict_keys(['example_sensor_decorator']) retrieved from /home/airflow/.local/lib/python3.10/site-packages/airflow/example_dags/example_sensor_decorator.py
[2025-02-22T22:12:44.335+0000] {logging_mixin.py:154} INFO - [2025-02-22T22:12:44.335+0000] {dag.py:2941} INFO - Sync 1 DAGs
[2025-02-22T22:12:44.358+0000] {logging_mixin.py:154} INFO - [2025-02-22T22:12:44.358+0000] {dag.py:3722} INFO - Setting next_dagrun for example_sensor_decorator to None, run_after=None
[2025-02-22T22:12:44.399+0000] {processor.py:179} INFO - Processing /home/airflow/.local/lib/python3.10/site-packages/airflow/example_dags/example_sensor_decorator.py took 0.200 seconds
[2025-02-22T22:13:14.985+0000] {processor.py:157} INFO - Started process (PID=653) to work on /home/airflow/.local/lib/python3.10/site-packages/airflow/example_dags/example_sensor_decorator.py
[2025-02-22T22:13:14.986+0000] {processor.py:829} INFO - Processing file /home/airflow/.local/lib/python3.10/site-packages/airflow/example_dags/example_sensor_decorator.py for tasks to queue
[2025-02-22T22:13:14.988+0000] {logging_mixin.py:154} INFO - [2025-02-22T22:13:14.987+0000] {dagbag.py:536} INFO - Filling up the DagBag from /home/airflow/.local/lib/python3.10/site-packages/airflow/example_dags/example_sensor_decorator.py
[2025-02-22T22:13:14.993+0000] {processor.py:839} INFO - DAG(s) dict_keys(['example_sensor_decorator']) retrieved from /home/airflow/.local/lib/python3.10/site-packages/airflow/example_dags/example_sensor_decorator.py
[2025-02-22T22:13:15.064+0000] {logging_mixin.py:154} INFO - [2025-02-22T22:13:15.064+0000] {dag.py:2941} INFO - Sync 1 DAGs
[2025-02-22T22:13:15.079+0000] {logging_mixin.py:154} INFO - [2025-02-22T22:13:15.079+0000] {dag.py:3722} INFO - Setting next_dagrun for example_sensor_decorator to None, run_after=None
[2025-02-22T22:13:15.098+0000] {processor.py:179} INFO - Processing /home/airflow/.local/lib/python3.10/site-packages/airflow/example_dags/example_sensor_decorator.py took 0.115 seconds
[2025-02-22T22:13:45.454+0000] {processor.py:157} INFO - Started process (PID=721) to work on /home/airflow/.local/lib/python3.10/site-packages/airflow/example_dags/example_sensor_decorator.py
[2025-02-22T22:13:45.455+0000] {processor.py:829} INFO - Processing file /home/airflow/.local/lib/python3.10/site-packages/airflow/example_dags/example_sensor_decorator.py for tasks to queue
[2025-02-22T22:13:45.456+0000] {logging_mixin.py:154} INFO - [2025-02-22T22:13:45.456+0000] {dagbag.py:536} INFO - Filling up the DagBag from /home/airflow/.local/lib/python3.10/site-packages/airflow/example_dags/example_sensor_decorator.py
[2025-02-22T22:13:45.461+0000] {processor.py:839} INFO - DAG(s) dict_keys(['example_sensor_decorator']) retrieved from /home/airflow/.local/lib/python3.10/site-packages/airflow/example_dags/example_sensor_decorator.py
[2025-02-22T22:13:45.526+0000] {logging_mixin.py:154} INFO - [2025-02-22T22:13:45.526+0000] {dag.py:2941} INFO - Sync 1 DAGs
[2025-02-22T22:13:45.538+0000] {logging_mixin.py:154} INFO - [2025-02-22T22:13:45.538+0000] {dag.py:3722} INFO - Setting next_dagrun for example_sensor_decorator to None, run_after=None
[2025-02-22T22:13:45.558+0000] {processor.py:179} INFO - Processing /home/airflow/.local/lib/python3.10/site-packages/airflow/example_dags/example_sensor_decorator.py took 0.106 seconds
[2025-02-22T22:14:15.865+0000] {processor.py:157} INFO - Started process (PID=782) to work on /home/airflow/.local/lib/python3.10/site-packages/airflow/example_dags/example_sensor_decorator.py
[2025-02-22T22:14:15.868+0000] {processor.py:829} INFO - Processing file /home/airflow/.local/lib/python3.10/site-packages/airflow/example_dags/example_sensor_decorator.py for tasks to queue
[2025-02-22T22:14:15.869+0000] {logging_mixin.py:154} INFO - [2025-02-22T22:14:15.869+0000] {dagbag.py:536} INFO - Filling up the DagBag from /home/airflow/.local/lib/python3.10/site-packages/airflow/example_dags/example_sensor_decorator.py
[2025-02-22T22:14:15.875+0000] {processor.py:839} INFO - DAG(s) dict_keys(['example_sensor_decorator']) retrieved from /home/airflow/.local/lib/python3.10/site-packages/airflow/example_dags/example_sensor_decorator.py
[2025-02-22T22:14:15.941+0000] {logging_mixin.py:154} INFO - [2025-02-22T22:14:15.941+0000] {dag.py:2941} INFO - Sync 1 DAGs
[2025-02-22T22:14:15.954+0000] {logging_mixin.py:154} INFO - [2025-02-22T22:14:15.954+0000] {dag.py:3722} INFO - Setting next_dagrun for example_sensor_decorator to None, run_after=None
[2025-02-22T22:14:15.972+0000] {processor.py:179} INFO - Processing /home/airflow/.local/lib/python3.10/site-packages/airflow/example_dags/example_sensor_decorator.py took 0.109 seconds
[2025-02-22T22:14:46.830+0000] {processor.py:157} INFO - Started process (PID=850) to work on /home/airflow/.local/lib/python3.10/site-packages/airflow/example_dags/example_sensor_decorator.py
[2025-02-22T22:14:46.832+0000] {processor.py:829} INFO - Processing file /home/airflow/.local/lib/python3.10/site-packages/airflow/example_dags/example_sensor_decorator.py for tasks to queue
[2025-02-22T22:14:46.833+0000] {logging_mixin.py:154} INFO - [2025-02-22T22:14:46.833+0000] {dagbag.py:536} INFO - Filling up the DagBag from /home/airflow/.local/lib/python3.10/site-packages/airflow/example_dags/example_sensor_decorator.py
[2025-02-22T22:14:46.840+0000] {processor.py:839} INFO - DAG(s) dict_keys(['example_sensor_decorator']) retrieved from /home/airflow/.local/lib/python3.10/site-packages/airflow/example_dags/example_sensor_decorator.py
[2025-02-22T22:14:46.915+0000] {logging_mixin.py:154} INFO - [2025-02-22T22:14:46.915+0000] {dag.py:2941} INFO - Sync 1 DAGs
[2025-02-22T22:14:46.930+0000] {logging_mixin.py:154} INFO - [2025-02-22T22:14:46.930+0000] {dag.py:3722} INFO - Setting next_dagrun for example_sensor_decorator to None, run_after=None
[2025-02-22T22:14:46.966+0000] {processor.py:179} INFO - Processing /home/airflow/.local/lib/python3.10/site-packages/airflow/example_dags/example_sensor_decorator.py took 0.138 seconds
[2025-02-22T22:15:17.643+0000] {processor.py:157} INFO - Started process (PID=911) to work on /home/airflow/.local/lib/python3.10/site-packages/airflow/example_dags/example_sensor_decorator.py
[2025-02-22T22:15:17.645+0000] {processor.py:829} INFO - Processing file /home/airflow/.local/lib/python3.10/site-packages/airflow/example_dags/example_sensor_decorator.py for tasks to queue
[2025-02-22T22:15:17.647+0000] {logging_mixin.py:154} INFO - [2025-02-22T22:15:17.647+0000] {dagbag.py:536} INFO - Filling up the DagBag from /home/airflow/.local/lib/python3.10/site-packages/airflow/example_dags/example_sensor_decorator.py
[2025-02-22T22:15:17.655+0000] {processor.py:839} INFO - DAG(s) dict_keys(['example_sensor_decorator']) retrieved from /home/airflow/.local/lib/python3.10/site-packages/airflow/example_dags/example_sensor_decorator.py
[2025-02-22T22:15:17.726+0000] {logging_mixin.py:154} INFO - [2025-02-22T22:15:17.726+0000] {dag.py:2941} INFO - Sync 1 DAGs
[2025-02-22T22:15:17.747+0000] {logging_mixin.py:154} INFO - [2025-02-22T22:15:17.747+0000] {dag.py:3722} INFO - Setting next_dagrun for example_sensor_decorator to None, run_after=None
[2025-02-22T22:15:17.771+0000] {processor.py:179} INFO - Processing /home/airflow/.local/lib/python3.10/site-packages/airflow/example_dags/example_sensor_decorator.py took 0.130 seconds
[2025-02-22T22:15:47.991+0000] {processor.py:157} INFO - Started process (PID=979) to work on /home/airflow/.local/lib/python3.10/site-packages/airflow/example_dags/example_sensor_decorator.py
[2025-02-22T22:15:47.992+0000] {processor.py:829} INFO - Processing file /home/airflow/.local/lib/python3.10/site-packages/airflow/example_dags/example_sensor_decorator.py for tasks to queue
[2025-02-22T22:15:47.994+0000] {logging_mixin.py:154} INFO - [2025-02-22T22:15:47.994+0000] {dagbag.py:536} INFO - Filling up the DagBag from /home/airflow/.local/lib/python3.10/site-packages/airflow/example_dags/example_sensor_decorator.py
[2025-02-22T22:15:47.999+0000] {processor.py:839} INFO - DAG(s) dict_keys(['example_sensor_decorator']) retrieved from /home/airflow/.local/lib/python3.10/site-packages/airflow/example_dags/example_sensor_decorator.py
[2025-02-22T22:15:48.064+0000] {logging_mixin.py:154} INFO - [2025-02-22T22:15:48.064+0000] {dag.py:2941} INFO - Sync 1 DAGs
[2025-02-22T22:15:48.078+0000] {logging_mixin.py:154} INFO - [2025-02-22T22:15:48.078+0000] {dag.py:3722} INFO - Setting next_dagrun for example_sensor_decorator to None, run_after=None
[2025-02-22T22:15:48.099+0000] {processor.py:179} INFO - Processing /home/airflow/.local/lib/python3.10/site-packages/airflow/example_dags/example_sensor_decorator.py took 0.110 seconds
[2025-02-22T22:16:19.380+0000] {processor.py:157} INFO - Started process (PID=1040) to work on /home/airflow/.local/lib/python3.10/site-packages/airflow/example_dags/example_sensor_decorator.py
[2025-02-22T22:16:19.381+0000] {processor.py:829} INFO - Processing file /home/airflow/.local/lib/python3.10/site-packages/airflow/example_dags/example_sensor_decorator.py for tasks to queue
[2025-02-22T22:16:19.383+0000] {logging_mixin.py:154} INFO - [2025-02-22T22:16:19.383+0000] {dagbag.py:536} INFO - Filling up the DagBag from /home/airflow/.local/lib/python3.10/site-packages/airflow/example_dags/example_sensor_decorator.py
[2025-02-22T22:16:19.388+0000] {processor.py:839} INFO - DAG(s) dict_keys(['example_sensor_decorator']) retrieved from /home/airflow/.local/lib/python3.10/site-packages/airflow/example_dags/example_sensor_decorator.py
[2025-02-22T22:16:19.460+0000] {logging_mixin.py:154} INFO - [2025-02-22T22:16:19.460+0000] {dag.py:2941} INFO - Sync 1 DAGs
[2025-02-22T22:16:19.475+0000] {logging_mixin.py:154} INFO - [2025-02-22T22:16:19.474+0000] {dag.py:3722} INFO - Setting next_dagrun for example_sensor_decorator to None, run_after=None
[2025-02-22T22:16:19.499+0000] {processor.py:179} INFO - Processing /home/airflow/.local/lib/python3.10/site-packages/airflow/example_dags/example_sensor_decorator.py took 0.121 seconds
[2025-02-22T22:16:49.731+0000] {processor.py:157} INFO - Started process (PID=1108) to work on /home/airflow/.local/lib/python3.10/site-packages/airflow/example_dags/example_sensor_decorator.py
[2025-02-22T22:16:49.732+0000] {processor.py:829} INFO - Processing file /home/airflow/.local/lib/python3.10/site-packages/airflow/example_dags/example_sensor_decorator.py for tasks to queue
[2025-02-22T22:16:49.733+0000] {logging_mixin.py:154} INFO - [2025-02-22T22:16:49.733+0000] {dagbag.py:536} INFO - Filling up the DagBag from /home/airflow/.local/lib/python3.10/site-packages/airflow/example_dags/example_sensor_decorator.py
[2025-02-22T22:16:49.739+0000] {processor.py:839} INFO - DAG(s) dict_keys(['example_sensor_decorator']) retrieved from /home/airflow/.local/lib/python3.10/site-packages/airflow/example_dags/example_sensor_decorator.py
[2025-02-22T22:16:49.816+0000] {logging_mixin.py:154} INFO - [2025-02-22T22:16:49.816+0000] {dag.py:2941} INFO - Sync 1 DAGs
[2025-02-22T22:16:49.834+0000] {logging_mixin.py:154} INFO - [2025-02-22T22:16:49.834+0000] {dag.py:3722} INFO - Setting next_dagrun for example_sensor_decorator to None, run_after=None
[2025-02-22T22:16:49.854+0000] {processor.py:179} INFO - Processing /home/airflow/.local/lib/python3.10/site-packages/airflow/example_dags/example_sensor_decorator.py took 0.125 seconds
