[2025-02-22T21:47:21.420+0000] {processor.py:157} INFO - Started process (PID=87) to work on /home/airflow/.local/lib/python3.10/site-packages/airflow/example_dags/example_local_kubernetes_executor.py
[2025-02-22T21:47:21.420+0000] {processor.py:829} INFO - Processing file /home/airflow/.local/lib/python3.10/site-packages/airflow/example_dags/example_local_kubernetes_executor.py for tasks to queue
[2025-02-22T21:47:21.422+0000] {logging_mixin.py:154} INFO - [2025-02-22T21:47:21.421+0000] {dagbag.py:536} INFO - Filling up the DagBag from /home/airflow/.local/lib/python3.10/site-packages/airflow/example_dags/example_local_kubernetes_executor.py
[2025-02-22T21:47:21.429+0000] {processor.py:839} INFO - DAG(s) dict_keys(['example_local_kubernetes_executor']) retrieved from /home/airflow/.local/lib/python3.10/site-packages/airflow/example_dags/example_local_kubernetes_executor.py
[2025-02-22T21:47:21.573+0000] {logging_mixin.py:154} INFO - [2025-02-22T21:47:21.573+0000] {manager.py:499} INFO - Created Permission View: %s
[2025-02-22T21:47:21.580+0000] {logging_mixin.py:154} INFO - [2025-02-22T21:47:21.580+0000] {manager.py:499} INFO - Created Permission View: %s
[2025-02-22T21:47:21.583+0000] {logging_mixin.py:154} INFO - [2025-02-22T21:47:21.583+0000] {manager.py:499} INFO - Created Permission View: %s
[2025-02-22T21:47:21.583+0000] {logging_mixin.py:154} INFO - [2025-02-22T21:47:21.583+0000] {dag.py:2941} INFO - Sync 1 DAGs
[2025-02-22T21:47:21.590+0000] {logging_mixin.py:154} INFO - [2025-02-22T21:47:21.590+0000] {dag.py:2963} INFO - Creating ORM DAG for example_local_kubernetes_executor
[2025-02-22T21:47:21.591+0000] {logging_mixin.py:154} INFO - [2025-02-22T21:47:21.591+0000] {dag.py:3722} INFO - Setting next_dagrun for example_local_kubernetes_executor to None, run_after=None
[2025-02-22T21:47:21.602+0000] {processor.py:179} INFO - Processing /home/airflow/.local/lib/python3.10/site-packages/airflow/example_dags/example_local_kubernetes_executor.py took 0.185 seconds
[2025-02-22T21:49:01.166+0000] {processor.py:157} INFO - Started process (PID=80) to work on /home/airflow/.local/lib/python3.10/site-packages/airflow/example_dags/example_local_kubernetes_executor.py
[2025-02-22T21:49:01.167+0000] {processor.py:829} INFO - Processing file /home/airflow/.local/lib/python3.10/site-packages/airflow/example_dags/example_local_kubernetes_executor.py for tasks to queue
[2025-02-22T21:49:01.169+0000] {logging_mixin.py:154} INFO - [2025-02-22T21:49:01.169+0000] {dagbag.py:536} INFO - Filling up the DagBag from /home/airflow/.local/lib/python3.10/site-packages/airflow/example_dags/example_local_kubernetes_executor.py
[2025-02-22T21:49:01.175+0000] {processor.py:839} INFO - DAG(s) dict_keys(['example_local_kubernetes_executor']) retrieved from /home/airflow/.local/lib/python3.10/site-packages/airflow/example_dags/example_local_kubernetes_executor.py
[2025-02-22T21:49:01.238+0000] {logging_mixin.py:154} INFO - [2025-02-22T21:49:01.238+0000] {dag.py:2941} INFO - Sync 1 DAGs
[2025-02-22T21:49:01.262+0000] {logging_mixin.py:154} INFO - [2025-02-22T21:49:01.262+0000] {dag.py:3722} INFO - Setting next_dagrun for example_local_kubernetes_executor to None, run_after=None
[2025-02-22T21:49:01.299+0000] {processor.py:179} INFO - Processing /home/airflow/.local/lib/python3.10/site-packages/airflow/example_dags/example_local_kubernetes_executor.py took 0.135 seconds
[2025-02-22T21:56:52.549+0000] {processor.py:157} INFO - Started process (PID=87) to work on /home/airflow/.local/lib/python3.10/site-packages/airflow/example_dags/example_local_kubernetes_executor.py
[2025-02-22T21:56:52.550+0000] {processor.py:829} INFO - Processing file /home/airflow/.local/lib/python3.10/site-packages/airflow/example_dags/example_local_kubernetes_executor.py for tasks to queue
[2025-02-22T21:56:52.552+0000] {logging_mixin.py:154} INFO - [2025-02-22T21:56:52.552+0000] {dagbag.py:536} INFO - Filling up the DagBag from /home/airflow/.local/lib/python3.10/site-packages/airflow/example_dags/example_local_kubernetes_executor.py
[2025-02-22T21:56:52.565+0000] {processor.py:839} INFO - DAG(s) dict_keys(['example_local_kubernetes_executor']) retrieved from /home/airflow/.local/lib/python3.10/site-packages/airflow/example_dags/example_local_kubernetes_executor.py
[2025-02-22T21:56:52.674+0000] {logging_mixin.py:154} INFO - [2025-02-22T21:56:52.673+0000] {dag.py:2941} INFO - Sync 1 DAGs
[2025-02-22T21:56:52.695+0000] {logging_mixin.py:154} INFO - [2025-02-22T21:56:52.695+0000] {dag.py:3722} INFO - Setting next_dagrun for example_local_kubernetes_executor to None, run_after=None
[2025-02-22T21:56:52.745+0000] {processor.py:179} INFO - Processing /home/airflow/.local/lib/python3.10/site-packages/airflow/example_dags/example_local_kubernetes_executor.py took 0.201 seconds
[2025-02-22T21:57:23.095+0000] {processor.py:157} INFO - Started process (PID=148) to work on /home/airflow/.local/lib/python3.10/site-packages/airflow/example_dags/example_local_kubernetes_executor.py
[2025-02-22T21:57:23.096+0000] {processor.py:829} INFO - Processing file /home/airflow/.local/lib/python3.10/site-packages/airflow/example_dags/example_local_kubernetes_executor.py for tasks to queue
[2025-02-22T21:57:23.098+0000] {logging_mixin.py:154} INFO - [2025-02-22T21:57:23.098+0000] {dagbag.py:536} INFO - Filling up the DagBag from /home/airflow/.local/lib/python3.10/site-packages/airflow/example_dags/example_local_kubernetes_executor.py
[2025-02-22T21:57:23.105+0000] {processor.py:839} INFO - DAG(s) dict_keys(['example_local_kubernetes_executor']) retrieved from /home/airflow/.local/lib/python3.10/site-packages/airflow/example_dags/example_local_kubernetes_executor.py
[2025-02-22T21:57:23.182+0000] {logging_mixin.py:154} INFO - [2025-02-22T21:57:23.182+0000] {dag.py:2941} INFO - Sync 1 DAGs
[2025-02-22T21:57:23.200+0000] {logging_mixin.py:154} INFO - [2025-02-22T21:57:23.199+0000] {dag.py:3722} INFO - Setting next_dagrun for example_local_kubernetes_executor to None, run_after=None
[2025-02-22T21:57:23.220+0000] {processor.py:179} INFO - Processing /home/airflow/.local/lib/python3.10/site-packages/airflow/example_dags/example_local_kubernetes_executor.py took 0.128 seconds
[2025-02-22T21:59:56.779+0000] {processor.py:157} INFO - Started process (PID=87) to work on /home/airflow/.local/lib/python3.10/site-packages/airflow/example_dags/example_local_kubernetes_executor.py
[2025-02-22T21:59:56.781+0000] {processor.py:829} INFO - Processing file /home/airflow/.local/lib/python3.10/site-packages/airflow/example_dags/example_local_kubernetes_executor.py for tasks to queue
[2025-02-22T21:59:56.785+0000] {logging_mixin.py:154} INFO - [2025-02-22T21:59:56.784+0000] {dagbag.py:536} INFO - Filling up the DagBag from /home/airflow/.local/lib/python3.10/site-packages/airflow/example_dags/example_local_kubernetes_executor.py
[2025-02-22T21:59:56.799+0000] {processor.py:839} INFO - DAG(s) dict_keys(['example_local_kubernetes_executor']) retrieved from /home/airflow/.local/lib/python3.10/site-packages/airflow/example_dags/example_local_kubernetes_executor.py
[2025-02-22T21:59:56.886+0000] {logging_mixin.py:154} INFO - [2025-02-22T21:59:56.886+0000] {dag.py:2941} INFO - Sync 1 DAGs
[2025-02-22T21:59:56.912+0000] {logging_mixin.py:154} INFO - [2025-02-22T21:59:56.908+0000] {dag.py:3722} INFO - Setting next_dagrun for example_local_kubernetes_executor to None, run_after=None
[2025-02-22T21:59:56.984+0000] {processor.py:179} INFO - Processing /home/airflow/.local/lib/python3.10/site-packages/airflow/example_dags/example_local_kubernetes_executor.py took 0.209 seconds
[2025-02-22T22:00:27.571+0000] {processor.py:157} INFO - Started process (PID=148) to work on /home/airflow/.local/lib/python3.10/site-packages/airflow/example_dags/example_local_kubernetes_executor.py
[2025-02-22T22:00:27.572+0000] {processor.py:829} INFO - Processing file /home/airflow/.local/lib/python3.10/site-packages/airflow/example_dags/example_local_kubernetes_executor.py for tasks to queue
[2025-02-22T22:00:27.573+0000] {logging_mixin.py:154} INFO - [2025-02-22T22:00:27.573+0000] {dagbag.py:536} INFO - Filling up the DagBag from /home/airflow/.local/lib/python3.10/site-packages/airflow/example_dags/example_local_kubernetes_executor.py
[2025-02-22T22:00:27.579+0000] {processor.py:839} INFO - DAG(s) dict_keys(['example_local_kubernetes_executor']) retrieved from /home/airflow/.local/lib/python3.10/site-packages/airflow/example_dags/example_local_kubernetes_executor.py
[2025-02-22T22:00:27.661+0000] {logging_mixin.py:154} INFO - [2025-02-22T22:00:27.661+0000] {dag.py:2941} INFO - Sync 1 DAGs
[2025-02-22T22:00:27.675+0000] {logging_mixin.py:154} INFO - [2025-02-22T22:00:27.675+0000] {dag.py:3722} INFO - Setting next_dagrun for example_local_kubernetes_executor to None, run_after=None
[2025-02-22T22:00:27.697+0000] {processor.py:179} INFO - Processing /home/airflow/.local/lib/python3.10/site-packages/airflow/example_dags/example_local_kubernetes_executor.py took 0.128 seconds
[2025-02-22T22:00:58.018+0000] {processor.py:157} INFO - Started process (PID=209) to work on /home/airflow/.local/lib/python3.10/site-packages/airflow/example_dags/example_local_kubernetes_executor.py
[2025-02-22T22:00:58.019+0000] {processor.py:829} INFO - Processing file /home/airflow/.local/lib/python3.10/site-packages/airflow/example_dags/example_local_kubernetes_executor.py for tasks to queue
[2025-02-22T22:00:58.021+0000] {logging_mixin.py:154} INFO - [2025-02-22T22:00:58.021+0000] {dagbag.py:536} INFO - Filling up the DagBag from /home/airflow/.local/lib/python3.10/site-packages/airflow/example_dags/example_local_kubernetes_executor.py
[2025-02-22T22:00:58.027+0000] {processor.py:839} INFO - DAG(s) dict_keys(['example_local_kubernetes_executor']) retrieved from /home/airflow/.local/lib/python3.10/site-packages/airflow/example_dags/example_local_kubernetes_executor.py
[2025-02-22T22:00:58.104+0000] {logging_mixin.py:154} INFO - [2025-02-22T22:00:58.104+0000] {dag.py:2941} INFO - Sync 1 DAGs
[2025-02-22T22:00:58.119+0000] {logging_mixin.py:154} INFO - [2025-02-22T22:00:58.118+0000] {dag.py:3722} INFO - Setting next_dagrun for example_local_kubernetes_executor to None, run_after=None
[2025-02-22T22:00:58.137+0000] {processor.py:179} INFO - Processing /home/airflow/.local/lib/python3.10/site-packages/airflow/example_dags/example_local_kubernetes_executor.py took 0.120 seconds
[2025-02-22T22:01:28.420+0000] {processor.py:157} INFO - Started process (PID=277) to work on /home/airflow/.local/lib/python3.10/site-packages/airflow/example_dags/example_local_kubernetes_executor.py
[2025-02-22T22:01:28.420+0000] {processor.py:829} INFO - Processing file /home/airflow/.local/lib/python3.10/site-packages/airflow/example_dags/example_local_kubernetes_executor.py for tasks to queue
[2025-02-22T22:01:28.422+0000] {logging_mixin.py:154} INFO - [2025-02-22T22:01:28.421+0000] {dagbag.py:536} INFO - Filling up the DagBag from /home/airflow/.local/lib/python3.10/site-packages/airflow/example_dags/example_local_kubernetes_executor.py
[2025-02-22T22:01:28.429+0000] {processor.py:839} INFO - DAG(s) dict_keys(['example_local_kubernetes_executor']) retrieved from /home/airflow/.local/lib/python3.10/site-packages/airflow/example_dags/example_local_kubernetes_executor.py
[2025-02-22T22:01:28.502+0000] {logging_mixin.py:154} INFO - [2025-02-22T22:01:28.502+0000] {dag.py:2941} INFO - Sync 1 DAGs
[2025-02-22T22:01:28.515+0000] {logging_mixin.py:154} INFO - [2025-02-22T22:01:28.515+0000] {dag.py:3722} INFO - Setting next_dagrun for example_local_kubernetes_executor to None, run_after=None
[2025-02-22T22:01:28.535+0000] {processor.py:179} INFO - Processing /home/airflow/.local/lib/python3.10/site-packages/airflow/example_dags/example_local_kubernetes_executor.py took 0.117 seconds
[2025-02-22T22:01:59.227+0000] {processor.py:157} INFO - Started process (PID=343) to work on /home/airflow/.local/lib/python3.10/site-packages/airflow/example_dags/example_local_kubernetes_executor.py
[2025-02-22T22:01:59.228+0000] {processor.py:829} INFO - Processing file /home/airflow/.local/lib/python3.10/site-packages/airflow/example_dags/example_local_kubernetes_executor.py for tasks to queue
[2025-02-22T22:01:59.230+0000] {logging_mixin.py:154} INFO - [2025-02-22T22:01:59.229+0000] {dagbag.py:536} INFO - Filling up the DagBag from /home/airflow/.local/lib/python3.10/site-packages/airflow/example_dags/example_local_kubernetes_executor.py
[2025-02-22T22:01:59.237+0000] {processor.py:839} INFO - DAG(s) dict_keys(['example_local_kubernetes_executor']) retrieved from /home/airflow/.local/lib/python3.10/site-packages/airflow/example_dags/example_local_kubernetes_executor.py
[2025-02-22T22:01:59.315+0000] {logging_mixin.py:154} INFO - [2025-02-22T22:01:59.315+0000] {dag.py:2941} INFO - Sync 1 DAGs
[2025-02-22T22:01:59.329+0000] {logging_mixin.py:154} INFO - [2025-02-22T22:01:59.329+0000] {dag.py:3722} INFO - Setting next_dagrun for example_local_kubernetes_executor to None, run_after=None
[2025-02-22T22:01:59.349+0000] {processor.py:179} INFO - Processing /home/airflow/.local/lib/python3.10/site-packages/airflow/example_dags/example_local_kubernetes_executor.py took 0.124 seconds
[2025-02-22T22:02:30.019+0000] {processor.py:157} INFO - Started process (PID=404) to work on /home/airflow/.local/lib/python3.10/site-packages/airflow/example_dags/example_local_kubernetes_executor.py
[2025-02-22T22:02:30.020+0000] {processor.py:829} INFO - Processing file /home/airflow/.local/lib/python3.10/site-packages/airflow/example_dags/example_local_kubernetes_executor.py for tasks to queue
[2025-02-22T22:02:30.023+0000] {logging_mixin.py:154} INFO - [2025-02-22T22:02:30.023+0000] {dagbag.py:536} INFO - Filling up the DagBag from /home/airflow/.local/lib/python3.10/site-packages/airflow/example_dags/example_local_kubernetes_executor.py
[2025-02-22T22:02:30.030+0000] {processor.py:839} INFO - DAG(s) dict_keys(['example_local_kubernetes_executor']) retrieved from /home/airflow/.local/lib/python3.10/site-packages/airflow/example_dags/example_local_kubernetes_executor.py
[2025-02-22T22:02:30.110+0000] {logging_mixin.py:154} INFO - [2025-02-22T22:02:30.110+0000] {dag.py:2941} INFO - Sync 1 DAGs
[2025-02-22T22:02:30.122+0000] {logging_mixin.py:154} INFO - [2025-02-22T22:02:30.122+0000] {dag.py:3722} INFO - Setting next_dagrun for example_local_kubernetes_executor to None, run_after=None
[2025-02-22T22:02:30.140+0000] {processor.py:179} INFO - Processing /home/airflow/.local/lib/python3.10/site-packages/airflow/example_dags/example_local_kubernetes_executor.py took 0.123 seconds
[2025-02-22T22:03:44.923+0000] {processor.py:157} INFO - Started process (PID=88) to work on /home/airflow/.local/lib/python3.10/site-packages/airflow/example_dags/example_local_kubernetes_executor.py
[2025-02-22T22:03:44.925+0000] {processor.py:829} INFO - Processing file /home/airflow/.local/lib/python3.10/site-packages/airflow/example_dags/example_local_kubernetes_executor.py for tasks to queue
[2025-02-22T22:03:44.929+0000] {logging_mixin.py:154} INFO - [2025-02-22T22:03:44.929+0000] {dagbag.py:536} INFO - Filling up the DagBag from /home/airflow/.local/lib/python3.10/site-packages/airflow/example_dags/example_local_kubernetes_executor.py
[2025-02-22T22:03:44.942+0000] {processor.py:839} INFO - DAG(s) dict_keys(['example_local_kubernetes_executor']) retrieved from /home/airflow/.local/lib/python3.10/site-packages/airflow/example_dags/example_local_kubernetes_executor.py
[2025-02-22T22:03:45.036+0000] {logging_mixin.py:154} INFO - [2025-02-22T22:03:45.036+0000] {dag.py:2941} INFO - Sync 1 DAGs
[2025-02-22T22:03:45.073+0000] {logging_mixin.py:154} INFO - [2025-02-22T22:03:45.073+0000] {dag.py:3722} INFO - Setting next_dagrun for example_local_kubernetes_executor to None, run_after=None
[2025-02-22T22:03:45.121+0000] {processor.py:179} INFO - Processing /home/airflow/.local/lib/python3.10/site-packages/airflow/example_dags/example_local_kubernetes_executor.py took 0.202 seconds
[2025-02-22T22:04:15.418+0000] {processor.py:157} INFO - Started process (PID=149) to work on /home/airflow/.local/lib/python3.10/site-packages/airflow/example_dags/example_local_kubernetes_executor.py
[2025-02-22T22:04:15.419+0000] {processor.py:829} INFO - Processing file /home/airflow/.local/lib/python3.10/site-packages/airflow/example_dags/example_local_kubernetes_executor.py for tasks to queue
[2025-02-22T22:04:15.421+0000] {logging_mixin.py:154} INFO - [2025-02-22T22:04:15.421+0000] {dagbag.py:536} INFO - Filling up the DagBag from /home/airflow/.local/lib/python3.10/site-packages/airflow/example_dags/example_local_kubernetes_executor.py
[2025-02-22T22:04:15.429+0000] {processor.py:839} INFO - DAG(s) dict_keys(['example_local_kubernetes_executor']) retrieved from /home/airflow/.local/lib/python3.10/site-packages/airflow/example_dags/example_local_kubernetes_executor.py
[2025-02-22T22:04:15.507+0000] {logging_mixin.py:154} INFO - [2025-02-22T22:04:15.507+0000] {dag.py:2941} INFO - Sync 1 DAGs
[2025-02-22T22:04:15.521+0000] {logging_mixin.py:154} INFO - [2025-02-22T22:04:15.521+0000] {dag.py:3722} INFO - Setting next_dagrun for example_local_kubernetes_executor to None, run_after=None
[2025-02-22T22:04:15.540+0000] {processor.py:179} INFO - Processing /home/airflow/.local/lib/python3.10/site-packages/airflow/example_dags/example_local_kubernetes_executor.py took 0.124 seconds
[2025-02-22T22:04:45.634+0000] {processor.py:157} INFO - Started process (PID=210) to work on /home/airflow/.local/lib/python3.10/site-packages/airflow/example_dags/example_local_kubernetes_executor.py
[2025-02-22T22:04:45.635+0000] {processor.py:829} INFO - Processing file /home/airflow/.local/lib/python3.10/site-packages/airflow/example_dags/example_local_kubernetes_executor.py for tasks to queue
[2025-02-22T22:04:45.636+0000] {logging_mixin.py:154} INFO - [2025-02-22T22:04:45.636+0000] {dagbag.py:536} INFO - Filling up the DagBag from /home/airflow/.local/lib/python3.10/site-packages/airflow/example_dags/example_local_kubernetes_executor.py
[2025-02-22T22:04:45.643+0000] {processor.py:839} INFO - DAG(s) dict_keys(['example_local_kubernetes_executor']) retrieved from /home/airflow/.local/lib/python3.10/site-packages/airflow/example_dags/example_local_kubernetes_executor.py
[2025-02-22T22:04:45.721+0000] {logging_mixin.py:154} INFO - [2025-02-22T22:04:45.721+0000] {dag.py:2941} INFO - Sync 1 DAGs
[2025-02-22T22:04:45.734+0000] {logging_mixin.py:154} INFO - [2025-02-22T22:04:45.734+0000] {dag.py:3722} INFO - Setting next_dagrun for example_local_kubernetes_executor to None, run_after=None
[2025-02-22T22:04:45.752+0000] {processor.py:179} INFO - Processing /home/airflow/.local/lib/python3.10/site-packages/airflow/example_dags/example_local_kubernetes_executor.py took 0.120 seconds
[2025-02-22T22:05:16.384+0000] {processor.py:157} INFO - Started process (PID=278) to work on /home/airflow/.local/lib/python3.10/site-packages/airflow/example_dags/example_local_kubernetes_executor.py
[2025-02-22T22:05:16.385+0000] {processor.py:829} INFO - Processing file /home/airflow/.local/lib/python3.10/site-packages/airflow/example_dags/example_local_kubernetes_executor.py for tasks to queue
[2025-02-22T22:05:16.388+0000] {logging_mixin.py:154} INFO - [2025-02-22T22:05:16.388+0000] {dagbag.py:536} INFO - Filling up the DagBag from /home/airflow/.local/lib/python3.10/site-packages/airflow/example_dags/example_local_kubernetes_executor.py
[2025-02-22T22:05:16.401+0000] {processor.py:839} INFO - DAG(s) dict_keys(['example_local_kubernetes_executor']) retrieved from /home/airflow/.local/lib/python3.10/site-packages/airflow/example_dags/example_local_kubernetes_executor.py
[2025-02-22T22:05:16.487+0000] {logging_mixin.py:154} INFO - [2025-02-22T22:05:16.487+0000] {dag.py:2941} INFO - Sync 1 DAGs
[2025-02-22T22:05:16.504+0000] {logging_mixin.py:154} INFO - [2025-02-22T22:05:16.504+0000] {dag.py:3722} INFO - Setting next_dagrun for example_local_kubernetes_executor to None, run_after=None
[2025-02-22T22:05:16.526+0000] {processor.py:179} INFO - Processing /home/airflow/.local/lib/python3.10/site-packages/airflow/example_dags/example_local_kubernetes_executor.py took 0.145 seconds
[2025-02-22T22:05:46.770+0000] {processor.py:157} INFO - Started process (PID=339) to work on /home/airflow/.local/lib/python3.10/site-packages/airflow/example_dags/example_local_kubernetes_executor.py
[2025-02-22T22:05:46.771+0000] {processor.py:829} INFO - Processing file /home/airflow/.local/lib/python3.10/site-packages/airflow/example_dags/example_local_kubernetes_executor.py for tasks to queue
[2025-02-22T22:05:46.773+0000] {logging_mixin.py:154} INFO - [2025-02-22T22:05:46.773+0000] {dagbag.py:536} INFO - Filling up the DagBag from /home/airflow/.local/lib/python3.10/site-packages/airflow/example_dags/example_local_kubernetes_executor.py
[2025-02-22T22:05:46.780+0000] {processor.py:839} INFO - DAG(s) dict_keys(['example_local_kubernetes_executor']) retrieved from /home/airflow/.local/lib/python3.10/site-packages/airflow/example_dags/example_local_kubernetes_executor.py
[2025-02-22T22:05:46.859+0000] {logging_mixin.py:154} INFO - [2025-02-22T22:05:46.859+0000] {dag.py:2941} INFO - Sync 1 DAGs
[2025-02-22T22:05:46.874+0000] {logging_mixin.py:154} INFO - [2025-02-22T22:05:46.874+0000] {dag.py:3722} INFO - Setting next_dagrun for example_local_kubernetes_executor to None, run_after=None
[2025-02-22T22:05:46.905+0000] {processor.py:179} INFO - Processing /home/airflow/.local/lib/python3.10/site-packages/airflow/example_dags/example_local_kubernetes_executor.py took 0.137 seconds
[2025-02-22T22:06:17.167+0000] {processor.py:157} INFO - Started process (PID=407) to work on /home/airflow/.local/lib/python3.10/site-packages/airflow/example_dags/example_local_kubernetes_executor.py
[2025-02-22T22:06:17.168+0000] {processor.py:829} INFO - Processing file /home/airflow/.local/lib/python3.10/site-packages/airflow/example_dags/example_local_kubernetes_executor.py for tasks to queue
[2025-02-22T22:06:17.169+0000] {logging_mixin.py:154} INFO - [2025-02-22T22:06:17.169+0000] {dagbag.py:536} INFO - Filling up the DagBag from /home/airflow/.local/lib/python3.10/site-packages/airflow/example_dags/example_local_kubernetes_executor.py
[2025-02-22T22:06:17.176+0000] {processor.py:839} INFO - DAG(s) dict_keys(['example_local_kubernetes_executor']) retrieved from /home/airflow/.local/lib/python3.10/site-packages/airflow/example_dags/example_local_kubernetes_executor.py
[2025-02-22T22:06:17.254+0000] {logging_mixin.py:154} INFO - [2025-02-22T22:06:17.253+0000] {dag.py:2941} INFO - Sync 1 DAGs
[2025-02-22T22:06:17.266+0000] {logging_mixin.py:154} INFO - [2025-02-22T22:06:17.266+0000] {dag.py:3722} INFO - Setting next_dagrun for example_local_kubernetes_executor to None, run_after=None
[2025-02-22T22:06:17.285+0000] {processor.py:179} INFO - Processing /home/airflow/.local/lib/python3.10/site-packages/airflow/example_dags/example_local_kubernetes_executor.py took 0.120 seconds
[2025-02-22T22:06:48.109+0000] {processor.py:157} INFO - Started process (PID=475) to work on /home/airflow/.local/lib/python3.10/site-packages/airflow/example_dags/example_local_kubernetes_executor.py
[2025-02-22T22:06:48.110+0000] {processor.py:829} INFO - Processing file /home/airflow/.local/lib/python3.10/site-packages/airflow/example_dags/example_local_kubernetes_executor.py for tasks to queue
[2025-02-22T22:06:48.113+0000] {logging_mixin.py:154} INFO - [2025-02-22T22:06:48.112+0000] {dagbag.py:536} INFO - Filling up the DagBag from /home/airflow/.local/lib/python3.10/site-packages/airflow/example_dags/example_local_kubernetes_executor.py
[2025-02-22T22:06:48.122+0000] {processor.py:839} INFO - DAG(s) dict_keys(['example_local_kubernetes_executor']) retrieved from /home/airflow/.local/lib/python3.10/site-packages/airflow/example_dags/example_local_kubernetes_executor.py
[2025-02-22T22:06:48.237+0000] {logging_mixin.py:154} INFO - [2025-02-22T22:06:48.236+0000] {dag.py:2941} INFO - Sync 1 DAGs
[2025-02-22T22:06:48.251+0000] {logging_mixin.py:154} INFO - [2025-02-22T22:06:48.251+0000] {dag.py:3722} INFO - Setting next_dagrun for example_local_kubernetes_executor to None, run_after=None
[2025-02-22T22:06:48.271+0000] {processor.py:179} INFO - Processing /home/airflow/.local/lib/python3.10/site-packages/airflow/example_dags/example_local_kubernetes_executor.py took 0.165 seconds
[2025-02-22T22:07:18.546+0000] {processor.py:157} INFO - Started process (PID=536) to work on /home/airflow/.local/lib/python3.10/site-packages/airflow/example_dags/example_local_kubernetes_executor.py
[2025-02-22T22:07:18.548+0000] {processor.py:829} INFO - Processing file /home/airflow/.local/lib/python3.10/site-packages/airflow/example_dags/example_local_kubernetes_executor.py for tasks to queue
[2025-02-22T22:07:18.549+0000] {logging_mixin.py:154} INFO - [2025-02-22T22:07:18.549+0000] {dagbag.py:536} INFO - Filling up the DagBag from /home/airflow/.local/lib/python3.10/site-packages/airflow/example_dags/example_local_kubernetes_executor.py
[2025-02-22T22:07:18.558+0000] {processor.py:839} INFO - DAG(s) dict_keys(['example_local_kubernetes_executor']) retrieved from /home/airflow/.local/lib/python3.10/site-packages/airflow/example_dags/example_local_kubernetes_executor.py
[2025-02-22T22:07:18.636+0000] {logging_mixin.py:154} INFO - [2025-02-22T22:07:18.635+0000] {dag.py:2941} INFO - Sync 1 DAGs
[2025-02-22T22:07:18.649+0000] {logging_mixin.py:154} INFO - [2025-02-22T22:07:18.649+0000] {dag.py:3722} INFO - Setting next_dagrun for example_local_kubernetes_executor to None, run_after=None
[2025-02-22T22:07:18.673+0000] {processor.py:179} INFO - Processing /home/airflow/.local/lib/python3.10/site-packages/airflow/example_dags/example_local_kubernetes_executor.py took 0.129 seconds
[2025-02-22T22:07:49.183+0000] {processor.py:157} INFO - Started process (PID=604) to work on /home/airflow/.local/lib/python3.10/site-packages/airflow/example_dags/example_local_kubernetes_executor.py
[2025-02-22T22:07:49.184+0000] {processor.py:829} INFO - Processing file /home/airflow/.local/lib/python3.10/site-packages/airflow/example_dags/example_local_kubernetes_executor.py for tasks to queue
[2025-02-22T22:07:49.185+0000] {logging_mixin.py:154} INFO - [2025-02-22T22:07:49.185+0000] {dagbag.py:536} INFO - Filling up the DagBag from /home/airflow/.local/lib/python3.10/site-packages/airflow/example_dags/example_local_kubernetes_executor.py
[2025-02-22T22:07:49.192+0000] {processor.py:839} INFO - DAG(s) dict_keys(['example_local_kubernetes_executor']) retrieved from /home/airflow/.local/lib/python3.10/site-packages/airflow/example_dags/example_local_kubernetes_executor.py
[2025-02-22T22:07:49.277+0000] {logging_mixin.py:154} INFO - [2025-02-22T22:07:49.276+0000] {dag.py:2941} INFO - Sync 1 DAGs
[2025-02-22T22:07:49.290+0000] {logging_mixin.py:154} INFO - [2025-02-22T22:07:49.290+0000] {dag.py:3722} INFO - Setting next_dagrun for example_local_kubernetes_executor to None, run_after=None
[2025-02-22T22:07:49.310+0000] {processor.py:179} INFO - Processing /home/airflow/.local/lib/python3.10/site-packages/airflow/example_dags/example_local_kubernetes_executor.py took 0.130 seconds
[2025-02-22T22:08:40.802+0000] {processor.py:157} INFO - Started process (PID=86) to work on /home/airflow/.local/lib/python3.10/site-packages/airflow/example_dags/example_local_kubernetes_executor.py
[2025-02-22T22:08:40.805+0000] {processor.py:829} INFO - Processing file /home/airflow/.local/lib/python3.10/site-packages/airflow/example_dags/example_local_kubernetes_executor.py for tasks to queue
[2025-02-22T22:08:40.811+0000] {logging_mixin.py:154} INFO - [2025-02-22T22:08:40.810+0000] {dagbag.py:536} INFO - Filling up the DagBag from /home/airflow/.local/lib/python3.10/site-packages/airflow/example_dags/example_local_kubernetes_executor.py
[2025-02-22T22:08:40.825+0000] {processor.py:839} INFO - DAG(s) dict_keys(['example_local_kubernetes_executor']) retrieved from /home/airflow/.local/lib/python3.10/site-packages/airflow/example_dags/example_local_kubernetes_executor.py
[2025-02-22T22:08:40.932+0000] {logging_mixin.py:154} INFO - [2025-02-22T22:08:40.932+0000] {dag.py:2941} INFO - Sync 1 DAGs
[2025-02-22T22:08:40.954+0000] {logging_mixin.py:154} INFO - [2025-02-22T22:08:40.953+0000] {dag.py:3722} INFO - Setting next_dagrun for example_local_kubernetes_executor to None, run_after=None
[2025-02-22T22:08:41.019+0000] {processor.py:179} INFO - Processing /home/airflow/.local/lib/python3.10/site-packages/airflow/example_dags/example_local_kubernetes_executor.py took 0.221 seconds
[2025-02-22T22:09:11.713+0000] {processor.py:157} INFO - Started process (PID=147) to work on /home/airflow/.local/lib/python3.10/site-packages/airflow/example_dags/example_local_kubernetes_executor.py
[2025-02-22T22:09:11.714+0000] {processor.py:829} INFO - Processing file /home/airflow/.local/lib/python3.10/site-packages/airflow/example_dags/example_local_kubernetes_executor.py for tasks to queue
[2025-02-22T22:09:11.715+0000] {logging_mixin.py:154} INFO - [2025-02-22T22:09:11.715+0000] {dagbag.py:536} INFO - Filling up the DagBag from /home/airflow/.local/lib/python3.10/site-packages/airflow/example_dags/example_local_kubernetes_executor.py
[2025-02-22T22:09:11.721+0000] {processor.py:839} INFO - DAG(s) dict_keys(['example_local_kubernetes_executor']) retrieved from /home/airflow/.local/lib/python3.10/site-packages/airflow/example_dags/example_local_kubernetes_executor.py
[2025-02-22T22:09:11.800+0000] {logging_mixin.py:154} INFO - [2025-02-22T22:09:11.800+0000] {dag.py:2941} INFO - Sync 1 DAGs
[2025-02-22T22:09:11.813+0000] {logging_mixin.py:154} INFO - [2025-02-22T22:09:11.813+0000] {dag.py:3722} INFO - Setting next_dagrun for example_local_kubernetes_executor to None, run_after=None
[2025-02-22T22:09:11.832+0000] {processor.py:179} INFO - Processing /home/airflow/.local/lib/python3.10/site-packages/airflow/example_dags/example_local_kubernetes_executor.py took 0.122 seconds
[2025-02-22T22:09:42.343+0000] {processor.py:157} INFO - Started process (PID=214) to work on /home/airflow/.local/lib/python3.10/site-packages/airflow/example_dags/example_local_kubernetes_executor.py
[2025-02-22T22:09:42.346+0000] {processor.py:829} INFO - Processing file /home/airflow/.local/lib/python3.10/site-packages/airflow/example_dags/example_local_kubernetes_executor.py for tasks to queue
[2025-02-22T22:09:42.349+0000] {logging_mixin.py:154} INFO - [2025-02-22T22:09:42.348+0000] {dagbag.py:536} INFO - Filling up the DagBag from /home/airflow/.local/lib/python3.10/site-packages/airflow/example_dags/example_local_kubernetes_executor.py
[2025-02-22T22:09:42.391+0000] {processor.py:839} INFO - DAG(s) dict_keys(['example_local_kubernetes_executor']) retrieved from /home/airflow/.local/lib/python3.10/site-packages/airflow/example_dags/example_local_kubernetes_executor.py
[2025-02-22T22:09:42.562+0000] {logging_mixin.py:154} INFO - [2025-02-22T22:09:42.562+0000] {dag.py:2941} INFO - Sync 1 DAGs
[2025-02-22T22:09:42.583+0000] {logging_mixin.py:154} INFO - [2025-02-22T22:09:42.583+0000] {dag.py:3722} INFO - Setting next_dagrun for example_local_kubernetes_executor to None, run_after=None
[2025-02-22T22:09:42.612+0000] {processor.py:179} INFO - Processing /home/airflow/.local/lib/python3.10/site-packages/airflow/example_dags/example_local_kubernetes_executor.py took 0.274 seconds
[2025-02-22T22:10:13.276+0000] {processor.py:157} INFO - Started process (PID=275) to work on /home/airflow/.local/lib/python3.10/site-packages/airflow/example_dags/example_local_kubernetes_executor.py
[2025-02-22T22:10:13.278+0000] {processor.py:829} INFO - Processing file /home/airflow/.local/lib/python3.10/site-packages/airflow/example_dags/example_local_kubernetes_executor.py for tasks to queue
[2025-02-22T22:10:13.281+0000] {logging_mixin.py:154} INFO - [2025-02-22T22:10:13.281+0000] {dagbag.py:536} INFO - Filling up the DagBag from /home/airflow/.local/lib/python3.10/site-packages/airflow/example_dags/example_local_kubernetes_executor.py
[2025-02-22T22:10:13.289+0000] {processor.py:839} INFO - DAG(s) dict_keys(['example_local_kubernetes_executor']) retrieved from /home/airflow/.local/lib/python3.10/site-packages/airflow/example_dags/example_local_kubernetes_executor.py
[2025-02-22T22:10:13.369+0000] {logging_mixin.py:154} INFO - [2025-02-22T22:10:13.369+0000] {dag.py:2941} INFO - Sync 1 DAGs
[2025-02-22T22:10:13.384+0000] {logging_mixin.py:154} INFO - [2025-02-22T22:10:13.384+0000] {dag.py:3722} INFO - Setting next_dagrun for example_local_kubernetes_executor to None, run_after=None
[2025-02-22T22:10:13.403+0000] {processor.py:179} INFO - Processing /home/airflow/.local/lib/python3.10/site-packages/airflow/example_dags/example_local_kubernetes_executor.py took 0.130 seconds
[2025-02-22T22:10:43.534+0000] {processor.py:157} INFO - Started process (PID=342) to work on /home/airflow/.local/lib/python3.10/site-packages/airflow/example_dags/example_local_kubernetes_executor.py
[2025-02-22T22:10:43.535+0000] {processor.py:829} INFO - Processing file /home/airflow/.local/lib/python3.10/site-packages/airflow/example_dags/example_local_kubernetes_executor.py for tasks to queue
[2025-02-22T22:10:43.537+0000] {logging_mixin.py:154} INFO - [2025-02-22T22:10:43.536+0000] {dagbag.py:536} INFO - Filling up the DagBag from /home/airflow/.local/lib/python3.10/site-packages/airflow/example_dags/example_local_kubernetes_executor.py
[2025-02-22T22:10:43.544+0000] {processor.py:839} INFO - DAG(s) dict_keys(['example_local_kubernetes_executor']) retrieved from /home/airflow/.local/lib/python3.10/site-packages/airflow/example_dags/example_local_kubernetes_executor.py
[2025-02-22T22:10:43.637+0000] {logging_mixin.py:154} INFO - [2025-02-22T22:10:43.636+0000] {dag.py:2941} INFO - Sync 1 DAGs
[2025-02-22T22:10:43.651+0000] {logging_mixin.py:154} INFO - [2025-02-22T22:10:43.651+0000] {dag.py:3722} INFO - Setting next_dagrun for example_local_kubernetes_executor to None, run_after=None
[2025-02-22T22:10:43.675+0000] {processor.py:179} INFO - Processing /home/airflow/.local/lib/python3.10/site-packages/airflow/example_dags/example_local_kubernetes_executor.py took 0.145 seconds
[2025-02-22T22:11:14.686+0000] {processor.py:157} INFO - Started process (PID=402) to work on /home/airflow/.local/lib/python3.10/site-packages/airflow/example_dags/example_local_kubernetes_executor.py
[2025-02-22T22:11:14.689+0000] {processor.py:829} INFO - Processing file /home/airflow/.local/lib/python3.10/site-packages/airflow/example_dags/example_local_kubernetes_executor.py for tasks to queue
[2025-02-22T22:11:14.692+0000] {logging_mixin.py:154} INFO - [2025-02-22T22:11:14.691+0000] {dagbag.py:536} INFO - Filling up the DagBag from /home/airflow/.local/lib/python3.10/site-packages/airflow/example_dags/example_local_kubernetes_executor.py
[2025-02-22T22:11:14.699+0000] {processor.py:839} INFO - DAG(s) dict_keys(['example_local_kubernetes_executor']) retrieved from /home/airflow/.local/lib/python3.10/site-packages/airflow/example_dags/example_local_kubernetes_executor.py
[2025-02-22T22:11:14.806+0000] {logging_mixin.py:154} INFO - [2025-02-22T22:11:14.805+0000] {dag.py:2941} INFO - Sync 1 DAGs
[2025-02-22T22:11:14.820+0000] {logging_mixin.py:154} INFO - [2025-02-22T22:11:14.820+0000] {dag.py:3722} INFO - Setting next_dagrun for example_local_kubernetes_executor to None, run_after=None
[2025-02-22T22:11:14.842+0000] {processor.py:179} INFO - Processing /home/airflow/.local/lib/python3.10/site-packages/airflow/example_dags/example_local_kubernetes_executor.py took 0.158 seconds
[2025-02-22T22:11:45.542+0000] {processor.py:157} INFO - Started process (PID=470) to work on /home/airflow/.local/lib/python3.10/site-packages/airflow/example_dags/example_local_kubernetes_executor.py
[2025-02-22T22:11:45.545+0000] {processor.py:829} INFO - Processing file /home/airflow/.local/lib/python3.10/site-packages/airflow/example_dags/example_local_kubernetes_executor.py for tasks to queue
[2025-02-22T22:11:45.547+0000] {logging_mixin.py:154} INFO - [2025-02-22T22:11:45.547+0000] {dagbag.py:536} INFO - Filling up the DagBag from /home/airflow/.local/lib/python3.10/site-packages/airflow/example_dags/example_local_kubernetes_executor.py
[2025-02-22T22:11:45.554+0000] {processor.py:839} INFO - DAG(s) dict_keys(['example_local_kubernetes_executor']) retrieved from /home/airflow/.local/lib/python3.10/site-packages/airflow/example_dags/example_local_kubernetes_executor.py
[2025-02-22T22:11:45.630+0000] {logging_mixin.py:154} INFO - [2025-02-22T22:11:45.629+0000] {dag.py:2941} INFO - Sync 1 DAGs
[2025-02-22T22:11:45.642+0000] {logging_mixin.py:154} INFO - [2025-02-22T22:11:45.642+0000] {dag.py:3722} INFO - Setting next_dagrun for example_local_kubernetes_executor to None, run_after=None
[2025-02-22T22:11:45.664+0000] {processor.py:179} INFO - Processing /home/airflow/.local/lib/python3.10/site-packages/airflow/example_dags/example_local_kubernetes_executor.py took 0.124 seconds
[2025-02-22T22:12:16.335+0000] {processor.py:157} INFO - Started process (PID=531) to work on /home/airflow/.local/lib/python3.10/site-packages/airflow/example_dags/example_local_kubernetes_executor.py
[2025-02-22T22:12:16.337+0000] {processor.py:829} INFO - Processing file /home/airflow/.local/lib/python3.10/site-packages/airflow/example_dags/example_local_kubernetes_executor.py for tasks to queue
[2025-02-22T22:12:16.339+0000] {logging_mixin.py:154} INFO - [2025-02-22T22:12:16.339+0000] {dagbag.py:536} INFO - Filling up the DagBag from /home/airflow/.local/lib/python3.10/site-packages/airflow/example_dags/example_local_kubernetes_executor.py
[2025-02-22T22:12:16.345+0000] {processor.py:839} INFO - DAG(s) dict_keys(['example_local_kubernetes_executor']) retrieved from /home/airflow/.local/lib/python3.10/site-packages/airflow/example_dags/example_local_kubernetes_executor.py
[2025-02-22T22:12:16.426+0000] {logging_mixin.py:154} INFO - [2025-02-22T22:12:16.426+0000] {dag.py:2941} INFO - Sync 1 DAGs
[2025-02-22T22:12:16.441+0000] {logging_mixin.py:154} INFO - [2025-02-22T22:12:16.441+0000] {dag.py:3722} INFO - Setting next_dagrun for example_local_kubernetes_executor to None, run_after=None
[2025-02-22T22:12:16.464+0000] {processor.py:179} INFO - Processing /home/airflow/.local/lib/python3.10/site-packages/airflow/example_dags/example_local_kubernetes_executor.py took 0.131 seconds
[2025-02-22T22:12:46.883+0000] {processor.py:157} INFO - Started process (PID=598) to work on /home/airflow/.local/lib/python3.10/site-packages/airflow/example_dags/example_local_kubernetes_executor.py
[2025-02-22T22:12:46.884+0000] {processor.py:829} INFO - Processing file /home/airflow/.local/lib/python3.10/site-packages/airflow/example_dags/example_local_kubernetes_executor.py for tasks to queue
[2025-02-22T22:12:46.887+0000] {logging_mixin.py:154} INFO - [2025-02-22T22:12:46.886+0000] {dagbag.py:536} INFO - Filling up the DagBag from /home/airflow/.local/lib/python3.10/site-packages/airflow/example_dags/example_local_kubernetes_executor.py
[2025-02-22T22:12:46.895+0000] {processor.py:839} INFO - DAG(s) dict_keys(['example_local_kubernetes_executor']) retrieved from /home/airflow/.local/lib/python3.10/site-packages/airflow/example_dags/example_local_kubernetes_executor.py
[2025-02-22T22:12:46.994+0000] {logging_mixin.py:154} INFO - [2025-02-22T22:12:46.993+0000] {dag.py:2941} INFO - Sync 1 DAGs
[2025-02-22T22:12:47.018+0000] {logging_mixin.py:154} INFO - [2025-02-22T22:12:47.018+0000] {dag.py:3722} INFO - Setting next_dagrun for example_local_kubernetes_executor to None, run_after=None
[2025-02-22T22:12:47.046+0000] {processor.py:179} INFO - Processing /home/airflow/.local/lib/python3.10/site-packages/airflow/example_dags/example_local_kubernetes_executor.py took 0.170 seconds
[2025-02-22T22:13:17.467+0000] {processor.py:157} INFO - Started process (PID=659) to work on /home/airflow/.local/lib/python3.10/site-packages/airflow/example_dags/example_local_kubernetes_executor.py
[2025-02-22T22:13:17.468+0000] {processor.py:829} INFO - Processing file /home/airflow/.local/lib/python3.10/site-packages/airflow/example_dags/example_local_kubernetes_executor.py for tasks to queue
[2025-02-22T22:13:17.470+0000] {logging_mixin.py:154} INFO - [2025-02-22T22:13:17.470+0000] {dagbag.py:536} INFO - Filling up the DagBag from /home/airflow/.local/lib/python3.10/site-packages/airflow/example_dags/example_local_kubernetes_executor.py
[2025-02-22T22:13:17.476+0000] {processor.py:839} INFO - DAG(s) dict_keys(['example_local_kubernetes_executor']) retrieved from /home/airflow/.local/lib/python3.10/site-packages/airflow/example_dags/example_local_kubernetes_executor.py
[2025-02-22T22:13:17.568+0000] {logging_mixin.py:154} INFO - [2025-02-22T22:13:17.568+0000] {dag.py:2941} INFO - Sync 1 DAGs
[2025-02-22T22:13:17.582+0000] {logging_mixin.py:154} INFO - [2025-02-22T22:13:17.582+0000] {dag.py:3722} INFO - Setting next_dagrun for example_local_kubernetes_executor to None, run_after=None
[2025-02-22T22:13:17.607+0000] {processor.py:179} INFO - Processing /home/airflow/.local/lib/python3.10/site-packages/airflow/example_dags/example_local_kubernetes_executor.py took 0.142 seconds
[2025-02-22T22:13:48.000+0000] {processor.py:157} INFO - Started process (PID=727) to work on /home/airflow/.local/lib/python3.10/site-packages/airflow/example_dags/example_local_kubernetes_executor.py
[2025-02-22T22:13:48.001+0000] {processor.py:829} INFO - Processing file /home/airflow/.local/lib/python3.10/site-packages/airflow/example_dags/example_local_kubernetes_executor.py for tasks to queue
[2025-02-22T22:13:48.002+0000] {logging_mixin.py:154} INFO - [2025-02-22T22:13:48.002+0000] {dagbag.py:536} INFO - Filling up the DagBag from /home/airflow/.local/lib/python3.10/site-packages/airflow/example_dags/example_local_kubernetes_executor.py
[2025-02-22T22:13:48.012+0000] {processor.py:839} INFO - DAG(s) dict_keys(['example_local_kubernetes_executor']) retrieved from /home/airflow/.local/lib/python3.10/site-packages/airflow/example_dags/example_local_kubernetes_executor.py
[2025-02-22T22:13:48.107+0000] {logging_mixin.py:154} INFO - [2025-02-22T22:13:48.107+0000] {dag.py:2941} INFO - Sync 1 DAGs
[2025-02-22T22:13:48.123+0000] {logging_mixin.py:154} INFO - [2025-02-22T22:13:48.123+0000] {dag.py:3722} INFO - Setting next_dagrun for example_local_kubernetes_executor to None, run_after=None
[2025-02-22T22:13:48.146+0000] {processor.py:179} INFO - Processing /home/airflow/.local/lib/python3.10/site-packages/airflow/example_dags/example_local_kubernetes_executor.py took 0.148 seconds
[2025-02-22T22:14:18.510+0000] {processor.py:157} INFO - Started process (PID=788) to work on /home/airflow/.local/lib/python3.10/site-packages/airflow/example_dags/example_local_kubernetes_executor.py
[2025-02-22T22:14:18.512+0000] {processor.py:829} INFO - Processing file /home/airflow/.local/lib/python3.10/site-packages/airflow/example_dags/example_local_kubernetes_executor.py for tasks to queue
[2025-02-22T22:14:18.516+0000] {logging_mixin.py:154} INFO - [2025-02-22T22:14:18.515+0000] {dagbag.py:536} INFO - Filling up the DagBag from /home/airflow/.local/lib/python3.10/site-packages/airflow/example_dags/example_local_kubernetes_executor.py
[2025-02-22T22:14:18.533+0000] {processor.py:839} INFO - DAG(s) dict_keys(['example_local_kubernetes_executor']) retrieved from /home/airflow/.local/lib/python3.10/site-packages/airflow/example_dags/example_local_kubernetes_executor.py
[2025-02-22T22:14:18.799+0000] {logging_mixin.py:154} INFO - [2025-02-22T22:14:18.799+0000] {dag.py:2941} INFO - Sync 1 DAGs
[2025-02-22T22:14:18.836+0000] {logging_mixin.py:154} INFO - [2025-02-22T22:14:18.836+0000] {dag.py:3722} INFO - Setting next_dagrun for example_local_kubernetes_executor to None, run_after=None
[2025-02-22T22:14:18.877+0000] {processor.py:179} INFO - Processing /home/airflow/.local/lib/python3.10/site-packages/airflow/example_dags/example_local_kubernetes_executor.py took 0.372 seconds
[2025-02-22T22:14:49.293+0000] {processor.py:157} INFO - Started process (PID=856) to work on /home/airflow/.local/lib/python3.10/site-packages/airflow/example_dags/example_local_kubernetes_executor.py
[2025-02-22T22:14:49.294+0000] {processor.py:829} INFO - Processing file /home/airflow/.local/lib/python3.10/site-packages/airflow/example_dags/example_local_kubernetes_executor.py for tasks to queue
[2025-02-22T22:14:49.295+0000] {logging_mixin.py:154} INFO - [2025-02-22T22:14:49.295+0000] {dagbag.py:536} INFO - Filling up the DagBag from /home/airflow/.local/lib/python3.10/site-packages/airflow/example_dags/example_local_kubernetes_executor.py
[2025-02-22T22:14:49.303+0000] {processor.py:839} INFO - DAG(s) dict_keys(['example_local_kubernetes_executor']) retrieved from /home/airflow/.local/lib/python3.10/site-packages/airflow/example_dags/example_local_kubernetes_executor.py
[2025-02-22T22:14:49.400+0000] {logging_mixin.py:154} INFO - [2025-02-22T22:14:49.400+0000] {dag.py:2941} INFO - Sync 1 DAGs
[2025-02-22T22:14:49.416+0000] {logging_mixin.py:154} INFO - [2025-02-22T22:14:49.416+0000] {dag.py:3722} INFO - Setting next_dagrun for example_local_kubernetes_executor to None, run_after=None
[2025-02-22T22:14:49.437+0000] {processor.py:179} INFO - Processing /home/airflow/.local/lib/python3.10/site-packages/airflow/example_dags/example_local_kubernetes_executor.py took 0.147 seconds
[2025-02-22T22:15:20.311+0000] {processor.py:157} INFO - Started process (PID=917) to work on /home/airflow/.local/lib/python3.10/site-packages/airflow/example_dags/example_local_kubernetes_executor.py
[2025-02-22T22:15:20.312+0000] {processor.py:829} INFO - Processing file /home/airflow/.local/lib/python3.10/site-packages/airflow/example_dags/example_local_kubernetes_executor.py for tasks to queue
[2025-02-22T22:15:20.314+0000] {logging_mixin.py:154} INFO - [2025-02-22T22:15:20.313+0000] {dagbag.py:536} INFO - Filling up the DagBag from /home/airflow/.local/lib/python3.10/site-packages/airflow/example_dags/example_local_kubernetes_executor.py
[2025-02-22T22:15:20.322+0000] {processor.py:839} INFO - DAG(s) dict_keys(['example_local_kubernetes_executor']) retrieved from /home/airflow/.local/lib/python3.10/site-packages/airflow/example_dags/example_local_kubernetes_executor.py
[2025-02-22T22:15:20.407+0000] {logging_mixin.py:154} INFO - [2025-02-22T22:15:20.407+0000] {dag.py:2941} INFO - Sync 1 DAGs
[2025-02-22T22:15:20.421+0000] {logging_mixin.py:154} INFO - [2025-02-22T22:15:20.421+0000] {dag.py:3722} INFO - Setting next_dagrun for example_local_kubernetes_executor to None, run_after=None
[2025-02-22T22:15:20.441+0000] {processor.py:179} INFO - Processing /home/airflow/.local/lib/python3.10/site-packages/airflow/example_dags/example_local_kubernetes_executor.py took 0.132 seconds
[2025-02-22T22:15:50.558+0000] {processor.py:157} INFO - Started process (PID=986) to work on /home/airflow/.local/lib/python3.10/site-packages/airflow/example_dags/example_local_kubernetes_executor.py
[2025-02-22T22:15:50.559+0000] {processor.py:829} INFO - Processing file /home/airflow/.local/lib/python3.10/site-packages/airflow/example_dags/example_local_kubernetes_executor.py for tasks to queue
[2025-02-22T22:15:50.561+0000] {logging_mixin.py:154} INFO - [2025-02-22T22:15:50.561+0000] {dagbag.py:536} INFO - Filling up the DagBag from /home/airflow/.local/lib/python3.10/site-packages/airflow/example_dags/example_local_kubernetes_executor.py
[2025-02-22T22:15:50.570+0000] {processor.py:839} INFO - DAG(s) dict_keys(['example_local_kubernetes_executor']) retrieved from /home/airflow/.local/lib/python3.10/site-packages/airflow/example_dags/example_local_kubernetes_executor.py
[2025-02-22T22:15:50.660+0000] {logging_mixin.py:154} INFO - [2025-02-22T22:15:50.660+0000] {dag.py:2941} INFO - Sync 1 DAGs
[2025-02-22T22:15:50.674+0000] {logging_mixin.py:154} INFO - [2025-02-22T22:15:50.674+0000] {dag.py:3722} INFO - Setting next_dagrun for example_local_kubernetes_executor to None, run_after=None
[2025-02-22T22:15:50.693+0000] {processor.py:179} INFO - Processing /home/airflow/.local/lib/python3.10/site-packages/airflow/example_dags/example_local_kubernetes_executor.py took 0.138 seconds
[2025-02-22T22:16:20.878+0000] {processor.py:157} INFO - Started process (PID=1047) to work on /home/airflow/.local/lib/python3.10/site-packages/airflow/example_dags/example_local_kubernetes_executor.py
[2025-02-22T22:16:20.879+0000] {processor.py:829} INFO - Processing file /home/airflow/.local/lib/python3.10/site-packages/airflow/example_dags/example_local_kubernetes_executor.py for tasks to queue
[2025-02-22T22:16:20.881+0000] {logging_mixin.py:154} INFO - [2025-02-22T22:16:20.881+0000] {dagbag.py:536} INFO - Filling up the DagBag from /home/airflow/.local/lib/python3.10/site-packages/airflow/example_dags/example_local_kubernetes_executor.py
[2025-02-22T22:16:20.888+0000] {processor.py:839} INFO - DAG(s) dict_keys(['example_local_kubernetes_executor']) retrieved from /home/airflow/.local/lib/python3.10/site-packages/airflow/example_dags/example_local_kubernetes_executor.py
[2025-02-22T22:16:20.969+0000] {logging_mixin.py:154} INFO - [2025-02-22T22:16:20.968+0000] {dag.py:2941} INFO - Sync 1 DAGs
[2025-02-22T22:16:20.983+0000] {logging_mixin.py:154} INFO - [2025-02-22T22:16:20.983+0000] {dag.py:3722} INFO - Setting next_dagrun for example_local_kubernetes_executor to None, run_after=None
[2025-02-22T22:16:21.012+0000] {processor.py:179} INFO - Processing /home/airflow/.local/lib/python3.10/site-packages/airflow/example_dags/example_local_kubernetes_executor.py took 0.136 seconds
[2025-02-22T22:16:51.267+0000] {processor.py:157} INFO - Started process (PID=1115) to work on /home/airflow/.local/lib/python3.10/site-packages/airflow/example_dags/example_local_kubernetes_executor.py
[2025-02-22T22:16:51.268+0000] {processor.py:829} INFO - Processing file /home/airflow/.local/lib/python3.10/site-packages/airflow/example_dags/example_local_kubernetes_executor.py for tasks to queue
[2025-02-22T22:16:51.269+0000] {logging_mixin.py:154} INFO - [2025-02-22T22:16:51.269+0000] {dagbag.py:536} INFO - Filling up the DagBag from /home/airflow/.local/lib/python3.10/site-packages/airflow/example_dags/example_local_kubernetes_executor.py
[2025-02-22T22:16:51.276+0000] {processor.py:839} INFO - DAG(s) dict_keys(['example_local_kubernetes_executor']) retrieved from /home/airflow/.local/lib/python3.10/site-packages/airflow/example_dags/example_local_kubernetes_executor.py
[2025-02-22T22:16:51.358+0000] {logging_mixin.py:154} INFO - [2025-02-22T22:16:51.358+0000] {dag.py:2941} INFO - Sync 1 DAGs
[2025-02-22T22:16:51.373+0000] {logging_mixin.py:154} INFO - [2025-02-22T22:16:51.373+0000] {dag.py:3722} INFO - Setting next_dagrun for example_local_kubernetes_executor to None, run_after=None
[2025-02-22T22:16:51.391+0000] {processor.py:179} INFO - Processing /home/airflow/.local/lib/python3.10/site-packages/airflow/example_dags/example_local_kubernetes_executor.py took 0.126 seconds
