[2025-02-22T21:47:21.126+0000] {processor.py:157} INFO - Started process (PID=85) to work on /home/airflow/.local/lib/python3.10/site-packages/airflow/example_dags/example_branch_datetime_operator.py
[2025-02-22T21:47:21.127+0000] {processor.py:829} INFO - Processing file /home/airflow/.local/lib/python3.10/site-packages/airflow/example_dags/example_branch_datetime_operator.py for tasks to queue
[2025-02-22T21:47:21.130+0000] {logging_mixin.py:154} INFO - [2025-02-22T21:47:21.129+0000] {dagbag.py:536} INFO - Filling up the DagBag from /home/airflow/.local/lib/python3.10/site-packages/airflow/example_dags/example_branch_datetime_operator.py
[2025-02-22T21:47:21.144+0000] {processor.py:839} INFO - DAG(s) dict_keys(['example_branch_datetime_operator', 'example_branch_datetime_operator_2', 'example_branch_datetime_operator_3']) retrieved from /home/airflow/.local/lib/python3.10/site-packages/airflow/example_dags/example_branch_datetime_operator.py
[2025-02-22T21:47:21.294+0000] {logging_mixin.py:154} INFO - [2025-02-22T21:47:21.294+0000] {manager.py:499} INFO - Created Permission View: %s
[2025-02-22T21:47:21.307+0000] {logging_mixin.py:154} INFO - [2025-02-22T21:47:21.307+0000] {manager.py:499} INFO - Created Permission View: %s
[2025-02-22T21:47:21.311+0000] {logging_mixin.py:154} INFO - [2025-02-22T21:47:21.311+0000] {manager.py:499} INFO - Created Permission View: %s
[2025-02-22T21:47:21.320+0000] {logging_mixin.py:154} INFO - [2025-02-22T21:47:21.320+0000] {manager.py:499} INFO - Created Permission View: %s
[2025-02-22T21:47:21.324+0000] {logging_mixin.py:154} INFO - [2025-02-22T21:47:21.324+0000] {manager.py:499} INFO - Created Permission View: %s
[2025-02-22T21:47:21.331+0000] {logging_mixin.py:154} INFO - [2025-02-22T21:47:21.330+0000] {manager.py:499} INFO - Created Permission View: %s
[2025-02-22T21:47:21.341+0000] {logging_mixin.py:154} INFO - [2025-02-22T21:47:21.341+0000] {manager.py:499} INFO - Created Permission View: %s
[2025-02-22T21:47:21.348+0000] {logging_mixin.py:154} INFO - [2025-02-22T21:47:21.348+0000] {manager.py:499} INFO - Created Permission View: %s
[2025-02-22T21:47:21.351+0000] {logging_mixin.py:154} INFO - [2025-02-22T21:47:21.351+0000] {manager.py:499} INFO - Created Permission View: %s
[2025-02-22T21:47:21.351+0000] {logging_mixin.py:154} INFO - [2025-02-22T21:47:21.351+0000] {dag.py:2941} INFO - Sync 3 DAGs
[2025-02-22T21:47:21.364+0000] {logging_mixin.py:154} INFO - [2025-02-22T21:47:21.363+0000] {dag.py:2963} INFO - Creating ORM DAG for example_branch_datetime_operator_3
[2025-02-22T21:47:21.364+0000] {logging_mixin.py:154} INFO - [2025-02-22T21:47:21.364+0000] {dag.py:2963} INFO - Creating ORM DAG for example_branch_datetime_operator_2
[2025-02-22T21:47:21.364+0000] {logging_mixin.py:154} INFO - [2025-02-22T21:47:21.364+0000] {dag.py:2963} INFO - Creating ORM DAG for example_branch_datetime_operator
[2025-02-22T21:47:21.379+0000] {logging_mixin.py:154} INFO - [2025-02-22T21:47:21.379+0000] {dag.py:3722} INFO - Setting next_dagrun for example_branch_datetime_operator to 2025-02-21T00:00:00+00:00, run_after=2025-02-22T00:00:00+00:00
[2025-02-22T21:47:21.382+0000] {logging_mixin.py:154} INFO - [2025-02-22T21:47:21.382+0000] {dag.py:3722} INFO - Setting next_dagrun for example_branch_datetime_operator_2 to 2025-02-21T00:00:00+00:00, run_after=2025-02-22T00:00:00+00:00
[2025-02-22T21:47:21.383+0000] {logging_mixin.py:154} INFO - [2025-02-22T21:47:21.383+0000] {dag.py:3722} INFO - Setting next_dagrun for example_branch_datetime_operator_3 to 2025-02-21T00:00:00+00:00, run_after=2025-02-22T00:00:00+00:00
[2025-02-22T21:47:21.403+0000] {processor.py:179} INFO - Processing /home/airflow/.local/lib/python3.10/site-packages/airflow/example_dags/example_branch_datetime_operator.py took 0.280 seconds
[2025-02-22T21:49:01.006+0000] {processor.py:157} INFO - Started process (PID=78) to work on /home/airflow/.local/lib/python3.10/site-packages/airflow/example_dags/example_branch_datetime_operator.py
[2025-02-22T21:49:01.007+0000] {processor.py:829} INFO - Processing file /home/airflow/.local/lib/python3.10/site-packages/airflow/example_dags/example_branch_datetime_operator.py for tasks to queue
[2025-02-22T21:49:01.009+0000] {logging_mixin.py:154} INFO - [2025-02-22T21:49:01.008+0000] {dagbag.py:536} INFO - Filling up the DagBag from /home/airflow/.local/lib/python3.10/site-packages/airflow/example_dags/example_branch_datetime_operator.py
[2025-02-22T21:49:01.019+0000] {processor.py:839} INFO - DAG(s) dict_keys(['example_branch_datetime_operator_2', 'example_branch_datetime_operator_3', 'example_branch_datetime_operator']) retrieved from /home/airflow/.local/lib/python3.10/site-packages/airflow/example_dags/example_branch_datetime_operator.py
[2025-02-22T21:49:01.082+0000] {logging_mixin.py:154} INFO - [2025-02-22T21:49:01.082+0000] {dag.py:2941} INFO - Sync 3 DAGs
[2025-02-22T21:49:01.119+0000] {logging_mixin.py:154} INFO - [2025-02-22T21:49:01.118+0000] {dag.py:3722} INFO - Setting next_dagrun for example_branch_datetime_operator to 2025-02-21T00:00:00+00:00, run_after=2025-02-22T00:00:00+00:00
[2025-02-22T21:49:01.124+0000] {logging_mixin.py:154} INFO - [2025-02-22T21:49:01.124+0000] {dag.py:3722} INFO - Setting next_dagrun for example_branch_datetime_operator_2 to 2025-02-21T00:00:00+00:00, run_after=2025-02-22T00:00:00+00:00
[2025-02-22T21:49:01.126+0000] {logging_mixin.py:154} INFO - [2025-02-22T21:49:01.126+0000] {dag.py:3722} INFO - Setting next_dagrun for example_branch_datetime_operator_3 to 2025-02-21T00:00:00+00:00, run_after=2025-02-22T00:00:00+00:00
[2025-02-22T21:49:01.148+0000] {processor.py:179} INFO - Processing /home/airflow/.local/lib/python3.10/site-packages/airflow/example_dags/example_branch_datetime_operator.py took 0.145 seconds
[2025-02-22T21:56:51.836+0000] {processor.py:157} INFO - Started process (PID=85) to work on /home/airflow/.local/lib/python3.10/site-packages/airflow/example_dags/example_branch_datetime_operator.py
[2025-02-22T21:56:51.837+0000] {processor.py:829} INFO - Processing file /home/airflow/.local/lib/python3.10/site-packages/airflow/example_dags/example_branch_datetime_operator.py for tasks to queue
[2025-02-22T21:56:51.841+0000] {logging_mixin.py:154} INFO - [2025-02-22T21:56:51.841+0000] {dagbag.py:536} INFO - Filling up the DagBag from /home/airflow/.local/lib/python3.10/site-packages/airflow/example_dags/example_branch_datetime_operator.py
[2025-02-22T21:56:51.860+0000] {processor.py:839} INFO - DAG(s) dict_keys(['example_branch_datetime_operator_3', 'example_branch_datetime_operator', 'example_branch_datetime_operator_2']) retrieved from /home/airflow/.local/lib/python3.10/site-packages/airflow/example_dags/example_branch_datetime_operator.py
[2025-02-22T21:56:52.077+0000] {logging_mixin.py:154} INFO - [2025-02-22T21:56:52.076+0000] {dag.py:2941} INFO - Sync 3 DAGs
[2025-02-22T21:56:52.166+0000] {logging_mixin.py:154} INFO - [2025-02-22T21:56:52.166+0000] {dag.py:3722} INFO - Setting next_dagrun for example_branch_datetime_operator to 2025-02-21T00:00:00+00:00, run_after=2025-02-22T00:00:00+00:00
[2025-02-22T21:56:52.177+0000] {logging_mixin.py:154} INFO - [2025-02-22T21:56:52.177+0000] {dag.py:3722} INFO - Setting next_dagrun for example_branch_datetime_operator_2 to 2025-02-21T00:00:00+00:00, run_after=2025-02-22T00:00:00+00:00
[2025-02-22T21:56:52.180+0000] {logging_mixin.py:154} INFO - [2025-02-22T21:56:52.180+0000] {dag.py:3722} INFO - Setting next_dagrun for example_branch_datetime_operator_3 to 2025-02-21T00:00:00+00:00, run_after=2025-02-22T00:00:00+00:00
[2025-02-22T21:56:52.246+0000] {processor.py:179} INFO - Processing /home/airflow/.local/lib/python3.10/site-packages/airflow/example_dags/example_branch_datetime_operator.py took 0.415 seconds
[2025-02-22T21:57:22.918+0000] {processor.py:157} INFO - Started process (PID=146) to work on /home/airflow/.local/lib/python3.10/site-packages/airflow/example_dags/example_branch_datetime_operator.py
[2025-02-22T21:57:22.919+0000] {processor.py:829} INFO - Processing file /home/airflow/.local/lib/python3.10/site-packages/airflow/example_dags/example_branch_datetime_operator.py for tasks to queue
[2025-02-22T21:57:22.921+0000] {logging_mixin.py:154} INFO - [2025-02-22T21:57:22.921+0000] {dagbag.py:536} INFO - Filling up the DagBag from /home/airflow/.local/lib/python3.10/site-packages/airflow/example_dags/example_branch_datetime_operator.py
[2025-02-22T21:57:22.938+0000] {processor.py:839} INFO - DAG(s) dict_keys(['example_branch_datetime_operator', 'example_branch_datetime_operator_3', 'example_branch_datetime_operator_2']) retrieved from /home/airflow/.local/lib/python3.10/site-packages/airflow/example_dags/example_branch_datetime_operator.py
[2025-02-22T21:57:23.021+0000] {logging_mixin.py:154} INFO - [2025-02-22T21:57:23.021+0000] {dag.py:2941} INFO - Sync 3 DAGs
[2025-02-22T21:57:23.053+0000] {logging_mixin.py:154} INFO - [2025-02-22T21:57:23.053+0000] {dag.py:3722} INFO - Setting next_dagrun for example_branch_datetime_operator to 2025-02-21T00:00:00+00:00, run_after=2025-02-22T00:00:00+00:00
[2025-02-22T21:57:23.057+0000] {logging_mixin.py:154} INFO - [2025-02-22T21:57:23.056+0000] {dag.py:3722} INFO - Setting next_dagrun for example_branch_datetime_operator_2 to 2025-02-21T00:00:00+00:00, run_after=2025-02-22T00:00:00+00:00
[2025-02-22T21:57:23.058+0000] {logging_mixin.py:154} INFO - [2025-02-22T21:57:23.058+0000] {dag.py:3722} INFO - Setting next_dagrun for example_branch_datetime_operator_3 to 2025-02-21T00:00:00+00:00, run_after=2025-02-22T00:00:00+00:00
[2025-02-22T21:57:23.078+0000] {processor.py:179} INFO - Processing /home/airflow/.local/lib/python3.10/site-packages/airflow/example_dags/example_branch_datetime_operator.py took 0.165 seconds
[2025-02-22T21:59:56.478+0000] {processor.py:157} INFO - Started process (PID=85) to work on /home/airflow/.local/lib/python3.10/site-packages/airflow/example_dags/example_branch_datetime_operator.py
[2025-02-22T21:59:56.480+0000] {processor.py:829} INFO - Processing file /home/airflow/.local/lib/python3.10/site-packages/airflow/example_dags/example_branch_datetime_operator.py for tasks to queue
[2025-02-22T21:59:56.485+0000] {logging_mixin.py:154} INFO - [2025-02-22T21:59:56.484+0000] {dagbag.py:536} INFO - Filling up the DagBag from /home/airflow/.local/lib/python3.10/site-packages/airflow/example_dags/example_branch_datetime_operator.py
[2025-02-22T21:59:56.510+0000] {processor.py:839} INFO - DAG(s) dict_keys(['example_branch_datetime_operator_2', 'example_branch_datetime_operator_3', 'example_branch_datetime_operator']) retrieved from /home/airflow/.local/lib/python3.10/site-packages/airflow/example_dags/example_branch_datetime_operator.py
[2025-02-22T21:59:56.615+0000] {logging_mixin.py:154} INFO - [2025-02-22T21:59:56.615+0000] {dag.py:2941} INFO - Sync 3 DAGs
[2025-02-22T21:59:56.674+0000] {logging_mixin.py:154} INFO - [2025-02-22T21:59:56.674+0000] {dag.py:3722} INFO - Setting next_dagrun for example_branch_datetime_operator to 2025-02-21T00:00:00+00:00, run_after=2025-02-22T00:00:00+00:00
[2025-02-22T21:59:56.680+0000] {logging_mixin.py:154} INFO - [2025-02-22T21:59:56.680+0000] {dag.py:3722} INFO - Setting next_dagrun for example_branch_datetime_operator_2 to 2025-02-21T00:00:00+00:00, run_after=2025-02-22T00:00:00+00:00
[2025-02-22T21:59:56.691+0000] {logging_mixin.py:154} INFO - [2025-02-22T21:59:56.691+0000] {dag.py:3722} INFO - Setting next_dagrun for example_branch_datetime_operator_3 to 2025-02-21T00:00:00+00:00, run_after=2025-02-22T00:00:00+00:00
[2025-02-22T21:59:56.740+0000] {processor.py:179} INFO - Processing /home/airflow/.local/lib/python3.10/site-packages/airflow/example_dags/example_branch_datetime_operator.py took 0.268 seconds
[2025-02-22T22:00:27.424+0000] {processor.py:157} INFO - Started process (PID=146) to work on /home/airflow/.local/lib/python3.10/site-packages/airflow/example_dags/example_branch_datetime_operator.py
[2025-02-22T22:00:27.425+0000] {processor.py:829} INFO - Processing file /home/airflow/.local/lib/python3.10/site-packages/airflow/example_dags/example_branch_datetime_operator.py for tasks to queue
[2025-02-22T22:00:27.426+0000] {logging_mixin.py:154} INFO - [2025-02-22T22:00:27.426+0000] {dagbag.py:536} INFO - Filling up the DagBag from /home/airflow/.local/lib/python3.10/site-packages/airflow/example_dags/example_branch_datetime_operator.py
[2025-02-22T22:00:27.436+0000] {processor.py:839} INFO - DAG(s) dict_keys(['example_branch_datetime_operator', 'example_branch_datetime_operator_2', 'example_branch_datetime_operator_3']) retrieved from /home/airflow/.local/lib/python3.10/site-packages/airflow/example_dags/example_branch_datetime_operator.py
[2025-02-22T22:00:27.507+0000] {logging_mixin.py:154} INFO - [2025-02-22T22:00:27.507+0000] {dag.py:2941} INFO - Sync 3 DAGs
[2025-02-22T22:00:27.537+0000] {logging_mixin.py:154} INFO - [2025-02-22T22:00:27.536+0000] {dag.py:3722} INFO - Setting next_dagrun for example_branch_datetime_operator to 2025-02-21T00:00:00+00:00, run_after=2025-02-22T00:00:00+00:00
[2025-02-22T22:00:27.540+0000] {logging_mixin.py:154} INFO - [2025-02-22T22:00:27.540+0000] {dag.py:3722} INFO - Setting next_dagrun for example_branch_datetime_operator_2 to 2025-02-21T00:00:00+00:00, run_after=2025-02-22T00:00:00+00:00
[2025-02-22T22:00:27.542+0000] {logging_mixin.py:154} INFO - [2025-02-22T22:00:27.542+0000] {dag.py:3722} INFO - Setting next_dagrun for example_branch_datetime_operator_3 to 2025-02-21T00:00:00+00:00, run_after=2025-02-22T00:00:00+00:00
[2025-02-22T22:00:27.557+0000] {processor.py:179} INFO - Processing /home/airflow/.local/lib/python3.10/site-packages/airflow/example_dags/example_branch_datetime_operator.py took 0.136 seconds
[2025-02-22T22:00:57.864+0000] {processor.py:157} INFO - Started process (PID=207) to work on /home/airflow/.local/lib/python3.10/site-packages/airflow/example_dags/example_branch_datetime_operator.py
[2025-02-22T22:00:57.865+0000] {processor.py:829} INFO - Processing file /home/airflow/.local/lib/python3.10/site-packages/airflow/example_dags/example_branch_datetime_operator.py for tasks to queue
[2025-02-22T22:00:57.866+0000] {logging_mixin.py:154} INFO - [2025-02-22T22:00:57.866+0000] {dagbag.py:536} INFO - Filling up the DagBag from /home/airflow/.local/lib/python3.10/site-packages/airflow/example_dags/example_branch_datetime_operator.py
[2025-02-22T22:00:57.877+0000] {processor.py:839} INFO - DAG(s) dict_keys(['example_branch_datetime_operator_3', 'example_branch_datetime_operator_2', 'example_branch_datetime_operator']) retrieved from /home/airflow/.local/lib/python3.10/site-packages/airflow/example_dags/example_branch_datetime_operator.py
[2025-02-22T22:00:57.949+0000] {logging_mixin.py:154} INFO - [2025-02-22T22:00:57.949+0000] {dag.py:2941} INFO - Sync 3 DAGs
[2025-02-22T22:00:57.981+0000] {logging_mixin.py:154} INFO - [2025-02-22T22:00:57.981+0000] {dag.py:3722} INFO - Setting next_dagrun for example_branch_datetime_operator to 2025-02-21T00:00:00+00:00, run_after=2025-02-22T00:00:00+00:00
[2025-02-22T22:00:57.985+0000] {logging_mixin.py:154} INFO - [2025-02-22T22:00:57.985+0000] {dag.py:3722} INFO - Setting next_dagrun for example_branch_datetime_operator_2 to 2025-02-21T00:00:00+00:00, run_after=2025-02-22T00:00:00+00:00
[2025-02-22T22:00:57.987+0000] {logging_mixin.py:154} INFO - [2025-02-22T22:00:57.987+0000] {dag.py:3722} INFO - Setting next_dagrun for example_branch_datetime_operator_3 to 2025-02-21T00:00:00+00:00, run_after=2025-02-22T00:00:00+00:00
[2025-02-22T22:00:58.004+0000] {processor.py:179} INFO - Processing /home/airflow/.local/lib/python3.10/site-packages/airflow/example_dags/example_branch_datetime_operator.py took 0.143 seconds
[2025-02-22T22:01:28.276+0000] {processor.py:157} INFO - Started process (PID=275) to work on /home/airflow/.local/lib/python3.10/site-packages/airflow/example_dags/example_branch_datetime_operator.py
[2025-02-22T22:01:28.276+0000] {processor.py:829} INFO - Processing file /home/airflow/.local/lib/python3.10/site-packages/airflow/example_dags/example_branch_datetime_operator.py for tasks to queue
[2025-02-22T22:01:28.277+0000] {logging_mixin.py:154} INFO - [2025-02-22T22:01:28.277+0000] {dagbag.py:536} INFO - Filling up the DagBag from /home/airflow/.local/lib/python3.10/site-packages/airflow/example_dags/example_branch_datetime_operator.py
[2025-02-22T22:01:28.286+0000] {processor.py:839} INFO - DAG(s) dict_keys(['example_branch_datetime_operator_2', 'example_branch_datetime_operator', 'example_branch_datetime_operator_3']) retrieved from /home/airflow/.local/lib/python3.10/site-packages/airflow/example_dags/example_branch_datetime_operator.py
[2025-02-22T22:01:28.354+0000] {logging_mixin.py:154} INFO - [2025-02-22T22:01:28.353+0000] {dag.py:2941} INFO - Sync 3 DAGs
[2025-02-22T22:01:28.383+0000] {logging_mixin.py:154} INFO - [2025-02-22T22:01:28.383+0000] {dag.py:3722} INFO - Setting next_dagrun for example_branch_datetime_operator to 2025-02-21T00:00:00+00:00, run_after=2025-02-22T00:00:00+00:00
[2025-02-22T22:01:28.386+0000] {logging_mixin.py:154} INFO - [2025-02-22T22:01:28.386+0000] {dag.py:3722} INFO - Setting next_dagrun for example_branch_datetime_operator_2 to 2025-02-21T00:00:00+00:00, run_after=2025-02-22T00:00:00+00:00
[2025-02-22T22:01:28.388+0000] {logging_mixin.py:154} INFO - [2025-02-22T22:01:28.388+0000] {dag.py:3722} INFO - Setting next_dagrun for example_branch_datetime_operator_3 to 2025-02-21T00:00:00+00:00, run_after=2025-02-22T00:00:00+00:00
[2025-02-22T22:01:28.404+0000] {processor.py:179} INFO - Processing /home/airflow/.local/lib/python3.10/site-packages/airflow/example_dags/example_branch_datetime_operator.py took 0.130 seconds
[2025-02-22T22:01:59.055+0000] {processor.py:157} INFO - Started process (PID=341) to work on /home/airflow/.local/lib/python3.10/site-packages/airflow/example_dags/example_branch_datetime_operator.py
[2025-02-22T22:01:59.056+0000] {processor.py:829} INFO - Processing file /home/airflow/.local/lib/python3.10/site-packages/airflow/example_dags/example_branch_datetime_operator.py for tasks to queue
[2025-02-22T22:01:59.057+0000] {logging_mixin.py:154} INFO - [2025-02-22T22:01:59.057+0000] {dagbag.py:536} INFO - Filling up the DagBag from /home/airflow/.local/lib/python3.10/site-packages/airflow/example_dags/example_branch_datetime_operator.py
[2025-02-22T22:01:59.068+0000] {processor.py:839} INFO - DAG(s) dict_keys(['example_branch_datetime_operator_2', 'example_branch_datetime_operator_3', 'example_branch_datetime_operator']) retrieved from /home/airflow/.local/lib/python3.10/site-packages/airflow/example_dags/example_branch_datetime_operator.py
[2025-02-22T22:01:59.144+0000] {logging_mixin.py:154} INFO - [2025-02-22T22:01:59.144+0000] {dag.py:2941} INFO - Sync 3 DAGs
[2025-02-22T22:01:59.176+0000] {logging_mixin.py:154} INFO - [2025-02-22T22:01:59.176+0000] {dag.py:3722} INFO - Setting next_dagrun for example_branch_datetime_operator to 2025-02-21T00:00:00+00:00, run_after=2025-02-22T00:00:00+00:00
[2025-02-22T22:01:59.183+0000] {logging_mixin.py:154} INFO - [2025-02-22T22:01:59.183+0000] {dag.py:3722} INFO - Setting next_dagrun for example_branch_datetime_operator_2 to 2025-02-21T00:00:00+00:00, run_after=2025-02-22T00:00:00+00:00
[2025-02-22T22:01:59.189+0000] {logging_mixin.py:154} INFO - [2025-02-22T22:01:59.189+0000] {dag.py:3722} INFO - Setting next_dagrun for example_branch_datetime_operator_3 to 2025-02-21T00:00:00+00:00, run_after=2025-02-22T00:00:00+00:00
[2025-02-22T22:01:59.209+0000] {processor.py:179} INFO - Processing /home/airflow/.local/lib/python3.10/site-packages/airflow/example_dags/example_branch_datetime_operator.py took 0.157 seconds
[2025-02-22T22:02:29.874+0000] {processor.py:157} INFO - Started process (PID=402) to work on /home/airflow/.local/lib/python3.10/site-packages/airflow/example_dags/example_branch_datetime_operator.py
[2025-02-22T22:02:29.875+0000] {processor.py:829} INFO - Processing file /home/airflow/.local/lib/python3.10/site-packages/airflow/example_dags/example_branch_datetime_operator.py for tasks to queue
[2025-02-22T22:02:29.878+0000] {logging_mixin.py:154} INFO - [2025-02-22T22:02:29.878+0000] {dagbag.py:536} INFO - Filling up the DagBag from /home/airflow/.local/lib/python3.10/site-packages/airflow/example_dags/example_branch_datetime_operator.py
[2025-02-22T22:02:29.886+0000] {processor.py:839} INFO - DAG(s) dict_keys(['example_branch_datetime_operator_3', 'example_branch_datetime_operator_2', 'example_branch_datetime_operator']) retrieved from /home/airflow/.local/lib/python3.10/site-packages/airflow/example_dags/example_branch_datetime_operator.py
[2025-02-22T22:02:29.955+0000] {logging_mixin.py:154} INFO - [2025-02-22T22:02:29.955+0000] {dag.py:2941} INFO - Sync 3 DAGs
[2025-02-22T22:02:29.986+0000] {logging_mixin.py:154} INFO - [2025-02-22T22:02:29.986+0000] {dag.py:3722} INFO - Setting next_dagrun for example_branch_datetime_operator to 2025-02-21T00:00:00+00:00, run_after=2025-02-22T00:00:00+00:00
[2025-02-22T22:02:29.989+0000] {logging_mixin.py:154} INFO - [2025-02-22T22:02:29.989+0000] {dag.py:3722} INFO - Setting next_dagrun for example_branch_datetime_operator_2 to 2025-02-21T00:00:00+00:00, run_after=2025-02-22T00:00:00+00:00
[2025-02-22T22:02:29.991+0000] {logging_mixin.py:154} INFO - [2025-02-22T22:02:29.991+0000] {dag.py:3722} INFO - Setting next_dagrun for example_branch_datetime_operator_3 to 2025-02-21T00:00:00+00:00, run_after=2025-02-22T00:00:00+00:00
[2025-02-22T22:02:30.006+0000] {processor.py:179} INFO - Processing /home/airflow/.local/lib/python3.10/site-packages/airflow/example_dags/example_branch_datetime_operator.py took 0.134 seconds
[2025-02-22T22:03:44.564+0000] {processor.py:157} INFO - Started process (PID=86) to work on /home/airflow/.local/lib/python3.10/site-packages/airflow/example_dags/example_branch_datetime_operator.py
[2025-02-22T22:03:44.566+0000] {processor.py:829} INFO - Processing file /home/airflow/.local/lib/python3.10/site-packages/airflow/example_dags/example_branch_datetime_operator.py for tasks to queue
[2025-02-22T22:03:44.572+0000] {logging_mixin.py:154} INFO - [2025-02-22T22:03:44.570+0000] {dagbag.py:536} INFO - Filling up the DagBag from /home/airflow/.local/lib/python3.10/site-packages/airflow/example_dags/example_branch_datetime_operator.py
[2025-02-22T22:03:44.603+0000] {processor.py:839} INFO - DAG(s) dict_keys(['example_branch_datetime_operator', 'example_branch_datetime_operator_2', 'example_branch_datetime_operator_3']) retrieved from /home/airflow/.local/lib/python3.10/site-packages/airflow/example_dags/example_branch_datetime_operator.py
[2025-02-22T22:03:44.732+0000] {logging_mixin.py:154} INFO - [2025-02-22T22:03:44.731+0000] {dag.py:2941} INFO - Sync 3 DAGs
[2025-02-22T22:03:44.834+0000] {logging_mixin.py:154} INFO - [2025-02-22T22:03:44.832+0000] {dag.py:3722} INFO - Setting next_dagrun for example_branch_datetime_operator to 2025-02-21T00:00:00+00:00, run_after=2025-02-22T00:00:00+00:00
[2025-02-22T22:03:44.845+0000] {logging_mixin.py:154} INFO - [2025-02-22T22:03:44.845+0000] {dag.py:3722} INFO - Setting next_dagrun for example_branch_datetime_operator_2 to 2025-02-21T00:00:00+00:00, run_after=2025-02-22T00:00:00+00:00
[2025-02-22T22:03:44.851+0000] {logging_mixin.py:154} INFO - [2025-02-22T22:03:44.851+0000] {dag.py:3722} INFO - Setting next_dagrun for example_branch_datetime_operator_3 to 2025-02-21T00:00:00+00:00, run_after=2025-02-22T00:00:00+00:00
[2025-02-22T22:03:44.896+0000] {processor.py:179} INFO - Processing /home/airflow/.local/lib/python3.10/site-packages/airflow/example_dags/example_branch_datetime_operator.py took 0.336 seconds
[2025-02-22T22:04:15.253+0000] {processor.py:157} INFO - Started process (PID=147) to work on /home/airflow/.local/lib/python3.10/site-packages/airflow/example_dags/example_branch_datetime_operator.py
[2025-02-22T22:04:15.254+0000] {processor.py:829} INFO - Processing file /home/airflow/.local/lib/python3.10/site-packages/airflow/example_dags/example_branch_datetime_operator.py for tasks to queue
[2025-02-22T22:04:15.256+0000] {logging_mixin.py:154} INFO - [2025-02-22T22:04:15.255+0000] {dagbag.py:536} INFO - Filling up the DagBag from /home/airflow/.local/lib/python3.10/site-packages/airflow/example_dags/example_branch_datetime_operator.py
[2025-02-22T22:04:15.264+0000] {processor.py:839} INFO - DAG(s) dict_keys(['example_branch_datetime_operator', 'example_branch_datetime_operator_3', 'example_branch_datetime_operator_2']) retrieved from /home/airflow/.local/lib/python3.10/site-packages/airflow/example_dags/example_branch_datetime_operator.py
[2025-02-22T22:04:15.338+0000] {logging_mixin.py:154} INFO - [2025-02-22T22:04:15.338+0000] {dag.py:2941} INFO - Sync 3 DAGs
[2025-02-22T22:04:15.377+0000] {logging_mixin.py:154} INFO - [2025-02-22T22:04:15.377+0000] {dag.py:3722} INFO - Setting next_dagrun for example_branch_datetime_operator to 2025-02-21T00:00:00+00:00, run_after=2025-02-22T00:00:00+00:00
[2025-02-22T22:04:15.381+0000] {logging_mixin.py:154} INFO - [2025-02-22T22:04:15.381+0000] {dag.py:3722} INFO - Setting next_dagrun for example_branch_datetime_operator_2 to 2025-02-21T00:00:00+00:00, run_after=2025-02-22T00:00:00+00:00
[2025-02-22T22:04:15.386+0000] {logging_mixin.py:154} INFO - [2025-02-22T22:04:15.385+0000] {dag.py:3722} INFO - Setting next_dagrun for example_branch_datetime_operator_3 to 2025-02-21T00:00:00+00:00, run_after=2025-02-22T00:00:00+00:00
[2025-02-22T22:04:15.403+0000] {processor.py:179} INFO - Processing /home/airflow/.local/lib/python3.10/site-packages/airflow/example_dags/example_branch_datetime_operator.py took 0.152 seconds
[2025-02-22T22:04:45.445+0000] {processor.py:157} INFO - Started process (PID=208) to work on /home/airflow/.local/lib/python3.10/site-packages/airflow/example_dags/example_branch_datetime_operator.py
[2025-02-22T22:04:45.446+0000] {processor.py:829} INFO - Processing file /home/airflow/.local/lib/python3.10/site-packages/airflow/example_dags/example_branch_datetime_operator.py for tasks to queue
[2025-02-22T22:04:45.448+0000] {logging_mixin.py:154} INFO - [2025-02-22T22:04:45.447+0000] {dagbag.py:536} INFO - Filling up the DagBag from /home/airflow/.local/lib/python3.10/site-packages/airflow/example_dags/example_branch_datetime_operator.py
[2025-02-22T22:04:45.456+0000] {processor.py:839} INFO - DAG(s) dict_keys(['example_branch_datetime_operator_2', 'example_branch_datetime_operator', 'example_branch_datetime_operator_3']) retrieved from /home/airflow/.local/lib/python3.10/site-packages/airflow/example_dags/example_branch_datetime_operator.py
[2025-02-22T22:04:45.559+0000] {logging_mixin.py:154} INFO - [2025-02-22T22:04:45.559+0000] {dag.py:2941} INFO - Sync 3 DAGs
[2025-02-22T22:04:45.590+0000] {logging_mixin.py:154} INFO - [2025-02-22T22:04:45.590+0000] {dag.py:3722} INFO - Setting next_dagrun for example_branch_datetime_operator to 2025-02-21T00:00:00+00:00, run_after=2025-02-22T00:00:00+00:00
[2025-02-22T22:04:45.594+0000] {logging_mixin.py:154} INFO - [2025-02-22T22:04:45.594+0000] {dag.py:3722} INFO - Setting next_dagrun for example_branch_datetime_operator_2 to 2025-02-21T00:00:00+00:00, run_after=2025-02-22T00:00:00+00:00
[2025-02-22T22:04:45.597+0000] {logging_mixin.py:154} INFO - [2025-02-22T22:04:45.597+0000] {dag.py:3722} INFO - Setting next_dagrun for example_branch_datetime_operator_3 to 2025-02-21T00:00:00+00:00, run_after=2025-02-22T00:00:00+00:00
[2025-02-22T22:04:45.619+0000] {processor.py:179} INFO - Processing /home/airflow/.local/lib/python3.10/site-packages/airflow/example_dags/example_branch_datetime_operator.py took 0.176 seconds
[2025-02-22T22:05:16.219+0000] {processor.py:157} INFO - Started process (PID=276) to work on /home/airflow/.local/lib/python3.10/site-packages/airflow/example_dags/example_branch_datetime_operator.py
[2025-02-22T22:05:16.220+0000] {processor.py:829} INFO - Processing file /home/airflow/.local/lib/python3.10/site-packages/airflow/example_dags/example_branch_datetime_operator.py for tasks to queue
[2025-02-22T22:05:16.222+0000] {logging_mixin.py:154} INFO - [2025-02-22T22:05:16.222+0000] {dagbag.py:536} INFO - Filling up the DagBag from /home/airflow/.local/lib/python3.10/site-packages/airflow/example_dags/example_branch_datetime_operator.py
[2025-02-22T22:05:16.231+0000] {processor.py:839} INFO - DAG(s) dict_keys(['example_branch_datetime_operator_2', 'example_branch_datetime_operator', 'example_branch_datetime_operator_3']) retrieved from /home/airflow/.local/lib/python3.10/site-packages/airflow/example_dags/example_branch_datetime_operator.py
[2025-02-22T22:05:16.302+0000] {logging_mixin.py:154} INFO - [2025-02-22T22:05:16.302+0000] {dag.py:2941} INFO - Sync 3 DAGs
[2025-02-22T22:05:16.336+0000] {logging_mixin.py:154} INFO - [2025-02-22T22:05:16.336+0000] {dag.py:3722} INFO - Setting next_dagrun for example_branch_datetime_operator to 2025-02-21T00:00:00+00:00, run_after=2025-02-22T00:00:00+00:00
[2025-02-22T22:05:16.339+0000] {logging_mixin.py:154} INFO - [2025-02-22T22:05:16.339+0000] {dag.py:3722} INFO - Setting next_dagrun for example_branch_datetime_operator_2 to 2025-02-21T00:00:00+00:00, run_after=2025-02-22T00:00:00+00:00
[2025-02-22T22:05:16.341+0000] {logging_mixin.py:154} INFO - [2025-02-22T22:05:16.341+0000] {dag.py:3722} INFO - Setting next_dagrun for example_branch_datetime_operator_3 to 2025-02-21T00:00:00+00:00, run_after=2025-02-22T00:00:00+00:00
[2025-02-22T22:05:16.361+0000] {processor.py:179} INFO - Processing /home/airflow/.local/lib/python3.10/site-packages/airflow/example_dags/example_branch_datetime_operator.py took 0.144 seconds
[2025-02-22T22:05:46.610+0000] {processor.py:157} INFO - Started process (PID=337) to work on /home/airflow/.local/lib/python3.10/site-packages/airflow/example_dags/example_branch_datetime_operator.py
[2025-02-22T22:05:46.611+0000] {processor.py:829} INFO - Processing file /home/airflow/.local/lib/python3.10/site-packages/airflow/example_dags/example_branch_datetime_operator.py for tasks to queue
[2025-02-22T22:05:46.613+0000] {logging_mixin.py:154} INFO - [2025-02-22T22:05:46.612+0000] {dagbag.py:536} INFO - Filling up the DagBag from /home/airflow/.local/lib/python3.10/site-packages/airflow/example_dags/example_branch_datetime_operator.py
[2025-02-22T22:05:46.624+0000] {processor.py:839} INFO - DAG(s) dict_keys(['example_branch_datetime_operator_2', 'example_branch_datetime_operator', 'example_branch_datetime_operator_3']) retrieved from /home/airflow/.local/lib/python3.10/site-packages/airflow/example_dags/example_branch_datetime_operator.py
[2025-02-22T22:05:46.695+0000] {logging_mixin.py:154} INFO - [2025-02-22T22:05:46.695+0000] {dag.py:2941} INFO - Sync 3 DAGs
[2025-02-22T22:05:46.727+0000] {logging_mixin.py:154} INFO - [2025-02-22T22:05:46.727+0000] {dag.py:3722} INFO - Setting next_dagrun for example_branch_datetime_operator to 2025-02-21T00:00:00+00:00, run_after=2025-02-22T00:00:00+00:00
[2025-02-22T22:05:46.731+0000] {logging_mixin.py:154} INFO - [2025-02-22T22:05:46.731+0000] {dag.py:3722} INFO - Setting next_dagrun for example_branch_datetime_operator_2 to 2025-02-21T00:00:00+00:00, run_after=2025-02-22T00:00:00+00:00
[2025-02-22T22:05:46.735+0000] {logging_mixin.py:154} INFO - [2025-02-22T22:05:46.734+0000] {dag.py:3722} INFO - Setting next_dagrun for example_branch_datetime_operator_3 to 2025-02-21T00:00:00+00:00, run_after=2025-02-22T00:00:00+00:00
[2025-02-22T22:05:46.753+0000] {processor.py:179} INFO - Processing /home/airflow/.local/lib/python3.10/site-packages/airflow/example_dags/example_branch_datetime_operator.py took 0.145 seconds
[2025-02-22T22:06:17.006+0000] {processor.py:157} INFO - Started process (PID=405) to work on /home/airflow/.local/lib/python3.10/site-packages/airflow/example_dags/example_branch_datetime_operator.py
[2025-02-22T22:06:17.008+0000] {processor.py:829} INFO - Processing file /home/airflow/.local/lib/python3.10/site-packages/airflow/example_dags/example_branch_datetime_operator.py for tasks to queue
[2025-02-22T22:06:17.010+0000] {logging_mixin.py:154} INFO - [2025-02-22T22:06:17.010+0000] {dagbag.py:536} INFO - Filling up the DagBag from /home/airflow/.local/lib/python3.10/site-packages/airflow/example_dags/example_branch_datetime_operator.py
[2025-02-22T22:06:17.020+0000] {processor.py:839} INFO - DAG(s) dict_keys(['example_branch_datetime_operator', 'example_branch_datetime_operator_3', 'example_branch_datetime_operator_2']) retrieved from /home/airflow/.local/lib/python3.10/site-packages/airflow/example_dags/example_branch_datetime_operator.py
[2025-02-22T22:06:17.093+0000] {logging_mixin.py:154} INFO - [2025-02-22T22:06:17.093+0000] {dag.py:2941} INFO - Sync 3 DAGs
[2025-02-22T22:06:17.126+0000] {logging_mixin.py:154} INFO - [2025-02-22T22:06:17.125+0000] {dag.py:3722} INFO - Setting next_dagrun for example_branch_datetime_operator to 2025-02-21T00:00:00+00:00, run_after=2025-02-22T00:00:00+00:00
[2025-02-22T22:06:17.130+0000] {logging_mixin.py:154} INFO - [2025-02-22T22:06:17.130+0000] {dag.py:3722} INFO - Setting next_dagrun for example_branch_datetime_operator_2 to 2025-02-21T00:00:00+00:00, run_after=2025-02-22T00:00:00+00:00
[2025-02-22T22:06:17.133+0000] {logging_mixin.py:154} INFO - [2025-02-22T22:06:17.133+0000] {dag.py:3722} INFO - Setting next_dagrun for example_branch_datetime_operator_3 to 2025-02-21T00:00:00+00:00, run_after=2025-02-22T00:00:00+00:00
[2025-02-22T22:06:17.151+0000] {processor.py:179} INFO - Processing /home/airflow/.local/lib/python3.10/site-packages/airflow/example_dags/example_branch_datetime_operator.py took 0.148 seconds
[2025-02-22T22:06:47.918+0000] {processor.py:157} INFO - Started process (PID=473) to work on /home/airflow/.local/lib/python3.10/site-packages/airflow/example_dags/example_branch_datetime_operator.py
[2025-02-22T22:06:47.919+0000] {processor.py:829} INFO - Processing file /home/airflow/.local/lib/python3.10/site-packages/airflow/example_dags/example_branch_datetime_operator.py for tasks to queue
[2025-02-22T22:06:47.920+0000] {logging_mixin.py:154} INFO - [2025-02-22T22:06:47.920+0000] {dagbag.py:536} INFO - Filling up the DagBag from /home/airflow/.local/lib/python3.10/site-packages/airflow/example_dags/example_branch_datetime_operator.py
[2025-02-22T22:06:47.931+0000] {processor.py:839} INFO - DAG(s) dict_keys(['example_branch_datetime_operator_2', 'example_branch_datetime_operator_3', 'example_branch_datetime_operator']) retrieved from /home/airflow/.local/lib/python3.10/site-packages/airflow/example_dags/example_branch_datetime_operator.py
[2025-02-22T22:06:48.017+0000] {logging_mixin.py:154} INFO - [2025-02-22T22:06:48.016+0000] {dag.py:2941} INFO - Sync 3 DAGs
[2025-02-22T22:06:48.055+0000] {logging_mixin.py:154} INFO - [2025-02-22T22:06:48.055+0000] {dag.py:3722} INFO - Setting next_dagrun for example_branch_datetime_operator to 2025-02-21T00:00:00+00:00, run_after=2025-02-22T00:00:00+00:00
[2025-02-22T22:06:48.060+0000] {logging_mixin.py:154} INFO - [2025-02-22T22:06:48.060+0000] {dag.py:3722} INFO - Setting next_dagrun for example_branch_datetime_operator_2 to 2025-02-21T00:00:00+00:00, run_after=2025-02-22T00:00:00+00:00
[2025-02-22T22:06:48.063+0000] {logging_mixin.py:154} INFO - [2025-02-22T22:06:48.063+0000] {dag.py:3722} INFO - Setting next_dagrun for example_branch_datetime_operator_3 to 2025-02-21T00:00:00+00:00, run_after=2025-02-22T00:00:00+00:00
[2025-02-22T22:06:48.085+0000] {processor.py:179} INFO - Processing /home/airflow/.local/lib/python3.10/site-packages/airflow/example_dags/example_branch_datetime_operator.py took 0.171 seconds
[2025-02-22T22:07:18.375+0000] {processor.py:157} INFO - Started process (PID=534) to work on /home/airflow/.local/lib/python3.10/site-packages/airflow/example_dags/example_branch_datetime_operator.py
[2025-02-22T22:07:18.377+0000] {processor.py:829} INFO - Processing file /home/airflow/.local/lib/python3.10/site-packages/airflow/example_dags/example_branch_datetime_operator.py for tasks to queue
[2025-02-22T22:07:18.378+0000] {logging_mixin.py:154} INFO - [2025-02-22T22:07:18.378+0000] {dagbag.py:536} INFO - Filling up the DagBag from /home/airflow/.local/lib/python3.10/site-packages/airflow/example_dags/example_branch_datetime_operator.py
[2025-02-22T22:07:18.390+0000] {processor.py:839} INFO - DAG(s) dict_keys(['example_branch_datetime_operator_2', 'example_branch_datetime_operator', 'example_branch_datetime_operator_3']) retrieved from /home/airflow/.local/lib/python3.10/site-packages/airflow/example_dags/example_branch_datetime_operator.py
[2025-02-22T22:07:18.467+0000] {logging_mixin.py:154} INFO - [2025-02-22T22:07:18.467+0000] {dag.py:2941} INFO - Sync 3 DAGs
[2025-02-22T22:07:18.497+0000] {logging_mixin.py:154} INFO - [2025-02-22T22:07:18.497+0000] {dag.py:3722} INFO - Setting next_dagrun for example_branch_datetime_operator to 2025-02-21T00:00:00+00:00, run_after=2025-02-22T00:00:00+00:00
[2025-02-22T22:07:18.502+0000] {logging_mixin.py:154} INFO - [2025-02-22T22:07:18.502+0000] {dag.py:3722} INFO - Setting next_dagrun for example_branch_datetime_operator_2 to 2025-02-21T00:00:00+00:00, run_after=2025-02-22T00:00:00+00:00
[2025-02-22T22:07:18.506+0000] {logging_mixin.py:154} INFO - [2025-02-22T22:07:18.505+0000] {dag.py:3722} INFO - Setting next_dagrun for example_branch_datetime_operator_3 to 2025-02-21T00:00:00+00:00, run_after=2025-02-22T00:00:00+00:00
[2025-02-22T22:07:18.528+0000] {processor.py:179} INFO - Processing /home/airflow/.local/lib/python3.10/site-packages/airflow/example_dags/example_branch_datetime_operator.py took 0.155 seconds
[2025-02-22T22:07:49.007+0000] {processor.py:157} INFO - Started process (PID=602) to work on /home/airflow/.local/lib/python3.10/site-packages/airflow/example_dags/example_branch_datetime_operator.py
[2025-02-22T22:07:49.008+0000] {processor.py:829} INFO - Processing file /home/airflow/.local/lib/python3.10/site-packages/airflow/example_dags/example_branch_datetime_operator.py for tasks to queue
[2025-02-22T22:07:49.010+0000] {logging_mixin.py:154} INFO - [2025-02-22T22:07:49.010+0000] {dagbag.py:536} INFO - Filling up the DagBag from /home/airflow/.local/lib/python3.10/site-packages/airflow/example_dags/example_branch_datetime_operator.py
[2025-02-22T22:07:49.025+0000] {processor.py:839} INFO - DAG(s) dict_keys(['example_branch_datetime_operator_3', 'example_branch_datetime_operator_2', 'example_branch_datetime_operator']) retrieved from /home/airflow/.local/lib/python3.10/site-packages/airflow/example_dags/example_branch_datetime_operator.py
[2025-02-22T22:07:49.103+0000] {logging_mixin.py:154} INFO - [2025-02-22T22:07:49.103+0000] {dag.py:2941} INFO - Sync 3 DAGs
[2025-02-22T22:07:49.139+0000] {logging_mixin.py:154} INFO - [2025-02-22T22:07:49.138+0000] {dag.py:3722} INFO - Setting next_dagrun for example_branch_datetime_operator to 2025-02-21T00:00:00+00:00, run_after=2025-02-22T00:00:00+00:00
[2025-02-22T22:07:49.142+0000] {logging_mixin.py:154} INFO - [2025-02-22T22:07:49.142+0000] {dag.py:3722} INFO - Setting next_dagrun for example_branch_datetime_operator_2 to 2025-02-21T00:00:00+00:00, run_after=2025-02-22T00:00:00+00:00
[2025-02-22T22:07:49.144+0000] {logging_mixin.py:154} INFO - [2025-02-22T22:07:49.144+0000] {dag.py:3722} INFO - Setting next_dagrun for example_branch_datetime_operator_3 to 2025-02-21T00:00:00+00:00, run_after=2025-02-22T00:00:00+00:00
[2025-02-22T22:07:49.164+0000] {processor.py:179} INFO - Processing /home/airflow/.local/lib/python3.10/site-packages/airflow/example_dags/example_branch_datetime_operator.py took 0.160 seconds
[2025-02-22T22:08:40.460+0000] {processor.py:157} INFO - Started process (PID=84) to work on /home/airflow/.local/lib/python3.10/site-packages/airflow/example_dags/example_branch_datetime_operator.py
[2025-02-22T22:08:40.461+0000] {processor.py:829} INFO - Processing file /home/airflow/.local/lib/python3.10/site-packages/airflow/example_dags/example_branch_datetime_operator.py for tasks to queue
[2025-02-22T22:08:40.467+0000] {logging_mixin.py:154} INFO - [2025-02-22T22:08:40.465+0000] {dagbag.py:536} INFO - Filling up the DagBag from /home/airflow/.local/lib/python3.10/site-packages/airflow/example_dags/example_branch_datetime_operator.py
[2025-02-22T22:08:40.487+0000] {processor.py:839} INFO - DAG(s) dict_keys(['example_branch_datetime_operator', 'example_branch_datetime_operator_2', 'example_branch_datetime_operator_3']) retrieved from /home/airflow/.local/lib/python3.10/site-packages/airflow/example_dags/example_branch_datetime_operator.py
[2025-02-22T22:08:40.611+0000] {logging_mixin.py:154} INFO - [2025-02-22T22:08:40.610+0000] {dag.py:2941} INFO - Sync 3 DAGs
[2025-02-22T22:08:40.668+0000] {logging_mixin.py:154} INFO - [2025-02-22T22:08:40.668+0000] {dag.py:3722} INFO - Setting next_dagrun for example_branch_datetime_operator to 2025-02-21T00:00:00+00:00, run_after=2025-02-22T00:00:00+00:00
[2025-02-22T22:08:40.693+0000] {logging_mixin.py:154} INFO - [2025-02-22T22:08:40.693+0000] {dag.py:3722} INFO - Setting next_dagrun for example_branch_datetime_operator_2 to 2025-02-21T00:00:00+00:00, run_after=2025-02-22T00:00:00+00:00
[2025-02-22T22:08:40.702+0000] {logging_mixin.py:154} INFO - [2025-02-22T22:08:40.702+0000] {dag.py:3722} INFO - Setting next_dagrun for example_branch_datetime_operator_3 to 2025-02-21T00:00:00+00:00, run_after=2025-02-22T00:00:00+00:00
[2025-02-22T22:08:40.767+0000] {processor.py:179} INFO - Processing /home/airflow/.local/lib/python3.10/site-packages/airflow/example_dags/example_branch_datetime_operator.py took 0.312 seconds
[2025-02-22T22:09:11.546+0000] {processor.py:157} INFO - Started process (PID=145) to work on /home/airflow/.local/lib/python3.10/site-packages/airflow/example_dags/example_branch_datetime_operator.py
[2025-02-22T22:09:11.547+0000] {processor.py:829} INFO - Processing file /home/airflow/.local/lib/python3.10/site-packages/airflow/example_dags/example_branch_datetime_operator.py for tasks to queue
[2025-02-22T22:09:11.550+0000] {logging_mixin.py:154} INFO - [2025-02-22T22:09:11.550+0000] {dagbag.py:536} INFO - Filling up the DagBag from /home/airflow/.local/lib/python3.10/site-packages/airflow/example_dags/example_branch_datetime_operator.py
[2025-02-22T22:09:11.563+0000] {processor.py:839} INFO - DAG(s) dict_keys(['example_branch_datetime_operator_3', 'example_branch_datetime_operator_2', 'example_branch_datetime_operator']) retrieved from /home/airflow/.local/lib/python3.10/site-packages/airflow/example_dags/example_branch_datetime_operator.py
[2025-02-22T22:09:11.639+0000] {logging_mixin.py:154} INFO - [2025-02-22T22:09:11.639+0000] {dag.py:2941} INFO - Sync 3 DAGs
[2025-02-22T22:09:11.671+0000] {logging_mixin.py:154} INFO - [2025-02-22T22:09:11.671+0000] {dag.py:3722} INFO - Setting next_dagrun for example_branch_datetime_operator to 2025-02-21T00:00:00+00:00, run_after=2025-02-22T00:00:00+00:00
[2025-02-22T22:09:11.674+0000] {logging_mixin.py:154} INFO - [2025-02-22T22:09:11.674+0000] {dag.py:3722} INFO - Setting next_dagrun for example_branch_datetime_operator_2 to 2025-02-21T00:00:00+00:00, run_after=2025-02-22T00:00:00+00:00
[2025-02-22T22:09:11.676+0000] {logging_mixin.py:154} INFO - [2025-02-22T22:09:11.676+0000] {dag.py:3722} INFO - Setting next_dagrun for example_branch_datetime_operator_3 to 2025-02-21T00:00:00+00:00, run_after=2025-02-22T00:00:00+00:00
[2025-02-22T22:09:11.695+0000] {processor.py:179} INFO - Processing /home/airflow/.local/lib/python3.10/site-packages/airflow/example_dags/example_branch_datetime_operator.py took 0.152 seconds
[2025-02-22T22:09:41.912+0000] {processor.py:157} INFO - Started process (PID=212) to work on /home/airflow/.local/lib/python3.10/site-packages/airflow/example_dags/example_branch_datetime_operator.py
[2025-02-22T22:09:41.916+0000] {processor.py:829} INFO - Processing file /home/airflow/.local/lib/python3.10/site-packages/airflow/example_dags/example_branch_datetime_operator.py for tasks to queue
[2025-02-22T22:09:41.923+0000] {logging_mixin.py:154} INFO - [2025-02-22T22:09:41.923+0000] {dagbag.py:536} INFO - Filling up the DagBag from /home/airflow/.local/lib/python3.10/site-packages/airflow/example_dags/example_branch_datetime_operator.py
[2025-02-22T22:09:41.947+0000] {processor.py:839} INFO - DAG(s) dict_keys(['example_branch_datetime_operator', 'example_branch_datetime_operator_2', 'example_branch_datetime_operator_3']) retrieved from /home/airflow/.local/lib/python3.10/site-packages/airflow/example_dags/example_branch_datetime_operator.py
[2025-02-22T22:09:42.149+0000] {logging_mixin.py:154} INFO - [2025-02-22T22:09:42.149+0000] {dag.py:2941} INFO - Sync 3 DAGs
[2025-02-22T22:09:42.234+0000] {logging_mixin.py:154} INFO - [2025-02-22T22:09:42.233+0000] {dag.py:3722} INFO - Setting next_dagrun for example_branch_datetime_operator to 2025-02-21T00:00:00+00:00, run_after=2025-02-22T00:00:00+00:00
[2025-02-22T22:09:42.257+0000] {logging_mixin.py:154} INFO - [2025-02-22T22:09:42.257+0000] {dag.py:3722} INFO - Setting next_dagrun for example_branch_datetime_operator_2 to 2025-02-21T00:00:00+00:00, run_after=2025-02-22T00:00:00+00:00
[2025-02-22T22:09:42.264+0000] {logging_mixin.py:154} INFO - [2025-02-22T22:09:42.263+0000] {dag.py:3722} INFO - Setting next_dagrun for example_branch_datetime_operator_3 to 2025-02-21T00:00:00+00:00, run_after=2025-02-22T00:00:00+00:00
[2025-02-22T22:09:42.300+0000] {processor.py:179} INFO - Processing /home/airflow/.local/lib/python3.10/site-packages/airflow/example_dags/example_branch_datetime_operator.py took 0.404 seconds
[2025-02-22T22:10:12.979+0000] {processor.py:157} INFO - Started process (PID=273) to work on /home/airflow/.local/lib/python3.10/site-packages/airflow/example_dags/example_branch_datetime_operator.py
[2025-02-22T22:10:12.981+0000] {processor.py:829} INFO - Processing file /home/airflow/.local/lib/python3.10/site-packages/airflow/example_dags/example_branch_datetime_operator.py for tasks to queue
[2025-02-22T22:10:12.985+0000] {logging_mixin.py:154} INFO - [2025-02-22T22:10:12.985+0000] {dagbag.py:536} INFO - Filling up the DagBag from /home/airflow/.local/lib/python3.10/site-packages/airflow/example_dags/example_branch_datetime_operator.py
[2025-02-22T22:10:12.994+0000] {processor.py:839} INFO - DAG(s) dict_keys(['example_branch_datetime_operator', 'example_branch_datetime_operator_2', 'example_branch_datetime_operator_3']) retrieved from /home/airflow/.local/lib/python3.10/site-packages/airflow/example_dags/example_branch_datetime_operator.py
[2025-02-22T22:10:13.065+0000] {logging_mixin.py:154} INFO - [2025-02-22T22:10:13.064+0000] {dag.py:2941} INFO - Sync 3 DAGs
[2025-02-22T22:10:13.099+0000] {logging_mixin.py:154} INFO - [2025-02-22T22:10:13.099+0000] {dag.py:3722} INFO - Setting next_dagrun for example_branch_datetime_operator to 2025-02-21T00:00:00+00:00, run_after=2025-02-22T00:00:00+00:00
[2025-02-22T22:10:13.104+0000] {logging_mixin.py:154} INFO - [2025-02-22T22:10:13.104+0000] {dag.py:3722} INFO - Setting next_dagrun for example_branch_datetime_operator_2 to 2025-02-21T00:00:00+00:00, run_after=2025-02-22T00:00:00+00:00
[2025-02-22T22:10:13.106+0000] {logging_mixin.py:154} INFO - [2025-02-22T22:10:13.106+0000] {dag.py:3722} INFO - Setting next_dagrun for example_branch_datetime_operator_3 to 2025-02-21T00:00:00+00:00, run_after=2025-02-22T00:00:00+00:00
[2025-02-22T22:10:13.126+0000] {processor.py:179} INFO - Processing /home/airflow/.local/lib/python3.10/site-packages/airflow/example_dags/example_branch_datetime_operator.py took 0.148 seconds
[2025-02-22T22:10:43.238+0000] {processor.py:157} INFO - Started process (PID=340) to work on /home/airflow/.local/lib/python3.10/site-packages/airflow/example_dags/example_branch_datetime_operator.py
[2025-02-22T22:10:43.241+0000] {processor.py:829} INFO - Processing file /home/airflow/.local/lib/python3.10/site-packages/airflow/example_dags/example_branch_datetime_operator.py for tasks to queue
[2025-02-22T22:10:43.246+0000] {logging_mixin.py:154} INFO - [2025-02-22T22:10:43.246+0000] {dagbag.py:536} INFO - Filling up the DagBag from /home/airflow/.local/lib/python3.10/site-packages/airflow/example_dags/example_branch_datetime_operator.py
[2025-02-22T22:10:43.260+0000] {processor.py:839} INFO - DAG(s) dict_keys(['example_branch_datetime_operator', 'example_branch_datetime_operator_2', 'example_branch_datetime_operator_3']) retrieved from /home/airflow/.local/lib/python3.10/site-packages/airflow/example_dags/example_branch_datetime_operator.py
[2025-02-22T22:10:43.394+0000] {logging_mixin.py:154} INFO - [2025-02-22T22:10:43.394+0000] {dag.py:2941} INFO - Sync 3 DAGs
[2025-02-22T22:10:43.458+0000] {logging_mixin.py:154} INFO - [2025-02-22T22:10:43.458+0000] {dag.py:3722} INFO - Setting next_dagrun for example_branch_datetime_operator to 2025-02-21T00:00:00+00:00, run_after=2025-02-22T00:00:00+00:00
[2025-02-22T22:10:43.465+0000] {logging_mixin.py:154} INFO - [2025-02-22T22:10:43.465+0000] {dag.py:3722} INFO - Setting next_dagrun for example_branch_datetime_operator_2 to 2025-02-21T00:00:00+00:00, run_after=2025-02-22T00:00:00+00:00
[2025-02-22T22:10:43.472+0000] {logging_mixin.py:154} INFO - [2025-02-22T22:10:43.471+0000] {dag.py:3722} INFO - Setting next_dagrun for example_branch_datetime_operator_3 to 2025-02-21T00:00:00+00:00, run_after=2025-02-22T00:00:00+00:00
[2025-02-22T22:10:43.509+0000] {processor.py:179} INFO - Processing /home/airflow/.local/lib/python3.10/site-packages/airflow/example_dags/example_branch_datetime_operator.py took 0.275 seconds
[2025-02-22T22:11:14.497+0000] {processor.py:157} INFO - Started process (PID=400) to work on /home/airflow/.local/lib/python3.10/site-packages/airflow/example_dags/example_branch_datetime_operator.py
[2025-02-22T22:11:14.499+0000] {processor.py:829} INFO - Processing file /home/airflow/.local/lib/python3.10/site-packages/airflow/example_dags/example_branch_datetime_operator.py for tasks to queue
[2025-02-22T22:11:14.502+0000] {logging_mixin.py:154} INFO - [2025-02-22T22:11:14.501+0000] {dagbag.py:536} INFO - Filling up the DagBag from /home/airflow/.local/lib/python3.10/site-packages/airflow/example_dags/example_branch_datetime_operator.py
[2025-02-22T22:11:14.513+0000] {processor.py:839} INFO - DAG(s) dict_keys(['example_branch_datetime_operator_2', 'example_branch_datetime_operator', 'example_branch_datetime_operator_3']) retrieved from /home/airflow/.local/lib/python3.10/site-packages/airflow/example_dags/example_branch_datetime_operator.py
[2025-02-22T22:11:14.599+0000] {logging_mixin.py:154} INFO - [2025-02-22T22:11:14.599+0000] {dag.py:2941} INFO - Sync 3 DAGs
[2025-02-22T22:11:14.635+0000] {logging_mixin.py:154} INFO - [2025-02-22T22:11:14.635+0000] {dag.py:3722} INFO - Setting next_dagrun for example_branch_datetime_operator to 2025-02-21T00:00:00+00:00, run_after=2025-02-22T00:00:00+00:00
[2025-02-22T22:11:14.640+0000] {logging_mixin.py:154} INFO - [2025-02-22T22:11:14.639+0000] {dag.py:3722} INFO - Setting next_dagrun for example_branch_datetime_operator_2 to 2025-02-21T00:00:00+00:00, run_after=2025-02-22T00:00:00+00:00
[2025-02-22T22:11:14.642+0000] {logging_mixin.py:154} INFO - [2025-02-22T22:11:14.641+0000] {dag.py:3722} INFO - Setting next_dagrun for example_branch_datetime_operator_3 to 2025-02-21T00:00:00+00:00, run_after=2025-02-22T00:00:00+00:00
[2025-02-22T22:11:14.664+0000] {processor.py:179} INFO - Processing /home/airflow/.local/lib/python3.10/site-packages/airflow/example_dags/example_branch_datetime_operator.py took 0.170 seconds
[2025-02-22T22:11:45.361+0000] {processor.py:157} INFO - Started process (PID=468) to work on /home/airflow/.local/lib/python3.10/site-packages/airflow/example_dags/example_branch_datetime_operator.py
[2025-02-22T22:11:45.364+0000] {processor.py:829} INFO - Processing file /home/airflow/.local/lib/python3.10/site-packages/airflow/example_dags/example_branch_datetime_operator.py for tasks to queue
[2025-02-22T22:11:45.366+0000] {logging_mixin.py:154} INFO - [2025-02-22T22:11:45.366+0000] {dagbag.py:536} INFO - Filling up the DagBag from /home/airflow/.local/lib/python3.10/site-packages/airflow/example_dags/example_branch_datetime_operator.py
[2025-02-22T22:11:45.381+0000] {processor.py:839} INFO - DAG(s) dict_keys(['example_branch_datetime_operator', 'example_branch_datetime_operator_2', 'example_branch_datetime_operator_3']) retrieved from /home/airflow/.local/lib/python3.10/site-packages/airflow/example_dags/example_branch_datetime_operator.py
[2025-02-22T22:11:45.466+0000] {logging_mixin.py:154} INFO - [2025-02-22T22:11:45.466+0000] {dag.py:2941} INFO - Sync 3 DAGs
[2025-02-22T22:11:45.501+0000] {logging_mixin.py:154} INFO - [2025-02-22T22:11:45.500+0000] {dag.py:3722} INFO - Setting next_dagrun for example_branch_datetime_operator to 2025-02-21T00:00:00+00:00, run_after=2025-02-22T00:00:00+00:00
[2025-02-22T22:11:45.506+0000] {logging_mixin.py:154} INFO - [2025-02-22T22:11:45.505+0000] {dag.py:3722} INFO - Setting next_dagrun for example_branch_datetime_operator_2 to 2025-02-21T00:00:00+00:00, run_after=2025-02-22T00:00:00+00:00
[2025-02-22T22:11:45.507+0000] {logging_mixin.py:154} INFO - [2025-02-22T22:11:45.507+0000] {dag.py:3722} INFO - Setting next_dagrun for example_branch_datetime_operator_3 to 2025-02-21T00:00:00+00:00, run_after=2025-02-22T00:00:00+00:00
[2025-02-22T22:11:45.527+0000] {processor.py:179} INFO - Processing /home/airflow/.local/lib/python3.10/site-packages/airflow/example_dags/example_branch_datetime_operator.py took 0.170 seconds
[2025-02-22T22:12:16.154+0000] {processor.py:157} INFO - Started process (PID=529) to work on /home/airflow/.local/lib/python3.10/site-packages/airflow/example_dags/example_branch_datetime_operator.py
[2025-02-22T22:12:16.156+0000] {processor.py:829} INFO - Processing file /home/airflow/.local/lib/python3.10/site-packages/airflow/example_dags/example_branch_datetime_operator.py for tasks to queue
[2025-02-22T22:12:16.159+0000] {logging_mixin.py:154} INFO - [2025-02-22T22:12:16.159+0000] {dagbag.py:536} INFO - Filling up the DagBag from /home/airflow/.local/lib/python3.10/site-packages/airflow/example_dags/example_branch_datetime_operator.py
[2025-02-22T22:12:16.171+0000] {processor.py:839} INFO - DAG(s) dict_keys(['example_branch_datetime_operator', 'example_branch_datetime_operator_2', 'example_branch_datetime_operator_3']) retrieved from /home/airflow/.local/lib/python3.10/site-packages/airflow/example_dags/example_branch_datetime_operator.py
[2025-02-22T22:12:16.252+0000] {logging_mixin.py:154} INFO - [2025-02-22T22:12:16.252+0000] {dag.py:2941} INFO - Sync 3 DAGs
[2025-02-22T22:12:16.289+0000] {logging_mixin.py:154} INFO - [2025-02-22T22:12:16.289+0000] {dag.py:3722} INFO - Setting next_dagrun for example_branch_datetime_operator to 2025-02-21T00:00:00+00:00, run_after=2025-02-22T00:00:00+00:00
[2025-02-22T22:12:16.296+0000] {logging_mixin.py:154} INFO - [2025-02-22T22:12:16.296+0000] {dag.py:3722} INFO - Setting next_dagrun for example_branch_datetime_operator_2 to 2025-02-21T00:00:00+00:00, run_after=2025-02-22T00:00:00+00:00
[2025-02-22T22:12:16.298+0000] {logging_mixin.py:154} INFO - [2025-02-22T22:12:16.298+0000] {dag.py:3722} INFO - Setting next_dagrun for example_branch_datetime_operator_3 to 2025-02-21T00:00:00+00:00, run_after=2025-02-22T00:00:00+00:00
[2025-02-22T22:12:16.319+0000] {processor.py:179} INFO - Processing /home/airflow/.local/lib/python3.10/site-packages/airflow/example_dags/example_branch_datetime_operator.py took 0.170 seconds
[2025-02-22T22:12:46.620+0000] {processor.py:157} INFO - Started process (PID=596) to work on /home/airflow/.local/lib/python3.10/site-packages/airflow/example_dags/example_branch_datetime_operator.py
[2025-02-22T22:12:46.623+0000] {processor.py:829} INFO - Processing file /home/airflow/.local/lib/python3.10/site-packages/airflow/example_dags/example_branch_datetime_operator.py for tasks to queue
[2025-02-22T22:12:46.626+0000] {logging_mixin.py:154} INFO - [2025-02-22T22:12:46.625+0000] {dagbag.py:536} INFO - Filling up the DagBag from /home/airflow/.local/lib/python3.10/site-packages/airflow/example_dags/example_branch_datetime_operator.py
[2025-02-22T22:12:46.639+0000] {processor.py:839} INFO - DAG(s) dict_keys(['example_branch_datetime_operator_3', 'example_branch_datetime_operator_2', 'example_branch_datetime_operator']) retrieved from /home/airflow/.local/lib/python3.10/site-packages/airflow/example_dags/example_branch_datetime_operator.py
[2025-02-22T22:12:46.754+0000] {logging_mixin.py:154} INFO - [2025-02-22T22:12:46.754+0000] {dag.py:2941} INFO - Sync 3 DAGs
[2025-02-22T22:12:46.801+0000] {logging_mixin.py:154} INFO - [2025-02-22T22:12:46.800+0000] {dag.py:3722} INFO - Setting next_dagrun for example_branch_datetime_operator to 2025-02-21T00:00:00+00:00, run_after=2025-02-22T00:00:00+00:00
[2025-02-22T22:12:46.808+0000] {logging_mixin.py:154} INFO - [2025-02-22T22:12:46.808+0000] {dag.py:3722} INFO - Setting next_dagrun for example_branch_datetime_operator_2 to 2025-02-21T00:00:00+00:00, run_after=2025-02-22T00:00:00+00:00
[2025-02-22T22:12:46.810+0000] {logging_mixin.py:154} INFO - [2025-02-22T22:12:46.810+0000] {dag.py:3722} INFO - Setting next_dagrun for example_branch_datetime_operator_3 to 2025-02-21T00:00:00+00:00, run_after=2025-02-22T00:00:00+00:00
[2025-02-22T22:12:46.836+0000] {processor.py:179} INFO - Processing /home/airflow/.local/lib/python3.10/site-packages/airflow/example_dags/example_branch_datetime_operator.py took 0.218 seconds
[2025-02-22T22:13:17.271+0000] {processor.py:157} INFO - Started process (PID=657) to work on /home/airflow/.local/lib/python3.10/site-packages/airflow/example_dags/example_branch_datetime_operator.py
[2025-02-22T22:13:17.274+0000] {processor.py:829} INFO - Processing file /home/airflow/.local/lib/python3.10/site-packages/airflow/example_dags/example_branch_datetime_operator.py for tasks to queue
[2025-02-22T22:13:17.276+0000] {logging_mixin.py:154} INFO - [2025-02-22T22:13:17.275+0000] {dagbag.py:536} INFO - Filling up the DagBag from /home/airflow/.local/lib/python3.10/site-packages/airflow/example_dags/example_branch_datetime_operator.py
[2025-02-22T22:13:17.292+0000] {processor.py:839} INFO - DAG(s) dict_keys(['example_branch_datetime_operator_2', 'example_branch_datetime_operator_3', 'example_branch_datetime_operator']) retrieved from /home/airflow/.local/lib/python3.10/site-packages/airflow/example_dags/example_branch_datetime_operator.py
[2025-02-22T22:13:17.380+0000] {logging_mixin.py:154} INFO - [2025-02-22T22:13:17.379+0000] {dag.py:2941} INFO - Sync 3 DAGs
[2025-02-22T22:13:17.417+0000] {logging_mixin.py:154} INFO - [2025-02-22T22:13:17.417+0000] {dag.py:3722} INFO - Setting next_dagrun for example_branch_datetime_operator to 2025-02-21T00:00:00+00:00, run_after=2025-02-22T00:00:00+00:00
[2025-02-22T22:13:17.421+0000] {logging_mixin.py:154} INFO - [2025-02-22T22:13:17.421+0000] {dag.py:3722} INFO - Setting next_dagrun for example_branch_datetime_operator_2 to 2025-02-21T00:00:00+00:00, run_after=2025-02-22T00:00:00+00:00
[2025-02-22T22:13:17.423+0000] {logging_mixin.py:154} INFO - [2025-02-22T22:13:17.423+0000] {dag.py:3722} INFO - Setting next_dagrun for example_branch_datetime_operator_3 to 2025-02-21T00:00:00+00:00, run_after=2025-02-22T00:00:00+00:00
[2025-02-22T22:13:17.446+0000] {processor.py:179} INFO - Processing /home/airflow/.local/lib/python3.10/site-packages/airflow/example_dags/example_branch_datetime_operator.py took 0.178 seconds
[2025-02-22T22:13:47.760+0000] {processor.py:157} INFO - Started process (PID=725) to work on /home/airflow/.local/lib/python3.10/site-packages/airflow/example_dags/example_branch_datetime_operator.py
[2025-02-22T22:13:47.762+0000] {processor.py:829} INFO - Processing file /home/airflow/.local/lib/python3.10/site-packages/airflow/example_dags/example_branch_datetime_operator.py for tasks to queue
[2025-02-22T22:13:47.764+0000] {logging_mixin.py:154} INFO - [2025-02-22T22:13:47.764+0000] {dagbag.py:536} INFO - Filling up the DagBag from /home/airflow/.local/lib/python3.10/site-packages/airflow/example_dags/example_branch_datetime_operator.py
[2025-02-22T22:13:47.779+0000] {processor.py:839} INFO - DAG(s) dict_keys(['example_branch_datetime_operator', 'example_branch_datetime_operator_2', 'example_branch_datetime_operator_3']) retrieved from /home/airflow/.local/lib/python3.10/site-packages/airflow/example_dags/example_branch_datetime_operator.py
[2025-02-22T22:13:47.883+0000] {logging_mixin.py:154} INFO - [2025-02-22T22:13:47.882+0000] {dag.py:2941} INFO - Sync 3 DAGs
[2025-02-22T22:13:47.926+0000] {logging_mixin.py:154} INFO - [2025-02-22T22:13:47.925+0000] {dag.py:3722} INFO - Setting next_dagrun for example_branch_datetime_operator to 2025-02-21T00:00:00+00:00, run_after=2025-02-22T00:00:00+00:00
[2025-02-22T22:13:47.934+0000] {logging_mixin.py:154} INFO - [2025-02-22T22:13:47.934+0000] {dag.py:3722} INFO - Setting next_dagrun for example_branch_datetime_operator_2 to 2025-02-21T00:00:00+00:00, run_after=2025-02-22T00:00:00+00:00
[2025-02-22T22:13:47.942+0000] {logging_mixin.py:154} INFO - [2025-02-22T22:13:47.941+0000] {dag.py:3722} INFO - Setting next_dagrun for example_branch_datetime_operator_3 to 2025-02-21T00:00:00+00:00, run_after=2025-02-22T00:00:00+00:00
[2025-02-22T22:13:47.978+0000] {processor.py:179} INFO - Processing /home/airflow/.local/lib/python3.10/site-packages/airflow/example_dags/example_branch_datetime_operator.py took 0.222 seconds
[2025-02-22T22:14:18.106+0000] {processor.py:157} INFO - Started process (PID=786) to work on /home/airflow/.local/lib/python3.10/site-packages/airflow/example_dags/example_branch_datetime_operator.py
[2025-02-22T22:14:18.112+0000] {processor.py:829} INFO - Processing file /home/airflow/.local/lib/python3.10/site-packages/airflow/example_dags/example_branch_datetime_operator.py for tasks to queue
[2025-02-22T22:14:18.120+0000] {logging_mixin.py:154} INFO - [2025-02-22T22:14:18.119+0000] {dagbag.py:536} INFO - Filling up the DagBag from /home/airflow/.local/lib/python3.10/site-packages/airflow/example_dags/example_branch_datetime_operator.py
[2025-02-22T22:14:18.145+0000] {processor.py:839} INFO - DAG(s) dict_keys(['example_branch_datetime_operator', 'example_branch_datetime_operator_2', 'example_branch_datetime_operator_3']) retrieved from /home/airflow/.local/lib/python3.10/site-packages/airflow/example_dags/example_branch_datetime_operator.py
[2025-02-22T22:14:18.317+0000] {logging_mixin.py:154} INFO - [2025-02-22T22:14:18.317+0000] {dag.py:2941} INFO - Sync 3 DAGs
[2025-02-22T22:14:18.393+0000] {logging_mixin.py:154} INFO - [2025-02-22T22:14:18.393+0000] {dag.py:3722} INFO - Setting next_dagrun for example_branch_datetime_operator to 2025-02-21T00:00:00+00:00, run_after=2025-02-22T00:00:00+00:00
[2025-02-22T22:14:18.401+0000] {logging_mixin.py:154} INFO - [2025-02-22T22:14:18.400+0000] {dag.py:3722} INFO - Setting next_dagrun for example_branch_datetime_operator_2 to 2025-02-21T00:00:00+00:00, run_after=2025-02-22T00:00:00+00:00
[2025-02-22T22:14:18.404+0000] {logging_mixin.py:154} INFO - [2025-02-22T22:14:18.404+0000] {dag.py:3722} INFO - Setting next_dagrun for example_branch_datetime_operator_3 to 2025-02-21T00:00:00+00:00, run_after=2025-02-22T00:00:00+00:00
[2025-02-22T22:14:18.442+0000] {processor.py:179} INFO - Processing /home/airflow/.local/lib/python3.10/site-packages/airflow/example_dags/example_branch_datetime_operator.py took 0.357 seconds
[2025-02-22T22:14:49.080+0000] {processor.py:157} INFO - Started process (PID=854) to work on /home/airflow/.local/lib/python3.10/site-packages/airflow/example_dags/example_branch_datetime_operator.py
[2025-02-22T22:14:49.081+0000] {processor.py:829} INFO - Processing file /home/airflow/.local/lib/python3.10/site-packages/airflow/example_dags/example_branch_datetime_operator.py for tasks to queue
[2025-02-22T22:14:49.084+0000] {logging_mixin.py:154} INFO - [2025-02-22T22:14:49.084+0000] {dagbag.py:536} INFO - Filling up the DagBag from /home/airflow/.local/lib/python3.10/site-packages/airflow/example_dags/example_branch_datetime_operator.py
[2025-02-22T22:14:49.098+0000] {processor.py:839} INFO - DAG(s) dict_keys(['example_branch_datetime_operator_3', 'example_branch_datetime_operator', 'example_branch_datetime_operator_2']) retrieved from /home/airflow/.local/lib/python3.10/site-packages/airflow/example_dags/example_branch_datetime_operator.py
[2025-02-22T22:14:49.191+0000] {logging_mixin.py:154} INFO - [2025-02-22T22:14:49.190+0000] {dag.py:2941} INFO - Sync 3 DAGs
[2025-02-22T22:14:49.232+0000] {logging_mixin.py:154} INFO - [2025-02-22T22:14:49.232+0000] {dag.py:3722} INFO - Setting next_dagrun for example_branch_datetime_operator to 2025-02-21T00:00:00+00:00, run_after=2025-02-22T00:00:00+00:00
[2025-02-22T22:14:49.238+0000] {logging_mixin.py:154} INFO - [2025-02-22T22:14:49.238+0000] {dag.py:3722} INFO - Setting next_dagrun for example_branch_datetime_operator_2 to 2025-02-21T00:00:00+00:00, run_after=2025-02-22T00:00:00+00:00
[2025-02-22T22:14:49.240+0000] {logging_mixin.py:154} INFO - [2025-02-22T22:14:49.240+0000] {dag.py:3722} INFO - Setting next_dagrun for example_branch_datetime_operator_3 to 2025-02-21T00:00:00+00:00, run_after=2025-02-22T00:00:00+00:00
[2025-02-22T22:14:49.271+0000] {processor.py:179} INFO - Processing /home/airflow/.local/lib/python3.10/site-packages/airflow/example_dags/example_branch_datetime_operator.py took 0.196 seconds
[2025-02-22T22:15:19.956+0000] {processor.py:157} INFO - Started process (PID=915) to work on /home/airflow/.local/lib/python3.10/site-packages/airflow/example_dags/example_branch_datetime_operator.py
[2025-02-22T22:15:19.959+0000] {processor.py:829} INFO - Processing file /home/airflow/.local/lib/python3.10/site-packages/airflow/example_dags/example_branch_datetime_operator.py for tasks to queue
[2025-02-22T22:15:19.962+0000] {logging_mixin.py:154} INFO - [2025-02-22T22:15:19.962+0000] {dagbag.py:536} INFO - Filling up the DagBag from /home/airflow/.local/lib/python3.10/site-packages/airflow/example_dags/example_branch_datetime_operator.py
[2025-02-22T22:15:19.980+0000] {processor.py:839} INFO - DAG(s) dict_keys(['example_branch_datetime_operator_3', 'example_branch_datetime_operator_2', 'example_branch_datetime_operator']) retrieved from /home/airflow/.local/lib/python3.10/site-packages/airflow/example_dags/example_branch_datetime_operator.py
[2025-02-22T22:15:20.070+0000] {logging_mixin.py:154} INFO - [2025-02-22T22:15:20.070+0000] {dag.py:2941} INFO - Sync 3 DAGs
[2025-02-22T22:15:20.107+0000] {logging_mixin.py:154} INFO - [2025-02-22T22:15:20.107+0000] {dag.py:3722} INFO - Setting next_dagrun for example_branch_datetime_operator to 2025-02-21T00:00:00+00:00, run_after=2025-02-22T00:00:00+00:00
[2025-02-22T22:15:20.111+0000] {logging_mixin.py:154} INFO - [2025-02-22T22:15:20.111+0000] {dag.py:3722} INFO - Setting next_dagrun for example_branch_datetime_operator_2 to 2025-02-21T00:00:00+00:00, run_after=2025-02-22T00:00:00+00:00
[2025-02-22T22:15:20.114+0000] {logging_mixin.py:154} INFO - [2025-02-22T22:15:20.114+0000] {dag.py:3722} INFO - Setting next_dagrun for example_branch_datetime_operator_3 to 2025-02-21T00:00:00+00:00, run_after=2025-02-22T00:00:00+00:00
[2025-02-22T22:15:20.133+0000] {processor.py:179} INFO - Processing /home/airflow/.local/lib/python3.10/site-packages/airflow/example_dags/example_branch_datetime_operator.py took 0.182 seconds
[2025-02-22T22:15:50.284+0000] {processor.py:157} INFO - Started process (PID=983) to work on /home/airflow/.local/lib/python3.10/site-packages/airflow/example_dags/example_branch_datetime_operator.py
[2025-02-22T22:15:50.285+0000] {processor.py:829} INFO - Processing file /home/airflow/.local/lib/python3.10/site-packages/airflow/example_dags/example_branch_datetime_operator.py for tasks to queue
[2025-02-22T22:15:50.288+0000] {logging_mixin.py:154} INFO - [2025-02-22T22:15:50.288+0000] {dagbag.py:536} INFO - Filling up the DagBag from /home/airflow/.local/lib/python3.10/site-packages/airflow/example_dags/example_branch_datetime_operator.py
[2025-02-22T22:15:50.301+0000] {processor.py:839} INFO - DAG(s) dict_keys(['example_branch_datetime_operator', 'example_branch_datetime_operator_2', 'example_branch_datetime_operator_3']) retrieved from /home/airflow/.local/lib/python3.10/site-packages/airflow/example_dags/example_branch_datetime_operator.py
[2025-02-22T22:15:50.383+0000] {logging_mixin.py:154} INFO - [2025-02-22T22:15:50.383+0000] {dag.py:2941} INFO - Sync 3 DAGs
[2025-02-22T22:15:50.416+0000] {logging_mixin.py:154} INFO - [2025-02-22T22:15:50.416+0000] {dag.py:3722} INFO - Setting next_dagrun for example_branch_datetime_operator to 2025-02-21T00:00:00+00:00, run_after=2025-02-22T00:00:00+00:00
[2025-02-22T22:15:50.422+0000] {logging_mixin.py:154} INFO - [2025-02-22T22:15:50.422+0000] {dag.py:3722} INFO - Setting next_dagrun for example_branch_datetime_operator_2 to 2025-02-21T00:00:00+00:00, run_after=2025-02-22T00:00:00+00:00
[2025-02-22T22:15:50.424+0000] {logging_mixin.py:154} INFO - [2025-02-22T22:15:50.424+0000] {dag.py:3722} INFO - Setting next_dagrun for example_branch_datetime_operator_3 to 2025-02-21T00:00:00+00:00, run_after=2025-02-22T00:00:00+00:00
[2025-02-22T22:15:50.444+0000] {processor.py:179} INFO - Processing /home/airflow/.local/lib/python3.10/site-packages/airflow/example_dags/example_branch_datetime_operator.py took 0.165 seconds
[2025-02-22T22:16:20.641+0000] {processor.py:157} INFO - Started process (PID=1044) to work on /home/airflow/.local/lib/python3.10/site-packages/airflow/example_dags/example_branch_datetime_operator.py
[2025-02-22T22:16:20.642+0000] {processor.py:829} INFO - Processing file /home/airflow/.local/lib/python3.10/site-packages/airflow/example_dags/example_branch_datetime_operator.py for tasks to queue
[2025-02-22T22:16:20.644+0000] {logging_mixin.py:154} INFO - [2025-02-22T22:16:20.644+0000] {dagbag.py:536} INFO - Filling up the DagBag from /home/airflow/.local/lib/python3.10/site-packages/airflow/example_dags/example_branch_datetime_operator.py
[2025-02-22T22:16:20.655+0000] {processor.py:839} INFO - DAG(s) dict_keys(['example_branch_datetime_operator', 'example_branch_datetime_operator_3', 'example_branch_datetime_operator_2']) retrieved from /home/airflow/.local/lib/python3.10/site-packages/airflow/example_dags/example_branch_datetime_operator.py
[2025-02-22T22:16:20.727+0000] {logging_mixin.py:154} INFO - [2025-02-22T22:16:20.727+0000] {dag.py:2941} INFO - Sync 3 DAGs
[2025-02-22T22:16:20.763+0000] {logging_mixin.py:154} INFO - [2025-02-22T22:16:20.763+0000] {dag.py:3722} INFO - Setting next_dagrun for example_branch_datetime_operator to 2025-02-21T00:00:00+00:00, run_after=2025-02-22T00:00:00+00:00
[2025-02-22T22:16:20.768+0000] {logging_mixin.py:154} INFO - [2025-02-22T22:16:20.768+0000] {dag.py:3722} INFO - Setting next_dagrun for example_branch_datetime_operator_2 to 2025-02-21T00:00:00+00:00, run_after=2025-02-22T00:00:00+00:00
[2025-02-22T22:16:20.770+0000] {logging_mixin.py:154} INFO - [2025-02-22T22:16:20.770+0000] {dag.py:3722} INFO - Setting next_dagrun for example_branch_datetime_operator_3 to 2025-02-21T00:00:00+00:00, run_after=2025-02-22T00:00:00+00:00
[2025-02-22T22:16:20.790+0000] {processor.py:179} INFO - Processing /home/airflow/.local/lib/python3.10/site-packages/airflow/example_dags/example_branch_datetime_operator.py took 0.152 seconds
[2025-02-22T22:16:51.016+0000] {processor.py:157} INFO - Started process (PID=1112) to work on /home/airflow/.local/lib/python3.10/site-packages/airflow/example_dags/example_branch_datetime_operator.py
[2025-02-22T22:16:51.017+0000] {processor.py:829} INFO - Processing file /home/airflow/.local/lib/python3.10/site-packages/airflow/example_dags/example_branch_datetime_operator.py for tasks to queue
[2025-02-22T22:16:51.021+0000] {logging_mixin.py:154} INFO - [2025-02-22T22:16:51.020+0000] {dagbag.py:536} INFO - Filling up the DagBag from /home/airflow/.local/lib/python3.10/site-packages/airflow/example_dags/example_branch_datetime_operator.py
[2025-02-22T22:16:51.032+0000] {processor.py:839} INFO - DAG(s) dict_keys(['example_branch_datetime_operator_2', 'example_branch_datetime_operator', 'example_branch_datetime_operator_3']) retrieved from /home/airflow/.local/lib/python3.10/site-packages/airflow/example_dags/example_branch_datetime_operator.py
[2025-02-22T22:16:51.103+0000] {logging_mixin.py:154} INFO - [2025-02-22T22:16:51.102+0000] {dag.py:2941} INFO - Sync 3 DAGs
[2025-02-22T22:16:51.134+0000] {logging_mixin.py:154} INFO - [2025-02-22T22:16:51.134+0000] {dag.py:3722} INFO - Setting next_dagrun for example_branch_datetime_operator to 2025-02-21T00:00:00+00:00, run_after=2025-02-22T00:00:00+00:00
[2025-02-22T22:16:51.138+0000] {logging_mixin.py:154} INFO - [2025-02-22T22:16:51.137+0000] {dag.py:3722} INFO - Setting next_dagrun for example_branch_datetime_operator_2 to 2025-02-21T00:00:00+00:00, run_after=2025-02-22T00:00:00+00:00
[2025-02-22T22:16:51.139+0000] {logging_mixin.py:154} INFO - [2025-02-22T22:16:51.139+0000] {dag.py:3722} INFO - Setting next_dagrun for example_branch_datetime_operator_3 to 2025-02-21T00:00:00+00:00, run_after=2025-02-22T00:00:00+00:00
[2025-02-22T22:16:51.157+0000] {processor.py:179} INFO - Processing /home/airflow/.local/lib/python3.10/site-packages/airflow/example_dags/example_branch_datetime_operator.py took 0.145 seconds
