[2025-02-22T21:47:14.024+0000] {processor.py:157} INFO - Started process (PID=45) to work on /home/airflow/.local/lib/python3.10/site-packages/airflow/example_dags/example_dynamic_task_mapping_with_no_taskflow_operators.py
[2025-02-22T21:47:14.042+0000] {processor.py:829} INFO - Processing file /home/airflow/.local/lib/python3.10/site-packages/airflow/example_dags/example_dynamic_task_mapping_with_no_taskflow_operators.py for tasks to queue
[2025-02-22T21:47:14.059+0000] {logging_mixin.py:154} INFO - [2025-02-22T21:47:14.058+0000] {dagbag.py:536} INFO - Filling up the DagBag from /home/airflow/.local/lib/python3.10/site-packages/airflow/example_dags/example_dynamic_task_mapping_with_no_taskflow_operators.py
[2025-02-22T21:47:14.089+0000] {processor.py:839} INFO - DAG(s) dict_keys(['example_dynamic_task_mapping_with_no_taskflow_operators']) retrieved from /home/airflow/.local/lib/python3.10/site-packages/airflow/example_dags/example_dynamic_task_mapping_with_no_taskflow_operators.py
[2025-02-22T21:47:14.499+0000] {logging_mixin.py:154} INFO - [2025-02-22T21:47:14.498+0000] {manager.py:499} INFO - Created Permission View: %s
[2025-02-22T21:47:14.527+0000] {logging_mixin.py:154} INFO - [2025-02-22T21:47:14.527+0000] {manager.py:499} INFO - Created Permission View: %s
[2025-02-22T21:47:14.723+0000] {logging_mixin.py:154} INFO - [2025-02-22T21:47:14.722+0000] {manager.py:499} INFO - Created Permission View: %s
[2025-02-22T21:47:14.725+0000] {logging_mixin.py:154} INFO - [2025-02-22T21:47:14.725+0000] {dag.py:2941} INFO - Sync 1 DAGs
[2025-02-22T21:47:14.746+0000] {logging_mixin.py:154} INFO - [2025-02-22T21:47:14.745+0000] {dag.py:2963} INFO - Creating ORM DAG for example_dynamic_task_mapping_with_no_taskflow_operators
[2025-02-22T21:47:14.789+0000] {logging_mixin.py:154} INFO - [2025-02-22T21:47:14.788+0000] {dag.py:3722} INFO - Setting next_dagrun for example_dynamic_task_mapping_with_no_taskflow_operators to 2025-02-21T21:47:14.787728+00:00, run_after=2025-02-22T21:47:14.787728+00:00
[2025-02-22T21:47:14.845+0000] {processor.py:179} INFO - Processing /home/airflow/.local/lib/python3.10/site-packages/airflow/example_dags/example_dynamic_task_mapping_with_no_taskflow_operators.py took 0.831 seconds
[2025-02-22T21:48:57.301+0000] {processor.py:157} INFO - Started process (PID=45) to work on /home/airflow/.local/lib/python3.10/site-packages/airflow/example_dags/example_dynamic_task_mapping_with_no_taskflow_operators.py
[2025-02-22T21:48:57.304+0000] {processor.py:829} INFO - Processing file /home/airflow/.local/lib/python3.10/site-packages/airflow/example_dags/example_dynamic_task_mapping_with_no_taskflow_operators.py for tasks to queue
[2025-02-22T21:48:57.307+0000] {logging_mixin.py:154} INFO - [2025-02-22T21:48:57.307+0000] {dagbag.py:536} INFO - Filling up the DagBag from /home/airflow/.local/lib/python3.10/site-packages/airflow/example_dags/example_dynamic_task_mapping_with_no_taskflow_operators.py
[2025-02-22T21:48:57.329+0000] {processor.py:839} INFO - DAG(s) dict_keys(['example_dynamic_task_mapping_with_no_taskflow_operators']) retrieved from /home/airflow/.local/lib/python3.10/site-packages/airflow/example_dags/example_dynamic_task_mapping_with_no_taskflow_operators.py
[2025-02-22T21:48:57.448+0000] {logging_mixin.py:154} INFO - [2025-02-22T21:48:57.447+0000] {dag.py:2941} INFO - Sync 1 DAGs
[2025-02-22T21:48:57.530+0000] {logging_mixin.py:154} INFO - [2025-02-22T21:48:57.529+0000] {dag.py:3722} INFO - Setting next_dagrun for example_dynamic_task_mapping_with_no_taskflow_operators to 2025-02-21T21:48:57.529448+00:00, run_after=2025-02-22T21:48:57.529448+00:00
[2025-02-22T21:48:57.595+0000] {processor.py:179} INFO - Processing /home/airflow/.local/lib/python3.10/site-packages/airflow/example_dags/example_dynamic_task_mapping_with_no_taskflow_operators.py took 0.298 seconds
[2025-02-22T21:56:47.624+0000] {processor.py:157} INFO - Started process (PID=45) to work on /home/airflow/.local/lib/python3.10/site-packages/airflow/example_dags/example_dynamic_task_mapping_with_no_taskflow_operators.py
[2025-02-22T21:56:47.627+0000] {processor.py:829} INFO - Processing file /home/airflow/.local/lib/python3.10/site-packages/airflow/example_dags/example_dynamic_task_mapping_with_no_taskflow_operators.py for tasks to queue
[2025-02-22T21:56:47.630+0000] {logging_mixin.py:154} INFO - [2025-02-22T21:56:47.629+0000] {dagbag.py:536} INFO - Filling up the DagBag from /home/airflow/.local/lib/python3.10/site-packages/airflow/example_dags/example_dynamic_task_mapping_with_no_taskflow_operators.py
[2025-02-22T21:56:47.655+0000] {processor.py:839} INFO - DAG(s) dict_keys(['example_dynamic_task_mapping_with_no_taskflow_operators']) retrieved from /home/airflow/.local/lib/python3.10/site-packages/airflow/example_dags/example_dynamic_task_mapping_with_no_taskflow_operators.py
[2025-02-22T21:56:47.819+0000] {logging_mixin.py:154} INFO - [2025-02-22T21:56:47.818+0000] {dag.py:2941} INFO - Sync 1 DAGs
[2025-02-22T21:56:47.890+0000] {logging_mixin.py:154} INFO - [2025-02-22T21:56:47.889+0000] {dag.py:3722} INFO - Setting next_dagrun for example_dynamic_task_mapping_with_no_taskflow_operators to 2025-02-21T21:56:47.888742+00:00, run_after=2025-02-22T21:56:47.888742+00:00
[2025-02-22T21:56:47.946+0000] {processor.py:179} INFO - Processing /home/airflow/.local/lib/python3.10/site-packages/airflow/example_dags/example_dynamic_task_mapping_with_no_taskflow_operators.py took 0.325 seconds
[2025-02-22T21:57:18.701+0000] {processor.py:157} INFO - Started process (PID=113) to work on /home/airflow/.local/lib/python3.10/site-packages/airflow/example_dags/example_dynamic_task_mapping_with_no_taskflow_operators.py
[2025-02-22T21:57:18.703+0000] {processor.py:829} INFO - Processing file /home/airflow/.local/lib/python3.10/site-packages/airflow/example_dags/example_dynamic_task_mapping_with_no_taskflow_operators.py for tasks to queue
[2025-02-22T21:57:18.704+0000] {logging_mixin.py:154} INFO - [2025-02-22T21:57:18.704+0000] {dagbag.py:536} INFO - Filling up the DagBag from /home/airflow/.local/lib/python3.10/site-packages/airflow/example_dags/example_dynamic_task_mapping_with_no_taskflow_operators.py
[2025-02-22T21:57:18.712+0000] {processor.py:839} INFO - DAG(s) dict_keys(['example_dynamic_task_mapping_with_no_taskflow_operators']) retrieved from /home/airflow/.local/lib/python3.10/site-packages/airflow/example_dags/example_dynamic_task_mapping_with_no_taskflow_operators.py
[2025-02-22T21:57:18.846+0000] {logging_mixin.py:154} INFO - [2025-02-22T21:57:18.846+0000] {dag.py:2941} INFO - Sync 1 DAGs
[2025-02-22T21:57:18.899+0000] {logging_mixin.py:154} INFO - [2025-02-22T21:57:18.899+0000] {dag.py:3722} INFO - Setting next_dagrun for example_dynamic_task_mapping_with_no_taskflow_operators to 2025-02-21T21:57:18.898456+00:00, run_after=2025-02-22T21:57:18.898456+00:00
[2025-02-22T21:57:18.940+0000] {processor.py:179} INFO - Processing /home/airflow/.local/lib/python3.10/site-packages/airflow/example_dags/example_dynamic_task_mapping_with_no_taskflow_operators.py took 0.242 seconds
[2025-02-22T21:59:50.559+0000] {processor.py:157} INFO - Started process (PID=45) to work on /home/airflow/.local/lib/python3.10/site-packages/airflow/example_dags/example_dynamic_task_mapping_with_no_taskflow_operators.py
[2025-02-22T21:59:50.565+0000] {processor.py:829} INFO - Processing file /home/airflow/.local/lib/python3.10/site-packages/airflow/example_dags/example_dynamic_task_mapping_with_no_taskflow_operators.py for tasks to queue
[2025-02-22T21:59:50.571+0000] {logging_mixin.py:154} INFO - [2025-02-22T21:59:50.570+0000] {dagbag.py:536} INFO - Filling up the DagBag from /home/airflow/.local/lib/python3.10/site-packages/airflow/example_dags/example_dynamic_task_mapping_with_no_taskflow_operators.py
[2025-02-22T21:59:50.691+0000] {processor.py:839} INFO - DAG(s) dict_keys(['example_dynamic_task_mapping_with_no_taskflow_operators']) retrieved from /home/airflow/.local/lib/python3.10/site-packages/airflow/example_dags/example_dynamic_task_mapping_with_no_taskflow_operators.py
[2025-02-22T21:59:50.894+0000] {logging_mixin.py:154} INFO - [2025-02-22T21:59:50.894+0000] {dag.py:2941} INFO - Sync 1 DAGs
[2025-02-22T21:59:50.954+0000] {logging_mixin.py:154} INFO - [2025-02-22T21:59:50.954+0000] {dag.py:3722} INFO - Setting next_dagrun for example_dynamic_task_mapping_with_no_taskflow_operators to 2025-02-21T21:59:50.953736+00:00, run_after=2025-02-22T21:59:50.953736+00:00
[2025-02-22T21:59:51.017+0000] {processor.py:179} INFO - Processing /home/airflow/.local/lib/python3.10/site-packages/airflow/example_dags/example_dynamic_task_mapping_with_no_taskflow_operators.py took 0.473 seconds
[2025-02-22T22:00:21.834+0000] {processor.py:157} INFO - Started process (PID=113) to work on /home/airflow/.local/lib/python3.10/site-packages/airflow/example_dags/example_dynamic_task_mapping_with_no_taskflow_operators.py
[2025-02-22T22:00:21.835+0000] {processor.py:829} INFO - Processing file /home/airflow/.local/lib/python3.10/site-packages/airflow/example_dags/example_dynamic_task_mapping_with_no_taskflow_operators.py for tasks to queue
[2025-02-22T22:00:21.836+0000] {logging_mixin.py:154} INFO - [2025-02-22T22:00:21.836+0000] {dagbag.py:536} INFO - Filling up the DagBag from /home/airflow/.local/lib/python3.10/site-packages/airflow/example_dags/example_dynamic_task_mapping_with_no_taskflow_operators.py
[2025-02-22T22:00:21.842+0000] {processor.py:839} INFO - DAG(s) dict_keys(['example_dynamic_task_mapping_with_no_taskflow_operators']) retrieved from /home/airflow/.local/lib/python3.10/site-packages/airflow/example_dags/example_dynamic_task_mapping_with_no_taskflow_operators.py
[2025-02-22T22:00:21.911+0000] {logging_mixin.py:154} INFO - [2025-02-22T22:00:21.911+0000] {dag.py:2941} INFO - Sync 1 DAGs
[2025-02-22T22:00:21.944+0000] {logging_mixin.py:154} INFO - [2025-02-22T22:00:21.944+0000] {dag.py:3722} INFO - Setting next_dagrun for example_dynamic_task_mapping_with_no_taskflow_operators to 2025-02-21T22:00:21.943807+00:00, run_after=2025-02-22T22:00:21.943807+00:00
[2025-02-22T22:00:21.981+0000] {processor.py:179} INFO - Processing /home/airflow/.local/lib/python3.10/site-packages/airflow/example_dags/example_dynamic_task_mapping_with_no_taskflow_operators.py took 0.149 seconds
[2025-02-22T22:00:52.149+0000] {processor.py:157} INFO - Started process (PID=174) to work on /home/airflow/.local/lib/python3.10/site-packages/airflow/example_dags/example_dynamic_task_mapping_with_no_taskflow_operators.py
[2025-02-22T22:00:52.152+0000] {processor.py:829} INFO - Processing file /home/airflow/.local/lib/python3.10/site-packages/airflow/example_dags/example_dynamic_task_mapping_with_no_taskflow_operators.py for tasks to queue
[2025-02-22T22:00:52.154+0000] {logging_mixin.py:154} INFO - [2025-02-22T22:00:52.153+0000] {dagbag.py:536} INFO - Filling up the DagBag from /home/airflow/.local/lib/python3.10/site-packages/airflow/example_dags/example_dynamic_task_mapping_with_no_taskflow_operators.py
[2025-02-22T22:00:52.160+0000] {processor.py:839} INFO - DAG(s) dict_keys(['example_dynamic_task_mapping_with_no_taskflow_operators']) retrieved from /home/airflow/.local/lib/python3.10/site-packages/airflow/example_dags/example_dynamic_task_mapping_with_no_taskflow_operators.py
[2025-02-22T22:00:52.231+0000] {logging_mixin.py:154} INFO - [2025-02-22T22:00:52.230+0000] {dag.py:2941} INFO - Sync 1 DAGs
[2025-02-22T22:00:52.257+0000] {logging_mixin.py:154} INFO - [2025-02-22T22:00:52.257+0000] {dag.py:3722} INFO - Setting next_dagrun for example_dynamic_task_mapping_with_no_taskflow_operators to 2025-02-21T22:00:52.256893+00:00, run_after=2025-02-22T22:00:52.256893+00:00
[2025-02-22T22:00:52.278+0000] {processor.py:179} INFO - Processing /home/airflow/.local/lib/python3.10/site-packages/airflow/example_dags/example_dynamic_task_mapping_with_no_taskflow_operators.py took 0.131 seconds
[2025-02-22T22:01:22.466+0000] {processor.py:157} INFO - Started process (PID=242) to work on /home/airflow/.local/lib/python3.10/site-packages/airflow/example_dags/example_dynamic_task_mapping_with_no_taskflow_operators.py
[2025-02-22T22:01:22.468+0000] {processor.py:829} INFO - Processing file /home/airflow/.local/lib/python3.10/site-packages/airflow/example_dags/example_dynamic_task_mapping_with_no_taskflow_operators.py for tasks to queue
[2025-02-22T22:01:22.472+0000] {logging_mixin.py:154} INFO - [2025-02-22T22:01:22.472+0000] {dagbag.py:536} INFO - Filling up the DagBag from /home/airflow/.local/lib/python3.10/site-packages/airflow/example_dags/example_dynamic_task_mapping_with_no_taskflow_operators.py
[2025-02-22T22:01:22.487+0000] {processor.py:839} INFO - DAG(s) dict_keys(['example_dynamic_task_mapping_with_no_taskflow_operators']) retrieved from /home/airflow/.local/lib/python3.10/site-packages/airflow/example_dags/example_dynamic_task_mapping_with_no_taskflow_operators.py
[2025-02-22T22:01:22.602+0000] {logging_mixin.py:154} INFO - [2025-02-22T22:01:22.602+0000] {dag.py:2941} INFO - Sync 1 DAGs
[2025-02-22T22:01:22.637+0000] {logging_mixin.py:154} INFO - [2025-02-22T22:01:22.636+0000] {dag.py:3722} INFO - Setting next_dagrun for example_dynamic_task_mapping_with_no_taskflow_operators to 2025-02-21T22:01:22.636522+00:00, run_after=2025-02-22T22:01:22.636522+00:00
[2025-02-22T22:01:22.661+0000] {processor.py:179} INFO - Processing /home/airflow/.local/lib/python3.10/site-packages/airflow/example_dags/example_dynamic_task_mapping_with_no_taskflow_operators.py took 0.198 seconds
[2025-02-22T22:01:53.253+0000] {processor.py:157} INFO - Started process (PID=302) to work on /home/airflow/.local/lib/python3.10/site-packages/airflow/example_dags/example_dynamic_task_mapping_with_no_taskflow_operators.py
[2025-02-22T22:01:53.254+0000] {processor.py:829} INFO - Processing file /home/airflow/.local/lib/python3.10/site-packages/airflow/example_dags/example_dynamic_task_mapping_with_no_taskflow_operators.py for tasks to queue
[2025-02-22T22:01:53.256+0000] {logging_mixin.py:154} INFO - [2025-02-22T22:01:53.256+0000] {dagbag.py:536} INFO - Filling up the DagBag from /home/airflow/.local/lib/python3.10/site-packages/airflow/example_dags/example_dynamic_task_mapping_with_no_taskflow_operators.py
[2025-02-22T22:01:53.262+0000] {processor.py:839} INFO - DAG(s) dict_keys(['example_dynamic_task_mapping_with_no_taskflow_operators']) retrieved from /home/airflow/.local/lib/python3.10/site-packages/airflow/example_dags/example_dynamic_task_mapping_with_no_taskflow_operators.py
[2025-02-22T22:01:53.330+0000] {logging_mixin.py:154} INFO - [2025-02-22T22:01:53.330+0000] {dag.py:2941} INFO - Sync 1 DAGs
[2025-02-22T22:01:53.359+0000] {logging_mixin.py:154} INFO - [2025-02-22T22:01:53.359+0000] {dag.py:3722} INFO - Setting next_dagrun for example_dynamic_task_mapping_with_no_taskflow_operators to 2025-02-21T22:01:53.358783+00:00, run_after=2025-02-22T22:01:53.358783+00:00
[2025-02-22T22:01:53.379+0000] {processor.py:179} INFO - Processing /home/airflow/.local/lib/python3.10/site-packages/airflow/example_dags/example_dynamic_task_mapping_with_no_taskflow_operators.py took 0.129 seconds
[2025-02-22T22:02:24.173+0000] {processor.py:157} INFO - Started process (PID=369) to work on /home/airflow/.local/lib/python3.10/site-packages/airflow/example_dags/example_dynamic_task_mapping_with_no_taskflow_operators.py
[2025-02-22T22:02:24.174+0000] {processor.py:829} INFO - Processing file /home/airflow/.local/lib/python3.10/site-packages/airflow/example_dags/example_dynamic_task_mapping_with_no_taskflow_operators.py for tasks to queue
[2025-02-22T22:02:24.175+0000] {logging_mixin.py:154} INFO - [2025-02-22T22:02:24.175+0000] {dagbag.py:536} INFO - Filling up the DagBag from /home/airflow/.local/lib/python3.10/site-packages/airflow/example_dags/example_dynamic_task_mapping_with_no_taskflow_operators.py
[2025-02-22T22:02:24.185+0000] {processor.py:839} INFO - DAG(s) dict_keys(['example_dynamic_task_mapping_with_no_taskflow_operators']) retrieved from /home/airflow/.local/lib/python3.10/site-packages/airflow/example_dags/example_dynamic_task_mapping_with_no_taskflow_operators.py
[2025-02-22T22:02:24.271+0000] {logging_mixin.py:154} INFO - [2025-02-22T22:02:24.271+0000] {dag.py:2941} INFO - Sync 1 DAGs
[2025-02-22T22:02:24.315+0000] {logging_mixin.py:154} INFO - [2025-02-22T22:02:24.314+0000] {dag.py:3722} INFO - Setting next_dagrun for example_dynamic_task_mapping_with_no_taskflow_operators to 2025-02-21T22:02:24.313740+00:00, run_after=2025-02-22T22:02:24.313740+00:00
[2025-02-22T22:02:24.342+0000] {processor.py:179} INFO - Processing /home/airflow/.local/lib/python3.10/site-packages/airflow/example_dags/example_dynamic_task_mapping_with_no_taskflow_operators.py took 0.171 seconds
[2025-02-22T22:02:54.942+0000] {processor.py:157} INFO - Started process (PID=430) to work on /home/airflow/.local/lib/python3.10/site-packages/airflow/example_dags/example_dynamic_task_mapping_with_no_taskflow_operators.py
[2025-02-22T22:02:54.943+0000] {processor.py:829} INFO - Processing file /home/airflow/.local/lib/python3.10/site-packages/airflow/example_dags/example_dynamic_task_mapping_with_no_taskflow_operators.py for tasks to queue
[2025-02-22T22:02:54.946+0000] {logging_mixin.py:154} INFO - [2025-02-22T22:02:54.945+0000] {dagbag.py:536} INFO - Filling up the DagBag from /home/airflow/.local/lib/python3.10/site-packages/airflow/example_dags/example_dynamic_task_mapping_with_no_taskflow_operators.py
[2025-02-22T22:02:54.954+0000] {processor.py:839} INFO - DAG(s) dict_keys(['example_dynamic_task_mapping_with_no_taskflow_operators']) retrieved from /home/airflow/.local/lib/python3.10/site-packages/airflow/example_dags/example_dynamic_task_mapping_with_no_taskflow_operators.py
[2025-02-22T22:02:55.027+0000] {logging_mixin.py:154} INFO - [2025-02-22T22:02:55.027+0000] {dag.py:2941} INFO - Sync 1 DAGs
[2025-02-22T22:02:55.056+0000] {logging_mixin.py:154} INFO - [2025-02-22T22:02:55.055+0000] {dag.py:3722} INFO - Setting next_dagrun for example_dynamic_task_mapping_with_no_taskflow_operators to 2025-02-21T22:02:55.055492+00:00, run_after=2025-02-22T22:02:55.055492+00:00
[2025-02-22T22:02:55.079+0000] {processor.py:179} INFO - Processing /home/airflow/.local/lib/python3.10/site-packages/airflow/example_dags/example_dynamic_task_mapping_with_no_taskflow_operators.py took 0.140 seconds
[2025-02-22T22:03:39.791+0000] {processor.py:157} INFO - Started process (PID=46) to work on /home/airflow/.local/lib/python3.10/site-packages/airflow/example_dags/example_dynamic_task_mapping_with_no_taskflow_operators.py
[2025-02-22T22:03:39.796+0000] {processor.py:829} INFO - Processing file /home/airflow/.local/lib/python3.10/site-packages/airflow/example_dags/example_dynamic_task_mapping_with_no_taskflow_operators.py for tasks to queue
[2025-02-22T22:03:39.798+0000] {logging_mixin.py:154} INFO - [2025-02-22T22:03:39.798+0000] {dagbag.py:536} INFO - Filling up the DagBag from /home/airflow/.local/lib/python3.10/site-packages/airflow/example_dags/example_dynamic_task_mapping_with_no_taskflow_operators.py
[2025-02-22T22:03:39.812+0000] {processor.py:839} INFO - DAG(s) dict_keys(['example_dynamic_task_mapping_with_no_taskflow_operators']) retrieved from /home/airflow/.local/lib/python3.10/site-packages/airflow/example_dags/example_dynamic_task_mapping_with_no_taskflow_operators.py
[2025-02-22T22:03:39.953+0000] {logging_mixin.py:154} INFO - [2025-02-22T22:03:39.952+0000] {dag.py:2941} INFO - Sync 1 DAGs
[2025-02-22T22:03:40.053+0000] {logging_mixin.py:154} INFO - [2025-02-22T22:03:40.051+0000] {dag.py:3722} INFO - Setting next_dagrun for example_dynamic_task_mapping_with_no_taskflow_operators to 2025-02-21T22:03:40.049892+00:00, run_after=2025-02-22T22:03:40.049892+00:00
[2025-02-22T22:03:40.112+0000] {processor.py:179} INFO - Processing /home/airflow/.local/lib/python3.10/site-packages/airflow/example_dags/example_dynamic_task_mapping_with_no_taskflow_operators.py took 0.324 seconds
[2025-02-22T22:04:10.318+0000] {processor.py:157} INFO - Started process (PID=114) to work on /home/airflow/.local/lib/python3.10/site-packages/airflow/example_dags/example_dynamic_task_mapping_with_no_taskflow_operators.py
[2025-02-22T22:04:10.320+0000] {processor.py:829} INFO - Processing file /home/airflow/.local/lib/python3.10/site-packages/airflow/example_dags/example_dynamic_task_mapping_with_no_taskflow_operators.py for tasks to queue
[2025-02-22T22:04:10.321+0000] {logging_mixin.py:154} INFO - [2025-02-22T22:04:10.321+0000] {dagbag.py:536} INFO - Filling up the DagBag from /home/airflow/.local/lib/python3.10/site-packages/airflow/example_dags/example_dynamic_task_mapping_with_no_taskflow_operators.py
[2025-02-22T22:04:10.327+0000] {processor.py:839} INFO - DAG(s) dict_keys(['example_dynamic_task_mapping_with_no_taskflow_operators']) retrieved from /home/airflow/.local/lib/python3.10/site-packages/airflow/example_dags/example_dynamic_task_mapping_with_no_taskflow_operators.py
[2025-02-22T22:04:10.399+0000] {logging_mixin.py:154} INFO - [2025-02-22T22:04:10.399+0000] {dag.py:2941} INFO - Sync 1 DAGs
[2025-02-22T22:04:10.427+0000] {logging_mixin.py:154} INFO - [2025-02-22T22:04:10.427+0000] {dag.py:3722} INFO - Setting next_dagrun for example_dynamic_task_mapping_with_no_taskflow_operators to 2025-02-21T22:04:10.427161+00:00, run_after=2025-02-22T22:04:10.427161+00:00
[2025-02-22T22:04:10.447+0000] {processor.py:179} INFO - Processing /home/airflow/.local/lib/python3.10/site-packages/airflow/example_dags/example_dynamic_task_mapping_with_no_taskflow_operators.py took 0.131 seconds
[2025-02-22T22:04:40.663+0000] {processor.py:157} INFO - Started process (PID=175) to work on /home/airflow/.local/lib/python3.10/site-packages/airflow/example_dags/example_dynamic_task_mapping_with_no_taskflow_operators.py
[2025-02-22T22:04:40.664+0000] {processor.py:829} INFO - Processing file /home/airflow/.local/lib/python3.10/site-packages/airflow/example_dags/example_dynamic_task_mapping_with_no_taskflow_operators.py for tasks to queue
[2025-02-22T22:04:40.666+0000] {logging_mixin.py:154} INFO - [2025-02-22T22:04:40.666+0000] {dagbag.py:536} INFO - Filling up the DagBag from /home/airflow/.local/lib/python3.10/site-packages/airflow/example_dags/example_dynamic_task_mapping_with_no_taskflow_operators.py
[2025-02-22T22:04:40.671+0000] {processor.py:839} INFO - DAG(s) dict_keys(['example_dynamic_task_mapping_with_no_taskflow_operators']) retrieved from /home/airflow/.local/lib/python3.10/site-packages/airflow/example_dags/example_dynamic_task_mapping_with_no_taskflow_operators.py
[2025-02-22T22:04:40.734+0000] {logging_mixin.py:154} INFO - [2025-02-22T22:04:40.734+0000] {dag.py:2941} INFO - Sync 1 DAGs
[2025-02-22T22:04:40.758+0000] {logging_mixin.py:154} INFO - [2025-02-22T22:04:40.757+0000] {dag.py:3722} INFO - Setting next_dagrun for example_dynamic_task_mapping_with_no_taskflow_operators to 2025-02-21T22:04:40.757598+00:00, run_after=2025-02-22T22:04:40.757598+00:00
[2025-02-22T22:04:40.774+0000] {processor.py:179} INFO - Processing /home/airflow/.local/lib/python3.10/site-packages/airflow/example_dags/example_dynamic_task_mapping_with_no_taskflow_operators.py took 0.113 seconds
[2025-02-22T22:05:11.359+0000] {processor.py:157} INFO - Started process (PID=243) to work on /home/airflow/.local/lib/python3.10/site-packages/airflow/example_dags/example_dynamic_task_mapping_with_no_taskflow_operators.py
[2025-02-22T22:05:11.361+0000] {processor.py:829} INFO - Processing file /home/airflow/.local/lib/python3.10/site-packages/airflow/example_dags/example_dynamic_task_mapping_with_no_taskflow_operators.py for tasks to queue
[2025-02-22T22:05:11.363+0000] {logging_mixin.py:154} INFO - [2025-02-22T22:05:11.363+0000] {dagbag.py:536} INFO - Filling up the DagBag from /home/airflow/.local/lib/python3.10/site-packages/airflow/example_dags/example_dynamic_task_mapping_with_no_taskflow_operators.py
[2025-02-22T22:05:11.374+0000] {processor.py:839} INFO - DAG(s) dict_keys(['example_dynamic_task_mapping_with_no_taskflow_operators']) retrieved from /home/airflow/.local/lib/python3.10/site-packages/airflow/example_dags/example_dynamic_task_mapping_with_no_taskflow_operators.py
[2025-02-22T22:05:11.475+0000] {logging_mixin.py:154} INFO - [2025-02-22T22:05:11.475+0000] {dag.py:2941} INFO - Sync 1 DAGs
[2025-02-22T22:05:11.514+0000] {logging_mixin.py:154} INFO - [2025-02-22T22:05:11.514+0000] {dag.py:3722} INFO - Setting next_dagrun for example_dynamic_task_mapping_with_no_taskflow_operators to 2025-02-21T22:05:11.514292+00:00, run_after=2025-02-22T22:05:11.514292+00:00
[2025-02-22T22:05:11.548+0000] {processor.py:179} INFO - Processing /home/airflow/.local/lib/python3.10/site-packages/airflow/example_dags/example_dynamic_task_mapping_with_no_taskflow_operators.py took 0.195 seconds
[2025-02-22T22:05:42.056+0000] {processor.py:157} INFO - Started process (PID=304) to work on /home/airflow/.local/lib/python3.10/site-packages/airflow/example_dags/example_dynamic_task_mapping_with_no_taskflow_operators.py
[2025-02-22T22:05:42.058+0000] {processor.py:829} INFO - Processing file /home/airflow/.local/lib/python3.10/site-packages/airflow/example_dags/example_dynamic_task_mapping_with_no_taskflow_operators.py for tasks to queue
[2025-02-22T22:05:42.059+0000] {logging_mixin.py:154} INFO - [2025-02-22T22:05:42.059+0000] {dagbag.py:536} INFO - Filling up the DagBag from /home/airflow/.local/lib/python3.10/site-packages/airflow/example_dags/example_dynamic_task_mapping_with_no_taskflow_operators.py
[2025-02-22T22:05:42.065+0000] {processor.py:839} INFO - DAG(s) dict_keys(['example_dynamic_task_mapping_with_no_taskflow_operators']) retrieved from /home/airflow/.local/lib/python3.10/site-packages/airflow/example_dags/example_dynamic_task_mapping_with_no_taskflow_operators.py
[2025-02-22T22:05:42.128+0000] {logging_mixin.py:154} INFO - [2025-02-22T22:05:42.127+0000] {dag.py:2941} INFO - Sync 1 DAGs
[2025-02-22T22:05:42.153+0000] {logging_mixin.py:154} INFO - [2025-02-22T22:05:42.153+0000] {dag.py:3722} INFO - Setting next_dagrun for example_dynamic_task_mapping_with_no_taskflow_operators to 2025-02-21T22:05:42.152825+00:00, run_after=2025-02-22T22:05:42.152825+00:00
[2025-02-22T22:05:42.170+0000] {processor.py:179} INFO - Processing /home/airflow/.local/lib/python3.10/site-packages/airflow/example_dags/example_dynamic_task_mapping_with_no_taskflow_operators.py took 0.116 seconds
[2025-02-22T22:06:12.464+0000] {processor.py:157} INFO - Started process (PID=372) to work on /home/airflow/.local/lib/python3.10/site-packages/airflow/example_dags/example_dynamic_task_mapping_with_no_taskflow_operators.py
[2025-02-22T22:06:12.465+0000] {processor.py:829} INFO - Processing file /home/airflow/.local/lib/python3.10/site-packages/airflow/example_dags/example_dynamic_task_mapping_with_no_taskflow_operators.py for tasks to queue
[2025-02-22T22:06:12.467+0000] {logging_mixin.py:154} INFO - [2025-02-22T22:06:12.467+0000] {dagbag.py:536} INFO - Filling up the DagBag from /home/airflow/.local/lib/python3.10/site-packages/airflow/example_dags/example_dynamic_task_mapping_with_no_taskflow_operators.py
[2025-02-22T22:06:12.473+0000] {processor.py:839} INFO - DAG(s) dict_keys(['example_dynamic_task_mapping_with_no_taskflow_operators']) retrieved from /home/airflow/.local/lib/python3.10/site-packages/airflow/example_dags/example_dynamic_task_mapping_with_no_taskflow_operators.py
[2025-02-22T22:06:12.549+0000] {logging_mixin.py:154} INFO - [2025-02-22T22:06:12.549+0000] {dag.py:2941} INFO - Sync 1 DAGs
[2025-02-22T22:06:12.579+0000] {logging_mixin.py:154} INFO - [2025-02-22T22:06:12.579+0000] {dag.py:3722} INFO - Setting next_dagrun for example_dynamic_task_mapping_with_no_taskflow_operators to 2025-02-21T22:06:12.579080+00:00, run_after=2025-02-22T22:06:12.579080+00:00
[2025-02-22T22:06:12.600+0000] {processor.py:179} INFO - Processing /home/airflow/.local/lib/python3.10/site-packages/airflow/example_dags/example_dynamic_task_mapping_with_no_taskflow_operators.py took 0.138 seconds
[2025-02-22T22:06:43.060+0000] {processor.py:157} INFO - Started process (PID=433) to work on /home/airflow/.local/lib/python3.10/site-packages/airflow/example_dags/example_dynamic_task_mapping_with_no_taskflow_operators.py
[2025-02-22T22:06:43.061+0000] {processor.py:829} INFO - Processing file /home/airflow/.local/lib/python3.10/site-packages/airflow/example_dags/example_dynamic_task_mapping_with_no_taskflow_operators.py for tasks to queue
[2025-02-22T22:06:43.062+0000] {logging_mixin.py:154} INFO - [2025-02-22T22:06:43.062+0000] {dagbag.py:536} INFO - Filling up the DagBag from /home/airflow/.local/lib/python3.10/site-packages/airflow/example_dags/example_dynamic_task_mapping_with_no_taskflow_operators.py
[2025-02-22T22:06:43.068+0000] {processor.py:839} INFO - DAG(s) dict_keys(['example_dynamic_task_mapping_with_no_taskflow_operators']) retrieved from /home/airflow/.local/lib/python3.10/site-packages/airflow/example_dags/example_dynamic_task_mapping_with_no_taskflow_operators.py
[2025-02-22T22:06:43.129+0000] {logging_mixin.py:154} INFO - [2025-02-22T22:06:43.129+0000] {dag.py:2941} INFO - Sync 1 DAGs
[2025-02-22T22:06:43.154+0000] {logging_mixin.py:154} INFO - [2025-02-22T22:06:43.153+0000] {dag.py:3722} INFO - Setting next_dagrun for example_dynamic_task_mapping_with_no_taskflow_operators to 2025-02-21T22:06:43.153649+00:00, run_after=2025-02-22T22:06:43.153649+00:00
[2025-02-22T22:06:43.171+0000] {processor.py:179} INFO - Processing /home/airflow/.local/lib/python3.10/site-packages/airflow/example_dags/example_dynamic_task_mapping_with_no_taskflow_operators.py took 0.112 seconds
[2025-02-22T22:07:13.460+0000] {processor.py:157} INFO - Started process (PID=501) to work on /home/airflow/.local/lib/python3.10/site-packages/airflow/example_dags/example_dynamic_task_mapping_with_no_taskflow_operators.py
[2025-02-22T22:07:13.462+0000] {processor.py:829} INFO - Processing file /home/airflow/.local/lib/python3.10/site-packages/airflow/example_dags/example_dynamic_task_mapping_with_no_taskflow_operators.py for tasks to queue
[2025-02-22T22:07:13.464+0000] {logging_mixin.py:154} INFO - [2025-02-22T22:07:13.463+0000] {dagbag.py:536} INFO - Filling up the DagBag from /home/airflow/.local/lib/python3.10/site-packages/airflow/example_dags/example_dynamic_task_mapping_with_no_taskflow_operators.py
[2025-02-22T22:07:13.469+0000] {processor.py:839} INFO - DAG(s) dict_keys(['example_dynamic_task_mapping_with_no_taskflow_operators']) retrieved from /home/airflow/.local/lib/python3.10/site-packages/airflow/example_dags/example_dynamic_task_mapping_with_no_taskflow_operators.py
[2025-02-22T22:07:13.542+0000] {logging_mixin.py:154} INFO - [2025-02-22T22:07:13.542+0000] {dag.py:2941} INFO - Sync 1 DAGs
[2025-02-22T22:07:13.573+0000] {logging_mixin.py:154} INFO - [2025-02-22T22:07:13.573+0000] {dag.py:3722} INFO - Setting next_dagrun for example_dynamic_task_mapping_with_no_taskflow_operators to 2025-02-21T22:07:13.573054+00:00, run_after=2025-02-22T22:07:13.573054+00:00
[2025-02-22T22:07:13.594+0000] {processor.py:179} INFO - Processing /home/airflow/.local/lib/python3.10/site-packages/airflow/example_dags/example_dynamic_task_mapping_with_no_taskflow_operators.py took 0.135 seconds
[2025-02-22T22:07:43.874+0000] {processor.py:157} INFO - Started process (PID=562) to work on /home/airflow/.local/lib/python3.10/site-packages/airflow/example_dags/example_dynamic_task_mapping_with_no_taskflow_operators.py
[2025-02-22T22:07:43.875+0000] {processor.py:829} INFO - Processing file /home/airflow/.local/lib/python3.10/site-packages/airflow/example_dags/example_dynamic_task_mapping_with_no_taskflow_operators.py for tasks to queue
[2025-02-22T22:07:43.877+0000] {logging_mixin.py:154} INFO - [2025-02-22T22:07:43.877+0000] {dagbag.py:536} INFO - Filling up the DagBag from /home/airflow/.local/lib/python3.10/site-packages/airflow/example_dags/example_dynamic_task_mapping_with_no_taskflow_operators.py
[2025-02-22T22:07:43.883+0000] {processor.py:839} INFO - DAG(s) dict_keys(['example_dynamic_task_mapping_with_no_taskflow_operators']) retrieved from /home/airflow/.local/lib/python3.10/site-packages/airflow/example_dags/example_dynamic_task_mapping_with_no_taskflow_operators.py
[2025-02-22T22:07:43.947+0000] {logging_mixin.py:154} INFO - [2025-02-22T22:07:43.947+0000] {dag.py:2941} INFO - Sync 1 DAGs
[2025-02-22T22:07:43.975+0000] {logging_mixin.py:154} INFO - [2025-02-22T22:07:43.975+0000] {dag.py:3722} INFO - Setting next_dagrun for example_dynamic_task_mapping_with_no_taskflow_operators to 2025-02-21T22:07:43.974970+00:00, run_after=2025-02-22T22:07:43.974970+00:00
[2025-02-22T22:07:43.994+0000] {processor.py:179} INFO - Processing /home/airflow/.local/lib/python3.10/site-packages/airflow/example_dags/example_dynamic_task_mapping_with_no_taskflow_operators.py took 0.122 seconds
[2025-02-22T22:08:34.084+0000] {processor.py:157} INFO - Started process (PID=44) to work on /home/airflow/.local/lib/python3.10/site-packages/airflow/example_dags/example_dynamic_task_mapping_with_no_taskflow_operators.py
[2025-02-22T22:08:34.088+0000] {processor.py:829} INFO - Processing file /home/airflow/.local/lib/python3.10/site-packages/airflow/example_dags/example_dynamic_task_mapping_with_no_taskflow_operators.py for tasks to queue
[2025-02-22T22:08:34.097+0000] {logging_mixin.py:154} INFO - [2025-02-22T22:08:34.096+0000] {dagbag.py:536} INFO - Filling up the DagBag from /home/airflow/.local/lib/python3.10/site-packages/airflow/example_dags/example_dynamic_task_mapping_with_no_taskflow_operators.py
[2025-02-22T22:08:34.118+0000] {processor.py:839} INFO - DAG(s) dict_keys(['example_dynamic_task_mapping_with_no_taskflow_operators']) retrieved from /home/airflow/.local/lib/python3.10/site-packages/airflow/example_dags/example_dynamic_task_mapping_with_no_taskflow_operators.py
[2025-02-22T22:08:34.286+0000] {logging_mixin.py:154} INFO - [2025-02-22T22:08:34.285+0000] {dag.py:2941} INFO - Sync 1 DAGs
[2025-02-22T22:08:34.403+0000] {logging_mixin.py:154} INFO - [2025-02-22T22:08:34.401+0000] {dag.py:3722} INFO - Setting next_dagrun for example_dynamic_task_mapping_with_no_taskflow_operators to 2025-02-21T22:08:34.399484+00:00, run_after=2025-02-22T22:08:34.399484+00:00
[2025-02-22T22:08:34.485+0000] {processor.py:179} INFO - Processing /home/airflow/.local/lib/python3.10/site-packages/airflow/example_dags/example_dynamic_task_mapping_with_no_taskflow_operators.py took 0.409 seconds
[2025-02-22T22:09:04.549+0000] {processor.py:157} INFO - Started process (PID=112) to work on /home/airflow/.local/lib/python3.10/site-packages/airflow/example_dags/example_dynamic_task_mapping_with_no_taskflow_operators.py
[2025-02-22T22:09:04.551+0000] {processor.py:829} INFO - Processing file /home/airflow/.local/lib/python3.10/site-packages/airflow/example_dags/example_dynamic_task_mapping_with_no_taskflow_operators.py for tasks to queue
[2025-02-22T22:09:04.553+0000] {logging_mixin.py:154} INFO - [2025-02-22T22:09:04.553+0000] {dagbag.py:536} INFO - Filling up the DagBag from /home/airflow/.local/lib/python3.10/site-packages/airflow/example_dags/example_dynamic_task_mapping_with_no_taskflow_operators.py
[2025-02-22T22:09:04.562+0000] {processor.py:839} INFO - DAG(s) dict_keys(['example_dynamic_task_mapping_with_no_taskflow_operators']) retrieved from /home/airflow/.local/lib/python3.10/site-packages/airflow/example_dags/example_dynamic_task_mapping_with_no_taskflow_operators.py
[2025-02-22T22:09:04.631+0000] {logging_mixin.py:154} INFO - [2025-02-22T22:09:04.630+0000] {dag.py:2941} INFO - Sync 1 DAGs
[2025-02-22T22:09:04.656+0000] {logging_mixin.py:154} INFO - [2025-02-22T22:09:04.656+0000] {dag.py:3722} INFO - Setting next_dagrun for example_dynamic_task_mapping_with_no_taskflow_operators to 2025-02-21T22:09:04.656391+00:00, run_after=2025-02-22T22:09:04.656391+00:00
[2025-02-22T22:09:04.675+0000] {processor.py:179} INFO - Processing /home/airflow/.local/lib/python3.10/site-packages/airflow/example_dags/example_dynamic_task_mapping_with_no_taskflow_operators.py took 0.132 seconds
[2025-02-22T22:09:34.705+0000] {processor.py:157} INFO - Started process (PID=172) to work on /home/airflow/.local/lib/python3.10/site-packages/airflow/example_dags/example_dynamic_task_mapping_with_no_taskflow_operators.py
[2025-02-22T22:09:34.707+0000] {processor.py:829} INFO - Processing file /home/airflow/.local/lib/python3.10/site-packages/airflow/example_dags/example_dynamic_task_mapping_with_no_taskflow_operators.py for tasks to queue
[2025-02-22T22:09:34.709+0000] {logging_mixin.py:154} INFO - [2025-02-22T22:09:34.709+0000] {dagbag.py:536} INFO - Filling up the DagBag from /home/airflow/.local/lib/python3.10/site-packages/airflow/example_dags/example_dynamic_task_mapping_with_no_taskflow_operators.py
[2025-02-22T22:09:34.715+0000] {processor.py:839} INFO - DAG(s) dict_keys(['example_dynamic_task_mapping_with_no_taskflow_operators']) retrieved from /home/airflow/.local/lib/python3.10/site-packages/airflow/example_dags/example_dynamic_task_mapping_with_no_taskflow_operators.py
[2025-02-22T22:09:34.790+0000] {logging_mixin.py:154} INFO - [2025-02-22T22:09:34.790+0000] {dag.py:2941} INFO - Sync 1 DAGs
[2025-02-22T22:09:34.818+0000] {logging_mixin.py:154} INFO - [2025-02-22T22:09:34.818+0000] {dag.py:3722} INFO - Setting next_dagrun for example_dynamic_task_mapping_with_no_taskflow_operators to 2025-02-21T22:09:34.818021+00:00, run_after=2025-02-22T22:09:34.818021+00:00
[2025-02-22T22:09:34.841+0000] {processor.py:179} INFO - Processing /home/airflow/.local/lib/python3.10/site-packages/airflow/example_dags/example_dynamic_task_mapping_with_no_taskflow_operators.py took 0.139 seconds
[2025-02-22T22:10:05.542+0000] {processor.py:157} INFO - Started process (PID=240) to work on /home/airflow/.local/lib/python3.10/site-packages/airflow/example_dags/example_dynamic_task_mapping_with_no_taskflow_operators.py
[2025-02-22T22:10:05.543+0000] {processor.py:829} INFO - Processing file /home/airflow/.local/lib/python3.10/site-packages/airflow/example_dags/example_dynamic_task_mapping_with_no_taskflow_operators.py for tasks to queue
[2025-02-22T22:10:05.545+0000] {logging_mixin.py:154} INFO - [2025-02-22T22:10:05.545+0000] {dagbag.py:536} INFO - Filling up the DagBag from /home/airflow/.local/lib/python3.10/site-packages/airflow/example_dags/example_dynamic_task_mapping_with_no_taskflow_operators.py
[2025-02-22T22:10:05.551+0000] {processor.py:839} INFO - DAG(s) dict_keys(['example_dynamic_task_mapping_with_no_taskflow_operators']) retrieved from /home/airflow/.local/lib/python3.10/site-packages/airflow/example_dags/example_dynamic_task_mapping_with_no_taskflow_operators.py
[2025-02-22T22:10:05.620+0000] {logging_mixin.py:154} INFO - [2025-02-22T22:10:05.620+0000] {dag.py:2941} INFO - Sync 1 DAGs
[2025-02-22T22:10:05.647+0000] {logging_mixin.py:154} INFO - [2025-02-22T22:10:05.647+0000] {dag.py:3722} INFO - Setting next_dagrun for example_dynamic_task_mapping_with_no_taskflow_operators to 2025-02-21T22:10:05.647072+00:00, run_after=2025-02-22T22:10:05.647072+00:00
[2025-02-22T22:10:05.666+0000] {processor.py:179} INFO - Processing /home/airflow/.local/lib/python3.10/site-packages/airflow/example_dags/example_dynamic_task_mapping_with_no_taskflow_operators.py took 0.125 seconds
[2025-02-22T22:10:36.232+0000] {processor.py:157} INFO - Started process (PID=301) to work on /home/airflow/.local/lib/python3.10/site-packages/airflow/example_dags/example_dynamic_task_mapping_with_no_taskflow_operators.py
[2025-02-22T22:10:36.233+0000] {processor.py:829} INFO - Processing file /home/airflow/.local/lib/python3.10/site-packages/airflow/example_dags/example_dynamic_task_mapping_with_no_taskflow_operators.py for tasks to queue
[2025-02-22T22:10:36.235+0000] {logging_mixin.py:154} INFO - [2025-02-22T22:10:36.235+0000] {dagbag.py:536} INFO - Filling up the DagBag from /home/airflow/.local/lib/python3.10/site-packages/airflow/example_dags/example_dynamic_task_mapping_with_no_taskflow_operators.py
[2025-02-22T22:10:36.240+0000] {processor.py:839} INFO - DAG(s) dict_keys(['example_dynamic_task_mapping_with_no_taskflow_operators']) retrieved from /home/airflow/.local/lib/python3.10/site-packages/airflow/example_dags/example_dynamic_task_mapping_with_no_taskflow_operators.py
[2025-02-22T22:10:36.302+0000] {logging_mixin.py:154} INFO - [2025-02-22T22:10:36.301+0000] {dag.py:2941} INFO - Sync 1 DAGs
[2025-02-22T22:10:36.326+0000] {logging_mixin.py:154} INFO - [2025-02-22T22:10:36.326+0000] {dag.py:3722} INFO - Setting next_dagrun for example_dynamic_task_mapping_with_no_taskflow_operators to 2025-02-21T22:10:36.325936+00:00, run_after=2025-02-22T22:10:36.325936+00:00
[2025-02-22T22:10:36.343+0000] {processor.py:179} INFO - Processing /home/airflow/.local/lib/python3.10/site-packages/airflow/example_dags/example_dynamic_task_mapping_with_no_taskflow_operators.py took 0.114 seconds
[2025-02-22T22:11:06.918+0000] {processor.py:157} INFO - Started process (PID=360) to work on /home/airflow/.local/lib/python3.10/site-packages/airflow/example_dags/example_dynamic_task_mapping_with_no_taskflow_operators.py
[2025-02-22T22:11:06.919+0000] {processor.py:829} INFO - Processing file /home/airflow/.local/lib/python3.10/site-packages/airflow/example_dags/example_dynamic_task_mapping_with_no_taskflow_operators.py for tasks to queue
[2025-02-22T22:11:06.921+0000] {logging_mixin.py:154} INFO - [2025-02-22T22:11:06.921+0000] {dagbag.py:536} INFO - Filling up the DagBag from /home/airflow/.local/lib/python3.10/site-packages/airflow/example_dags/example_dynamic_task_mapping_with_no_taskflow_operators.py
[2025-02-22T22:11:06.927+0000] {processor.py:839} INFO - DAG(s) dict_keys(['example_dynamic_task_mapping_with_no_taskflow_operators']) retrieved from /home/airflow/.local/lib/python3.10/site-packages/airflow/example_dags/example_dynamic_task_mapping_with_no_taskflow_operators.py
[2025-02-22T22:11:06.991+0000] {logging_mixin.py:154} INFO - [2025-02-22T22:11:06.990+0000] {dag.py:2941} INFO - Sync 1 DAGs
[2025-02-22T22:11:07.018+0000] {logging_mixin.py:154} INFO - [2025-02-22T22:11:07.018+0000] {dag.py:3722} INFO - Setting next_dagrun for example_dynamic_task_mapping_with_no_taskflow_operators to 2025-02-21T22:11:07.017947+00:00, run_after=2025-02-22T22:11:07.017947+00:00
[2025-02-22T22:11:07.040+0000] {processor.py:179} INFO - Processing /home/airflow/.local/lib/python3.10/site-packages/airflow/example_dags/example_dynamic_task_mapping_with_no_taskflow_operators.py took 0.124 seconds
[2025-02-22T22:11:37.628+0000] {processor.py:157} INFO - Started process (PID=428) to work on /home/airflow/.local/lib/python3.10/site-packages/airflow/example_dags/example_dynamic_task_mapping_with_no_taskflow_operators.py
[2025-02-22T22:11:37.629+0000] {processor.py:829} INFO - Processing file /home/airflow/.local/lib/python3.10/site-packages/airflow/example_dags/example_dynamic_task_mapping_with_no_taskflow_operators.py for tasks to queue
[2025-02-22T22:11:37.631+0000] {logging_mixin.py:154} INFO - [2025-02-22T22:11:37.631+0000] {dagbag.py:536} INFO - Filling up the DagBag from /home/airflow/.local/lib/python3.10/site-packages/airflow/example_dags/example_dynamic_task_mapping_with_no_taskflow_operators.py
[2025-02-22T22:11:37.637+0000] {processor.py:839} INFO - DAG(s) dict_keys(['example_dynamic_task_mapping_with_no_taskflow_operators']) retrieved from /home/airflow/.local/lib/python3.10/site-packages/airflow/example_dags/example_dynamic_task_mapping_with_no_taskflow_operators.py
[2025-02-22T22:11:37.697+0000] {logging_mixin.py:154} INFO - [2025-02-22T22:11:37.697+0000] {dag.py:2941} INFO - Sync 1 DAGs
[2025-02-22T22:11:37.723+0000] {logging_mixin.py:154} INFO - [2025-02-22T22:11:37.723+0000] {dag.py:3722} INFO - Setting next_dagrun for example_dynamic_task_mapping_with_no_taskflow_operators to 2025-02-21T22:11:37.723095+00:00, run_after=2025-02-22T22:11:37.723095+00:00
[2025-02-22T22:11:37.740+0000] {processor.py:179} INFO - Processing /home/airflow/.local/lib/python3.10/site-packages/airflow/example_dags/example_dynamic_task_mapping_with_no_taskflow_operators.py took 0.113 seconds
[2025-02-22T22:12:08.349+0000] {processor.py:157} INFO - Started process (PID=496) to work on /home/airflow/.local/lib/python3.10/site-packages/airflow/example_dags/example_dynamic_task_mapping_with_no_taskflow_operators.py
[2025-02-22T22:12:08.350+0000] {processor.py:829} INFO - Processing file /home/airflow/.local/lib/python3.10/site-packages/airflow/example_dags/example_dynamic_task_mapping_with_no_taskflow_operators.py for tasks to queue
[2025-02-22T22:12:08.352+0000] {logging_mixin.py:154} INFO - [2025-02-22T22:12:08.352+0000] {dagbag.py:536} INFO - Filling up the DagBag from /home/airflow/.local/lib/python3.10/site-packages/airflow/example_dags/example_dynamic_task_mapping_with_no_taskflow_operators.py
[2025-02-22T22:12:08.358+0000] {processor.py:839} INFO - DAG(s) dict_keys(['example_dynamic_task_mapping_with_no_taskflow_operators']) retrieved from /home/airflow/.local/lib/python3.10/site-packages/airflow/example_dags/example_dynamic_task_mapping_with_no_taskflow_operators.py
[2025-02-22T22:12:08.423+0000] {logging_mixin.py:154} INFO - [2025-02-22T22:12:08.423+0000] {dag.py:2941} INFO - Sync 1 DAGs
[2025-02-22T22:12:08.449+0000] {logging_mixin.py:154} INFO - [2025-02-22T22:12:08.449+0000] {dag.py:3722} INFO - Setting next_dagrun for example_dynamic_task_mapping_with_no_taskflow_operators to 2025-02-21T22:12:08.449022+00:00, run_after=2025-02-22T22:12:08.449022+00:00
[2025-02-22T22:12:08.467+0000] {processor.py:179} INFO - Processing /home/airflow/.local/lib/python3.10/site-packages/airflow/example_dags/example_dynamic_task_mapping_with_no_taskflow_operators.py took 0.120 seconds
[2025-02-22T22:12:39.157+0000] {processor.py:157} INFO - Started process (PID=557) to work on /home/airflow/.local/lib/python3.10/site-packages/airflow/example_dags/example_dynamic_task_mapping_with_no_taskflow_operators.py
[2025-02-22T22:12:39.158+0000] {processor.py:829} INFO - Processing file /home/airflow/.local/lib/python3.10/site-packages/airflow/example_dags/example_dynamic_task_mapping_with_no_taskflow_operators.py for tasks to queue
[2025-02-22T22:12:39.160+0000] {logging_mixin.py:154} INFO - [2025-02-22T22:12:39.160+0000] {dagbag.py:536} INFO - Filling up the DagBag from /home/airflow/.local/lib/python3.10/site-packages/airflow/example_dags/example_dynamic_task_mapping_with_no_taskflow_operators.py
[2025-02-22T22:12:39.167+0000] {processor.py:839} INFO - DAG(s) dict_keys(['example_dynamic_task_mapping_with_no_taskflow_operators']) retrieved from /home/airflow/.local/lib/python3.10/site-packages/airflow/example_dags/example_dynamic_task_mapping_with_no_taskflow_operators.py
[2025-02-22T22:12:39.233+0000] {logging_mixin.py:154} INFO - [2025-02-22T22:12:39.233+0000] {dag.py:2941} INFO - Sync 1 DAGs
[2025-02-22T22:12:39.260+0000] {logging_mixin.py:154} INFO - [2025-02-22T22:12:39.260+0000] {dag.py:3722} INFO - Setting next_dagrun for example_dynamic_task_mapping_with_no_taskflow_operators to 2025-02-21T22:12:39.259677+00:00, run_after=2025-02-22T22:12:39.259677+00:00
[2025-02-22T22:12:39.279+0000] {processor.py:179} INFO - Processing /home/airflow/.local/lib/python3.10/site-packages/airflow/example_dags/example_dynamic_task_mapping_with_no_taskflow_operators.py took 0.129 seconds
[2025-02-22T22:13:10.041+0000] {processor.py:157} INFO - Started process (PID=624) to work on /home/airflow/.local/lib/python3.10/site-packages/airflow/example_dags/example_dynamic_task_mapping_with_no_taskflow_operators.py
[2025-02-22T22:13:10.045+0000] {processor.py:829} INFO - Processing file /home/airflow/.local/lib/python3.10/site-packages/airflow/example_dags/example_dynamic_task_mapping_with_no_taskflow_operators.py for tasks to queue
[2025-02-22T22:13:10.047+0000] {logging_mixin.py:154} INFO - [2025-02-22T22:13:10.047+0000] {dagbag.py:536} INFO - Filling up the DagBag from /home/airflow/.local/lib/python3.10/site-packages/airflow/example_dags/example_dynamic_task_mapping_with_no_taskflow_operators.py
[2025-02-22T22:13:10.053+0000] {processor.py:839} INFO - DAG(s) dict_keys(['example_dynamic_task_mapping_with_no_taskflow_operators']) retrieved from /home/airflow/.local/lib/python3.10/site-packages/airflow/example_dags/example_dynamic_task_mapping_with_no_taskflow_operators.py
[2025-02-22T22:13:10.117+0000] {logging_mixin.py:154} INFO - [2025-02-22T22:13:10.117+0000] {dag.py:2941} INFO - Sync 1 DAGs
[2025-02-22T22:13:10.143+0000] {logging_mixin.py:154} INFO - [2025-02-22T22:13:10.143+0000] {dag.py:3722} INFO - Setting next_dagrun for example_dynamic_task_mapping_with_no_taskflow_operators to 2025-02-21T22:13:10.143066+00:00, run_after=2025-02-22T22:13:10.143066+00:00
[2025-02-22T22:13:10.167+0000] {processor.py:179} INFO - Processing /home/airflow/.local/lib/python3.10/site-packages/airflow/example_dags/example_dynamic_task_mapping_with_no_taskflow_operators.py took 0.128 seconds
[2025-02-22T22:13:40.668+0000] {processor.py:157} INFO - Started process (PID=685) to work on /home/airflow/.local/lib/python3.10/site-packages/airflow/example_dags/example_dynamic_task_mapping_with_no_taskflow_operators.py
[2025-02-22T22:13:40.671+0000] {processor.py:829} INFO - Processing file /home/airflow/.local/lib/python3.10/site-packages/airflow/example_dags/example_dynamic_task_mapping_with_no_taskflow_operators.py for tasks to queue
[2025-02-22T22:13:40.674+0000] {logging_mixin.py:154} INFO - [2025-02-22T22:13:40.673+0000] {dagbag.py:536} INFO - Filling up the DagBag from /home/airflow/.local/lib/python3.10/site-packages/airflow/example_dags/example_dynamic_task_mapping_with_no_taskflow_operators.py
[2025-02-22T22:13:40.681+0000] {processor.py:839} INFO - DAG(s) dict_keys(['example_dynamic_task_mapping_with_no_taskflow_operators']) retrieved from /home/airflow/.local/lib/python3.10/site-packages/airflow/example_dags/example_dynamic_task_mapping_with_no_taskflow_operators.py
[2025-02-22T22:13:40.885+0000] {logging_mixin.py:154} INFO - [2025-02-22T22:13:40.885+0000] {dag.py:2941} INFO - Sync 1 DAGs
[2025-02-22T22:13:40.947+0000] {logging_mixin.py:154} INFO - [2025-02-22T22:13:40.947+0000] {dag.py:3722} INFO - Setting next_dagrun for example_dynamic_task_mapping_with_no_taskflow_operators to 2025-02-21T22:13:40.945289+00:00, run_after=2025-02-22T22:13:40.945289+00:00
[2025-02-22T22:13:40.992+0000] {processor.py:179} INFO - Processing /home/airflow/.local/lib/python3.10/site-packages/airflow/example_dags/example_dynamic_task_mapping_with_no_taskflow_operators.py took 0.326 seconds
[2025-02-22T22:14:11.296+0000] {processor.py:157} INFO - Started process (PID=753) to work on /home/airflow/.local/lib/python3.10/site-packages/airflow/example_dags/example_dynamic_task_mapping_with_no_taskflow_operators.py
[2025-02-22T22:14:11.297+0000] {processor.py:829} INFO - Processing file /home/airflow/.local/lib/python3.10/site-packages/airflow/example_dags/example_dynamic_task_mapping_with_no_taskflow_operators.py for tasks to queue
[2025-02-22T22:14:11.298+0000] {logging_mixin.py:154} INFO - [2025-02-22T22:14:11.298+0000] {dagbag.py:536} INFO - Filling up the DagBag from /home/airflow/.local/lib/python3.10/site-packages/airflow/example_dags/example_dynamic_task_mapping_with_no_taskflow_operators.py
[2025-02-22T22:14:11.304+0000] {processor.py:839} INFO - DAG(s) dict_keys(['example_dynamic_task_mapping_with_no_taskflow_operators']) retrieved from /home/airflow/.local/lib/python3.10/site-packages/airflow/example_dags/example_dynamic_task_mapping_with_no_taskflow_operators.py
[2025-02-22T22:14:11.366+0000] {logging_mixin.py:154} INFO - [2025-02-22T22:14:11.366+0000] {dag.py:2941} INFO - Sync 1 DAGs
[2025-02-22T22:14:11.390+0000] {logging_mixin.py:154} INFO - [2025-02-22T22:14:11.390+0000] {dag.py:3722} INFO - Setting next_dagrun for example_dynamic_task_mapping_with_no_taskflow_operators to 2025-02-21T22:14:11.390324+00:00, run_after=2025-02-22T22:14:11.390324+00:00
[2025-02-22T22:14:11.407+0000] {processor.py:179} INFO - Processing /home/airflow/.local/lib/python3.10/site-packages/airflow/example_dags/example_dynamic_task_mapping_with_no_taskflow_operators.py took 0.113 seconds
[2025-02-22T22:14:41.790+0000] {processor.py:157} INFO - Started process (PID=814) to work on /home/airflow/.local/lib/python3.10/site-packages/airflow/example_dags/example_dynamic_task_mapping_with_no_taskflow_operators.py
[2025-02-22T22:14:41.792+0000] {processor.py:829} INFO - Processing file /home/airflow/.local/lib/python3.10/site-packages/airflow/example_dags/example_dynamic_task_mapping_with_no_taskflow_operators.py for tasks to queue
[2025-02-22T22:14:41.794+0000] {logging_mixin.py:154} INFO - [2025-02-22T22:14:41.793+0000] {dagbag.py:536} INFO - Filling up the DagBag from /home/airflow/.local/lib/python3.10/site-packages/airflow/example_dags/example_dynamic_task_mapping_with_no_taskflow_operators.py
[2025-02-22T22:14:41.800+0000] {processor.py:839} INFO - DAG(s) dict_keys(['example_dynamic_task_mapping_with_no_taskflow_operators']) retrieved from /home/airflow/.local/lib/python3.10/site-packages/airflow/example_dags/example_dynamic_task_mapping_with_no_taskflow_operators.py
[2025-02-22T22:14:41.873+0000] {logging_mixin.py:154} INFO - [2025-02-22T22:14:41.872+0000] {dag.py:2941} INFO - Sync 1 DAGs
[2025-02-22T22:14:41.905+0000] {logging_mixin.py:154} INFO - [2025-02-22T22:14:41.905+0000] {dag.py:3722} INFO - Setting next_dagrun for example_dynamic_task_mapping_with_no_taskflow_operators to 2025-02-21T22:14:41.905347+00:00, run_after=2025-02-22T22:14:41.905347+00:00
[2025-02-22T22:14:41.927+0000] {processor.py:179} INFO - Processing /home/airflow/.local/lib/python3.10/site-packages/airflow/example_dags/example_dynamic_task_mapping_with_no_taskflow_operators.py took 0.141 seconds
[2025-02-22T22:15:12.129+0000] {processor.py:157} INFO - Started process (PID=882) to work on /home/airflow/.local/lib/python3.10/site-packages/airflow/example_dags/example_dynamic_task_mapping_with_no_taskflow_operators.py
[2025-02-22T22:15:12.131+0000] {processor.py:829} INFO - Processing file /home/airflow/.local/lib/python3.10/site-packages/airflow/example_dags/example_dynamic_task_mapping_with_no_taskflow_operators.py for tasks to queue
[2025-02-22T22:15:12.133+0000] {logging_mixin.py:154} INFO - [2025-02-22T22:15:12.133+0000] {dagbag.py:536} INFO - Filling up the DagBag from /home/airflow/.local/lib/python3.10/site-packages/airflow/example_dags/example_dynamic_task_mapping_with_no_taskflow_operators.py
[2025-02-22T22:15:12.145+0000] {processor.py:839} INFO - DAG(s) dict_keys(['example_dynamic_task_mapping_with_no_taskflow_operators']) retrieved from /home/airflow/.local/lib/python3.10/site-packages/airflow/example_dags/example_dynamic_task_mapping_with_no_taskflow_operators.py
[2025-02-22T22:15:12.233+0000] {logging_mixin.py:154} INFO - [2025-02-22T22:15:12.233+0000] {dag.py:2941} INFO - Sync 1 DAGs
[2025-02-22T22:15:12.261+0000] {logging_mixin.py:154} INFO - [2025-02-22T22:15:12.261+0000] {dag.py:3722} INFO - Setting next_dagrun for example_dynamic_task_mapping_with_no_taskflow_operators to 2025-02-21T22:15:12.260739+00:00, run_after=2025-02-22T22:15:12.260739+00:00
[2025-02-22T22:15:12.281+0000] {processor.py:179} INFO - Processing /home/airflow/.local/lib/python3.10/site-packages/airflow/example_dags/example_dynamic_task_mapping_with_no_taskflow_operators.py took 0.157 seconds
[2025-02-22T22:15:42.640+0000] {processor.py:157} INFO - Started process (PID=943) to work on /home/airflow/.local/lib/python3.10/site-packages/airflow/example_dags/example_dynamic_task_mapping_with_no_taskflow_operators.py
[2025-02-22T22:15:42.642+0000] {processor.py:829} INFO - Processing file /home/airflow/.local/lib/python3.10/site-packages/airflow/example_dags/example_dynamic_task_mapping_with_no_taskflow_operators.py for tasks to queue
[2025-02-22T22:15:42.644+0000] {logging_mixin.py:154} INFO - [2025-02-22T22:15:42.643+0000] {dagbag.py:536} INFO - Filling up the DagBag from /home/airflow/.local/lib/python3.10/site-packages/airflow/example_dags/example_dynamic_task_mapping_with_no_taskflow_operators.py
[2025-02-22T22:15:42.652+0000] {processor.py:839} INFO - DAG(s) dict_keys(['example_dynamic_task_mapping_with_no_taskflow_operators']) retrieved from /home/airflow/.local/lib/python3.10/site-packages/airflow/example_dags/example_dynamic_task_mapping_with_no_taskflow_operators.py
[2025-02-22T22:15:42.714+0000] {logging_mixin.py:154} INFO - [2025-02-22T22:15:42.714+0000] {dag.py:2941} INFO - Sync 1 DAGs
[2025-02-22T22:15:42.741+0000] {logging_mixin.py:154} INFO - [2025-02-22T22:15:42.741+0000] {dag.py:3722} INFO - Setting next_dagrun for example_dynamic_task_mapping_with_no_taskflow_operators to 2025-02-21T22:15:42.740707+00:00, run_after=2025-02-22T22:15:42.740707+00:00
[2025-02-22T22:15:42.759+0000] {processor.py:179} INFO - Processing /home/airflow/.local/lib/python3.10/site-packages/airflow/example_dags/example_dynamic_task_mapping_with_no_taskflow_operators.py took 0.121 seconds
[2025-02-22T22:16:13.626+0000] {processor.py:157} INFO - Started process (PID=1011) to work on /home/airflow/.local/lib/python3.10/site-packages/airflow/example_dags/example_dynamic_task_mapping_with_no_taskflow_operators.py
[2025-02-22T22:16:13.629+0000] {processor.py:829} INFO - Processing file /home/airflow/.local/lib/python3.10/site-packages/airflow/example_dags/example_dynamic_task_mapping_with_no_taskflow_operators.py for tasks to queue
[2025-02-22T22:16:13.631+0000] {logging_mixin.py:154} INFO - [2025-02-22T22:16:13.631+0000] {dagbag.py:536} INFO - Filling up the DagBag from /home/airflow/.local/lib/python3.10/site-packages/airflow/example_dags/example_dynamic_task_mapping_with_no_taskflow_operators.py
[2025-02-22T22:16:13.638+0000] {processor.py:839} INFO - DAG(s) dict_keys(['example_dynamic_task_mapping_with_no_taskflow_operators']) retrieved from /home/airflow/.local/lib/python3.10/site-packages/airflow/example_dags/example_dynamic_task_mapping_with_no_taskflow_operators.py
[2025-02-22T22:16:13.708+0000] {logging_mixin.py:154} INFO - [2025-02-22T22:16:13.708+0000] {dag.py:2941} INFO - Sync 1 DAGs
[2025-02-22T22:16:13.740+0000] {logging_mixin.py:154} INFO - [2025-02-22T22:16:13.740+0000] {dag.py:3722} INFO - Setting next_dagrun for example_dynamic_task_mapping_with_no_taskflow_operators to 2025-02-21T22:16:13.739846+00:00, run_after=2025-02-22T22:16:13.739846+00:00
[2025-02-22T22:16:13.760+0000] {processor.py:179} INFO - Processing /home/airflow/.local/lib/python3.10/site-packages/airflow/example_dags/example_dynamic_task_mapping_with_no_taskflow_operators.py took 0.137 seconds
[2025-02-22T22:16:43.930+0000] {processor.py:157} INFO - Started process (PID=1072) to work on /home/airflow/.local/lib/python3.10/site-packages/airflow/example_dags/example_dynamic_task_mapping_with_no_taskflow_operators.py
[2025-02-22T22:16:43.932+0000] {processor.py:829} INFO - Processing file /home/airflow/.local/lib/python3.10/site-packages/airflow/example_dags/example_dynamic_task_mapping_with_no_taskflow_operators.py for tasks to queue
[2025-02-22T22:16:43.933+0000] {logging_mixin.py:154} INFO - [2025-02-22T22:16:43.933+0000] {dagbag.py:536} INFO - Filling up the DagBag from /home/airflow/.local/lib/python3.10/site-packages/airflow/example_dags/example_dynamic_task_mapping_with_no_taskflow_operators.py
[2025-02-22T22:16:43.939+0000] {processor.py:839} INFO - DAG(s) dict_keys(['example_dynamic_task_mapping_with_no_taskflow_operators']) retrieved from /home/airflow/.local/lib/python3.10/site-packages/airflow/example_dags/example_dynamic_task_mapping_with_no_taskflow_operators.py
[2025-02-22T22:16:44.001+0000] {logging_mixin.py:154} INFO - [2025-02-22T22:16:44.000+0000] {dag.py:2941} INFO - Sync 1 DAGs
[2025-02-22T22:16:44.027+0000] {logging_mixin.py:154} INFO - [2025-02-22T22:16:44.026+0000] {dag.py:3722} INFO - Setting next_dagrun for example_dynamic_task_mapping_with_no_taskflow_operators to 2025-02-21T22:16:44.026584+00:00, run_after=2025-02-22T22:16:44.026584+00:00
[2025-02-22T22:16:44.044+0000] {processor.py:179} INFO - Processing /home/airflow/.local/lib/python3.10/site-packages/airflow/example_dags/example_dynamic_task_mapping_with_no_taskflow_operators.py took 0.116 seconds
