[2025-02-22T21:47:17.211+0000] {processor.py:157} INFO - Started process (PID=58) to work on /home/airflow/.local/lib/python3.10/site-packages/airflow/example_dags/tutorial.py
[2025-02-22T21:47:17.212+0000] {processor.py:829} INFO - Processing file /home/airflow/.local/lib/python3.10/site-packages/airflow/example_dags/tutorial.py for tasks to queue
[2025-02-22T21:47:17.214+0000] {logging_mixin.py:154} INFO - [2025-02-22T21:47:17.214+0000] {dagbag.py:536} INFO - Filling up the DagBag from /home/airflow/.local/lib/python3.10/site-packages/airflow/example_dags/tutorial.py
[2025-02-22T21:47:17.224+0000] {processor.py:839} INFO - DAG(s) dict_keys(['tutorial']) retrieved from /home/airflow/.local/lib/python3.10/site-packages/airflow/example_dags/tutorial.py
[2025-02-22T21:47:17.388+0000] {logging_mixin.py:154} INFO - [2025-02-22T21:47:17.388+0000] {manager.py:499} INFO - Created Permission View: %s
[2025-02-22T21:47:17.398+0000] {logging_mixin.py:154} INFO - [2025-02-22T21:47:17.398+0000] {manager.py:499} INFO - Created Permission View: %s
[2025-02-22T21:47:17.402+0000] {logging_mixin.py:154} INFO - [2025-02-22T21:47:17.402+0000] {manager.py:499} INFO - Created Permission View: %s
[2025-02-22T21:47:17.403+0000] {logging_mixin.py:154} INFO - [2025-02-22T21:47:17.403+0000] {dag.py:2941} INFO - Sync 1 DAGs
[2025-02-22T21:47:17.412+0000] {logging_mixin.py:154} INFO - [2025-02-22T21:47:17.412+0000] {dag.py:2963} INFO - Creating ORM DAG for tutorial
[2025-02-22T21:47:17.428+0000] {logging_mixin.py:154} INFO - [2025-02-22T21:47:17.427+0000] {dag.py:3722} INFO - Setting next_dagrun for tutorial to 2025-02-21T21:47:17.427525+00:00, run_after=2025-02-22T21:47:17.427525+00:00
[2025-02-22T21:47:17.442+0000] {processor.py:179} INFO - Processing /home/airflow/.local/lib/python3.10/site-packages/airflow/example_dags/tutorial.py took 0.234 seconds
[2025-02-22T21:48:59.083+0000] {processor.py:157} INFO - Started process (PID=58) to work on /home/airflow/.local/lib/python3.10/site-packages/airflow/example_dags/tutorial.py
[2025-02-22T21:48:59.085+0000] {processor.py:829} INFO - Processing file /home/airflow/.local/lib/python3.10/site-packages/airflow/example_dags/tutorial.py for tasks to queue
[2025-02-22T21:48:59.091+0000] {logging_mixin.py:154} INFO - [2025-02-22T21:48:59.091+0000] {dagbag.py:536} INFO - Filling up the DagBag from /home/airflow/.local/lib/python3.10/site-packages/airflow/example_dags/tutorial.py
[2025-02-22T21:48:59.128+0000] {processor.py:839} INFO - DAG(s) dict_keys(['tutorial']) retrieved from /home/airflow/.local/lib/python3.10/site-packages/airflow/example_dags/tutorial.py
[2025-02-22T21:48:59.198+0000] {logging_mixin.py:154} INFO - [2025-02-22T21:48:59.198+0000] {dag.py:2941} INFO - Sync 1 DAGs
[2025-02-22T21:48:59.242+0000] {logging_mixin.py:154} INFO - [2025-02-22T21:48:59.241+0000] {dag.py:3722} INFO - Setting next_dagrun for tutorial to 2025-02-21T21:48:59.240634+00:00, run_after=2025-02-22T21:48:59.240634+00:00
[2025-02-22T21:48:59.298+0000] {processor.py:179} INFO - Processing /home/airflow/.local/lib/python3.10/site-packages/airflow/example_dags/tutorial.py took 0.220 seconds
[2025-02-22T21:56:49.549+0000] {processor.py:157} INFO - Started process (PID=58) to work on /home/airflow/.local/lib/python3.10/site-packages/airflow/example_dags/tutorial.py
[2025-02-22T21:56:49.551+0000] {processor.py:829} INFO - Processing file /home/airflow/.local/lib/python3.10/site-packages/airflow/example_dags/tutorial.py for tasks to queue
[2025-02-22T21:56:49.555+0000] {logging_mixin.py:154} INFO - [2025-02-22T21:56:49.554+0000] {dagbag.py:536} INFO - Filling up the DagBag from /home/airflow/.local/lib/python3.10/site-packages/airflow/example_dags/tutorial.py
[2025-02-22T21:56:49.571+0000] {processor.py:839} INFO - DAG(s) dict_keys(['tutorial']) retrieved from /home/airflow/.local/lib/python3.10/site-packages/airflow/example_dags/tutorial.py
[2025-02-22T21:56:49.645+0000] {logging_mixin.py:154} INFO - [2025-02-22T21:56:49.645+0000] {dag.py:2941} INFO - Sync 1 DAGs
[2025-02-22T21:56:49.679+0000] {logging_mixin.py:154} INFO - [2025-02-22T21:56:49.678+0000] {dag.py:3722} INFO - Setting next_dagrun for tutorial to 2025-02-21T21:56:49.678396+00:00, run_after=2025-02-22T21:56:49.678396+00:00
[2025-02-22T21:56:49.700+0000] {processor.py:179} INFO - Processing /home/airflow/.local/lib/python3.10/site-packages/airflow/example_dags/tutorial.py took 0.155 seconds
[2025-02-22T21:57:20.383+0000] {processor.py:157} INFO - Started process (PID=126) to work on /home/airflow/.local/lib/python3.10/site-packages/airflow/example_dags/tutorial.py
[2025-02-22T21:57:20.384+0000] {processor.py:829} INFO - Processing file /home/airflow/.local/lib/python3.10/site-packages/airflow/example_dags/tutorial.py for tasks to queue
[2025-02-22T21:57:20.386+0000] {logging_mixin.py:154} INFO - [2025-02-22T21:57:20.386+0000] {dagbag.py:536} INFO - Filling up the DagBag from /home/airflow/.local/lib/python3.10/site-packages/airflow/example_dags/tutorial.py
[2025-02-22T21:57:20.391+0000] {processor.py:839} INFO - DAG(s) dict_keys(['tutorial']) retrieved from /home/airflow/.local/lib/python3.10/site-packages/airflow/example_dags/tutorial.py
[2025-02-22T21:57:20.471+0000] {logging_mixin.py:154} INFO - [2025-02-22T21:57:20.471+0000] {dag.py:2941} INFO - Sync 1 DAGs
[2025-02-22T21:57:20.502+0000] {logging_mixin.py:154} INFO - [2025-02-22T21:57:20.502+0000] {dag.py:3722} INFO - Setting next_dagrun for tutorial to 2025-02-21T21:57:20.501998+00:00, run_after=2025-02-22T21:57:20.501998+00:00
[2025-02-22T21:57:20.527+0000] {processor.py:179} INFO - Processing /home/airflow/.local/lib/python3.10/site-packages/airflow/example_dags/tutorial.py took 0.145 seconds
[2025-02-22T21:59:53.542+0000] {processor.py:157} INFO - Started process (PID=58) to work on /home/airflow/.local/lib/python3.10/site-packages/airflow/example_dags/tutorial.py
[2025-02-22T21:59:53.547+0000] {processor.py:829} INFO - Processing file /home/airflow/.local/lib/python3.10/site-packages/airflow/example_dags/tutorial.py for tasks to queue
[2025-02-22T21:59:53.552+0000] {logging_mixin.py:154} INFO - [2025-02-22T21:59:53.551+0000] {dagbag.py:536} INFO - Filling up the DagBag from /home/airflow/.local/lib/python3.10/site-packages/airflow/example_dags/tutorial.py
[2025-02-22T21:59:53.569+0000] {processor.py:839} INFO - DAG(s) dict_keys(['tutorial']) retrieved from /home/airflow/.local/lib/python3.10/site-packages/airflow/example_dags/tutorial.py
[2025-02-22T21:59:53.675+0000] {logging_mixin.py:154} INFO - [2025-02-22T21:59:53.674+0000] {dag.py:2941} INFO - Sync 1 DAGs
[2025-02-22T21:59:53.737+0000] {logging_mixin.py:154} INFO - [2025-02-22T21:59:53.737+0000] {dag.py:3722} INFO - Setting next_dagrun for tutorial to 2025-02-21T21:59:53.735734+00:00, run_after=2025-02-22T21:59:53.735734+00:00
[2025-02-22T21:59:53.804+0000] {processor.py:179} INFO - Processing /home/airflow/.local/lib/python3.10/site-packages/airflow/example_dags/tutorial.py took 0.271 seconds
[2025-02-22T22:00:24.121+0000] {processor.py:157} INFO - Started process (PID=126) to work on /home/airflow/.local/lib/python3.10/site-packages/airflow/example_dags/tutorial.py
[2025-02-22T22:00:24.122+0000] {processor.py:829} INFO - Processing file /home/airflow/.local/lib/python3.10/site-packages/airflow/example_dags/tutorial.py for tasks to queue
[2025-02-22T22:00:24.123+0000] {logging_mixin.py:154} INFO - [2025-02-22T22:00:24.123+0000] {dagbag.py:536} INFO - Filling up the DagBag from /home/airflow/.local/lib/python3.10/site-packages/airflow/example_dags/tutorial.py
[2025-02-22T22:00:24.129+0000] {processor.py:839} INFO - DAG(s) dict_keys(['tutorial']) retrieved from /home/airflow/.local/lib/python3.10/site-packages/airflow/example_dags/tutorial.py
[2025-02-22T22:00:24.195+0000] {logging_mixin.py:154} INFO - [2025-02-22T22:00:24.195+0000] {dag.py:2941} INFO - Sync 1 DAGs
[2025-02-22T22:00:24.221+0000] {logging_mixin.py:154} INFO - [2025-02-22T22:00:24.221+0000] {dag.py:3722} INFO - Setting next_dagrun for tutorial to 2025-02-21T22:00:24.221364+00:00, run_after=2025-02-22T22:00:24.221364+00:00
[2025-02-22T22:00:24.240+0000] {processor.py:179} INFO - Processing /home/airflow/.local/lib/python3.10/site-packages/airflow/example_dags/tutorial.py took 0.121 seconds
[2025-02-22T22:00:54.289+0000] {processor.py:157} INFO - Started process (PID=187) to work on /home/airflow/.local/lib/python3.10/site-packages/airflow/example_dags/tutorial.py
[2025-02-22T22:00:54.290+0000] {processor.py:829} INFO - Processing file /home/airflow/.local/lib/python3.10/site-packages/airflow/example_dags/tutorial.py for tasks to queue
[2025-02-22T22:00:54.292+0000] {logging_mixin.py:154} INFO - [2025-02-22T22:00:54.291+0000] {dagbag.py:536} INFO - Filling up the DagBag from /home/airflow/.local/lib/python3.10/site-packages/airflow/example_dags/tutorial.py
[2025-02-22T22:00:54.297+0000] {processor.py:839} INFO - DAG(s) dict_keys(['tutorial']) retrieved from /home/airflow/.local/lib/python3.10/site-packages/airflow/example_dags/tutorial.py
[2025-02-22T22:00:54.370+0000] {logging_mixin.py:154} INFO - [2025-02-22T22:00:54.369+0000] {dag.py:2941} INFO - Sync 1 DAGs
[2025-02-22T22:00:54.398+0000] {logging_mixin.py:154} INFO - [2025-02-22T22:00:54.398+0000] {dag.py:3722} INFO - Setting next_dagrun for tutorial to 2025-02-21T22:00:54.397792+00:00, run_after=2025-02-22T22:00:54.397792+00:00
[2025-02-22T22:00:54.432+0000] {processor.py:179} INFO - Processing /home/airflow/.local/lib/python3.10/site-packages/airflow/example_dags/tutorial.py took 0.145 seconds
[2025-02-22T22:01:24.899+0000] {processor.py:157} INFO - Started process (PID=255) to work on /home/airflow/.local/lib/python3.10/site-packages/airflow/example_dags/tutorial.py
[2025-02-22T22:01:24.900+0000] {processor.py:829} INFO - Processing file /home/airflow/.local/lib/python3.10/site-packages/airflow/example_dags/tutorial.py for tasks to queue
[2025-02-22T22:01:24.901+0000] {logging_mixin.py:154} INFO - [2025-02-22T22:01:24.901+0000] {dagbag.py:536} INFO - Filling up the DagBag from /home/airflow/.local/lib/python3.10/site-packages/airflow/example_dags/tutorial.py
[2025-02-22T22:01:24.906+0000] {processor.py:839} INFO - DAG(s) dict_keys(['tutorial']) retrieved from /home/airflow/.local/lib/python3.10/site-packages/airflow/example_dags/tutorial.py
[2025-02-22T22:01:24.972+0000] {logging_mixin.py:154} INFO - [2025-02-22T22:01:24.972+0000] {dag.py:2941} INFO - Sync 1 DAGs
[2025-02-22T22:01:25.002+0000] {logging_mixin.py:154} INFO - [2025-02-22T22:01:25.002+0000] {dag.py:3722} INFO - Setting next_dagrun for tutorial to 2025-02-21T22:01:25.002151+00:00, run_after=2025-02-22T22:01:25.002151+00:00
[2025-02-22T22:01:25.027+0000] {processor.py:179} INFO - Processing /home/airflow/.local/lib/python3.10/site-packages/airflow/example_dags/tutorial.py took 0.131 seconds
[2025-02-22T22:01:55.485+0000] {processor.py:157} INFO - Started process (PID=315) to work on /home/airflow/.local/lib/python3.10/site-packages/airflow/example_dags/tutorial.py
[2025-02-22T22:01:55.486+0000] {processor.py:829} INFO - Processing file /home/airflow/.local/lib/python3.10/site-packages/airflow/example_dags/tutorial.py for tasks to queue
[2025-02-22T22:01:55.487+0000] {logging_mixin.py:154} INFO - [2025-02-22T22:01:55.487+0000] {dagbag.py:536} INFO - Filling up the DagBag from /home/airflow/.local/lib/python3.10/site-packages/airflow/example_dags/tutorial.py
[2025-02-22T22:01:55.493+0000] {processor.py:839} INFO - DAG(s) dict_keys(['tutorial']) retrieved from /home/airflow/.local/lib/python3.10/site-packages/airflow/example_dags/tutorial.py
[2025-02-22T22:01:55.568+0000] {logging_mixin.py:154} INFO - [2025-02-22T22:01:55.568+0000] {dag.py:2941} INFO - Sync 1 DAGs
[2025-02-22T22:01:55.598+0000] {logging_mixin.py:154} INFO - [2025-02-22T22:01:55.598+0000] {dag.py:3722} INFO - Setting next_dagrun for tutorial to 2025-02-21T22:01:55.598057+00:00, run_after=2025-02-22T22:01:55.598057+00:00
[2025-02-22T22:01:55.618+0000] {processor.py:179} INFO - Processing /home/airflow/.local/lib/python3.10/site-packages/airflow/example_dags/tutorial.py took 0.136 seconds
[2025-02-22T22:02:26.309+0000] {processor.py:157} INFO - Started process (PID=382) to work on /home/airflow/.local/lib/python3.10/site-packages/airflow/example_dags/tutorial.py
[2025-02-22T22:02:26.310+0000] {processor.py:829} INFO - Processing file /home/airflow/.local/lib/python3.10/site-packages/airflow/example_dags/tutorial.py for tasks to queue
[2025-02-22T22:02:26.311+0000] {logging_mixin.py:154} INFO - [2025-02-22T22:02:26.311+0000] {dagbag.py:536} INFO - Filling up the DagBag from /home/airflow/.local/lib/python3.10/site-packages/airflow/example_dags/tutorial.py
[2025-02-22T22:02:26.319+0000] {processor.py:839} INFO - DAG(s) dict_keys(['tutorial']) retrieved from /home/airflow/.local/lib/python3.10/site-packages/airflow/example_dags/tutorial.py
[2025-02-22T22:02:26.382+0000] {logging_mixin.py:154} INFO - [2025-02-22T22:02:26.382+0000] {dag.py:2941} INFO - Sync 1 DAGs
[2025-02-22T22:02:26.407+0000] {logging_mixin.py:154} INFO - [2025-02-22T22:02:26.406+0000] {dag.py:3722} INFO - Setting next_dagrun for tutorial to 2025-02-21T22:02:26.406573+00:00, run_after=2025-02-22T22:02:26.406573+00:00
[2025-02-22T22:02:26.424+0000] {processor.py:179} INFO - Processing /home/airflow/.local/lib/python3.10/site-packages/airflow/example_dags/tutorial.py took 0.117 seconds
[2025-02-22T22:02:57.101+0000] {processor.py:157} INFO - Started process (PID=443) to work on /home/airflow/.local/lib/python3.10/site-packages/airflow/example_dags/tutorial.py
[2025-02-22T22:02:57.102+0000] {processor.py:829} INFO - Processing file /home/airflow/.local/lib/python3.10/site-packages/airflow/example_dags/tutorial.py for tasks to queue
[2025-02-22T22:02:57.104+0000] {logging_mixin.py:154} INFO - [2025-02-22T22:02:57.103+0000] {dagbag.py:536} INFO - Filling up the DagBag from /home/airflow/.local/lib/python3.10/site-packages/airflow/example_dags/tutorial.py
[2025-02-22T22:02:57.110+0000] {processor.py:839} INFO - DAG(s) dict_keys(['tutorial']) retrieved from /home/airflow/.local/lib/python3.10/site-packages/airflow/example_dags/tutorial.py
[2025-02-22T22:02:57.187+0000] {logging_mixin.py:154} INFO - [2025-02-22T22:02:57.187+0000] {dag.py:2941} INFO - Sync 1 DAGs
[2025-02-22T22:02:57.224+0000] {logging_mixin.py:154} INFO - [2025-02-22T22:02:57.224+0000] {dag.py:3722} INFO - Setting next_dagrun for tutorial to 2025-02-21T22:02:57.224267+00:00, run_after=2025-02-22T22:02:57.224267+00:00
[2025-02-22T22:02:57.245+0000] {processor.py:179} INFO - Processing /home/airflow/.local/lib/python3.10/site-packages/airflow/example_dags/tutorial.py took 0.147 seconds
[2025-02-22T22:03:42.207+0000] {processor.py:157} INFO - Started process (PID=59) to work on /home/airflow/.local/lib/python3.10/site-packages/airflow/example_dags/tutorial.py
[2025-02-22T22:03:42.211+0000] {processor.py:829} INFO - Processing file /home/airflow/.local/lib/python3.10/site-packages/airflow/example_dags/tutorial.py for tasks to queue
[2025-02-22T22:03:42.213+0000] {logging_mixin.py:154} INFO - [2025-02-22T22:03:42.213+0000] {dagbag.py:536} INFO - Filling up the DagBag from /home/airflow/.local/lib/python3.10/site-packages/airflow/example_dags/tutorial.py
[2025-02-22T22:03:42.224+0000] {processor.py:839} INFO - DAG(s) dict_keys(['tutorial']) retrieved from /home/airflow/.local/lib/python3.10/site-packages/airflow/example_dags/tutorial.py
[2025-02-22T22:03:42.317+0000] {logging_mixin.py:154} INFO - [2025-02-22T22:03:42.317+0000] {dag.py:2941} INFO - Sync 1 DAGs
[2025-02-22T22:03:42.358+0000] {logging_mixin.py:154} INFO - [2025-02-22T22:03:42.357+0000] {dag.py:3722} INFO - Setting next_dagrun for tutorial to 2025-02-21T22:03:42.357559+00:00, run_after=2025-02-22T22:03:42.357559+00:00
[2025-02-22T22:03:42.407+0000] {processor.py:179} INFO - Processing /home/airflow/.local/lib/python3.10/site-packages/airflow/example_dags/tutorial.py took 0.203 seconds
[2025-02-22T22:04:12.647+0000] {processor.py:157} INFO - Started process (PID=127) to work on /home/airflow/.local/lib/python3.10/site-packages/airflow/example_dags/tutorial.py
[2025-02-22T22:04:12.647+0000] {processor.py:829} INFO - Processing file /home/airflow/.local/lib/python3.10/site-packages/airflow/example_dags/tutorial.py for tasks to queue
[2025-02-22T22:04:12.651+0000] {logging_mixin.py:154} INFO - [2025-02-22T22:04:12.650+0000] {dagbag.py:536} INFO - Filling up the DagBag from /home/airflow/.local/lib/python3.10/site-packages/airflow/example_dags/tutorial.py
[2025-02-22T22:04:12.658+0000] {processor.py:839} INFO - DAG(s) dict_keys(['tutorial']) retrieved from /home/airflow/.local/lib/python3.10/site-packages/airflow/example_dags/tutorial.py
[2025-02-22T22:04:12.727+0000] {logging_mixin.py:154} INFO - [2025-02-22T22:04:12.727+0000] {dag.py:2941} INFO - Sync 1 DAGs
[2025-02-22T22:04:12.754+0000] {logging_mixin.py:154} INFO - [2025-02-22T22:04:12.753+0000] {dag.py:3722} INFO - Setting next_dagrun for tutorial to 2025-02-21T22:04:12.753548+00:00, run_after=2025-02-22T22:04:12.753548+00:00
[2025-02-22T22:04:12.775+0000] {processor.py:179} INFO - Processing /home/airflow/.local/lib/python3.10/site-packages/airflow/example_dags/tutorial.py took 0.130 seconds
[2025-02-22T22:04:42.795+0000] {processor.py:157} INFO - Started process (PID=188) to work on /home/airflow/.local/lib/python3.10/site-packages/airflow/example_dags/tutorial.py
[2025-02-22T22:04:42.796+0000] {processor.py:829} INFO - Processing file /home/airflow/.local/lib/python3.10/site-packages/airflow/example_dags/tutorial.py for tasks to queue
[2025-02-22T22:04:42.797+0000] {logging_mixin.py:154} INFO - [2025-02-22T22:04:42.797+0000] {dagbag.py:536} INFO - Filling up the DagBag from /home/airflow/.local/lib/python3.10/site-packages/airflow/example_dags/tutorial.py
[2025-02-22T22:04:42.802+0000] {processor.py:839} INFO - DAG(s) dict_keys(['tutorial']) retrieved from /home/airflow/.local/lib/python3.10/site-packages/airflow/example_dags/tutorial.py
[2025-02-22T22:04:42.866+0000] {logging_mixin.py:154} INFO - [2025-02-22T22:04:42.866+0000] {dag.py:2941} INFO - Sync 1 DAGs
[2025-02-22T22:04:42.891+0000] {logging_mixin.py:154} INFO - [2025-02-22T22:04:42.891+0000] {dag.py:3722} INFO - Setting next_dagrun for tutorial to 2025-02-21T22:04:42.891369+00:00, run_after=2025-02-22T22:04:42.891369+00:00
[2025-02-22T22:04:42.910+0000] {processor.py:179} INFO - Processing /home/airflow/.local/lib/python3.10/site-packages/airflow/example_dags/tutorial.py took 0.117 seconds
[2025-02-22T22:05:13.528+0000] {processor.py:157} INFO - Started process (PID=256) to work on /home/airflow/.local/lib/python3.10/site-packages/airflow/example_dags/tutorial.py
[2025-02-22T22:05:13.530+0000] {processor.py:829} INFO - Processing file /home/airflow/.local/lib/python3.10/site-packages/airflow/example_dags/tutorial.py for tasks to queue
[2025-02-22T22:05:13.532+0000] {logging_mixin.py:154} INFO - [2025-02-22T22:05:13.531+0000] {dagbag.py:536} INFO - Filling up the DagBag from /home/airflow/.local/lib/python3.10/site-packages/airflow/example_dags/tutorial.py
[2025-02-22T22:05:13.538+0000] {processor.py:839} INFO - DAG(s) dict_keys(['tutorial']) retrieved from /home/airflow/.local/lib/python3.10/site-packages/airflow/example_dags/tutorial.py
[2025-02-22T22:05:13.617+0000] {logging_mixin.py:154} INFO - [2025-02-22T22:05:13.616+0000] {dag.py:2941} INFO - Sync 1 DAGs
[2025-02-22T22:05:13.647+0000] {logging_mixin.py:154} INFO - [2025-02-22T22:05:13.647+0000] {dag.py:3722} INFO - Setting next_dagrun for tutorial to 2025-02-21T22:05:13.646976+00:00, run_after=2025-02-22T22:05:13.646976+00:00
[2025-02-22T22:05:13.669+0000] {processor.py:179} INFO - Processing /home/airflow/.local/lib/python3.10/site-packages/airflow/example_dags/tutorial.py took 0.143 seconds
[2025-02-22T22:05:43.969+0000] {processor.py:157} INFO - Started process (PID=317) to work on /home/airflow/.local/lib/python3.10/site-packages/airflow/example_dags/tutorial.py
[2025-02-22T22:05:43.970+0000] {processor.py:829} INFO - Processing file /home/airflow/.local/lib/python3.10/site-packages/airflow/example_dags/tutorial.py for tasks to queue
[2025-02-22T22:05:43.974+0000] {logging_mixin.py:154} INFO - [2025-02-22T22:05:43.974+0000] {dagbag.py:536} INFO - Filling up the DagBag from /home/airflow/.local/lib/python3.10/site-packages/airflow/example_dags/tutorial.py
[2025-02-22T22:05:43.979+0000] {processor.py:839} INFO - DAG(s) dict_keys(['tutorial']) retrieved from /home/airflow/.local/lib/python3.10/site-packages/airflow/example_dags/tutorial.py
[2025-02-22T22:05:44.050+0000] {logging_mixin.py:154} INFO - [2025-02-22T22:05:44.050+0000] {dag.py:2941} INFO - Sync 1 DAGs
[2025-02-22T22:05:44.082+0000] {logging_mixin.py:154} INFO - [2025-02-22T22:05:44.082+0000] {dag.py:3722} INFO - Setting next_dagrun for tutorial to 2025-02-21T22:05:44.082227+00:00, run_after=2025-02-22T22:05:44.082227+00:00
[2025-02-22T22:05:44.107+0000] {processor.py:179} INFO - Processing /home/airflow/.local/lib/python3.10/site-packages/airflow/example_dags/tutorial.py took 0.140 seconds
[2025-02-22T22:06:14.323+0000] {processor.py:157} INFO - Started process (PID=384) to work on /home/airflow/.local/lib/python3.10/site-packages/airflow/example_dags/tutorial.py
[2025-02-22T22:06:14.323+0000] {processor.py:829} INFO - Processing file /home/airflow/.local/lib/python3.10/site-packages/airflow/example_dags/tutorial.py for tasks to queue
[2025-02-22T22:06:14.325+0000] {logging_mixin.py:154} INFO - [2025-02-22T22:06:14.325+0000] {dagbag.py:536} INFO - Filling up the DagBag from /home/airflow/.local/lib/python3.10/site-packages/airflow/example_dags/tutorial.py
[2025-02-22T22:06:14.330+0000] {processor.py:839} INFO - DAG(s) dict_keys(['tutorial']) retrieved from /home/airflow/.local/lib/python3.10/site-packages/airflow/example_dags/tutorial.py
[2025-02-22T22:06:14.398+0000] {logging_mixin.py:154} INFO - [2025-02-22T22:06:14.398+0000] {dag.py:2941} INFO - Sync 1 DAGs
[2025-02-22T22:06:14.430+0000] {logging_mixin.py:154} INFO - [2025-02-22T22:06:14.430+0000] {dag.py:3722} INFO - Setting next_dagrun for tutorial to 2025-02-21T22:06:14.430289+00:00, run_after=2025-02-22T22:06:14.430289+00:00
[2025-02-22T22:06:14.463+0000] {processor.py:179} INFO - Processing /home/airflow/.local/lib/python3.10/site-packages/airflow/example_dags/tutorial.py took 0.143 seconds
[2025-02-22T22:06:44.925+0000] {processor.py:157} INFO - Started process (PID=445) to work on /home/airflow/.local/lib/python3.10/site-packages/airflow/example_dags/tutorial.py
[2025-02-22T22:06:44.926+0000] {processor.py:829} INFO - Processing file /home/airflow/.local/lib/python3.10/site-packages/airflow/example_dags/tutorial.py for tasks to queue
[2025-02-22T22:06:44.929+0000] {logging_mixin.py:154} INFO - [2025-02-22T22:06:44.928+0000] {dagbag.py:536} INFO - Filling up the DagBag from /home/airflow/.local/lib/python3.10/site-packages/airflow/example_dags/tutorial.py
[2025-02-22T22:06:44.936+0000] {processor.py:839} INFO - DAG(s) dict_keys(['tutorial']) retrieved from /home/airflow/.local/lib/python3.10/site-packages/airflow/example_dags/tutorial.py
[2025-02-22T22:06:45.007+0000] {logging_mixin.py:154} INFO - [2025-02-22T22:06:45.006+0000] {dag.py:2941} INFO - Sync 1 DAGs
[2025-02-22T22:06:45.037+0000] {logging_mixin.py:154} INFO - [2025-02-22T22:06:45.037+0000] {dag.py:3722} INFO - Setting next_dagrun for tutorial to 2025-02-21T22:06:45.036842+00:00, run_after=2025-02-22T22:06:45.036842+00:00
[2025-02-22T22:06:45.057+0000] {processor.py:179} INFO - Processing /home/airflow/.local/lib/python3.10/site-packages/airflow/example_dags/tutorial.py took 0.137 seconds
[2025-02-22T22:07:15.460+0000] {processor.py:157} INFO - Started process (PID=513) to work on /home/airflow/.local/lib/python3.10/site-packages/airflow/example_dags/tutorial.py
[2025-02-22T22:07:15.462+0000] {processor.py:829} INFO - Processing file /home/airflow/.local/lib/python3.10/site-packages/airflow/example_dags/tutorial.py for tasks to queue
[2025-02-22T22:07:15.465+0000] {logging_mixin.py:154} INFO - [2025-02-22T22:07:15.464+0000] {dagbag.py:536} INFO - Filling up the DagBag from /home/airflow/.local/lib/python3.10/site-packages/airflow/example_dags/tutorial.py
[2025-02-22T22:07:15.475+0000] {processor.py:839} INFO - DAG(s) dict_keys(['tutorial']) retrieved from /home/airflow/.local/lib/python3.10/site-packages/airflow/example_dags/tutorial.py
[2025-02-22T22:07:15.549+0000] {logging_mixin.py:154} INFO - [2025-02-22T22:07:15.548+0000] {dag.py:2941} INFO - Sync 1 DAGs
[2025-02-22T22:07:15.577+0000] {logging_mixin.py:154} INFO - [2025-02-22T22:07:15.577+0000] {dag.py:3722} INFO - Setting next_dagrun for tutorial to 2025-02-21T22:07:15.577442+00:00, run_after=2025-02-22T22:07:15.577442+00:00
[2025-02-22T22:07:15.599+0000] {processor.py:179} INFO - Processing /home/airflow/.local/lib/python3.10/site-packages/airflow/example_dags/tutorial.py took 0.143 seconds
[2025-02-22T22:07:46.042+0000] {processor.py:157} INFO - Started process (PID=574) to work on /home/airflow/.local/lib/python3.10/site-packages/airflow/example_dags/tutorial.py
[2025-02-22T22:07:46.043+0000] {processor.py:829} INFO - Processing file /home/airflow/.local/lib/python3.10/site-packages/airflow/example_dags/tutorial.py for tasks to queue
[2025-02-22T22:07:46.046+0000] {logging_mixin.py:154} INFO - [2025-02-22T22:07:46.046+0000] {dagbag.py:536} INFO - Filling up the DagBag from /home/airflow/.local/lib/python3.10/site-packages/airflow/example_dags/tutorial.py
[2025-02-22T22:07:46.053+0000] {processor.py:839} INFO - DAG(s) dict_keys(['tutorial']) retrieved from /home/airflow/.local/lib/python3.10/site-packages/airflow/example_dags/tutorial.py
[2025-02-22T22:07:46.128+0000] {logging_mixin.py:154} INFO - [2025-02-22T22:07:46.128+0000] {dag.py:2941} INFO - Sync 1 DAGs
[2025-02-22T22:07:46.158+0000] {logging_mixin.py:154} INFO - [2025-02-22T22:07:46.158+0000] {dag.py:3722} INFO - Setting next_dagrun for tutorial to 2025-02-21T22:07:46.157942+00:00, run_after=2025-02-22T22:07:46.157942+00:00
[2025-02-22T22:07:46.183+0000] {processor.py:179} INFO - Processing /home/airflow/.local/lib/python3.10/site-packages/airflow/example_dags/tutorial.py took 0.143 seconds
[2025-02-22T22:08:37.464+0000] {processor.py:157} INFO - Started process (PID=57) to work on /home/airflow/.local/lib/python3.10/site-packages/airflow/example_dags/tutorial.py
[2025-02-22T22:08:37.469+0000] {processor.py:829} INFO - Processing file /home/airflow/.local/lib/python3.10/site-packages/airflow/example_dags/tutorial.py for tasks to queue
[2025-02-22T22:08:37.474+0000] {logging_mixin.py:154} INFO - [2025-02-22T22:08:37.473+0000] {dagbag.py:536} INFO - Filling up the DagBag from /home/airflow/.local/lib/python3.10/site-packages/airflow/example_dags/tutorial.py
[2025-02-22T22:08:37.493+0000] {processor.py:839} INFO - DAG(s) dict_keys(['tutorial']) retrieved from /home/airflow/.local/lib/python3.10/site-packages/airflow/example_dags/tutorial.py
[2025-02-22T22:08:37.598+0000] {logging_mixin.py:154} INFO - [2025-02-22T22:08:37.598+0000] {dag.py:2941} INFO - Sync 1 DAGs
[2025-02-22T22:08:37.653+0000] {logging_mixin.py:154} INFO - [2025-02-22T22:08:37.653+0000] {dag.py:3722} INFO - Setting next_dagrun for tutorial to 2025-02-21T22:08:37.652830+00:00, run_after=2025-02-22T22:08:37.652830+00:00
[2025-02-22T22:08:37.680+0000] {processor.py:179} INFO - Processing /home/airflow/.local/lib/python3.10/site-packages/airflow/example_dags/tutorial.py took 0.223 seconds
[2025-02-22T22:09:08.500+0000] {processor.py:157} INFO - Started process (PID=125) to work on /home/airflow/.local/lib/python3.10/site-packages/airflow/example_dags/tutorial.py
[2025-02-22T22:09:08.502+0000] {processor.py:829} INFO - Processing file /home/airflow/.local/lib/python3.10/site-packages/airflow/example_dags/tutorial.py for tasks to queue
[2025-02-22T22:09:08.506+0000] {logging_mixin.py:154} INFO - [2025-02-22T22:09:08.506+0000] {dagbag.py:536} INFO - Filling up the DagBag from /home/airflow/.local/lib/python3.10/site-packages/airflow/example_dags/tutorial.py
[2025-02-22T22:09:08.517+0000] {processor.py:839} INFO - DAG(s) dict_keys(['tutorial']) retrieved from /home/airflow/.local/lib/python3.10/site-packages/airflow/example_dags/tutorial.py
[2025-02-22T22:09:08.591+0000] {logging_mixin.py:154} INFO - [2025-02-22T22:09:08.591+0000] {dag.py:2941} INFO - Sync 1 DAGs
[2025-02-22T22:09:08.618+0000] {logging_mixin.py:154} INFO - [2025-02-22T22:09:08.618+0000] {dag.py:3722} INFO - Setting next_dagrun for tutorial to 2025-02-21T22:09:08.617630+00:00, run_after=2025-02-22T22:09:08.617630+00:00
[2025-02-22T22:09:08.652+0000] {processor.py:179} INFO - Processing /home/airflow/.local/lib/python3.10/site-packages/airflow/example_dags/tutorial.py took 0.155 seconds
[2025-02-22T22:09:38.779+0000] {processor.py:157} INFO - Started process (PID=184) to work on /home/airflow/.local/lib/python3.10/site-packages/airflow/example_dags/tutorial.py
[2025-02-22T22:09:38.781+0000] {processor.py:829} INFO - Processing file /home/airflow/.local/lib/python3.10/site-packages/airflow/example_dags/tutorial.py for tasks to queue
[2025-02-22T22:09:38.784+0000] {logging_mixin.py:154} INFO - [2025-02-22T22:09:38.784+0000] {dagbag.py:536} INFO - Filling up the DagBag from /home/airflow/.local/lib/python3.10/site-packages/airflow/example_dags/tutorial.py
[2025-02-22T22:09:38.794+0000] {processor.py:839} INFO - DAG(s) dict_keys(['tutorial']) retrieved from /home/airflow/.local/lib/python3.10/site-packages/airflow/example_dags/tutorial.py
[2025-02-22T22:09:38.869+0000] {logging_mixin.py:154} INFO - [2025-02-22T22:09:38.869+0000] {dag.py:2941} INFO - Sync 1 DAGs
[2025-02-22T22:09:38.902+0000] {logging_mixin.py:154} INFO - [2025-02-22T22:09:38.901+0000] {dag.py:3722} INFO - Setting next_dagrun for tutorial to 2025-02-21T22:09:38.901460+00:00, run_after=2025-02-22T22:09:38.901460+00:00
[2025-02-22T22:09:38.930+0000] {processor.py:179} INFO - Processing /home/airflow/.local/lib/python3.10/site-packages/airflow/example_dags/tutorial.py took 0.156 seconds
[2025-02-22T22:10:09.064+0000] {processor.py:157} INFO - Started process (PID=252) to work on /home/airflow/.local/lib/python3.10/site-packages/airflow/example_dags/tutorial.py
[2025-02-22T22:10:09.065+0000] {processor.py:829} INFO - Processing file /home/airflow/.local/lib/python3.10/site-packages/airflow/example_dags/tutorial.py for tasks to queue
[2025-02-22T22:10:09.067+0000] {logging_mixin.py:154} INFO - [2025-02-22T22:10:09.067+0000] {dagbag.py:536} INFO - Filling up the DagBag from /home/airflow/.local/lib/python3.10/site-packages/airflow/example_dags/tutorial.py
[2025-02-22T22:10:09.074+0000] {processor.py:839} INFO - DAG(s) dict_keys(['tutorial']) retrieved from /home/airflow/.local/lib/python3.10/site-packages/airflow/example_dags/tutorial.py
[2025-02-22T22:10:09.138+0000] {logging_mixin.py:154} INFO - [2025-02-22T22:10:09.138+0000] {dag.py:2941} INFO - Sync 1 DAGs
[2025-02-22T22:10:09.163+0000] {logging_mixin.py:154} INFO - [2025-02-22T22:10:09.162+0000] {dag.py:3722} INFO - Setting next_dagrun for tutorial to 2025-02-21T22:10:09.162622+00:00, run_after=2025-02-22T22:10:09.162622+00:00
[2025-02-22T22:10:09.181+0000] {processor.py:179} INFO - Processing /home/airflow/.local/lib/python3.10/site-packages/airflow/example_dags/tutorial.py took 0.118 seconds
[2025-02-22T22:10:39.249+0000] {processor.py:157} INFO - Started process (PID=313) to work on /home/airflow/.local/lib/python3.10/site-packages/airflow/example_dags/tutorial.py
[2025-02-22T22:10:39.250+0000] {processor.py:829} INFO - Processing file /home/airflow/.local/lib/python3.10/site-packages/airflow/example_dags/tutorial.py for tasks to queue
[2025-02-22T22:10:39.252+0000] {logging_mixin.py:154} INFO - [2025-02-22T22:10:39.251+0000] {dagbag.py:536} INFO - Filling up the DagBag from /home/airflow/.local/lib/python3.10/site-packages/airflow/example_dags/tutorial.py
[2025-02-22T22:10:39.257+0000] {processor.py:839} INFO - DAG(s) dict_keys(['tutorial']) retrieved from /home/airflow/.local/lib/python3.10/site-packages/airflow/example_dags/tutorial.py
[2025-02-22T22:10:39.317+0000] {logging_mixin.py:154} INFO - [2025-02-22T22:10:39.317+0000] {dag.py:2941} INFO - Sync 1 DAGs
[2025-02-22T22:10:39.342+0000] {logging_mixin.py:154} INFO - [2025-02-22T22:10:39.342+0000] {dag.py:3722} INFO - Setting next_dagrun for tutorial to 2025-02-21T22:10:39.341902+00:00, run_after=2025-02-22T22:10:39.341902+00:00
[2025-02-22T22:10:39.359+0000] {processor.py:179} INFO - Processing /home/airflow/.local/lib/python3.10/site-packages/airflow/example_dags/tutorial.py took 0.111 seconds
[2025-02-22T22:11:09.905+0000] {processor.py:157} INFO - Started process (PID=379) to work on /home/airflow/.local/lib/python3.10/site-packages/airflow/example_dags/tutorial.py
[2025-02-22T22:11:09.906+0000] {processor.py:829} INFO - Processing file /home/airflow/.local/lib/python3.10/site-packages/airflow/example_dags/tutorial.py for tasks to queue
[2025-02-22T22:11:09.908+0000] {logging_mixin.py:154} INFO - [2025-02-22T22:11:09.907+0000] {dagbag.py:536} INFO - Filling up the DagBag from /home/airflow/.local/lib/python3.10/site-packages/airflow/example_dags/tutorial.py
[2025-02-22T22:11:09.913+0000] {processor.py:839} INFO - DAG(s) dict_keys(['tutorial']) retrieved from /home/airflow/.local/lib/python3.10/site-packages/airflow/example_dags/tutorial.py
[2025-02-22T22:11:09.979+0000] {logging_mixin.py:154} INFO - [2025-02-22T22:11:09.979+0000] {dag.py:2941} INFO - Sync 1 DAGs
[2025-02-22T22:11:10.004+0000] {logging_mixin.py:154} INFO - [2025-02-22T22:11:10.004+0000] {dag.py:3722} INFO - Setting next_dagrun for tutorial to 2025-02-21T22:11:10.003833+00:00, run_after=2025-02-22T22:11:10.003833+00:00
[2025-02-22T22:11:10.022+0000] {processor.py:179} INFO - Processing /home/airflow/.local/lib/python3.10/site-packages/airflow/example_dags/tutorial.py took 0.119 seconds
[2025-02-22T22:11:40.470+0000] {processor.py:157} INFO - Started process (PID=440) to work on /home/airflow/.local/lib/python3.10/site-packages/airflow/example_dags/tutorial.py
[2025-02-22T22:11:40.472+0000] {processor.py:829} INFO - Processing file /home/airflow/.local/lib/python3.10/site-packages/airflow/example_dags/tutorial.py for tasks to queue
[2025-02-22T22:11:40.474+0000] {logging_mixin.py:154} INFO - [2025-02-22T22:11:40.474+0000] {dagbag.py:536} INFO - Filling up the DagBag from /home/airflow/.local/lib/python3.10/site-packages/airflow/example_dags/tutorial.py
[2025-02-22T22:11:40.481+0000] {processor.py:839} INFO - DAG(s) dict_keys(['tutorial']) retrieved from /home/airflow/.local/lib/python3.10/site-packages/airflow/example_dags/tutorial.py
[2025-02-22T22:11:40.549+0000] {logging_mixin.py:154} INFO - [2025-02-22T22:11:40.549+0000] {dag.py:2941} INFO - Sync 1 DAGs
[2025-02-22T22:11:40.575+0000] {logging_mixin.py:154} INFO - [2025-02-22T22:11:40.575+0000] {dag.py:3722} INFO - Setting next_dagrun for tutorial to 2025-02-21T22:11:40.575384+00:00, run_after=2025-02-22T22:11:40.575384+00:00
[2025-02-22T22:11:40.595+0000] {processor.py:179} INFO - Processing /home/airflow/.local/lib/python3.10/site-packages/airflow/example_dags/tutorial.py took 0.128 seconds
[2025-02-22T22:12:11.214+0000] {processor.py:157} INFO - Started process (PID=508) to work on /home/airflow/.local/lib/python3.10/site-packages/airflow/example_dags/tutorial.py
[2025-02-22T22:12:11.215+0000] {processor.py:829} INFO - Processing file /home/airflow/.local/lib/python3.10/site-packages/airflow/example_dags/tutorial.py for tasks to queue
[2025-02-22T22:12:11.217+0000] {logging_mixin.py:154} INFO - [2025-02-22T22:12:11.216+0000] {dagbag.py:536} INFO - Filling up the DagBag from /home/airflow/.local/lib/python3.10/site-packages/airflow/example_dags/tutorial.py
[2025-02-22T22:12:11.223+0000] {processor.py:839} INFO - DAG(s) dict_keys(['tutorial']) retrieved from /home/airflow/.local/lib/python3.10/site-packages/airflow/example_dags/tutorial.py
[2025-02-22T22:12:11.301+0000] {logging_mixin.py:154} INFO - [2025-02-22T22:12:11.301+0000] {dag.py:2941} INFO - Sync 1 DAGs
[2025-02-22T22:12:11.393+0000] {logging_mixin.py:154} INFO - [2025-02-22T22:12:11.392+0000] {dag.py:3722} INFO - Setting next_dagrun for tutorial to 2025-02-21T22:12:11.392172+00:00, run_after=2025-02-22T22:12:11.392172+00:00
[2025-02-22T22:12:11.456+0000] {processor.py:179} INFO - Processing /home/airflow/.local/lib/python3.10/site-packages/airflow/example_dags/tutorial.py took 0.246 seconds
[2025-02-22T22:12:42.026+0000] {processor.py:157} INFO - Started process (PID=569) to work on /home/airflow/.local/lib/python3.10/site-packages/airflow/example_dags/tutorial.py
[2025-02-22T22:12:42.028+0000] {processor.py:829} INFO - Processing file /home/airflow/.local/lib/python3.10/site-packages/airflow/example_dags/tutorial.py for tasks to queue
[2025-02-22T22:12:42.029+0000] {logging_mixin.py:154} INFO - [2025-02-22T22:12:42.029+0000] {dagbag.py:536} INFO - Filling up the DagBag from /home/airflow/.local/lib/python3.10/site-packages/airflow/example_dags/tutorial.py
[2025-02-22T22:12:42.036+0000] {processor.py:839} INFO - DAG(s) dict_keys(['tutorial']) retrieved from /home/airflow/.local/lib/python3.10/site-packages/airflow/example_dags/tutorial.py
[2025-02-22T22:12:42.118+0000] {logging_mixin.py:154} INFO - [2025-02-22T22:12:42.118+0000] {dag.py:2941} INFO - Sync 1 DAGs
[2025-02-22T22:12:42.154+0000] {logging_mixin.py:154} INFO - [2025-02-22T22:12:42.154+0000] {dag.py:3722} INFO - Setting next_dagrun for tutorial to 2025-02-21T22:12:42.154152+00:00, run_after=2025-02-22T22:12:42.154152+00:00
[2025-02-22T22:12:42.175+0000] {processor.py:179} INFO - Processing /home/airflow/.local/lib/python3.10/site-packages/airflow/example_dags/tutorial.py took 0.151 seconds
[2025-02-22T22:13:13.364+0000] {processor.py:157} INFO - Started process (PID=637) to work on /home/airflow/.local/lib/python3.10/site-packages/airflow/example_dags/tutorial.py
[2025-02-22T22:13:13.366+0000] {processor.py:829} INFO - Processing file /home/airflow/.local/lib/python3.10/site-packages/airflow/example_dags/tutorial.py for tasks to queue
[2025-02-22T22:13:13.368+0000] {logging_mixin.py:154} INFO - [2025-02-22T22:13:13.367+0000] {dagbag.py:536} INFO - Filling up the DagBag from /home/airflow/.local/lib/python3.10/site-packages/airflow/example_dags/tutorial.py
[2025-02-22T22:13:13.375+0000] {processor.py:839} INFO - DAG(s) dict_keys(['tutorial']) retrieved from /home/airflow/.local/lib/python3.10/site-packages/airflow/example_dags/tutorial.py
[2025-02-22T22:13:13.633+0000] {logging_mixin.py:154} INFO - [2025-02-22T22:13:13.632+0000] {dag.py:2941} INFO - Sync 1 DAGs
[2025-02-22T22:13:13.735+0000] {logging_mixin.py:154} INFO - [2025-02-22T22:13:13.735+0000] {dag.py:3722} INFO - Setting next_dagrun for tutorial to 2025-02-21T22:13:13.734511+00:00, run_after=2025-02-22T22:13:13.734511+00:00
[2025-02-22T22:13:13.778+0000] {processor.py:179} INFO - Processing /home/airflow/.local/lib/python3.10/site-packages/airflow/example_dags/tutorial.py took 0.418 seconds
[2025-02-22T22:13:43.797+0000] {processor.py:157} INFO - Started process (PID=697) to work on /home/airflow/.local/lib/python3.10/site-packages/airflow/example_dags/tutorial.py
[2025-02-22T22:13:43.797+0000] {processor.py:829} INFO - Processing file /home/airflow/.local/lib/python3.10/site-packages/airflow/example_dags/tutorial.py for tasks to queue
[2025-02-22T22:13:43.799+0000] {logging_mixin.py:154} INFO - [2025-02-22T22:13:43.798+0000] {dagbag.py:536} INFO - Filling up the DagBag from /home/airflow/.local/lib/python3.10/site-packages/airflow/example_dags/tutorial.py
[2025-02-22T22:13:43.804+0000] {processor.py:839} INFO - DAG(s) dict_keys(['tutorial']) retrieved from /home/airflow/.local/lib/python3.10/site-packages/airflow/example_dags/tutorial.py
[2025-02-22T22:13:43.867+0000] {logging_mixin.py:154} INFO - [2025-02-22T22:13:43.867+0000] {dag.py:2941} INFO - Sync 1 DAGs
[2025-02-22T22:13:43.901+0000] {logging_mixin.py:154} INFO - [2025-02-22T22:13:43.901+0000] {dag.py:3722} INFO - Setting next_dagrun for tutorial to 2025-02-21T22:13:43.901206+00:00, run_after=2025-02-22T22:13:43.901206+00:00
[2025-02-22T22:13:43.924+0000] {processor.py:179} INFO - Processing /home/airflow/.local/lib/python3.10/site-packages/airflow/example_dags/tutorial.py took 0.129 seconds
[2025-02-22T22:14:14.368+0000] {processor.py:157} INFO - Started process (PID=766) to work on /home/airflow/.local/lib/python3.10/site-packages/airflow/example_dags/tutorial.py
[2025-02-22T22:14:14.370+0000] {processor.py:829} INFO - Processing file /home/airflow/.local/lib/python3.10/site-packages/airflow/example_dags/tutorial.py for tasks to queue
[2025-02-22T22:14:14.371+0000] {logging_mixin.py:154} INFO - [2025-02-22T22:14:14.371+0000] {dagbag.py:536} INFO - Filling up the DagBag from /home/airflow/.local/lib/python3.10/site-packages/airflow/example_dags/tutorial.py
[2025-02-22T22:14:14.377+0000] {processor.py:839} INFO - DAG(s) dict_keys(['tutorial']) retrieved from /home/airflow/.local/lib/python3.10/site-packages/airflow/example_dags/tutorial.py
[2025-02-22T22:14:14.447+0000] {logging_mixin.py:154} INFO - [2025-02-22T22:14:14.447+0000] {dag.py:2941} INFO - Sync 1 DAGs
[2025-02-22T22:14:14.483+0000] {logging_mixin.py:154} INFO - [2025-02-22T22:14:14.483+0000] {dag.py:3722} INFO - Setting next_dagrun for tutorial to 2025-02-21T22:14:14.482674+00:00, run_after=2025-02-22T22:14:14.482674+00:00
[2025-02-22T22:14:14.517+0000] {processor.py:179} INFO - Processing /home/airflow/.local/lib/python3.10/site-packages/airflow/example_dags/tutorial.py took 0.151 seconds
[2025-02-22T22:14:45.084+0000] {processor.py:157} INFO - Started process (PID=834) to work on /home/airflow/.local/lib/python3.10/site-packages/airflow/example_dags/tutorial.py
[2025-02-22T22:14:45.086+0000] {processor.py:829} INFO - Processing file /home/airflow/.local/lib/python3.10/site-packages/airflow/example_dags/tutorial.py for tasks to queue
[2025-02-22T22:14:45.087+0000] {logging_mixin.py:154} INFO - [2025-02-22T22:14:45.087+0000] {dagbag.py:536} INFO - Filling up the DagBag from /home/airflow/.local/lib/python3.10/site-packages/airflow/example_dags/tutorial.py
[2025-02-22T22:14:45.093+0000] {processor.py:839} INFO - DAG(s) dict_keys(['tutorial']) retrieved from /home/airflow/.local/lib/python3.10/site-packages/airflow/example_dags/tutorial.py
[2025-02-22T22:14:45.162+0000] {logging_mixin.py:154} INFO - [2025-02-22T22:14:45.162+0000] {dag.py:2941} INFO - Sync 1 DAGs
[2025-02-22T22:14:45.189+0000] {logging_mixin.py:154} INFO - [2025-02-22T22:14:45.189+0000] {dag.py:3722} INFO - Setting next_dagrun for tutorial to 2025-02-21T22:14:45.189085+00:00, run_after=2025-02-22T22:14:45.189085+00:00
[2025-02-22T22:14:45.210+0000] {processor.py:179} INFO - Processing /home/airflow/.local/lib/python3.10/site-packages/airflow/example_dags/tutorial.py took 0.129 seconds
[2025-02-22T22:15:16.440+0000] {processor.py:157} INFO - Started process (PID=895) to work on /home/airflow/.local/lib/python3.10/site-packages/airflow/example_dags/tutorial.py
[2025-02-22T22:15:16.444+0000] {processor.py:829} INFO - Processing file /home/airflow/.local/lib/python3.10/site-packages/airflow/example_dags/tutorial.py for tasks to queue
[2025-02-22T22:15:16.446+0000] {logging_mixin.py:154} INFO - [2025-02-22T22:15:16.445+0000] {dagbag.py:536} INFO - Filling up the DagBag from /home/airflow/.local/lib/python3.10/site-packages/airflow/example_dags/tutorial.py
[2025-02-22T22:15:16.453+0000] {processor.py:839} INFO - DAG(s) dict_keys(['tutorial']) retrieved from /home/airflow/.local/lib/python3.10/site-packages/airflow/example_dags/tutorial.py
[2025-02-22T22:15:16.524+0000] {logging_mixin.py:154} INFO - [2025-02-22T22:15:16.523+0000] {dag.py:2941} INFO - Sync 1 DAGs
[2025-02-22T22:15:16.553+0000] {logging_mixin.py:154} INFO - [2025-02-22T22:15:16.552+0000] {dag.py:3722} INFO - Setting next_dagrun for tutorial to 2025-02-21T22:15:16.552437+00:00, run_after=2025-02-22T22:15:16.552437+00:00
[2025-02-22T22:15:16.571+0000] {processor.py:179} INFO - Processing /home/airflow/.local/lib/python3.10/site-packages/airflow/example_dags/tutorial.py took 0.133 seconds
[2025-02-22T22:15:46.762+0000] {processor.py:157} INFO - Started process (PID=963) to work on /home/airflow/.local/lib/python3.10/site-packages/airflow/example_dags/tutorial.py
[2025-02-22T22:15:46.767+0000] {processor.py:829} INFO - Processing file /home/airflow/.local/lib/python3.10/site-packages/airflow/example_dags/tutorial.py for tasks to queue
[2025-02-22T22:15:46.769+0000] {logging_mixin.py:154} INFO - [2025-02-22T22:15:46.769+0000] {dagbag.py:536} INFO - Filling up the DagBag from /home/airflow/.local/lib/python3.10/site-packages/airflow/example_dags/tutorial.py
[2025-02-22T22:15:46.780+0000] {processor.py:839} INFO - DAG(s) dict_keys(['tutorial']) retrieved from /home/airflow/.local/lib/python3.10/site-packages/airflow/example_dags/tutorial.py
[2025-02-22T22:15:46.866+0000] {logging_mixin.py:154} INFO - [2025-02-22T22:15:46.865+0000] {dag.py:2941} INFO - Sync 1 DAGs
[2025-02-22T22:15:46.908+0000] {logging_mixin.py:154} INFO - [2025-02-22T22:15:46.907+0000] {dag.py:3722} INFO - Setting next_dagrun for tutorial to 2025-02-21T22:15:46.907050+00:00, run_after=2025-02-22T22:15:46.907050+00:00
[2025-02-22T22:15:46.943+0000] {processor.py:179} INFO - Processing /home/airflow/.local/lib/python3.10/site-packages/airflow/example_dags/tutorial.py took 0.185 seconds
[2025-02-22T22:16:17.939+0000] {processor.py:157} INFO - Started process (PID=1024) to work on /home/airflow/.local/lib/python3.10/site-packages/airflow/example_dags/tutorial.py
[2025-02-22T22:16:17.940+0000] {processor.py:829} INFO - Processing file /home/airflow/.local/lib/python3.10/site-packages/airflow/example_dags/tutorial.py for tasks to queue
[2025-02-22T22:16:17.942+0000] {logging_mixin.py:154} INFO - [2025-02-22T22:16:17.941+0000] {dagbag.py:536} INFO - Filling up the DagBag from /home/airflow/.local/lib/python3.10/site-packages/airflow/example_dags/tutorial.py
[2025-02-22T22:16:17.948+0000] {processor.py:839} INFO - DAG(s) dict_keys(['tutorial']) retrieved from /home/airflow/.local/lib/python3.10/site-packages/airflow/example_dags/tutorial.py
[2025-02-22T22:16:18.024+0000] {logging_mixin.py:154} INFO - [2025-02-22T22:16:18.024+0000] {dag.py:2941} INFO - Sync 1 DAGs
[2025-02-22T22:16:18.053+0000] {logging_mixin.py:154} INFO - [2025-02-22T22:16:18.053+0000] {dag.py:3722} INFO - Setting next_dagrun for tutorial to 2025-02-21T22:16:18.053358+00:00, run_after=2025-02-22T22:16:18.053358+00:00
[2025-02-22T22:16:18.073+0000] {processor.py:179} INFO - Processing /home/airflow/.local/lib/python3.10/site-packages/airflow/example_dags/tutorial.py took 0.137 seconds
[2025-02-22T22:16:48.592+0000] {processor.py:157} INFO - Started process (PID=1092) to work on /home/airflow/.local/lib/python3.10/site-packages/airflow/example_dags/tutorial.py
[2025-02-22T22:16:48.594+0000] {processor.py:829} INFO - Processing file /home/airflow/.local/lib/python3.10/site-packages/airflow/example_dags/tutorial.py for tasks to queue
[2025-02-22T22:16:48.596+0000] {logging_mixin.py:154} INFO - [2025-02-22T22:16:48.595+0000] {dagbag.py:536} INFO - Filling up the DagBag from /home/airflow/.local/lib/python3.10/site-packages/airflow/example_dags/tutorial.py
[2025-02-22T22:16:48.604+0000] {processor.py:839} INFO - DAG(s) dict_keys(['tutorial']) retrieved from /home/airflow/.local/lib/python3.10/site-packages/airflow/example_dags/tutorial.py
[2025-02-22T22:16:48.677+0000] {logging_mixin.py:154} INFO - [2025-02-22T22:16:48.677+0000] {dag.py:2941} INFO - Sync 1 DAGs
[2025-02-22T22:16:48.703+0000] {logging_mixin.py:154} INFO - [2025-02-22T22:16:48.703+0000] {dag.py:3722} INFO - Setting next_dagrun for tutorial to 2025-02-21T22:16:48.703373+00:00, run_after=2025-02-22T22:16:48.703373+00:00
[2025-02-22T22:16:48.722+0000] {processor.py:179} INFO - Processing /home/airflow/.local/lib/python3.10/site-packages/airflow/example_dags/tutorial.py took 0.132 seconds
